FullSentence	Sentence	TargetWords	Surprisal	NumTokens
In polluted cities, you can barely breathe the air	In polluted cities, you can barely breathe the air	 air	0.6756285792201331	1
The factory built expensive machines to filter the air	The factory built expensive machines to filter the air	 air	2.6078870108842462	1
They suspected there was something wrong with the air	They suspected there was something wrong with the air	 air	5.332883051432945	1
The soldier decided to quit the army	The soldier decided to quit the army	 army	1.464874055959631	1
George chose not to join the army	George chose not to join the army	 army	4.984746998216772	1
The students were learning about the army	The students were learning about the army	 army	9.867031531125884	1
My sister enjoys poetry, painting, and other forms of art	My sister enjoys poetry, painting, and other forms of art	 art	0.9641036514501604	1
Even though she's blind, she appreciates many types of art	Even though she's blind, she appreciates many types of art	 art	2.3310890299983758	1
They hired the consultant because of her knowledge of art	They hired the consultant because of her knowledge of art	 art	7.032326701938361	1
They stored all of the Halloween decorations up in the attic	They stored all of the Halloween decorations up in the attic	 attic	1.0285364801588006	1
There were a lot of old clothes stored in the attic	There were a lot of old clothes stored in the attic	 attic	1.8577686920360263	1
The accountant put all of the old documents in the attic	The accountant put all of the old documents in the attic	 attic	4.838052034539964	1
The lumberjack chopped down the tree with his axe	The lumberjack chopped down the tree with his axe	 axe	0.5066653393494528	1
The man walked into the forest carrying his axe	The man walked into the forest carrying his axe	 axe	5.389735996618946	1
My father scared away the burglars with his axe	My father scared away the burglars with his axe	 axe	6.618913575867325	1
The girl bought a pink tutu because she wanted to learn ballet	The girl bought a pink tutu because she wanted to learn ballet	 ballet	4.851561322324563	1
The girl had never danced before, but she wanted to learn ballet	The girl had never danced before, but she wanted to learn ballet	 ballet	7.7301081506608496	1
The girl was extremely excited that she was going to learn ballet	The girl was extremely excited that she was going to learn ballet	 ballet	6.044922973582469	1
The man used the helium to inflate the red balloon	The man used the helium to inflate the red balloon	 balloon	0.5034330127718892	1
It was her birthday, so he bought the red balloon	It was her birthday, so he bought the red balloon	 balloon	4.1651667453079035	1
The woman at the store was buying the red balloon	The woman at the store was buying the red balloon	 balloon	6.427996898809108	1
The hungry monkey was trying to peel the banana	The hungry monkey was trying to peel the banana	 banana	3.069130307715961	1
Because of fruit flies, he threw away the banana	Because of fruit flies, he threw away the banana	 banana	7.1315615149759015	1
My picky younger brother refused to eat the banana	My picky younger brother refused to eat the banana	 banana	5.763868682911746	1
Jenna loved playing the guitar, so she decided to join the band	Jenna loved playing the guitar, so she decided to join the band	 band	1.1367927870913501	1
On her eighteenth birthday her parents got her tickets see the band	On her eighteenth birthday her parents got her tickets see the band	 band	5.454165774142677	1
After several rounds of auditions, she never heard back from the band	After several rounds of auditions, she never heard back from the band	 band	4.627505384216102	1
The neighborhood dog always kept her awake by barking	The neighborhood dog always kept her awake by barking	 barking	1.9630107294871608	2
Our pets sometimes ask us for treats by barking	Our pets sometimes ask us for treats by barking	 barking	8.118206093397998	2
They knew that Harry kept her awake by barking	They knew that Harry kept her awake by barking	 barking	8.445104974350983	2
Instead of a shower, she decided to take a bath	Instead of a shower, she decided to take a bath	 bath	1.2545467423008687	1
To relax after work, Bill decided to take a bath	To relax after work, Bill decided to take a bath	 bath	4.751613673876307	1
That weekend, their interior decorator helped them install a bath	That weekend, their interior decorator helped them install a bath	 bath	7.707758317059952	1
My son saw the bird pecking at the soil using its beak	My son saw the bird pecking at the soil using its beak	 beak	0.6083203033652923	2
The bald eagle was trying to attack the hunters using its beak	The bald eagle was trying to attack the hunters using its beak	 beak	3.568782468887758	2
The animal in the zoo enclosure was trying to clean its beak	The animal in the zoo enclosure was trying to clean its beak	 beak	6.057416324562433	2
I asked the maid to change the sheets on the bed	I asked the maid to change the sheets on the bed	 bed	0.41542768251499496	1
The chief of police found the suicide note on the bed	The chief of police found the suicide note on the bed	 bed	4.199956050343293	1
There was a large pile of dirty towels on the bed	There was a large pile of dirty towels on the bed	 bed	3.387335329367456	1
The honey was produced by a hive of bees	The honey was produced by a hive of bees	 bees	0.7555403643657742	1
She is deathly allergic to those types of bees	She is deathly allergic to those types of bees	 bees	5.220112515551348	1
The people outside were avoiding the group of bees	The people outside were avoiding the group of bees	 bees	9.406057472073616	1
To wash your clothes whiter, you should add a little bleach	To wash your clothes whiter, you should add a little bleach	 bleach	2.817459895995418	2
To kill all the bacteria, you should add a little bleach	To kill all the bacteria, you should add a little bleach	 bleach	3.940130059228231	2
To prepare the next sample, you should add a little bleach	To prepare the next sample, you should add a little bleach	 bleach	7.004280059647131	2
The murderer's knife and clothes were covered in blood	The murderer's knife and clothes were covered in blood	 blood	0.35960524403235944	1
The cafeteria in the prison was covered in blood	The cafeteria in the prison was covered in blood	 blood	3.873714425437548	1
The woman's counter and refrigerator were covered in blood	The woman's counter and refrigerator were covered in blood	 blood	1.4914524236956692	1
My favorite part of Spring is when the flowers begin to bloom	My favorite part of Spring is when the flowers begin to bloom	 bloom	0.3896031996867179	1
The weather's been so nice that the plants have started to bloom	The weather's been so nice that the plants have started to bloom	 bloom	1.8704683654851209	1
We started watering the yard because the plants had begun to bloom	We started watering the yard because the plants had begun to bloom	 bloom	4.392672198322072	1
Following his orders, the terrorist threatened to drop the bomb	Following his orders, the terrorist threatened to drop the bomb	 bomb	1.5204165483376315	1
To destroy the building, they decided to use the bomb	To destroy the building, they decided to use the bomb	 bomb	5.120593133541951	1
Jonathan was shocked that they decided to use the bomb	Jonathan was shocked that they decided to use the bomb	 bomb	7.937173511236992	1
The author signed a copy of her new book	The author signed a copy of her new book	 book	0.2136879749219403	1
The unsuccessful student went to buy a new book	The unsuccessful student went to buy a new book	 book	3.658917047817705	1
The landlord who lived downstairs bought a new book	The landlord who lived downstairs bought a new book	 book	7.26107258930888	1
The immigrant left Mexico and tried to cross the border	The immigrant left Mexico and tried to cross the border	 border	0.6625569869057667	1
There were lots of intimidating guards stationed at the border	There were lots of intimidating guards stationed at the border	 border	6.393276009927412	1
The kids were scared about trying to cross the border	The kids were scared about trying to cross the border	 border	2.2771177787107515	1
Because the work was repetitive, he thought it was boring	Because the work was repetitive, he thought it was boring	 boring	5.841911000220902	1
He visited the museum, and he thought it was boring	He visited the museum, and he thought it was boring	 boring	6.1905467237739655	1
He visited the catacombs, and he thought it was boring	He visited the catacombs, and he thought it was boring	 boring	6.936706257396973	1
The archer pulled back the string of his bow	The archer pulled back the string of his bow	 bow	0.2586568993880368	1
While facing the target, he picked up his bow	While facing the target, he picked up his bow	 bow	4.140160489520039	1
On television, the Olympic athlete picked up his bow	On television, the Olympic athlete picked up his bow	 bow	8.006908883492356	1
Jan poured the milk and cereal into her bowl	Jan poured the milk and cereal into her bowl	 bowl	0.6615098227785978	1
The waiter accidentally dropped her spoon and her bowl	The waiter accidentally dropped her spoon and her bowl	 bowl	4.4998988368124495	1
Jan was walking and she accidentally dropped her bowl	Jan was walking and she accidentally dropped her bowl	 bowl	7.587751965342956	1
Instead of the accelerator, Maria stepped on the brake	Instead of the accelerator, Maria stepped on the brake	 brake	1.8557348911776272	1
My passengers jumped when I stepped on the brake	My passengers jumped when I stepped on the brake	 brake	2.3406629601010507	1
We were surprised when Maria stepped on the brake	We were surprised when Maria stepped on the brake	 brake	7.738553198712236	1
Laurence got some yeast to bake his own bread	Laurence got some yeast to bake his own bread	 bread	0.5613866003726455	1
Laurence needed some advice before baking his own bread	Laurence needed some advice before baking his own bread	 bread	2.412828781384972	1
Laurence woke up early to make his own bread	Laurence woke up early to make his own bread	 bread	5.374741109690428	1
They got a loan to start their own small business	They got a loan to start their own small business	 business	0.4014075307652968	1
My roommate was hoping to build his own small business	My roommate was hoping to build his own small business	 business	2.7115428011347915	1
They needed some land to build their own small business	They needed some land to build their own small business	 business	2.9514826579609816	1
The birthday boy didn't want frosting on his slice of cake	The birthday boy didn't want frosting on his slice of cake	 cake	0.7148234347463641	1
The hungry student decided to buy a small piece of cake	The hungry student decided to buy a small piece of cake	 cake	3.4701273541376603	1
My wife said that she didn't like that kind of cake	My wife said that she didn't like that kind of cake	 cake	6.6927036050550885	1
The cow gave birth to the brown calf	The cow gave birth to the brown calf	 calf	1.152081931525469	1
The farmer gave milk to the brown calf	The farmer gave milk to the brown calf	 calf	2.8796357847724474	1
Bill went to check on the brown calf	Bill went to check on the brown calf	 calf	6.2492726207289335	1
The boy scouts hurried back to set up camp	The boy scouts hurried back to set up camp	 camp	1.0521129659842654	1
The cheerful woman hurried over to set up camp	The cheerful woman hurried over to set up camp	 camp	4.716315529608691	1
We watched my nephew try to set up camp	We watched my nephew try to set up camp	 camp	5.137429123213232	1
On Halloween, the costumed children grabbed several pieces of candy	On Halloween, the costumed children grabbed several pieces of candy	 candy	0.5236997401440799	1
While touring the factory, Bill sampled several pieces of candy	While touring the factory, Bill sampled several pieces of candy	 candy	5.295704106969341	1
The food scientists were developing a new type of candy	The food scientists were developing a new type of candy	 candy	4.791867824469156	1
The cashier asked the customer to swipe his card	The cashier asked the customer to swipe his card	 card	1.8208219708793856	1
Johnathan told the banker that he'd lost his card	Johnathan told the banker that he'd lost his card	 card	6.399018698308697	1
At security, the guards needed to inspect his card	At security, the guards needed to inspect his card	 card	6.14321888611339	1
In the cartoon, Bugs Bunny was munching on a carrot	In the cartoon, Bugs Bunny was munching on a carrot	 carrot	3.645128000937471	1
The cook was chopping up the parsley and a carrot	The cook was chopping up the parsley and a carrot	 carrot	5.520585864701375	1
In the door of his refrigerator he found a carrot	In the door of his refrigerator he found a carrot	 carrot	8.86353562679159	1
At Costco, the toddler wanted to push the cart	At Costco, the toddler wanted to push the cart	 cart	1.0087797530783216	1
The grocery store employee had to retrieve the cart	The grocery store employee had to retrieve the cart	 cart	4.9989240331428455	1
At work, the assistant needed to find the cart	At work, the assistant needed to find the cart	 cart	9.501174930460676	1
The biologist knew that there were bats living in the cave	The biologist knew that there were bats living in the cave	 cave	1.8512151072953265	1
The biologist knew that there were bears living in the cave	The biologist knew that there were bears living in the cave	 cave	4.474236854916915	1
The police knew that there were people living in the cave	The police knew that there were people living in the cave	 cave	5.880233658379901	1
DNA is housed within the nucleus of a cell	DNA is housed within the nucleus of a cell	 cell	0.2776824300577225	1
The scientists were extracting the DNA from a cell	The scientists were extracting the DNA from a cell	 cell	5.530002656591663	1
In his textbook, there's a drawing of a cell	In his textbook, there's a drawing of a cell	 cell	6.635567910120491	1
The teacher walked up to the board and grabbed a piece of chalk	The teacher walked up to the board and grabbed a piece of chalk	 chalk	0.9895610116492722	1
After decades, the instructor decided to switch to a new brand of chalk	After decades, the instructor decided to switch to a new brand of chalk	 chalk	6.5750658111976135	1
While searching around in the garage, the man found a piece of chalk	While searching around in the garage, the man found a piece of chalk	 chalk	6.725699583800774	1
The checkmate abruptly ended their game of chess	The checkmate abruptly ended their game of chess	 chess	1.5186990886533511	1
The two Russians played another round of chess	The two Russians played another round of chess	 chess	4.781645680110959	1
They were learning another important rule of chess	They were learning another important rule of chess	 chess	6.044849715915335	1
Santa lands on the roof and comes down through the chimney	Santa lands on the roof and comes down through the chimney	 chimney	0.3992054212724979	2
The firefighter noticed there was smoke coming out of the chimney	The firefighter noticed there was smoke coming out of the chimney	 chimney	2.2497302107281096	2
Every Spring, my family cleans out the basement and the chimney	Every Spring, my family cleans out the basement and the chimney	 chimney	10.692872154315056	2
The soprano auditioned for the church choir	The soprano auditioned for the church choir	 choir	0.7650601003697717	1
Every Easter, they heard the church choir	Every Easter, they heard the church choir	 choir	4.937733828275205	1
Elizabeth didn't like to attend church choir	Elizabeth didn't like to attend church choir	 choir	9.864857671556964	1
At storytime, the preschoolers have to sit in a circle	At storytime, the preschoolers have to sit in a circle	 circle	0.5213061528700852	1
The girl decided to arrange her dolls in a circle	The girl decided to arrange her dolls in a circle	 circle	2.4955542616866206	1
All of the fifth-graders had to get in a circle	All of the fifth-graders had to get in a circle	 circle	5.595811491772738	1
Above the doorway, he heard the ticking of the old clock	Above the doorway, he heard the ticking of the old clock	 clock	0.8812693000111932	1
In the den, they replaced the battery in the old clock	In the den, they replaced the battery in the old clock	 clock	5.06662317986197	1
After their trip, they replaced the battery in the old clock	After their trip, they replaced the battery in the old clock	 clock	6.69451400485914	1
In a few weeks, the butterfly will emerge from the cocoon	In a few weeks, the butterfly will emerge from the cocoon	 cocoon	1.4734877697206041	2
The caterpillar was trying its best to escape from the cocoon	The caterpillar was trying its best to escape from the cocoon	 cocoon	4.452274948789729	2
The biologist used the microscope to see inside of the cocoon	The biologist used the microscope to see inside of the cocoon	 cocoon	7.613991737640519	2
Melissa asks for decaf when ordering her cup of coffee	Melissa asks for decaf when ordering her cup of coffee	 coffee	0.6728145989487645	1
The customer left without finishing his last sip of coffee	The customer left without finishing his last sip of coffee	 coffee	1.7671550820085242	1
Melissa has difficulty when she's picking a type of coffee	Melissa has difficulty when she's picking a type of coffee	 coffee	4.270911665522967	1
We had to guess heads or tails when the referee flipped the coin	We had to guess heads or tails when the referee flipped the coin	 coin	0.4172437065839984	1
Because it was rare, he could get some money from selling the coin	Because it was rare, he could get some money from selling the coin	 coin	5.849321224108299	1
He was carrying so much stuff in his hands, he dropped the coin	He was carrying so much stuff in his hands, he dropped the coin	 coin	7.7347697942953255	1
The boy scout navigated using a map and a compass	The boy scout navigated using a map and a compass	 compass	0.2206867028361671	1
My brother always carried a pocket knife and a compass	My brother always carried a pocket knife and a compass	 compass	6.968096656436147	1
The boyscout always carried a first-aid kit and a compass	The boyscout always carried a first-aid kit and a compass	 compass	4.878014866557051	1
Lauren turned on the TV and flopped down on the couch	Lauren turned on the TV and flopped down on the couch	 couch	0.3625449582272892	1
They were worried that the cat would tear up the couch	They were worried that the cat would tear up the couch	 couch	3.091093707855102	1
Before painting, the contractors laid down a tarp on the couch	Before painting, the contractors laid down a tarp on the couch	 couch	9.311267603056839	1
Eric sued the taxi driver and took him to court	Eric sued the taxi driver and took him to court	 court	0.3304054002659509	1
Susan was angry at Eric and took him to court	Susan was angry at Eric and took him to court	 court	2.433003760503924	1
Eric picked up his friend and brought him to court	Eric picked up his friend and brought him to court	 court	7.64586099005787	1
Jesus was crucified on a large wooden cross	Jesus was crucified on a large wooden cross	 cross	0.023003761271719957	1
The nuns were praying beside the wooden cross	The nuns were praying beside the wooden cross	 cross	1.4083439763371082	1
In the gallery, there was a wooden cross	In the gallery, there was a wooden cross	 cross	4.161450656433322	1
On the queen's head, the priest placed a golden crown	On the queen's head, the priest placed a golden crown	 crown	1.4804096213824591	1
On the king's nightstand, the men saw a golden crown	On the king's nightstand, the men saw a golden crown	 crown	4.045684133808551	1
The merchant paid for the goods with a golden crown	The merchant paid for the goods with a golden crown	 crown	6.41748924426621	1
The disease is fatal as there is no known cure	The disease is fatal as there is no known cure	 cure	0.3159939216187679	1
This danger is real and there is no known cure	This danger is real and there is no known cure	 cure	1.2178463674334836	1
We heard that the remote island has no known cure	We heard that the remote island has no known cure	 cure	6.886825128773763	1
Camels can travel across the hot sands of the desert	Camels can travel across the hot sands of the desert	 desert	4.232368043463335	1
Somehow, farmers were able to grow crops in the desert	Somehow, farmers were able to grow crops in the desert	 desert	3.3782098702296235	1
The young students learned some interesting facts about the desert	The young students learned some interesting facts about the desert	 desert	7.984713419302528	1
Late at the office, Victor can always be found sitting at his desk	Late at the office, Victor can always be found sitting at his desk	 desk	0.449297296004888	1
My friend always kept a large bag of chocolate bars in his desk	My friend always kept a large bag of chocolate bars in his desk	 desk	3.1415011242673674	1
When I came home yesterday, I saw that Victor was fixing his desk	When I came home yesterday, I saw that Victor was fixing his desk	 desk	6.4029079832173075	1
To prevent a mess, the caregiver checked the baby's diaper	To prevent a mess, the caregiver checked the baby's diaper	 diaper	0.7215444806530221	2
Before leaving the driveway, my wife checked the baby's diaper	Before leaving the driveway, my wife checked the baby's diaper	 diaper	0.4302691512115059	2
Before leaving the maternity ward, someone checked the baby's diaper	Before leaving the maternity ward, someone checked the baby's diaper	 diaper	2.535156906042554	2
To take her turn at Monopoly, Helen rolled both of the dice	To take her turn at Monopoly, Helen rolled both of the dice	 dice	1.4915825991017748	1
They weren't able to play Monopoly, because they had lost the dice	They weren't able to play Monopoly, because they had lost the dice	 dice	5.234569057076413	1
While cleaning out the cluttered closet, Helen found both of the dice	While cleaning out the cluttered closet, Helen found both of the dice	 dice	8.136227456782999	1
My medical records are accessible to the nurse and the doctor	My medical records are accessible to the nurse and the doctor	 doctor	1.5978435370424853	1
The young woman was inspired by the scientist and the doctor	The young woman was inspired by the scientist and the doctor	 doctor	5.356335332118476	1
She had to be interviewed by the lawyer and the doctor	She had to be interviewed by the lawyer and the doctor	 doctor	4.193340397785098	1
The bird typically used to symbolize peace is a white dove	The bird typically used to symbolize peace is a white dove	 dove	1.7237405888947686	1
Perched up on the powerline he saw a small, white dove	Perched up on the powerline he saw a small, white dove	 dove	7.753104257800348	1
In the corner of his eye he saw a white dove	In the corner of his eye he saw a white dove	 dove	7.288196834956571	1
Maria thought she looked great in her little black dress	Maria thought she looked great in her little black dress	 dress	0.2724794748353477	1
In her bedroom, she was looking for her black dress	In her bedroom, she was looking for her black dress	 dress	2.775598226325431	1
When she moved away, my girlfriend sold the black dress	When she moved away, my girlfriend sold the black dress	 dress	2.7045926593973597	1
He was very thirsty and needed something to drink	He was very thirsty and needed something to drink	 drink	0.3870608109330809	1
At the restaurant, he didn't want anything to drink	At the restaurant, he didn't want anything to drink	 drink	3.82467437853028	1
When school ended, my friends just wanted to drink	When school ended, my friends just wanted to drink	 drink	4.483303030959242	1
The lake had dried up after last year's drought	The lake had dried up after last year's drought	 drought	1.4482948392991564	1
They mortgaged all their land after last year's drought	They mortgaged all their land after last year's drought	 drought	3.010367846973637	1
They started filming a documentary about last year's drought	They started filming a documentary about last year's drought	 drought	6.342771915411568	1
My wife hangs the wet clothes outside to dry	My wife hangs the wet clothes outside to dry	 dry	0.15573364242773366	1
The farmer was waiting for the field to dry	The farmer was waiting for the field to dry	 dry	2.0263418811712346	1
The driver was waiting for the car to dry	The driver was waiting for the car to dry	 dry	11.38108723001574	1
Her fridge was empty, and she had nothing to eat	Her fridge was empty, and she had nothing to eat	 eat	0.8096231610219917	1
The premiere was starting, and she had nothing to eat	The premiere was starting, and she had nothing to eat	 eat	6.308366642112881	1
My cousin was bored, and she had nothing to eat	My cousin was bored, and she had nothing to eat	 eat	8.823465835009378	1
The hen was going to lay some more eggs	The hen was going to lay some more eggs	 eggs	0.2679148621260823	1
The man really wanted to fry some more eggs	The man really wanted to fry some more eggs	 eggs	4.34362932921896	1
The girl was planning to buy some more eggs	The girl was planning to buy some more eggs	 eggs	6.268708266142799	1
The senator campaigned in order to win the election	The senator campaigned in order to win the election	 election	2.7173116259952255	1
The senator's wife was very angry about the election	The senator's wife was very angry about the election	 election	6.0379432985360575	1
My roommate needed to learn more about the election	My roommate needed to learn more about the election	 election	8.008947836417525	1
In Santa's workshop, the toys are made by the elves	In Santa's workshop, the toys are made by the elves	 elves	5.094666289975986	2
His children thought the games were made by the elves	His children thought the games were made by the elves	 elves	8.199477234960575	2
Timmy wanted to hear another bedtime story about the elves	Timmy wanted to hear another bedtime story about the elves	 elves	7.360248190515425	2
Melissa was crying, and we saw tears in her eyes	Melissa was crying, and we saw tears in her eyes	 eyes	0.15032292396900848	1
During the checkup, the doctor looked carefully into her eyes	During the checkup, the doctor looked carefully into her eyes	 eyes	0.5542775165588559	1
Her new wallpaper was the same color as her eyes	Her new wallpaper was the same color as her eyes	 eyes	3.862795025043956	1
Old McDonald had plenty of animals on his farm	Old McDonald had plenty of animals on his farm	 farm	0.2033697369816028	1
My uncle planted lots of trees on his farm	My uncle planted lots of trees on his farm	 farm	1.3566899153794243	1
My uncle is installing solar panels on his farm	My uncle is installing solar panels on his farm	 farm	3.225781760340974	1
Because he loved to work the land, Jim became a farmer	Because he loved to work the land, Jim became a farmer	 farmer	2.71033788064818	1
After returning home from the big city, Jim became a farmer	After returning home from the big city, Jim became a farmer	 farmer	4.758044917407705	1
After he returned home from his travels, Jim became a farmer	After he returned home from his travels, Jim became a farmer	 farmer	5.185389439929997	1
Before mopping, he had to sweep the floor	Before mopping, he had to sweep the floor	 floor	1.3251014785538804	1
All the books were stacked on the floor	All the books were stacked on the floor	 floor	1.880270259776286	1
After the party the butler cleaned the floor	After the party the butler cleaned the floor	 floor	3.9455617775684284	1
To keep the dough from sticking, she dusted her hands with flour	To keep the dough from sticking, she dusted her hands with flour	 flour	0.266004872734288	1
The chef dumped out the measuring cup that was filled with flour	The chef dumped out the measuring cup that was filled with flour	 flour	5.30276638035004	1
At the end of the day, her clothes were covered with flour	At the end of the day, her clothes were covered with flour	 flour	5.260845584505806	1
Pam received a rose, but preferred any other species of flower	Pam received a rose, but preferred any other species of flower	 flower	1.537035092048774	1
As an anniversary gift, she received a rare kind of flower	As an anniversary gift, she received a rare kind of flower	 flower	5.916367674530388	1
Charlotte finished reading a book about a rare kind of flower	Charlotte finished reading a book about a rare kind of flower	 flower	3.5954109443165136	1
After the goose injured its wing, it could no longer fly	After the goose injured its wing, it could no longer fly	 fly	0.7263959207599708	1
When it's locked in a cage, it can no longer fly	When it's locked in a cage, it can no longer fly	 fly	3.737286815506817	1
When he dropped the new toy, it could no longer fly	When he dropped the new toy, it could no longer fly	 fly	5.500435600346616	1
The editor, who hates Times New Roman, decided to switch the font	The editor, who hates Times New Roman, decided to switch the font	 font	0.8465092656697939	1
Brenda is the editor, and she recently decided to switch the font	Brenda is the editor, and she recently decided to switch the font	 font	5.891456102361095	1
Brenda had a change of heart and decided to switch the font	Brenda had a change of heart and decided to switch the font	 font	9.39840318996153	1
To display the beautiful photo, she ordered an elegant frame	To display the beautiful photo, she ordered an elegant frame	 frame	2.872326103671885	1
The burglar stole the painting but left the elegant frame	The burglar stole the painting but left the elegant frame	 frame	2.508300949926687	1
While she was shopping yesterday, she bought an elegant frame	While she was shopping yesterday, she bought an elegant frame	 frame	7.081887800421205	1
Apples are definitely his favorite type of fruit	Apples are definitely his favorite type of fruit	 fruit	0.34947478208739363	1
The farmers were selling a lot of fruit	The farmers were selling a lot of fruit	 fruit	4.570598355278419	1
Jason brought his parents a lot of fruit	Jason brought his parents a lot of fruit	 fruit	6.4797647404027625	1
Gasoline usually costs about three dollars for a gallon	Gasoline usually costs about three dollars for a gallon	 gallon	0.26877051791094536	1
The thirsty police officer could probably drink a gallon	The thirsty police officer could probably drink a gallon	 gallon	2.3649261450381407	1
The store always charged too much for a gallon	The store always charged too much for a gallon	 gallon	5.4235025236955225	1
Her vision was terrible, and she has to wear glasses	Her vision was terrible, and she has to wear glasses	 glasses	1.6891559569891432	1
She looks very different when she has to wear glasses	She looks very different when she has to wear glasses	 glasses	4.485308497811275	1
Her mother was adamant that she has to wear glasses	Her mother was adamant that she has to wear glasses	 glasses	5.86030341548607	1
The doctor wore the sterile rubber gloves	The doctor wore the sterile rubber gloves	 gloves	0.5817419500354225	1
The trainee used the thick rubber gloves	The trainee used the thick rubber gloves	 gloves	2.877657560149053	1
The child carried the black rubber gloves	The child carried the black rubber gloves	 gloves	5.15425244530904	1
The soccer team celebrated after their player scored a goal	The soccer team celebrated after their player scored a goal	 goal	0.5041662813556674	1
Their team never won, because they never got a goal	Their team never won, because they never got a goal	 goal	5.3791550478320636	1
He knew that it was important to have a goal	He knew that it was important to have a goal	 goal	6.2698216939842295	1
The collector's most valuable coins were made of silver and gold	The collector's most valuable coins were made of silver and gold	 gold	0.9093652487816808	1
The miners were able to extract lots of iron and gold	The miners were able to extract lots of iron and gold	 gold	2.8150120247017454	1
Brazil is known to import lots of lumber, livestock, and gold	Brazil is known to import lots of lumber, livestock, and gold	 gold	6.938546228426528	1
Before eating dinner, the family held hands to say grace	Before eating dinner, the family held hands to say grace	 grace	1.9794886150433968	1
The family wondered whether the visitors wanted to say grace	The family wondered whether the visitors wanted to say grace	 grace	5.894488113493263	1
Timmy listened to hear if the men would say grace	Timmy listened to hear if the men would say grace	 grace	7.359058330116778	1
On the mashed potatoes she poured a delicious gravy	On the mashed potatoes she poured a delicious gravy	 gravy	4.207028055286321	2
She thickened the stock to make a delicious gravy	She thickened the stock to make a delicious gravy	 gravy	3.404131334252058	2
The restaurant was famous for making a delicious gravy	The restaurant was famous for making a delicious gravy	 gravy	7.358348974425782	2
The passwords were stolen by a brilliant hacker	The passwords were stolen by a brilliant hacker	 hacker	1.9946903154369169	1
The security experts were arresting a brilliant hacker	The security experts were arresting a brilliant hacker	 hacker	3.0724175795448514	1
The software was designed by a brilliant hacker	The software was designed by a brilliant hacker	 hacker	5.327031401716454	1
The barber gave Brian a nice looking haircut	The barber gave Brian a nice looking haircut	 haircut	2.080515083090582	3
That weekend, Brian got a nice looking haircut	That weekend, Brian got a nice looking haircut	 haircut	6.884279960061652	3
We noticed Brian had a nice looking haircut	We noticed Brian had a nice looking haircut	 haircut	8.106595898698533	3
The angry visitor said hello, but he refused to shake my hand	The angry visitor said hello, but he refused to shake my hand	 hand	0.05282638508004782	1
I couldn't finish writing, because there was something wrong with my hand	I couldn't finish writing, because there was something wrong with my hand	 hand	4.998397352085148	1
I was very uncomfortable because I had a cramp in my hand	I was very uncomfortable because I had a cramp in my hand	 hand	4.019293529467142	1
The child couldn't carry the luggage because it was too heavy	The child couldn't carry the luggage because it was too heavy	 heavy	0.20497673160565685	1
Ben didn't like his vacuum cleaner because it was too heavy	Ben didn't like his vacuum cleaner because it was too heavy	 heavy	4.1085317659370855	1
The hikers didn't buy the tent because it was too heavy	The hikers didn't buy the tent because it was too heavy	 heavy	3.3014459953816235	1
They didn't have a puck or skates, so they couldn't play hockey	They didn't have a puck or skates, so they couldn't play hockey	 hockey	1.7204343413223866	1
My brother got his teeth knocked out while trying to play hockey	My brother got his teeth knocked out while trying to play hockey	 hockey	4.514267539078528	1
Because football season is over, Bill is now training to play hockey	Because football season is over, Bill is now training to play hockey	 hockey	3.271572549733737	1
The fisherman attached the worm to the hook	The fisherman attached the worm to the hook	 hook	2.0141047873493734	1
We definitely saw the fish swallow the hook	We definitely saw the fish swallow the hook	 hook	4.472296984884427	1
James didn't have enough money for the hook	James didn't have enough money for the hook	 hook	8.048447041341598	1
To water the huge garden, they needed a long hose	To water the huge garden, they needed a long hose	 hose	0.7324607192704218	1
Outside in the back yard, they needed a long hose	Outside in the back yard, they needed a long hose	 hose	4.559173394765064	1
Over at the loading dock, they needed a long hose	Over at the loading dock, they needed a long hose	 hose	4.3886405170062135	1
For their anniversary in Seattle, they booked a room at a nice hotel	For their anniversary in Seattle, they booked a room at a nice hotel	 hotel	0.4793951344596462	1
For the wedding reception, they were supposed to meet at a nice hotel	For the wedding reception, they were supposed to meet at a nice hotel	 hotel	2.266085851885433	1
The investment banker was supposed to meet his client at a nice hotel	The investment banker was supposed to meet his client at a nice hotel	 hotel	1.9841886997167768	1
After hours of brainstorming, they had run out of ideas	After hours of brainstorming, they had run out of ideas	 ideas	0.5666463165287016	1
The consultant said that he had run out of ideas	The consultant said that he had run out of ideas	 ideas	4.3223531124965895	1
The chef said that he had run out of ideas	The chef said that he had run out of ideas	 ideas	4.491246470387021	1
Using ice and snow, the traditional Eskimo family built a small igloo	Using ice and snow, the traditional Eskimo family built a small igloo	 igloo	0.9615751929720102	2
To get warm, the two arctic explorers climbed inside a small igloo	To get warm, the two arctic explorers climbed inside a small igloo	 igloo	2.576108070663926	2
The shivering family was huddled in the shelter of a small igloo	The shivering family was huddled in the shelter of a small igloo	 igloo	7.883020238086218	2
His green pen had just run out of ink	His green pen had just run out of ink	 ink	0.16367131156042514	1
The famous writer had just run out of ink	The famous writer had just run out of ink	 ink	5.044453795521312	1
The supply cabinet had just run out of ink	The supply cabinet had just run out of ink	 ink	5.6801271207472075	1
The diabetic lady needed to inject some insulin	The diabetic lady needed to inject some insulin	 insulin	1.1770297233903029	1
She brought the needle to inject some insulin	She brought the needle to inject some insulin	 insulin	4.514668606166961	1
The homeless woman tried to inject some insulin	The homeless woman tried to inject some insulin	 insulin	6.371090709955034	1
I smoothed out the wrinkled pants with the new iron	I smoothed out the wrinkled pants with the new iron	 iron	6.046484911144309	1
I accidentally burned my hand while using the new iron	I accidentally burned my hand while using the new iron	 iron	6.8904729500246304	1
I saw some steam coming out of the new iron	I saw some steam coming out of the new iron	 iron	8.916657381288587	1
The sailors saw a single palm tree in the center of the island	The sailors saw a single palm tree in the center of the island	 island	2.5792998710533777	1
The rescue workers recently found an old hermit living alone on the island	The rescue workers recently found an old hermit living alone on the island	 island	3.249551184721948	1
The rescue workers just learned that the captain had died on the island	The rescue workers just learned that the captain had died on the island	 island	4.489741406932731	1
She smothered the sandwich with peanut butter and lots of jelly	She smothered the sandwich with peanut butter and lots of jelly	 jelly	2.280958591435565	1
Every Spring, the farmers would make jam and lots of jelly	Every Spring, the farmers would make jam and lots of jelly	 jelly	5.053809724650662	1
At Costco, she bought some crisp apples and lots of jelly	At Costco, she bought some crisp apples and lots of jelly	 jelly	6.396752509124423	1
He usually eats a whole orange rather than just drinking the juice	He usually eats a whole orange rather than just drinking the juice	 juice	0.6205303061901141	1
My husband was flipping the pancakes and I was pouring the juice	My husband was flipping the pancakes and I was pouring the juice	 juice	4.687618389725947	1
The elderly man started to choke and sputter while drinking the juice	The elderly man started to choke and sputter while drinking the juice	 juice	4.825319088283392	1
She's locked out because she forgot to take her keys	She's locked out because she forgot to take her keys	 keys	2.599931686294197	1
As she rushed out, she forgot to take her keys	As she rushed out, she forgot to take her keys	 keys	4.352939004060868	1
While running her errands, she forgot to take her keys	While running her errands, she forgot to take her keys	 keys	4.097850862945881	1
The curse could only be broken by her true love's first kiss	The curse could only be broken by her true love's first kiss	 kiss	1.5774333628954704	1
Emma bragged to her friends that she had gotten her first kiss	Emma bragged to her friends that she had gotten her first kiss	 kiss	4.194717317355821	1
She didn't want to make a judgement based on the first kiss	She didn't want to make a judgement based on the first kiss	 kiss	5.283883801713767	1
They were cutting the cake using a silver knife	They were cutting the cake using a silver knife	 knife	0.7591154572629012	1
We decided to buy the cook a silver knife	We decided to buy the cook a silver knife	 knife	3.931630802003636	1
When my grandfather died, I inherited a silver knife	When my grandfather died, I inherited a silver knife	 knife	6.870165766911782	1
The wide highway downtown has more than six lanes	The wide highway downtown has more than six lanes	 lanes	0.5499713830416679	1
The group of bikers crossed more than six lanes	The group of bikers crossed more than six lanes	 lanes	1.4241161555564144	1
The marathon runners will cross more than six lanes	The marathon runners will cross more than six lanes	 lanes	5.542891877682576	1
The birthday card was funny and made me laugh	The birthday card was funny and made me laugh	 laugh	1.0410061019206371	1
The coach of our team always made me laugh	The coach of our team always made me laugh	 laugh	2.7586833812832197	1
My supervisor and coworkers have never seen me laugh	My supervisor and coworkers have never seen me laugh	 laugh	4.839404124038438	1
The owner paid the children to mow the lawn	The owner paid the children to mow the lawn	 lawn	0.3216752031001717	1
We saw our neighbor was working on the lawn	We saw our neighbor was working on the lawn	 lawn	4.7445782955980835	1
We saw the man walking barefoot across the lawn	We saw the man walking barefoot across the lawn	 lawn	4.108408813251874	1
When the company sued him, he decided to hire a lawyer	When the company sued him, he decided to hire a lawyer	 lawyer	1.2053358943419512	1
When he crashed his car, he decided to hire a lawyer	When he crashed his car, he decided to hire a lawyer	 lawyer	2.5341583829913352	1
When he crashed his car, he decided to call a lawyer	When he crashed his car, he decided to call a lawyer	 lawyer	3.91966080466007	1
The motorcycle jacket was made out of black leather	The motorcycle jacket was made out of black leather	 leather	1.5624736417572518	1
Her new skirt was made out of black leather	Her new skirt was made out of black leather	 leather	2.5875247341361303	1
For her project, she bought lots of black leather	For her project, she bought lots of black leather	 leather	4.368129348883061	1
Bill raked up all the leaves	Bill raked up all the leaves	 leaves	6.997455807562157	1
The breeze lifted all the leaves	The breeze lifted all the leaves	 leaves	2.779705845914572	1
Watson gathered up all the leaves	Watson gathered up all the leaves	 leaves	6.148437515931642	1
Because Peter never told the truth, everyone knew he was a liar	Because Peter never told the truth, everyone knew he was a liar	 liar	1.059509296840763	1
When Peter's dark secret was discovered, everyone knew he was a liar	When Peter's dark secret was discovered, everyone knew he was a liar	 liar	5.079615431700128	1
When Peter got out of prison, everyone knew he was a liar	When Peter got out of prison, everyone knew he was a liar	 liar	6.5903238085946505	1
Because it was overdue, Billy returned the book to the library	Because it was overdue, Billy returned the book to the library	 library	1.7674277169733086	1
To get some peace and quiet he went to the library	To get some peace and quiet he went to the library	 library	4.172532056493003	1
After finishing up at the store, they went to the library	After finishing up at the store, they went to the library	 library	5.4021017664881565	1
It was dark in the bedroom, so she turned on the light	It was dark in the bedroom, so she turned on the light	 light	1.1657728538984176	1
She couldn't read the book because her brother was blocking the light	She couldn't read the book because her brother was blocking the light	 light	3.5604975801291934	1
You can damage your vision if you keep staring at the light	You can damage your vision if you keep staring at the light	 light	3.974288655329268	1
Before meeting Brad, she put on black eyeliner and some red lipstick	Before meeting Brad, she put on black eyeliner and some red lipstick	 lipstick	0.13216977104565042	2
At the premier, she wore a black dress and some red lipstick	At the premier, she wore a black dress and some red lipstick	 lipstick	1.4091012118714457	2
At the store, she bought some black pens and some red lipstick	At the store, she bought some black pens and some red lipstick	 lipstick	3.375881844366784	2
I had to go inside because the jackhammer was very loud	I had to go inside because the jackhammer was very loud	 loud	0.23096440183137876	1
The kid who was playing on the playground was very loud	The kid who was playing on the playground was very loud	 loud	4.033197814574417	1
She saw her coworker at the bar, who was very loud	She saw her coworker at the bar, who was very loud	 loud	5.694367962702764	1
He didn't eat breakfast, and he forgot to pack his lunch	He didn't eat breakfast, and he forgot to pack his lunch	 lunch	0.5272502840351279	1
For the student's daytrip, he had forgotten to bring his lunch	For the student's daytrip, he had forgotten to bring his lunch	 lunch	3.0870015805677284	1
He was late because he had to pick up his lunch	He was late because he had to pick up his lunch	 lunch	7.761640807744915	1
The gentleman lit the candle using a single match	The gentleman lit the candle using a single match	 match	0.9187497092112992	1
The forest fire was started by a single match	The forest fire was started by a single match	 match	8.66994392645664	1
None of the man's coworkers had a single match	None of the man's coworkers had a single match	 match	7.613020737417028	1
Ben was great at remembering numbers because he had a good memory	Ben was great at remembering numbers because he had a good memory	 memory	1.19817078731767	1
Ben always did well in Biology because he had a good memory	Ben always did well in Biology because he had a good memory	 memory	2.70081121780708	1
Ben was always an excellent employee because he had a good memory	Ben was always an excellent employee because he had a good memory	 memory	5.825558020713432	1
The dairy cow produced a lot of milk	The dairy cow produced a lot of milk	 milk	0.4084660839952727	1
The large jug held a lot of milk	The large jug held a lot of milk	 milk	6.3744280418380095	1
The local farmers produced a lot of milk	The local farmers produced a lot of milk	 milk	4.308164752692858	1
The hikers climbed to the summit of the mountain	The hikers climbed to the summit of the mountain	 mountain	1.9258936433030056	1
The couple camped near the side of the mountain	The couple camped near the side of the mountain	 mountain	2.519744225076761	1
The scholars learned about the history of the mountain	The scholars learned about the history of the mountain	 mountain	8.31186926631044	1
After the body was discovered, our neighbor was arrested for murder	After the body was discovered, our neighbor was arrested for murder	 murder	3.234614287364296	1
Our son was innocent and shouldn't have been arrested for murder	Our son was innocent and shouldn't have been arrested for murder	 murder	3.9335852677157614	1
When the building burned down, the man was arrested for murder	When the building burned down, the man was arrested for murder	 murder	5.099057585903204	1
Before the weight lifting tournament, he needed to build some muscle	Before the weight lifting tournament, he needed to build some muscle	 muscle	1.386696123582115	1
The head of the cheerleading squad needed to build some muscle	The head of the cheerleading squad needed to build some muscle	 muscle	2.838680863138821	1
After arriving at the campus, he wanted to build some muscle	After arriving at the campus, he wanted to build some muscle	 muscle	6.208064242951609	1
The burgers were messy, so he made sure to grab a napkin	The burgers were messy, so he made sure to grab a napkin	 napkin	2.1383550576855272	2
At the diner, the waitress had forgotten to bring him a napkin	At the diner, the waitress had forgotten to bring him a napkin	 napkin	4.401407534234564	2
When he was walking past the kitchen he accidentally dropped a napkin	When he was walking past the kitchen he accidentally dropped a napkin	 napkin	7.364344905671338	2
They had to walk single file because the path was too narrow	They had to walk single file because the path was too narrow	 narrow	0.9431850204663336	1
They decided to use the elevator because the stairwell was too narrow	They decided to use the elevator because the stairwell was too narrow	 narrow	1.3799404809990772	1
They decided not to go rafting because the river was too narrow	They decided not to go rafting because the river was too narrow	 narrow	3.8037501546118255	1
Of all the animals, the giraffe is known for its long neck	Of all the animals, the giraffe is known for its long neck	 neck	0.5016382807541517	1
Of all the animals, the flamingo is known for its long neck	Of all the animals, the flamingo is known for its long neck	 neck	3.97372273375009	1
Of all the animals, the peacock is known for its long neck	Of all the animals, the peacock is known for its long neck	 neck	3.130065982153176	1
She couldn't get the thread through the eye of the needle	She couldn't get the thread through the eye of the needle	 needle	0.05365246304238189	1
The woman accidentally poked herself with the tip of the needle	The woman accidentally poked herself with the tip of the needle	 needle	3.4917122503716134	1
During arts and crafts she broke the tip of the needle	During arts and crafts she broke the tip of the needle	 needle	3.915691087473135	1
Before laying its eggs, the robin had to build a nest	Before laying its eggs, the robin had to build a nest	 nest	0.3663100801386187	1
Up in the poplar tree, the stray cat found a nest	Up in the poplar tree, the stray cat found a nest	 nest	3.9508788508186887	1
While cleaning up outside, Jerry had to throw away a nest	While cleaning up outside, Jerry had to throw away a nest	 nest	8.614695472628004	1
The volleyball shot barely made it over the net	The volleyball shot barely made it over the net	 net	0.09758750687109173	1
The referee saw the ball roll under the net	The referee saw the ball roll under the net	 net	3.19780832909542	1
Samantha and Karen suspected it was under the net	Samantha and Karen suspected it was under the net	 net	10.289211424917502	1
Because they are nocturnal creatures, all bats hunt at night	Because they are nocturnal creatures, all bats hunt at night	 night	0.04425846961746476	1
To keep their relationship secret, they usually meet at night	To keep their relationship secret, they usually meet at night	 night	2.2820482889742766	1
The student was going to get her degree at night	The student was going to get her degree at night	 night	5.590888679160456	1
Jack forgot about the cookies baking in the oven	Jack forgot about the cookies baking in the oven	 oven	0.21982400291767876	1
Jack remembered that he left something in the oven	Jack remembered that he left something in the oven	 oven	6.026509490242711	1
Jack remembered that he needed to clean the oven	Jack remembered that he needed to clean the oven	 oven	5.257345235689625	1
The heroin addict died of an overdose	The heroin addict died of an overdose	 overdose	0.2730496809048793	1
They used naloxone to treat an overdose	They used naloxone to treat an overdose	 overdose	1.0822506946029171	1
The celebrity showed signs of an overdose	The celebrity showed signs of an overdose	 overdose	4.690027904357531	1
The artist dipped her brush into a fresh can of paint	The artist dipped her brush into a fresh can of paint	 paint	1.0623903556157988	1
At Home Depot they didn't sell the right kind of paint	At Home Depot they didn't sell the right kind of paint	 paint	4.7494770918295615	1
Erica had always wanted to try a new type of paint	Erica had always wanted to try a new type of paint	 paint	5.901490974687736	1
The student opened his notebook and pulled out a piece of paper	The student opened his notebook and pulled out a piece of paper	 paper	0.2424263411847291	1
In all his chemistry classes, the student used a lot of paper	In all his chemistry classes, the student used a lot of paper	 paper	4.805236916417228	1
The two researchers working in the clinical program needed lots of paper	The two researchers working in the clinical program needed lots of paper	 paper	6.073821030899151	1
For my mother's birthday, we threw a huge party	For my mother's birthday, we threw a huge party	 party	0.6877575198422999	1
On the last day, there was a huge party	On the last day, there was a huge party	 party	4.005356575807118	1
Right beside the lake, there was a huge party	Right beside the lake, there was a huge party	 party	6.543769718185534	1
The website login asks for my username and password	The website login asks for my username and password	 password	0.1718892659595055	1
Tim had forgotten his mother's email address and password	Tim had forgotten his mother's email address and password	 password	5.791138896081701	1
Tim's classmate tried to steal his phone and password	Tim's classmate tried to steal his phone and password	 password	7.965312004072522	1
In the story, the wolf chased the three little pigs	In the story, the wolf chased the three little pigs	 pigs	1.6404420705051943	1
The farmer was raising cows and lots of little pigs	The farmer was raising cows and lots of little pigs	 pigs	2.3046817552915457	1
Bill checked outside, but he didn't see the little pigs	Bill checked outside, but he didn't see the little pigs	 pigs	10.471986126194569	1
The tooth fairy was supposed to leave money under her pillow	The tooth fairy was supposed to leave money under her pillow	 pillow	0.5894057789441749	1
My cousin usually kept her phone plugged in under her pillow	My cousin usually kept her phone plugged in under her pillow	 pillow	1.0592667123988613	1
When her wallet was missing, she found it under her pillow	When her wallet was missing, she found it under her pillow	 pillow	2.2151083875917426	1
On the plane, Timmy went up to the cockpit to meet the pilot	On the plane, Timmy went up to the cockpit to meet the pilot	 pilot	0.7971828655505699	1
When they arrived at their destination, the passengers got to meet the pilot	When they arrived at their destination, the passengers got to meet the pilot	 pilot	4.794279828329231	1
When we were told we had to evacuate, we listened to the pilot	When we were told we had to evacuate, we listened to the pilot	 pilot	8.225358370209849	1
The airport was crowded, and the passengers couldn't board the plane	The airport was crowded, and the passengers couldn't board the plane	 plane	0.9292661151310116	1
After a three hour wait, the passengers could see the plane	After a three hour wait, the passengers could see the plane	 plane	3.3212290312201613	1
After a three hour wait, the men could see the plane	After a three hour wait, the men could see the plane	 plane	4.659409000060029	1
The king died because the assassin filled his cup with poison	The king died because the assassin filled his cup with poison	 poison	0.809227973276058	1
They were finally able to solve the mouse problem with poison	They were finally able to solve the mouse problem with poison	 poison	12.117886800955796	1
The small dagger that the soldier carried was covered with poison	The small dagger that the soldier carried was covered with poison	 poison	8.245223510456583	1
The gym won't let me swim in their heated pool	The gym won't let me swim in their heated pool	 pool	0.21254848635350884	1
They needed to add more water to the heated pool	They needed to add more water to the heated pool	 pool	2.6542739502940402	1
The men said that I shouldn't approach the heated pool	The men said that I shouldn't approach the heated pool	 pool	5.780303773094198	1
She added chives and sour cream to the baked potato	She added chives and sour cream to the baked potato	 potato	2.0932219705779485	1
He opened up the oven to remove the baked potato	He opened up the oven to remove the baked potato	 potato	3.1207710316827235	1
The waiter recommended the seafood linguini or the baked potato	The waiter recommended the seafood linguini or the baked potato	 potato	1.587988909278261	1
The parents of the awarded athlete felt very proud	The parents of the awarded athlete felt very proud	 proud	4.056477825741603	1
The owner of the Italian restaurant felt very proud	The owner of the Italian restaurant felt very proud	 proud	4.17711672462542	1
After his final chemo treatment, he felt very proud	After his final chemo treatment, he felt very proud	 proud	7.50021962734587	1
The water from her umbrella collected in a big puddle	The water from her umbrella collected in a big puddle	 puddle	2.6293445472663777	2
The steam from her shower collected in a big puddle	The steam from her shower collected in a big puddle	 puddle	3.7528687227160353	2
The drinks that they didn't finish made a big puddle	The drinks that they didn't finish made a big puddle	 puddle	8.590889222213573	2
When the paramedic arrived, he checked the victim's wrist for a pulse	When the paramedic arrived, he checked the victim's wrist for a pulse	 pulse	0.08386445780256889	1
When the expert arrived, he immediately checked the woman for a pulse	When the expert arrived, he immediately checked the woman for a pulse	 pulse	0.3219674596065664	1
When the detective arrived at the scene, he looked for a pulse	When the detective arrived at the scene, he looked for a pulse	 pulse	3.6552526897426785	1
For Halloween, they were carving a large pumpkin	For Halloween, they were carving a large pumpkin	 pumpkin	1.0597763701139358	1
For the pie, they bought a large pumpkin	For the pie, they bought a large pumpkin	 pumpkin	4.9601480002119205	1
Before the party, they bought a large pumpkin	Before the party, they bought a large pumpkin	 pumpkin	6.7219958102005295	1
He liked to study in the library because it was very quiet	He liked to study in the library because it was very quiet	 quiet	0.6016336631473472	1
The group of people sitting in the concert hall was very quiet	The group of people sitting in the concert hall was very quiet	 quiet	2.8963701530929957	1
The neighborhood at the top of the tall hill was very quiet	The neighborhood at the top of the tall hill was very quiet	 quiet	1.2808034676273774	1
The tennis player firmly gripped the handle of his racket	The tennis player firmly gripped the handle of his racket	 racket	0.4992923132319155	1
While waiting for his partner, the player grabbed his racket	While waiting for his partner, the player grabbed his racket	 racket	9.34487956390449	1
The crowd watched as the man picked up his racket	The crowd watched as the man picked up his racket	 racket	9.223596527672566	1
Driving in the countryside, I could only hear static on the radio	Driving in the countryside, I could only hear static on the radio	 radio	0.38945668403007183	1
The woman learned some news about the approaching hurricane on the radio	The woman learned some news about the approaching hurricane on the radio	 radio	1.7375651758487574	1
Luckily, the old woman found lots of interesting programs on the radio	Luckily, the old woman found lots of interesting programs on the radio	 radio	6.317161400546849	1
She brought an umbrella to protect her from the rain	She brought an umbrella to protect her from the rain	 rain	0.9181597440766668	1
She brought a jacket to protect her from the rain	She brought a jacket to protect her from the rain	 rain	1.8340534690162167	1
She arrived late because she got stuck in the rain	She arrived late because she got stuck in the rain	 rain	2.7045721698032748	1
He gathered the leaves into a pile using a rake	He gathered the leaves into a pile using a rake	 rake	5.246594326337692	2
The homeowner was cleaning up the driveway using a rake	The homeowner was cleaning up the driveway using a rake	 rake	4.407588954135175	2
He tried to scare off the animal using a rake	He tried to scare off the animal using a rake	 rake	7.440418637380352	2
During her painful headache, she took a Tylenol to get some relief	During her painful headache, she took a Tylenol to get some relief	 relief	0.4742512369009039	1
The old woman with the painful sunburn tried to get some relief	The old woman with the painful sunburn tried to get some relief	 relief	4.016911968245777	1
She decided they should take an extended vacation to get some relief	She decided they should take an extended vacation to get some relief	 relief	6.28435944574142	1
To make sushi, she carefully boiled the grains of rice	To make sushi, she carefully boiled the grains of rice	 rice	0.2464468282765252	1
She used the pressure cooker to steam lots of rice	She used the pressure cooker to steam lots of rice	 rice	5.372378585981723	1
In the kitchen, she accidentally spilled a bunch of rice	In the kitchen, she accidentally spilled a bunch of rice	 rice	5.3694580930649165	1
Before proposing to his girlfriend he would need a ring	Before proposing to his girlfriend he would need a ring	 ring	4.851522185101278	1
For my fiances upcoming birthday I bought her a ring	For my fiances upcoming birthday I bought her a ring	 ring	5.8718730707859255	1
After receiving her paycheck she wanted to buy a ring	After receiving her paycheck she wanted to buy a ring	 ring	5.5126171134048025	1
The climbers and guide were attached to each other by a rope	The climbers and guide were attached to each other by a rope	 rope	1.5647091500839658	1
The skilled cave explorer remembered to bring his flashlight and a rope	The skilled cave explorer remembered to bring his flashlight and a rope	 rope	4.837654147209284	1
When Jeff went to the sports equipment store, he bought a rope	When Jeff went to the sports equipment store, he bought a rope	 rope	7.51791237060434	1
The wind couldn't push the boat because it had a tear in the sail	The wind couldn't push the boat because it had a tear in the sail	 sail	2.2060297271324667	1
No one has told the sail	No one has told the sail	 sail	15.913519123079707	1
The team had to work for hours to fix the tear in the sail	The team had to work for hours to fix the tear in the sail	 sail	6.669813792516417	1
He bought the lettuce and croutons to make a salad	He bought the lettuce and croutons to make a salad	 salad	0.9879605424926056	1
For her lunch tomorrow, she decided to make a salad	For her lunch tomorrow, she decided to make a salad	 salad	2.81670347250462	1
On the last day, he decided to make a salad	On the last day, he decided to make a salad	 salad	8.740017537165459	1
The store reduced their prices during the annual sale	The store reduced their prices during the annual sale	 sale	2.8205098025451063	1
He spent lots of money at the annual sale	He spent lots of money at the annual sale	 sale	7.531883404732473	1
John and his wife prepared for the annual sale	John and his wife prepared for the annual sale	 sale	8.014104921284924	1
To educate the children, they built a new school	To educate the children, they built a new school	 school	2.3964607115605885	1
My brother moved and transferred to a new school	My brother moved and transferred to a new school	 school	1.443835315445354	1
After the horrible flood they built a new school	After the horrible flood they built a new school	 school	4.752685776365796	1
To read the prophecy, he unrolled the ancient scroll	To read the prophecy, he unrolled the ancient scroll	 scroll	0.8597626423542608	1
While visiting court, the priest read the ancient scroll	While visiting court, the priest read the ancient scroll	 scroll	5.356936047504816	1
The pair of thieves recently stole the ancient scroll	The pair of thieves recently stole the ancient scroll	 scroll	5.450020662063475	1
Susan forgot to put a period at the end of the sentence	Susan forgot to put a period at the end of the sentence	 sentence	1.4271091892529404	1
Susan had a lot of trouble understanding the end of the sentence	Susan had a lot of trouble understanding the end of the sentence	 sentence	3.3927684211141313	1
The substitute teacher was pretty impressed by the length of the sentence	The substitute teacher was pretty impressed by the length of the sentence	 sentence	5.109083952531292	1
When the earthquake began, the whole building started shaking	When the earthquake began, the whole building started shaking	 shaking	0.999353852202996	1
They fled in fear when the house started shaking	They fled in fear when the house started shaking	 shaking	1.5652546319334106	1
When the actor approached the audience, he started shaking	When the actor approached the audience, he started shaking	 shaking	5.520270717613671	1
The swimmer was attacked by a great white shark	The swimmer was attacked by a great white shark	 shark	0.08186910659747665	1
The marine biologist was studying a rare white shark	The marine biologist was studying a rare white shark	 shark	2.4422637327190624	1
Earlier, the dock worker saw a beautiful white shark	Earlier, the dock worker saw a beautiful white shark	 shark	5.095603174134368	1
It could cut easily because the blade was very sharp	It could cut easily because the blade was very sharp	 sharp	1.7807688284918606	1
She always worked quickly, and her tool was very sharp	She always worked quickly, and her tool was very sharp	 sharp	2.491826986404201	1
His mom sternly warned him because it was very sharp	His mom sternly warned him because it was very sharp	 sharp	8.832249632638757	1
Sarah pulled the book off the shelf	Sarah pulled the book off the shelf	 shelf	0.3733920522013846	1
Sarah arranged the items on the shelf	Sarah arranged the items on the shelf	 shelf	4.2343116050419995	1
Sarah noticed the mouse on the shelf	Sarah noticed the mouse on the shelf	 shelf	5.890643791975198	1
The warrior blocked the spear thrust with his large wooden shield	The warrior blocked the spear thrust with his large wooden shield	 shield	0.5899219107716982	1
In the warrior's tomb, the team discovered a large wooden shield	In the warrior's tomb, the team discovered a large wooden shield	 shield	5.967457989864432	1
The accomplished artist carved the design on the large wooden shield	The accomplished artist carved the design on the large wooden shield	 shield	5.3690586310174755	1
He couldn't reach the high shelf because he was very short	He couldn't reach the high shelf because he was very short	 short	1.5338304554582742	1
The big kids always teased Jason because he was very short	The big kids always teased Jason because he was very short	 short	3.826718203705464	1
The parents were worried about Jason because he was very short	The parents were worried about Jason because he was very short	 short	5.6890401734149645	1
When exiting the highway, they had trouble reading the small sign	When exiting the highway, they had trouble reading the small sign	 sign	1.877461792220209	1
On their country drive, they had trouble seeing the small sign	On their country drive, they had trouble seeing the small sign	 sign	3.7243971601572974	1
At the Italian restaurant, they had trouble reading the small sign	At the Italian restaurant, they had trouble reading the small sign	 sign	2.834782029862044	1
Long before he saw the ambulance's lights he heard the siren	Long before he saw the ambulance's lights he heard the siren	 siren	1.85301032164058	2
When Dennis got closer to the intersection he heard the siren	When Dennis got closer to the intersection he heard the siren	 siren	4.092379822112983	2
The students were ducking for cover when they heard the siren	The students were ducking for cover when they heard the siren	 siren	5.20580259529902	2
She was the youngest out of all her brothers and sisters	She was the youngest out of all her brothers and sisters	 sisters	0.12513382281453414	1
She learned how to use makeup from her friends and sisters	She learned how to use makeup from her friends and sisters	 sisters	4.365625494956904	1
She was always rude and obnoxious around her teachers and sisters	She was always rude and obnoxious around her teachers and sisters	 sisters	8.171808682572914	1
Not using sunscreen at the beach can damage your skin	Not using sunscreen at the beach can damage your skin	 skin	0.20139168645933872	1
The chemicals floating in the water can damage your skin	The chemicals floating in the water can damage your skin	 skin	1.8263255971654755	1
The factory produces noxious chemicals that can damage your skin	The factory produces noxious chemicals that can damage your skin	 skin	2.4538983580203366	1
Eric comforted his tearful son and sang him to sleep	Eric comforted his tearful son and sang him to sleep	 sleep	0.013627873195396448	1
My nephew told us that he didn't want to sleep	My nephew told us that he didn't want to sleep	 sleep	5.445506353322961	1
All of us knew that Eric wouldn't want to sleep	All of us knew that Eric wouldn't want to sleep	 sleep	6.950655660325722	1
They didn't rent the apartment because the kitchen was too small	They didn't rent the apartment because the kitchen was too small	 small	0.4808874070916622	1
They didn't buy the convertible because the engine was too small	They didn't buy the convertible because the engine was too small	 small	1.726624171855026	1
She decided not to apply because the college was too small	She decided not to apply because the college was too small	 small	2.788891342191315	1
A boa constrictor is a very dangerous type of snake	A boa constrictor is a very dangerous type of snake	 snake	0.3732153978914469	1
He had never been bitten by that type of snake	He had never been bitten by that type of snake	 snake	2.7738474518865472	1
My little sister had never seen that type of snake	My little sister had never seen that type of snake	 snake	6.31510539418642	1
Germs are spread when people cough or sneeze	Germs are spread when people cough or sneeze	 sneeze	0.12888226170332484	3
This powder might make you itch or sneeze	This powder might make you itch or sneeze	 sneeze	4.372410750189972	3
People always notice when I laugh or sneeze	People always notice when I laugh or sneeze	 sneeze	6.710844003379632	3
In the shower, he accidentally dropped the bar of soap	In the shower, he accidentally dropped the bar of soap	 soap	0.05040634025319831	1
The janitor decided to purchase a new brand of soap	The janitor decided to purchase a new brand of soap	 soap	3.6777869496177984	1
He forgot to stock up on that type of soap	He forgot to stock up on that type of soap	 soap	6.706009530712423	1
The kids had lots of cavities because they drank soda	The kids had lots of cavities because they drank soda	 soda	2.392738281070224	1
They were out of lemonade, so instead they drank soda	They were out of lemonade, so instead they drank soda	 soda	4.447813026573429	1
The hotel didn't have coffee, so instead they drank soda	The hotel didn't have coffee, so instead they drank soda	 soda	5.911888085287588	1
She puckered her lips because the lemon was too sour	She puckered her lips because the lemon was too sour	 sour	1.559652241917774	1
She spat out the fruit because it was too sour	She spat out the fruit because it was too sour	 sour	3.5011047821703345	1
She threw away her meal because it was too sour	She threw away her meal because it was too sour	 sour	5.885126450410256	1
Lines of longitude go from the north to the south	Lines of longitude go from the north to the south	 south	0.055575505447367696	1
The arrow on the compass was pointing to the south	The arrow on the compass was pointing to the south	 south	2.5414945649105345	1
On their long vacation, the family traveled to the south	On their long vacation, the family traveled to the south	 south	4.886333928672914	1
The politician stood at the podium and gave a long speech	The politician stood at the podium and gave a long speech	 speech	1.2402997706288683	1
Hamilton didn't have the patience to sit through the long speech	Hamilton didn't have the patience to sit through the long speech	 speech	5.294302870106528	1
Hamilton and his coworkers were chatting together after the long speech	Hamilton and his coworkers were chatting together after the long speech	 speech	10.658252562575406	1
Merlin needed his magic wand to cast the spell	Merlin needed his magic wand to cast the spell	 spell	0.4976002398172312	1
The students at Hogwarts had trouble understanding the spell	The students at Hogwarts had trouble understanding the spell	 spell	4.994418235634262	1
The princess could not be awakened by the spell	The princess could not be awakened by the spell	 spell	5.654370219064737	1
The web had been spun by the large spider	The web had been spun by the large spider	 spider	8.670889142071573	1
My older brother refused to touch the large spider	My older brother refused to touch the large spider	 spider	6.452985564735763	1
My husband was trying to catch the large spider	My husband was trying to catch the large spider	 spider	4.585158091779193	1
After the meal, she ate her sundae with a small metal spoon	After the meal, she ate her sundae with a small metal spoon	 spoon	0.31449712680769204	1
Mike was searching around in the kitchen for a small metal spoon	Mike was searching around in the kitchen for a small metal spoon	 spoon	3.0103701774013762	1
At the flea market in Sacramento he bought a small metal spoon	At the flea market in Sacramento he bought a small metal spoon	 spoon	6.9415912989182535	1
The creature was either an octopus or a giant squid	The creature was either an octopus or a giant squid	 squid	0.7193013978618645	2
The group of scientists was attacked by a giant squid	The group of scientists was attacked by a giant squid	 squid	3.635579033782037	2
The museum display had some pictures of a giant squid	The museum display had some pictures of a giant squid	 squid	4.8445209772771864	2
The audience shouted "boo!" until the actor walked off the stage	The audience shouted "boo!" until the actor walked off the stage	 stage	0.0668548507443195	1
The technician had to adjust all the lights above the stage	The technician had to adjust all the lights above the stage	 stage	4.305971862486066	1
When we walked inside, we all saw Johnathan on the stage	When we walked inside, we all saw Johnathan on the stage	 stage	3.851629889592156	1
Even the professional dry cleaner wasn't able to remove the stain	Even the professional dry cleaner wasn't able to remove the stain	 stain	2.8498867452424728	1
My roommate needed some advice on how to remove the stain	My roommate needed some advice on how to remove the stain	 stain	5.301160208646149	1
During the wedding reception, all of the guests noticed the stain	During the wedding reception, all of the guests noticed the stain	 stain	9.067378315159699	1
The hopeful girl wished upon a star	The hopeful girl wished upon a star	 star	0.10508718130767494	1
The sticker was shaped like a star	The sticker was shaped like a star	 star	5.175488084257644	1
On the canvas, Andrew drew a star	On the canvas, Andrew drew a star	 star	6.5849510744806015	1
At the bar, the man sat on a stool	At the bar, the man sat on a stool	 stool	0.7644577797751121	1
During timeout, Suzie had to sit on a stool	During timeout, Suzie had to sit on a stool	 stool	2.83855915382548	1
To paint the ceiling, the decorator needed a stool	To paint the ceiling, the decorator needed a stool	 stool	8.520105908252173	1
The hot pan was bubbling on the stove	The hot pan was bubbling on the stove	 stove	0.4353174523321165	1
The children weren't supposed to touch the stove	The children weren't supposed to touch the stove	 stove	5.9436535658011405	1
Jan wasn't able to turn on the stove	Jan wasn't able to turn on the stove	 stove	4.191317615946612	1
It's easy to spot a zebra because of its stripes	It's easy to spot a zebra because of its stripes	 stripes	0.6524621861817869	1
It's easy to recognize a bumblebee because of its stripes	It's easy to recognize a bumblebee because of its stripes	 stripes	5.636843670093188	1
It's easy to recognize a piranha because of its stripes	It's easy to recognize a piranha because of its stripes	 stripes	5.6964007175940665	1
After cutting down the tree, all that was left was a stump	After cutting down the tree, all that was left was a stump	 stump	2.5972213559202117	1
They had to hire the landscapers, to help them remove a stump	They had to hire the landscapers, to help them remove a stump	 stump	6.212215865306165	1
Behind the storage shed, there were some dead branches and a stump	Behind the storage shed, there were some dead branches and a stump	 stump	5.307233298492169	1
To make the cake sweet, he added some more sugar	To make the cake sweet, he added some more sugar	 sugar	2.850856970389337	1
My wife didn't notice that I added some more sugar	My wife didn't notice that I added some more sugar	 sugar	6.626699385163072	1
I reminded my wife that we needed some more sugar	I reminded my wife that we needed some more sugar	 sugar	5.880201535635541	1
To look good at the funeral, he needed to buy a suit	To look good at the funeral, he needed to buy a suit	 suit	1.68865765942709	1
He had a big date, and he needed to buy a suit	He had a big date, and he needed to buy a suit	 suit	3.6680123756015672	1
Because he's visiting his grandma soon, he needed to buy a suit	Because he's visiting his grandma soon, he needed to buy a suit	 suit	6.170289650881183	1
At two o'clock the British family always has crumpets and tea	At two o'clock the British family always has crumpets and tea	 tea	1.7305797676859795	1
At the breakfast buffet, the conference was serving coffee and tea	At the breakfast buffet, the conference was serving coffee and tea	 tea	2.2079891759169903	1
When their mother was home they could have brownies and tea	When their mother was home they could have brownies and tea	 tea	5.4775305624017	1
The dentist was teaching Emma how to clean her teeth	The dentist was teaching Emma how to clean her teeth	 teeth	0.19323423652099653	1
Our mother told my sister to always clean her teeth	Our mother told my sister to always clean her teeth	 teeth	2.6082110054756793	1
The nanny reminded my sister to look after her teeth	The nanny reminded my sister to look after her teeth	 teeth	7.624300664778082	1
Everett lit the campfire while I pitched the tent	Everett lit the campfire while I pitched the tent	 tent	0.5155643700342171	1
The kids at summer camp slept in the tent	The kids at summer camp slept in the tent	 tent	3.671562105409425	1
Everett's dad asked if he could move the tent	Everett's dad asked if he could move the tent	 tent	5.926778241823719	1
The pill I just swallowed is stuck in my throat	The pill I just swallowed is stuck in my throat	 throat	0.6192606417776753	1
The doctor said I have something stuck in my throat	The doctor said I have something stuck in my throat	 throat	1.0632362006699358	1
The doctor isn't able to do anything about my throat	The doctor isn't able to do anything about my throat	 throat	7.044747341657553	1
He made a dentist appointment to extract his broken tooth	He made a dentist appointment to extract his broken tooth	 tooth	0.6514857908923161	1
He had difficulty speaking because he had a broken tooth	He had difficulty speaking because he had a broken tooth	 tooth	2.6309435443682028	1
After some discussion, they decided to remove the broken tooth	After some discussion, they decided to remove the broken tooth	 tooth	6.489660807884028	1
The tiny maple sapling has grown into a large tree	The tiny maple sapling has grown into a large tree	 tree	0.961151680021576	1
The bicycle was swerving and crashed into a large tree	The bicycle was swerving and crashed into a large tree	 tree	1.1599271472730168	1
Joan and her decorator decided to add a large tree	Joan and her decorator decided to add a large tree	 tree	4.167126590897957	1
Ben unloaded the bags of cement from the back of the truck	Ben unloaded the bags of cement from the back of the truck	 truck	0.5747414168079891	1
The fugitive hid from the police in the back of the truck	The fugitive hid from the police in the back of the truck	 truck	3.699162035392875	1
Ben was being so violent that he tried to smash the truck	Ben was being so violent that he tried to smash the truck	 truck	5.680802784689544	1
There's no need to lie, you can tell me the truth	There's no need to lie, you can tell me the truth	 truth	0.14625678953237212	1
My friend at the office refused to tell me the truth	My friend at the office refused to tell me the truth	 truth	2.970144223808885	1
The police officer was unsure if he could find the truth	The police officer was unsure if he could find the truth	 truth	8.159007716961238	1
Elephants are often hunted for the ivory in their tusks	Elephants are often hunted for the ivory in their tusks	 tusks	0.4613119582429869	3
After catching the animals, the poachers cut off their tusks	After catching the animals, the poachers cut off their tusks	 tusks	4.940255547842439	3
The smugglers could not find a buyer for their tusks	The smugglers could not find a buyer for their tusks	 tusks	10.65811614815948	3
The city lies between two hills in a valley	The city lies between two hills in a valley	 valley	1.8246986493254485	1
The team discovered the fertile crops in a valley	The team discovered the fertile crops in a valley	 valley	6.370523986255183	1
The house sits between two shops in a valley	The house sits between two shops in a valley	 valley	7.743477218052349	1
At the ice cream shop, Jen asked for both chocolate and vanilla	At the ice cream shop, Jen asked for both chocolate and vanilla	 vanilla	0.43176538792822794	1
To add flavor to the frosting he added maple syrup and vanilla	To add flavor to the frosting he added maple syrup and vanilla	 vanilla	2.9278663412618036	1
He walked down to the supermarket to buy milk, flour, and vanilla	He walked down to the supermarket to buy milk, flour, and vanilla	 vanilla	8.883486149474976	1
To display the roses, Katie put them in an expensive vase	To display the roses, Katie put them in an expensive vase	 vase	1.4710737561868747	2
The collector of Chinese artifacts had just acquired the expensive vase	The collector of Chinese artifacts had just acquired the expensive vase	 vase	3.9401743328839527	2
The young couple paid lots of money for the expensive vase	The young couple paid lots of money for the expensive vase	 vase	6.652165559569907	2
The bride covered her face with a veil	The bride covered her face with a veil	 veil	1.7642085129552725	1
She wore a beautiful gown and a veil	She wore a beautiful gown and a veil	 veil	3.06514206651187	1
The seamstress sewed two sheets and a veil	The seamstress sewed two sheets and a veil	 veil	7.608895717502615	1
Before the show, the sick opera singer suddenly lost her voice	Before the show, the sick opera singer suddenly lost her voice	 voice	0.1338724165088998	1
Before the cameras started rolling, the actress suddenly lost her voice	Before the cameras started rolling, the actress suddenly lost her voice	 voice	2.158609871888721	1
Before leaving to buy groceries, my aunt suddenly lost her voice	Before leaving to buy groceries, my aunt suddenly lost her voice	 voice	1.6123948378021875	1
In the election, people younger than eighteen aren't allowed to vote	In the election, people younger than eighteen aren't allowed to vote	 vote	0.14496219678373518	1
In countries with strict religious codes, women aren't allowed to vote	In countries with strict religious codes, women aren't allowed to vote	 vote	5.441583992561778	1
On some campuses, many of the students don't want to vote	On some campuses, many of the students don't want to vote	 vote	4.902334631502361	1
The bride refused to invite her father to the wedding	The bride refused to invite her father to the wedding	 wedding	0.4329892690654797	1
Kathy decided not to invite her uncle to the wedding	Kathy decided not to invite her uncle to the wedding	 wedding	1.077854113948606	1
The lazy teenager didn't want to go to the wedding	The lazy teenager didn't want to go to the wedding	 wedding	7.008327546909128	1
The woman would need a raincoat to avoid getting wet	The woman would need a raincoat to avoid getting wet	 wet	1.4632367814009146	1
He didn't drive home because the roads were getting wet	He didn't drive home because the roads were getting wet	 wet	4.195497743029891	1
He doesn't run very often because he hates getting wet	He doesn't run very often because he hates getting wet	 wet	2.9278699218674284	1
The referee was blowing on his whistle	The referee was blowing on his whistle	 whistle	0.24443863533989305	1
None of the players heard his whistle	None of the players heard his whistle	 whistle	6.1374871117319	1
My brother remembered to bring his whistle	My brother remembered to bring his whistle	 whistle	8.35924676605249	1
At the vineyard, he bought a fancy bottle of wine	At the vineyard, he bought a fancy bottle of wine	 wine	1.2284878624347615	1
The waiter forgot to bring me my glass of wine	The waiter forgot to bring me my glass of wine	 wine	1.6215706415715745	1
At the market, he bought a new type of wine	At the market, he bought a new type of wine	 wine	5.4413806468834975	1
Then, the genie granted his third and final wish	Then, the genie granted his third and final wish	 wish	0.04509568139789127	1
The king remembered that he had one final wish	The king remembered that he had one final wish	 wish	4.0275180648410664	1
The young boy had forgotten about his final wish	The young boy had forgotten about his final wish	 wish	5.60741562586214	1
The kids thought that the scary old woman was probably a witch	The kids thought that the scary old woman was probably a witch	 witch	0.9605827458912848	1
For Halloween that year she decided to dress up as a witch	For Halloween that year she decided to dress up as a witch	 witch	3.009561238633587	1
She decided that she shouldn't write a children's story about a witch	She decided that she shouldn't write a children's story about a witch	 witch	4.462834188911625	1
At the sawmill they slice logs into long planks of wood	At the sawmill they slice logs into long planks of wood	 wood	0.9756992797779528	1
To repair the cabinet, he needed several different types of wood	To repair the cabinet, he needed several different types of wood	 wood	2.8382705027571937	1
At the ancient burial site they found weapons made of wood	At the ancient burial site they found weapons made of wood	 wood	3.729707626074208	1
Shearing the sheep produced a large amount of wool	Shearing the sheep produced a large amount of wool	 wool	1.4105781178121648	1
The elderly shepherd sold a large amount of wool	The elderly shepherd sold a large amount of wool	 wool	5.401494728303347	1
The new factory produced a large amount of wool	The new factory produced a large amount of wool	 wool	7.300151033766691	1
The old couple sat together without speaking a single word	The old couple sat together without speaking a single word	 word	0.02745738929470476	1
Despite his best efforts, he couldn't recognize a single word	Despite his best efforts, he couldn't recognize a single word	 word	3.9176406677941813	1
During his stay, the visitor only used a single word	During his stay, the visitor only used a single word	 word	4.734416869638441	1
The kitten was playing with a ball of yarn	The kitten was playing with a ball of yarn	 yarn	0.9066964627133312	1
The old woman was collecting different colors of yarn	The old woman was collecting different colors of yarn	 yarn	4.279914371443356	1
Emily had trouble finding the right color of yarn	Emily had trouble finding the right color of yarn	 yarn	3.455715597042828	1
To record some high school memories, he had everyone sign his yearbook	To record some high school memories, he had everyone sign his yearbook	 yearbook	2.727948442228496	2
In high school, I wrote my boyfriend a message in his yearbook	In high school, I wrote my boyfriend a message in his yearbook	 yearbook	4.384298523675828	2
Apparently, because James didn't have a pen, he couldn't sign his yearbook	Apparently, because James didn't have a pen, he couldn't sign his yearbook	 yearbook	9.017287163695702	2
To see the exotic animals, we took the children to the zoo	To see the exotic animals, we took the children to the zoo	 zoo	1.5415676983720976	1
To see the pretty horses, we took the children to the zoo	To see the pretty horses, we took the children to the zoo	 zoo	3.918156542752184	1
Jennifer asked a close friend if they could go to the zoo	Jennifer asked a close friend if they could go to the zoo	 zoo	4.967498955862657	1
