FullSentence	Sentence	TargetWords	Surprisal	NumTokens
In polluted cities, you can barely breathe the air	In polluted cities, you can barely breathe the air	 air	0.5307224156895777	1
The factory built expensive machines to filter the air	The factory built expensive machines to filter the air	 air	2.228435261912276	1
They suspected there was something wrong with the air	They suspected there was something wrong with the air	 air	4.682449188343568	1
The soldier decided to quit the army	The soldier decided to quit the army	 army	1.4966397763764083	1
George chose not to join the army	George chose not to join the army	 army	4.126398201740794	1
The students were learning about the army	The students were learning about the army	 army	9.649508404028325	1
My sister enjoys poetry, painting, and other forms of art	My sister enjoys poetry, painting, and other forms of art	 art	1.903378461440584	1
Even though she's blind, she appreciates many types of art	Even though she's blind, she appreciates many types of art	 art	2.828321058482912	1
They hired the consultant because of her knowledge of art	They hired the consultant because of her knowledge of art	 art	7.62686453646463	1
They stored all of the Halloween decorations up in the attic	They stored all of the Halloween decorations up in the attic	 attic	0.6770242797225536	1
There were a lot of old clothes stored in the attic	There were a lot of old clothes stored in the attic	 attic	2.4240039609693853	1
The accountant put all of the old documents in the attic	The accountant put all of the old documents in the attic	 attic	4.207507627643953	1
The lumberjack chopped down the tree with his axe	The lumberjack chopped down the tree with his axe	 axe	0.8113366121404219	1
The man walked into the forest carrying his axe	The man walked into the forest carrying his axe	 axe	5.004359486930441	1
My father scared away the burglars with his axe	My father scared away the burglars with his axe	 axe	6.5047276807761865	1
The girl bought a pink tutu because she wanted to learn ballet	The girl bought a pink tutu because she wanted to learn ballet	 ballet	3.6038991469007216	1
The girl had never danced before, but she wanted to learn ballet	The girl had never danced before, but she wanted to learn ballet	 ballet	5.601230392117807	1
The girl was extremely excited that she was going to learn ballet	The girl was extremely excited that she was going to learn ballet	 ballet	6.7380614605852545	1
The man used the helium to inflate the red balloon	The man used the helium to inflate the red balloon	 balloon	0.7896484489388643	1
It was her birthday, so he bought the red balloon	It was her birthday, so he bought the red balloon	 balloon	6.301665285205563	1
The woman at the store was buying the red balloon	The woman at the store was buying the red balloon	 balloon	8.02794183723819	1
The hungry monkey was trying to peel the banana	The hungry monkey was trying to peel the banana	 banana	3.0192665044897216	1
Because of fruit flies, he threw away the banana	Because of fruit flies, he threw away the banana	 banana	6.253179021072568	1
My picky younger brother refused to eat the banana	My picky younger brother refused to eat the banana	 banana	5.796511742868131	1
Jenna loved playing the guitar, so she decided to join the band	Jenna loved playing the guitar, so she decided to join the band	 band	1.5836455038713728	1
On her eighteenth birthday her parents got her tickets see the band	On her eighteenth birthday her parents got her tickets see the band	 band	4.072586682395975	1
After several rounds of auditions, she never heard back from the band	After several rounds of auditions, she never heard back from the band	 band	5.855449286738463	1
The neighborhood dog always kept her awake by barking	The neighborhood dog always kept her awake by barking	 barking	0.9697594707971324	2
Our pets sometimes ask us for treats by barking	Our pets sometimes ask us for treats by barking	 barking	5.885005730154622	2
They knew that Harry kept her awake by barking	They knew that Harry kept her awake by barking	 barking	7.191334666286846	2
Instead of a shower, she decided to take a bath	Instead of a shower, she decided to take a bath	 bath	1.6679838352713192	1
To relax after work, Bill decided to take a bath	To relax after work, Bill decided to take a bath	 bath	4.4374801107078286	1
That weekend, their interior decorator helped them install a bath	That weekend, their interior decorator helped them install a bath	 bath	8.558272148095764	1
My son saw the bird pecking at the soil using its beak	My son saw the bird pecking at the soil using its beak	 beak	1.3012841311494736	2
The bald eagle was trying to attack the hunters using its beak	The bald eagle was trying to attack the hunters using its beak	 beak	2.354442399249213	2
The animal in the zoo enclosure was trying to clean its beak	The animal in the zoo enclosure was trying to clean its beak	 beak	8.111250489792045	2
I asked the maid to change the sheets on the bed	I asked the maid to change the sheets on the bed	 bed	0.5820635763831447	1
The chief of police found the suicide note on the bed	The chief of police found the suicide note on the bed	 bed	5.02738340519449	1
There was a large pile of dirty towels on the bed	There was a large pile of dirty towels on the bed	 bed	2.7753006375396847	1
The honey was produced by a hive of bees	The honey was produced by a hive of bees	 bees	1.3295877809745191	1
She is deathly allergic to those types of bees	She is deathly allergic to those types of bees	 bees	7.0230347553396415	1
The people outside were avoiding the group of bees	The people outside were avoiding the group of bees	 bees	9.89465924827747	1
To wash your clothes whiter, you should add a little bleach	To wash your clothes whiter, you should add a little bleach	 bleach	2.8713260475208178	2
To kill all the bacteria, you should add a little bleach	To kill all the bacteria, you should add a little bleach	 bleach	5.386263634690505	2
To prepare the next sample, you should add a little bleach	To prepare the next sample, you should add a little bleach	 bleach	7.493336510530274	2
The murderer's knife and clothes were covered in blood	The murderer's knife and clothes were covered in blood	 blood	0.5765114814193489	1
The cafeteria in the prison was covered in blood	The cafeteria in the prison was covered in blood	 blood	2.8713948806538863	1
The woman's counter and refrigerator were covered in blood	The woman's counter and refrigerator were covered in blood	 blood	2.1268265251791507	1
My favorite part of Spring is when the flowers begin to bloom	My favorite part of Spring is when the flowers begin to bloom	 bloom	0.8958590562379072	1
The weather's been so nice that the plants have started to bloom	The weather's been so nice that the plants have started to bloom	 bloom	1.4531835844377068	1
We started watering the yard because the plants had begun to bloom	We started watering the yard because the plants had begun to bloom	 bloom	3.6008057699973683	1
Following his orders, the terrorist threatened to drop the bomb	Following his orders, the terrorist threatened to drop the bomb	 bomb	1.4760329181795409	1
To destroy the building, they decided to use the bomb	To destroy the building, they decided to use the bomb	 bomb	5.739620067218587	1
Jonathan was shocked that they decided to use the bomb	Jonathan was shocked that they decided to use the bomb	 bomb	8.553106613932938	1
The author signed a copy of her new book	The author signed a copy of her new book	 book	0.2647802959382561	1
The unsuccessful student went to buy a new book	The unsuccessful student went to buy a new book	 book	3.888111405905264	1
The landlord who lived downstairs bought a new book	The landlord who lived downstairs bought a new book	 book	7.40735517365293	1
The immigrant left Mexico and tried to cross the border	The immigrant left Mexico and tried to cross the border	 border	0.5985174510332543	1
There were lots of intimidating guards stationed at the border	There were lots of intimidating guards stationed at the border	 border	5.07876202144987	1
The kids were scared about trying to cross the border	The kids were scared about trying to cross the border	 border	3.138727398534705	1
Because the work was repetitive, he thought it was boring	Because the work was repetitive, he thought it was boring	 boring	6.587765186703495	1
He visited the museum, and he thought it was boring	He visited the museum, and he thought it was boring	 boring	7.631404539627107	1
He visited the catacombs, and he thought it was boring	He visited the catacombs, and he thought it was boring	 boring	6.872384309926304	1
The archer pulled back the string of his bow	The archer pulled back the string of his bow	 bow	0.2981753986188237	1
While facing the target, he picked up his bow	While facing the target, he picked up his bow	 bow	6.114869890006527	1
On television, the Olympic athlete picked up his bow	On television, the Olympic athlete picked up his bow	 bow	7.191557776390328	1
Jan poured the milk and cereal into her bowl	Jan poured the milk and cereal into her bowl	 bowl	2.7187080200114884	1
The waiter accidentally dropped her spoon and her bowl	The waiter accidentally dropped her spoon and her bowl	 bowl	4.210011486219498	1
Jan was walking and she accidentally dropped her bowl	Jan was walking and she accidentally dropped her bowl	 bowl	8.301654439390099	1
Instead of the accelerator, Maria stepped on the brake	Instead of the accelerator, Maria stepped on the brake	 brake	2.8673149013231765	1
My passengers jumped when I stepped on the brake	My passengers jumped when I stepped on the brake	 brake	2.4960632340341014	1
We were surprised when Maria stepped on the brake	We were surprised when Maria stepped on the brake	 brake	8.287134201993409	1
Laurence got some yeast to bake his own bread	Laurence got some yeast to bake his own bread	 bread	1.9979341557243933	1
Laurence needed some advice before baking his own bread	Laurence needed some advice before baking his own bread	 bread	2.678594434185044	1
Laurence woke up early to make his own bread	Laurence woke up early to make his own bread	 bread	6.801214112707712	1
They got a loan to start their own small business	They got a loan to start their own small business	 business	0.37404629978292697	1
My roommate was hoping to build his own small business	My roommate was hoping to build his own small business	 business	3.5754281006008033	1
They needed some land to build their own small business	They needed some land to build their own small business	 business	3.947276665006844	1
The birthday boy didn't want frosting on his slice of cake	The birthday boy didn't want frosting on his slice of cake	 cake	1.0773954457122763	1
The hungry student decided to buy a small piece of cake	The hungry student decided to buy a small piece of cake	 cake	3.6662306359748102	1
My wife said that she didn't like that kind of cake	My wife said that she didn't like that kind of cake	 cake	6.506236882918946	1
The cow gave birth to the brown calf	The cow gave birth to the brown calf	 calf	2.8129687848527447	1
The farmer gave milk to the brown calf	The farmer gave milk to the brown calf	 calf	4.368893293329191	1
Bill went to check on the brown calf	Bill went to check on the brown calf	 calf	6.976682163282766	1
The boy scouts hurried back to set up camp	The boy scouts hurried back to set up camp	 camp	1.1011497628532558	1
The cheerful woman hurried over to set up camp	The cheerful woman hurried over to set up camp	 camp	6.715470833071072	1
We watched my nephew try to set up camp	We watched my nephew try to set up camp	 camp	6.745519318399838	1
On Halloween, the costumed children grabbed several pieces of candy	On Halloween, the costumed children grabbed several pieces of candy	 candy	1.4292158584937582	1
While touring the factory, Bill sampled several pieces of candy	While touring the factory, Bill sampled several pieces of candy	 candy	7.987171704759888	1
The food scientists were developing a new type of candy	The food scientists were developing a new type of candy	 candy	6.2933467193084	1
The cashier asked the customer to swipe his card	The cashier asked the customer to swipe his card	 card	0.6182673946915039	1
Johnathan told the banker that he'd lost his card	Johnathan told the banker that he'd lost his card	 card	5.398852025782149	1
At security, the guards needed to inspect his card	At security, the guards needed to inspect his card	 card	5.401717473081851	1
In the cartoon, Bugs Bunny was munching on a carrot	In the cartoon, Bugs Bunny was munching on a carrot	 carrot	3.181450258242468	1
The cook was chopping up the parsley and a carrot	The cook was chopping up the parsley and a carrot	 carrot	6.948669273690889	1
In the door of his refrigerator he found a carrot	In the door of his refrigerator he found a carrot	 carrot	10.044972386554436	1
At Costco, the toddler wanted to push the cart	At Costco, the toddler wanted to push the cart	 cart	1.3203848313836704	1
The grocery store employee had to retrieve the cart	The grocery store employee had to retrieve the cart	 cart	4.807580893902332	1
At work, the assistant needed to find the cart	At work, the assistant needed to find the cart	 cart	9.164071379395503	1
The biologist knew that there were bats living in the cave	The biologist knew that there were bats living in the cave	 cave	4.290100195514666	1
The biologist knew that there were bears living in the cave	The biologist knew that there were bears living in the cave	 cave	5.764963092624365	1
The police knew that there were people living in the cave	The police knew that there were people living in the cave	 cave	6.9119885762935445	1
DNA is housed within the nucleus of a cell	DNA is housed within the nucleus of a cell	 cell	0.38302029644429375	1
The scientists were extracting the DNA from a cell	The scientists were extracting the DNA from a cell	 cell	4.789382850227263	1
In his textbook, there's a drawing of a cell	In his textbook, there's a drawing of a cell	 cell	6.311179970827287	1
The teacher walked up to the board and grabbed a piece of chalk	The teacher walked up to the board and grabbed a piece of chalk	 chalk	1.9999327326376324	1
After decades, the instructor decided to switch to a new brand of chalk	After decades, the instructor decided to switch to a new brand of chalk	 chalk	8.068235378672934	1
While searching around in the garage, the man found a piece of chalk	While searching around in the garage, the man found a piece of chalk	 chalk	5.6475955053404245	1
The checkmate abruptly ended their game of chess	The checkmate abruptly ended their game of chess	 chess	2.5956417190476535	1
The two Russians played another round of chess	The two Russians played another round of chess	 chess	3.8761472464374562	1
They were learning another important rule of chess	They were learning another important rule of chess	 chess	5.026523840813022	1
Santa lands on the roof and comes down through the chimney	Santa lands on the roof and comes down through the chimney	 chimney	4.361266537233801	2
The firefighter noticed there was smoke coming out of the chimney	The firefighter noticed there was smoke coming out of the chimney	 chimney	3.0909995679745235	2
Every Spring, my family cleans out the basement and the chimney	Every Spring, my family cleans out the basement and the chimney	 chimney	7.384830099895897	2
The soprano auditioned for the church choir	The soprano auditioned for the church choir	 choir	1.362006241512203	1
Every Easter, they heard the church choir	Every Easter, they heard the church choir	 choir	4.8802134105439965	1
Elizabeth didn't like to attend church choir	Elizabeth didn't like to attend church choir	 choir	10.320049305339753	1
At storytime, the preschoolers have to sit in a circle	At storytime, the preschoolers have to sit in a circle	 circle	0.792746641106009	1
The girl decided to arrange her dolls in a circle	The girl decided to arrange her dolls in a circle	 circle	1.7058742570237393	1
All of the fifth-graders had to get in a circle	All of the fifth-graders had to get in a circle	 circle	2.8722738010210467	1
Above the doorway, he heard the ticking of the old clock	Above the doorway, he heard the ticking of the old clock	 clock	0.9868901877850004	1
In the den, they replaced the battery in the old clock	In the den, they replaced the battery in the old clock	 clock	6.635121207193097	1
After their trip, they replaced the battery in the old clock	After their trip, they replaced the battery in the old clock	 clock	7.518443465533861	1
In a few weeks, the butterfly will emerge from the cocoon	In a few weeks, the butterfly will emerge from the cocoon	 cocoon	3.499350059575838	2
The caterpillar was trying its best to escape from the cocoon	The caterpillar was trying its best to escape from the cocoon	 cocoon	6.903356777867183	2
The biologist used the microscope to see inside of the cocoon	The biologist used the microscope to see inside of the cocoon	 cocoon	7.796696637446722	2
Melissa asks for decaf when ordering her cup of coffee	Melissa asks for decaf when ordering her cup of coffee	 coffee	0.5863614032431501	1
The customer left without finishing his last sip of coffee	The customer left without finishing his last sip of coffee	 coffee	1.910108482524545	1
Melissa has difficulty when she's picking a type of coffee	Melissa has difficulty when she's picking a type of coffee	 coffee	5.014917163416209	1
We had to guess heads or tails when the referee flipped the coin	We had to guess heads or tails when the referee flipped the coin	 coin	0.9211670464806458	1
Because it was rare, he could get some money from selling the coin	Because it was rare, he could get some money from selling the coin	 coin	8.022608508212045	1
He was carrying so much stuff in his hands, he dropped the coin	He was carrying so much stuff in his hands, he dropped the coin	 coin	7.331443146887604	1
The boy scout navigated using a map and a compass	The boy scout navigated using a map and a compass	 compass	1.0221267515308359	1
My brother always carried a pocket knife and a compass	My brother always carried a pocket knife and a compass	 compass	5.046803904954817	1
The boyscout always carried a first-aid kit and a compass	The boyscout always carried a first-aid kit and a compass	 compass	5.175369906754104	1
Lauren turned on the TV and flopped down on the couch	Lauren turned on the TV and flopped down on the couch	 couch	0.5619855379332168	1
They were worried that the cat would tear up the couch	They were worried that the cat would tear up the couch	 couch	4.154302655077348	1
Before painting, the contractors laid down a tarp on the couch	Before painting, the contractors laid down a tarp on the couch	 couch	8.668383873586924	1
Eric sued the taxi driver and took him to court	Eric sued the taxi driver and took him to court	 court	0.2583146557868862	1
Susan was angry at Eric and took him to court	Susan was angry at Eric and took him to court	 court	4.0994089527693935	1
Eric picked up his friend and brought him to court	Eric picked up his friend and brought him to court	 court	8.786704963505773	1
Jesus was crucified on a large wooden cross	Jesus was crucified on a large wooden cross	 cross	0.16294601668267258	1
The nuns were praying beside the wooden cross	The nuns were praying beside the wooden cross	 cross	0.8750621605694245	1
In the gallery, there was a wooden cross	In the gallery, there was a wooden cross	 cross	3.8870818530343563	1
On the queen's head, the priest placed a golden crown	On the queen's head, the priest placed a golden crown	 crown	1.4396799894995769	1
On the king's nightstand, the men saw a golden crown	On the king's nightstand, the men saw a golden crown	 crown	2.853387941086297	1
The merchant paid for the goods with a golden crown	The merchant paid for the goods with a golden crown	 crown	3.694863287087776	1
The disease is fatal as there is no known cure	The disease is fatal as there is no known cure	 cure	0.90983668253175	1
This danger is real and there is no known cure	This danger is real and there is no known cure	 cure	0.9329813300812392	1
We heard that the remote island has no known cure	We heard that the remote island has no known cure	 cure	8.794528532406245	1
Camels can travel across the hot sands of the desert	Camels can travel across the hot sands of the desert	 desert	2.4893567496392066	1
Somehow, farmers were able to grow crops in the desert	Somehow, farmers were able to grow crops in the desert	 desert	3.3410907279976088	1
The young students learned some interesting facts about the desert	The young students learned some interesting facts about the desert	 desert	7.482839997416461	1
Late at the office, Victor can always be found sitting at his desk	Late at the office, Victor can always be found sitting at his desk	 desk	0.6464124703908495	1
My friend always kept a large bag of chocolate bars in his desk	My friend always kept a large bag of chocolate bars in his desk	 desk	3.388975300525989	1
When I came home yesterday, I saw that Victor was fixing his desk	When I came home yesterday, I saw that Victor was fixing his desk	 desk	6.345573649154729	1
To prevent a mess, the caregiver checked the baby's diaper	To prevent a mess, the caregiver checked the baby's diaper	 diaper	3.3700857531327126	2
Before leaving the driveway, my wife checked the baby's diaper	Before leaving the driveway, my wife checked the baby's diaper	 diaper	1.854218253347224	2
Before leaving the maternity ward, someone checked the baby's diaper	Before leaving the maternity ward, someone checked the baby's diaper	 diaper	5.140705252996878	2
To take her turn at Monopoly, Helen rolled both of the dice	To take her turn at Monopoly, Helen rolled both of the dice	 dice	2.5396319722995107	1
They weren't able to play Monopoly, because they had lost the dice	They weren't able to play Monopoly, because they had lost the dice	 dice	5.501191487166673	1
While cleaning out the cluttered closet, Helen found both of the dice	While cleaning out the cluttered closet, Helen found both of the dice	 dice	10.691289943813645	1
My medical records are accessible to the nurse and the doctor	My medical records are accessible to the nurse and the doctor	 doctor	1.800631170632683	1
The young woman was inspired by the scientist and the doctor	The young woman was inspired by the scientist and the doctor	 doctor	4.989303914545733	1
She had to be interviewed by the lawyer and the doctor	She had to be interviewed by the lawyer and the doctor	 doctor	5.230916013372531	1
The bird typically used to symbolize peace is a white dove	The bird typically used to symbolize peace is a white dove	 dove	2.9359111570662724	1
Perched up on the powerline he saw a small, white dove	Perched up on the powerline he saw a small, white dove	 dove	7.014273403448786	1
In the corner of his eye he saw a white dove	In the corner of his eye he saw a white dove	 dove	6.447266630153756	1
Maria thought she looked great in her little black dress	Maria thought she looked great in her little black dress	 dress	0.17332697380437356	1
In her bedroom, she was looking for her black dress	In her bedroom, she was looking for her black dress	 dress	2.653135289192589	1
When she moved away, my girlfriend sold the black dress	When she moved away, my girlfriend sold the black dress	 dress	3.7926152543723197	1
He was very thirsty and needed something to drink	He was very thirsty and needed something to drink	 drink	0.3743136259382679	1
At the restaurant, he didn't want anything to drink	At the restaurant, he didn't want anything to drink	 drink	3.9667323172087072	1
When school ended, my friends just wanted to drink	When school ended, my friends just wanted to drink	 drink	5.496725928974918	1
The lake had dried up after last year's drought	The lake had dried up after last year's drought	 drought	3.2124769675596103	1
They mortgaged all their land after last year's drought	They mortgaged all their land after last year's drought	 drought	3.3494118231364234	1
They started filming a documentary about last year's drought	They started filming a documentary about last year's drought	 drought	6.14776242141491	1
My wife hangs the wet clothes outside to dry	My wife hangs the wet clothes outside to dry	 dry	0.02958482195498818	1
The farmer was waiting for the field to dry	The farmer was waiting for the field to dry	 dry	1.4605220644316257	1
The driver was waiting for the car to dry	The driver was waiting for the car to dry	 dry	9.818993837310767	1
Her fridge was empty, and she had nothing to eat	Her fridge was empty, and she had nothing to eat	 eat	1.1494930779491568	1
The premiere was starting, and she had nothing to eat	The premiere was starting, and she had nothing to eat	 eat	5.49808733979169	1
My cousin was bored, and she had nothing to eat	My cousin was bored, and she had nothing to eat	 eat	5.137183453203226	1
The hen was going to lay some more eggs	The hen was going to lay some more eggs	 eggs	0.4316586657849309	1
The man really wanted to fry some more eggs	The man really wanted to fry some more eggs	 eggs	3.133351869584831	1
The girl was planning to buy some more eggs	The girl was planning to buy some more eggs	 eggs	5.886456668872612	1
The senator campaigned in order to win the election	The senator campaigned in order to win the election	 election	2.8617329768094253	1
The senator's wife was very angry about the election	The senator's wife was very angry about the election	 election	5.8270609493083825	1
My roommate needed to learn more about the election	My roommate needed to learn more about the election	 election	8.84145942072017	1
In Santa's workshop, the toys are made by the elves	In Santa's workshop, the toys are made by the elves	 elves	8.06659621934394	2
His children thought the games were made by the elves	His children thought the games were made by the elves	 elves	8.127384057184004	2
Timmy wanted to hear another bedtime story about the elves	Timmy wanted to hear another bedtime story about the elves	 elves	7.661140811622949	2
Melissa was crying, and we saw tears in her eyes	Melissa was crying, and we saw tears in her eyes	 eyes	0.0902475014713934	1
During the checkup, the doctor looked carefully into her eyes	During the checkup, the doctor looked carefully into her eyes	 eyes	0.8885675466136849	1
Her new wallpaper was the same color as her eyes	Her new wallpaper was the same color as her eyes	 eyes	4.650565964344843	1
Old McDonald had plenty of animals on his farm	Old McDonald had plenty of animals on his farm	 farm	1.7108205312447278	1
My uncle planted lots of trees on his farm	My uncle planted lots of trees on his farm	 farm	2.13815757870445	1
My uncle is installing solar panels on his farm	My uncle is installing solar panels on his farm	 farm	4.583055481914117	1
Because he loved to work the land, Jim became a farmer	Because he loved to work the land, Jim became a farmer	 farmer	2.4264452147626807	1
After returning home from the big city, Jim became a farmer	After returning home from the big city, Jim became a farmer	 farmer	5.574387292408193	1
After he returned home from his travels, Jim became a farmer	After he returned home from his travels, Jim became a farmer	 farmer	5.667806851440443	1
Before mopping, he had to sweep the floor	Before mopping, he had to sweep the floor	 floor	1.2615783461813503	1
All the books were stacked on the floor	All the books were stacked on the floor	 floor	2.150437473079349	1
After the party the butler cleaned the floor	After the party the butler cleaned the floor	 floor	3.0897169657694916	1
To keep the dough from sticking, she dusted her hands with flour	To keep the dough from sticking, she dusted her hands with flour	 flour	0.5411678542636522	1
The chef dumped out the measuring cup that was filled with flour	The chef dumped out the measuring cup that was filled with flour	 flour	5.264114738305867	1
At the end of the day, her clothes were covered with flour	At the end of the day, her clothes were covered with flour	 flour	5.796040759368008	1
Pam received a rose, but preferred any other species of flower	Pam received a rose, but preferred any other species of flower	 flower	1.793967369258415	1
As an anniversary gift, she received a rare kind of flower	As an anniversary gift, she received a rare kind of flower	 flower	6.455505400952499	1
Charlotte finished reading a book about a rare kind of flower	Charlotte finished reading a book about a rare kind of flower	 flower	4.634118069788051	1
After the goose injured its wing, it could no longer fly	After the goose injured its wing, it could no longer fly	 fly	0.6372717772045149	1
When it's locked in a cage, it can no longer fly	When it's locked in a cage, it can no longer fly	 fly	4.345104380522189	1
When he dropped the new toy, it could no longer fly	When he dropped the new toy, it could no longer fly	 fly	4.894764795769984	1
The editor, who hates Times New Roman, decided to switch the font	The editor, who hates Times New Roman, decided to switch the font	 font	1.5312260718063757	1
Brenda is the editor, and she recently decided to switch the font	Brenda is the editor, and she recently decided to switch the font	 font	6.970471206232483	1
Brenda had a change of heart and decided to switch the font	Brenda had a change of heart and decided to switch the font	 font	7.996477774795703	1
To display the beautiful photo, she ordered an elegant frame	To display the beautiful photo, she ordered an elegant frame	 frame	6.211243854216432	1
The burglar stole the painting but left the elegant frame	The burglar stole the painting but left the elegant frame	 frame	4.066325849101194	1
While she was shopping yesterday, she bought an elegant frame	While she was shopping yesterday, she bought an elegant frame	 frame	7.4896591939520025	1
Apples are definitely his favorite type of fruit	Apples are definitely his favorite type of fruit	 fruit	0.17389280516801628	1
The farmers were selling a lot of fruit	The farmers were selling a lot of fruit	 fruit	4.354351452946768	1
Jason brought his parents a lot of fruit	Jason brought his parents a lot of fruit	 fruit	6.320540139907383	1
Gasoline usually costs about three dollars for a gallon	Gasoline usually costs about three dollars for a gallon	 gallon	0.1852136334893367	1
The thirsty police officer could probably drink a gallon	The thirsty police officer could probably drink a gallon	 gallon	2.7709365445046554	1
The store always charged too much for a gallon	The store always charged too much for a gallon	 gallon	5.143607460870579	1
Her vision was terrible, and she has to wear glasses	Her vision was terrible, and she has to wear glasses	 glasses	1.850081021261194	1
She looks very different when she has to wear glasses	She looks very different when she has to wear glasses	 glasses	3.3385266101567472	1
Her mother was adamant that she has to wear glasses	Her mother was adamant that she has to wear glasses	 glasses	4.443878504324592	1
The doctor wore the sterile rubber gloves	The doctor wore the sterile rubber gloves	 gloves	0.4318008921903876	1
The trainee used the thick rubber gloves	The trainee used the thick rubber gloves	 gloves	1.959675233656468	1
The child carried the black rubber gloves	The child carried the black rubber gloves	 gloves	4.350852480504245	1
The soccer team celebrated after their player scored a goal	The soccer team celebrated after their player scored a goal	 goal	0.5365033719594419	1
Their team never won, because they never got a goal	Their team never won, because they never got a goal	 goal	3.446943721953303	1
He knew that it was important to have a goal	He knew that it was important to have a goal	 goal	6.554247732394608	1
The collector's most valuable coins were made of silver and gold	The collector's most valuable coins were made of silver and gold	 gold	1.1382166948827452	1
The miners were able to extract lots of iron and gold	The miners were able to extract lots of iron and gold	 gold	3.1985677330362767	1
Brazil is known to import lots of lumber, livestock, and gold	Brazil is known to import lots of lumber, livestock, and gold	 gold	5.280256610316074	1
Before eating dinner, the family held hands to say grace	Before eating dinner, the family held hands to say grace	 grace	4.341268893311896	1
The family wondered whether the visitors wanted to say grace	The family wondered whether the visitors wanted to say grace	 grace	5.184489768036263	1
Timmy listened to hear if the men would say grace	Timmy listened to hear if the men would say grace	 grace	5.803024108188198	1
On the mashed potatoes she poured a delicious gravy	On the mashed potatoes she poured a delicious gravy	 gravy	4.898270193002278	2
She thickened the stock to make a delicious gravy	She thickened the stock to make a delicious gravy	 gravy	3.946392999655801	2
The restaurant was famous for making a delicious gravy	The restaurant was famous for making a delicious gravy	 gravy	7.18779659466361	2
The passwords were stolen by a brilliant hacker	The passwords were stolen by a brilliant hacker	 hacker	0.7719327077596975	1
The security experts were arresting a brilliant hacker	The security experts were arresting a brilliant hacker	 hacker	3.6128331608219297	1
The software was designed by a brilliant hacker	The software was designed by a brilliant hacker	 hacker	6.832271053297761	1
The barber gave Brian a nice looking haircut	The barber gave Brian a nice looking haircut	 haircut	2.4504454957974917	3
That weekend, Brian got a nice looking haircut	That weekend, Brian got a nice looking haircut	 haircut	5.759486413486973	3
We noticed Brian had a nice looking haircut	We noticed Brian had a nice looking haircut	 haircut	6.850123792599463	3
The angry visitor said hello, but he refused to shake my hand	The angry visitor said hello, but he refused to shake my hand	 hand	0.06446850253198352	1
I couldn't finish writing, because there was something wrong with my hand	I couldn't finish writing, because there was something wrong with my hand	 hand	4.680592285206235	1
I was very uncomfortable because I had a cramp in my hand	I was very uncomfortable because I had a cramp in my hand	 hand	4.862547577738753	1
The child couldn't carry the luggage because it was too heavy	The child couldn't carry the luggage because it was too heavy	 heavy	0.5152171506686735	1
Ben didn't like his vacuum cleaner because it was too heavy	Ben didn't like his vacuum cleaner because it was too heavy	 heavy	3.296791996622328	1
The hikers didn't buy the tent because it was too heavy	The hikers didn't buy the tent because it was too heavy	 heavy	2.9369177053830846	1
They didn't have a puck or skates, so they couldn't play hockey	They didn't have a puck or skates, so they couldn't play hockey	 hockey	4.339733698828374	1
My brother got his teeth knocked out while trying to play hockey	My brother got his teeth knocked out while trying to play hockey	 hockey	4.761010612646743	1
Because football season is over, Bill is now training to play hockey	Because football season is over, Bill is now training to play hockey	 hockey	5.4951640767432055	1
The fisherman attached the worm to the hook	The fisherman attached the worm to the hook	 hook	3.720324186597721	1
We definitely saw the fish swallow the hook	We definitely saw the fish swallow the hook	 hook	6.587999255255343	1
James didn't have enough money for the hook	James didn't have enough money for the hook	 hook	9.868508110190518	1
To water the huge garden, they needed a long hose	To water the huge garden, they needed a long hose	 hose	2.634015481930481	1
Outside in the back yard, they needed a long hose	Outside in the back yard, they needed a long hose	 hose	5.53220220628181	1
Over at the loading dock, they needed a long hose	Over at the loading dock, they needed a long hose	 hose	6.058716214793719	1
For their anniversary in Seattle, they booked a room at a nice hotel	For their anniversary in Seattle, they booked a room at a nice hotel	 hotel	0.6854815378424748	1
For the wedding reception, they were supposed to meet at a nice hotel	For the wedding reception, they were supposed to meet at a nice hotel	 hotel	2.8064883978934563	1
The investment banker was supposed to meet his client at a nice hotel	The investment banker was supposed to meet his client at a nice hotel	 hotel	1.7223435289491509	1
After hours of brainstorming, they had run out of ideas	After hours of brainstorming, they had run out of ideas	 ideas	1.0509989700728175	1
The consultant said that he had run out of ideas	The consultant said that he had run out of ideas	 ideas	3.2991456037206297	1
The chef said that he had run out of ideas	The chef said that he had run out of ideas	 ideas	3.1913073735406754	1
Using ice and snow, the traditional Eskimo family built a small igloo	Using ice and snow, the traditional Eskimo family built a small igloo	 igloo	3.7431578890794017	2
To get warm, the two arctic explorers climbed inside a small igloo	To get warm, the two arctic explorers climbed inside a small igloo	 igloo	4.463657716459106	2
The shivering family was huddled in the shelter of a small igloo	The shivering family was huddled in the shelter of a small igloo	 igloo	7.596511060972098	2
His green pen had just run out of ink	His green pen had just run out of ink	 ink	0.1246390076823742	1
The famous writer had just run out of ink	The famous writer had just run out of ink	 ink	6.544010165999343	1
The supply cabinet had just run out of ink	The supply cabinet had just run out of ink	 ink	6.533837631309799	1
The diabetic lady needed to inject some insulin	The diabetic lady needed to inject some insulin	 insulin	1.062057797115037	1
She brought the needle to inject some insulin	She brought the needle to inject some insulin	 insulin	5.621727006560984	1
The homeless woman tried to inject some insulin	The homeless woman tried to inject some insulin	 insulin	3.960518546926135	1
I smoothed out the wrinkled pants with the new iron	I smoothed out the wrinkled pants with the new iron	 iron	5.437951587565191	1
I accidentally burned my hand while using the new iron	I accidentally burned my hand while using the new iron	 iron	7.964971397040548	1
I saw some steam coming out of the new iron	I saw some steam coming out of the new iron	 iron	8.698181693322596	1
The sailors saw a single palm tree in the center of the island	The sailors saw a single palm tree in the center of the island	 island	3.484235341219664	1
The rescue workers recently found an old hermit living alone on the island	The rescue workers recently found an old hermit living alone on the island	 island	2.848101944552832	1
The rescue workers just learned that the captain had died on the island	The rescue workers just learned that the captain had died on the island	 island	4.7601354888815335	1
She smothered the sandwich with peanut butter and lots of jelly	She smothered the sandwich with peanut butter and lots of jelly	 jelly	4.35234225728643	1
Every Spring, the farmers would make jam and lots of jelly	Every Spring, the farmers would make jam and lots of jelly	 jelly	5.498492420027776	1
At Costco, she bought some crisp apples and lots of jelly	At Costco, she bought some crisp apples and lots of jelly	 jelly	5.519147462740034	1
He usually eats a whole orange rather than just drinking the juice	He usually eats a whole orange rather than just drinking the juice	 juice	0.5303324434826563	1
My husband was flipping the pancakes and I was pouring the juice	My husband was flipping the pancakes and I was pouring the juice	 juice	5.9119111185326	1
The elderly man started to choke and sputter while drinking the juice	The elderly man started to choke and sputter while drinking the juice	 juice	4.7290186226947455	1
She's locked out because she forgot to take her keys	She's locked out because she forgot to take her keys	 keys	3.900895590995841	1
As she rushed out, she forgot to take her keys	As she rushed out, she forgot to take her keys	 keys	4.479831201503228	1
While running her errands, she forgot to take her keys	While running her errands, she forgot to take her keys	 keys	4.6450372782272735	1
The curse could only be broken by her true love's first kiss	The curse could only be broken by her true love's first kiss	 kiss	1.4006312323633583	1
Emma bragged to her friends that she had gotten her first kiss	Emma bragged to her friends that she had gotten her first kiss	 kiss	3.204223754018249	1
She didn't want to make a judgement based on the first kiss	She didn't want to make a judgement based on the first kiss	 kiss	7.374764388365928	1
They were cutting the cake using a silver knife	They were cutting the cake using a silver knife	 knife	2.7953696909555354	1
We decided to buy the cook a silver knife	We decided to buy the cook a silver knife	 knife	7.075797683465923	1
When my grandfather died, I inherited a silver knife	When my grandfather died, I inherited a silver knife	 knife	7.46460916407183	1
The wide highway downtown has more than six lanes	The wide highway downtown has more than six lanes	 lanes	1.6269031712569462	1
The group of bikers crossed more than six lanes	The group of bikers crossed more than six lanes	 lanes	4.991093692308972	1
The marathon runners will cross more than six lanes	The marathon runners will cross more than six lanes	 lanes	5.923853154009173	1
The birthday card was funny and made me laugh	The birthday card was funny and made me laugh	 laugh	1.4771309924717506	1
The coach of our team always made me laugh	The coach of our team always made me laugh	 laugh	3.0626460137657014	1
My supervisor and coworkers have never seen me laugh	My supervisor and coworkers have never seen me laugh	 laugh	5.138761380648296	1
The owner paid the children to mow the lawn	The owner paid the children to mow the lawn	 lawn	0.6546370726226407	1
We saw our neighbor was working on the lawn	We saw our neighbor was working on the lawn	 lawn	4.933680299868673	1
We saw the man walking barefoot across the lawn	We saw the man walking barefoot across the lawn	 lawn	4.423252198694117	1
When the company sued him, he decided to hire a lawyer	When the company sued him, he decided to hire a lawyer	 lawyer	1.0785947418999546	1
When he crashed his car, he decided to hire a lawyer	When he crashed his car, he decided to hire a lawyer	 lawyer	2.9017996192348128	1
When he crashed his car, he decided to call a lawyer	When he crashed his car, he decided to call a lawyer	 lawyer	4.0901735210647585	1
The motorcycle jacket was made out of black leather	The motorcycle jacket was made out of black leather	 leather	1.4321237295301612	1
Her new skirt was made out of black leather	Her new skirt was made out of black leather	 leather	3.2293094382664864	1
For her project, she bought lots of black leather	For her project, she bought lots of black leather	 leather	5.25604127768014	1
Bill raked up all the leaves	Bill raked up all the leaves	 leaves	10.305553086798856	1
The breeze lifted all the leaves	The breeze lifted all the leaves	 leaves	3.0645561289682792	1
Watson gathered up all the leaves	Watson gathered up all the leaves	 leaves	7.207787527539793	1
Because Peter never told the truth, everyone knew he was a liar	Because Peter never told the truth, everyone knew he was a liar	 liar	1.1686627111480927	1
When Peter's dark secret was discovered, everyone knew he was a liar	When Peter's dark secret was discovered, everyone knew he was a liar	 liar	4.39264932487577	1
When Peter got out of prison, everyone knew he was a liar	When Peter got out of prison, everyone knew he was a liar	 liar	6.395589703434142	1
Because it was overdue, Billy returned the book to the library	Because it was overdue, Billy returned the book to the library	 library	1.5986178080324225	1
To get some peace and quiet he went to the library	To get some peace and quiet he went to the library	 library	3.977205555089793	1
After finishing up at the store, they went to the library	After finishing up at the store, they went to the library	 library	4.722406438256108	1
It was dark in the bedroom, so she turned on the light	It was dark in the bedroom, so she turned on the light	 light	1.0303635562696318	1
She couldn't read the book because her brother was blocking the light	She couldn't read the book because her brother was blocking the light	 light	3.0429636568964264	1
You can damage your vision if you keep staring at the light	You can damage your vision if you keep staring at the light	 light	5.687277256771361	1
Before meeting Brad, she put on black eyeliner and some red lipstick	Before meeting Brad, she put on black eyeliner and some red lipstick	 lipstick	0.3900507748491907	2
At the premier, she wore a black dress and some red lipstick	At the premier, she wore a black dress and some red lipstick	 lipstick	0.9327745104622448	2
At the store, she bought some black pens and some red lipstick	At the store, she bought some black pens and some red lipstick	 lipstick	5.963975708065503	2
I had to go inside because the jackhammer was very loud	I had to go inside because the jackhammer was very loud	 loud	0.15790762532241878	1
The kid who was playing on the playground was very loud	The kid who was playing on the playground was very loud	 loud	4.224384651935953	1
She saw her coworker at the bar, who was very loud	She saw her coworker at the bar, who was very loud	 loud	5.829537616534785	1
He didn't eat breakfast, and he forgot to pack his lunch	He didn't eat breakfast, and he forgot to pack his lunch	 lunch	0.7736023058594004	1
For the student's daytrip, he had forgotten to bring his lunch	For the student's daytrip, he had forgotten to bring his lunch	 lunch	4.743815041416311	1
He was late because he had to pick up his lunch	He was late because he had to pick up his lunch	 lunch	8.35234469930741	1
The gentleman lit the candle using a single match	The gentleman lit the candle using a single match	 match	2.478836504300111	1
The forest fire was started by a single match	The forest fire was started by a single match	 match	6.16924685630299	1
None of the man's coworkers had a single match	None of the man's coworkers had a single match	 match	9.004802710303277	1
Ben was great at remembering numbers because he had a good memory	Ben was great at remembering numbers because he had a good memory	 memory	0.7934159351279878	1
Ben always did well in Biology because he had a good memory	Ben always did well in Biology because he had a good memory	 memory	3.5954603792135247	1
Ben was always an excellent employee because he had a good memory	Ben was always an excellent employee because he had a good memory	 memory	6.776900025323597	1
The dairy cow produced a lot of milk	The dairy cow produced a lot of milk	 milk	0.4754042253921518	1
The large jug held a lot of milk	The large jug held a lot of milk	 milk	4.977979201270872	1
The local farmers produced a lot of milk	The local farmers produced a lot of milk	 milk	3.7378816367233343	1
The hikers climbed to the summit of the mountain	The hikers climbed to the summit of the mountain	 mountain	2.2967023713058428	1
The couple camped near the side of the mountain	The couple camped near the side of the mountain	 mountain	3.3140066638645145	1
The scholars learned about the history of the mountain	The scholars learned about the history of the mountain	 mountain	7.967861530662723	1
After the body was discovered, our neighbor was arrested for murder	After the body was discovered, our neighbor was arrested for murder	 murder	3.623873965428309	1
Our son was innocent and shouldn't have been arrested for murder	Our son was innocent and shouldn't have been arrested for murder	 murder	3.2296057842343693	1
When the building burned down, the man was arrested for murder	When the building burned down, the man was arrested for murder	 murder	3.8175547688621414	1
Before the weight lifting tournament, he needed to build some muscle	Before the weight lifting tournament, he needed to build some muscle	 muscle	1.0163078257019351	1
The head of the cheerleading squad needed to build some muscle	The head of the cheerleading squad needed to build some muscle	 muscle	3.6208316619225163	1
After arriving at the campus, he wanted to build some muscle	After arriving at the campus, he wanted to build some muscle	 muscle	7.448960825575899	1
The burgers were messy, so he made sure to grab a napkin	The burgers were messy, so he made sure to grab a napkin	 napkin	4.550824481499554	2
At the diner, the waitress had forgotten to bring him a napkin	At the diner, the waitress had forgotten to bring him a napkin	 napkin	3.8783061912438592	2
When he was walking past the kitchen he accidentally dropped a napkin	When he was walking past the kitchen he accidentally dropped a napkin	 napkin	6.0248124947692965	2
They had to walk single file because the path was too narrow	They had to walk single file because the path was too narrow	 narrow	1.0209921394482904	1
They decided to use the elevator because the stairwell was too narrow	They decided to use the elevator because the stairwell was too narrow	 narrow	1.2780721943290807	1
They decided not to go rafting because the river was too narrow	They decided not to go rafting because the river was too narrow	 narrow	4.958978942601629	1
Of all the animals, the giraffe is known for its long neck	Of all the animals, the giraffe is known for its long neck	 neck	1.9320781603406498	1
Of all the animals, the flamingo is known for its long neck	Of all the animals, the flamingo is known for its long neck	 neck	2.9484686487319247	1
Of all the animals, the peacock is known for its long neck	Of all the animals, the peacock is known for its long neck	 neck	2.817969306596521	1
She couldn't get the thread through the eye of the needle	She couldn't get the thread through the eye of the needle	 needle	0.08346811539161059	1
The woman accidentally poked herself with the tip of the needle	The woman accidentally poked herself with the tip of the needle	 needle	3.960401334653016	1
During arts and crafts she broke the tip of the needle	During arts and crafts she broke the tip of the needle	 needle	4.8481346371330885	1
Before laying its eggs, the robin had to build a nest	Before laying its eggs, the robin had to build a nest	 nest	0.3521364005486684	1
Up in the poplar tree, the stray cat found a nest	Up in the poplar tree, the stray cat found a nest	 nest	3.9795337009157743	1
While cleaning up outside, Jerry had to throw away a nest	While cleaning up outside, Jerry had to throw away a nest	 nest	8.705685357717144	1
The volleyball shot barely made it over the net	The volleyball shot barely made it over the net	 net	0.9789156849259916	1
The referee saw the ball roll under the net	The referee saw the ball roll under the net	 net	3.893807404636009	1
Samantha and Karen suspected it was under the net	Samantha and Karen suspected it was under the net	 net	8.896351911042187	1
Because they are nocturnal creatures, all bats hunt at night	Because they are nocturnal creatures, all bats hunt at night	 night	0.14875360182403008	1
To keep their relationship secret, they usually meet at night	To keep their relationship secret, they usually meet at night	 night	3.495727899952886	1
The student was going to get her degree at night	The student was going to get her degree at night	 night	5.10258070581814	1
Jack forgot about the cookies baking in the oven	Jack forgot about the cookies baking in the oven	 oven	0.30401308717131104	1
Jack remembered that he left something in the oven	Jack remembered that he left something in the oven	 oven	5.049719107450347	1
Jack remembered that he needed to clean the oven	Jack remembered that he needed to clean the oven	 oven	6.178744897833754	1
The heroin addict died of an overdose	The heroin addict died of an overdose	 overdose	0.18690970027657053	1
They used naloxone to treat an overdose	They used naloxone to treat an overdose	 overdose	1.8160444957604207	1
The celebrity showed signs of an overdose	The celebrity showed signs of an overdose	 overdose	4.423109263970825	1
The artist dipped her brush into a fresh can of paint	The artist dipped her brush into a fresh can of paint	 paint	1.3311533525186734	1
At Home Depot they didn't sell the right kind of paint	At Home Depot they didn't sell the right kind of paint	 paint	4.272299270106724	1
Erica had always wanted to try a new type of paint	Erica had always wanted to try a new type of paint	 paint	5.358718604911824	1
The student opened his notebook and pulled out a piece of paper	The student opened his notebook and pulled out a piece of paper	 paper	0.28384936525239984	1
In all his chemistry classes, the student used a lot of paper	In all his chemistry classes, the student used a lot of paper	 paper	7.493689099232657	1
The two researchers working in the clinical program needed lots of paper	The two researchers working in the clinical program needed lots of paper	 paper	7.058932814277491	1
For my mother's birthday, we threw a huge party	For my mother's birthday, we threw a huge party	 party	1.3629461509773668	1
On the last day, there was a huge party	On the last day, there was a huge party	 party	3.973596846244944	1
Right beside the lake, there was a huge party	Right beside the lake, there was a huge party	 party	7.4106148463774755	1
The website login asks for my username and password	The website login asks for my username and password	 password	0.1305881433814229	1
Tim had forgotten his mother's email address and password	Tim had forgotten his mother's email address and password	 password	5.254660825063669	1
Tim's classmate tried to steal his phone and password	Tim's classmate tried to steal his phone and password	 password	7.729375460672243	1
In the story, the wolf chased the three little pigs	In the story, the wolf chased the three little pigs	 pigs	4.319459814696517	1
The farmer was raising cows and lots of little pigs	The farmer was raising cows and lots of little pigs	 pigs	2.9959192882334036	1
Bill checked outside, but he didn't see the little pigs	Bill checked outside, but he didn't see the little pigs	 pigs	9.719114139797119	1
The tooth fairy was supposed to leave money under her pillow	The tooth fairy was supposed to leave money under her pillow	 pillow	0.6880012609052857	1
My cousin usually kept her phone plugged in under her pillow	My cousin usually kept her phone plugged in under her pillow	 pillow	1.2329872458455342	1
When her wallet was missing, she found it under her pillow	When her wallet was missing, she found it under her pillow	 pillow	1.671538096735925	1
On the plane, Timmy went up to the cockpit to meet the pilot	On the plane, Timmy went up to the cockpit to meet the pilot	 pilot	1.9906495932698076	1
When they arrived at their destination, the passengers got to meet the pilot	When they arrived at their destination, the passengers got to meet the pilot	 pilot	4.709804693242867	1
When we were told we had to evacuate, we listened to the pilot	When we were told we had to evacuate, we listened to the pilot	 pilot	7.846458852838698	1
The airport was crowded, and the passengers couldn't board the plane	The airport was crowded, and the passengers couldn't board the plane	 plane	1.1609356506027289	1
After a three hour wait, the passengers could see the plane	After a three hour wait, the passengers could see the plane	 plane	4.804694220200937	1
After a three hour wait, the men could see the plane	After a three hour wait, the men could see the plane	 plane	6.405093838640871	1
The king died because the assassin filled his cup with poison	The king died because the assassin filled his cup with poison	 poison	1.6927573227377384	1
They were finally able to solve the mouse problem with poison	They were finally able to solve the mouse problem with poison	 poison	12.464128531736774	1
The small dagger that the soldier carried was covered with poison	The small dagger that the soldier carried was covered with poison	 poison	7.301834086391372	1
The gym won't let me swim in their heated pool	The gym won't let me swim in their heated pool	 pool	0.361449587480847	1
They needed to add more water to the heated pool	They needed to add more water to the heated pool	 pool	1.2337553410309474	1
The men said that I shouldn't approach the heated pool	The men said that I shouldn't approach the heated pool	 pool	5.962995757242321	1
She added chives and sour cream to the baked potato	She added chives and sour cream to the baked potato	 potato	2.671384825756589	1
He opened up the oven to remove the baked potato	He opened up the oven to remove the baked potato	 potato	3.5394931341026536	1
The waiter recommended the seafood linguini or the baked potato	The waiter recommended the seafood linguini or the baked potato	 potato	4.6253745963290624	1
The parents of the awarded athlete felt very proud	The parents of the awarded athlete felt very proud	 proud	3.311404992526868	1
The owner of the Italian restaurant felt very proud	The owner of the Italian restaurant felt very proud	 proud	5.499194630918133	1
After his final chemo treatment, he felt very proud	After his final chemo treatment, he felt very proud	 proud	6.4175389699880485	1
The water from her umbrella collected in a big puddle	The water from her umbrella collected in a big puddle	 puddle	4.1552252415986874	2
The steam from her shower collected in a big puddle	The steam from her shower collected in a big puddle	 puddle	4.342749567305875	2
The drinks that they didn't finish made a big puddle	The drinks that they didn't finish made a big puddle	 puddle	10.178259444661226	2
When the paramedic arrived, he checked the victim's wrist for a pulse	When the paramedic arrived, he checked the victim's wrist for a pulse	 pulse	0.11703873062087015	1
When the expert arrived, he immediately checked the woman for a pulse	When the expert arrived, he immediately checked the woman for a pulse	 pulse	2.4282712575350063	1
When the detective arrived at the scene, he looked for a pulse	When the detective arrived at the scene, he looked for a pulse	 pulse	4.438096587680955	1
For Halloween, they were carving a large pumpkin	For Halloween, they were carving a large pumpkin	 pumpkin	2.651431537853662	1
For the pie, they bought a large pumpkin	For the pie, they bought a large pumpkin	 pumpkin	5.6921572072548345	1
Before the party, they bought a large pumpkin	Before the party, they bought a large pumpkin	 pumpkin	6.8595054017138875	1
He liked to study in the library because it was very quiet	He liked to study in the library because it was very quiet	 quiet	1.207135362848362	1
The group of people sitting in the concert hall was very quiet	The group of people sitting in the concert hall was very quiet	 quiet	1.8756262107345292	1
The neighborhood at the top of the tall hill was very quiet	The neighborhood at the top of the tall hill was very quiet	 quiet	1.23859712037183	1
The tennis player firmly gripped the handle of his racket	The tennis player firmly gripped the handle of his racket	 racket	0.37386225421241387	1
While waiting for his partner, the player grabbed his racket	While waiting for his partner, the player grabbed his racket	 racket	9.953155813938661	1
The crowd watched as the man picked up his racket	The crowd watched as the man picked up his racket	 racket	7.919362610737424	1
Driving in the countryside, I could only hear static on the radio	Driving in the countryside, I could only hear static on the radio	 radio	0.2955324107583711	1
The woman learned some news about the approaching hurricane on the radio	The woman learned some news about the approaching hurricane on the radio	 radio	2.4487941561047033	1
Luckily, the old woman found lots of interesting programs on the radio	Luckily, the old woman found lots of interesting programs on the radio	 radio	6.8047337874213625	1
She brought an umbrella to protect her from the rain	She brought an umbrella to protect her from the rain	 rain	1.2881546850704115	1
She brought a jacket to protect her from the rain	She brought a jacket to protect her from the rain	 rain	2.3863798620178054	1
She arrived late because she got stuck in the rain	She arrived late because she got stuck in the rain	 rain	3.711028969554323	1
He gathered the leaves into a pile using a rake	He gathered the leaves into a pile using a rake	 rake	5.355045262563175	2
The homeowner was cleaning up the driveway using a rake	The homeowner was cleaning up the driveway using a rake	 rake	3.3005767444987963	2
He tried to scare off the animal using a rake	He tried to scare off the animal using a rake	 rake	8.174183653253815	2
During her painful headache, she took a Tylenol to get some relief	During her painful headache, she took a Tylenol to get some relief	 relief	0.9225413966484516	1
The old woman with the painful sunburn tried to get some relief	The old woman with the painful sunburn tried to get some relief	 relief	4.334895193115481	1
She decided they should take an extended vacation to get some relief	She decided they should take an extended vacation to get some relief	 relief	6.797090637766076	1
To make sushi, she carefully boiled the grains of rice	To make sushi, she carefully boiled the grains of rice	 rice	0.4267330452333209	1
She used the pressure cooker to steam lots of rice	She used the pressure cooker to steam lots of rice	 rice	5.008223185366492	1
In the kitchen, she accidentally spilled a bunch of rice	In the kitchen, she accidentally spilled a bunch of rice	 rice	5.067314049752704	1
Before proposing to his girlfriend he would need a ring	Before proposing to his girlfriend he would need a ring	 ring	5.385630400789816	1
For my fiances upcoming birthday I bought her a ring	For my fiances upcoming birthday I bought her a ring	 ring	4.53676095172676	1
After receiving her paycheck she wanted to buy a ring	After receiving her paycheck she wanted to buy a ring	 ring	5.9138009216649925	1
The climbers and guide were attached to each other by a rope	The climbers and guide were attached to each other by a rope	 rope	1.4766192447606097	1
The skilled cave explorer remembered to bring his flashlight and a rope	The skilled cave explorer remembered to bring his flashlight and a rope	 rope	5.8262613500924205	1
When Jeff went to the sports equipment store, he bought a rope	When Jeff went to the sports equipment store, he bought a rope	 rope	8.770884762437642	1
The wind couldn't push the boat because it had a tear in the sail	The wind couldn't push the boat because it had a tear in the sail	 sail	1.669993588751991	1
No one has told the sail	No one has told the sail	 sail	14.452860272031955	1
The team had to work for hours to fix the tear in the sail	The team had to work for hours to fix the tear in the sail	 sail	6.518459948911913	1
He bought the lettuce and croutons to make a salad	He bought the lettuce and croutons to make a salad	 salad	1.8845392940999863	1
For her lunch tomorrow, she decided to make a salad	For her lunch tomorrow, she decided to make a salad	 salad	3.2099430978858448	1
On the last day, he decided to make a salad	On the last day, he decided to make a salad	 salad	8.604001754053924	1
The store reduced their prices during the annual sale	The store reduced their prices during the annual sale	 sale	2.9413160588228795	1
He spent lots of money at the annual sale	He spent lots of money at the annual sale	 sale	6.985144539548784	1
John and his wife prepared for the annual sale	John and his wife prepared for the annual sale	 sale	6.640918206642042	1
To educate the children, they built a new school	To educate the children, they built a new school	 school	2.2291640138596422	1
My brother moved and transferred to a new school	My brother moved and transferred to a new school	 school	2.6332635750119757	1
After the horrible flood they built a new school	After the horrible flood they built a new school	 school	3.7549156319829184	1
To read the prophecy, he unrolled the ancient scroll	To read the prophecy, he unrolled the ancient scroll	 scroll	0.7701969600163362	1
While visiting court, the priest read the ancient scroll	While visiting court, the priest read the ancient scroll	 scroll	5.370059957620354	1
The pair of thieves recently stole the ancient scroll	The pair of thieves recently stole the ancient scroll	 scroll	4.960668527906128	1
Susan forgot to put a period at the end of the sentence	Susan forgot to put a period at the end of the sentence	 sentence	3.2188125141024027	1
Susan had a lot of trouble understanding the end of the sentence	Susan had a lot of trouble understanding the end of the sentence	 sentence	3.998447056920265	1
The substitute teacher was pretty impressed by the length of the sentence	The substitute teacher was pretty impressed by the length of the sentence	 sentence	5.0595098611706435	1
When the earthquake began, the whole building started shaking	When the earthquake began, the whole building started shaking	 shaking	0.4770591015663913	1
They fled in fear when the house started shaking	They fled in fear when the house started shaking	 shaking	1.5255968373862443	1
When the actor approached the audience, he started shaking	When the actor approached the audience, he started shaking	 shaking	4.480974950917721	1
The swimmer was attacked by a great white shark	The swimmer was attacked by a great white shark	 shark	0.06952695814638578	1
The marine biologist was studying a rare white shark	The marine biologist was studying a rare white shark	 shark	2.2697671815091014	1
Earlier, the dock worker saw a beautiful white shark	Earlier, the dock worker saw a beautiful white shark	 shark	5.425455522818682	1
It could cut easily because the blade was very sharp	It could cut easily because the blade was very sharp	 sharp	1.935614934511212	1
She always worked quickly, and her tool was very sharp	She always worked quickly, and her tool was very sharp	 sharp	3.1118345239943417	1
His mom sternly warned him because it was very sharp	His mom sternly warned him because it was very sharp	 sharp	9.346524589252207	1
Sarah pulled the book off the shelf	Sarah pulled the book off the shelf	 shelf	0.5610713527068187	1
Sarah arranged the items on the shelf	Sarah arranged the items on the shelf	 shelf	4.511703902620553	1
Sarah noticed the mouse on the shelf	Sarah noticed the mouse on the shelf	 shelf	5.103456341570917	1
The warrior blocked the spear thrust with his large wooden shield	The warrior blocked the spear thrust with his large wooden shield	 shield	1.5166500220651749	1
In the warrior's tomb, the team discovered a large wooden shield	In the warrior's tomb, the team discovered a large wooden shield	 shield	5.750829496205835	1
The accomplished artist carved the design on the large wooden shield	The accomplished artist carved the design on the large wooden shield	 shield	6.308416310722722	1
He couldn't reach the high shelf because he was very short	He couldn't reach the high shelf because he was very short	 short	3.92487825085556	1
The big kids always teased Jason because he was very short	The big kids always teased Jason because he was very short	 short	4.408175873565153	1
The parents were worried about Jason because he was very short	The parents were worried about Jason because he was very short	 short	5.994938033672723	1
When exiting the highway, they had trouble reading the small sign	When exiting the highway, they had trouble reading the small sign	 sign	2.053709866527596	1
On their country drive, they had trouble seeing the small sign	On their country drive, they had trouble seeing the small sign	 sign	4.68995726248937	1
At the Italian restaurant, they had trouble reading the small sign	At the Italian restaurant, they had trouble reading the small sign	 sign	2.77376181723922	1
Long before he saw the ambulance's lights he heard the siren	Long before he saw the ambulance's lights he heard the siren	 siren	3.5374488449922863	2
When Dennis got closer to the intersection he heard the siren	When Dennis got closer to the intersection he heard the siren	 siren	3.804845822725973	2
The students were ducking for cover when they heard the siren	The students were ducking for cover when they heard the siren	 siren	5.770483720111513	2
She was the youngest out of all her brothers and sisters	She was the youngest out of all her brothers and sisters	 sisters	0.589663355677864	1
She learned how to use makeup from her friends and sisters	She learned how to use makeup from her friends and sisters	 sisters	4.805001744863	1
She was always rude and obnoxious around her teachers and sisters	She was always rude and obnoxious around her teachers and sisters	 sisters	7.19173893992294	1
Not using sunscreen at the beach can damage your skin	Not using sunscreen at the beach can damage your skin	 skin	0.566831511353811	1
The chemicals floating in the water can damage your skin	The chemicals floating in the water can damage your skin	 skin	2.2486229824276425	1
The factory produces noxious chemicals that can damage your skin	The factory produces noxious chemicals that can damage your skin	 skin	2.8355175948544624	1
Eric comforted his tearful son and sang him to sleep	Eric comforted his tearful son and sang him to sleep	 sleep	0.04523786852776921	1
My nephew told us that he didn't want to sleep	My nephew told us that he didn't want to sleep	 sleep	5.734342884175184	1
All of us knew that Eric wouldn't want to sleep	All of us knew that Eric wouldn't want to sleep	 sleep	6.064659485615615	1
They didn't rent the apartment because the kitchen was too small	They didn't rent the apartment because the kitchen was too small	 small	0.4281000647065136	1
They didn't buy the convertible because the engine was too small	They didn't buy the convertible because the engine was too small	 small	2.5489367681994453	1
She decided not to apply because the college was too small	She decided not to apply because the college was too small	 small	2.0923717404351705	1
A boa constrictor is a very dangerous type of snake	A boa constrictor is a very dangerous type of snake	 snake	1.338041012058531	1
He had never been bitten by that type of snake	He had never been bitten by that type of snake	 snake	3.1622087737203164	1
My little sister had never seen that type of snake	My little sister had never seen that type of snake	 snake	7.29503610086065	1
Germs are spread when people cough or sneeze	Germs are spread when people cough or sneeze	 sneeze	0.18924773220295474	3
This powder might make you itch or sneeze	This powder might make you itch or sneeze	 sneeze	7.856949277596674	3
People always notice when I laugh or sneeze	People always notice when I laugh or sneeze	 sneeze	6.00346145368883	3
In the shower, he accidentally dropped the bar of soap	In the shower, he accidentally dropped the bar of soap	 soap	0.1212205741197152	1
The janitor decided to purchase a new brand of soap	The janitor decided to purchase a new brand of soap	 soap	3.725563240680815	1
He forgot to stock up on that type of soap	He forgot to stock up on that type of soap	 soap	6.8449798492435034	1
The kids had lots of cavities because they drank soda	The kids had lots of cavities because they drank soda	 soda	4.017723206968841	1
They were out of lemonade, so instead they drank soda	They were out of lemonade, so instead they drank soda	 soda	3.9612883369776974	1
The hotel didn't have coffee, so instead they drank soda	The hotel didn't have coffee, so instead they drank soda	 soda	4.8243831831587825	1
She puckered her lips because the lemon was too sour	She puckered her lips because the lemon was too sour	 sour	2.6453239797121766	1
She spat out the fruit because it was too sour	She spat out the fruit because it was too sour	 sour	2.792935139883714	1
She threw away her meal because it was too sour	She threw away her meal because it was too sour	 sour	5.3639435603918555	1
Lines of longitude go from the north to the south	Lines of longitude go from the north to the south	 south	0.07536278193701007	1
The arrow on the compass was pointing to the south	The arrow on the compass was pointing to the south	 south	3.643487415575912	1
On their long vacation, the family traveled to the south	On their long vacation, the family traveled to the south	 south	4.878190095306851	1
The politician stood at the podium and gave a long speech	The politician stood at the podium and gave a long speech	 speech	0.4814342647515373	1
Hamilton didn't have the patience to sit through the long speech	Hamilton didn't have the patience to sit through the long speech	 speech	6.296896533851736	1
Hamilton and his coworkers were chatting together after the long speech	Hamilton and his coworkers were chatting together after the long speech	 speech	10.147337695380982	1
Merlin needed his magic wand to cast the spell	Merlin needed his magic wand to cast the spell	 spell	1.5731600932355498	1
The students at Hogwarts had trouble understanding the spell	The students at Hogwarts had trouble understanding the spell	 spell	4.718355885024663	1
The princess could not be awakened by the spell	The princess could not be awakened by the spell	 spell	5.681944362753987	1
The web had been spun by the large spider	The web had been spun by the large spider	 spider	8.717158385689661	1
My older brother refused to touch the large spider	My older brother refused to touch the large spider	 spider	7.80247747321091	1
My husband was trying to catch the large spider	My husband was trying to catch the large spider	 spider	5.800540830341864	1
After the meal, she ate her sundae with a small metal spoon	After the meal, she ate her sundae with a small metal spoon	 spoon	0.5965258341023855	1
Mike was searching around in the kitchen for a small metal spoon	Mike was searching around in the kitchen for a small metal spoon	 spoon	3.6022475820840576	1
At the flea market in Sacramento he bought a small metal spoon	At the flea market in Sacramento he bought a small metal spoon	 spoon	5.523166069769765	1
The creature was either an octopus or a giant squid	The creature was either an octopus or a giant squid	 squid	1.3058612565574912	2
The group of scientists was attacked by a giant squid	The group of scientists was attacked by a giant squid	 squid	4.665166364346561	2
The museum display had some pictures of a giant squid	The museum display had some pictures of a giant squid	 squid	4.955167708995331	2
The audience shouted "boo!" until the actor walked off the stage	The audience shouted "boo!" until the actor walked off the stage	 stage	0.13794037253254773	1
The technician had to adjust all the lights above the stage	The technician had to adjust all the lights above the stage	 stage	4.988354413200468	1
When we walked inside, we all saw Johnathan on the stage	When we walked inside, we all saw Johnathan on the stage	 stage	2.9072966602745733	1
Even the professional dry cleaner wasn't able to remove the stain	Even the professional dry cleaner wasn't able to remove the stain	 stain	3.562428810820009	1
My roommate needed some advice on how to remove the stain	My roommate needed some advice on how to remove the stain	 stain	6.987878075091723	1
During the wedding reception, all of the guests noticed the stain	During the wedding reception, all of the guests noticed the stain	 stain	8.546526399311139	1
The hopeful girl wished upon a star	The hopeful girl wished upon a star	 star	0.19423872371531845	1
The sticker was shaped like a star	The sticker was shaped like a star	 star	5.2981136408063785	1
On the canvas, Andrew drew a star	On the canvas, Andrew drew a star	 star	5.937641325219944	1
At the bar, the man sat on a stool	At the bar, the man sat on a stool	 stool	0.9815231173720108	1
During timeout, Suzie had to sit on a stool	During timeout, Suzie had to sit on a stool	 stool	2.7854222736485177	1
To paint the ceiling, the decorator needed a stool	To paint the ceiling, the decorator needed a stool	 stool	7.455865720054606	1
The hot pan was bubbling on the stove	The hot pan was bubbling on the stove	 stove	0.3602699219704027	1
The children weren't supposed to touch the stove	The children weren't supposed to touch the stove	 stove	7.934555409725804	1
Jan wasn't able to turn on the stove	Jan wasn't able to turn on the stove	 stove	4.621113637384316	1
It's easy to spot a zebra because of its stripes	It's easy to spot a zebra because of its stripes	 stripes	3.14825784142046	1
It's easy to recognize a bumblebee because of its stripes	It's easy to recognize a bumblebee because of its stripes	 stripes	6.3431047696945395	1
It's easy to recognize a piranha because of its stripes	It's easy to recognize a piranha because of its stripes	 stripes	5.881373720629527	1
After cutting down the tree, all that was left was a stump	After cutting down the tree, all that was left was a stump	 stump	3.126482454618673	1
They had to hire the landscapers, to help them remove a stump	They had to hire the landscapers, to help them remove a stump	 stump	6.282431186476202	1
Behind the storage shed, there were some dead branches and a stump	Behind the storage shed, there were some dead branches and a stump	 stump	6.015594360237013	1
To make the cake sweet, he added some more sugar	To make the cake sweet, he added some more sugar	 sugar	2.221993753580477	1
My wife didn't notice that I added some more sugar	My wife didn't notice that I added some more sugar	 sugar	6.602599584435418	1
I reminded my wife that we needed some more sugar	I reminded my wife that we needed some more sugar	 sugar	6.655154941806001	1
To look good at the funeral, he needed to buy a suit	To look good at the funeral, he needed to buy a suit	 suit	3.733316310835681	1
He had a big date, and he needed to buy a suit	He had a big date, and he needed to buy a suit	 suit	5.0248667745840505	1
Because he's visiting his grandma soon, he needed to buy a suit	Because he's visiting his grandma soon, he needed to buy a suit	 suit	5.960343456168977	1
At two o'clock the British family always has crumpets and tea	At two o'clock the British family always has crumpets and tea	 tea	2.6387258420574136	1
At the breakfast buffet, the conference was serving coffee and tea	At the breakfast buffet, the conference was serving coffee and tea	 tea	2.606485789599947	1
When their mother was home they could have brownies and tea	When their mother was home they could have brownies and tea	 tea	4.631268435062705	1
The dentist was teaching Emma how to clean her teeth	The dentist was teaching Emma how to clean her teeth	 teeth	0.42517460599225104	1
Our mother told my sister to always clean her teeth	Our mother told my sister to always clean her teeth	 teeth	3.2212903262862183	1
The nanny reminded my sister to look after her teeth	The nanny reminded my sister to look after her teeth	 teeth	7.64364049492427	1
Everett lit the campfire while I pitched the tent	Everett lit the campfire while I pitched the tent	 tent	4.351717692250266	1
The kids at summer camp slept in the tent	The kids at summer camp slept in the tent	 tent	3.9922791603856687	1
Everett's dad asked if he could move the tent	Everett's dad asked if he could move the tent	 tent	7.576159316643176	1
The pill I just swallowed is stuck in my throat	The pill I just swallowed is stuck in my throat	 throat	1.4866723979422227	1
The doctor said I have something stuck in my throat	The doctor said I have something stuck in my throat	 throat	1.0204020331919388	1
The doctor isn't able to do anything about my throat	The doctor isn't able to do anything about my throat	 throat	6.110851634151538	1
He made a dentist appointment to extract his broken tooth	He made a dentist appointment to extract his broken tooth	 tooth	1.0674916680574933	1
He had difficulty speaking because he had a broken tooth	He had difficulty speaking because he had a broken tooth	 tooth	3.85051492090309	1
After some discussion, they decided to remove the broken tooth	After some discussion, they decided to remove the broken tooth	 tooth	8.562823384801751	1
The tiny maple sapling has grown into a large tree	The tiny maple sapling has grown into a large tree	 tree	1.2479601633430424	1
The bicycle was swerving and crashed into a large tree	The bicycle was swerving and crashed into a large tree	 tree	2.0654819413814898	1
Joan and her decorator decided to add a large tree	Joan and her decorator decided to add a large tree	 tree	3.845446681537311	1
Ben unloaded the bags of cement from the back of the truck	Ben unloaded the bags of cement from the back of the truck	 truck	0.9054605476175139	1
The fugitive hid from the police in the back of the truck	The fugitive hid from the police in the back of the truck	 truck	3.0304301620390532	1
Ben was being so violent that he tried to smash the truck	Ben was being so violent that he tried to smash the truck	 truck	6.63851513996172	1
There's no need to lie, you can tell me the truth	There's no need to lie, you can tell me the truth	 truth	0.6366361880490534	1
My friend at the office refused to tell me the truth	My friend at the office refused to tell me the truth	 truth	3.8161941911549726	1
The police officer was unsure if he could find the truth	The police officer was unsure if he could find the truth	 truth	7.579371349571264	1
Elephants are often hunted for the ivory in their tusks	Elephants are often hunted for the ivory in their tusks	 tusks	2.2224557325700736	3
After catching the animals, the poachers cut off their tusks	After catching the animals, the poachers cut off their tusks	 tusks	5.294130795264032	3
The smugglers could not find a buyer for their tusks	The smugglers could not find a buyer for their tusks	 tusks	9.76562028288	3
The city lies between two hills in a valley	The city lies between two hills in a valley	 valley	2.0680971087251327	1
The team discovered the fertile crops in a valley	The team discovered the fertile crops in a valley	 valley	5.751932383432824	1
The house sits between two shops in a valley	The house sits between two shops in a valley	 valley	8.272382864787716	1
At the ice cream shop, Jen asked for both chocolate and vanilla	At the ice cream shop, Jen asked for both chocolate and vanilla	 vanilla	1.0611339421568415	1
To add flavor to the frosting he added maple syrup and vanilla	To add flavor to the frosting he added maple syrup and vanilla	 vanilla	2.7122348343542737	1
He walked down to the supermarket to buy milk, flour, and vanilla	He walked down to the supermarket to buy milk, flour, and vanilla	 vanilla	8.719221477813441	1
To display the roses, Katie put them in an expensive vase	To display the roses, Katie put them in an expensive vase	 vase	3.165488062988981	2
The collector of Chinese artifacts had just acquired the expensive vase	The collector of Chinese artifacts had just acquired the expensive vase	 vase	6.8536650548399285	2
The young couple paid lots of money for the expensive vase	The young couple paid lots of money for the expensive vase	 vase	7.351925150024278	2
The bride covered her face with a veil	The bride covered her face with a veil	 veil	1.4028541613420449	1
She wore a beautiful gown and a veil	She wore a beautiful gown and a veil	 veil	3.4923451845094937	1
The seamstress sewed two sheets and a veil	The seamstress sewed two sheets and a veil	 veil	8.213603359380109	1
Before the show, the sick opera singer suddenly lost her voice	Before the show, the sick opera singer suddenly lost her voice	 voice	0.84583183104774	1
Before the cameras started rolling, the actress suddenly lost her voice	Before the cameras started rolling, the actress suddenly lost her voice	 voice	1.236833744570946	1
Before leaving to buy groceries, my aunt suddenly lost her voice	Before leaving to buy groceries, my aunt suddenly lost her voice	 voice	2.9635915233988697	1
In the election, people younger than eighteen aren't allowed to vote	In the election, people younger than eighteen aren't allowed to vote	 vote	0.12662027319572325	1
In countries with strict religious codes, women aren't allowed to vote	In countries with strict religious codes, women aren't allowed to vote	 vote	3.69316187252188	1
On some campuses, many of the students don't want to vote	On some campuses, many of the students don't want to vote	 vote	4.910529276518276	1
The bride refused to invite her father to the wedding	The bride refused to invite her father to the wedding	 wedding	0.7324108217947931	1
Kathy decided not to invite her uncle to the wedding	Kathy decided not to invite her uncle to the wedding	 wedding	1.5239992934373878	1
The lazy teenager didn't want to go to the wedding	The lazy teenager didn't want to go to the wedding	 wedding	6.391316724200621	1
The woman would need a raincoat to avoid getting wet	The woman would need a raincoat to avoid getting wet	 wet	1.9069929322008965	1
He didn't drive home because the roads were getting wet	He didn't drive home because the roads were getting wet	 wet	3.8962396950192537	1
He doesn't run very often because he hates getting wet	He doesn't run very often because he hates getting wet	 wet	5.853593732959633	1
The referee was blowing on his whistle	The referee was blowing on his whistle	 whistle	1.7493209481327512	1
None of the players heard his whistle	None of the players heard his whistle	 whistle	5.104970049501242	1
My brother remembered to bring his whistle	My brother remembered to bring his whistle	 whistle	8.004452745397641	1
At the vineyard, he bought a fancy bottle of wine	At the vineyard, he bought a fancy bottle of wine	 wine	2.0625450968777272	1
The waiter forgot to bring me my glass of wine	The waiter forgot to bring me my glass of wine	 wine	1.8021908991371407	1
At the market, he bought a new type of wine	At the market, he bought a new type of wine	 wine	5.471862936167418	1
Then, the genie granted his third and final wish	Then, the genie granted his third and final wish	 wish	0.09746647055496016	1
The king remembered that he had one final wish	The king remembered that he had one final wish	 wish	4.934125614601687	1
The young boy had forgotten about his final wish	The young boy had forgotten about his final wish	 wish	4.273870899236616	1
The kids thought that the scary old woman was probably a witch	The kids thought that the scary old woman was probably a witch	 witch	2.1954759068014784	1
For Halloween that year she decided to dress up as a witch	For Halloween that year she decided to dress up as a witch	 witch	2.8719608615666434	1
She decided that she shouldn't write a children's story about a witch	She decided that she shouldn't write a children's story about a witch	 witch	5.021478162583192	1
At the sawmill they slice logs into long planks of wood	At the sawmill they slice logs into long planks of wood	 wood	0.9855658200774288	1
To repair the cabinet, he needed several different types of wood	To repair the cabinet, he needed several different types of wood	 wood	3.1263688387906186	1
At the ancient burial site they found weapons made of wood	At the ancient burial site they found weapons made of wood	 wood	2.7581989462976697	1
Shearing the sheep produced a large amount of wool	Shearing the sheep produced a large amount of wool	 wool	3.14484660109854	1
The elderly shepherd sold a large amount of wool	The elderly shepherd sold a large amount of wool	 wool	3.814914553158082	1
The new factory produced a large amount of wool	The new factory produced a large amount of wool	 wool	8.875028319859142	1
The old couple sat together without speaking a single word	The old couple sat together without speaking a single word	 word	0.03324674224284202	1
Despite his best efforts, he couldn't recognize a single word	Despite his best efforts, he couldn't recognize a single word	 word	4.149300076899253	1
During his stay, the visitor only used a single word	During his stay, the visitor only used a single word	 word	5.158248299847315	1
The kitten was playing with a ball of yarn	The kitten was playing with a ball of yarn	 yarn	1.0047239890213544	1
The old woman was collecting different colors of yarn	The old woman was collecting different colors of yarn	 yarn	4.487816539164284	1
Emily had trouble finding the right color of yarn	Emily had trouble finding the right color of yarn	 yarn	4.8438430548895886	1
To record some high school memories, he had everyone sign his yearbook	To record some high school memories, he had everyone sign his yearbook	 yearbook	5.1186798407899605	2
In high school, I wrote my boyfriend a message in his yearbook	In high school, I wrote my boyfriend a message in his yearbook	 yearbook	6.092375853482434	2
Apparently, because James didn't have a pen, he couldn't sign his yearbook	Apparently, because James didn't have a pen, he couldn't sign his yearbook	 yearbook	9.293169217204877	2
To see the exotic animals, we took the children to the zoo	To see the exotic animals, we took the children to the zoo	 zoo	1.56893603681362	1
To see the pretty horses, we took the children to the zoo	To see the pretty horses, we took the children to the zoo	 zoo	3.4823277758270215	1
Jennifer asked a close friend if they could go to the zoo	Jennifer asked a close friend if they could go to the zoo	 zoo	4.43163692145007	1
