FullSentence	Sentence	TargetWords	Surprisal	NumTokens
In polluted cities, you can barely breathe the air	In polluted cities, you can barely breathe the air	 air	0.9860896447204625	1
The factory built expensive machines to filter the air	The factory built expensive machines to filter the air	 air	1.5470554315815384	1
They suspected there was something wrong with the air	They suspected there was something wrong with the air	 air	4.8425339221600385	1
The soldier decided to quit the army	The soldier decided to quit the army	 army	1.5239645048192674	1
George chose not to join the army	George chose not to join the army	 army	3.2494095948048485	1
The students were learning about the army	The students were learning about the army	 army	10.029130501180422	1
My sister enjoys poetry, painting, and other forms of art	My sister enjoys poetry, painting, and other forms of art	 art	1.056587068812496	1
Even though she's blind, she appreciates many types of art	Even though she's blind, she appreciates many types of art	 art	1.9677258905520365	1
They hired the consultant because of her knowledge of art	They hired the consultant because of her knowledge of art	 art	7.398598187353934	1
They stored all of the Halloween decorations up in the attic	They stored all of the Halloween decorations up in the attic	 attic	0.6389568207652491	1
There were a lot of old clothes stored in the attic	There were a lot of old clothes stored in the attic	 attic	1.6200736762480217	1
The accountant put all of the old documents in the attic	The accountant put all of the old documents in the attic	 attic	3.9800406150126975	1
The lumberjack chopped down the tree with his axe	The lumberjack chopped down the tree with his axe	 axe	0.17688613620696647	1
The man walked into the forest carrying his axe	The man walked into the forest carrying his axe	 axe	5.053389066656628	1
My father scared away the burglars with his axe	My father scared away the burglars with his axe	 axe	7.0751393768218	1
The girl bought a pink tutu because she wanted to learn ballet	The girl bought a pink tutu because she wanted to learn ballet	 ballet	4.991334853377814	1
The girl had never danced before, but she wanted to learn ballet	The girl had never danced before, but she wanted to learn ballet	 ballet	6.696412676984068	1
The girl was extremely excited that she was going to learn ballet	The girl was extremely excited that she was going to learn ballet	 ballet	6.595849141876692	1
The man used the helium to inflate the red balloon	The man used the helium to inflate the red balloon	 balloon	0.6191456527917529	1
It was her birthday, so he bought the red balloon	It was her birthday, so he bought the red balloon	 balloon	6.1118121259537315	1
The woman at the store was buying the red balloon	The woman at the store was buying the red balloon	 balloon	7.6450106090443795	1
The hungry monkey was trying to peel the banana	The hungry monkey was trying to peel the banana	 banana	3.869736021007764	1
Because of fruit flies, he threw away the banana	Because of fruit flies, he threw away the banana	 banana	6.0336333565660185	1
My picky younger brother refused to eat the banana	My picky younger brother refused to eat the banana	 banana	5.662124169992343	1
Jenna loved playing the guitar, so she decided to join the band	Jenna loved playing the guitar, so she decided to join the band	 band	1.2661702265720227	1
On her eighteenth birthday her parents got her tickets see the band	On her eighteenth birthday her parents got her tickets see the band	 band	5.523851384280956	1
After several rounds of auditions, she never heard back from the band	After several rounds of auditions, she never heard back from the band	 band	4.5098029025322495	1
The neighborhood dog always kept her awake by barking	The neighborhood dog always kept her awake by barking	 barking	1.9014847110987687	2
Our pets sometimes ask us for treats by barking	Our pets sometimes ask us for treats by barking	 barking	6.4187771904745885	2
They knew that Harry kept her awake by barking	They knew that Harry kept her awake by barking	 barking	7.648535671468848	2
Instead of a shower, she decided to take a bath	Instead of a shower, she decided to take a bath	 bath	0.9022948931168298	1
To relax after work, Bill decided to take a bath	To relax after work, Bill decided to take a bath	 bath	5.5739044818611445	1
That weekend, their interior decorator helped them install a bath	That weekend, their interior decorator helped them install a bath	 bath	8.31687671206397	1
My son saw the bird pecking at the soil using its beak	My son saw the bird pecking at the soil using its beak	 beak	0.6151795620037158	2
The bald eagle was trying to attack the hunters using its beak	The bald eagle was trying to attack the hunters using its beak	 beak	2.0511892467294253	2
The animal in the zoo enclosure was trying to clean its beak	The animal in the zoo enclosure was trying to clean its beak	 beak	5.685229705154223	2
I asked the maid to change the sheets on the bed	I asked the maid to change the sheets on the bed	 bed	0.1857808446975519	1
The chief of police found the suicide note on the bed	The chief of police found the suicide note on the bed	 bed	4.3436541007853755	1
There was a large pile of dirty towels on the bed	There was a large pile of dirty towels on the bed	 bed	2.7579293710481925	1
The honey was produced by a hive of bees	The honey was produced by a hive of bees	 bees	0.8233513901969954	1
She is deathly allergic to those types of bees	She is deathly allergic to those types of bees	 bees	6.62152843250384	1
The people outside were avoiding the group of bees	The people outside were avoiding the group of bees	 bees	10.096497334671444	1
To wash your clothes whiter, you should add a little bleach	To wash your clothes whiter, you should add a little bleach	 bleach	4.044156349104263	2
To kill all the bacteria, you should add a little bleach	To kill all the bacteria, you should add a little bleach	 bleach	5.095714471763201	2
To prepare the next sample, you should add a little bleach	To prepare the next sample, you should add a little bleach	 bleach	8.47063708332793	2
The murderer's knife and clothes were covered in blood	The murderer's knife and clothes were covered in blood	 blood	0.3790864594134021	1
The cafeteria in the prison was covered in blood	The cafeteria in the prison was covered in blood	 blood	3.933517292270233	1
The woman's counter and refrigerator were covered in blood	The woman's counter and refrigerator were covered in blood	 blood	2.14896125458536	1
My favorite part of Spring is when the flowers begin to bloom	My favorite part of Spring is when the flowers begin to bloom	 bloom	0.44150485756094426	1
The weather's been so nice that the plants have started to bloom	The weather's been so nice that the plants have started to bloom	 bloom	1.0220643144981791	1
We started watering the yard because the plants had begun to bloom	We started watering the yard because the plants had begun to bloom	 bloom	2.7356820607294794	1
Following his orders, the terrorist threatened to drop the bomb	Following his orders, the terrorist threatened to drop the bomb	 bomb	1.7401421087932682	1
To destroy the building, they decided to use the bomb	To destroy the building, they decided to use the bomb	 bomb	3.995293243964138	1
Jonathan was shocked that they decided to use the bomb	Jonathan was shocked that they decided to use the bomb	 bomb	7.735685959669411	1
The author signed a copy of her new book	The author signed a copy of her new book	 book	0.16889461558183394	1
The unsuccessful student went to buy a new book	The unsuccessful student went to buy a new book	 book	4.186898300285315	1
The landlord who lived downstairs bought a new book	The landlord who lived downstairs bought a new book	 book	6.7321190583598	1
The immigrant left Mexico and tried to cross the border	The immigrant left Mexico and tried to cross the border	 border	0.9800695652582654	1
There were lots of intimidating guards stationed at the border	There were lots of intimidating guards stationed at the border	 border	4.928947505262458	1
The kids were scared about trying to cross the border	The kids were scared about trying to cross the border	 border	2.2106641882052758	1
Because the work was repetitive, he thought it was boring	Because the work was repetitive, he thought it was boring	 boring	4.301213926921623	1
He visited the museum, and he thought it was boring	He visited the museum, and he thought it was boring	 boring	6.480928005161376	1
He visited the catacombs, and he thought it was boring	He visited the catacombs, and he thought it was boring	 boring	6.7559000562309075	1
The archer pulled back the string of his bow	The archer pulled back the string of his bow	 bow	0.21862703171438336	1
While facing the target, he picked up his bow	While facing the target, he picked up his bow	 bow	5.224791553926884	1
On television, the Olympic athlete picked up his bow	On television, the Olympic athlete picked up his bow	 bow	7.858804210087472	1
Jan poured the milk and cereal into her bowl	Jan poured the milk and cereal into her bowl	 bowl	1.2767993217508706	1
The waiter accidentally dropped her spoon and her bowl	The waiter accidentally dropped her spoon and her bowl	 bowl	4.686484661709528	1
Jan was walking and she accidentally dropped her bowl	Jan was walking and she accidentally dropped her bowl	 bowl	7.4617638652369855	1
Instead of the accelerator, Maria stepped on the brake	Instead of the accelerator, Maria stepped on the brake	 brake	1.5418608522904789	1
My passengers jumped when I stepped on the brake	My passengers jumped when I stepped on the brake	 brake	4.097537965299537	1
We were surprised when Maria stepped on the brake	We were surprised when Maria stepped on the brake	 brake	8.964530302469301	1
Laurence got some yeast to bake his own bread	Laurence got some yeast to bake his own bread	 bread	0.7723950330030723	1
Laurence needed some advice before baking his own bread	Laurence needed some advice before baking his own bread	 bread	1.8879430709476857	1
Laurence woke up early to make his own bread	Laurence woke up early to make his own bread	 bread	6.031883962697893	1
They got a loan to start their own small business	They got a loan to start their own small business	 business	0.246327667639974	1
My roommate was hoping to build his own small business	My roommate was hoping to build his own small business	 business	2.6567596096528883	1
They needed some land to build their own small business	They needed some land to build their own small business	 business	2.8747397932543426	1
The birthday boy didn't want frosting on his slice of cake	The birthday boy didn't want frosting on his slice of cake	 cake	0.5334820813380955	1
The hungry student decided to buy a small piece of cake	The hungry student decided to buy a small piece of cake	 cake	3.4955773384697513	1
My wife said that she didn't like that kind of cake	My wife said that she didn't like that kind of cake	 cake	6.384232294361372	1
The cow gave birth to the brown calf	The cow gave birth to the brown calf	 calf	3.3104570804045403	1
The farmer gave milk to the brown calf	The farmer gave milk to the brown calf	 calf	4.161829025226742	1
Bill went to check on the brown calf	Bill went to check on the brown calf	 calf	6.893787168825057	1
The boy scouts hurried back to set up camp	The boy scouts hurried back to set up camp	 camp	1.7956408432399875	1
The cheerful woman hurried over to set up camp	The cheerful woman hurried over to set up camp	 camp	4.5622883555732825	1
We watched my nephew try to set up camp	We watched my nephew try to set up camp	 camp	6.789458697036769	1
On Halloween, the costumed children grabbed several pieces of candy	On Halloween, the costumed children grabbed several pieces of candy	 candy	0.8135312333273161	1
While touring the factory, Bill sampled several pieces of candy	While touring the factory, Bill sampled several pieces of candy	 candy	5.194568724173473	1
The food scientists were developing a new type of candy	The food scientists were developing a new type of candy	 candy	5.636339107968506	1
The cashier asked the customer to swipe his card	The cashier asked the customer to swipe his card	 card	1.4578635786906788	1
Johnathan told the banker that he'd lost his card	Johnathan told the banker that he'd lost his card	 card	6.597829832488432	1
At security, the guards needed to inspect his card	At security, the guards needed to inspect his card	 card	7.951519820072908	1
In the cartoon, Bugs Bunny was munching on a carrot	In the cartoon, Bugs Bunny was munching on a carrot	 carrot	3.6659546341795	1
The cook was chopping up the parsley and a carrot	The cook was chopping up the parsley and a carrot	 carrot	4.908084065863814	1
In the door of his refrigerator he found a carrot	In the door of his refrigerator he found a carrot	 carrot	8.926201877330254	1
At Costco, the toddler wanted to push the cart	At Costco, the toddler wanted to push the cart	 cart	0.8234474089306919	1
The grocery store employee had to retrieve the cart	The grocery store employee had to retrieve the cart	 cart	3.731774409300142	1
At work, the assistant needed to find the cart	At work, the assistant needed to find the cart	 cart	9.163397476591383	1
The biologist knew that there were bats living in the cave	The biologist knew that there were bats living in the cave	 cave	2.569295902985181	1
The biologist knew that there were bears living in the cave	The biologist knew that there were bears living in the cave	 cave	4.315843619564447	1
The police knew that there were people living in the cave	The police knew that there were people living in the cave	 cave	6.541289749850329	1
DNA is housed within the nucleus of a cell	DNA is housed within the nucleus of a cell	 cell	0.4736703344804397	1
The scientists were extracting the DNA from a cell	The scientists were extracting the DNA from a cell	 cell	4.7195355808905965	1
In his textbook, there's a drawing of a cell	In his textbook, there's a drawing of a cell	 cell	7.530660756391966	1
The teacher walked up to the board and grabbed a piece of chalk	The teacher walked up to the board and grabbed a piece of chalk	 chalk	1.0089430023817925	1
After decades, the instructor decided to switch to a new brand of chalk	After decades, the instructor decided to switch to a new brand of chalk	 chalk	6.0298956821993395	1
While searching around in the garage, the man found a piece of chalk	While searching around in the garage, the man found a piece of chalk	 chalk	6.178985296654836	1
The checkmate abruptly ended their game of chess	The checkmate abruptly ended their game of chess	 chess	2.3501338715385325	1
The two Russians played another round of chess	The two Russians played another round of chess	 chess	3.4955300015877984	1
They were learning another important rule of chess	They were learning another important rule of chess	 chess	5.349785784856215	1
Santa lands on the roof and comes down through the chimney	Santa lands on the roof and comes down through the chimney	 chimney	2.776144814143163	2
The firefighter noticed there was smoke coming out of the chimney	The firefighter noticed there was smoke coming out of the chimney	 chimney	2.9693561757404336	2
Every Spring, my family cleans out the basement and the chimney	Every Spring, my family cleans out the basement and the chimney	 chimney	9.458315757887396	2
The soprano auditioned for the church choir	The soprano auditioned for the church choir	 choir	1.6277071110232966	1
Every Easter, they heard the church choir	Every Easter, they heard the church choir	 choir	4.409384823952099	1
Elizabeth didn't like to attend church choir	Elizabeth didn't like to attend church choir	 choir	9.605181994518398	1
At storytime, the preschoolers have to sit in a circle	At storytime, the preschoolers have to sit in a circle	 circle	0.6841256340939169	1
The girl decided to arrange her dolls in a circle	The girl decided to arrange her dolls in a circle	 circle	3.1785228967371277	1
All of the fifth-graders had to get in a circle	All of the fifth-graders had to get in a circle	 circle	7.2008988910801435	1
Above the doorway, he heard the ticking of the old clock	Above the doorway, he heard the ticking of the old clock	 clock	1.005169757620418	1
In the den, they replaced the battery in the old clock	In the den, they replaced the battery in the old clock	 clock	7.686318777159362	1
After their trip, they replaced the battery in the old clock	After their trip, they replaced the battery in the old clock	 clock	7.834516863209298	1
In a few weeks, the butterfly will emerge from the cocoon	In a few weeks, the butterfly will emerge from the cocoon	 cocoon	1.2930793984740208	2
The caterpillar was trying its best to escape from the cocoon	The caterpillar was trying its best to escape from the cocoon	 cocoon	4.727137119602079	2
The biologist used the microscope to see inside of the cocoon	The biologist used the microscope to see inside of the cocoon	 cocoon	7.797884273369122	2
Melissa asks for decaf when ordering her cup of coffee	Melissa asks for decaf when ordering her cup of coffee	 coffee	0.33056045330960976	1
The customer left without finishing his last sip of coffee	The customer left without finishing his last sip of coffee	 coffee	1.6100155190201189	1
Melissa has difficulty when she's picking a type of coffee	Melissa has difficulty when she's picking a type of coffee	 coffee	5.871334989942302	1
We had to guess heads or tails when the referee flipped the coin	We had to guess heads or tails when the referee flipped the coin	 coin	0.8527989721909854	1
Because it was rare, he could get some money from selling the coin	Because it was rare, he could get some money from selling the coin	 coin	7.4650159525602575	1
He was carrying so much stuff in his hands, he dropped the coin	He was carrying so much stuff in his hands, he dropped the coin	 coin	7.403201478586932	1
The boy scout navigated using a map and a compass	The boy scout navigated using a map and a compass	 compass	0.17674507692577301	1
My brother always carried a pocket knife and a compass	My brother always carried a pocket knife and a compass	 compass	5.351578501423708	1
The boyscout always carried a first-aid kit and a compass	The boyscout always carried a first-aid kit and a compass	 compass	4.867965160468116	1
Lauren turned on the TV and flopped down on the couch	Lauren turned on the TV and flopped down on the couch	 couch	0.5866749153927696	1
They were worried that the cat would tear up the couch	They were worried that the cat would tear up the couch	 couch	4.578794071883449	1
Before painting, the contractors laid down a tarp on the couch	Before painting, the contractors laid down a tarp on the couch	 couch	8.481586256829676	1
Eric sued the taxi driver and took him to court	Eric sued the taxi driver and took him to court	 court	0.5062483606346238	1
Susan was angry at Eric and took him to court	Susan was angry at Eric and took him to court	 court	3.2235744527385783	1
Eric picked up his friend and brought him to court	Eric picked up his friend and brought him to court	 court	9.223604995315208	1
Jesus was crucified on a large wooden cross	Jesus was crucified on a large wooden cross	 cross	0.07343340665063447	1
The nuns were praying beside the wooden cross	The nuns were praying beside the wooden cross	 cross	1.3201455266653557	1
In the gallery, there was a wooden cross	In the gallery, there was a wooden cross	 cross	4.792798862466227	1
On the queen's head, the priest placed a golden crown	On the queen's head, the priest placed a golden crown	 crown	1.4047238800774555	1
On the king's nightstand, the men saw a golden crown	On the king's nightstand, the men saw a golden crown	 crown	2.1711941722036965	1
The merchant paid for the goods with a golden crown	The merchant paid for the goods with a golden crown	 crown	3.2833026746246405	1
The disease is fatal as there is no known cure	The disease is fatal as there is no known cure	 cure	0.4870751978211039	1
This danger is real and there is no known cure	This danger is real and there is no known cure	 cure	0.6132296981607965	1
We heard that the remote island has no known cure	We heard that the remote island has no known cure	 cure	5.877461260028203	1
Camels can travel across the hot sands of the desert	Camels can travel across the hot sands of the desert	 desert	2.695665934974868	1
Somehow, farmers were able to grow crops in the desert	Somehow, farmers were able to grow crops in the desert	 desert	3.826959370645875	1
The young students learned some interesting facts about the desert	The young students learned some interesting facts about the desert	 desert	8.35889164993768	1
Late at the office, Victor can always be found sitting at his desk	Late at the office, Victor can always be found sitting at his desk	 desk	0.3053537134452477	1
My friend always kept a large bag of chocolate bars in his desk	My friend always kept a large bag of chocolate bars in his desk	 desk	3.2465340129223472	1
When I came home yesterday, I saw that Victor was fixing his desk	When I came home yesterday, I saw that Victor was fixing his desk	 desk	6.477121262026657	1
To prevent a mess, the caregiver checked the baby's diaper	To prevent a mess, the caregiver checked the baby's diaper	 diaper	1.0009225399159356	2
Before leaving the driveway, my wife checked the baby's diaper	Before leaving the driveway, my wife checked the baby's diaper	 diaper	1.4149266850688083	2
Before leaving the maternity ward, someone checked the baby's diaper	Before leaving the maternity ward, someone checked the baby's diaper	 diaper	2.9468795513445767	2
To take her turn at Monopoly, Helen rolled both of the dice	To take her turn at Monopoly, Helen rolled both of the dice	 dice	1.4484626583385458	1
They weren't able to play Monopoly, because they had lost the dice	They weren't able to play Monopoly, because they had lost the dice	 dice	5.9144744969870375	1
While cleaning out the cluttered closet, Helen found both of the dice	While cleaning out the cluttered closet, Helen found both of the dice	 dice	9.597416984126568	1
My medical records are accessible to the nurse and the doctor	My medical records are accessible to the nurse and the doctor	 doctor	2.1003844222821546	1
The young woman was inspired by the scientist and the doctor	The young woman was inspired by the scientist and the doctor	 doctor	5.2198239388044465	1
She had to be interviewed by the lawyer and the doctor	She had to be interviewed by the lawyer and the doctor	 doctor	4.434384254416103	1
The bird typically used to symbolize peace is a white dove	The bird typically used to symbolize peace is a white dove	 dove	4.1511896357694384	1
Perched up on the powerline he saw a small, white dove	Perched up on the powerline he saw a small, white dove	 dove	7.038874018775691	1
In the corner of his eye he saw a white dove	In the corner of his eye he saw a white dove	 dove	6.844442514251554	1
Maria thought she looked great in her little black dress	Maria thought she looked great in her little black dress	 dress	0.2542793695776601	1
In her bedroom, she was looking for her black dress	In her bedroom, she was looking for her black dress	 dress	2.129179780432436	1
When she moved away, my girlfriend sold the black dress	When she moved away, my girlfriend sold the black dress	 dress	2.814987697239436	1
He was very thirsty and needed something to drink	He was very thirsty and needed something to drink	 drink	0.2084196787553136	1
At the restaurant, he didn't want anything to drink	At the restaurant, he didn't want anything to drink	 drink	3.753000938274354	1
When school ended, my friends just wanted to drink	When school ended, my friends just wanted to drink	 drink	4.651119541219988	1
The lake had dried up after last year's drought	The lake had dried up after last year's drought	 drought	1.4466125718217082	1
They mortgaged all their land after last year's drought	They mortgaged all their land after last year's drought	 drought	3.786367637661456	1
They started filming a documentary about last year's drought	They started filming a documentary about last year's drought	 drought	8.42780124776214	1
My wife hangs the wet clothes outside to dry	My wife hangs the wet clothes outside to dry	 dry	0.18766913137619015	1
The farmer was waiting for the field to dry	The farmer was waiting for the field to dry	 dry	2.0407814463996683	1
The driver was waiting for the car to dry	The driver was waiting for the car to dry	 dry	8.210788972055129	1
Her fridge was empty, and she had nothing to eat	Her fridge was empty, and she had nothing to eat	 eat	1.2525441798871493	1
The premiere was starting, and she had nothing to eat	The premiere was starting, and she had nothing to eat	 eat	5.753202694221691	1
My cousin was bored, and she had nothing to eat	My cousin was bored, and she had nothing to eat	 eat	7.734845270241759	1
The hen was going to lay some more eggs	The hen was going to lay some more eggs	 eggs	0.2740558238277415	1
The man really wanted to fry some more eggs	The man really wanted to fry some more eggs	 eggs	4.081061263776212	1
The girl was planning to buy some more eggs	The girl was planning to buy some more eggs	 eggs	6.509095579507745	1
The senator campaigned in order to win the election	The senator campaigned in order to win the election	 election	2.7386169236088564	1
The senator's wife was very angry about the election	The senator's wife was very angry about the election	 election	5.253753211559071	1
My roommate needed to learn more about the election	My roommate needed to learn more about the election	 election	7.761992233486392	1
In Santa's workshop, the toys are made by the elves	In Santa's workshop, the toys are made by the elves	 elves	7.202676420390045	2
His children thought the games were made by the elves	His children thought the games were made by the elves	 elves	10.441863288685752	2
Timmy wanted to hear another bedtime story about the elves	Timmy wanted to hear another bedtime story about the elves	 elves	7.29484827619662	2
Melissa was crying, and we saw tears in her eyes	Melissa was crying, and we saw tears in her eyes	 eyes	0.07843729669362448	1
During the checkup, the doctor looked carefully into her eyes	During the checkup, the doctor looked carefully into her eyes	 eyes	2.0985515995866675	1
Her new wallpaper was the same color as her eyes	Her new wallpaper was the same color as her eyes	 eyes	4.617247241077601	1
Old McDonald had plenty of animals on his farm	Old McDonald had plenty of animals on his farm	 farm	0.1759695062052627	1
My uncle planted lots of trees on his farm	My uncle planted lots of trees on his farm	 farm	1.6880070361980255	1
My uncle is installing solar panels on his farm	My uncle is installing solar panels on his farm	 farm	4.219950645861388	1
Because he loved to work the land, Jim became a farmer	Because he loved to work the land, Jim became a farmer	 farmer	2.025910602364623	1
After returning home from the big city, Jim became a farmer	After returning home from the big city, Jim became a farmer	 farmer	4.72088353393498	1
After he returned home from his travels, Jim became a farmer	After he returned home from his travels, Jim became a farmer	 farmer	5.037262029766248	1
Before mopping, he had to sweep the floor	Before mopping, he had to sweep the floor	 floor	0.8486226285847634	1
All the books were stacked on the floor	All the books were stacked on the floor	 floor	1.7845160342957302	1
After the party the butler cleaned the floor	After the party the butler cleaned the floor	 floor	4.210056179104259	1
To keep the dough from sticking, she dusted her hands with flour	To keep the dough from sticking, she dusted her hands with flour	 flour	0.4934878256065466	1
The chef dumped out the measuring cup that was filled with flour	The chef dumped out the measuring cup that was filled with flour	 flour	3.89746093483646	1
At the end of the day, her clothes were covered with flour	At the end of the day, her clothes were covered with flour	 flour	5.2997086616647175	1
Pam received a rose, but preferred any other species of flower	Pam received a rose, but preferred any other species of flower	 flower	1.9680065557392168	1
As an anniversary gift, she received a rare kind of flower	As an anniversary gift, she received a rare kind of flower	 flower	5.510452660308554	1
Charlotte finished reading a book about a rare kind of flower	Charlotte finished reading a book about a rare kind of flower	 flower	5.304580178169116	1
After the goose injured its wing, it could no longer fly	After the goose injured its wing, it could no longer fly	 fly	0.5109690209750392	1
When it's locked in a cage, it can no longer fly	When it's locked in a cage, it can no longer fly	 fly	3.8155790231798408	1
When he dropped the new toy, it could no longer fly	When he dropped the new toy, it could no longer fly	 fly	6.819071495512672	1
The editor, who hates Times New Roman, decided to switch the font	The editor, who hates Times New Roman, decided to switch the font	 font	0.479323230878454	1
Brenda is the editor, and she recently decided to switch the font	Brenda is the editor, and she recently decided to switch the font	 font	6.0295511303573015	1
Brenda had a change of heart and decided to switch the font	Brenda had a change of heart and decided to switch the font	 font	9.03140764690766	1
To display the beautiful photo, she ordered an elegant frame	To display the beautiful photo, she ordered an elegant frame	 frame	3.9446264503075934	1
The burglar stole the painting but left the elegant frame	The burglar stole the painting but left the elegant frame	 frame	3.0223556965266605	1
While she was shopping yesterday, she bought an elegant frame	While she was shopping yesterday, she bought an elegant frame	 frame	6.7757272852536286	1
Apples are definitely his favorite type of fruit	Apples are definitely his favorite type of fruit	 fruit	0.7496866066579113	1
The farmers were selling a lot of fruit	The farmers were selling a lot of fruit	 fruit	4.8378055767419665	1
Jason brought his parents a lot of fruit	Jason brought his parents a lot of fruit	 fruit	8.121004751574919	1
Gasoline usually costs about three dollars for a gallon	Gasoline usually costs about three dollars for a gallon	 gallon	0.6336274052582195	1
The thirsty police officer could probably drink a gallon	The thirsty police officer could probably drink a gallon	 gallon	1.4214814525967738	1
The store always charged too much for a gallon	The store always charged too much for a gallon	 gallon	5.585987437219869	1
Her vision was terrible, and she has to wear glasses	Her vision was terrible, and she has to wear glasses	 glasses	2.421676025343241	1
She looks very different when she has to wear glasses	She looks very different when she has to wear glasses	 glasses	3.887347372089535	1
Her mother was adamant that she has to wear glasses	Her mother was adamant that she has to wear glasses	 glasses	5.007884516884287	1
The doctor wore the sterile rubber gloves	The doctor wore the sterile rubber gloves	 gloves	0.7599256802977594	1
The trainee used the thick rubber gloves	The trainee used the thick rubber gloves	 gloves	1.8960292035430597	1
The child carried the black rubber gloves	The child carried the black rubber gloves	 gloves	3.83436797100731	1
The soccer team celebrated after their player scored a goal	The soccer team celebrated after their player scored a goal	 goal	0.4710802790726705	1
Their team never won, because they never got a goal	Their team never won, because they never got a goal	 goal	4.6906540426558205	1
He knew that it was important to have a goal	He knew that it was important to have a goal	 goal	5.782737815614643	1
The collector's most valuable coins were made of silver and gold	The collector's most valuable coins were made of silver and gold	 gold	0.8631504106021058	1
The miners were able to extract lots of iron and gold	The miners were able to extract lots of iron and gold	 gold	2.164988977426702	1
Brazil is known to import lots of lumber, livestock, and gold	Brazil is known to import lots of lumber, livestock, and gold	 gold	6.630806040341111	1
Before eating dinner, the family held hands to say grace	Before eating dinner, the family held hands to say grace	 grace	3.73574928442142	1
The family wondered whether the visitors wanted to say grace	The family wondered whether the visitors wanted to say grace	 grace	6.902927010666279	1
Timmy listened to hear if the men would say grace	Timmy listened to hear if the men would say grace	 grace	8.078994789182254	1
On the mashed potatoes she poured a delicious gravy	On the mashed potatoes she poured a delicious gravy	 gravy	3.2214523476269563	2
She thickened the stock to make a delicious gravy	She thickened the stock to make a delicious gravy	 gravy	5.546105776576312	2
The restaurant was famous for making a delicious gravy	The restaurant was famous for making a delicious gravy	 gravy	7.78763608067808	2
The passwords were stolen by a brilliant hacker	The passwords were stolen by a brilliant hacker	 hacker	1.3825744324225957	1
The security experts were arresting a brilliant hacker	The security experts were arresting a brilliant hacker	 hacker	4.426255695892829	1
The software was designed by a brilliant hacker	The software was designed by a brilliant hacker	 hacker	5.851734136225862	1
The barber gave Brian a nice looking haircut	The barber gave Brian a nice looking haircut	 haircut	1.0872131010720008	3
That weekend, Brian got a nice looking haircut	That weekend, Brian got a nice looking haircut	 haircut	6.014882358947947	3
We noticed Brian had a nice looking haircut	We noticed Brian had a nice looking haircut	 haircut	7.311162206382824	3
The angry visitor said hello, but he refused to shake my hand	The angry visitor said hello, but he refused to shake my hand	 hand	0.01409773514079979	1
I couldn't finish writing, because there was something wrong with my hand	I couldn't finish writing, because there was something wrong with my hand	 hand	4.861657689646656	1
I was very uncomfortable because I had a cramp in my hand	I was very uncomfortable because I had a cramp in my hand	 hand	3.4640638423970733	1
The child couldn't carry the luggage because it was too heavy	The child couldn't carry the luggage because it was too heavy	 heavy	0.3362653878767405	1
Ben didn't like his vacuum cleaner because it was too heavy	Ben didn't like his vacuum cleaner because it was too heavy	 heavy	3.2635155636203903	1
The hikers didn't buy the tent because it was too heavy	The hikers didn't buy the tent because it was too heavy	 heavy	2.8312035000395297	1
They didn't have a puck or skates, so they couldn't play hockey	They didn't have a puck or skates, so they couldn't play hockey	 hockey	2.597971306703415	1
My brother got his teeth knocked out while trying to play hockey	My brother got his teeth knocked out while trying to play hockey	 hockey	3.9914958949856127	1
Because football season is over, Bill is now training to play hockey	Because football season is over, Bill is now training to play hockey	 hockey	4.3491365564767515	1
The fisherman attached the worm to the hook	The fisherman attached the worm to the hook	 hook	2.795523534648773	1
We definitely saw the fish swallow the hook	We definitely saw the fish swallow the hook	 hook	3.0238734477407236	1
James didn't have enough money for the hook	James didn't have enough money for the hook	 hook	8.454745633920544	1
To water the huge garden, they needed a long hose	To water the huge garden, they needed a long hose	 hose	3.878074759538592	1
Outside in the back yard, they needed a long hose	Outside in the back yard, they needed a long hose	 hose	6.37326099666063	1
Over at the loading dock, they needed a long hose	Over at the loading dock, they needed a long hose	 hose	6.730767111738019	1
For their anniversary in Seattle, they booked a room at a nice hotel	For their anniversary in Seattle, they booked a room at a nice hotel	 hotel	0.8014778497266217	1
For the wedding reception, they were supposed to meet at a nice hotel	For the wedding reception, they were supposed to meet at a nice hotel	 hotel	2.1223221345365526	1
The investment banker was supposed to meet his client at a nice hotel	The investment banker was supposed to meet his client at a nice hotel	 hotel	1.5065605402391242	1
After hours of brainstorming, they had run out of ideas	After hours of brainstorming, they had run out of ideas	 ideas	0.7179581096081458	1
The consultant said that he had run out of ideas	The consultant said that he had run out of ideas	 ideas	3.725048148083401	1
The chef said that he had run out of ideas	The chef said that he had run out of ideas	 ideas	4.284165637387036	1
Using ice and snow, the traditional Eskimo family built a small igloo	Using ice and snow, the traditional Eskimo family built a small igloo	 igloo	0.8952116527219277	2
To get warm, the two arctic explorers climbed inside a small igloo	To get warm, the two arctic explorers climbed inside a small igloo	 igloo	2.4882540042853374	2
The shivering family was huddled in the shelter of a small igloo	The shivering family was huddled in the shelter of a small igloo	 igloo	7.832795524275657	2
His green pen had just run out of ink	His green pen had just run out of ink	 ink	0.14557059241397527	1
The famous writer had just run out of ink	The famous writer had just run out of ink	 ink	4.760611196251584	1
The supply cabinet had just run out of ink	The supply cabinet had just run out of ink	 ink	5.15060080994368	1
The diabetic lady needed to inject some insulin	The diabetic lady needed to inject some insulin	 insulin	2.124375862702858	1
She brought the needle to inject some insulin	She brought the needle to inject some insulin	 insulin	6.261138629256755	1
The homeless woman tried to inject some insulin	The homeless woman tried to inject some insulin	 insulin	5.025002921756653	1
I smoothed out the wrinkled pants with the new iron	I smoothed out the wrinkled pants with the new iron	 iron	5.840754509958607	1
I accidentally burned my hand while using the new iron	I accidentally burned my hand while using the new iron	 iron	8.00423873345542	1
I saw some steam coming out of the new iron	I saw some steam coming out of the new iron	 iron	8.577611389857504	1
The sailors saw a single palm tree in the center of the island	The sailors saw a single palm tree in the center of the island	 island	2.796702769433009	1
The rescue workers recently found an old hermit living alone on the island	The rescue workers recently found an old hermit living alone on the island	 island	2.6519758120004853	1
The rescue workers just learned that the captain had died on the island	The rescue workers just learned that the captain had died on the island	 island	4.200447302481454	1
She smothered the sandwich with peanut butter and lots of jelly	She smothered the sandwich with peanut butter and lots of jelly	 jelly	3.3255361516637114	1
Every Spring, the farmers would make jam and lots of jelly	Every Spring, the farmers would make jam and lots of jelly	 jelly	6.50050380258411	1
At Costco, she bought some crisp apples and lots of jelly	At Costco, she bought some crisp apples and lots of jelly	 jelly	7.007094591037638	1
He usually eats a whole orange rather than just drinking the juice	He usually eats a whole orange rather than just drinking the juice	 juice	0.2068067092209555	1
My husband was flipping the pancakes and I was pouring the juice	My husband was flipping the pancakes and I was pouring the juice	 juice	5.594185911321172	1
The elderly man started to choke and sputter while drinking the juice	The elderly man started to choke and sputter while drinking the juice	 juice	4.731726388831857	1
She's locked out because she forgot to take her keys	She's locked out because she forgot to take her keys	 keys	2.7730006463039363	1
As she rushed out, she forgot to take her keys	As she rushed out, she forgot to take her keys	 keys	4.134756879014751	1
While running her errands, she forgot to take her keys	While running her errands, she forgot to take her keys	 keys	4.297082603448304	1
The curse could only be broken by her true love's first kiss	The curse could only be broken by her true love's first kiss	 kiss	0.5791109819990561	1
Emma bragged to her friends that she had gotten her first kiss	Emma bragged to her friends that she had gotten her first kiss	 kiss	3.022267108771265	1
She didn't want to make a judgement based on the first kiss	She didn't want to make a judgement based on the first kiss	 kiss	5.152356145100944	1
They were cutting the cake using a silver knife	They were cutting the cake using a silver knife	 knife	1.2839676337636123	1
We decided to buy the cook a silver knife	We decided to buy the cook a silver knife	 knife	5.5357323941072405	1
When my grandfather died, I inherited a silver knife	When my grandfather died, I inherited a silver knife	 knife	6.62027776261045	1
The wide highway downtown has more than six lanes	The wide highway downtown has more than six lanes	 lanes	0.5059717951048848	1
The group of bikers crossed more than six lanes	The group of bikers crossed more than six lanes	 lanes	2.455983038602429	1
The marathon runners will cross more than six lanes	The marathon runners will cross more than six lanes	 lanes	4.076895019486819	1
The birthday card was funny and made me laugh	The birthday card was funny and made me laugh	 laugh	0.7244818816255343	1
The coach of our team always made me laugh	The coach of our team always made me laugh	 laugh	2.7677028503432357	1
My supervisor and coworkers have never seen me laugh	My supervisor and coworkers have never seen me laugh	 laugh	4.089493068405871	1
The owner paid the children to mow the lawn	The owner paid the children to mow the lawn	 lawn	0.2029963910181624	1
We saw our neighbor was working on the lawn	We saw our neighbor was working on the lawn	 lawn	4.338852379609192	1
We saw the man walking barefoot across the lawn	We saw the man walking barefoot across the lawn	 lawn	3.7042349959922696	1
When the company sued him, he decided to hire a lawyer	When the company sued him, he decided to hire a lawyer	 lawyer	0.7746747312622005	1
When he crashed his car, he decided to hire a lawyer	When he crashed his car, he decided to hire a lawyer	 lawyer	2.094609149729921	1
When he crashed his car, he decided to call a lawyer	When he crashed his car, he decided to call a lawyer	 lawyer	3.4489945941674467	1
The motorcycle jacket was made out of black leather	The motorcycle jacket was made out of black leather	 leather	1.3659945912904254	1
Her new skirt was made out of black leather	Her new skirt was made out of black leather	 leather	2.9870224412055766	1
For her project, she bought lots of black leather	For her project, she bought lots of black leather	 leather	4.364165741019891	1
Bill raked up all the leaves	Bill raked up all the leaves	 leaves	10.34160276297924	1
The breeze lifted all the leaves	The breeze lifted all the leaves	 leaves	3.535464953565778	1
Watson gathered up all the leaves	Watson gathered up all the leaves	 leaves	7.507891098248884	1
Because Peter never told the truth, everyone knew he was a liar	Because Peter never told the truth, everyone knew he was a liar	 liar	1.504526816403348	1
When Peter's dark secret was discovered, everyone knew he was a liar	When Peter's dark secret was discovered, everyone knew he was a liar	 liar	5.147981844295254	1
When Peter got out of prison, everyone knew he was a liar	When Peter got out of prison, everyone knew he was a liar	 liar	5.7059791970216205	1
Because it was overdue, Billy returned the book to the library	Because it was overdue, Billy returned the book to the library	 library	1.1497772867134837	1
To get some peace and quiet he went to the library	To get some peace and quiet he went to the library	 library	4.479023344183859	1
After finishing up at the store, they went to the library	After finishing up at the store, they went to the library	 library	4.304670349889658	1
It was dark in the bedroom, so she turned on the light	It was dark in the bedroom, so she turned on the light	 light	0.8441132436600279	1
She couldn't read the book because her brother was blocking the light	She couldn't read the book because her brother was blocking the light	 light	1.0583942341175996	1
You can damage your vision if you keep staring at the light	You can damage your vision if you keep staring at the light	 light	3.1706299149051334	1
Before meeting Brad, she put on black eyeliner and some red lipstick	Before meeting Brad, she put on black eyeliner and some red lipstick	 lipstick	0.14523117167994787	2
At the premier, she wore a black dress and some red lipstick	At the premier, she wore a black dress and some red lipstick	 lipstick	0.7621604873539085	2
At the store, she bought some black pens and some red lipstick	At the store, she bought some black pens and some red lipstick	 lipstick	3.527531603652898	2
I had to go inside because the jackhammer was very loud	I had to go inside because the jackhammer was very loud	 loud	0.13882464466859756	1
The kid who was playing on the playground was very loud	The kid who was playing on the playground was very loud	 loud	5.238535248787331	1
She saw her coworker at the bar, who was very loud	She saw her coworker at the bar, who was very loud	 loud	6.212259958661304	1
He didn't eat breakfast, and he forgot to pack his lunch	He didn't eat breakfast, and he forgot to pack his lunch	 lunch	1.0725902106239988	1
For the student's daytrip, he had forgotten to bring his lunch	For the student's daytrip, he had forgotten to bring his lunch	 lunch	4.699752567043674	1
He was late because he had to pick up his lunch	He was late because he had to pick up his lunch	 lunch	7.191467998507763	1
The gentleman lit the candle using a single match	The gentleman lit the candle using a single match	 match	1.1131037302954616	1
The forest fire was started by a single match	The forest fire was started by a single match	 match	7.3938069942490605	1
None of the man's coworkers had a single match	None of the man's coworkers had a single match	 match	8.613546019604554	1
Ben was great at remembering numbers because he had a good memory	Ben was great at remembering numbers because he had a good memory	 memory	0.8984586873947171	1
Ben always did well in Biology because he had a good memory	Ben always did well in Biology because he had a good memory	 memory	4.572500609186752	1
Ben was always an excellent employee because he had a good memory	Ben was always an excellent employee because he had a good memory	 memory	5.303113530128373	1
The dairy cow produced a lot of milk	The dairy cow produced a lot of milk	 milk	0.2931403593270903	1
The large jug held a lot of milk	The large jug held a lot of milk	 milk	5.730108177374683	1
The local farmers produced a lot of milk	The local farmers produced a lot of milk	 milk	4.715381448618044	1
The hikers climbed to the summit of the mountain	The hikers climbed to the summit of the mountain	 mountain	2.370569611438767	1
The couple camped near the side of the mountain	The couple camped near the side of the mountain	 mountain	2.8166561203884983	1
The scholars learned about the history of the mountain	The scholars learned about the history of the mountain	 mountain	7.462635946975696	1
After the body was discovered, our neighbor was arrested for murder	After the body was discovered, our neighbor was arrested for murder	 murder	3.2494555887983	1
Our son was innocent and shouldn't have been arrested for murder	Our son was innocent and shouldn't have been arrested for murder	 murder	3.2236216348279423	1
When the building burned down, the man was arrested for murder	When the building burned down, the man was arrested for murder	 murder	3.5283431842064568	1
Before the weight lifting tournament, he needed to build some muscle	Before the weight lifting tournament, he needed to build some muscle	 muscle	1.909283976269757	1
The head of the cheerleading squad needed to build some muscle	The head of the cheerleading squad needed to build some muscle	 muscle	2.9298107818337127	1
After arriving at the campus, he wanted to build some muscle	After arriving at the campus, he wanted to build some muscle	 muscle	6.3816888578737	1
The burgers were messy, so he made sure to grab a napkin	The burgers were messy, so he made sure to grab a napkin	 napkin	2.8430331720248905	2
At the diner, the waitress had forgotten to bring him a napkin	At the diner, the waitress had forgotten to bring him a napkin	 napkin	2.980883438452925	2
When he was walking past the kitchen he accidentally dropped a napkin	When he was walking past the kitchen he accidentally dropped a napkin	 napkin	6.8723083436396095	2
They had to walk single file because the path was too narrow	They had to walk single file because the path was too narrow	 narrow	1.4475597237836588	1
They decided to use the elevator because the stairwell was too narrow	They decided to use the elevator because the stairwell was too narrow	 narrow	0.8879605873523057	1
They decided not to go rafting because the river was too narrow	They decided not to go rafting because the river was too narrow	 narrow	2.4492991522657177	1
Of all the animals, the giraffe is known for its long neck	Of all the animals, the giraffe is known for its long neck	 neck	2.216629828469872	1
Of all the animals, the flamingo is known for its long neck	Of all the animals, the flamingo is known for its long neck	 neck	4.831730773319727	1
Of all the animals, the peacock is known for its long neck	Of all the animals, the peacock is known for its long neck	 neck	5.749329797009599	1
She couldn't get the thread through the eye of the needle	She couldn't get the thread through the eye of the needle	 needle	1.9060382960154452	1
The woman accidentally poked herself with the tip of the needle	The woman accidentally poked herself with the tip of the needle	 needle	5.027185910600419	1
During arts and crafts she broke the tip of the needle	During arts and crafts she broke the tip of the needle	 needle	4.2399115374694505	1
Before laying its eggs, the robin had to build a nest	Before laying its eggs, the robin had to build a nest	 nest	0.24291779254151066	1
Up in the poplar tree, the stray cat found a nest	Up in the poplar tree, the stray cat found a nest	 nest	6.017805440788763	1
While cleaning up outside, Jerry had to throw away a nest	While cleaning up outside, Jerry had to throw away a nest	 nest	8.910904225345506	1
The volleyball shot barely made it over the net	The volleyball shot barely made it over the net	 net	0.7396899191397437	1
The referee saw the ball roll under the net	The referee saw the ball roll under the net	 net	4.003664513411727	1
Samantha and Karen suspected it was under the net	Samantha and Karen suspected it was under the net	 net	9.84266191166624	1
Because they are nocturnal creatures, all bats hunt at night	Because they are nocturnal creatures, all bats hunt at night	 night	0.16417880248701086	1
To keep their relationship secret, they usually meet at night	To keep their relationship secret, they usually meet at night	 night	3.2745314392494826	1
The student was going to get her degree at night	The student was going to get her degree at night	 night	6.028423174856348	1
Jack forgot about the cookies baking in the oven	Jack forgot about the cookies baking in the oven	 oven	0.2376762389371616	1
Jack remembered that he left something in the oven	Jack remembered that he left something in the oven	 oven	4.739878665748155	1
Jack remembered that he needed to clean the oven	Jack remembered that he needed to clean the oven	 oven	4.730540313857763	1
The heroin addict died of an overdose	The heroin addict died of an overdose	 overdose	0.42884214865247255	1
They used naloxone to treat an overdose	They used naloxone to treat an overdose	 overdose	2.649187795969811	1
The celebrity showed signs of an overdose	The celebrity showed signs of an overdose	 overdose	4.4418175773706965	1
The artist dipped her brush into a fresh can of paint	The artist dipped her brush into a fresh can of paint	 paint	1.057513938837602	1
At Home Depot they didn't sell the right kind of paint	At Home Depot they didn't sell the right kind of paint	 paint	3.7198818757505565	1
Erica had always wanted to try a new type of paint	Erica had always wanted to try a new type of paint	 paint	5.124803331280782	1
The student opened his notebook and pulled out a piece of paper	The student opened his notebook and pulled out a piece of paper	 paper	0.29964704170032963	1
In all his chemistry classes, the student used a lot of paper	In all his chemistry classes, the student used a lot of paper	 paper	5.8531265955287894	1
The two researchers working in the clinical program needed lots of paper	The two researchers working in the clinical program needed lots of paper	 paper	4.835844986495599	1
For my mother's birthday, we threw a huge party	For my mother's birthday, we threw a huge party	 party	0.5790277978775198	1
On the last day, there was a huge party	On the last day, there was a huge party	 party	5.124380390216963	1
Right beside the lake, there was a huge party	Right beside the lake, there was a huge party	 party	7.1577571215299525	1
The website login asks for my username and password	The website login asks for my username and password	 password	0.05787384389239801	1
Tim had forgotten his mother's email address and password	Tim had forgotten his mother's email address and password	 password	5.8590034594250024	1
Tim's classmate tried to steal his phone and password	Tim's classmate tried to steal his phone and password	 password	7.6049717191226325	1
In the story, the wolf chased the three little pigs	In the story, the wolf chased the three little pigs	 pigs	1.6684061885107484	1
The farmer was raising cows and lots of little pigs	The farmer was raising cows and lots of little pigs	 pigs	2.376879684371533	1
Bill checked outside, but he didn't see the little pigs	Bill checked outside, but he didn't see the little pigs	 pigs	8.806863504498576	1
The tooth fairy was supposed to leave money under her pillow	The tooth fairy was supposed to leave money under her pillow	 pillow	0.3540301374700811	1
My cousin usually kept her phone plugged in under her pillow	My cousin usually kept her phone plugged in under her pillow	 pillow	1.1379587297936518	1
When her wallet was missing, she found it under her pillow	When her wallet was missing, she found it under her pillow	 pillow	3.114366271635929	1
On the plane, Timmy went up to the cockpit to meet the pilot	On the plane, Timmy went up to the cockpit to meet the pilot	 pilot	1.6186305355727646	1
When they arrived at their destination, the passengers got to meet the pilot	When they arrived at their destination, the passengers got to meet the pilot	 pilot	4.7275920574076125	1
When we were told we had to evacuate, we listened to the pilot	When we were told we had to evacuate, we listened to the pilot	 pilot	7.862521518358591	1
The airport was crowded, and the passengers couldn't board the plane	The airport was crowded, and the passengers couldn't board the plane	 plane	0.8210788453763695	1
After a three hour wait, the passengers could see the plane	After a three hour wait, the passengers could see the plane	 plane	3.7730201577001266	1
After a three hour wait, the men could see the plane	After a three hour wait, the men could see the plane	 plane	5.403352693544012	1
The king died because the assassin filled his cup with poison	The king died because the assassin filled his cup with poison	 poison	0.5929541548518072	1
They were finally able to solve the mouse problem with poison	They were finally able to solve the mouse problem with poison	 poison	11.34679119769239	1
The small dagger that the soldier carried was covered with poison	The small dagger that the soldier carried was covered with poison	 poison	7.191489515710987	1
The gym won't let me swim in their heated pool	The gym won't let me swim in their heated pool	 pool	0.24073001664690505	1
They needed to add more water to the heated pool	They needed to add more water to the heated pool	 pool	2.208463137926716	1
The men said that I shouldn't approach the heated pool	The men said that I shouldn't approach the heated pool	 pool	6.9524794224623605	1
She added chives and sour cream to the baked potato	She added chives and sour cream to the baked potato	 potato	2.6708418575392106	1
He opened up the oven to remove the baked potato	He opened up the oven to remove the baked potato	 potato	2.5707674781658385	1
The waiter recommended the seafood linguini or the baked potato	The waiter recommended the seafood linguini or the baked potato	 potato	3.0471003085830675	1
The parents of the awarded athlete felt very proud	The parents of the awarded athlete felt very proud	 proud	1.746140616831659	1
The owner of the Italian restaurant felt very proud	The owner of the Italian restaurant felt very proud	 proud	4.503778002967541	1
After his final chemo treatment, he felt very proud	After his final chemo treatment, he felt very proud	 proud	6.261686659158538	1
The water from her umbrella collected in a big puddle	The water from her umbrella collected in a big puddle	 puddle	2.76042304021383	2
The steam from her shower collected in a big puddle	The steam from her shower collected in a big puddle	 puddle	2.732819264649592	2
The drinks that they didn't finish made a big puddle	The drinks that they didn't finish made a big puddle	 puddle	10.387697263220351	2
When the paramedic arrived, he checked the victim's wrist for a pulse	When the paramedic arrived, he checked the victim's wrist for a pulse	 pulse	0.0748172374516704	1
When the expert arrived, he immediately checked the woman for a pulse	When the expert arrived, he immediately checked the woman for a pulse	 pulse	3.7709669632911487	1
When the detective arrived at the scene, he looked for a pulse	When the detective arrived at the scene, he looked for a pulse	 pulse	5.853018315750482	1
For Halloween, they were carving a large pumpkin	For Halloween, they were carving a large pumpkin	 pumpkin	1.7863877392880037	1
For the pie, they bought a large pumpkin	For the pie, they bought a large pumpkin	 pumpkin	4.962851545900592	1
Before the party, they bought a large pumpkin	Before the party, they bought a large pumpkin	 pumpkin	7.929588224679692	1
He liked to study in the library because it was very quiet	He liked to study in the library because it was very quiet	 quiet	0.7576525646889335	1
The group of people sitting in the concert hall was very quiet	The group of people sitting in the concert hall was very quiet	 quiet	3.2895924891073705	1
The neighborhood at the top of the tall hill was very quiet	The neighborhood at the top of the tall hill was very quiet	 quiet	2.094202361614824	1
The tennis player firmly gripped the handle of his racket	The tennis player firmly gripped the handle of his racket	 racket	0.4427520704308124	1
While waiting for his partner, the player grabbed his racket	While waiting for his partner, the player grabbed his racket	 racket	9.739139886252211	1
The crowd watched as the man picked up his racket	The crowd watched as the man picked up his racket	 racket	9.677967371886913	1
Driving in the countryside, I could only hear static on the radio	Driving in the countryside, I could only hear static on the radio	 radio	0.29106279194926826	1
The woman learned some news about the approaching hurricane on the radio	The woman learned some news about the approaching hurricane on the radio	 radio	1.3765769854174152	1
Luckily, the old woman found lots of interesting programs on the radio	Luckily, the old woman found lots of interesting programs on the radio	 radio	5.1101760631730055	1
She brought an umbrella to protect her from the rain	She brought an umbrella to protect her from the rain	 rain	0.3530097810292642	1
She brought a jacket to protect her from the rain	She brought a jacket to protect her from the rain	 rain	1.5395431301179388	1
She arrived late because she got stuck in the rain	She arrived late because she got stuck in the rain	 rain	3.4024511787728065	1
He gathered the leaves into a pile using a rake	He gathered the leaves into a pile using a rake	 rake	4.4319630459230535	2
The homeowner was cleaning up the driveway using a rake	The homeowner was cleaning up the driveway using a rake	 rake	5.441004869938463	2
He tried to scare off the animal using a rake	He tried to scare off the animal using a rake	 rake	7.847439771020918	2
During her painful headache, she took a Tylenol to get some relief	During her painful headache, she took a Tylenol to get some relief	 relief	0.6048018466643962	1
The old woman with the painful sunburn tried to get some relief	The old woman with the painful sunburn tried to get some relief	 relief	3.9637413752580657	1
She decided they should take an extended vacation to get some relief	She decided they should take an extended vacation to get some relief	 relief	5.983892851426813	1
To make sushi, she carefully boiled the grains of rice	To make sushi, she carefully boiled the grains of rice	 rice	0.2394005357498248	1
She used the pressure cooker to steam lots of rice	She used the pressure cooker to steam lots of rice	 rice	5.097302803414722	1
In the kitchen, she accidentally spilled a bunch of rice	In the kitchen, she accidentally spilled a bunch of rice	 rice	4.792433068646176	1
Before proposing to his girlfriend he would need a ring	Before proposing to his girlfriend he would need a ring	 ring	5.852675854829773	1
For my fiances upcoming birthday I bought her a ring	For my fiances upcoming birthday I bought her a ring	 ring	5.370655564172638	1
After receiving her paycheck she wanted to buy a ring	After receiving her paycheck she wanted to buy a ring	 ring	4.830793704946092	1
The climbers and guide were attached to each other by a rope	The climbers and guide were attached to each other by a rope	 rope	0.3419166479443953	1
The skilled cave explorer remembered to bring his flashlight and a rope	The skilled cave explorer remembered to bring his flashlight and a rope	 rope	3.965028118153753	1
When Jeff went to the sports equipment store, he bought a rope	When Jeff went to the sports equipment store, he bought a rope	 rope	8.242064798319861	1
The wind couldn't push the boat because it had a tear in the sail	The wind couldn't push the boat because it had a tear in the sail	 sail	3.630585485094958	1
No one has told the sail	No one has told the sail	 sail	14.561564273782325	1
The team had to work for hours to fix the tear in the sail	The team had to work for hours to fix the tear in the sail	 sail	7.003463075296778	1
He bought the lettuce and croutons to make a salad	He bought the lettuce and croutons to make a salad	 salad	1.016532068074702	1
For her lunch tomorrow, she decided to make a salad	For her lunch tomorrow, she decided to make a salad	 salad	2.6220499697202952	1
On the last day, he decided to make a salad	On the last day, he decided to make a salad	 salad	8.753359111030479	1
The store reduced their prices during the annual sale	The store reduced their prices during the annual sale	 sale	3.824286496970536	1
He spent lots of money at the annual sale	He spent lots of money at the annual sale	 sale	7.486004215985763	1
John and his wife prepared for the annual sale	John and his wife prepared for the annual sale	 sale	6.647440045724548	1
To educate the children, they built a new school	To educate the children, they built a new school	 school	1.6236497969261918	1
My brother moved and transferred to a new school	My brother moved and transferred to a new school	 school	1.046073849621862	1
After the horrible flood they built a new school	After the horrible flood they built a new school	 school	3.306773146585908	1
To read the prophecy, he unrolled the ancient scroll	To read the prophecy, he unrolled the ancient scroll	 scroll	1.032242564085265	1
While visiting court, the priest read the ancient scroll	While visiting court, the priest read the ancient scroll	 scroll	4.6342775993117895	1
The pair of thieves recently stole the ancient scroll	The pair of thieves recently stole the ancient scroll	 scroll	5.168978755938079	1
Susan forgot to put a period at the end of the sentence	Susan forgot to put a period at the end of the sentence	 sentence	1.138334152541384	1
Susan had a lot of trouble understanding the end of the sentence	Susan had a lot of trouble understanding the end of the sentence	 sentence	4.7693447265016955	1
The substitute teacher was pretty impressed by the length of the sentence	The substitute teacher was pretty impressed by the length of the sentence	 sentence	4.579841383361697	1
When the earthquake began, the whole building started shaking	When the earthquake began, the whole building started shaking	 shaking	0.6467910762041563	1
They fled in fear when the house started shaking	They fled in fear when the house started shaking	 shaking	2.6043494848736586	1
When the actor approached the audience, he started shaking	When the actor approached the audience, he started shaking	 shaking	5.767585550247724	1
The swimmer was attacked by a great white shark	The swimmer was attacked by a great white shark	 shark	0.03188602764852157	1
The marine biologist was studying a rare white shark	The marine biologist was studying a rare white shark	 shark	3.016047838590905	1
Earlier, the dock worker saw a beautiful white shark	Earlier, the dock worker saw a beautiful white shark	 shark	4.957088993070996	1
It could cut easily because the blade was very sharp	It could cut easily because the blade was very sharp	 sharp	1.3910889476328825	1
She always worked quickly, and her tool was very sharp	She always worked quickly, and her tool was very sharp	 sharp	1.5439607004429965	1
His mom sternly warned him because it was very sharp	His mom sternly warned him because it was very sharp	 sharp	9.323710492206098	1
Sarah pulled the book off the shelf	Sarah pulled the book off the shelf	 shelf	0.5076300654784404	1
Sarah arranged the items on the shelf	Sarah arranged the items on the shelf	 shelf	4.948512160519224	1
Sarah noticed the mouse on the shelf	Sarah noticed the mouse on the shelf	 shelf	6.55602524729592	1
The warrior blocked the spear thrust with his large wooden shield	The warrior blocked the spear thrust with his large wooden shield	 shield	1.044793161749839	1
In the warrior's tomb, the team discovered a large wooden shield	In the warrior's tomb, the team discovered a large wooden shield	 shield	5.085891214348882	1
The accomplished artist carved the design on the large wooden shield	The accomplished artist carved the design on the large wooden shield	 shield	7.623776258748232	1
He couldn't reach the high shelf because he was very short	He couldn't reach the high shelf because he was very short	 short	2.43727335162927	1
The big kids always teased Jason because he was very short	The big kids always teased Jason because he was very short	 short	2.4276217723069853	1
The parents were worried about Jason because he was very short	The parents were worried about Jason because he was very short	 short	6.153058854178218	1
When exiting the highway, they had trouble reading the small sign	When exiting the highway, they had trouble reading the small sign	 sign	3.45186258462718	1
On their country drive, they had trouble seeing the small sign	On their country drive, they had trouble seeing the small sign	 sign	5.117097190794255	1
At the Italian restaurant, they had trouble reading the small sign	At the Italian restaurant, they had trouble reading the small sign	 sign	4.271588642447202	1
Long before he saw the ambulance's lights he heard the siren	Long before he saw the ambulance's lights he heard the siren	 siren	1.90818663536095	2
When Dennis got closer to the intersection he heard the siren	When Dennis got closer to the intersection he heard the siren	 siren	3.539734500946042	2
The students were ducking for cover when they heard the siren	The students were ducking for cover when they heard the siren	 siren	6.717482565285745	2
She was the youngest out of all her brothers and sisters	She was the youngest out of all her brothers and sisters	 sisters	0.2232397399451712	1
She learned how to use makeup from her friends and sisters	She learned how to use makeup from her friends and sisters	 sisters	5.447720014726489	1
She was always rude and obnoxious around her teachers and sisters	She was always rude and obnoxious around her teachers and sisters	 sisters	7.0957515659462045	1
Not using sunscreen at the beach can damage your skin	Not using sunscreen at the beach can damage your skin	 skin	0.2613801381627348	1
The chemicals floating in the water can damage your skin	The chemicals floating in the water can damage your skin	 skin	3.1005754352639903	1
The factory produces noxious chemicals that can damage your skin	The factory produces noxious chemicals that can damage your skin	 skin	1.1842384767826721	1
Eric comforted his tearful son and sang him to sleep	Eric comforted his tearful son and sang him to sleep	 sleep	0.005055454584655744	1
My nephew told us that he didn't want to sleep	My nephew told us that he didn't want to sleep	 sleep	4.890869445636678	1
All of us knew that Eric wouldn't want to sleep	All of us knew that Eric wouldn't want to sleep	 sleep	6.604655104347319	1
They didn't rent the apartment because the kitchen was too small	They didn't rent the apartment because the kitchen was too small	 small	0.16904612220005705	1
They didn't buy the convertible because the engine was too small	They didn't buy the convertible because the engine was too small	 small	1.8520107935408057	1
She decided not to apply because the college was too small	She decided not to apply because the college was too small	 small	2.0635797798451665	1
A boa constrictor is a very dangerous type of snake	A boa constrictor is a very dangerous type of snake	 snake	0.2481918549034965	1
He had never been bitten by that type of snake	He had never been bitten by that type of snake	 snake	1.6992706608884216	1
My little sister had never seen that type of snake	My little sister had never seen that type of snake	 snake	6.606902450088866	1
Germs are spread when people cough or sneeze	Germs are spread when people cough or sneeze	 sneeze	0.0946005593504752	3
This powder might make you itch or sneeze	This powder might make you itch or sneeze	 sneeze	7.394131449136947	3
People always notice when I laugh or sneeze	People always notice when I laugh or sneeze	 sneeze	6.380682826933433	3
In the shower, he accidentally dropped the bar of soap	In the shower, he accidentally dropped the bar of soap	 soap	0.0918781520814562	1
The janitor decided to purchase a new brand of soap	The janitor decided to purchase a new brand of soap	 soap	3.8593265505180687	1
He forgot to stock up on that type of soap	He forgot to stock up on that type of soap	 soap	6.322054451472355	1
The kids had lots of cavities because they drank soda	The kids had lots of cavities because they drank soda	 soda	3.4969305094021244	1
They were out of lemonade, so instead they drank soda	They were out of lemonade, so instead they drank soda	 soda	5.490125744117572	1
The hotel didn't have coffee, so instead they drank soda	The hotel didn't have coffee, so instead they drank soda	 soda	5.328229031976277	1
She puckered her lips because the lemon was too sour	She puckered her lips because the lemon was too sour	 sour	1.8347874608990955	1
She spat out the fruit because it was too sour	She spat out the fruit because it was too sour	 sour	2.531796265084207	1
She threw away her meal because it was too sour	She threw away her meal because it was too sour	 sour	6.665880757076961	1
Lines of longitude go from the north to the south	Lines of longitude go from the north to the south	 south	0.18793003754023416	1
The arrow on the compass was pointing to the south	The arrow on the compass was pointing to the south	 south	2.367875932656561	1
On their long vacation, the family traveled to the south	On their long vacation, the family traveled to the south	 south	4.53315560473026	1
The politician stood at the podium and gave a long speech	The politician stood at the podium and gave a long speech	 speech	1.406445973060545	1
Hamilton didn't have the patience to sit through the long speech	Hamilton didn't have the patience to sit through the long speech	 speech	4.926481084942659	1
Hamilton and his coworkers were chatting together after the long speech	Hamilton and his coworkers were chatting together after the long speech	 speech	7.440408607362407	1
Merlin needed his magic wand to cast the spell	Merlin needed his magic wand to cast the spell	 spell	0.5413176696235676	1
The students at Hogwarts had trouble understanding the spell	The students at Hogwarts had trouble understanding the spell	 spell	4.868397344752816	1
The princess could not be awakened by the spell	The princess could not be awakened by the spell	 spell	4.2911314021541855	1
The web had been spun by the large spider	The web had been spun by the large spider	 spider	9.018090347801463	1
My older brother refused to touch the large spider	My older brother refused to touch the large spider	 spider	6.007522984027319	1
My husband was trying to catch the large spider	My husband was trying to catch the large spider	 spider	5.461421143465954	1
After the meal, she ate her sundae with a small metal spoon	After the meal, she ate her sundae with a small metal spoon	 spoon	0.8380933979225447	1
Mike was searching around in the kitchen for a small metal spoon	Mike was searching around in the kitchen for a small metal spoon	 spoon	3.5468391069154834	1
At the flea market in Sacramento he bought a small metal spoon	At the flea market in Sacramento he bought a small metal spoon	 spoon	5.984338853889946	1
The creature was either an octopus or a giant squid	The creature was either an octopus or a giant squid	 squid	0.5646818358954772	2
The group of scientists was attacked by a giant squid	The group of scientists was attacked by a giant squid	 squid	4.438893792950777	2
The museum display had some pictures of a giant squid	The museum display had some pictures of a giant squid	 squid	4.441156054305272	2
The audience shouted "boo!" until the actor walked off the stage	The audience shouted "boo!" until the actor walked off the stage	 stage	0.08859841643281516	1
The technician had to adjust all the lights above the stage	The technician had to adjust all the lights above the stage	 stage	4.615082388624232	1
When we walked inside, we all saw Johnathan on the stage	When we walked inside, we all saw Johnathan on the stage	 stage	5.047881121478264	1
Even the professional dry cleaner wasn't able to remove the stain	Even the professional dry cleaner wasn't able to remove the stain	 stain	3.0690976141321054	1
My roommate needed some advice on how to remove the stain	My roommate needed some advice on how to remove the stain	 stain	5.222973373899041	1
During the wedding reception, all of the guests noticed the stain	During the wedding reception, all of the guests noticed the stain	 stain	9.829463027510768	1
The hopeful girl wished upon a star	The hopeful girl wished upon a star	 star	1.894677807143144	1
The sticker was shaped like a star	The sticker was shaped like a star	 star	4.922272649751627	1
On the canvas, Andrew drew a star	On the canvas, Andrew drew a star	 star	6.564891346214398	1
At the bar, the man sat on a stool	At the bar, the man sat on a stool	 stool	0.5490452058940515	1
During timeout, Suzie had to sit on a stool	During timeout, Suzie had to sit on a stool	 stool	3.2559926723880315	1
To paint the ceiling, the decorator needed a stool	To paint the ceiling, the decorator needed a stool	 stool	8.864833380140427	1
The hot pan was bubbling on the stove	The hot pan was bubbling on the stove	 stove	0.2777734477471656	1
The children weren't supposed to touch the stove	The children weren't supposed to touch the stove	 stove	7.064766421535505	1
Jan wasn't able to turn on the stove	Jan wasn't able to turn on the stove	 stove	4.257388971117534	1
It's easy to spot a zebra because of its stripes	It's easy to spot a zebra because of its stripes	 stripes	0.6539197796471454	1
It's easy to recognize a bumblebee because of its stripes	It's easy to recognize a bumblebee because of its stripes	 stripes	4.573660056529652	1
It's easy to recognize a piranha because of its stripes	It's easy to recognize a piranha because of its stripes	 stripes	4.811404091802674	1
After cutting down the tree, all that was left was a stump	After cutting down the tree, all that was left was a stump	 stump	2.9854852390680753	1
They had to hire the landscapers, to help them remove a stump	They had to hire the landscapers, to help them remove a stump	 stump	6.272132524751822	1
Behind the storage shed, there were some dead branches and a stump	Behind the storage shed, there were some dead branches and a stump	 stump	6.307522685168747	1
To make the cake sweet, he added some more sugar	To make the cake sweet, he added some more sugar	 sugar	2.3763624632771565	1
My wife didn't notice that I added some more sugar	My wife didn't notice that I added some more sugar	 sugar	6.365260107020744	1
I reminded my wife that we needed some more sugar	I reminded my wife that we needed some more sugar	 sugar	6.336927988970606	1
To look good at the funeral, he needed to buy a suit	To look good at the funeral, he needed to buy a suit	 suit	2.2021704753191336	1
He had a big date, and he needed to buy a suit	He had a big date, and he needed to buy a suit	 suit	4.231135025157403	1
Because he's visiting his grandma soon, he needed to buy a suit	Because he's visiting his grandma soon, he needed to buy a suit	 suit	5.103682596430962	1
At two o'clock the British family always has crumpets and tea	At two o'clock the British family always has crumpets and tea	 tea	0.8442360096017129	1
At the breakfast buffet, the conference was serving coffee and tea	At the breakfast buffet, the conference was serving coffee and tea	 tea	3.1509435695504644	1
When their mother was home they could have brownies and tea	When their mother was home they could have brownies and tea	 tea	5.668185173719258	1
The dentist was teaching Emma how to clean her teeth	The dentist was teaching Emma how to clean her teeth	 teeth	0.27390246930969536	1
Our mother told my sister to always clean her teeth	Our mother told my sister to always clean her teeth	 teeth	2.3372742776741693	1
The nanny reminded my sister to look after her teeth	The nanny reminded my sister to look after her teeth	 teeth	9.072881230717627	1
Everett lit the campfire while I pitched the tent	Everett lit the campfire while I pitched the tent	 tent	0.4820790397005653	1
The kids at summer camp slept in the tent	The kids at summer camp slept in the tent	 tent	3.136369165641427	1
Everett's dad asked if he could move the tent	Everett's dad asked if he could move the tent	 tent	7.3264550939702096	1
The pill I just swallowed is stuck in my throat	The pill I just swallowed is stuck in my throat	 throat	0.6502195977174771	1
The doctor said I have something stuck in my throat	The doctor said I have something stuck in my throat	 throat	1.1437541064562435	1
The doctor isn't able to do anything about my throat	The doctor isn't able to do anything about my throat	 throat	6.11471441848423	1
He made a dentist appointment to extract his broken tooth	He made a dentist appointment to extract his broken tooth	 tooth	0.9763578912335622	1
He had difficulty speaking because he had a broken tooth	He had difficulty speaking because he had a broken tooth	 tooth	3.1579523328277217	1
After some discussion, they decided to remove the broken tooth	After some discussion, they decided to remove the broken tooth	 tooth	7.437706657888348	1
The tiny maple sapling has grown into a large tree	The tiny maple sapling has grown into a large tree	 tree	1.05849758970887	1
The bicycle was swerving and crashed into a large tree	The bicycle was swerving and crashed into a large tree	 tree	1.3446676933967132	1
Joan and her decorator decided to add a large tree	Joan and her decorator decided to add a large tree	 tree	4.721283091253584	1
Ben unloaded the bags of cement from the back of the truck	Ben unloaded the bags of cement from the back of the truck	 truck	0.9318172516369624	1
The fugitive hid from the police in the back of the truck	The fugitive hid from the police in the back of the truck	 truck	3.2979854193598155	1
Ben was being so violent that he tried to smash the truck	Ben was being so violent that he tried to smash the truck	 truck	6.036998705529418	1
There's no need to lie, you can tell me the truth	There's no need to lie, you can tell me the truth	 truth	0.18435108627291974	1
My friend at the office refused to tell me the truth	My friend at the office refused to tell me the truth	 truth	4.553576862752849	1
The police officer was unsure if he could find the truth	The police officer was unsure if he could find the truth	 truth	8.043505532970691	1
Elephants are often hunted for the ivory in their tusks	Elephants are often hunted for the ivory in their tusks	 tusks	2.6216952018156583	3
After catching the animals, the poachers cut off their tusks	After catching the animals, the poachers cut off their tusks	 tusks	5.247137943123594	3
The smugglers could not find a buyer for their tusks	The smugglers could not find a buyer for their tusks	 tusks	12.278987861459813	3
The city lies between two hills in a valley	The city lies between two hills in a valley	 valley	1.5321866902287042	1
The team discovered the fertile crops in a valley	The team discovered the fertile crops in a valley	 valley	4.651626819504225	1
The house sits between two shops in a valley	The house sits between two shops in a valley	 valley	7.620257641137625	1
At the ice cream shop, Jen asked for both chocolate and vanilla	At the ice cream shop, Jen asked for both chocolate and vanilla	 vanilla	0.5852810663793817	1
To add flavor to the frosting he added maple syrup and vanilla	To add flavor to the frosting he added maple syrup and vanilla	 vanilla	2.488040281017615	1
He walked down to the supermarket to buy milk, flour, and vanilla	He walked down to the supermarket to buy milk, flour, and vanilla	 vanilla	9.808876146905792	1
To display the roses, Katie put them in an expensive vase	To display the roses, Katie put them in an expensive vase	 vase	2.581771121403793	2
The collector of Chinese artifacts had just acquired the expensive vase	The collector of Chinese artifacts had just acquired the expensive vase	 vase	6.78011908963466	2
The young couple paid lots of money for the expensive vase	The young couple paid lots of money for the expensive vase	 vase	7.070838271466203	2
The bride covered her face with a veil	The bride covered her face with a veil	 veil	2.3822428945099703	1
She wore a beautiful gown and a veil	She wore a beautiful gown and a veil	 veil	2.1934453272723804	1
The seamstress sewed two sheets and a veil	The seamstress sewed two sheets and a veil	 veil	7.7574235945219385	1
Before the show, the sick opera singer suddenly lost her voice	Before the show, the sick opera singer suddenly lost her voice	 voice	0.3674079840867996	1
Before the cameras started rolling, the actress suddenly lost her voice	Before the cameras started rolling, the actress suddenly lost her voice	 voice	2.303844741707614	1
Before leaving to buy groceries, my aunt suddenly lost her voice	Before leaving to buy groceries, my aunt suddenly lost her voice	 voice	3.4279309586487674	1
In the election, people younger than eighteen aren't allowed to vote	In the election, people younger than eighteen aren't allowed to vote	 vote	0.03258403661405966	1
In countries with strict religious codes, women aren't allowed to vote	In countries with strict religious codes, women aren't allowed to vote	 vote	3.1012363662755167	1
On some campuses, many of the students don't want to vote	On some campuses, many of the students don't want to vote	 vote	6.007739840851277	1
The bride refused to invite her father to the wedding	The bride refused to invite her father to the wedding	 wedding	0.3464803428306494	1
Kathy decided not to invite her uncle to the wedding	Kathy decided not to invite her uncle to the wedding	 wedding	1.1151947674323195	1
The lazy teenager didn't want to go to the wedding	The lazy teenager didn't want to go to the wedding	 wedding	6.580860011210297	1
The woman would need a raincoat to avoid getting wet	The woman would need a raincoat to avoid getting wet	 wet	1.2012070592935764	1
He didn't drive home because the roads were getting wet	He didn't drive home because the roads were getting wet	 wet	4.203699651238426	1
He doesn't run very often because he hates getting wet	He doesn't run very often because he hates getting wet	 wet	4.016465847410639	1
The referee was blowing on his whistle	The referee was blowing on his whistle	 whistle	0.14194933775573584	1
None of the players heard his whistle	None of the players heard his whistle	 whistle	4.493063668594036	1
My brother remembered to bring his whistle	My brother remembered to bring his whistle	 whistle	8.105297596485771	1
At the vineyard, he bought a fancy bottle of wine	At the vineyard, he bought a fancy bottle of wine	 wine	1.4986234827029177	1
The waiter forgot to bring me my glass of wine	The waiter forgot to bring me my glass of wine	 wine	1.8980353543964061	1
At the market, he bought a new type of wine	At the market, he bought a new type of wine	 wine	4.658472520273365	1
Then, the genie granted his third and final wish	Then, the genie granted his third and final wish	 wish	0.2061262306401308	1
The king remembered that he had one final wish	The king remembered that he had one final wish	 wish	3.870637074491458	1
The young boy had forgotten about his final wish	The young boy had forgotten about his final wish	 wish	6.018086974903867	1
The kids thought that the scary old woman was probably a witch	The kids thought that the scary old woman was probably a witch	 witch	2.4595747477196053	1
For Halloween that year she decided to dress up as a witch	For Halloween that year she decided to dress up as a witch	 witch	3.3252388988239123	1
She decided that she shouldn't write a children's story about a witch	She decided that she shouldn't write a children's story about a witch	 witch	4.870044625231436	1
At the sawmill they slice logs into long planks of wood	At the sawmill they slice logs into long planks of wood	 wood	0.9730901402406796	1
To repair the cabinet, he needed several different types of wood	To repair the cabinet, he needed several different types of wood	 wood	3.35261264756113	1
At the ancient burial site they found weapons made of wood	At the ancient burial site they found weapons made of wood	 wood	2.9223650390449327	1
Shearing the sheep produced a large amount of wool	Shearing the sheep produced a large amount of wool	 wool	1.6533750396533635	1
The elderly shepherd sold a large amount of wool	The elderly shepherd sold a large amount of wool	 wool	4.31296267851593	1
The new factory produced a large amount of wool	The new factory produced a large amount of wool	 wool	8.099446177357732	1
The old couple sat together without speaking a single word	The old couple sat together without speaking a single word	 word	0.02746514229213678	1
Despite his best efforts, he couldn't recognize a single word	Despite his best efforts, he couldn't recognize a single word	 word	3.546062648134251	1
During his stay, the visitor only used a single word	During his stay, the visitor only used a single word	 word	6.620150197461612	1
The kitten was playing with a ball of yarn	The kitten was playing with a ball of yarn	 yarn	0.7141167503144366	1
The old woman was collecting different colors of yarn	The old woman was collecting different colors of yarn	 yarn	2.660196513221297	1
Emily had trouble finding the right color of yarn	Emily had trouble finding the right color of yarn	 yarn	4.080372817122944	1
To record some high school memories, he had everyone sign his yearbook	To record some high school memories, he had everyone sign his yearbook	 yearbook	3.58966837777752	2
In high school, I wrote my boyfriend a message in his yearbook	In high school, I wrote my boyfriend a message in his yearbook	 yearbook	3.5577421023022526	2
Apparently, because James didn't have a pen, he couldn't sign his yearbook	Apparently, because James didn't have a pen, he couldn't sign his yearbook	 yearbook	9.034347112575249	2
To see the exotic animals, we took the children to the zoo	To see the exotic animals, we took the children to the zoo	 zoo	1.762005161643631	1
To see the pretty horses, we took the children to the zoo	To see the pretty horses, we took the children to the zoo	 zoo	4.858598284456166	1
Jennifer asked a close friend if they could go to the zoo	Jennifer asked a close friend if they could go to the zoo	 zoo	5.551082748333304	1
