FullSentence	Sentence	TargetWords	Surprisal	NumTokens
In polluted cities, you can barely breathe the air	In polluted cities, you can barely breathe the air	 air	0.4076677850994986	1
The factory built expensive machines to filter the air	The factory built expensive machines to filter the air	 air	2.1938235083451203	1
They suspected there was something wrong with the air	They suspected there was something wrong with the air	 air	5.0621087724733655	1
The soldier decided to quit the army	The soldier decided to quit the army	 army	1.9255160907062967	1
George chose not to join the army	George chose not to join the army	 army	4.820207560575626	1
The students were learning about the army	The students were learning about the army	 army	10.17629728855367	1
My sister enjoys poetry, painting, and other forms of art	My sister enjoys poetry, painting, and other forms of art	 art	0.7983865461178042	1
Even though she's blind, she appreciates many types of art	Even though she's blind, she appreciates many types of art	 art	1.531371048776393	1
They hired the consultant because of her knowledge of art	They hired the consultant because of her knowledge of art	 art	8.173311125818339	1
They stored all of the Halloween decorations up in the attic	They stored all of the Halloween decorations up in the attic	 attic	0.29252522026841754	1
There were a lot of old clothes stored in the attic	There were a lot of old clothes stored in the attic	 attic	1.6900182096496406	1
The accountant put all of the old documents in the attic	The accountant put all of the old documents in the attic	 attic	4.579858203793712	1
The lumberjack chopped down the tree with his axe	The lumberjack chopped down the tree with his axe	 axe	0.6902509553936457	1
The man walked into the forest carrying his axe	The man walked into the forest carrying his axe	 axe	4.708412120752629	1
My father scared away the burglars with his axe	My father scared away the burglars with his axe	 axe	5.797394121430093	1
The girl bought a pink tutu because she wanted to learn ballet	The girl bought a pink tutu because she wanted to learn ballet	 ballet	4.268794132586009	1
The girl had never danced before, but she wanted to learn ballet	The girl had never danced before, but she wanted to learn ballet	 ballet	7.078899123807036	1
The girl was extremely excited that she was going to learn ballet	The girl was extremely excited that she was going to learn ballet	 ballet	6.74440891071877	1
The man used the helium to inflate the red balloon	The man used the helium to inflate the red balloon	 balloon	1.1676109840808953	1
It was her birthday, so he bought the red balloon	It was her birthday, so he bought the red balloon	 balloon	4.913499041434779	1
The woman at the store was buying the red balloon	The woman at the store was buying the red balloon	 balloon	6.585444256824923	1
The hungry monkey was trying to peel the banana	The hungry monkey was trying to peel the banana	 banana	2.4125656661785406	1
Because of fruit flies, he threw away the banana	Because of fruit flies, he threw away the banana	 banana	7.112936675049479	1
My picky younger brother refused to eat the banana	My picky younger brother refused to eat the banana	 banana	6.910359287983384	1
Jenna loved playing the guitar, so she decided to join the band	Jenna loved playing the guitar, so she decided to join the band	 band	1.6950357431431349	1
On her eighteenth birthday her parents got her tickets see the band	On her eighteenth birthday her parents got her tickets see the band	 band	3.755540076267783	1
After several rounds of auditions, she never heard back from the band	After several rounds of auditions, she never heard back from the band	 band	6.7456946150310335	1
The neighborhood dog always kept her awake by barking	The neighborhood dog always kept her awake by barking	 barking	1.0339334967484686	2
Our pets sometimes ask us for treats by barking	Our pets sometimes ask us for treats by barking	 barking	4.767890193224712	2
They knew that Harry kept her awake by barking	They knew that Harry kept her awake by barking	 barking	7.1990138453591275	2
Instead of a shower, she decided to take a bath	Instead of a shower, she decided to take a bath	 bath	1.1897754827929719	1
To relax after work, Bill decided to take a bath	To relax after work, Bill decided to take a bath	 bath	4.336615751196671	1
That weekend, their interior decorator helped them install a bath	That weekend, their interior decorator helped them install a bath	 bath	8.593309581912784	1
My son saw the bird pecking at the soil using its beak	My son saw the bird pecking at the soil using its beak	 beak	0.5735881814573411	2
The bald eagle was trying to attack the hunters using its beak	The bald eagle was trying to attack the hunters using its beak	 beak	2.2110625390025214	2
The animal in the zoo enclosure was trying to clean its beak	The animal in the zoo enclosure was trying to clean its beak	 beak	5.784342683486674	2
I asked the maid to change the sheets on the bed	I asked the maid to change the sheets on the bed	 bed	0.5369013443021841	1
The chief of police found the suicide note on the bed	The chief of police found the suicide note on the bed	 bed	4.446628929928055	1
There was a large pile of dirty towels on the bed	There was a large pile of dirty towels on the bed	 bed	2.2610305022399526	1
The honey was produced by a hive of bees	The honey was produced by a hive of bees	 bees	2.0746181806938853	1
She is deathly allergic to those types of bees	She is deathly allergic to those types of bees	 bees	6.272567749532331	1
The people outside were avoiding the group of bees	The people outside were avoiding the group of bees	 bees	9.502642272329565	1
To wash your clothes whiter, you should add a little bleach	To wash your clothes whiter, you should add a little bleach	 bleach	2.5297108087866467	2
To kill all the bacteria, you should add a little bleach	To kill all the bacteria, you should add a little bleach	 bleach	2.8654863348829798	2
To prepare the next sample, you should add a little bleach	To prepare the next sample, you should add a little bleach	 bleach	7.286806467903018	2
The murderer's knife and clothes were covered in blood	The murderer's knife and clothes were covered in blood	 blood	0.6944145992861036	1
The cafeteria in the prison was covered in blood	The cafeteria in the prison was covered in blood	 blood	4.544178084282282	1
The woman's counter and refrigerator were covered in blood	The woman's counter and refrigerator were covered in blood	 blood	2.6121072411092596	1
My favorite part of Spring is when the flowers begin to bloom	My favorite part of Spring is when the flowers begin to bloom	 bloom	0.5598151596943709	1
The weather's been so nice that the plants have started to bloom	The weather's been so nice that the plants have started to bloom	 bloom	1.2750926590160834	1
We started watering the yard because the plants had begun to bloom	We started watering the yard because the plants had begun to bloom	 bloom	3.9431513896993566	1
Following his orders, the terrorist threatened to drop the bomb	Following his orders, the terrorist threatened to drop the bomb	 bomb	1.0432501333338509	1
To destroy the building, they decided to use the bomb	To destroy the building, they decided to use the bomb	 bomb	4.949069351169189	1
Jonathan was shocked that they decided to use the bomb	Jonathan was shocked that they decided to use the bomb	 bomb	7.983351389335402	1
The author signed a copy of her new book	The author signed a copy of her new book	 book	0.3862673736768909	1
The unsuccessful student went to buy a new book	The unsuccessful student went to buy a new book	 book	4.400706051367903	1
The landlord who lived downstairs bought a new book	The landlord who lived downstairs bought a new book	 book	7.569186903391794	1
The immigrant left Mexico and tried to cross the border	The immigrant left Mexico and tried to cross the border	 border	1.1509855897327297	1
There were lots of intimidating guards stationed at the border	There were lots of intimidating guards stationed at the border	 border	3.880398878219303	1
The kids were scared about trying to cross the border	The kids were scared about trying to cross the border	 border	2.4341925178746138	1
Because the work was repetitive, he thought it was boring	Because the work was repetitive, he thought it was boring	 boring	5.299882506595403	1
He visited the museum, and he thought it was boring	He visited the museum, and he thought it was boring	 boring	6.837039509008116	1
He visited the catacombs, and he thought it was boring	He visited the catacombs, and he thought it was boring	 boring	7.569198388568989	1
The archer pulled back the string of his bow	The archer pulled back the string of his bow	 bow	0.1746110594545745	1
While facing the target, he picked up his bow	While facing the target, he picked up his bow	 bow	5.210351235490385	1
On television, the Olympic athlete picked up his bow	On television, the Olympic athlete picked up his bow	 bow	8.616053460249113	1
Jan poured the milk and cereal into her bowl	Jan poured the milk and cereal into her bowl	 bowl	1.5733507299734109	1
The waiter accidentally dropped her spoon and her bowl	The waiter accidentally dropped her spoon and her bowl	 bowl	4.658935379153832	1
Jan was walking and she accidentally dropped her bowl	Jan was walking and she accidentally dropped her bowl	 bowl	7.563797228979914	1
Instead of the accelerator, Maria stepped on the brake	Instead of the accelerator, Maria stepped on the brake	 brake	0.7811766684499155	1
My passengers jumped when I stepped on the brake	My passengers jumped when I stepped on the brake	 brake	1.7855595026074904	1
We were surprised when Maria stepped on the brake	We were surprised when Maria stepped on the brake	 brake	8.103584571871783	1
Laurence got some yeast to bake his own bread	Laurence got some yeast to bake his own bread	 bread	1.132965752250067	1
Laurence needed some advice before baking his own bread	Laurence needed some advice before baking his own bread	 bread	2.771057614370437	1
Laurence woke up early to make his own bread	Laurence woke up early to make his own bread	 bread	5.485834902946733	1
They got a loan to start their own small business	They got a loan to start their own small business	 business	0.3157289502925216	1
My roommate was hoping to build his own small business	My roommate was hoping to build his own small business	 business	3.0008870887557206	1
They needed some land to build their own small business	They needed some land to build their own small business	 business	2.7027709040671337	1
The birthday boy didn't want frosting on his slice of cake	The birthday boy didn't want frosting on his slice of cake	 cake	0.9644697702149592	1
The hungry student decided to buy a small piece of cake	The hungry student decided to buy a small piece of cake	 cake	3.929343981149872	1
My wife said that she didn't like that kind of cake	My wife said that she didn't like that kind of cake	 cake	6.175262355050631	1
The cow gave birth to the brown calf	The cow gave birth to the brown calf	 calf	2.1948157381387667	1
The farmer gave milk to the brown calf	The farmer gave milk to the brown calf	 calf	5.797377090863463	1
Bill went to check on the brown calf	Bill went to check on the brown calf	 calf	8.851108105958145	1
The boy scouts hurried back to set up camp	The boy scouts hurried back to set up camp	 camp	2.4459590652804244	1
The cheerful woman hurried over to set up camp	The cheerful woman hurried over to set up camp	 camp	4.958076477857157	1
We watched my nephew try to set up camp	We watched my nephew try to set up camp	 camp	6.158147420869489	1
On Halloween, the costumed children grabbed several pieces of candy	On Halloween, the costumed children grabbed several pieces of candy	 candy	1.4633963008905813	1
While touring the factory, Bill sampled several pieces of candy	While touring the factory, Bill sampled several pieces of candy	 candy	6.9718713706452755	1
The food scientists were developing a new type of candy	The food scientists were developing a new type of candy	 candy	6.450392544803419	1
The cashier asked the customer to swipe his card	The cashier asked the customer to swipe his card	 card	1.5141788876197737	1
Johnathan told the banker that he'd lost his card	Johnathan told the banker that he'd lost his card	 card	6.346743373597546	1
At security, the guards needed to inspect his card	At security, the guards needed to inspect his card	 card	7.011860574325925	1
In the cartoon, Bugs Bunny was munching on a carrot	In the cartoon, Bugs Bunny was munching on a carrot	 carrot	1.8571744778560768	1
The cook was chopping up the parsley and a carrot	The cook was chopping up the parsley and a carrot	 carrot	7.248523100550993	1
In the door of his refrigerator he found a carrot	In the door of his refrigerator he found a carrot	 carrot	8.852842762344846	1
At Costco, the toddler wanted to push the cart	At Costco, the toddler wanted to push the cart	 cart	2.122454070337869	1
The grocery store employee had to retrieve the cart	The grocery store employee had to retrieve the cart	 cart	4.812198611083448	1
At work, the assistant needed to find the cart	At work, the assistant needed to find the cart	 cart	9.089679003241157	1
The biologist knew that there were bats living in the cave	The biologist knew that there were bats living in the cave	 cave	2.812817553356016	1
The biologist knew that there were bears living in the cave	The biologist knew that there were bears living in the cave	 cave	4.998071433923222	1
The police knew that there were people living in the cave	The police knew that there were people living in the cave	 cave	5.624371830899343	1
DNA is housed within the nucleus of a cell	DNA is housed within the nucleus of a cell	 cell	0.23021233983615566	1
The scientists were extracting the DNA from a cell	The scientists were extracting the DNA from a cell	 cell	4.753876568422002	1
In his textbook, there's a drawing of a cell	In his textbook, there's a drawing of a cell	 cell	6.31221945181391	1
The teacher walked up to the board and grabbed a piece of chalk	The teacher walked up to the board and grabbed a piece of chalk	 chalk	1.3394641273019603	1
After decades, the instructor decided to switch to a new brand of chalk	After decades, the instructor decided to switch to a new brand of chalk	 chalk	6.43868502255615	1
While searching around in the garage, the man found a piece of chalk	While searching around in the garage, the man found a piece of chalk	 chalk	5.468203543055838	1
The checkmate abruptly ended their game of chess	The checkmate abruptly ended their game of chess	 chess	0.863068068229064	1
The two Russians played another round of chess	The two Russians played another round of chess	 chess	4.090515639098652	1
They were learning another important rule of chess	They were learning another important rule of chess	 chess	5.523942409706078	1
Santa lands on the roof and comes down through the chimney	Santa lands on the roof and comes down through the chimney	 chimney	1.1118481414232502	2
The firefighter noticed there was smoke coming out of the chimney	The firefighter noticed there was smoke coming out of the chimney	 chimney	2.6705262489054507	2
Every Spring, my family cleans out the basement and the chimney	Every Spring, my family cleans out the basement and the chimney	 chimney	11.095431552846604	2
The soprano auditioned for the church choir	The soprano auditioned for the church choir	 choir	1.7796779161429863	1
Every Easter, they heard the church choir	Every Easter, they heard the church choir	 choir	4.968993278876993	1
Elizabeth didn't like to attend church choir	Elizabeth didn't like to attend church choir	 choir	10.852227933952852	1
At storytime, the preschoolers have to sit in a circle	At storytime, the preschoolers have to sit in a circle	 circle	0.12062794586904635	1
The girl decided to arrange her dolls in a circle	The girl decided to arrange her dolls in a circle	 circle	4.336305064128202	1
All of the fifth-graders had to get in a circle	All of the fifth-graders had to get in a circle	 circle	2.4275527215150916	1
Above the doorway, he heard the ticking of the old clock	Above the doorway, he heard the ticking of the old clock	 clock	0.9379772135640532	1
In the den, they replaced the battery in the old clock	In the den, they replaced the battery in the old clock	 clock	6.46541086069683	1
After their trip, they replaced the battery in the old clock	After their trip, they replaced the battery in the old clock	 clock	6.728605225769255	1
In a few weeks, the butterfly will emerge from the cocoon	In a few weeks, the butterfly will emerge from the cocoon	 cocoon	1.9090019508336395	2
The caterpillar was trying its best to escape from the cocoon	The caterpillar was trying its best to escape from the cocoon	 cocoon	4.691377149870265	2
The biologist used the microscope to see inside of the cocoon	The biologist used the microscope to see inside of the cocoon	 cocoon	7.343909090803272	2
Melissa asks for decaf when ordering her cup of coffee	Melissa asks for decaf when ordering her cup of coffee	 coffee	0.34830900038803075	1
The customer left without finishing his last sip of coffee	The customer left without finishing his last sip of coffee	 coffee	1.8315088933981345	1
Melissa has difficulty when she's picking a type of coffee	Melissa has difficulty when she's picking a type of coffee	 coffee	5.6223275991696395	1
We had to guess heads or tails when the referee flipped the coin	We had to guess heads or tails when the referee flipped the coin	 coin	0.19643873442538454	1
Because it was rare, he could get some money from selling the coin	Because it was rare, he could get some money from selling the coin	 coin	6.4651686761890055	1
He was carrying so much stuff in his hands, he dropped the coin	He was carrying so much stuff in his hands, he dropped the coin	 coin	7.809740119720068	1
The boy scout navigated using a map and a compass	The boy scout navigated using a map and a compass	 compass	0.11656102866999725	1
My brother always carried a pocket knife and a compass	My brother always carried a pocket knife and a compass	 compass	3.9991593868846422	1
The boyscout always carried a first-aid kit and a compass	The boyscout always carried a first-aid kit and a compass	 compass	2.9064111379836786	1
Lauren turned on the TV and flopped down on the couch	Lauren turned on the TV and flopped down on the couch	 couch	0.2846134742942216	1
They were worried that the cat would tear up the couch	They were worried that the cat would tear up the couch	 couch	4.26586381631444	1
Before painting, the contractors laid down a tarp on the couch	Before painting, the contractors laid down a tarp on the couch	 couch	9.285532979319466	1
Eric sued the taxi driver and took him to court	Eric sued the taxi driver and took him to court	 court	0.23696506116677754	1
Susan was angry at Eric and took him to court	Susan was angry at Eric and took him to court	 court	2.3989224895675694	1
Eric picked up his friend and brought him to court	Eric picked up his friend and brought him to court	 court	7.534661190606417	1
Jesus was crucified on a large wooden cross	Jesus was crucified on a large wooden cross	 cross	0.1594671533468607	1
The nuns were praying beside the wooden cross	The nuns were praying beside the wooden cross	 cross	1.428812032204119	1
In the gallery, there was a wooden cross	In the gallery, there was a wooden cross	 cross	4.092788030948674	1
On the queen's head, the priest placed a golden crown	On the queen's head, the priest placed a golden crown	 crown	1.2612625411953422	1
On the king's nightstand, the men saw a golden crown	On the king's nightstand, the men saw a golden crown	 crown	3.1509916674251124	1
The merchant paid for the goods with a golden crown	The merchant paid for the goods with a golden crown	 crown	4.826629871310394	1
The disease is fatal as there is no known cure	The disease is fatal as there is no known cure	 cure	0.4307682264325279	1
This danger is real and there is no known cure	This danger is real and there is no known cure	 cure	1.0816232362749505	1
We heard that the remote island has no known cure	We heard that the remote island has no known cure	 cure	6.632783470825116	1
Camels can travel across the hot sands of the desert	Camels can travel across the hot sands of the desert	 desert	2.65411996250912	1
Somehow, farmers were able to grow crops in the desert	Somehow, farmers were able to grow crops in the desert	 desert	3.627509934171135	1
The young students learned some interesting facts about the desert	The young students learned some interesting facts about the desert	 desert	7.575426363114703	1
Late at the office, Victor can always be found sitting at his desk	Late at the office, Victor can always be found sitting at his desk	 desk	0.6458659097682948	1
My friend always kept a large bag of chocolate bars in his desk	My friend always kept a large bag of chocolate bars in his desk	 desk	3.290626852136173	1
When I came home yesterday, I saw that Victor was fixing his desk	When I came home yesterday, I saw that Victor was fixing his desk	 desk	5.046822663592429	1
To prevent a mess, the caregiver checked the baby's diaper	To prevent a mess, the caregiver checked the baby's diaper	 diaper	0.8807078651855076	2
Before leaving the driveway, my wife checked the baby's diaper	Before leaving the driveway, my wife checked the baby's diaper	 diaper	1.2752370625716238	2
Before leaving the maternity ward, someone checked the baby's diaper	Before leaving the maternity ward, someone checked the baby's diaper	 diaper	3.8742748241448166	2
To take her turn at Monopoly, Helen rolled both of the dice	To take her turn at Monopoly, Helen rolled both of the dice	 dice	1.6120413747233215	1
They weren't able to play Monopoly, because they had lost the dice	They weren't able to play Monopoly, because they had lost the dice	 dice	4.6736693945250565	1
While cleaning out the cluttered closet, Helen found both of the dice	While cleaning out the cluttered closet, Helen found both of the dice	 dice	8.667457742368248	1
My medical records are accessible to the nurse and the doctor	My medical records are accessible to the nurse and the doctor	 doctor	1.4749423816456402	1
The young woman was inspired by the scientist and the doctor	The young woman was inspired by the scientist and the doctor	 doctor	6.5539239495829476	1
She had to be interviewed by the lawyer and the doctor	She had to be interviewed by the lawyer and the doctor	 doctor	4.155015206155252	1
The bird typically used to symbolize peace is a white dove	The bird typically used to symbolize peace is a white dove	 dove	0.15546528166825258	1
Perched up on the powerline he saw a small, white dove	Perched up on the powerline he saw a small, white dove	 dove	6.465456826932899	1
In the corner of his eye he saw a white dove	In the corner of his eye he saw a white dove	 dove	6.320384486007876	1
Maria thought she looked great in her little black dress	Maria thought she looked great in her little black dress	 dress	0.10743020703152252	1
In her bedroom, she was looking for her black dress	In her bedroom, she was looking for her black dress	 dress	2.8100197852808253	1
When she moved away, my girlfriend sold the black dress	When she moved away, my girlfriend sold the black dress	 dress	3.7856557562000352	1
He was very thirsty and needed something to drink	He was very thirsty and needed something to drink	 drink	1.0022815265257117	1
At the restaurant, he didn't want anything to drink	At the restaurant, he didn't want anything to drink	 drink	2.0844803017026874	1
When school ended, my friends just wanted to drink	When school ended, my friends just wanted to drink	 drink	5.374969034330188	1
The lake had dried up after last year's drought	The lake had dried up after last year's drought	 drought	3.2490530614346107	1
They mortgaged all their land after last year's drought	They mortgaged all their land after last year's drought	 drought	2.5181484238962284	1
They started filming a documentary about last year's drought	They started filming a documentary about last year's drought	 drought	7.512139171373638	1
My wife hangs the wet clothes outside to dry	My wife hangs the wet clothes outside to dry	 dry	0.2015087845823588	1
The farmer was waiting for the field to dry	The farmer was waiting for the field to dry	 dry	0.5389164606531862	1
The driver was waiting for the car to dry	The driver was waiting for the car to dry	 dry	10.916010765499404	1
Her fridge was empty, and she had nothing to eat	Her fridge was empty, and she had nothing to eat	 eat	1.4031167272402558	1
The premiere was starting, and she had nothing to eat	The premiere was starting, and she had nothing to eat	 eat	5.2853111511010615	1
My cousin was bored, and she had nothing to eat	My cousin was bored, and she had nothing to eat	 eat	7.2031083676147984	1
The hen was going to lay some more eggs	The hen was going to lay some more eggs	 eggs	0.7308352412637418	1
The man really wanted to fry some more eggs	The man really wanted to fry some more eggs	 eggs	3.361641200041893	1
The girl was planning to buy some more eggs	The girl was planning to buy some more eggs	 eggs	6.145286015963303	1
The senator campaigned in order to win the election	The senator campaigned in order to win the election	 election	2.5642922752097417	1
The senator's wife was very angry about the election	The senator's wife was very angry about the election	 election	6.260562188576079	1
My roommate needed to learn more about the election	My roommate needed to learn more about the election	 election	8.123752596711581	1
In Santa's workshop, the toys are made by the elves	In Santa's workshop, the toys are made by the elves	 elves	2.810285546167307	2
His children thought the games were made by the elves	His children thought the games were made by the elves	 elves	7.5113799097477925	2
Timmy wanted to hear another bedtime story about the elves	Timmy wanted to hear another bedtime story about the elves	 elves	7.001977897385666	2
Melissa was crying, and we saw tears in her eyes	Melissa was crying, and we saw tears in her eyes	 eyes	0.18827061615641916	1
During the checkup, the doctor looked carefully into her eyes	During the checkup, the doctor looked carefully into her eyes	 eyes	0.7541409326124606	1
Her new wallpaper was the same color as her eyes	Her new wallpaper was the same color as her eyes	 eyes	5.210259485317943	1
Old McDonald had plenty of animals on his farm	Old McDonald had plenty of animals on his farm	 farm	0.1179781312514734	1
My uncle planted lots of trees on his farm	My uncle planted lots of trees on his farm	 farm	1.9808138967443605	1
My uncle is installing solar panels on his farm	My uncle is installing solar panels on his farm	 farm	4.338356392886491	1
Because he loved to work the land, Jim became a farmer	Because he loved to work the land, Jim became a farmer	 farmer	1.7089519657245296	1
After returning home from the big city, Jim became a farmer	After returning home from the big city, Jim became a farmer	 farmer	5.384400898780173	1
After he returned home from his travels, Jim became a farmer	After he returned home from his travels, Jim became a farmer	 farmer	5.206272700798202	1
Before mopping, he had to sweep the floor	Before mopping, he had to sweep the floor	 floor	1.65903097570583	1
All the books were stacked on the floor	All the books were stacked on the floor	 floor	2.724420986776762	1
After the party the butler cleaned the floor	After the party the butler cleaned the floor	 floor	3.6837839618853727	1
To keep the dough from sticking, she dusted her hands with flour	To keep the dough from sticking, she dusted her hands with flour	 flour	0.4936391437940196	1
The chef dumped out the measuring cup that was filled with flour	The chef dumped out the measuring cup that was filled with flour	 flour	4.066425536122141	1
At the end of the day, her clothes were covered with flour	At the end of the day, her clothes were covered with flour	 flour	5.5597782609331	1
Pam received a rose, but preferred any other species of flower	Pam received a rose, but preferred any other species of flower	 flower	1.246004764302404	1
As an anniversary gift, she received a rare kind of flower	As an anniversary gift, she received a rare kind of flower	 flower	5.670954611520387	1
Charlotte finished reading a book about a rare kind of flower	Charlotte finished reading a book about a rare kind of flower	 flower	4.356369758037341	1
After the goose injured its wing, it could no longer fly	After the goose injured its wing, it could no longer fly	 fly	0.5743012375732631	1
When it's locked in a cage, it can no longer fly	When it's locked in a cage, it can no longer fly	 fly	2.47853376219076	1
When he dropped the new toy, it could no longer fly	When he dropped the new toy, it could no longer fly	 fly	3.8618944670021214	1
The editor, who hates Times New Roman, decided to switch the font	The editor, who hates Times New Roman, decided to switch the font	 font	1.285167440185509	1
Brenda is the editor, and she recently decided to switch the font	Brenda is the editor, and she recently decided to switch the font	 font	5.093958591280548	1
Brenda had a change of heart and decided to switch the font	Brenda had a change of heart and decided to switch the font	 font	8.109119142946714	1
To display the beautiful photo, she ordered an elegant frame	To display the beautiful photo, she ordered an elegant frame	 frame	4.952691410034218	1
The burglar stole the painting but left the elegant frame	The burglar stole the painting but left the elegant frame	 frame	3.2244670294976285	1
While she was shopping yesterday, she bought an elegant frame	While she was shopping yesterday, she bought an elegant frame	 frame	8.112720857480397	1
Apples are definitely his favorite type of fruit	Apples are definitely his favorite type of fruit	 fruit	0.5908535590291677	1
The farmers were selling a lot of fruit	The farmers were selling a lot of fruit	 fruit	4.48907899711126	1
Jason brought his parents a lot of fruit	Jason brought his parents a lot of fruit	 fruit	5.9027206031856645	1
Gasoline usually costs about three dollars for a gallon	Gasoline usually costs about three dollars for a gallon	 gallon	0.1611034950904461	1
The thirsty police officer could probably drink a gallon	The thirsty police officer could probably drink a gallon	 gallon	1.9959200071729293	1
The store always charged too much for a gallon	The store always charged too much for a gallon	 gallon	5.374388483947912	1
Her vision was terrible, and she has to wear glasses	Her vision was terrible, and she has to wear glasses	 glasses	1.3904341071615465	1
She looks very different when she has to wear glasses	She looks very different when she has to wear glasses	 glasses	3.51644117908704	1
Her mother was adamant that she has to wear glasses	Her mother was adamant that she has to wear glasses	 glasses	5.585836189116296	1
The doctor wore the sterile rubber gloves	The doctor wore the sterile rubber gloves	 gloves	0.33909534513368755	1
The trainee used the thick rubber gloves	The trainee used the thick rubber gloves	 gloves	2.680949996809395	1
The child carried the black rubber gloves	The child carried the black rubber gloves	 gloves	4.833002490871497	1
The soccer team celebrated after their player scored a goal	The soccer team celebrated after their player scored a goal	 goal	0.7823137061382565	1
Their team never won, because they never got a goal	Their team never won, because they never got a goal	 goal	5.451076334823316	1
He knew that it was important to have a goal	He knew that it was important to have a goal	 goal	6.1345678530060805	1
The collector's most valuable coins were made of silver and gold	The collector's most valuable coins were made of silver and gold	 gold	2.0407936904996142	1
The miners were able to extract lots of iron and gold	The miners were able to extract lots of iron and gold	 gold	2.7828168810351057	1
Brazil is known to import lots of lumber, livestock, and gold	Brazil is known to import lots of lumber, livestock, and gold	 gold	5.908937652977908	1
Before eating dinner, the family held hands to say grace	Before eating dinner, the family held hands to say grace	 grace	0.9642203082300396	1
The family wondered whether the visitors wanted to say grace	The family wondered whether the visitors wanted to say grace	 grace	6.415889248860258	1
Timmy listened to hear if the men would say grace	Timmy listened to hear if the men would say grace	 grace	6.868434577785568	1
On the mashed potatoes she poured a delicious gravy	On the mashed potatoes she poured a delicious gravy	 gravy	2.820424681417105	2
She thickened the stock to make a delicious gravy	She thickened the stock to make a delicious gravy	 gravy	4.43337733946345	2
The restaurant was famous for making a delicious gravy	The restaurant was famous for making a delicious gravy	 gravy	9.10491682478266	2
The passwords were stolen by a brilliant hacker	The passwords were stolen by a brilliant hacker	 hacker	1.5413838520265937	1
The security experts were arresting a brilliant hacker	The security experts were arresting a brilliant hacker	 hacker	2.9212750161439818	1
The software was designed by a brilliant hacker	The software was designed by a brilliant hacker	 hacker	5.171625924517701	1
The barber gave Brian a nice looking haircut	The barber gave Brian a nice looking haircut	 haircut	1.649839020607036	3
That weekend, Brian got a nice looking haircut	That weekend, Brian got a nice looking haircut	 haircut	5.095383044896563	3
We noticed Brian had a nice looking haircut	We noticed Brian had a nice looking haircut	 haircut	6.821711583342832	3
The angry visitor said hello, but he refused to shake my hand	The angry visitor said hello, but he refused to shake my hand	 hand	0.04589625153793458	1
I couldn't finish writing, because there was something wrong with my hand	I couldn't finish writing, because there was something wrong with my hand	 hand	4.676510491300053	1
I was very uncomfortable because I had a cramp in my hand	I was very uncomfortable because I had a cramp in my hand	 hand	4.516337614916896	1
The child couldn't carry the luggage because it was too heavy	The child couldn't carry the luggage because it was too heavy	 heavy	0.17306183265979586	1
Ben didn't like his vacuum cleaner because it was too heavy	Ben didn't like his vacuum cleaner because it was too heavy	 heavy	3.064555320586275	1
The hikers didn't buy the tent because it was too heavy	The hikers didn't buy the tent because it was too heavy	 heavy	3.1024958765384456	1
They didn't have a puck or skates, so they couldn't play hockey	They didn't have a puck or skates, so they couldn't play hockey	 hockey	1.6198610195351966	1
My brother got his teeth knocked out while trying to play hockey	My brother got his teeth knocked out while trying to play hockey	 hockey	3.8438931826525926	1
Because football season is over, Bill is now training to play hockey	Because football season is over, Bill is now training to play hockey	 hockey	3.4412889167134937	1
The fisherman attached the worm to the hook	The fisherman attached the worm to the hook	 hook	1.0474823405122435	1
We definitely saw the fish swallow the hook	We definitely saw the fish swallow the hook	 hook	4.53753832334741	1
James didn't have enough money for the hook	James didn't have enough money for the hook	 hook	8.147774795176357	1
To water the huge garden, they needed a long hose	To water the huge garden, they needed a long hose	 hose	0.9369620626426934	1
Outside in the back yard, they needed a long hose	Outside in the back yard, they needed a long hose	 hose	4.984194430264424	1
Over at the loading dock, they needed a long hose	Over at the loading dock, they needed a long hose	 hose	5.339977345022549	1
For their anniversary in Seattle, they booked a room at a nice hotel	For their anniversary in Seattle, they booked a room at a nice hotel	 hotel	0.43174730552545004	1
For the wedding reception, they were supposed to meet at a nice hotel	For the wedding reception, they were supposed to meet at a nice hotel	 hotel	2.845972282236432	1
The investment banker was supposed to meet his client at a nice hotel	The investment banker was supposed to meet his client at a nice hotel	 hotel	1.8711304951044256	1
After hours of brainstorming, they had run out of ideas	After hours of brainstorming, they had run out of ideas	 ideas	0.6512885992976488	1
The consultant said that he had run out of ideas	The consultant said that he had run out of ideas	 ideas	1.8543480895826996	1
The chef said that he had run out of ideas	The chef said that he had run out of ideas	 ideas	2.189035667581889	1
Using ice and snow, the traditional Eskimo family built a small igloo	Using ice and snow, the traditional Eskimo family built a small igloo	 igloo	3.0579104868613416	2
To get warm, the two arctic explorers climbed inside a small igloo	To get warm, the two arctic explorers climbed inside a small igloo	 igloo	2.503293658918168	2
The shivering family was huddled in the shelter of a small igloo	The shivering family was huddled in the shelter of a small igloo	 igloo	9.260276634704931	2
His green pen had just run out of ink	His green pen had just run out of ink	 ink	0.06776353095767318	1
The famous writer had just run out of ink	The famous writer had just run out of ink	 ink	4.376897722450932	1
The supply cabinet had just run out of ink	The supply cabinet had just run out of ink	 ink	6.406772014697807	1
The diabetic lady needed to inject some insulin	The diabetic lady needed to inject some insulin	 insulin	2.412235399925176	1
She brought the needle to inject some insulin	She brought the needle to inject some insulin	 insulin	4.2053373604112085	1
The homeless woman tried to inject some insulin	The homeless woman tried to inject some insulin	 insulin	3.620475964364966	1
I smoothed out the wrinkled pants with the new iron	I smoothed out the wrinkled pants with the new iron	 iron	4.514832181193435	1
I accidentally burned my hand while using the new iron	I accidentally burned my hand while using the new iron	 iron	7.176175502648094	1
I saw some steam coming out of the new iron	I saw some steam coming out of the new iron	 iron	8.389828662864872	1
The sailors saw a single palm tree in the center of the island	The sailors saw a single palm tree in the center of the island	 island	3.1816206425916915	1
The rescue workers recently found an old hermit living alone on the island	The rescue workers recently found an old hermit living alone on the island	 island	1.0623350432223602	1
The rescue workers just learned that the captain had died on the island	The rescue workers just learned that the captain had died on the island	 island	4.833151962041086	1
She smothered the sandwich with peanut butter and lots of jelly	She smothered the sandwich with peanut butter and lots of jelly	 jelly	3.265039792899444	1
Every Spring, the farmers would make jam and lots of jelly	Every Spring, the farmers would make jam and lots of jelly	 jelly	4.404706209199586	1
At Costco, she bought some crisp apples and lots of jelly	At Costco, she bought some crisp apples and lots of jelly	 jelly	7.3182194252480945	1
He usually eats a whole orange rather than just drinking the juice	He usually eats a whole orange rather than just drinking the juice	 juice	0.4398708167760757	1
My husband was flipping the pancakes and I was pouring the juice	My husband was flipping the pancakes and I was pouring the juice	 juice	6.4829840187114405	1
The elderly man started to choke and sputter while drinking the juice	The elderly man started to choke and sputter while drinking the juice	 juice	5.315562757787244	1
She's locked out because she forgot to take her keys	She's locked out because she forgot to take her keys	 keys	2.903699824240229	1
As she rushed out, she forgot to take her keys	As she rushed out, she forgot to take her keys	 keys	3.559024623969993	1
While running her errands, she forgot to take her keys	While running her errands, she forgot to take her keys	 keys	3.209838606189	1
The curse could only be broken by her true love's first kiss	The curse could only be broken by her true love's first kiss	 kiss	0.17805733051500816	1
Emma bragged to her friends that she had gotten her first kiss	Emma bragged to her friends that she had gotten her first kiss	 kiss	3.23758536330728	1
She didn't want to make a judgement based on the first kiss	She didn't want to make a judgement based on the first kiss	 kiss	6.174955608250098	1
They were cutting the cake using a silver knife	They were cutting the cake using a silver knife	 knife	1.9410052100266608	1
We decided to buy the cook a silver knife	We decided to buy the cook a silver knife	 knife	5.048656270560044	1
When my grandfather died, I inherited a silver knife	When my grandfather died, I inherited a silver knife	 knife	6.713729295688816	1
The wide highway downtown has more than six lanes	The wide highway downtown has more than six lanes	 lanes	0.1704496622629217	1
The group of bikers crossed more than six lanes	The group of bikers crossed more than six lanes	 lanes	4.625260347531353	1
The marathon runners will cross more than six lanes	The marathon runners will cross more than six lanes	 lanes	6.805859386131844	1
The birthday card was funny and made me laugh	The birthday card was funny and made me laugh	 laugh	0.8253351531095227	1
The coach of our team always made me laugh	The coach of our team always made me laugh	 laugh	3.698398341863233	1
My supervisor and coworkers have never seen me laugh	My supervisor and coworkers have never seen me laugh	 laugh	4.546056291393811	1
The owner paid the children to mow the lawn	The owner paid the children to mow the lawn	 lawn	0.22327531362561445	1
We saw our neighbor was working on the lawn	We saw our neighbor was working on the lawn	 lawn	4.853555580739687	1
We saw the man walking barefoot across the lawn	We saw the man walking barefoot across the lawn	 lawn	4.032023640246114	1
When the company sued him, he decided to hire a lawyer	When the company sued him, he decided to hire a lawyer	 lawyer	0.7294230691321119	1
When he crashed his car, he decided to hire a lawyer	When he crashed his car, he decided to hire a lawyer	 lawyer	2.8224313430178563	1
When he crashed his car, he decided to call a lawyer	When he crashed his car, he decided to call a lawyer	 lawyer	4.783327544313126	1
The motorcycle jacket was made out of black leather	The motorcycle jacket was made out of black leather	 leather	1.2996057559696896	1
Her new skirt was made out of black leather	Her new skirt was made out of black leather	 leather	3.3710108650840462	1
For her project, she bought lots of black leather	For her project, she bought lots of black leather	 leather	4.056064700993154	1
Bill raked up all the leaves	Bill raked up all the leaves	 leaves	9.523804170482537	1
The breeze lifted all the leaves	The breeze lifted all the leaves	 leaves	2.3149111646080818	1
Watson gathered up all the leaves	Watson gathered up all the leaves	 leaves	7.012753804671648	1
Because Peter never told the truth, everyone knew he was a liar	Because Peter never told the truth, everyone knew he was a liar	 liar	1.4025692277934867	1
When Peter's dark secret was discovered, everyone knew he was a liar	When Peter's dark secret was discovered, everyone knew he was a liar	 liar	5.090558086780005	1
When Peter got out of prison, everyone knew he was a liar	When Peter got out of prison, everyone knew he was a liar	 liar	5.5762589874034365	1
Because it was overdue, Billy returned the book to the library	Because it was overdue, Billy returned the book to the library	 library	1.4222883774787916	1
To get some peace and quiet he went to the library	To get some peace and quiet he went to the library	 library	4.011105785901849	1
After finishing up at the store, they went to the library	After finishing up at the store, they went to the library	 library	5.139187858935161	1
It was dark in the bedroom, so she turned on the light	It was dark in the bedroom, so she turned on the light	 light	1.379953735407217	1
She couldn't read the book because her brother was blocking the light	She couldn't read the book because her brother was blocking the light	 light	1.6205290954396188	1
You can damage your vision if you keep staring at the light	You can damage your vision if you keep staring at the light	 light	4.304299361903596	1
Before meeting Brad, she put on black eyeliner and some red lipstick	Before meeting Brad, she put on black eyeliner and some red lipstick	 lipstick	0.302605133354883	2
At the premier, she wore a black dress and some red lipstick	At the premier, she wore a black dress and some red lipstick	 lipstick	1.4704496266352691	2
At the store, she bought some black pens and some red lipstick	At the store, she bought some black pens and some red lipstick	 lipstick	4.473746363019827	2
I had to go inside because the jackhammer was very loud	I had to go inside because the jackhammer was very loud	 loud	0.247985445369168	1
The kid who was playing on the playground was very loud	The kid who was playing on the playground was very loud	 loud	5.0908509673939255	1
She saw her coworker at the bar, who was very loud	She saw her coworker at the bar, who was very loud	 loud	6.792434648564441	1
He didn't eat breakfast, and he forgot to pack his lunch	He didn't eat breakfast, and he forgot to pack his lunch	 lunch	1.3599796121393573	1
For the student's daytrip, he had forgotten to bring his lunch	For the student's daytrip, he had forgotten to bring his lunch	 lunch	3.373419054008384	1
He was late because he had to pick up his lunch	He was late because he had to pick up his lunch	 lunch	6.115075550908247	1
The gentleman lit the candle using a single match	The gentleman lit the candle using a single match	 match	1.2518544463377588	1
The forest fire was started by a single match	The forest fire was started by a single match	 match	5.055833438610878	1
None of the man's coworkers had a single match	None of the man's coworkers had a single match	 match	9.792086338163514	1
Ben was great at remembering numbers because he had a good memory	Ben was great at remembering numbers because he had a good memory	 memory	0.3119278720392997	1
Ben always did well in Biology because he had a good memory	Ben always did well in Biology because he had a good memory	 memory	1.6581909577301848	1
Ben was always an excellent employee because he had a good memory	Ben was always an excellent employee because he had a good memory	 memory	5.558958399896174	1
The dairy cow produced a lot of milk	The dairy cow produced a lot of milk	 milk	0.97378570077681	1
The large jug held a lot of milk	The large jug held a lot of milk	 milk	5.0061530611380425	1
The local farmers produced a lot of milk	The local farmers produced a lot of milk	 milk	4.698125539765075	1
The hikers climbed to the summit of the mountain	The hikers climbed to the summit of the mountain	 mountain	2.219123560797603	1
The couple camped near the side of the mountain	The couple camped near the side of the mountain	 mountain	3.377999199228389	1
The scholars learned about the history of the mountain	The scholars learned about the history of the mountain	 mountain	7.6722993606192995	1
After the body was discovered, our neighbor was arrested for murder	After the body was discovered, our neighbor was arrested for murder	 murder	2.996021980751957	1
Our son was innocent and shouldn't have been arrested for murder	Our son was innocent and shouldn't have been arrested for murder	 murder	4.552061706045491	1
When the building burned down, the man was arrested for murder	When the building burned down, the man was arrested for murder	 murder	4.347807515585194	1
Before the weight lifting tournament, he needed to build some muscle	Before the weight lifting tournament, he needed to build some muscle	 muscle	1.1231025541419637	1
The head of the cheerleading squad needed to build some muscle	The head of the cheerleading squad needed to build some muscle	 muscle	2.5841204441745487	1
After arriving at the campus, he wanted to build some muscle	After arriving at the campus, he wanted to build some muscle	 muscle	6.589628218185469	1
The burgers were messy, so he made sure to grab a napkin	The burgers were messy, so he made sure to grab a napkin	 napkin	2.2741962171430603	2
At the diner, the waitress had forgotten to bring him a napkin	At the diner, the waitress had forgotten to bring him a napkin	 napkin	3.8799058903945887	2
When he was walking past the kitchen he accidentally dropped a napkin	When he was walking past the kitchen he accidentally dropped a napkin	 napkin	6.281213871234067	2
They had to walk single file because the path was too narrow	They had to walk single file because the path was too narrow	 narrow	0.3264259309699685	1
They decided to use the elevator because the stairwell was too narrow	They decided to use the elevator because the stairwell was too narrow	 narrow	1.722815518544697	1
They decided not to go rafting because the river was too narrow	They decided not to go rafting because the river was too narrow	 narrow	4.010373292559448	1
Of all the animals, the giraffe is known for its long neck	Of all the animals, the giraffe is known for its long neck	 neck	0.22593442487355614	1
Of all the animals, the flamingo is known for its long neck	Of all the animals, the flamingo is known for its long neck	 neck	1.5446899458393022	1
Of all the animals, the peacock is known for its long neck	Of all the animals, the peacock is known for its long neck	 neck	2.3473766002414744	1
She couldn't get the thread through the eye of the needle	She couldn't get the thread through the eye of the needle	 needle	0.2913132223276963	1
The woman accidentally poked herself with the tip of the needle	The woman accidentally poked herself with the tip of the needle	 needle	2.8389203885431105	1
During arts and crafts she broke the tip of the needle	During arts and crafts she broke the tip of the needle	 needle	3.3264829913441387	1
Before laying its eggs, the robin had to build a nest	Before laying its eggs, the robin had to build a nest	 nest	0.4136461714173719	1
Up in the poplar tree, the stray cat found a nest	Up in the poplar tree, the stray cat found a nest	 nest	2.3834139367922207	1
While cleaning up outside, Jerry had to throw away a nest	While cleaning up outside, Jerry had to throw away a nest	 nest	8.491359096343666	1
The volleyball shot barely made it over the net	The volleyball shot barely made it over the net	 net	0.7583848574370475	1
The referee saw the ball roll under the net	The referee saw the ball roll under the net	 net	4.643334064300935	1
Samantha and Karen suspected it was under the net	Samantha and Karen suspected it was under the net	 net	9.331138398310042	1
Because they are nocturnal creatures, all bats hunt at night	Because they are nocturnal creatures, all bats hunt at night	 night	0.1539750660340191	1
To keep their relationship secret, they usually meet at night	To keep their relationship secret, they usually meet at night	 night	2.4038015955431304	1
The student was going to get her degree at night	The student was going to get her degree at night	 night	5.085582397768019	1
Jack forgot about the cookies baking in the oven	Jack forgot about the cookies baking in the oven	 oven	0.1020719261203508	1
Jack remembered that he left something in the oven	Jack remembered that he left something in the oven	 oven	6.393651777872883	1
Jack remembered that he needed to clean the oven	Jack remembered that he needed to clean the oven	 oven	4.6105449559261285	1
The heroin addict died of an overdose	The heroin addict died of an overdose	 overdose	0.21903984099199014	1
They used naloxone to treat an overdose	They used naloxone to treat an overdose	 overdose	0.6907323157862537	1
The celebrity showed signs of an overdose	The celebrity showed signs of an overdose	 overdose	5.088307579089716	1
The artist dipped her brush into a fresh can of paint	The artist dipped her brush into a fresh can of paint	 paint	2.0326078876241978	1
At Home Depot they didn't sell the right kind of paint	At Home Depot they didn't sell the right kind of paint	 paint	2.3381082644430524	1
Erica had always wanted to try a new type of paint	Erica had always wanted to try a new type of paint	 paint	6.8479454600520375	1
The student opened his notebook and pulled out a piece of paper	The student opened his notebook and pulled out a piece of paper	 paper	0.20867036872899902	1
In all his chemistry classes, the student used a lot of paper	In all his chemistry classes, the student used a lot of paper	 paper	3.8168691025321473	1
The two researchers working in the clinical program needed lots of paper	The two researchers working in the clinical program needed lots of paper	 paper	5.873730901028897	1
For my mother's birthday, we threw a huge party	For my mother's birthday, we threw a huge party	 party	1.1813755675573072	1
On the last day, there was a huge party	On the last day, there was a huge party	 party	3.5909901220762848	1
Right beside the lake, there was a huge party	Right beside the lake, there was a huge party	 party	6.752383236262458	1
The website login asks for my username and password	The website login asks for my username and password	 password	0.13829441030643275	1
Tim had forgotten his mother's email address and password	Tim had forgotten his mother's email address and password	 password	1.5498570877789686	1
Tim's classmate tried to steal his phone and password	Tim's classmate tried to steal his phone and password	 password	9.685358116897193	1
In the story, the wolf chased the three little pigs	In the story, the wolf chased the three little pigs	 pigs	0.9875681744875754	1
The farmer was raising cows and lots of little pigs	The farmer was raising cows and lots of little pigs	 pigs	2.031923572073674	1
Bill checked outside, but he didn't see the little pigs	Bill checked outside, but he didn't see the little pigs	 pigs	10.05420115029916	1
The tooth fairy was supposed to leave money under her pillow	The tooth fairy was supposed to leave money under her pillow	 pillow	0.9143727787330634	1
My cousin usually kept her phone plugged in under her pillow	My cousin usually kept her phone plugged in under her pillow	 pillow	0.5326753528868323	1
When her wallet was missing, she found it under her pillow	When her wallet was missing, she found it under her pillow	 pillow	3.3195021836414247	1
On the plane, Timmy went up to the cockpit to meet the pilot	On the plane, Timmy went up to the cockpit to meet the pilot	 pilot	0.9622741652232129	1
When they arrived at their destination, the passengers got to meet the pilot	When they arrived at their destination, the passengers got to meet the pilot	 pilot	3.7006168412731353	1
When we were told we had to evacuate, we listened to the pilot	When we were told we had to evacuate, we listened to the pilot	 pilot	7.042434340377268	1
The airport was crowded, and the passengers couldn't board the plane	The airport was crowded, and the passengers couldn't board the plane	 plane	0.7955882232994077	1
After a three hour wait, the passengers could see the plane	After a three hour wait, the passengers could see the plane	 plane	3.198931167080828	1
After a three hour wait, the men could see the plane	After a three hour wait, the men could see the plane	 plane	4.360589255638737	1
The king died because the assassin filled his cup with poison	The king died because the assassin filled his cup with poison	 poison	0.9998987277931184	1
They were finally able to solve the mouse problem with poison	They were finally able to solve the mouse problem with poison	 poison	12.259407358641436	1
The small dagger that the soldier carried was covered with poison	The small dagger that the soldier carried was covered with poison	 poison	8.741014539992365	1
The gym won't let me swim in their heated pool	The gym won't let me swim in their heated pool	 pool	0.4706630963967516	1
They needed to add more water to the heated pool	They needed to add more water to the heated pool	 pool	3.400977320531373	1
The men said that I shouldn't approach the heated pool	The men said that I shouldn't approach the heated pool	 pool	6.030769626010088	1
She added chives and sour cream to the baked potato	She added chives and sour cream to the baked potato	 potato	1.3817199543806276	1
He opened up the oven to remove the baked potato	He opened up the oven to remove the baked potato	 potato	3.1890910577816434	1
The waiter recommended the seafood linguini or the baked potato	The waiter recommended the seafood linguini or the baked potato	 potato	3.156222396880765	1
The parents of the awarded athlete felt very proud	The parents of the awarded athlete felt very proud	 proud	2.106727913403078	1
The owner of the Italian restaurant felt very proud	The owner of the Italian restaurant felt very proud	 proud	5.066059073121996	1
After his final chemo treatment, he felt very proud	After his final chemo treatment, he felt very proud	 proud	6.976282526193918	1
The water from her umbrella collected in a big puddle	The water from her umbrella collected in a big puddle	 puddle	1.4595327579055355	2
The steam from her shower collected in a big puddle	The steam from her shower collected in a big puddle	 puddle	1.772359504671931	2
The drinks that they didn't finish made a big puddle	The drinks that they didn't finish made a big puddle	 puddle	8.646141872056571	2
When the paramedic arrived, he checked the victim's wrist for a pulse	When the paramedic arrived, he checked the victim's wrist for a pulse	 pulse	0.059976090313197415	1
When the expert arrived, he immediately checked the woman for a pulse	When the expert arrived, he immediately checked the woman for a pulse	 pulse	0.25038588677228035	1
When the detective arrived at the scene, he looked for a pulse	When the detective arrived at the scene, he looked for a pulse	 pulse	5.7782861821328035	1
For Halloween, they were carving a large pumpkin	For Halloween, they were carving a large pumpkin	 pumpkin	1.5524146941885146	1
For the pie, they bought a large pumpkin	For the pie, they bought a large pumpkin	 pumpkin	5.002863877616899	1
Before the party, they bought a large pumpkin	Before the party, they bought a large pumpkin	 pumpkin	5.94945835664362	1
He liked to study in the library because it was very quiet	He liked to study in the library because it was very quiet	 quiet	0.5729034788315922	1
The group of people sitting in the concert hall was very quiet	The group of people sitting in the concert hall was very quiet	 quiet	2.443153390421084	1
The neighborhood at the top of the tall hill was very quiet	The neighborhood at the top of the tall hill was very quiet	 quiet	1.777762101345917	1
The tennis player firmly gripped the handle of his racket	The tennis player firmly gripped the handle of his racket	 racket	0.4279941057087484	1
While waiting for his partner, the player grabbed his racket	While waiting for his partner, the player grabbed his racket	 racket	9.531738781007288	1
The crowd watched as the man picked up his racket	The crowd watched as the man picked up his racket	 racket	7.9081216584730045	1
Driving in the countryside, I could only hear static on the radio	Driving in the countryside, I could only hear static on the radio	 radio	0.42908281635871703	1
The woman learned some news about the approaching hurricane on the radio	The woman learned some news about the approaching hurricane on the radio	 radio	3.4112280802903525	1
Luckily, the old woman found lots of interesting programs on the radio	Luckily, the old woman found lots of interesting programs on the radio	 radio	3.1733262079899682	1
She brought an umbrella to protect her from the rain	She brought an umbrella to protect her from the rain	 rain	1.2344879357723286	1
She brought a jacket to protect her from the rain	She brought a jacket to protect her from the rain	 rain	3.3640145164558484	1
She arrived late because she got stuck in the rain	She arrived late because she got stuck in the rain	 rain	3.5246015463711857	1
He gathered the leaves into a pile using a rake	He gathered the leaves into a pile using a rake	 rake	4.720399643336564	2
The homeowner was cleaning up the driveway using a rake	The homeowner was cleaning up the driveway using a rake	 rake	3.9865691625733928	2
He tried to scare off the animal using a rake	He tried to scare off the animal using a rake	 rake	6.1666214479976915	2
During her painful headache, she took a Tylenol to get some relief	During her painful headache, she took a Tylenol to get some relief	 relief	0.2468487214521137	1
The old woman with the painful sunburn tried to get some relief	The old woman with the painful sunburn tried to get some relief	 relief	2.828176461217634	1
She decided they should take an extended vacation to get some relief	She decided they should take an extended vacation to get some relief	 relief	6.188696289436638	1
To make sushi, she carefully boiled the grains of rice	To make sushi, she carefully boiled the grains of rice	 rice	0.20357208782842184	1
She used the pressure cooker to steam lots of rice	She used the pressure cooker to steam lots of rice	 rice	3.4481819408115317	1
In the kitchen, she accidentally spilled a bunch of rice	In the kitchen, she accidentally spilled a bunch of rice	 rice	6.323252600983058	1
Before proposing to his girlfriend he would need a ring	Before proposing to his girlfriend he would need a ring	 ring	4.43703814488703	1
For my fiances upcoming birthday I bought her a ring	For my fiances upcoming birthday I bought her a ring	 ring	5.0237998412951015	1
After receiving her paycheck she wanted to buy a ring	After receiving her paycheck she wanted to buy a ring	 ring	5.202868173774985	1
The climbers and guide were attached to each other by a rope	The climbers and guide were attached to each other by a rope	 rope	1.060843752999035	1
The skilled cave explorer remembered to bring his flashlight and a rope	The skilled cave explorer remembered to bring his flashlight and a rope	 rope	5.563393414372396	1
When Jeff went to the sports equipment store, he bought a rope	When Jeff went to the sports equipment store, he bought a rope	 rope	8.264254874604427	1
The wind couldn't push the boat because it had a tear in the sail	The wind couldn't push the boat because it had a tear in the sail	 sail	0.5666868590460032	1
No one has told the sail	No one has told the sail	 sail	13.576113130314033	1
The team had to work for hours to fix the tear in the sail	The team had to work for hours to fix the tear in the sail	 sail	5.5349952372319855	1
He bought the lettuce and croutons to make a salad	He bought the lettuce and croutons to make a salad	 salad	1.0188902894218863	1
For her lunch tomorrow, she decided to make a salad	For her lunch tomorrow, she decided to make a salad	 salad	3.487123425235197	1
On the last day, he decided to make a salad	On the last day, he decided to make a salad	 salad	9.324778399302495	1
The store reduced their prices during the annual sale	The store reduced their prices during the annual sale	 sale	2.414770402534565	1
He spent lots of money at the annual sale	He spent lots of money at the annual sale	 sale	6.272976929006193	1
John and his wife prepared for the annual sale	John and his wife prepared for the annual sale	 sale	7.1125353679065295	1
To educate the children, they built a new school	To educate the children, they built a new school	 school	1.3636338263619454	1
My brother moved and transferred to a new school	My brother moved and transferred to a new school	 school	0.5170163440753941	1
After the horrible flood they built a new school	After the horrible flood they built a new school	 school	4.442533326177232	1
To read the prophecy, he unrolled the ancient scroll	To read the prophecy, he unrolled the ancient scroll	 scroll	0.7368247802827765	1
While visiting court, the priest read the ancient scroll	While visiting court, the priest read the ancient scroll	 scroll	5.332885820952382	1
The pair of thieves recently stole the ancient scroll	The pair of thieves recently stole the ancient scroll	 scroll	5.779419759150692	1
Susan forgot to put a period at the end of the sentence	Susan forgot to put a period at the end of the sentence	 sentence	1.2841887295056384	1
Susan had a lot of trouble understanding the end of the sentence	Susan had a lot of trouble understanding the end of the sentence	 sentence	5.112214336877259	1
The substitute teacher was pretty impressed by the length of the sentence	The substitute teacher was pretty impressed by the length of the sentence	 sentence	5.217015780762268	1
When the earthquake began, the whole building started shaking	When the earthquake began, the whole building started shaking	 shaking	0.8787885730477758	1
They fled in fear when the house started shaking	They fled in fear when the house started shaking	 shaking	2.304252640423712	1
When the actor approached the audience, he started shaking	When the actor approached the audience, he started shaking	 shaking	6.577990459612643	1
The swimmer was attacked by a great white shark	The swimmer was attacked by a great white shark	 shark	0.09186262765304737	1
The marine biologist was studying a rare white shark	The marine biologist was studying a rare white shark	 shark	2.8439210014455085	1
Earlier, the dock worker saw a beautiful white shark	Earlier, the dock worker saw a beautiful white shark	 shark	3.5392265803165586	1
It could cut easily because the blade was very sharp	It could cut easily because the blade was very sharp	 sharp	1.8071403368916352	1
She always worked quickly, and her tool was very sharp	She always worked quickly, and her tool was very sharp	 sharp	2.0085654770038106	1
His mom sternly warned him because it was very sharp	His mom sternly warned him because it was very sharp	 sharp	8.873634758939087	1
Sarah pulled the book off the shelf	Sarah pulled the book off the shelf	 shelf	0.3125929159711229	1
Sarah arranged the items on the shelf	Sarah arranged the items on the shelf	 shelf	4.760981118088206	1
Sarah noticed the mouse on the shelf	Sarah noticed the mouse on the shelf	 shelf	4.759833302956485	1
The warrior blocked the spear thrust with his large wooden shield	The warrior blocked the spear thrust with his large wooden shield	 shield	0.4155773533221504	1
In the warrior's tomb, the team discovered a large wooden shield	In the warrior's tomb, the team discovered a large wooden shield	 shield	4.987660979570146	1
The accomplished artist carved the design on the large wooden shield	The accomplished artist carved the design on the large wooden shield	 shield	6.5345334452033565	1
He couldn't reach the high shelf because he was very short	He couldn't reach the high shelf because he was very short	 short	2.94386763641381	1
The big kids always teased Jason because he was very short	The big kids always teased Jason because he was very short	 short	3.2898691178034087	1
The parents were worried about Jason because he was very short	The parents were worried about Jason because he was very short	 short	5.176656655752219	1
When exiting the highway, they had trouble reading the small sign	When exiting the highway, they had trouble reading the small sign	 sign	2.8118125228460227	1
On their country drive, they had trouble seeing the small sign	On their country drive, they had trouble seeing the small sign	 sign	5.2587524308368945	1
At the Italian restaurant, they had trouble reading the small sign	At the Italian restaurant, they had trouble reading the small sign	 sign	4.520040617993104	1
Long before he saw the ambulance's lights he heard the siren	Long before he saw the ambulance's lights he heard the siren	 siren	2.3701108295975764	2
When Dennis got closer to the intersection he heard the siren	When Dennis got closer to the intersection he heard the siren	 siren	3.7767342996293563	2
The students were ducking for cover when they heard the siren	The students were ducking for cover when they heard the siren	 siren	6.6992713496455405	2
She was the youngest out of all her brothers and sisters	She was the youngest out of all her brothers and sisters	 sisters	0.6806765071770841	1
She learned how to use makeup from her friends and sisters	She learned how to use makeup from her friends and sisters	 sisters	5.1656979739269735	1
She was always rude and obnoxious around her teachers and sisters	She was always rude and obnoxious around her teachers and sisters	 sisters	8.581163862152422	1
Not using sunscreen at the beach can damage your skin	Not using sunscreen at the beach can damage your skin	 skin	0.334886836750761	1
The chemicals floating in the water can damage your skin	The chemicals floating in the water can damage your skin	 skin	1.8566626546380471	1
The factory produces noxious chemicals that can damage your skin	The factory produces noxious chemicals that can damage your skin	 skin	2.666370096252764	1
Eric comforted his tearful son and sang him to sleep	Eric comforted his tearful son and sang him to sleep	 sleep	0.10901812162225484	1
My nephew told us that he didn't want to sleep	My nephew told us that he didn't want to sleep	 sleep	5.671509710419906	1
All of us knew that Eric wouldn't want to sleep	All of us knew that Eric wouldn't want to sleep	 sleep	7.446014523441076	1
They didn't rent the apartment because the kitchen was too small	They didn't rent the apartment because the kitchen was too small	 small	0.3618646981741663	1
They didn't buy the convertible because the engine was too small	They didn't buy the convertible because the engine was too small	 small	2.156940746495662	1
She decided not to apply because the college was too small	She decided not to apply because the college was too small	 small	2.371462222832462	1
A boa constrictor is a very dangerous type of snake	A boa constrictor is a very dangerous type of snake	 snake	0.3527603828635745	1
He had never been bitten by that type of snake	He had never been bitten by that type of snake	 snake	2.439949302984123	1
My little sister had never seen that type of snake	My little sister had never seen that type of snake	 snake	7.3690090127727474	1
Germs are spread when people cough or sneeze	Germs are spread when people cough or sneeze	 sneeze	0.08393247112417201	3
This powder might make you itch or sneeze	This powder might make you itch or sneeze	 sneeze	5.273095338631882	3
People always notice when I laugh or sneeze	People always notice when I laugh or sneeze	 sneeze	6.411938581766957	3
In the shower, he accidentally dropped the bar of soap	In the shower, he accidentally dropped the bar of soap	 soap	0.09463007854809366	1
The janitor decided to purchase a new brand of soap	The janitor decided to purchase a new brand of soap	 soap	3.1234511686778217	1
He forgot to stock up on that type of soap	He forgot to stock up on that type of soap	 soap	5.992532535596332	1
The kids had lots of cavities because they drank soda	The kids had lots of cavities because they drank soda	 soda	2.906477039616684	1
They were out of lemonade, so instead they drank soda	They were out of lemonade, so instead they drank soda	 soda	4.388707974860992	1
The hotel didn't have coffee, so instead they drank soda	The hotel didn't have coffee, so instead they drank soda	 soda	4.745307394351068	1
She puckered her lips because the lemon was too sour	She puckered her lips because the lemon was too sour	 sour	1.4438358099588953	1
She spat out the fruit because it was too sour	She spat out the fruit because it was too sour	 sour	2.357780133968192	1
She threw away her meal because it was too sour	She threw away her meal because it was too sour	 sour	5.509684881372973	1
Lines of longitude go from the north to the south	Lines of longitude go from the north to the south	 south	0.2116435645896529	1
The arrow on the compass was pointing to the south	The arrow on the compass was pointing to the south	 south	2.8106884221535213	1
On their long vacation, the family traveled to the south	On their long vacation, the family traveled to the south	 south	4.831095250138606	1
The politician stood at the podium and gave a long speech	The politician stood at the podium and gave a long speech	 speech	1.2331387143301142	1
Hamilton didn't have the patience to sit through the long speech	Hamilton didn't have the patience to sit through the long speech	 speech	3.875235300214493	1
Hamilton and his coworkers were chatting together after the long speech	Hamilton and his coworkers were chatting together after the long speech	 speech	9.440805033941112	1
Merlin needed his magic wand to cast the spell	Merlin needed his magic wand to cast the spell	 spell	0.4237423206878024	1
The students at Hogwarts had trouble understanding the spell	The students at Hogwarts had trouble understanding the spell	 spell	5.044376702810747	1
The princess could not be awakened by the spell	The princess could not be awakened by the spell	 spell	5.545497459160769	1
The web had been spun by the large spider	The web had been spun by the large spider	 spider	10.679830735333995	1
My older brother refused to touch the large spider	My older brother refused to touch the large spider	 spider	7.367491940750795	1
My husband was trying to catch the large spider	My husband was trying to catch the large spider	 spider	5.837424280689367	1
After the meal, she ate her sundae with a small metal spoon	After the meal, she ate her sundae with a small metal spoon	 spoon	0.6669372448122174	1
Mike was searching around in the kitchen for a small metal spoon	Mike was searching around in the kitchen for a small metal spoon	 spoon	4.1692701384297965	1
At the flea market in Sacramento he bought a small metal spoon	At the flea market in Sacramento he bought a small metal spoon	 spoon	6.055283302159926	1
The creature was either an octopus or a giant squid	The creature was either an octopus or a giant squid	 squid	1.072208089809331	2
The group of scientists was attacked by a giant squid	The group of scientists was attacked by a giant squid	 squid	2.9007592519827585	2
The museum display had some pictures of a giant squid	The museum display had some pictures of a giant squid	 squid	5.1391737461225215	2
The audience shouted "boo!" until the actor walked off the stage	The audience shouted "boo!" until the actor walked off the stage	 stage	0.18083883213373705	1
The technician had to adjust all the lights above the stage	The technician had to adjust all the lights above the stage	 stage	4.278278845448327	1
When we walked inside, we all saw Johnathan on the stage	When we walked inside, we all saw Johnathan on the stage	 stage	2.6232664112790967	1
Even the professional dry cleaner wasn't able to remove the stain	Even the professional dry cleaner wasn't able to remove the stain	 stain	2.30170163479627	1
My roommate needed some advice on how to remove the stain	My roommate needed some advice on how to remove the stain	 stain	4.665702821602358	1
During the wedding reception, all of the guests noticed the stain	During the wedding reception, all of the guests noticed the stain	 stain	8.571384088514192	1
The hopeful girl wished upon a star	The hopeful girl wished upon a star	 star	0.2276013644198551	1
The sticker was shaped like a star	The sticker was shaped like a star	 star	4.692339527795332	1
On the canvas, Andrew drew a star	On the canvas, Andrew drew a star	 star	5.441005646243896	1
At the bar, the man sat on a stool	At the bar, the man sat on a stool	 stool	0.6053707438476833	1
During timeout, Suzie had to sit on a stool	During timeout, Suzie had to sit on a stool	 stool	2.7664519518415847	1
To paint the ceiling, the decorator needed a stool	To paint the ceiling, the decorator needed a stool	 stool	7.777527986246594	1
The hot pan was bubbling on the stove	The hot pan was bubbling on the stove	 stove	0.4102706313780829	1
The children weren't supposed to touch the stove	The children weren't supposed to touch the stove	 stove	5.252230368470109	1
Jan wasn't able to turn on the stove	Jan wasn't able to turn on the stove	 stove	4.549546045873264	1
It's easy to spot a zebra because of its stripes	It's easy to spot a zebra because of its stripes	 stripes	1.6908844116445374	1
It's easy to recognize a bumblebee because of its stripes	It's easy to recognize a bumblebee because of its stripes	 stripes	7.234692164223452	1
It's easy to recognize a piranha because of its stripes	It's easy to recognize a piranha because of its stripes	 stripes	6.407871421179905	1
After cutting down the tree, all that was left was a stump	After cutting down the tree, all that was left was a stump	 stump	3.2091519856624524	1
They had to hire the landscapers, to help them remove a stump	They had to hire the landscapers, to help them remove a stump	 stump	6.984353777348822	1
Behind the storage shed, there were some dead branches and a stump	Behind the storage shed, there were some dead branches and a stump	 stump	7.25691115763509	1
To make the cake sweet, he added some more sugar	To make the cake sweet, he added some more sugar	 sugar	1.818783489279132	1
My wife didn't notice that I added some more sugar	My wife didn't notice that I added some more sugar	 sugar	4.924078863996807	1
I reminded my wife that we needed some more sugar	I reminded my wife that we needed some more sugar	 sugar	6.47228565903008	1
To look good at the funeral, he needed to buy a suit	To look good at the funeral, he needed to buy a suit	 suit	1.7846875756632763	1
He had a big date, and he needed to buy a suit	He had a big date, and he needed to buy a suit	 suit	3.3739713602355077	1
Because he's visiting his grandma soon, he needed to buy a suit	Because he's visiting his grandma soon, he needed to buy a suit	 suit	6.146861467894994	1
At two o'clock the British family always has crumpets and tea	At two o'clock the British family always has crumpets and tea	 tea	1.6549049678082686	1
At the breakfast buffet, the conference was serving coffee and tea	At the breakfast buffet, the conference was serving coffee and tea	 tea	3.1881118788940825	1
When their mother was home they could have brownies and tea	When their mother was home they could have brownies and tea	 tea	3.401983931103372	1
The dentist was teaching Emma how to clean her teeth	The dentist was teaching Emma how to clean her teeth	 teeth	0.2871523137326594	1
Our mother told my sister to always clean her teeth	Our mother told my sister to always clean her teeth	 teeth	3.2496672353105347	1
The nanny reminded my sister to look after her teeth	The nanny reminded my sister to look after her teeth	 teeth	6.4054867289893895	1
Everett lit the campfire while I pitched the tent	Everett lit the campfire while I pitched the tent	 tent	0.15221379538559004	1
The kids at summer camp slept in the tent	The kids at summer camp slept in the tent	 tent	2.8690530626629336	1
Everett's dad asked if he could move the tent	Everett's dad asked if he could move the tent	 tent	5.65394547586988	1
The pill I just swallowed is stuck in my throat	The pill I just swallowed is stuck in my throat	 throat	0.6184169821083169	1
The doctor said I have something stuck in my throat	The doctor said I have something stuck in my throat	 throat	0.759329184024927	1
The doctor isn't able to do anything about my throat	The doctor isn't able to do anything about my throat	 throat	6.961197590668648	1
He made a dentist appointment to extract his broken tooth	He made a dentist appointment to extract his broken tooth	 tooth	1.265322928513083	1
He had difficulty speaking because he had a broken tooth	He had difficulty speaking because he had a broken tooth	 tooth	3.0484348178284018	1
After some discussion, they decided to remove the broken tooth	After some discussion, they decided to remove the broken tooth	 tooth	8.208985307851252	1
The tiny maple sapling has grown into a large tree	The tiny maple sapling has grown into a large tree	 tree	1.2016109250113192	1
The bicycle was swerving and crashed into a large tree	The bicycle was swerving and crashed into a large tree	 tree	1.52291981915177	1
Joan and her decorator decided to add a large tree	Joan and her decorator decided to add a large tree	 tree	5.31345900319278	1
Ben unloaded the bags of cement from the back of the truck	Ben unloaded the bags of cement from the back of the truck	 truck	0.6793238309103047	1
The fugitive hid from the police in the back of the truck	The fugitive hid from the police in the back of the truck	 truck	3.17840285877815	1
Ben was being so violent that he tried to smash the truck	Ben was being so violent that he tried to smash the truck	 truck	7.2966229278928125	1
There's no need to lie, you can tell me the truth	There's no need to lie, you can tell me the truth	 truth	0.2082990767212784	1
My friend at the office refused to tell me the truth	My friend at the office refused to tell me the truth	 truth	3.688065881848234	1
The police officer was unsure if he could find the truth	The police officer was unsure if he could find the truth	 truth	8.140484816694837	1
Elephants are often hunted for the ivory in their tusks	Elephants are often hunted for the ivory in their tusks	 tusks	0.07700453052302593	3
After catching the animals, the poachers cut off their tusks	After catching the animals, the poachers cut off their tusks	 tusks	3.378520618032049	3
The smugglers could not find a buyer for their tusks	The smugglers could not find a buyer for their tusks	 tusks	10.395394780530877	3
The city lies between two hills in a valley	The city lies between two hills in a valley	 valley	1.4121268828475488	1
The team discovered the fertile crops in a valley	The team discovered the fertile crops in a valley	 valley	4.92507237474728	1
The house sits between two shops in a valley	The house sits between two shops in a valley	 valley	7.929438836337584	1
At the ice cream shop, Jen asked for both chocolate and vanilla	At the ice cream shop, Jen asked for both chocolate and vanilla	 vanilla	0.4447005426941568	1
To add flavor to the frosting he added maple syrup and vanilla	To add flavor to the frosting he added maple syrup and vanilla	 vanilla	2.7789033796064637	1
He walked down to the supermarket to buy milk, flour, and vanilla	He walked down to the supermarket to buy milk, flour, and vanilla	 vanilla	8.425792232366682	1
To display the roses, Katie put them in an expensive vase	To display the roses, Katie put them in an expensive vase	 vase	1.9899678719443992	2
The collector of Chinese artifacts had just acquired the expensive vase	The collector of Chinese artifacts had just acquired the expensive vase	 vase	4.697896699576215	2
The young couple paid lots of money for the expensive vase	The young couple paid lots of money for the expensive vase	 vase	7.774527222215936	2
The bride covered her face with a veil	The bride covered her face with a veil	 veil	1.7733149988810408	1
She wore a beautiful gown and a veil	She wore a beautiful gown and a veil	 veil	3.8834999742051064	1
The seamstress sewed two sheets and a veil	The seamstress sewed two sheets and a veil	 veil	7.955694962183792	1
Before the show, the sick opera singer suddenly lost her voice	Before the show, the sick opera singer suddenly lost her voice	 voice	0.6164618096273524	1
Before the cameras started rolling, the actress suddenly lost her voice	Before the cameras started rolling, the actress suddenly lost her voice	 voice	1.771884545789553	1
Before leaving to buy groceries, my aunt suddenly lost her voice	Before leaving to buy groceries, my aunt suddenly lost her voice	 voice	2.2280898229536734	1
In the election, people younger than eighteen aren't allowed to vote	In the election, people younger than eighteen aren't allowed to vote	 vote	0.09569381619182477	1
In countries with strict religious codes, women aren't allowed to vote	In countries with strict religious codes, women aren't allowed to vote	 vote	4.236032542830423	1
On some campuses, many of the students don't want to vote	On some campuses, many of the students don't want to vote	 vote	5.145639331856634	1
The bride refused to invite her father to the wedding	The bride refused to invite her father to the wedding	 wedding	0.3160152661986914	1
Kathy decided not to invite her uncle to the wedding	Kathy decided not to invite her uncle to the wedding	 wedding	1.3991613684923043	1
The lazy teenager didn't want to go to the wedding	The lazy teenager didn't want to go to the wedding	 wedding	5.70781370029952	1
The woman would need a raincoat to avoid getting wet	The woman would need a raincoat to avoid getting wet	 wet	1.100165916424888	1
He didn't drive home because the roads were getting wet	He didn't drive home because the roads were getting wet	 wet	3.238270953480426	1
He doesn't run very often because he hates getting wet	He doesn't run very often because he hates getting wet	 wet	4.177334116558108	1
The referee was blowing on his whistle	The referee was blowing on his whistle	 whistle	0.02714367816180757	1
None of the players heard his whistle	None of the players heard his whistle	 whistle	5.512550406657038	1
My brother remembered to bring his whistle	My brother remembered to bring his whistle	 whistle	7.390020644378558	1
At the vineyard, he bought a fancy bottle of wine	At the vineyard, he bought a fancy bottle of wine	 wine	1.6912302639678225	1
The waiter forgot to bring me my glass of wine	The waiter forgot to bring me my glass of wine	 wine	2.2994487681045825	1
At the market, he bought a new type of wine	At the market, he bought a new type of wine	 wine	6.357073892887751	1
Then, the genie granted his third and final wish	Then, the genie granted his third and final wish	 wish	0.0465150710207784	1
The king remembered that he had one final wish	The king remembered that he had one final wish	 wish	4.479708594616755	1
The young boy had forgotten about his final wish	The young boy had forgotten about his final wish	 wish	4.90430074491357	1
The kids thought that the scary old woman was probably a witch	The kids thought that the scary old woman was probably a witch	 witch	1.6373535172457223	1
For Halloween that year she decided to dress up as a witch	For Halloween that year she decided to dress up as a witch	 witch	3.148108980786758	1
She decided that she shouldn't write a children's story about a witch	She decided that she shouldn't write a children's story about a witch	 witch	4.3908050002971075	1
At the sawmill they slice logs into long planks of wood	At the sawmill they slice logs into long planks of wood	 wood	0.99394467470833	1
To repair the cabinet, he needed several different types of wood	To repair the cabinet, he needed several different types of wood	 wood	1.934274401035137	1
At the ancient burial site they found weapons made of wood	At the ancient burial site they found weapons made of wood	 wood	4.149693974781513	1
Shearing the sheep produced a large amount of wool	Shearing the sheep produced a large amount of wool	 wool	1.844356604105975	1
The elderly shepherd sold a large amount of wool	The elderly shepherd sold a large amount of wool	 wool	5.489664688080849	1
The new factory produced a large amount of wool	The new factory produced a large amount of wool	 wool	9.357796119196903	1
The old couple sat together without speaking a single word	The old couple sat together without speaking a single word	 word	0.020504374798015104	1
Despite his best efforts, he couldn't recognize a single word	Despite his best efforts, he couldn't recognize a single word	 word	3.4188152762738184	1
During his stay, the visitor only used a single word	During his stay, the visitor only used a single word	 word	5.029830274384313	1
The kitten was playing with a ball of yarn	The kitten was playing with a ball of yarn	 yarn	0.5885132388820239	1
The old woman was collecting different colors of yarn	The old woman was collecting different colors of yarn	 yarn	3.1236301627879315	1
Emily had trouble finding the right color of yarn	Emily had trouble finding the right color of yarn	 yarn	4.587534071044097	1
To record some high school memories, he had everyone sign his yearbook	To record some high school memories, he had everyone sign his yearbook	 yearbook	5.2931630396886735	2
In high school, I wrote my boyfriend a message in his yearbook	In high school, I wrote my boyfriend a message in his yearbook	 yearbook	4.418758442567103	2
Apparently, because James didn't have a pen, he couldn't sign his yearbook	Apparently, because James didn't have a pen, he couldn't sign his yearbook	 yearbook	8.535743354027405	2
To see the exotic animals, we took the children to the zoo	To see the exotic animals, we took the children to the zoo	 zoo	1.3692243152479289	1
To see the pretty horses, we took the children to the zoo	To see the pretty horses, we took the children to the zoo	 zoo	3.5327698323574137	1
Jennifer asked a close friend if they could go to the zoo	Jennifer asked a close friend if they could go to the zoo	 zoo	4.033146901256829	1
