FullSentence	Sentence	TargetWords	Surprisal	NumTokens
In polluted cities, you can barely breathe the air	In polluted cities, you can barely breathe the air	 air	0.0718494391839961	1
The factory built expensive machines to filter the air	The factory built expensive machines to filter the air	 air	2.7858976374549447	1
They suspected there was something wrong with the air	They suspected there was something wrong with the air	 air	4.262389217922934	1
The soldier decided to quit the army	The soldier decided to quit the army	 army	0.9950074989857534	1
George chose not to join the army	George chose not to join the army	 army	4.0702880682746985	1
The students were learning about the army	The students were learning about the army	 army	10.242453912643462	1
My sister enjoys poetry, painting, and other forms of art	My sister enjoys poetry, painting, and other forms of art	 art	2.501192824485876	1
Even though she's blind, she appreciates many types of art	Even though she's blind, she appreciates many types of art	 art	1.8361569472815085	1
They hired the consultant because of her knowledge of art	They hired the consultant because of her knowledge of art	 art	8.169424855874281	1
They stored all of the Halloween decorations up in the attic	They stored all of the Halloween decorations up in the attic	 attic	0.3136045965863762	1
There were a lot of old clothes stored in the attic	There were a lot of old clothes stored in the attic	 attic	2.4839497994637174	1
The accountant put all of the old documents in the attic	The accountant put all of the old documents in the attic	 attic	4.377592825507241	1
The lumberjack chopped down the tree with his axe	The lumberjack chopped down the tree with his axe	 axe	1.0886731606698616	1
The man walked into the forest carrying his axe	The man walked into the forest carrying his axe	 axe	4.489112611593307	1
My father scared away the burglars with his axe	My father scared away the burglars with his axe	 axe	5.644813526507101	1
The girl bought a pink tutu because she wanted to learn ballet	The girl bought a pink tutu because she wanted to learn ballet	 ballet	2.659433405747563	1
The girl had never danced before, but she wanted to learn ballet	The girl had never danced before, but she wanted to learn ballet	 ballet	5.330824421526763	1
The girl was extremely excited that she was going to learn ballet	The girl was extremely excited that she was going to learn ballet	 ballet	5.913262088990043	1
The man used the helium to inflate the red balloon	The man used the helium to inflate the red balloon	 balloon	1.1286626211006028	1
It was her birthday, so he bought the red balloon	It was her birthday, so he bought the red balloon	 balloon	5.448304521864777	1
The woman at the store was buying the red balloon	The woman at the store was buying the red balloon	 balloon	7.001253868750916	1
The hungry monkey was trying to peel the banana	The hungry monkey was trying to peel the banana	 banana	1.2319905692339983	1
Because of fruit flies, he threw away the banana	Because of fruit flies, he threw away the banana	 banana	6.126408608527987	1
My picky younger brother refused to eat the banana	My picky younger brother refused to eat the banana	 banana	6.491890401538985	1
Jenna loved playing the guitar, so she decided to join the band	Jenna loved playing the guitar, so she decided to join the band	 band	1.3104143651921942	1
On her eighteenth birthday her parents got her tickets see the band	On her eighteenth birthday her parents got her tickets see the band	 band	4.143385393002421	1
After several rounds of auditions, she never heard back from the band	After several rounds of auditions, she never heard back from the band	 band	5.536404590120684	1
The neighborhood dog always kept her awake by barking	The neighborhood dog always kept her awake by barking	 barking	0.3633687885590352	2
Our pets sometimes ask us for treats by barking	Our pets sometimes ask us for treats by barking	 barking	4.392082652449047	2
They knew that Harry kept her awake by barking	They knew that Harry kept her awake by barking	 barking	4.848145051130366	2
Instead of a shower, she decided to take a bath	Instead of a shower, she decided to take a bath	 bath	0.9359277993703536	1
To relax after work, Bill decided to take a bath	To relax after work, Bill decided to take a bath	 bath	3.0656851580732694	1
That weekend, their interior decorator helped them install a bath	That weekend, their interior decorator helped them install a bath	 bath	8.238509277161087	1
My son saw the bird pecking at the soil using its beak	My son saw the bird pecking at the soil using its beak	 beak	0.9390866119408436	2
The bald eagle was trying to attack the hunters using its beak	The bald eagle was trying to attack the hunters using its beak	 beak	2.3396768559664043	2
The animal in the zoo enclosure was trying to clean its beak	The animal in the zoo enclosure was trying to clean its beak	 beak	6.951051812709276	2
I asked the maid to change the sheets on the bed	I asked the maid to change the sheets on the bed	 bed	0.7682894113604516	1
The chief of police found the suicide note on the bed	The chief of police found the suicide note on the bed	 bed	5.202949370508905	1
There was a large pile of dirty towels on the bed	There was a large pile of dirty towels on the bed	 bed	3.1300832310767643	1
The honey was produced by a hive of bees	The honey was produced by a hive of bees	 bees	1.0042551400298396	1
She is deathly allergic to those types of bees	She is deathly allergic to those types of bees	 bees	5.436881459016104	1
The people outside were avoiding the group of bees	The people outside were avoiding the group of bees	 bees	9.253297790839854	1
To wash your clothes whiter, you should add a little bleach	To wash your clothes whiter, you should add a little bleach	 bleach	2.8944070298911693	2
To kill all the bacteria, you should add a little bleach	To kill all the bacteria, you should add a little bleach	 bleach	3.8900762265617312	2
To prepare the next sample, you should add a little bleach	To prepare the next sample, you should add a little bleach	 bleach	8.045364399990701	2
The murderer's knife and clothes were covered in blood	The murderer's knife and clothes were covered in blood	 blood	0.5470003760191504	1
The cafeteria in the prison was covered in blood	The cafeteria in the prison was covered in blood	 blood	2.785455788929745	1
The woman's counter and refrigerator were covered in blood	The woman's counter and refrigerator were covered in blood	 blood	1.9251685587648768	1
My favorite part of Spring is when the flowers begin to bloom	My favorite part of Spring is when the flowers begin to bloom	 bloom	0.2696317582214653	1
The weather's been so nice that the plants have started to bloom	The weather's been so nice that the plants have started to bloom	 bloom	1.2784986134794762	1
We started watering the yard because the plants had begun to bloom	We started watering the yard because the plants had begun to bloom	 bloom	4.6447106934945355	1
Following his orders, the terrorist threatened to drop the bomb	Following his orders, the terrorist threatened to drop the bomb	 bomb	0.9600118321145472	1
To destroy the building, they decided to use the bomb	To destroy the building, they decided to use the bomb	 bomb	5.343846651342913	1
Jonathan was shocked that they decided to use the bomb	Jonathan was shocked that they decided to use the bomb	 bomb	8.422589975475791	1
The author signed a copy of her new book	The author signed a copy of her new book	 book	0.29743856614066466	1
The unsuccessful student went to buy a new book	The unsuccessful student went to buy a new book	 book	4.263397217268362	1
The landlord who lived downstairs bought a new book	The landlord who lived downstairs bought a new book	 book	7.650488805021522	1
The immigrant left Mexico and tried to cross the border	The immigrant left Mexico and tried to cross the border	 border	0.6982934969155304	1
There were lots of intimidating guards stationed at the border	There were lots of intimidating guards stationed at the border	 border	4.751389834705131	1
The kids were scared about trying to cross the border	The kids were scared about trying to cross the border	 border	3.482404853259083	1
Because the work was repetitive, he thought it was boring	Because the work was repetitive, he thought it was boring	 boring	4.507516093094584	1
He visited the museum, and he thought it was boring	He visited the museum, and he thought it was boring	 boring	6.372076034973555	1
He visited the catacombs, and he thought it was boring	He visited the catacombs, and he thought it was boring	 boring	6.413338791267508	1
The archer pulled back the string of his bow	The archer pulled back the string of his bow	 bow	0.2372668526672641	1
While facing the target, he picked up his bow	While facing the target, he picked up his bow	 bow	3.454998325522084	1
On television, the Olympic athlete picked up his bow	On television, the Olympic athlete picked up his bow	 bow	7.19829111999755	1
Jan poured the milk and cereal into her bowl	Jan poured the milk and cereal into her bowl	 bowl	0.9839769948086641	1
The waiter accidentally dropped her spoon and her bowl	The waiter accidentally dropped her spoon and her bowl	 bowl	5.499860656153003	1
Jan was walking and she accidentally dropped her bowl	Jan was walking and she accidentally dropped her bowl	 bowl	6.3740943938042856	1
Instead of the accelerator, Maria stepped on the brake	Instead of the accelerator, Maria stepped on the brake	 brake	1.2310474736592543	1
My passengers jumped when I stepped on the brake	My passengers jumped when I stepped on the brake	 brake	3.4085864729134303	1
We were surprised when Maria stepped on the brake	We were surprised when Maria stepped on the brake	 brake	8.998819844136579	1
Laurence got some yeast to bake his own bread	Laurence got some yeast to bake his own bread	 bread	0.6543814213500643	1
Laurence needed some advice before baking his own bread	Laurence needed some advice before baking his own bread	 bread	2.7955852118463698	1
Laurence woke up early to make his own bread	Laurence woke up early to make his own bread	 bread	6.543179527438135	1
They got a loan to start their own small business	They got a loan to start their own small business	 business	0.16993479436276268	1
My roommate was hoping to build his own small business	My roommate was hoping to build his own small business	 business	3.2777222876804832	1
They needed some land to build their own small business	They needed some land to build their own small business	 business	4.248250771500587	1
The birthday boy didn't want frosting on his slice of cake	The birthday boy didn't want frosting on his slice of cake	 cake	0.5813404079093151	1
The hungry student decided to buy a small piece of cake	The hungry student decided to buy a small piece of cake	 cake	3.064448460787156	1
My wife said that she didn't like that kind of cake	My wife said that she didn't like that kind of cake	 cake	4.862696275542745	1
The cow gave birth to the brown calf	The cow gave birth to the brown calf	 calf	1.9956684212099545	1
The farmer gave milk to the brown calf	The farmer gave milk to the brown calf	 calf	4.1668372110440295	1
Bill went to check on the brown calf	Bill went to check on the brown calf	 calf	8.271288577351323	1
The boy scouts hurried back to set up camp	The boy scouts hurried back to set up camp	 camp	1.6045349118748855	1
The cheerful woman hurried over to set up camp	The cheerful woman hurried over to set up camp	 camp	5.249635992802559	1
We watched my nephew try to set up camp	We watched my nephew try to set up camp	 camp	6.0123771345026364	1
On Halloween, the costumed children grabbed several pieces of candy	On Halloween, the costumed children grabbed several pieces of candy	 candy	0.26443232638037395	1
While touring the factory, Bill sampled several pieces of candy	While touring the factory, Bill sampled several pieces of candy	 candy	3.6118631592552255	1
The food scientists were developing a new type of candy	The food scientists were developing a new type of candy	 candy	5.128024298111887	1
The cashier asked the customer to swipe his card	The cashier asked the customer to swipe his card	 card	0.6600357587666673	1
Johnathan told the banker that he'd lost his card	Johnathan told the banker that he'd lost his card	 card	5.6345999432661324	1
At security, the guards needed to inspect his card	At security, the guards needed to inspect his card	 card	7.637788169056242	1
In the cartoon, Bugs Bunny was munching on a carrot	In the cartoon, Bugs Bunny was munching on a carrot	 carrot	3.394016424176417	1
The cook was chopping up the parsley and a carrot	The cook was chopping up the parsley and a carrot	 carrot	6.097455665115344	1
In the door of his refrigerator he found a carrot	In the door of his refrigerator he found a carrot	 carrot	9.74976507053894	1
At Costco, the toddler wanted to push the cart	At Costco, the toddler wanted to push the cart	 cart	1.3393469820340025	1
The grocery store employee had to retrieve the cart	The grocery store employee had to retrieve the cart	 cart	5.547317449084972	1
At work, the assistant needed to find the cart	At work, the assistant needed to find the cart	 cart	8.881275034542899	1
The biologist knew that there were bats living in the cave	The biologist knew that there were bats living in the cave	 cave	2.1687202125862117	1
The biologist knew that there were bears living in the cave	The biologist knew that there were bears living in the cave	 cave	5.48017120314378	1
The police knew that there were people living in the cave	The police knew that there were people living in the cave	 cave	6.1557210924085055	1
DNA is housed within the nucleus of a cell	DNA is housed within the nucleus of a cell	 cell	0.3367501735727358	1
The scientists were extracting the DNA from a cell	The scientists were extracting the DNA from a cell	 cell	5.1326512546955465	1
In his textbook, there's a drawing of a cell	In his textbook, there's a drawing of a cell	 cell	6.038484898365321	1
The teacher walked up to the board and grabbed a piece of chalk	The teacher walked up to the board and grabbed a piece of chalk	 chalk	0.3745869440526249	1
After decades, the instructor decided to switch to a new brand of chalk	After decades, the instructor decided to switch to a new brand of chalk	 chalk	5.715755816309668	1
While searching around in the garage, the man found a piece of chalk	While searching around in the garage, the man found a piece of chalk	 chalk	5.711760619221716	1
The checkmate abruptly ended their game of chess	The checkmate abruptly ended their game of chess	 chess	0.933529775367578	1
The two Russians played another round of chess	The two Russians played another round of chess	 chess	4.558245306179645	1
They were learning another important rule of chess	They were learning another important rule of chess	 chess	6.889607688836162	1
Santa lands on the roof and comes down through the chimney	Santa lands on the roof and comes down through the chimney	 chimney	0.9544153746668048	2
The firefighter noticed there was smoke coming out of the chimney	The firefighter noticed there was smoke coming out of the chimney	 chimney	2.219897509155098	2
Every Spring, my family cleans out the basement and the chimney	Every Spring, my family cleans out the basement and the chimney	 chimney	9.83074645872449	2
The soprano auditioned for the church choir	The soprano auditioned for the church choir	 choir	0.7115603162829361	1
Every Easter, they heard the church choir	Every Easter, they heard the church choir	 choir	4.79299036064218	1
Elizabeth didn't like to attend church choir	Elizabeth didn't like to attend church choir	 choir	9.144907334934189	1
At storytime, the preschoolers have to sit in a circle	At storytime, the preschoolers have to sit in a circle	 circle	0.3320230579745646	1
The girl decided to arrange her dolls in a circle	The girl decided to arrange her dolls in a circle	 circle	2.9570516060066057	1
All of the fifth-graders had to get in a circle	All of the fifth-graders had to get in a circle	 circle	2.1888394889753133	1
Above the doorway, he heard the ticking of the old clock	Above the doorway, he heard the ticking of the old clock	 clock	0.7699816791175113	1
In the den, they replaced the battery in the old clock	In the den, they replaced the battery in the old clock	 clock	5.210130930056448	1
After their trip, they replaced the battery in the old clock	After their trip, they replaced the battery in the old clock	 clock	6.887173586249273	1
In a few weeks, the butterfly will emerge from the cocoon	In a few weeks, the butterfly will emerge from the cocoon	 cocoon	1.0263115598489845	2
The caterpillar was trying its best to escape from the cocoon	The caterpillar was trying its best to escape from the cocoon	 cocoon	5.131164397379838	2
The biologist used the microscope to see inside of the cocoon	The biologist used the microscope to see inside of the cocoon	 cocoon	7.240860595207763	2
Melissa asks for decaf when ordering her cup of coffee	Melissa asks for decaf when ordering her cup of coffee	 coffee	0.5355224025253983	1
The customer left without finishing his last sip of coffee	The customer left without finishing his last sip of coffee	 coffee	0.8473917594216677	1
Melissa has difficulty when she's picking a type of coffee	Melissa has difficulty when she's picking a type of coffee	 coffee	5.4898644679200865	1
We had to guess heads or tails when the referee flipped the coin	We had to guess heads or tails when the referee flipped the coin	 coin	0.1238419869752534	1
Because it was rare, he could get some money from selling the coin	Because it was rare, he could get some money from selling the coin	 coin	6.589055637603956	1
He was carrying so much stuff in his hands, he dropped the coin	He was carrying so much stuff in his hands, he dropped the coin	 coin	7.736951026652258	1
The boy scout navigated using a map and a compass	The boy scout navigated using a map and a compass	 compass	0.1370862350011587	1
My brother always carried a pocket knife and a compass	My brother always carried a pocket knife and a compass	 compass	4.647343792444718	1
The boyscout always carried a first-aid kit and a compass	The boyscout always carried a first-aid kit and a compass	 compass	3.564047029170025	1
Lauren turned on the TV and flopped down on the couch	Lauren turned on the TV and flopped down on the couch	 couch	0.3039296574921118	1
They were worried that the cat would tear up the couch	They were worried that the cat would tear up the couch	 couch	3.87287393542336	1
Before painting, the contractors laid down a tarp on the couch	Before painting, the contractors laid down a tarp on the couch	 couch	10.205358855569422	1
Eric sued the taxi driver and took him to court	Eric sued the taxi driver and took him to court	 court	0.3104658788621724	1
Susan was angry at Eric and took him to court	Susan was angry at Eric and took him to court	 court	1.4684199379380518	1
Eric picked up his friend and brought him to court	Eric picked up his friend and brought him to court	 court	7.688888011284129	1
Jesus was crucified on a large wooden cross	Jesus was crucified on a large wooden cross	 cross	0.23075695052168896	1
The nuns were praying beside the wooden cross	The nuns were praying beside the wooden cross	 cross	2.065628435715451	1
In the gallery, there was a wooden cross	In the gallery, there was a wooden cross	 cross	4.53684698397104	1
On the queen's head, the priest placed a golden crown	On the queen's head, the priest placed a golden crown	 crown	0.6774171856573935	1
On the king's nightstand, the men saw a golden crown	On the king's nightstand, the men saw a golden crown	 crown	2.9592601702195878	1
The merchant paid for the goods with a golden crown	The merchant paid for the goods with a golden crown	 crown	5.666230729913195	1
The disease is fatal as there is no known cure	The disease is fatal as there is no known cure	 cure	0.3786622458536084	1
This danger is real and there is no known cure	This danger is real and there is no known cure	 cure	0.6600345879532455	1
We heard that the remote island has no known cure	We heard that the remote island has no known cure	 cure	6.069887909274933	1
Camels can travel across the hot sands of the desert	Camels can travel across the hot sands of the desert	 desert	2.4211745805967	1
Somehow, farmers were able to grow crops in the desert	Somehow, farmers were able to grow crops in the desert	 desert	3.0469871144831706	1
The young students learned some interesting facts about the desert	The young students learned some interesting facts about the desert	 desert	7.5327682352927425	1
Late at the office, Victor can always be found sitting at his desk	Late at the office, Victor can always be found sitting at his desk	 desk	0.49879702662263903	1
My friend always kept a large bag of chocolate bars in his desk	My friend always kept a large bag of chocolate bars in his desk	 desk	3.047374099796412	1
When I came home yesterday, I saw that Victor was fixing his desk	When I came home yesterday, I saw that Victor was fixing his desk	 desk	6.747343011612908	1
To prevent a mess, the caregiver checked the baby's diaper	To prevent a mess, the caregiver checked the baby's diaper	 diaper	1.2111868210391936	2
Before leaving the driveway, my wife checked the baby's diaper	Before leaving the driveway, my wife checked the baby's diaper	 diaper	1.3516216802368628	2
Before leaving the maternity ward, someone checked the baby's diaper	Before leaving the maternity ward, someone checked the baby's diaper	 diaper	4.044304232810832	2
To take her turn at Monopoly, Helen rolled both of the dice	To take her turn at Monopoly, Helen rolled both of the dice	 dice	1.4589441061359372	1
They weren't able to play Monopoly, because they had lost the dice	They weren't able to play Monopoly, because they had lost the dice	 dice	4.463238500017966	1
While cleaning out the cluttered closet, Helen found both of the dice	While cleaning out the cluttered closet, Helen found both of the dice	 dice	8.946867222441364	1
My medical records are accessible to the nurse and the doctor	My medical records are accessible to the nurse and the doctor	 doctor	0.9037139408692658	1
The young woman was inspired by the scientist and the doctor	The young woman was inspired by the scientist and the doctor	 doctor	5.390813611734573	1
She had to be interviewed by the lawyer and the doctor	She had to be interviewed by the lawyer and the doctor	 doctor	3.5807005895333317	1
The bird typically used to symbolize peace is a white dove	The bird typically used to symbolize peace is a white dove	 dove	2.111742465793201	1
Perched up on the powerline he saw a small, white dove	Perched up on the powerline he saw a small, white dove	 dove	6.881935669177652	1
In the corner of his eye he saw a white dove	In the corner of his eye he saw a white dove	 dove	6.096298584475467	1
Maria thought she looked great in her little black dress	Maria thought she looked great in her little black dress	 dress	0.1817401319044063	1
In her bedroom, she was looking for her black dress	In her bedroom, she was looking for her black dress	 dress	2.301176285896754	1
When she moved away, my girlfriend sold the black dress	When she moved away, my girlfriend sold the black dress	 dress	3.8148494099136	1
He was very thirsty and needed something to drink	He was very thirsty and needed something to drink	 drink	0.3412746076006562	1
At the restaurant, he didn't want anything to drink	At the restaurant, he didn't want anything to drink	 drink	2.716727165958382	1
When school ended, my friends just wanted to drink	When school ended, my friends just wanted to drink	 drink	5.1985619636919695	1
The lake had dried up after last year's drought	The lake had dried up after last year's drought	 drought	1.8899188782127363	1
They mortgaged all their land after last year's drought	They mortgaged all their land after last year's drought	 drought	2.903834849607064	1
They started filming a documentary about last year's drought	They started filming a documentary about last year's drought	 drought	6.131475645957148	1
My wife hangs the wet clothes outside to dry	My wife hangs the wet clothes outside to dry	 dry	0.1986479815323565	1
The farmer was waiting for the field to dry	The farmer was waiting for the field to dry	 dry	0.6542015503438838	1
The driver was waiting for the car to dry	The driver was waiting for the car to dry	 dry	8.424281165149809	1
Her fridge was empty, and she had nothing to eat	Her fridge was empty, and she had nothing to eat	 eat	0.5201083896724807	1
The premiere was starting, and she had nothing to eat	The premiere was starting, and she had nothing to eat	 eat	5.187255684571576	1
My cousin was bored, and she had nothing to eat	My cousin was bored, and she had nothing to eat	 eat	5.612928582070746	1
The hen was going to lay some more eggs	The hen was going to lay some more eggs	 eggs	0.1841884735343401	1
The man really wanted to fry some more eggs	The man really wanted to fry some more eggs	 eggs	2.4797909567189427	1
The girl was planning to buy some more eggs	The girl was planning to buy some more eggs	 eggs	5.625183812448877	1
The senator campaigned in order to win the election	The senator campaigned in order to win the election	 election	3.0106524306488005	1
The senator's wife was very angry about the election	The senator's wife was very angry about the election	 election	6.388666339544589	1
My roommate needed to learn more about the election	My roommate needed to learn more about the election	 election	7.3533587654827715	1
In Santa's workshop, the toys are made by the elves	In Santa's workshop, the toys are made by the elves	 elves	1.3607053771527329	2
His children thought the games were made by the elves	His children thought the games were made by the elves	 elves	8.519043950432257	2
Timmy wanted to hear another bedtime story about the elves	Timmy wanted to hear another bedtime story about the elves	 elves	7.5522927767820915	2
Melissa was crying, and we saw tears in her eyes	Melissa was crying, and we saw tears in her eyes	 eyes	0.08258662975944585	1
During the checkup, the doctor looked carefully into her eyes	During the checkup, the doctor looked carefully into her eyes	 eyes	0.6232653844434245	1
Her new wallpaper was the same color as her eyes	Her new wallpaper was the same color as her eyes	 eyes	2.6466809340744293	1
Old McDonald had plenty of animals on his farm	Old McDonald had plenty of animals on his farm	 farm	0.12704197564932102	1
My uncle planted lots of trees on his farm	My uncle planted lots of trees on his farm	 farm	1.0888488386454385	1
My uncle is installing solar panels on his farm	My uncle is installing solar panels on his farm	 farm	3.2123949685295985	1
Because he loved to work the land, Jim became a farmer	Because he loved to work the land, Jim became a farmer	 farmer	1.0297127270472346	1
After returning home from the big city, Jim became a farmer	After returning home from the big city, Jim became a farmer	 farmer	5.0262380845856445	1
After he returned home from his travels, Jim became a farmer	After he returned home from his travels, Jim became a farmer	 farmer	5.0325519905485665	1
Before mopping, he had to sweep the floor	Before mopping, he had to sweep the floor	 floor	1.3178126062222657	1
All the books were stacked on the floor	All the books were stacked on the floor	 floor	1.5760965090441963	1
After the party the butler cleaned the floor	After the party the butler cleaned the floor	 floor	2.7494076972302453	1
To keep the dough from sticking, she dusted her hands with flour	To keep the dough from sticking, she dusted her hands with flour	 flour	0.6259697403214715	1
The chef dumped out the measuring cup that was filled with flour	The chef dumped out the measuring cup that was filled with flour	 flour	4.115006527550381	1
At the end of the day, her clothes were covered with flour	At the end of the day, her clothes were covered with flour	 flour	7.6242141153656355	1
Pam received a rose, but preferred any other species of flower	Pam received a rose, but preferred any other species of flower	 flower	1.069636479186507	1
As an anniversary gift, she received a rare kind of flower	As an anniversary gift, she received a rare kind of flower	 flower	4.587603616913738	1
Charlotte finished reading a book about a rare kind of flower	Charlotte finished reading a book about a rare kind of flower	 flower	3.8059575649395008	1
After the goose injured its wing, it could no longer fly	After the goose injured its wing, it could no longer fly	 fly	0.3623423243801994	1
When it's locked in a cage, it can no longer fly	When it's locked in a cage, it can no longer fly	 fly	4.532417845567267	1
When he dropped the new toy, it could no longer fly	When he dropped the new toy, it could no longer fly	 fly	4.492257621082096	1
The editor, who hates Times New Roman, decided to switch the font	The editor, who hates Times New Roman, decided to switch the font	 font	1.1776349769434815	1
Brenda is the editor, and she recently decided to switch the font	Brenda is the editor, and she recently decided to switch the font	 font	6.063270008529397	1
Brenda had a change of heart and decided to switch the font	Brenda had a change of heart and decided to switch the font	 font	7.891247345176677	1
To display the beautiful photo, she ordered an elegant frame	To display the beautiful photo, she ordered an elegant frame	 frame	5.074518874671564	1
The burglar stole the painting but left the elegant frame	The burglar stole the painting but left the elegant frame	 frame	3.1415951108699334	1
While she was shopping yesterday, she bought an elegant frame	While she was shopping yesterday, she bought an elegant frame	 frame	7.996094538618947	1
Apples are definitely his favorite type of fruit	Apples are definitely his favorite type of fruit	 fruit	0.34055696251710776	1
The farmers were selling a lot of fruit	The farmers were selling a lot of fruit	 fruit	4.598712754218095	1
Jason brought his parents a lot of fruit	Jason brought his parents a lot of fruit	 fruit	6.350857924377332	1
Gasoline usually costs about three dollars for a gallon	Gasoline usually costs about three dollars for a gallon	 gallon	0.7356127207148422	1
The thirsty police officer could probably drink a gallon	The thirsty police officer could probably drink a gallon	 gallon	2.1621632476726678	1
The store always charged too much for a gallon	The store always charged too much for a gallon	 gallon	5.37076050491377	1
Her vision was terrible, and she has to wear glasses	Her vision was terrible, and she has to wear glasses	 glasses	1.07413983404606	1
She looks very different when she has to wear glasses	She looks very different when she has to wear glasses	 glasses	2.7605613056071	1
Her mother was adamant that she has to wear glasses	Her mother was adamant that she has to wear glasses	 glasses	5.652884922688052	1
The doctor wore the sterile rubber gloves	The doctor wore the sterile rubber gloves	 gloves	0.13589260804606607	1
The trainee used the thick rubber gloves	The trainee used the thick rubber gloves	 gloves	2.9333208121111154	1
The child carried the black rubber gloves	The child carried the black rubber gloves	 gloves	3.7467729452043104	1
The soccer team celebrated after their player scored a goal	The soccer team celebrated after their player scored a goal	 goal	0.12548881865554906	1
Their team never won, because they never got a goal	Their team never won, because they never got a goal	 goal	5.161136088864391	1
He knew that it was important to have a goal	He knew that it was important to have a goal	 goal	5.960305446909581	1
The collector's most valuable coins were made of silver and gold	The collector's most valuable coins were made of silver and gold	 gold	1.1666185752752318	1
The miners were able to extract lots of iron and gold	The miners were able to extract lots of iron and gold	 gold	2.6709686112644717	1
Brazil is known to import lots of lumber, livestock, and gold	Brazil is known to import lots of lumber, livestock, and gold	 gold	6.8734520718095045	1
Before eating dinner, the family held hands to say grace	Before eating dinner, the family held hands to say grace	 grace	0.7825503072561835	1
The family wondered whether the visitors wanted to say grace	The family wondered whether the visitors wanted to say grace	 grace	5.549782031150172	1
Timmy listened to hear if the men would say grace	Timmy listened to hear if the men would say grace	 grace	9.128154134251657	1
On the mashed potatoes she poured a delicious gravy	On the mashed potatoes she poured a delicious gravy	 gravy	3.895149075706389	2
She thickened the stock to make a delicious gravy	She thickened the stock to make a delicious gravy	 gravy	2.408316191987913	2
The restaurant was famous for making a delicious gravy	The restaurant was famous for making a delicious gravy	 gravy	8.399085564182553	2
The passwords were stolen by a brilliant hacker	The passwords were stolen by a brilliant hacker	 hacker	2.252842573958316	1
The security experts were arresting a brilliant hacker	The security experts were arresting a brilliant hacker	 hacker	3.1088174012058767	1
The software was designed by a brilliant hacker	The software was designed by a brilliant hacker	 hacker	5.927478032792945	1
The barber gave Brian a nice looking haircut	The barber gave Brian a nice looking haircut	 haircut	0.8326488045650109	3
That weekend, Brian got a nice looking haircut	That weekend, Brian got a nice looking haircut	 haircut	5.811649073292885	3
We noticed Brian had a nice looking haircut	We noticed Brian had a nice looking haircut	 haircut	7.771718807565594	3
The angry visitor said hello, but he refused to shake my hand	The angry visitor said hello, but he refused to shake my hand	 hand	0.04675880848227225	1
I couldn't finish writing, because there was something wrong with my hand	I couldn't finish writing, because there was something wrong with my hand	 hand	5.676854129778229	1
I was very uncomfortable because I had a cramp in my hand	I was very uncomfortable because I had a cramp in my hand	 hand	4.3529505332042815	1
The child couldn't carry the luggage because it was too heavy	The child couldn't carry the luggage because it was too heavy	 heavy	0.2674284289334719	1
Ben didn't like his vacuum cleaner because it was too heavy	Ben didn't like his vacuum cleaner because it was too heavy	 heavy	4.5985772300382015	1
The hikers didn't buy the tent because it was too heavy	The hikers didn't buy the tent because it was too heavy	 heavy	2.5153047011402125	1
They didn't have a puck or skates, so they couldn't play hockey	They didn't have a puck or skates, so they couldn't play hockey	 hockey	1.8316027581861192	1
My brother got his teeth knocked out while trying to play hockey	My brother got his teeth knocked out while trying to play hockey	 hockey	2.9768881391814443	1
Because football season is over, Bill is now training to play hockey	Because football season is over, Bill is now training to play hockey	 hockey	4.274613948424828	1
The fisherman attached the worm to the hook	The fisherman attached the worm to the hook	 hook	1.470379111883921	1
We definitely saw the fish swallow the hook	We definitely saw the fish swallow the hook	 hook	1.4316101737833458	1
James didn't have enough money for the hook	James didn't have enough money for the hook	 hook	8.135201602174629	1
To water the huge garden, they needed a long hose	To water the huge garden, they needed a long hose	 hose	0.9686175727841696	1
Outside in the back yard, they needed a long hose	Outside in the back yard, they needed a long hose	 hose	4.453589981880161	1
Over at the loading dock, they needed a long hose	Over at the loading dock, they needed a long hose	 hose	5.516393522221142	1
For their anniversary in Seattle, they booked a room at a nice hotel	For their anniversary in Seattle, they booked a room at a nice hotel	 hotel	0.32379882457833664	1
For the wedding reception, they were supposed to meet at a nice hotel	For the wedding reception, they were supposed to meet at a nice hotel	 hotel	3.3589870872786114	1
The investment banker was supposed to meet his client at a nice hotel	The investment banker was supposed to meet his client at a nice hotel	 hotel	2.5091352634081496	1
After hours of brainstorming, they had run out of ideas	After hours of brainstorming, they had run out of ideas	 ideas	0.5290795212559551	1
The consultant said that he had run out of ideas	The consultant said that he had run out of ideas	 ideas	3.04343595223225	1
The chef said that he had run out of ideas	The chef said that he had run out of ideas	 ideas	4.786114978225316	1
Using ice and snow, the traditional Eskimo family built a small igloo	Using ice and snow, the traditional Eskimo family built a small igloo	 igloo	1.9386167244244161	2
To get warm, the two arctic explorers climbed inside a small igloo	To get warm, the two arctic explorers climbed inside a small igloo	 igloo	3.7157780310419826	2
The shivering family was huddled in the shelter of a small igloo	The shivering family was huddled in the shelter of a small igloo	 igloo	8.273671242266685	2
His green pen had just run out of ink	His green pen had just run out of ink	 ink	0.11677645765530015	1
The famous writer had just run out of ink	The famous writer had just run out of ink	 ink	4.61798307629175	1
The supply cabinet had just run out of ink	The supply cabinet had just run out of ink	 ink	5.5784106615725495	1
The diabetic lady needed to inject some insulin	The diabetic lady needed to inject some insulin	 insulin	0.9450567650600632	1
She brought the needle to inject some insulin	She brought the needle to inject some insulin	 insulin	5.917377669638015	1
The homeless woman tried to inject some insulin	The homeless woman tried to inject some insulin	 insulin	8.948089949368951	1
I smoothed out the wrinkled pants with the new iron	I smoothed out the wrinkled pants with the new iron	 iron	3.8423257955502836	1
I accidentally burned my hand while using the new iron	I accidentally burned my hand while using the new iron	 iron	6.31829671338958	1
I saw some steam coming out of the new iron	I saw some steam coming out of the new iron	 iron	8.396191835991015	1
The sailors saw a single palm tree in the center of the island	The sailors saw a single palm tree in the center of the island	 island	3.1358292006647837	1
The rescue workers recently found an old hermit living alone on the island	The rescue workers recently found an old hermit living alone on the island	 island	2.030690377259412	1
The rescue workers just learned that the captain had died on the island	The rescue workers just learned that the captain had died on the island	 island	5.291697783665182	1
She smothered the sandwich with peanut butter and lots of jelly	She smothered the sandwich with peanut butter and lots of jelly	 jelly	2.2919212552463444	1
Every Spring, the farmers would make jam and lots of jelly	Every Spring, the farmers would make jam and lots of jelly	 jelly	4.788221446177431	1
At Costco, she bought some crisp apples and lots of jelly	At Costco, she bought some crisp apples and lots of jelly	 jelly	7.358255290001727	1
He usually eats a whole orange rather than just drinking the juice	He usually eats a whole orange rather than just drinking the juice	 juice	0.2293768157725461	1
My husband was flipping the pancakes and I was pouring the juice	My husband was flipping the pancakes and I was pouring the juice	 juice	3.2768547907691503	1
The elderly man started to choke and sputter while drinking the juice	The elderly man started to choke and sputter while drinking the juice	 juice	3.7531014155762117	1
She's locked out because she forgot to take her keys	She's locked out because she forgot to take her keys	 keys	2.257772089882553	1
As she rushed out, she forgot to take her keys	As she rushed out, she forgot to take her keys	 keys	3.4029568047268546	1
While running her errands, she forgot to take her keys	While running her errands, she forgot to take her keys	 keys	4.3733570674828375	1
The curse could only be broken by her true love's first kiss	The curse could only be broken by her true love's first kiss	 kiss	0.17391635923836074	1
Emma bragged to her friends that she had gotten her first kiss	Emma bragged to her friends that she had gotten her first kiss	 kiss	2.6818377379229354	1
She didn't want to make a judgement based on the first kiss	She didn't want to make a judgement based on the first kiss	 kiss	8.430459823250601	1
They were cutting the cake using a silver knife	They were cutting the cake using a silver knife	 knife	1.2984902731597503	1
We decided to buy the cook a silver knife	We decided to buy the cook a silver knife	 knife	4.504363468192112	1
When my grandfather died, I inherited a silver knife	When my grandfather died, I inherited a silver knife	 knife	5.6283402724919975	1
The wide highway downtown has more than six lanes	The wide highway downtown has more than six lanes	 lanes	0.4395678353119811	1
The group of bikers crossed more than six lanes	The group of bikers crossed more than six lanes	 lanes	2.444976767102028	1
The marathon runners will cross more than six lanes	The marathon runners will cross more than six lanes	 lanes	4.034652854179575	1
The birthday card was funny and made me laugh	The birthday card was funny and made me laugh	 laugh	0.5871985362724881	1
The coach of our team always made me laugh	The coach of our team always made me laugh	 laugh	4.630497786843344	1
My supervisor and coworkers have never seen me laugh	My supervisor and coworkers have never seen me laugh	 laugh	4.3652356372572925	1
The owner paid the children to mow the lawn	The owner paid the children to mow the lawn	 lawn	0.5307183775178439	1
We saw our neighbor was working on the lawn	We saw our neighbor was working on the lawn	 lawn	4.280702622300507	1
We saw the man walking barefoot across the lawn	We saw the man walking barefoot across the lawn	 lawn	4.7770779883683625	1
When the company sued him, he decided to hire a lawyer	When the company sued him, he decided to hire a lawyer	 lawyer	0.4395771571494979	1
When he crashed his car, he decided to hire a lawyer	When he crashed his car, he decided to hire a lawyer	 lawyer	2.9722692766030456	1
When he crashed his car, he decided to call a lawyer	When he crashed his car, he decided to call a lawyer	 lawyer	4.391026145519101	1
The motorcycle jacket was made out of black leather	The motorcycle jacket was made out of black leather	 leather	1.91096760598442	1
Her new skirt was made out of black leather	Her new skirt was made out of black leather	 leather	3.559002727652918	1
For her project, she bought lots of black leather	For her project, she bought lots of black leather	 leather	5.185004842790971	1
Bill raked up all the leaves	Bill raked up all the leaves	 leaves	6.816743197761585	1
The breeze lifted all the leaves	The breeze lifted all the leaves	 leaves	1.6368954373977251	1
Watson gathered up all the leaves	Watson gathered up all the leaves	 leaves	5.649612349979946	1
Because Peter never told the truth, everyone knew he was a liar	Because Peter never told the truth, everyone knew he was a liar	 liar	0.7324838148946019	1
When Peter's dark secret was discovered, everyone knew he was a liar	When Peter's dark secret was discovered, everyone knew he was a liar	 liar	3.1488075449770467	1
When Peter got out of prison, everyone knew he was a liar	When Peter got out of prison, everyone knew he was a liar	 liar	5.065463767820788	1
Because it was overdue, Billy returned the book to the library	Because it was overdue, Billy returned the book to the library	 library	1.2675346303169106	1
To get some peace and quiet he went to the library	To get some peace and quiet he went to the library	 library	3.930448549060835	1
After finishing up at the store, they went to the library	After finishing up at the store, they went to the library	 library	5.126959173549079	1
It was dark in the bedroom, so she turned on the light	It was dark in the bedroom, so she turned on the light	 light	0.5719277193571304	1
She couldn't read the book because her brother was blocking the light	She couldn't read the book because her brother was blocking the light	 light	2.3243967643518104	1
You can damage your vision if you keep staring at the light	You can damage your vision if you keep staring at the light	 light	3.854994865962489	1
Before meeting Brad, she put on black eyeliner and some red lipstick	Before meeting Brad, she put on black eyeliner and some red lipstick	 lipstick	0.2576396094395337	2
At the premier, she wore a black dress and some red lipstick	At the premier, she wore a black dress and some red lipstick	 lipstick	1.802849467863718	2
At the store, she bought some black pens and some red lipstick	At the store, she bought some black pens and some red lipstick	 lipstick	4.742737872011734	2
I had to go inside because the jackhammer was very loud	I had to go inside because the jackhammer was very loud	 loud	0.31119477585836525	1
The kid who was playing on the playground was very loud	The kid who was playing on the playground was very loud	 loud	4.916721256027612	1
She saw her coworker at the bar, who was very loud	She saw her coworker at the bar, who was very loud	 loud	6.426376734694933	1
He didn't eat breakfast, and he forgot to pack his lunch	He didn't eat breakfast, and he forgot to pack his lunch	 lunch	0.4646989052827179	1
For the student's daytrip, he had forgotten to bring his lunch	For the student's daytrip, he had forgotten to bring his lunch	 lunch	3.1983864967985904	1
He was late because he had to pick up his lunch	He was late because he had to pick up his lunch	 lunch	7.191488178599059	1
The gentleman lit the candle using a single match	The gentleman lit the candle using a single match	 match	1.037236901293761	1
The forest fire was started by a single match	The forest fire was started by a single match	 match	1.5010934602084651	1
None of the man's coworkers had a single match	None of the man's coworkers had a single match	 match	9.006682803610836	1
Ben was great at remembering numbers because he had a good memory	Ben was great at remembering numbers because he had a good memory	 memory	0.3564719969680425	1
Ben always did well in Biology because he had a good memory	Ben always did well in Biology because he had a good memory	 memory	1.2188838976877223	1
Ben was always an excellent employee because he had a good memory	Ben was always an excellent employee because he had a good memory	 memory	4.549900165983586	1
The dairy cow produced a lot of milk	The dairy cow produced a lot of milk	 milk	0.5944070884415427	1
The large jug held a lot of milk	The large jug held a lot of milk	 milk	4.48868352387245	1
The local farmers produced a lot of milk	The local farmers produced a lot of milk	 milk	4.61212331352267	1
The hikers climbed to the summit of the mountain	The hikers climbed to the summit of the mountain	 mountain	2.2645811541436385	1
The couple camped near the side of the mountain	The couple camped near the side of the mountain	 mountain	4.564918244789902	1
The scholars learned about the history of the mountain	The scholars learned about the history of the mountain	 mountain	8.038199357661707	1
After the body was discovered, our neighbor was arrested for murder	After the body was discovered, our neighbor was arrested for murder	 murder	2.0173857518140874	1
Our son was innocent and shouldn't have been arrested for murder	Our son was innocent and shouldn't have been arrested for murder	 murder	4.219519742390624	1
When the building burned down, the man was arrested for murder	When the building burned down, the man was arrested for murder	 murder	4.597328907853599	1
Before the weight lifting tournament, he needed to build some muscle	Before the weight lifting tournament, he needed to build some muscle	 muscle	0.6706860507792901	1
The head of the cheerleading squad needed to build some muscle	The head of the cheerleading squad needed to build some muscle	 muscle	2.138288420226851	1
After arriving at the campus, he wanted to build some muscle	After arriving at the campus, he wanted to build some muscle	 muscle	6.67683069983033	1
The burgers were messy, so he made sure to grab a napkin	The burgers were messy, so he made sure to grab a napkin	 napkin	1.6966988184768859	2
At the diner, the waitress had forgotten to bring him a napkin	At the diner, the waitress had forgotten to bring him a napkin	 napkin	3.350741850831487	2
When he was walking past the kitchen he accidentally dropped a napkin	When he was walking past the kitchen he accidentally dropped a napkin	 napkin	7.428726746669978	2
They had to walk single file because the path was too narrow	They had to walk single file because the path was too narrow	 narrow	0.21758286642910124	1
They decided to use the elevator because the stairwell was too narrow	They decided to use the elevator because the stairwell was too narrow	 narrow	2.2604544578648555	1
They decided not to go rafting because the river was too narrow	They decided not to go rafting because the river was too narrow	 narrow	4.8700884367086585	1
Of all the animals, the giraffe is known for its long neck	Of all the animals, the giraffe is known for its long neck	 neck	0.666552079151624	1
Of all the animals, the flamingo is known for its long neck	Of all the animals, the flamingo is known for its long neck	 neck	2.457948467767675	1
Of all the animals, the peacock is known for its long neck	Of all the animals, the peacock is known for its long neck	 neck	3.196432746406702	1
She couldn't get the thread through the eye of the needle	She couldn't get the thread through the eye of the needle	 needle	0.03710514001495629	1
The woman accidentally poked herself with the tip of the needle	The woman accidentally poked herself with the tip of the needle	 needle	1.656329281138006	1
During arts and crafts she broke the tip of the needle	During arts and crafts she broke the tip of the needle	 needle	2.169056047206701	1
Before laying its eggs, the robin had to build a nest	Before laying its eggs, the robin had to build a nest	 nest	0.17322613555188526	1
Up in the poplar tree, the stray cat found a nest	Up in the poplar tree, the stray cat found a nest	 nest	4.069483970133277	1
While cleaning up outside, Jerry had to throw away a nest	While cleaning up outside, Jerry had to throw away a nest	 nest	8.328920086059197	1
The volleyball shot barely made it over the net	The volleyball shot barely made it over the net	 net	0.27754688522189985	1
The referee saw the ball roll under the net	The referee saw the ball roll under the net	 net	4.877932211989907	1
Samantha and Karen suspected it was under the net	Samantha and Karen suspected it was under the net	 net	10.149151179483257	1
Because they are nocturnal creatures, all bats hunt at night	Because they are nocturnal creatures, all bats hunt at night	 night	0.07404478654760213	1
To keep their relationship secret, they usually meet at night	To keep their relationship secret, they usually meet at night	 night	1.9635462303244844	1
The student was going to get her degree at night	The student was going to get her degree at night	 night	6.363466963902766	1
Jack forgot about the cookies baking in the oven	Jack forgot about the cookies baking in the oven	 oven	0.05683987509193465	1
Jack remembered that he left something in the oven	Jack remembered that he left something in the oven	 oven	6.205468435475553	1
Jack remembered that he needed to clean the oven	Jack remembered that he needed to clean the oven	 oven	5.23251180765759	1
The heroin addict died of an overdose	The heroin addict died of an overdose	 overdose	0.263321754981722	1
They used naloxone to treat an overdose	They used naloxone to treat an overdose	 overdose	0.9330727451237903	1
The celebrity showed signs of an overdose	The celebrity showed signs of an overdose	 overdose	2.5946976728354447	1
The artist dipped her brush into a fresh can of paint	The artist dipped her brush into a fresh can of paint	 paint	0.9855170037930159	1
At Home Depot they didn't sell the right kind of paint	At Home Depot they didn't sell the right kind of paint	 paint	3.1693903273580273	1
Erica had always wanted to try a new type of paint	Erica had always wanted to try a new type of paint	 paint	6.2924406711981	1
The student opened his notebook and pulled out a piece of paper	The student opened his notebook and pulled out a piece of paper	 paper	0.1766335556478486	1
In all his chemistry classes, the student used a lot of paper	In all his chemistry classes, the student used a lot of paper	 paper	5.7866899183137335	1
The two researchers working in the clinical program needed lots of paper	The two researchers working in the clinical program needed lots of paper	 paper	7.606180434149115	1
For my mother's birthday, we threw a huge party	For my mother's birthday, we threw a huge party	 party	0.8728258329236379	1
On the last day, there was a huge party	On the last day, there was a huge party	 party	3.7341220256658776	1
Right beside the lake, there was a huge party	Right beside the lake, there was a huge party	 party	6.217514519273966	1
The website login asks for my username and password	The website login asks for my username and password	 password	0.15225072187400035	1
Tim had forgotten his mother's email address and password	Tim had forgotten his mother's email address and password	 password	7.34570754147397	1
Tim's classmate tried to steal his phone and password	Tim's classmate tried to steal his phone and password	 password	8.605325541704223	1
In the story, the wolf chased the three little pigs	In the story, the wolf chased the three little pigs	 pigs	0.3505479999630162	1
The farmer was raising cows and lots of little pigs	The farmer was raising cows and lots of little pigs	 pigs	1.940532228022792	1
Bill checked outside, but he didn't see the little pigs	Bill checked outside, but he didn't see the little pigs	 pigs	8.876166199009472	1
The tooth fairy was supposed to leave money under her pillow	The tooth fairy was supposed to leave money under her pillow	 pillow	0.039881401494835406	1
My cousin usually kept her phone plugged in under her pillow	My cousin usually kept her phone plugged in under her pillow	 pillow	1.2012103122168107	1
When her wallet was missing, she found it under her pillow	When her wallet was missing, she found it under her pillow	 pillow	2.7288510868029587	1
On the plane, Timmy went up to the cockpit to meet the pilot	On the plane, Timmy went up to the cockpit to meet the pilot	 pilot	0.7493358717809052	1
When they arrived at their destination, the passengers got to meet the pilot	When they arrived at their destination, the passengers got to meet the pilot	 pilot	4.086629784529446	1
When we were told we had to evacuate, we listened to the pilot	When we were told we had to evacuate, we listened to the pilot	 pilot	8.998395229585148	1
The airport was crowded, and the passengers couldn't board the plane	The airport was crowded, and the passengers couldn't board the plane	 plane	0.816310413069928	1
After a three hour wait, the passengers could see the plane	After a three hour wait, the passengers could see the plane	 plane	3.10867528382155	1
After a three hour wait, the men could see the plane	After a three hour wait, the men could see the plane	 plane	3.947148715938553	1
The king died because the assassin filled his cup with poison	The king died because the assassin filled his cup with poison	 poison	0.6689714793429844	1
They were finally able to solve the mouse problem with poison	They were finally able to solve the mouse problem with poison	 poison	11.532044702315714	1
The small dagger that the soldier carried was covered with poison	The small dagger that the soldier carried was covered with poison	 poison	6.7157502515961625	1
The gym won't let me swim in their heated pool	The gym won't let me swim in their heated pool	 pool	0.2474596579688457	1
They needed to add more water to the heated pool	They needed to add more water to the heated pool	 pool	2.247996158070769	1
The men said that I shouldn't approach the heated pool	The men said that I shouldn't approach the heated pool	 pool	5.413900772082571	1
She added chives and sour cream to the baked potato	She added chives and sour cream to the baked potato	 potato	2.204481876028445	1
He opened up the oven to remove the baked potato	He opened up the oven to remove the baked potato	 potato	3.5654670871444174	1
The waiter recommended the seafood linguini or the baked potato	The waiter recommended the seafood linguini or the baked potato	 potato	4.493841643745772	1
The parents of the awarded athlete felt very proud	The parents of the awarded athlete felt very proud	 proud	1.7991784119273082	1
The owner of the Italian restaurant felt very proud	The owner of the Italian restaurant felt very proud	 proud	4.243470332928636	1
After his final chemo treatment, he felt very proud	After his final chemo treatment, he felt very proud	 proud	6.9739663626529405	1
The water from her umbrella collected in a big puddle	The water from her umbrella collected in a big puddle	 puddle	1.4070747186817825	2
The steam from her shower collected in a big puddle	The steam from her shower collected in a big puddle	 puddle	0.9337442867479016	2
The drinks that they didn't finish made a big puddle	The drinks that they didn't finish made a big puddle	 puddle	7.764459541161803	2
When the paramedic arrived, he checked the victim's wrist for a pulse	When the paramedic arrived, he checked the victim's wrist for a pulse	 pulse	0.12364089325138755	1
When the expert arrived, he immediately checked the woman for a pulse	When the expert arrived, he immediately checked the woman for a pulse	 pulse	2.7962492676844177	1
When the detective arrived at the scene, he looked for a pulse	When the detective arrived at the scene, he looked for a pulse	 pulse	4.2566834739722825	1
For Halloween, they were carving a large pumpkin	For Halloween, they were carving a large pumpkin	 pumpkin	0.5123570994552125	1
For the pie, they bought a large pumpkin	For the pie, they bought a large pumpkin	 pumpkin	4.781795487813075	1
Before the party, they bought a large pumpkin	Before the party, they bought a large pumpkin	 pumpkin	6.642137856621549	1
He liked to study in the library because it was very quiet	He liked to study in the library because it was very quiet	 quiet	0.4789307450939898	1
The group of people sitting in the concert hall was very quiet	The group of people sitting in the concert hall was very quiet	 quiet	2.2366509147774183	1
The neighborhood at the top of the tall hill was very quiet	The neighborhood at the top of the tall hill was very quiet	 quiet	1.5660786699872875	1
The tennis player firmly gripped the handle of his racket	The tennis player firmly gripped the handle of his racket	 racket	0.4506282378464624	1
While waiting for his partner, the player grabbed his racket	While waiting for his partner, the player grabbed his racket	 racket	8.829190348853787	1
The crowd watched as the man picked up his racket	The crowd watched as the man picked up his racket	 racket	9.003063970550848	1
Driving in the countryside, I could only hear static on the radio	Driving in the countryside, I could only hear static on the radio	 radio	0.4384308183952785	1
The woman learned some news about the approaching hurricane on the radio	The woman learned some news about the approaching hurricane on the radio	 radio	1.4841448427202506	1
Luckily, the old woman found lots of interesting programs on the radio	Luckily, the old woman found lots of interesting programs on the radio	 radio	6.15666563404833	1
She brought an umbrella to protect her from the rain	She brought an umbrella to protect her from the rain	 rain	0.5878841452206033	1
She brought a jacket to protect her from the rain	She brought a jacket to protect her from the rain	 rain	2.2408093368303943	1
She arrived late because she got stuck in the rain	She arrived late because she got stuck in the rain	 rain	1.9823350535055453	1
He gathered the leaves into a pile using a rake	He gathered the leaves into a pile using a rake	 rake	5.395563478890618	2
The homeowner was cleaning up the driveway using a rake	The homeowner was cleaning up the driveway using a rake	 rake	5.164710982827555	2
He tried to scare off the animal using a rake	He tried to scare off the animal using a rake	 rake	7.164924668623012	2
During her painful headache, she took a Tylenol to get some relief	During her painful headache, she took a Tylenol to get some relief	 relief	0.4033691701767387	1
The old woman with the painful sunburn tried to get some relief	The old woman with the painful sunburn tried to get some relief	 relief	1.5095319616462632	1
She decided they should take an extended vacation to get some relief	She decided they should take an extended vacation to get some relief	 relief	5.801244317271537	1
To make sushi, she carefully boiled the grains of rice	To make sushi, she carefully boiled the grains of rice	 rice	0.222868185053347	1
She used the pressure cooker to steam lots of rice	She used the pressure cooker to steam lots of rice	 rice	3.9206796715600056	1
In the kitchen, she accidentally spilled a bunch of rice	In the kitchen, she accidentally spilled a bunch of rice	 rice	5.02304024074936	1
Before proposing to his girlfriend he would need a ring	Before proposing to his girlfriend he would need a ring	 ring	5.288368166547773	1
For my fiances upcoming birthday I bought her a ring	For my fiances upcoming birthday I bought her a ring	 ring	5.584526114630753	1
After receiving her paycheck she wanted to buy a ring	After receiving her paycheck she wanted to buy a ring	 ring	5.697284316211077	1
The climbers and guide were attached to each other by a rope	The climbers and guide were attached to each other by a rope	 rope	1.7863564380104349	1
The skilled cave explorer remembered to bring his flashlight and a rope	The skilled cave explorer remembered to bring his flashlight and a rope	 rope	3.664818997896884	1
When Jeff went to the sports equipment store, he bought a rope	When Jeff went to the sports equipment store, he bought a rope	 rope	6.9058851217252535	1
The wind couldn't push the boat because it had a tear in the sail	The wind couldn't push the boat because it had a tear in the sail	 sail	1.0412999002987595	1
No one has told the sail	No one has told the sail	 sail	14.834387691769724	1
The team had to work for hours to fix the tear in the sail	The team had to work for hours to fix the tear in the sail	 sail	5.9411824895817364	1
He bought the lettuce and croutons to make a salad	He bought the lettuce and croutons to make a salad	 salad	1.3176943679205209	1
For her lunch tomorrow, she decided to make a salad	For her lunch tomorrow, she decided to make a salad	 salad	3.449513771101125	1
On the last day, he decided to make a salad	On the last day, he decided to make a salad	 salad	7.505759504544736	1
The store reduced their prices during the annual sale	The store reduced their prices during the annual sale	 sale	2.308846497902656	1
He spent lots of money at the annual sale	He spent lots of money at the annual sale	 sale	6.381569314092271	1
John and his wife prepared for the annual sale	John and his wife prepared for the annual sale	 sale	7.807458756594804	1
To educate the children, they built a new school	To educate the children, they built a new school	 school	0.9779349801930076	1
My brother moved and transferred to a new school	My brother moved and transferred to a new school	 school	0.949266122455837	1
After the horrible flood they built a new school	After the horrible flood they built a new school	 school	2.844413162077516	1
To read the prophecy, he unrolled the ancient scroll	To read the prophecy, he unrolled the ancient scroll	 scroll	1.1244660940820297	1
While visiting court, the priest read the ancient scroll	While visiting court, the priest read the ancient scroll	 scroll	5.909516984609595	1
The pair of thieves recently stole the ancient scroll	The pair of thieves recently stole the ancient scroll	 scroll	5.7189828733026555	1
Susan forgot to put a period at the end of the sentence	Susan forgot to put a period at the end of the sentence	 sentence	1.4429657910597888	1
Susan had a lot of trouble understanding the end of the sentence	Susan had a lot of trouble understanding the end of the sentence	 sentence	4.000457046353636	1
The substitute teacher was pretty impressed by the length of the sentence	The substitute teacher was pretty impressed by the length of the sentence	 sentence	4.8576359384721135	1
When the earthquake began, the whole building started shaking	When the earthquake began, the whole building started shaking	 shaking	0.8695622096657054	1
They fled in fear when the house started shaking	They fled in fear when the house started shaking	 shaking	1.8576924408122697	1
When the actor approached the audience, he started shaking	When the actor approached the audience, he started shaking	 shaking	5.991320709649518	1
The swimmer was attacked by a great white shark	The swimmer was attacked by a great white shark	 shark	0.14941284724434714	1
The marine biologist was studying a rare white shark	The marine biologist was studying a rare white shark	 shark	0.8925241613415905	1
Earlier, the dock worker saw a beautiful white shark	Earlier, the dock worker saw a beautiful white shark	 shark	5.034980518668999	1
It could cut easily because the blade was very sharp	It could cut easily because the blade was very sharp	 sharp	0.8925379319585062	1
She always worked quickly, and her tool was very sharp	She always worked quickly, and her tool was very sharp	 sharp	1.4729139561935496	1
His mom sternly warned him because it was very sharp	His mom sternly warned him because it was very sharp	 sharp	8.979212138421424	1
Sarah pulled the book off the shelf	Sarah pulled the book off the shelf	 shelf	0.1909753253159492	1
Sarah arranged the items on the shelf	Sarah arranged the items on the shelf	 shelf	4.056493909852594	1
Sarah noticed the mouse on the shelf	Sarah noticed the mouse on the shelf	 shelf	5.407922290152303	1
The warrior blocked the spear thrust with his large wooden shield	The warrior blocked the spear thrust with his large wooden shield	 shield	0.1594538371652494	1
In the warrior's tomb, the team discovered a large wooden shield	In the warrior's tomb, the team discovered a large wooden shield	 shield	4.04089925603481	1
The accomplished artist carved the design on the large wooden shield	The accomplished artist carved the design on the large wooden shield	 shield	4.851175218152336	1
He couldn't reach the high shelf because he was very short	He couldn't reach the high shelf because he was very short	 short	0.7339139464814944	1
The big kids always teased Jason because he was very short	The big kids always teased Jason because he was very short	 short	2.4765101433302905	1
The parents were worried about Jason because he was very short	The parents were worried about Jason because he was very short	 short	4.447361021591869	1
When exiting the highway, they had trouble reading the small sign	When exiting the highway, they had trouble reading the small sign	 sign	1.4462969523888125	1
On their country drive, they had trouble seeing the small sign	On their country drive, they had trouble seeing the small sign	 sign	3.4294295348636004	1
At the Italian restaurant, they had trouble reading the small sign	At the Italian restaurant, they had trouble reading the small sign	 sign	3.2782496565851162	1
Long before he saw the ambulance's lights he heard the siren	Long before he saw the ambulance's lights he heard the siren	 siren	2.44905939882276	2
When Dennis got closer to the intersection he heard the siren	When Dennis got closer to the intersection he heard the siren	 siren	3.434065579494116	2
The students were ducking for cover when they heard the siren	The students were ducking for cover when they heard the siren	 siren	7.201519334894392	2
She was the youngest out of all her brothers and sisters	She was the youngest out of all her brothers and sisters	 sisters	0.14919253603786334	1
She learned how to use makeup from her friends and sisters	She learned how to use makeup from her friends and sisters	 sisters	3.170068047977588	1
She was always rude and obnoxious around her teachers and sisters	She was always rude and obnoxious around her teachers and sisters	 sisters	9.26714861494866	1
Not using sunscreen at the beach can damage your skin	Not using sunscreen at the beach can damage your skin	 skin	0.3159500415221637	1
The chemicals floating in the water can damage your skin	The chemicals floating in the water can damage your skin	 skin	2.7653952320252047	1
The factory produces noxious chemicals that can damage your skin	The factory produces noxious chemicals that can damage your skin	 skin	2.9842980214387533	1
Eric comforted his tearful son and sang him to sleep	Eric comforted his tearful son and sang him to sleep	 sleep	0.013613573256618505	1
My nephew told us that he didn't want to sleep	My nephew told us that he didn't want to sleep	 sleep	5.6690710159689175	1
All of us knew that Eric wouldn't want to sleep	All of us knew that Eric wouldn't want to sleep	 sleep	6.8111745040077984	1
They didn't rent the apartment because the kitchen was too small	They didn't rent the apartment because the kitchen was too small	 small	0.2857707367388268	1
They didn't buy the convertible because the engine was too small	They didn't buy the convertible because the engine was too small	 small	2.5556233603519893	1
She decided not to apply because the college was too small	She decided not to apply because the college was too small	 small	2.739601733607435	1
A boa constrictor is a very dangerous type of snake	A boa constrictor is a very dangerous type of snake	 snake	0.2813288308484107	1
He had never been bitten by that type of snake	He had never been bitten by that type of snake	 snake	2.0164320441624386	1
My little sister had never seen that type of snake	My little sister had never seen that type of snake	 snake	6.757930791346648	1
Germs are spread when people cough or sneeze	Germs are spread when people cough or sneeze	 sneeze	0.02752176106558293	3
This powder might make you itch or sneeze	This powder might make you itch or sneeze	 sneeze	4.827495019377642	3
People always notice when I laugh or sneeze	People always notice when I laugh or sneeze	 sneeze	6.860078768201998	3
In the shower, he accidentally dropped the bar of soap	In the shower, he accidentally dropped the bar of soap	 soap	0.1257030960920486	1
The janitor decided to purchase a new brand of soap	The janitor decided to purchase a new brand of soap	 soap	3.2094740319804598	1
He forgot to stock up on that type of soap	He forgot to stock up on that type of soap	 soap	5.883631252441447	1
The kids had lots of cavities because they drank soda	The kids had lots of cavities because they drank soda	 soda	2.6568447944352296	1
They were out of lemonade, so instead they drank soda	They were out of lemonade, so instead they drank soda	 soda	4.953103216083783	1
The hotel didn't have coffee, so instead they drank soda	The hotel didn't have coffee, so instead they drank soda	 soda	5.169260359771873	1
She puckered her lips because the lemon was too sour	She puckered her lips because the lemon was too sour	 sour	0.879572734272992	1
She spat out the fruit because it was too sour	She spat out the fruit because it was too sour	 sour	2.155462321385055	1
She threw away her meal because it was too sour	She threw away her meal because it was too sour	 sour	6.67759553277932	1
Lines of longitude go from the north to the south	Lines of longitude go from the north to the south	 south	0.02730302319687494	1
The arrow on the compass was pointing to the south	The arrow on the compass was pointing to the south	 south	3.0515834706891334	1
On their long vacation, the family traveled to the south	On their long vacation, the family traveled to the south	 south	4.263821722735066	1
The politician stood at the podium and gave a long speech	The politician stood at the podium and gave a long speech	 speech	1.3316864796814716	1
Hamilton didn't have the patience to sit through the long speech	Hamilton didn't have the patience to sit through the long speech	 speech	5.530516305352728	1
Hamilton and his coworkers were chatting together after the long speech	Hamilton and his coworkers were chatting together after the long speech	 speech	8.5624599295573	1
Merlin needed his magic wand to cast the spell	Merlin needed his magic wand to cast the spell	 spell	0.8192199053409139	1
The students at Hogwarts had trouble understanding the spell	The students at Hogwarts had trouble understanding the spell	 spell	5.899494990419521	1
The princess could not be awakened by the spell	The princess could not be awakened by the spell	 spell	6.3900902013955525	1
The web had been spun by the large spider	The web had been spun by the large spider	 spider	8.243593331975603	1
My older brother refused to touch the large spider	My older brother refused to touch the large spider	 spider	5.806273481888797	1
My husband was trying to catch the large spider	My husband was trying to catch the large spider	 spider	4.006563302028388	1
After the meal, she ate her sundae with a small metal spoon	After the meal, she ate her sundae with a small metal spoon	 spoon	0.4839526733282162	1
Mike was searching around in the kitchen for a small metal spoon	Mike was searching around in the kitchen for a small metal spoon	 spoon	3.5560434205850178	1
At the flea market in Sacramento he bought a small metal spoon	At the flea market in Sacramento he bought a small metal spoon	 spoon	6.845407502538012	1
The creature was either an octopus or a giant squid	The creature was either an octopus or a giant squid	 squid	0.46165755007689296	2
The group of scientists was attacked by a giant squid	The group of scientists was attacked by a giant squid	 squid	2.7459719748286666	2
The museum display had some pictures of a giant squid	The museum display had some pictures of a giant squid	 squid	3.934762750220608	2
The audience shouted "boo!" until the actor walked off the stage	The audience shouted "boo!" until the actor walked off the stage	 stage	0.10979992710031274	1
The technician had to adjust all the lights above the stage	The technician had to adjust all the lights above the stage	 stage	3.6622930409007735	1
When we walked inside, we all saw Johnathan on the stage	When we walked inside, we all saw Johnathan on the stage	 stage	3.7655969201255615	1
Even the professional dry cleaner wasn't able to remove the stain	Even the professional dry cleaner wasn't able to remove the stain	 stain	2.3227838252769284	1
My roommate needed some advice on how to remove the stain	My roommate needed some advice on how to remove the stain	 stain	4.673987251533339	1
During the wedding reception, all of the guests noticed the stain	During the wedding reception, all of the guests noticed the stain	 stain	9.040281337141435	1
The hopeful girl wished upon a star	The hopeful girl wished upon a star	 star	0.394125634635173	1
The sticker was shaped like a star	The sticker was shaped like a star	 star	5.755001568913734	1
On the canvas, Andrew drew a star	On the canvas, Andrew drew a star	 star	6.122987021947727	1
At the bar, the man sat on a stool	At the bar, the man sat on a stool	 stool	0.4116790788827578	1
During timeout, Suzie had to sit on a stool	During timeout, Suzie had to sit on a stool	 stool	2.9923795663740616	1
To paint the ceiling, the decorator needed a stool	To paint the ceiling, the decorator needed a stool	 stool	8.1113931643283	1
The hot pan was bubbling on the stove	The hot pan was bubbling on the stove	 stove	0.4822787028548706	1
The children weren't supposed to touch the stove	The children weren't supposed to touch the stove	 stove	5.714811631063872	1
Jan wasn't able to turn on the stove	Jan wasn't able to turn on the stove	 stove	5.2444188534551754	1
It's easy to spot a zebra because of its stripes	It's easy to spot a zebra because of its stripes	 stripes	0.7059410042525537	1
It's easy to recognize a bumblebee because of its stripes	It's easy to recognize a bumblebee because of its stripes	 stripes	5.871364419520473	1
It's easy to recognize a piranha because of its stripes	It's easy to recognize a piranha because of its stripes	 stripes	6.678050151923318	1
After cutting down the tree, all that was left was a stump	After cutting down the tree, all that was left was a stump	 stump	1.6711523660884458	1
They had to hire the landscapers, to help them remove a stump	They had to hire the landscapers, to help them remove a stump	 stump	8.461479746727882	1
Behind the storage shed, there were some dead branches and a stump	Behind the storage shed, there were some dead branches and a stump	 stump	5.534356876777241	1
To make the cake sweet, he added some more sugar	To make the cake sweet, he added some more sugar	 sugar	1.425073999097528	1
My wife didn't notice that I added some more sugar	My wife didn't notice that I added some more sugar	 sugar	5.161624537496171	1
I reminded my wife that we needed some more sugar	I reminded my wife that we needed some more sugar	 sugar	5.4078584234630025	1
To look good at the funeral, he needed to buy a suit	To look good at the funeral, he needed to buy a suit	 suit	1.391843200352353	1
He had a big date, and he needed to buy a suit	He had a big date, and he needed to buy a suit	 suit	1.9791469486869784	1
Because he's visiting his grandma soon, he needed to buy a suit	Because he's visiting his grandma soon, he needed to buy a suit	 suit	4.102722522758309	1
At two o'clock the British family always has crumpets and tea	At two o'clock the British family always has crumpets and tea	 tea	0.6909163487485086	1
At the breakfast buffet, the conference was serving coffee and tea	At the breakfast buffet, the conference was serving coffee and tea	 tea	2.931524801984947	1
When their mother was home they could have brownies and tea	When their mother was home they could have brownies and tea	 tea	4.994923311624358	1
The dentist was teaching Emma how to clean her teeth	The dentist was teaching Emma how to clean her teeth	 teeth	0.19081056753442105	1
Our mother told my sister to always clean her teeth	Our mother told my sister to always clean her teeth	 teeth	2.9404552305335763	1
The nanny reminded my sister to look after her teeth	The nanny reminded my sister to look after her teeth	 teeth	7.701429243524442	1
Everett lit the campfire while I pitched the tent	Everett lit the campfire while I pitched the tent	 tent	0.1656879830710462	1
The kids at summer camp slept in the tent	The kids at summer camp slept in the tent	 tent	4.162978275620657	1
Everett's dad asked if he could move the tent	Everett's dad asked if he could move the tent	 tent	6.911970581861995	1
The pill I just swallowed is stuck in my throat	The pill I just swallowed is stuck in my throat	 throat	0.2460991776099408	1
The doctor said I have something stuck in my throat	The doctor said I have something stuck in my throat	 throat	0.8975112937248086	1
The doctor isn't able to do anything about my throat	The doctor isn't able to do anything about my throat	 throat	6.773599166278517	1
He made a dentist appointment to extract his broken tooth	He made a dentist appointment to extract his broken tooth	 tooth	0.41648760111270944	1
He had difficulty speaking because he had a broken tooth	He had difficulty speaking because he had a broken tooth	 tooth	2.753809308920884	1
After some discussion, they decided to remove the broken tooth	After some discussion, they decided to remove the broken tooth	 tooth	6.798228630833753	1
The tiny maple sapling has grown into a large tree	The tiny maple sapling has grown into a large tree	 tree	1.2116118204823367	1
The bicycle was swerving and crashed into a large tree	The bicycle was swerving and crashed into a large tree	 tree	1.3070264543582	1
Joan and her decorator decided to add a large tree	Joan and her decorator decided to add a large tree	 tree	5.205110121391915	1
Ben unloaded the bags of cement from the back of the truck	Ben unloaded the bags of cement from the back of the truck	 truck	0.684049473320044	1
The fugitive hid from the police in the back of the truck	The fugitive hid from the police in the back of the truck	 truck	2.5303038957081734	1
Ben was being so violent that he tried to smash the truck	Ben was being so violent that he tried to smash the truck	 truck	7.218306442327992	1
There's no need to lie, you can tell me the truth	There's no need to lie, you can tell me the truth	 truth	0.1566743536438631	1
My friend at the office refused to tell me the truth	My friend at the office refused to tell me the truth	 truth	4.417884032595701	1
The police officer was unsure if he could find the truth	The police officer was unsure if he could find the truth	 truth	6.759313487693189	1
Elephants are often hunted for the ivory in their tusks	Elephants are often hunted for the ivory in their tusks	 tusks	0.019680839660311696	3
After catching the animals, the poachers cut off their tusks	After catching the animals, the poachers cut off their tusks	 tusks	4.419109030564872	3
The smugglers could not find a buyer for their tusks	The smugglers could not find a buyer for their tusks	 tusks	11.328593631857851	3
The city lies between two hills in a valley	The city lies between two hills in a valley	 valley	1.3874908707899944	1
The team discovered the fertile crops in a valley	The team discovered the fertile crops in a valley	 valley	5.4087860747313234	1
The house sits between two shops in a valley	The house sits between two shops in a valley	 valley	7.875687555926447	1
At the ice cream shop, Jen asked for both chocolate and vanilla	At the ice cream shop, Jen asked for both chocolate and vanilla	 vanilla	0.8980840278423137	1
To add flavor to the frosting he added maple syrup and vanilla	To add flavor to the frosting he added maple syrup and vanilla	 vanilla	2.501568077344309	1
He walked down to the supermarket to buy milk, flour, and vanilla	He walked down to the supermarket to buy milk, flour, and vanilla	 vanilla	9.174187045924297	1
To display the roses, Katie put them in an expensive vase	To display the roses, Katie put them in an expensive vase	 vase	1.3452403359973932	2
The collector of Chinese artifacts had just acquired the expensive vase	The collector of Chinese artifacts had just acquired the expensive vase	 vase	4.207796892530106	2
The young couple paid lots of money for the expensive vase	The young couple paid lots of money for the expensive vase	 vase	7.503838717038772	2
The bride covered her face with a veil	The bride covered her face with a veil	 veil	1.2802482409322948	1
She wore a beautiful gown and a veil	She wore a beautiful gown and a veil	 veil	3.9872811786969393	1
The seamstress sewed two sheets and a veil	The seamstress sewed two sheets and a veil	 veil	8.527895255896777	1
Before the show, the sick opera singer suddenly lost her voice	Before the show, the sick opera singer suddenly lost her voice	 voice	0.2999193745166952	1
Before the cameras started rolling, the actress suddenly lost her voice	Before the cameras started rolling, the actress suddenly lost her voice	 voice	1.3738137885316926	1
Before leaving to buy groceries, my aunt suddenly lost her voice	Before leaving to buy groceries, my aunt suddenly lost her voice	 voice	2.461576716346791	1
In the election, people younger than eighteen aren't allowed to vote	In the election, people younger than eighteen aren't allowed to vote	 vote	0.10085907167154937	1
In countries with strict religious codes, women aren't allowed to vote	In countries with strict religious codes, women aren't allowed to vote	 vote	2.8262260830472328	1
On some campuses, many of the students don't want to vote	On some campuses, many of the students don't want to vote	 vote	4.607826682989883	1
The bride refused to invite her father to the wedding	The bride refused to invite her father to the wedding	 wedding	0.2677740104461563	1
Kathy decided not to invite her uncle to the wedding	Kathy decided not to invite her uncle to the wedding	 wedding	1.4860011805732607	1
The lazy teenager didn't want to go to the wedding	The lazy teenager didn't want to go to the wedding	 wedding	7.506493349409951	1
The woman would need a raincoat to avoid getting wet	The woman would need a raincoat to avoid getting wet	 wet	0.922975920187621	1
He didn't drive home because the roads were getting wet	He didn't drive home because the roads were getting wet	 wet	4.719276885087681	1
He doesn't run very often because he hates getting wet	He doesn't run very often because he hates getting wet	 wet	2.3703234947349148	1
The referee was blowing on his whistle	The referee was blowing on his whistle	 whistle	0.02545041344996835	1
None of the players heard his whistle	None of the players heard his whistle	 whistle	6.49329677058342	1
My brother remembered to bring his whistle	My brother remembered to bring his whistle	 whistle	9.322815143858287	1
At the vineyard, he bought a fancy bottle of wine	At the vineyard, he bought a fancy bottle of wine	 wine	1.0056969050797842	1
The waiter forgot to bring me my glass of wine	The waiter forgot to bring me my glass of wine	 wine	1.9797968319756076	1
At the market, he bought a new type of wine	At the market, he bought a new type of wine	 wine	6.500544447977651	1
Then, the genie granted his third and final wish	Then, the genie granted his third and final wish	 wish	0.07886641999709929	1
The king remembered that he had one final wish	The king remembered that he had one final wish	 wish	3.805908863401232	1
The young boy had forgotten about his final wish	The young boy had forgotten about his final wish	 wish	5.806001177792678	1
The kids thought that the scary old woman was probably a witch	The kids thought that the scary old woman was probably a witch	 witch	1.9350828815961458	1
For Halloween that year she decided to dress up as a witch	For Halloween that year she decided to dress up as a witch	 witch	3.0888308837665037	1
She decided that she shouldn't write a children's story about a witch	She decided that she shouldn't write a children's story about a witch	 witch	5.12350730812085	1
At the sawmill they slice logs into long planks of wood	At the sawmill they slice logs into long planks of wood	 wood	1.5343354657369572	1
To repair the cabinet, he needed several different types of wood	To repair the cabinet, he needed several different types of wood	 wood	1.987091335876332	1
At the ancient burial site they found weapons made of wood	At the ancient burial site they found weapons made of wood	 wood	4.216554475810428	1
Shearing the sheep produced a large amount of wool	Shearing the sheep produced a large amount of wool	 wool	1.9836737031795282	1
The elderly shepherd sold a large amount of wool	The elderly shepherd sold a large amount of wool	 wool	4.169311916380697	1
The new factory produced a large amount of wool	The new factory produced a large amount of wool	 wool	7.381714078005895	1
The old couple sat together without speaking a single word	The old couple sat together without speaking a single word	 word	0.013844336302044302	1
Despite his best efforts, he couldn't recognize a single word	Despite his best efforts, he couldn't recognize a single word	 word	3.681924855891801	1
During his stay, the visitor only used a single word	During his stay, the visitor only used a single word	 word	4.812751021961549	1
The kitten was playing with a ball of yarn	The kitten was playing with a ball of yarn	 yarn	0.39284440267826304	1
The old woman was collecting different colors of yarn	The old woman was collecting different colors of yarn	 yarn	2.42334911799744	1
Emily had trouble finding the right color of yarn	Emily had trouble finding the right color of yarn	 yarn	5.055571233912882	1
To record some high school memories, he had everyone sign his yearbook	To record some high school memories, he had everyone sign his yearbook	 yearbook	3.091911087322541	2
In high school, I wrote my boyfriend a message in his yearbook	In high school, I wrote my boyfriend a message in his yearbook	 yearbook	3.8105754832116743	2
Apparently, because James didn't have a pen, he couldn't sign his yearbook	Apparently, because James didn't have a pen, he couldn't sign his yearbook	 yearbook	6.7661916445233885	2
To see the exotic animals, we took the children to the zoo	To see the exotic animals, we took the children to the zoo	 zoo	2.0859750493292637	1
To see the pretty horses, we took the children to the zoo	To see the pretty horses, we took the children to the zoo	 zoo	4.5079977276211665	1
Jennifer asked a close friend if they could go to the zoo	Jennifer asked a close friend if they could go to the zoo	 zoo	4.889755234661483	1
