FullSentence	Sentence	TargetWords	Surprisal	NumTokens
In polluted cities, you can barely breathe the air	In polluted cities, you can barely breathe the air	 air	0.6491080498061713	1
The factory built expensive machines to filter the air	The factory built expensive machines to filter the air	 air	2.497263454169043	1
They suspected there was something wrong with the air	They suspected there was something wrong with the air	 air	4.984813057929554	1
The soldier decided to quit the army	The soldier decided to quit the army	 army	1.9188577463173304	1
George chose not to join the army	George chose not to join the army	 army	3.1127593507652747	1
The students were learning about the army	The students were learning about the army	 army	9.622874202321169	1
My sister enjoys poetry, painting, and other forms of art	My sister enjoys poetry, painting, and other forms of art	 art	1.1421797537921463	1
Even though she's blind, she appreciates many types of art	Even though she's blind, she appreciates many types of art	 art	2.2102173571726746	1
They hired the consultant because of her knowledge of art	They hired the consultant because of her knowledge of art	 art	7.045366060972983	1
They stored all of the Halloween decorations up in the attic	They stored all of the Halloween decorations up in the attic	 attic	1.1607619569841172	1
There were a lot of old clothes stored in the attic	There were a lot of old clothes stored in the attic	 attic	2.4515553540570765	1
The accountant put all of the old documents in the attic	The accountant put all of the old documents in the attic	 attic	4.966757947629132	1
The lumberjack chopped down the tree with his axe	The lumberjack chopped down the tree with his axe	 axe	0.6032308549882351	1
The man walked into the forest carrying his axe	The man walked into the forest carrying his axe	 axe	5.131928505115362	1
My father scared away the burglars with his axe	My father scared away the burglars with his axe	 axe	7.630808594209528	1
The girl bought a pink tutu because she wanted to learn ballet	The girl bought a pink tutu because she wanted to learn ballet	 ballet	5.079776278947018	1
The girl had never danced before, but she wanted to learn ballet	The girl had never danced before, but she wanted to learn ballet	 ballet	5.626621731357731	1
The girl was extremely excited that she was going to learn ballet	The girl was extremely excited that she was going to learn ballet	 ballet	6.851586659277011	1
The man used the helium to inflate the red balloon	The man used the helium to inflate the red balloon	 balloon	0.6094859505721302	1
It was her birthday, so he bought the red balloon	It was her birthday, so he bought the red balloon	 balloon	5.313115868118123	1
The woman at the store was buying the red balloon	The woman at the store was buying the red balloon	 balloon	7.521313432396918	1
The hungry monkey was trying to peel the banana	The hungry monkey was trying to peel the banana	 banana	3.5003406830432424	1
Because of fruit flies, he threw away the banana	Because of fruit flies, he threw away the banana	 banana	6.587898967698782	1
My picky younger brother refused to eat the banana	My picky younger brother refused to eat the banana	 banana	5.445211903170012	1
Jenna loved playing the guitar, so she decided to join the band	Jenna loved playing the guitar, so she decided to join the band	 band	1.3782293889012365	1
On her eighteenth birthday her parents got her tickets see the band	On her eighteenth birthday her parents got her tickets see the band	 band	5.6574816074312135	1
After several rounds of auditions, she never heard back from the band	After several rounds of auditions, she never heard back from the band	 band	6.35799294897694	1
The neighborhood dog always kept her awake by barking	The neighborhood dog always kept her awake by barking	 barking	3.992088257504349	2
Our pets sometimes ask us for treats by barking	Our pets sometimes ask us for treats by barking	 barking	5.776072458325426	2
They knew that Harry kept her awake by barking	They knew that Harry kept her awake by barking	 barking	9.104886721338502	2
Instead of a shower, she decided to take a bath	Instead of a shower, she decided to take a bath	 bath	2.129955917943533	1
To relax after work, Bill decided to take a bath	To relax after work, Bill decided to take a bath	 bath	5.34098011462092	1
That weekend, their interior decorator helped them install a bath	That weekend, their interior decorator helped them install a bath	 bath	7.559460903878772	1
My son saw the bird pecking at the soil using its beak	My son saw the bird pecking at the soil using its beak	 beak	1.1142429911254457	2
The bald eagle was trying to attack the hunters using its beak	The bald eagle was trying to attack the hunters using its beak	 beak	3.212905976760419	2
The animal in the zoo enclosure was trying to clean its beak	The animal in the zoo enclosure was trying to clean its beak	 beak	6.014131037617937	2
I asked the maid to change the sheets on the bed	I asked the maid to change the sheets on the bed	 bed	1.1602454659654409	1
The chief of police found the suicide note on the bed	The chief of police found the suicide note on the bed	 bed	4.410039280841558	1
There was a large pile of dirty towels on the bed	There was a large pile of dirty towels on the bed	 bed	3.0768981758081595	1
The honey was produced by a hive of bees	The honey was produced by a hive of bees	 bees	0.5479580751365095	1
She is deathly allergic to those types of bees	She is deathly allergic to those types of bees	 bees	6.054000075731431	1
The people outside were avoiding the group of bees	The people outside were avoiding the group of bees	 bees	11.27018048029248	1
To wash your clothes whiter, you should add a little bleach	To wash your clothes whiter, you should add a little bleach	 bleach	3.321998505326352	2
To kill all the bacteria, you should add a little bleach	To kill all the bacteria, you should add a little bleach	 bleach	6.259770893121488	2
To prepare the next sample, you should add a little bleach	To prepare the next sample, you should add a little bleach	 bleach	8.883858095395704	2
The murderer's knife and clothes were covered in blood	The murderer's knife and clothes were covered in blood	 blood	0.7896844172879844	1
The cafeteria in the prison was covered in blood	The cafeteria in the prison was covered in blood	 blood	4.489566966818289	1
The woman's counter and refrigerator were covered in blood	The woman's counter and refrigerator were covered in blood	 blood	4.568326015426932	1
My favorite part of Spring is when the flowers begin to bloom	My favorite part of Spring is when the flowers begin to bloom	 bloom	0.3863342632063984	1
The weather's been so nice that the plants have started to bloom	The weather's been so nice that the plants have started to bloom	 bloom	0.9203815760676204	1
We started watering the yard because the plants had begun to bloom	We started watering the yard because the plants had begun to bloom	 bloom	3.3184620148049837	1
Following his orders, the terrorist threatened to drop the bomb	Following his orders, the terrorist threatened to drop the bomb	 bomb	1.6827992176513045	1
To destroy the building, they decided to use the bomb	To destroy the building, they decided to use the bomb	 bomb	5.628214252297922	1
Jonathan was shocked that they decided to use the bomb	Jonathan was shocked that they decided to use the bomb	 bomb	7.800426584102031	1
The author signed a copy of her new book	The author signed a copy of her new book	 book	0.3925442067662524	1
The unsuccessful student went to buy a new book	The unsuccessful student went to buy a new book	 book	4.132162056165297	1
The landlord who lived downstairs bought a new book	The landlord who lived downstairs bought a new book	 book	7.345805425521289	1
The immigrant left Mexico and tried to cross the border	The immigrant left Mexico and tried to cross the border	 border	0.6494254609433671	1
There were lots of intimidating guards stationed at the border	There were lots of intimidating guards stationed at the border	 border	5.013357436300809	1
The kids were scared about trying to cross the border	The kids were scared about trying to cross the border	 border	3.6218363388510095	1
Because the work was repetitive, he thought it was boring	Because the work was repetitive, he thought it was boring	 boring	4.351887522318245	1
He visited the museum, and he thought it was boring	He visited the museum, and he thought it was boring	 boring	6.852698261825855	1
He visited the catacombs, and he thought it was boring	He visited the catacombs, and he thought it was boring	 boring	7.529286170163502	1
The archer pulled back the string of his bow	The archer pulled back the string of his bow	 bow	0.4954784614086516	1
While facing the target, he picked up his bow	While facing the target, he picked up his bow	 bow	4.915939531694002	1
On television, the Olympic athlete picked up his bow	On television, the Olympic athlete picked up his bow	 bow	7.133311053301932	1
Jan poured the milk and cereal into her bowl	Jan poured the milk and cereal into her bowl	 bowl	2.003603595198745	1
The waiter accidentally dropped her spoon and her bowl	The waiter accidentally dropped her spoon and her bowl	 bowl	4.807508884273122	1
Jan was walking and she accidentally dropped her bowl	Jan was walking and she accidentally dropped her bowl	 bowl	7.536211473710513	1
Instead of the accelerator, Maria stepped on the brake	Instead of the accelerator, Maria stepped on the brake	 brake	1.219385860975892	1
My passengers jumped when I stepped on the brake	My passengers jumped when I stepped on the brake	 brake	4.77610380682686	1
We were surprised when Maria stepped on the brake	We were surprised when Maria stepped on the brake	 brake	7.127780262349277	1
Laurence got some yeast to bake his own bread	Laurence got some yeast to bake his own bread	 bread	1.640510873215231	1
Laurence needed some advice before baking his own bread	Laurence needed some advice before baking his own bread	 bread	2.926414023438584	1
Laurence woke up early to make his own bread	Laurence woke up early to make his own bread	 bread	5.565368383025078	1
They got a loan to start their own small business	They got a loan to start their own small business	 business	0.3145221694752383	1
My roommate was hoping to build his own small business	My roommate was hoping to build his own small business	 business	1.9316297295581002	1
They needed some land to build their own small business	They needed some land to build their own small business	 business	2.977983777447103	1
The birthday boy didn't want frosting on his slice of cake	The birthday boy didn't want frosting on his slice of cake	 cake	0.9028422814662942	1
The hungry student decided to buy a small piece of cake	The hungry student decided to buy a small piece of cake	 cake	4.521043692759362	1
My wife said that she didn't like that kind of cake	My wife said that she didn't like that kind of cake	 cake	7.402651303010218	1
The cow gave birth to the brown calf	The cow gave birth to the brown calf	 calf	3.2571389698304123	1
The farmer gave milk to the brown calf	The farmer gave milk to the brown calf	 calf	4.21013153946946	1
Bill went to check on the brown calf	Bill went to check on the brown calf	 calf	6.995264813059022	1
The boy scouts hurried back to set up camp	The boy scouts hurried back to set up camp	 camp	0.6115479437504305	1
The cheerful woman hurried over to set up camp	The cheerful woman hurried over to set up camp	 camp	5.120172041234944	1
We watched my nephew try to set up camp	We watched my nephew try to set up camp	 camp	5.104129077836438	1
On Halloween, the costumed children grabbed several pieces of candy	On Halloween, the costumed children grabbed several pieces of candy	 candy	0.3476032305967376	1
While touring the factory, Bill sampled several pieces of candy	While touring the factory, Bill sampled several pieces of candy	 candy	5.286435148421111	1
The food scientists were developing a new type of candy	The food scientists were developing a new type of candy	 candy	6.783925255056608	1
The cashier asked the customer to swipe his card	The cashier asked the customer to swipe his card	 card	0.8010036709492401	1
Johnathan told the banker that he'd lost his card	Johnathan told the banker that he'd lost his card	 card	6.308593367600215	1
At security, the guards needed to inspect his card	At security, the guards needed to inspect his card	 card	7.330449478401606	1
In the cartoon, Bugs Bunny was munching on a carrot	In the cartoon, Bugs Bunny was munching on a carrot	 carrot	4.0516331061806286	1
The cook was chopping up the parsley and a carrot	The cook was chopping up the parsley and a carrot	 carrot	4.481701244605903	1
In the door of his refrigerator he found a carrot	In the door of his refrigerator he found a carrot	 carrot	8.201951901476969	1
At Costco, the toddler wanted to push the cart	At Costco, the toddler wanted to push the cart	 cart	2.4225972870021737	1
The grocery store employee had to retrieve the cart	The grocery store employee had to retrieve the cart	 cart	4.065399500118357	1
At work, the assistant needed to find the cart	At work, the assistant needed to find the cart	 cart	10.613791676867658	1
The biologist knew that there were bats living in the cave	The biologist knew that there were bats living in the cave	 cave	3.355476748211696	1
The biologist knew that there were bears living in the cave	The biologist knew that there were bears living in the cave	 cave	4.23356608419927	1
The police knew that there were people living in the cave	The police knew that there were people living in the cave	 cave	7.583549773722452	1
DNA is housed within the nucleus of a cell	DNA is housed within the nucleus of a cell	 cell	0.6762389166670794	1
The scientists were extracting the DNA from a cell	The scientists were extracting the DNA from a cell	 cell	4.937866738257589	1
In his textbook, there's a drawing of a cell	In his textbook, there's a drawing of a cell	 cell	7.59663122346846	1
The teacher walked up to the board and grabbed a piece of chalk	The teacher walked up to the board and grabbed a piece of chalk	 chalk	2.5955692726835498	1
After decades, the instructor decided to switch to a new brand of chalk	After decades, the instructor decided to switch to a new brand of chalk	 chalk	6.430563265091845	1
While searching around in the garage, the man found a piece of chalk	While searching around in the garage, the man found a piece of chalk	 chalk	6.320019396465902	1
The checkmate abruptly ended their game of chess	The checkmate abruptly ended their game of chess	 chess	1.1011931870626024	1
The two Russians played another round of chess	The two Russians played another round of chess	 chess	2.7087053786621547	1
They were learning another important rule of chess	They were learning another important rule of chess	 chess	5.574220710318702	1
Santa lands on the roof and comes down through the chimney	Santa lands on the roof and comes down through the chimney	 chimney	4.5415237714321615	2
The firefighter noticed there was smoke coming out of the chimney	The firefighter noticed there was smoke coming out of the chimney	 chimney	5.0488991608707785	2
Every Spring, my family cleans out the basement and the chimney	Every Spring, my family cleans out the basement and the chimney	 chimney	8.35906320933611	2
The soprano auditioned for the church choir	The soprano auditioned for the church choir	 choir	1.4464025655216897	1
Every Easter, they heard the church choir	Every Easter, they heard the church choir	 choir	3.1102785081737747	1
Elizabeth didn't like to attend church choir	Elizabeth didn't like to attend church choir	 choir	9.525194267925256	1
At storytime, the preschoolers have to sit in a circle	At storytime, the preschoolers have to sit in a circle	 circle	1.6831971368445722	1
The girl decided to arrange her dolls in a circle	The girl decided to arrange her dolls in a circle	 circle	2.937866097733475	1
All of the fifth-graders had to get in a circle	All of the fifth-graders had to get in a circle	 circle	5.247449648230429	1
Above the doorway, he heard the ticking of the old clock	Above the doorway, he heard the ticking of the old clock	 clock	1.1094552665496664	1
In the den, they replaced the battery in the old clock	In the den, they replaced the battery in the old clock	 clock	7.564506819074483	1
After their trip, they replaced the battery in the old clock	After their trip, they replaced the battery in the old clock	 clock	8.546619309368195	1
In a few weeks, the butterfly will emerge from the cocoon	In a few weeks, the butterfly will emerge from the cocoon	 cocoon	2.840888311870976	2
The caterpillar was trying its best to escape from the cocoon	The caterpillar was trying its best to escape from the cocoon	 cocoon	6.636823862518045	2
The biologist used the microscope to see inside of the cocoon	The biologist used the microscope to see inside of the cocoon	 cocoon	7.118790638449467	2
Melissa asks for decaf when ordering her cup of coffee	Melissa asks for decaf when ordering her cup of coffee	 coffee	0.5055189051431415	1
The customer left without finishing his last sip of coffee	The customer left without finishing his last sip of coffee	 coffee	1.7020044236191698	1
Melissa has difficulty when she's picking a type of coffee	Melissa has difficulty when she's picking a type of coffee	 coffee	4.429967048379255	1
We had to guess heads or tails when the referee flipped the coin	We had to guess heads or tails when the referee flipped the coin	 coin	2.0331675955082558	1
Because it was rare, he could get some money from selling the coin	Because it was rare, he could get some money from selling the coin	 coin	6.863680267120746	1
He was carrying so much stuff in his hands, he dropped the coin	He was carrying so much stuff in his hands, he dropped the coin	 coin	7.712783928617026	1
The boy scout navigated using a map and a compass	The boy scout navigated using a map and a compass	 compass	0.4802501787756561	1
My brother always carried a pocket knife and a compass	My brother always carried a pocket knife and a compass	 compass	5.927416677354896	1
The boyscout always carried a first-aid kit and a compass	The boyscout always carried a first-aid kit and a compass	 compass	5.519933655896031	1
Lauren turned on the TV and flopped down on the couch	Lauren turned on the TV and flopped down on the couch	 couch	0.41669641542670016	1
They were worried that the cat would tear up the couch	They were worried that the cat would tear up the couch	 couch	6.122103795589958	1
Before painting, the contractors laid down a tarp on the couch	Before painting, the contractors laid down a tarp on the couch	 couch	8.048466916618436	1
Eric sued the taxi driver and took him to court	Eric sued the taxi driver and took him to court	 court	0.5789307198418435	1
Susan was angry at Eric and took him to court	Susan was angry at Eric and took him to court	 court	3.605512665621121	1
Eric picked up his friend and brought him to court	Eric picked up his friend and brought him to court	 court	6.935048084207738	1
Jesus was crucified on a large wooden cross	Jesus was crucified on a large wooden cross	 cross	0.12495394688157482	1
The nuns were praying beside the wooden cross	The nuns were praying beside the wooden cross	 cross	1.5447582834050047	1
In the gallery, there was a wooden cross	In the gallery, there was a wooden cross	 cross	4.669209874406845	1
On the queen's head, the priest placed a golden crown	On the queen's head, the priest placed a golden crown	 crown	1.6994227805681696	1
On the king's nightstand, the men saw a golden crown	On the king's nightstand, the men saw a golden crown	 crown	3.603068904809985	1
The merchant paid for the goods with a golden crown	The merchant paid for the goods with a golden crown	 crown	3.7138858629085902	1
The disease is fatal as there is no known cure	The disease is fatal as there is no known cure	 cure	0.3635359065321991	1
This danger is real and there is no known cure	This danger is real and there is no known cure	 cure	0.7687991826602869	1
We heard that the remote island has no known cure	We heard that the remote island has no known cure	 cure	6.753030945174976	1
Camels can travel across the hot sands of the desert	Camels can travel across the hot sands of the desert	 desert	1.954488282420972	1
Somehow, farmers were able to grow crops in the desert	Somehow, farmers were able to grow crops in the desert	 desert	3.6189140513630735	1
The young students learned some interesting facts about the desert	The young students learned some interesting facts about the desert	 desert	8.525331329655316	1
Late at the office, Victor can always be found sitting at his desk	Late at the office, Victor can always be found sitting at his desk	 desk	0.6096205483413407	1
My friend always kept a large bag of chocolate bars in his desk	My friend always kept a large bag of chocolate bars in his desk	 desk	2.4184968068992605	1
When I came home yesterday, I saw that Victor was fixing his desk	When I came home yesterday, I saw that Victor was fixing his desk	 desk	4.8229206986232365	1
To prevent a mess, the caregiver checked the baby's diaper	To prevent a mess, the caregiver checked the baby's diaper	 diaper	3.5598405509786852	2
Before leaving the driveway, my wife checked the baby's diaper	Before leaving the driveway, my wife checked the baby's diaper	 diaper	2.6930815586442765	2
Before leaving the maternity ward, someone checked the baby's diaper	Before leaving the maternity ward, someone checked the baby's diaper	 diaper	4.3707900843557885	2
To take her turn at Monopoly, Helen rolled both of the dice	To take her turn at Monopoly, Helen rolled both of the dice	 dice	0.8091639618862916	1
They weren't able to play Monopoly, because they had lost the dice	They weren't able to play Monopoly, because they had lost the dice	 dice	6.229067488337706	1
While cleaning out the cluttered closet, Helen found both of the dice	While cleaning out the cluttered closet, Helen found both of the dice	 dice	9.759832361882252	1
My medical records are accessible to the nurse and the doctor	My medical records are accessible to the nurse and the doctor	 doctor	4.205531394994102	1
The young woman was inspired by the scientist and the doctor	The young woman was inspired by the scientist and the doctor	 doctor	4.4309368803442215	1
She had to be interviewed by the lawyer and the doctor	She had to be interviewed by the lawyer and the doctor	 doctor	4.604079142422253	1
The bird typically used to symbolize peace is a white dove	The bird typically used to symbolize peace is a white dove	 dove	2.462072908317264	1
Perched up on the powerline he saw a small, white dove	Perched up on the powerline he saw a small, white dove	 dove	7.578961884862366	1
In the corner of his eye he saw a white dove	In the corner of his eye he saw a white dove	 dove	6.58301398454879	1
Maria thought she looked great in her little black dress	Maria thought she looked great in her little black dress	 dress	0.7395814576534894	1
In her bedroom, she was looking for her black dress	In her bedroom, she was looking for her black dress	 dress	3.3307604471234336	1
When she moved away, my girlfriend sold the black dress	When she moved away, my girlfriend sold the black dress	 dress	3.668453328609639	1
He was very thirsty and needed something to drink	He was very thirsty and needed something to drink	 drink	0.4220370277057396	1
At the restaurant, he didn't want anything to drink	At the restaurant, he didn't want anything to drink	 drink	4.4784924908824335	1
When school ended, my friends just wanted to drink	When school ended, my friends just wanted to drink	 drink	6.509914587018953	1
The lake had dried up after last year's drought	The lake had dried up after last year's drought	 drought	1.908872804674564	1
They mortgaged all their land after last year's drought	They mortgaged all their land after last year's drought	 drought	3.151817343849291	1
They started filming a documentary about last year's drought	They started filming a documentary about last year's drought	 drought	7.136557055848387	1
My wife hangs the wet clothes outside to dry	My wife hangs the wet clothes outside to dry	 dry	0.0423189101226783	1
The farmer was waiting for the field to dry	The farmer was waiting for the field to dry	 dry	2.3056760331162547	1
The driver was waiting for the car to dry	The driver was waiting for the car to dry	 dry	10.987041798422997	1
Her fridge was empty, and she had nothing to eat	Her fridge was empty, and she had nothing to eat	 eat	1.060786534903423	1
The premiere was starting, and she had nothing to eat	The premiere was starting, and she had nothing to eat	 eat	4.160211724985096	1
My cousin was bored, and she had nothing to eat	My cousin was bored, and she had nothing to eat	 eat	5.1954914104233865	1
The hen was going to lay some more eggs	The hen was going to lay some more eggs	 eggs	0.4101556841141307	1
The man really wanted to fry some more eggs	The man really wanted to fry some more eggs	 eggs	4.258798066810212	1
The girl was planning to buy some more eggs	The girl was planning to buy some more eggs	 eggs	7.064863635243358	1
The senator campaigned in order to win the election	The senator campaigned in order to win the election	 election	3.766438143750125	1
The senator's wife was very angry about the election	The senator's wife was very angry about the election	 election	6.889172273634987	1
My roommate needed to learn more about the election	My roommate needed to learn more about the election	 election	8.811775471119722	1
In Santa's workshop, the toys are made by the elves	In Santa's workshop, the toys are made by the elves	 elves	7.448244389157912	2
His children thought the games were made by the elves	His children thought the games were made by the elves	 elves	9.2623157642656	2
Timmy wanted to hear another bedtime story about the elves	Timmy wanted to hear another bedtime story about the elves	 elves	8.515253118772899	2
Melissa was crying, and we saw tears in her eyes	Melissa was crying, and we saw tears in her eyes	 eyes	0.12455881416988555	1
During the checkup, the doctor looked carefully into her eyes	During the checkup, the doctor looked carefully into her eyes	 eyes	0.9745776508125452	1
Her new wallpaper was the same color as her eyes	Her new wallpaper was the same color as her eyes	 eyes	7.828392480182384	1
Old McDonald had plenty of animals on his farm	Old McDonald had plenty of animals on his farm	 farm	1.2956559446298617	1
My uncle planted lots of trees on his farm	My uncle planted lots of trees on his farm	 farm	3.203596231212417	1
My uncle is installing solar panels on his farm	My uncle is installing solar panels on his farm	 farm	3.424348348118422	1
Because he loved to work the land, Jim became a farmer	Because he loved to work the land, Jim became a farmer	 farmer	2.6731246153798245	1
After returning home from the big city, Jim became a farmer	After returning home from the big city, Jim became a farmer	 farmer	6.531268062348191	1
After he returned home from his travels, Jim became a farmer	After he returned home from his travels, Jim became a farmer	 farmer	6.734546903896109	1
Before mopping, he had to sweep the floor	Before mopping, he had to sweep the floor	 floor	1.111652167098698	1
All the books were stacked on the floor	All the books were stacked on the floor	 floor	1.7012117506602245	1
After the party the butler cleaned the floor	After the party the butler cleaned the floor	 floor	3.7038982128721183	1
To keep the dough from sticking, she dusted her hands with flour	To keep the dough from sticking, she dusted her hands with flour	 flour	0.5302011657446521	1
The chef dumped out the measuring cup that was filled with flour	The chef dumped out the measuring cup that was filled with flour	 flour	5.549824178810558	1
At the end of the day, her clothes were covered with flour	At the end of the day, her clothes were covered with flour	 flour	6.669494045955191	1
Pam received a rose, but preferred any other species of flower	Pam received a rose, but preferred any other species of flower	 flower	2.6180069856207333	1
As an anniversary gift, she received a rare kind of flower	As an anniversary gift, she received a rare kind of flower	 flower	5.9842922889899635	1
Charlotte finished reading a book about a rare kind of flower	Charlotte finished reading a book about a rare kind of flower	 flower	5.698258078450416	1
After the goose injured its wing, it could no longer fly	After the goose injured its wing, it could no longer fly	 fly	0.977555139103252	1
When it's locked in a cage, it can no longer fly	When it's locked in a cage, it can no longer fly	 fly	4.258141026024395	1
When he dropped the new toy, it could no longer fly	When he dropped the new toy, it could no longer fly	 fly	4.653300895008656	1
The editor, who hates Times New Roman, decided to switch the font	The editor, who hates Times New Roman, decided to switch the font	 font	0.9373406443692625	1
Brenda is the editor, and she recently decided to switch the font	Brenda is the editor, and she recently decided to switch the font	 font	6.210817516653398	1
Brenda had a change of heart and decided to switch the font	Brenda had a change of heart and decided to switch the font	 font	8.878274283597658	1
To display the beautiful photo, she ordered an elegant frame	To display the beautiful photo, she ordered an elegant frame	 frame	4.9218553866243795	1
The burglar stole the painting but left the elegant frame	The burglar stole the painting but left the elegant frame	 frame	3.3829238045380325	1
While she was shopping yesterday, she bought an elegant frame	While she was shopping yesterday, she bought an elegant frame	 frame	8.032412318221049	1
Apples are definitely his favorite type of fruit	Apples are definitely his favorite type of fruit	 fruit	0.3669072647778864	1
The farmers were selling a lot of fruit	The farmers were selling a lot of fruit	 fruit	4.756287591354416	1
Jason brought his parents a lot of fruit	Jason brought his parents a lot of fruit	 fruit	5.3328115296009555	1
Gasoline usually costs about three dollars for a gallon	Gasoline usually costs about three dollars for a gallon	 gallon	0.4952921168383229	1
The thirsty police officer could probably drink a gallon	The thirsty police officer could probably drink a gallon	 gallon	2.225093991030432	1
The store always charged too much for a gallon	The store always charged too much for a gallon	 gallon	6.293495424348962	1
Her vision was terrible, and she has to wear glasses	Her vision was terrible, and she has to wear glasses	 glasses	1.1271636776952685	1
She looks very different when she has to wear glasses	She looks very different when she has to wear glasses	 glasses	4.424661672271057	1
Her mother was adamant that she has to wear glasses	Her mother was adamant that she has to wear glasses	 glasses	6.189463277951045	1
The doctor wore the sterile rubber gloves	The doctor wore the sterile rubber gloves	 gloves	0.5998264712093393	1
The trainee used the thick rubber gloves	The trainee used the thick rubber gloves	 gloves	1.885169040937854	1
The child carried the black rubber gloves	The child carried the black rubber gloves	 gloves	4.478969226612615	1
The soccer team celebrated after their player scored a goal	The soccer team celebrated after their player scored a goal	 goal	0.8561532153804958	1
Their team never won, because they never got a goal	Their team never won, because they never got a goal	 goal	4.570550350782431	1
He knew that it was important to have a goal	He knew that it was important to have a goal	 goal	6.155146501246724	1
The collector's most valuable coins were made of silver and gold	The collector's most valuable coins were made of silver and gold	 gold	1.6610411013317998	1
The miners were able to extract lots of iron and gold	The miners were able to extract lots of iron and gold	 gold	2.7453054896933637	1
Brazil is known to import lots of lumber, livestock, and gold	Brazil is known to import lots of lumber, livestock, and gold	 gold	7.114214662939111	1
Before eating dinner, the family held hands to say grace	Before eating dinner, the family held hands to say grace	 grace	3.215256076406703	1
The family wondered whether the visitors wanted to say grace	The family wondered whether the visitors wanted to say grace	 grace	6.823903468743997	1
Timmy listened to hear if the men would say grace	Timmy listened to hear if the men would say grace	 grace	8.522156645741113	1
On the mashed potatoes she poured a delicious gravy	On the mashed potatoes she poured a delicious gravy	 gravy	4.000766199006081	2
She thickened the stock to make a delicious gravy	She thickened the stock to make a delicious gravy	 gravy	6.358373110724015	2
The restaurant was famous for making a delicious gravy	The restaurant was famous for making a delicious gravy	 gravy	7.123832479562173	2
The passwords were stolen by a brilliant hacker	The passwords were stolen by a brilliant hacker	 hacker	1.269593910017423	1
The security experts were arresting a brilliant hacker	The security experts were arresting a brilliant hacker	 hacker	5.4259404298071905	1
The software was designed by a brilliant hacker	The software was designed by a brilliant hacker	 hacker	5.391355779150293	1
The barber gave Brian a nice looking haircut	The barber gave Brian a nice looking haircut	 haircut	2.8114026493914945	3
That weekend, Brian got a nice looking haircut	That weekend, Brian got a nice looking haircut	 haircut	7.187885405811068	3
We noticed Brian had a nice looking haircut	We noticed Brian had a nice looking haircut	 haircut	9.249198757587811	3
The angry visitor said hello, but he refused to shake my hand	The angry visitor said hello, but he refused to shake my hand	 hand	0.0444668285402357	1
I couldn't finish writing, because there was something wrong with my hand	I couldn't finish writing, because there was something wrong with my hand	 hand	5.365641078706257	1
I was very uncomfortable because I had a cramp in my hand	I was very uncomfortable because I had a cramp in my hand	 hand	3.781363082481769	1
The child couldn't carry the luggage because it was too heavy	The child couldn't carry the luggage because it was too heavy	 heavy	0.3899920341981328	1
Ben didn't like his vacuum cleaner because it was too heavy	Ben didn't like his vacuum cleaner because it was too heavy	 heavy	3.3049021154904388	1
The hikers didn't buy the tent because it was too heavy	The hikers didn't buy the tent because it was too heavy	 heavy	3.8061567817639865	1
They didn't have a puck or skates, so they couldn't play hockey	They didn't have a puck or skates, so they couldn't play hockey	 hockey	2.1164335238989564	1
My brother got his teeth knocked out while trying to play hockey	My brother got his teeth knocked out while trying to play hockey	 hockey	3.4447859566976198	1
Because football season is over, Bill is now training to play hockey	Because football season is over, Bill is now training to play hockey	 hockey	4.232996679515514	1
The fisherman attached the worm to the hook	The fisherman attached the worm to the hook	 hook	3.0239622595649327	1
We definitely saw the fish swallow the hook	We definitely saw the fish swallow the hook	 hook	5.31112386924967	1
James didn't have enough money for the hook	James didn't have enough money for the hook	 hook	9.664580805374186	1
To water the huge garden, they needed a long hose	To water the huge garden, they needed a long hose	 hose	2.6094359191429044	1
Outside in the back yard, they needed a long hose	Outside in the back yard, they needed a long hose	 hose	5.126631942553212	1
Over at the loading dock, they needed a long hose	Over at the loading dock, they needed a long hose	 hose	5.969431814346949	1
For their anniversary in Seattle, they booked a room at a nice hotel	For their anniversary in Seattle, they booked a room at a nice hotel	 hotel	0.3353775530108867	1
For the wedding reception, they were supposed to meet at a nice hotel	For the wedding reception, they were supposed to meet at a nice hotel	 hotel	2.189040969670683	1
The investment banker was supposed to meet his client at a nice hotel	The investment banker was supposed to meet his client at a nice hotel	 hotel	1.7442535271399882	1
After hours of brainstorming, they had run out of ideas	After hours of brainstorming, they had run out of ideas	 ideas	0.5534386448295077	1
The consultant said that he had run out of ideas	The consultant said that he had run out of ideas	 ideas	4.529493012096234	1
The chef said that he had run out of ideas	The chef said that he had run out of ideas	 ideas	4.351976168820877	1
Using ice and snow, the traditional Eskimo family built a small igloo	Using ice and snow, the traditional Eskimo family built a small igloo	 igloo	4.460380589172213	2
To get warm, the two arctic explorers climbed inside a small igloo	To get warm, the two arctic explorers climbed inside a small igloo	 igloo	6.277211083672254	2
The shivering family was huddled in the shelter of a small igloo	The shivering family was huddled in the shelter of a small igloo	 igloo	8.799116069312168	2
His green pen had just run out of ink	His green pen had just run out of ink	 ink	0.3651428636238184	1
The famous writer had just run out of ink	The famous writer had just run out of ink	 ink	4.68721682587926	1
The supply cabinet had just run out of ink	The supply cabinet had just run out of ink	 ink	4.607268470249903	1
The diabetic lady needed to inject some insulin	The diabetic lady needed to inject some insulin	 insulin	2.404220259637961	1
She brought the needle to inject some insulin	She brought the needle to inject some insulin	 insulin	6.650034063505013	1
The homeless woman tried to inject some insulin	The homeless woman tried to inject some insulin	 insulin	6.5732029452503875	1
I smoothed out the wrinkled pants with the new iron	I smoothed out the wrinkled pants with the new iron	 iron	6.3853688118268925	1
I accidentally burned my hand while using the new iron	I accidentally burned my hand while using the new iron	 iron	7.556596239613004	1
I saw some steam coming out of the new iron	I saw some steam coming out of the new iron	 iron	7.59173955254025	1
The sailors saw a single palm tree in the center of the island	The sailors saw a single palm tree in the center of the island	 island	3.643634633209781	1
The rescue workers recently found an old hermit living alone on the island	The rescue workers recently found an old hermit living alone on the island	 island	3.178401815470478	1
The rescue workers just learned that the captain had died on the island	The rescue workers just learned that the captain had died on the island	 island	4.348363707081217	1
She smothered the sandwich with peanut butter and lots of jelly	She smothered the sandwich with peanut butter and lots of jelly	 jelly	2.6721073619446902	1
Every Spring, the farmers would make jam and lots of jelly	Every Spring, the farmers would make jam and lots of jelly	 jelly	7.3326572475164555	1
At Costco, she bought some crisp apples and lots of jelly	At Costco, she bought some crisp apples and lots of jelly	 jelly	4.704373919373389	1
He usually eats a whole orange rather than just drinking the juice	He usually eats a whole orange rather than just drinking the juice	 juice	0.39337221175242026	1
My husband was flipping the pancakes and I was pouring the juice	My husband was flipping the pancakes and I was pouring the juice	 juice	3.972628755596405	1
The elderly man started to choke and sputter while drinking the juice	The elderly man started to choke and sputter while drinking the juice	 juice	4.6948868641762616	1
She's locked out because she forgot to take her keys	She's locked out because she forgot to take her keys	 keys	4.341676584210204	1
As she rushed out, she forgot to take her keys	As she rushed out, she forgot to take her keys	 keys	5.217589958623428	1
While running her errands, she forgot to take her keys	While running her errands, she forgot to take her keys	 keys	4.443908506847388	1
The curse could only be broken by her true love's first kiss	The curse could only be broken by her true love's first kiss	 kiss	1.9475315672408395	1
Emma bragged to her friends that she had gotten her first kiss	Emma bragged to her friends that she had gotten her first kiss	 kiss	4.024722956446246	1
She didn't want to make a judgement based on the first kiss	She didn't want to make a judgement based on the first kiss	 kiss	7.47074962684464	1
They were cutting the cake using a silver knife	They were cutting the cake using a silver knife	 knife	1.680860371965046	1
We decided to buy the cook a silver knife	We decided to buy the cook a silver knife	 knife	5.721373354442374	1
When my grandfather died, I inherited a silver knife	When my grandfather died, I inherited a silver knife	 knife	6.286826235153584	1
The wide highway downtown has more than six lanes	The wide highway downtown has more than six lanes	 lanes	0.6714168259584947	1
The group of bikers crossed more than six lanes	The group of bikers crossed more than six lanes	 lanes	3.0696224731250568	1
The marathon runners will cross more than six lanes	The marathon runners will cross more than six lanes	 lanes	6.252124062978604	1
The birthday card was funny and made me laugh	The birthday card was funny and made me laugh	 laugh	0.8352806270207113	1
The coach of our team always made me laugh	The coach of our team always made me laugh	 laugh	2.456879468204823	1
My supervisor and coworkers have never seen me laugh	My supervisor and coworkers have never seen me laugh	 laugh	5.82831425721579	1
The owner paid the children to mow the lawn	The owner paid the children to mow the lawn	 lawn	0.521552421564732	1
We saw our neighbor was working on the lawn	We saw our neighbor was working on the lawn	 lawn	6.145007414538112	1
We saw the man walking barefoot across the lawn	We saw the man walking barefoot across the lawn	 lawn	3.8582200657824455	1
When the company sued him, he decided to hire a lawyer	When the company sued him, he decided to hire a lawyer	 lawyer	0.8713871245261771	1
When he crashed his car, he decided to hire a lawyer	When he crashed his car, he decided to hire a lawyer	 lawyer	2.5706776954396067	1
When he crashed his car, he decided to call a lawyer	When he crashed his car, he decided to call a lawyer	 lawyer	2.779948908796975	1
The motorcycle jacket was made out of black leather	The motorcycle jacket was made out of black leather	 leather	2.2366888342452427	1
Her new skirt was made out of black leather	Her new skirt was made out of black leather	 leather	3.2758327614455487	1
For her project, she bought lots of black leather	For her project, she bought lots of black leather	 leather	4.416299860479526	1
Bill raked up all the leaves	Bill raked up all the leaves	 leaves	9.408889836947159	1
The breeze lifted all the leaves	The breeze lifted all the leaves	 leaves	2.7632895391975247	1
Watson gathered up all the leaves	Watson gathered up all the leaves	 leaves	7.558227696767878	1
Because Peter never told the truth, everyone knew he was a liar	Because Peter never told the truth, everyone knew he was a liar	 liar	1.4411787317363285	1
When Peter's dark secret was discovered, everyone knew he was a liar	When Peter's dark secret was discovered, everyone knew he was a liar	 liar	5.024784663718898	1
When Peter got out of prison, everyone knew he was a liar	When Peter got out of prison, everyone knew he was a liar	 liar	6.3361575960464	1
Because it was overdue, Billy returned the book to the library	Because it was overdue, Billy returned the book to the library	 library	1.6953652832919952	1
To get some peace and quiet he went to the library	To get some peace and quiet he went to the library	 library	4.52255147252141	1
After finishing up at the store, they went to the library	After finishing up at the store, they went to the library	 library	4.755900263592525	1
It was dark in the bedroom, so she turned on the light	It was dark in the bedroom, so she turned on the light	 light	0.8196018904079755	1
She couldn't read the book because her brother was blocking the light	She couldn't read the book because her brother was blocking the light	 light	2.4969311960860012	1
You can damage your vision if you keep staring at the light	You can damage your vision if you keep staring at the light	 light	5.082233017213323	1
Before meeting Brad, she put on black eyeliner and some red lipstick	Before meeting Brad, she put on black eyeliner and some red lipstick	 lipstick	0.2499876957154029	2
At the premier, she wore a black dress and some red lipstick	At the premier, she wore a black dress and some red lipstick	 lipstick	1.2318659942550592	2
At the store, she bought some black pens and some red lipstick	At the store, she bought some black pens and some red lipstick	 lipstick	4.4069579425102265	2
I had to go inside because the jackhammer was very loud	I had to go inside because the jackhammer was very loud	 loud	0.2851431011886981	1
The kid who was playing on the playground was very loud	The kid who was playing on the playground was very loud	 loud	3.823981140861689	1
She saw her coworker at the bar, who was very loud	She saw her coworker at the bar, who was very loud	 loud	5.6804819823059445	1
He didn't eat breakfast, and he forgot to pack his lunch	He didn't eat breakfast, and he forgot to pack his lunch	 lunch	0.9395685549244829	1
For the student's daytrip, he had forgotten to bring his lunch	For the student's daytrip, he had forgotten to bring his lunch	 lunch	3.6296363211864535	1
He was late because he had to pick up his lunch	He was late because he had to pick up his lunch	 lunch	6.180805794313171	1
The gentleman lit the candle using a single match	The gentleman lit the candle using a single match	 match	2.240025631144805	1
The forest fire was started by a single match	The forest fire was started by a single match	 match	7.744510787687062	1
None of the man's coworkers had a single match	None of the man's coworkers had a single match	 match	8.093128626814678	1
Ben was great at remembering numbers because he had a good memory	Ben was great at remembering numbers because he had a good memory	 memory	0.7975471820539437	1
Ben always did well in Biology because he had a good memory	Ben always did well in Biology because he had a good memory	 memory	2.7553319784376105	1
Ben was always an excellent employee because he had a good memory	Ben was always an excellent employee because he had a good memory	 memory	6.195289723756442	1
The dairy cow produced a lot of milk	The dairy cow produced a lot of milk	 milk	0.25959908084912586	1
The large jug held a lot of milk	The large jug held a lot of milk	 milk	5.779312041367563	1
The local farmers produced a lot of milk	The local farmers produced a lot of milk	 milk	4.899640959798264	1
The hikers climbed to the summit of the mountain	The hikers climbed to the summit of the mountain	 mountain	3.2537601839801606	1
The couple camped near the side of the mountain	The couple camped near the side of the mountain	 mountain	3.0578860974066693	1
The scholars learned about the history of the mountain	The scholars learned about the history of the mountain	 mountain	8.657122044433592	1
After the body was discovered, our neighbor was arrested for murder	After the body was discovered, our neighbor was arrested for murder	 murder	3.9062860604051166	1
Our son was innocent and shouldn't have been arrested for murder	Our son was innocent and shouldn't have been arrested for murder	 murder	5.60357921208382	1
When the building burned down, the man was arrested for murder	When the building burned down, the man was arrested for murder	 murder	4.689403607332834	1
Before the weight lifting tournament, he needed to build some muscle	Before the weight lifting tournament, he needed to build some muscle	 muscle	1.8364661041941848	1
The head of the cheerleading squad needed to build some muscle	The head of the cheerleading squad needed to build some muscle	 muscle	3.594759382254699	1
After arriving at the campus, he wanted to build some muscle	After arriving at the campus, he wanted to build some muscle	 muscle	8.140516926047694	1
The burgers were messy, so he made sure to grab a napkin	The burgers were messy, so he made sure to grab a napkin	 napkin	5.391175570521551	2
At the diner, the waitress had forgotten to bring him a napkin	At the diner, the waitress had forgotten to bring him a napkin	 napkin	5.395420631495882	2
When he was walking past the kitchen he accidentally dropped a napkin	When he was walking past the kitchen he accidentally dropped a napkin	 napkin	7.3484137039923025	2
They had to walk single file because the path was too narrow	They had to walk single file because the path was too narrow	 narrow	1.0790612242595126	1
They decided to use the elevator because the stairwell was too narrow	They decided to use the elevator because the stairwell was too narrow	 narrow	1.9214332039170534	1
They decided not to go rafting because the river was too narrow	They decided not to go rafting because the river was too narrow	 narrow	2.9880590270226843	1
Of all the animals, the giraffe is known for its long neck	Of all the animals, the giraffe is known for its long neck	 neck	2.6131811710469086	1
Of all the animals, the flamingo is known for its long neck	Of all the animals, the flamingo is known for its long neck	 neck	5.265036056326887	1
Of all the animals, the peacock is known for its long neck	Of all the animals, the peacock is known for its long neck	 neck	3.7239816090357634	1
She couldn't get the thread through the eye of the needle	She couldn't get the thread through the eye of the needle	 needle	3.636517720639084	1
The woman accidentally poked herself with the tip of the needle	The woman accidentally poked herself with the tip of the needle	 needle	4.713040540891002	1
During arts and crafts she broke the tip of the needle	During arts and crafts she broke the tip of the needle	 needle	5.497778997476076	1
Before laying its eggs, the robin had to build a nest	Before laying its eggs, the robin had to build a nest	 nest	0.7147996165177148	1
Up in the poplar tree, the stray cat found a nest	Up in the poplar tree, the stray cat found a nest	 nest	3.022061855555168	1
While cleaning up outside, Jerry had to throw away a nest	While cleaning up outside, Jerry had to throw away a nest	 nest	8.758593443835027	1
The volleyball shot barely made it over the net	The volleyball shot barely made it over the net	 net	1.9541218604354404	1
The referee saw the ball roll under the net	The referee saw the ball roll under the net	 net	3.7522704057026335	1
Samantha and Karen suspected it was under the net	Samantha and Karen suspected it was under the net	 net	8.101818170728254	1
Because they are nocturnal creatures, all bats hunt at night	Because they are nocturnal creatures, all bats hunt at night	 night	0.3291508784793816	1
To keep their relationship secret, they usually meet at night	To keep their relationship secret, they usually meet at night	 night	2.8284739334897133	1
The student was going to get her degree at night	The student was going to get her degree at night	 night	5.123289019194122	1
Jack forgot about the cookies baking in the oven	Jack forgot about the cookies baking in the oven	 oven	0.2696191047409309	1
Jack remembered that he left something in the oven	Jack remembered that he left something in the oven	 oven	6.258156058975423	1
Jack remembered that he needed to clean the oven	Jack remembered that he needed to clean the oven	 oven	5.8698588660038675	1
The heroin addict died of an overdose	The heroin addict died of an overdose	 overdose	0.6296854760991549	1
They used naloxone to treat an overdose	They used naloxone to treat an overdose	 overdose	1.5041797837732136	1
The celebrity showed signs of an overdose	The celebrity showed signs of an overdose	 overdose	5.87164311968253	1
The artist dipped her brush into a fresh can of paint	The artist dipped her brush into a fresh can of paint	 paint	1.6757008306615382	1
At Home Depot they didn't sell the right kind of paint	At Home Depot they didn't sell the right kind of paint	 paint	6.337946078025537	1
Erica had always wanted to try a new type of paint	Erica had always wanted to try a new type of paint	 paint	5.327740695017905	1
The student opened his notebook and pulled out a piece of paper	The student opened his notebook and pulled out a piece of paper	 paper	0.17145510579016066	1
In all his chemistry classes, the student used a lot of paper	In all his chemistry classes, the student used a lot of paper	 paper	6.1666013520363325	1
The two researchers working in the clinical program needed lots of paper	The two researchers working in the clinical program needed lots of paper	 paper	6.206411900122667	1
For my mother's birthday, we threw a huge party	For my mother's birthday, we threw a huge party	 party	0.4209760015399534	1
On the last day, there was a huge party	On the last day, there was a huge party	 party	4.22420207930917	1
Right beside the lake, there was a huge party	Right beside the lake, there was a huge party	 party	5.672450844927867	1
The website login asks for my username and password	The website login asks for my username and password	 password	0.08281568712935976	1
Tim had forgotten his mother's email address and password	Tim had forgotten his mother's email address and password	 password	3.8605020439169735	1
Tim's classmate tried to steal his phone and password	Tim's classmate tried to steal his phone and password	 password	8.662076534554673	1
In the story, the wolf chased the three little pigs	In the story, the wolf chased the three little pigs	 pigs	5.1883778970337335	1
The farmer was raising cows and lots of little pigs	The farmer was raising cows and lots of little pigs	 pigs	3.390148632832769	1
Bill checked outside, but he didn't see the little pigs	Bill checked outside, but he didn't see the little pigs	 pigs	10.9786451015211	1
The tooth fairy was supposed to leave money under her pillow	The tooth fairy was supposed to leave money under her pillow	 pillow	1.0207047193694796	1
My cousin usually kept her phone plugged in under her pillow	My cousin usually kept her phone plugged in under her pillow	 pillow	1.7721176625893806	1
When her wallet was missing, she found it under her pillow	When her wallet was missing, she found it under her pillow	 pillow	2.487848905626521	1
On the plane, Timmy went up to the cockpit to meet the pilot	On the plane, Timmy went up to the cockpit to meet the pilot	 pilot	1.5947866681391072	1
When they arrived at their destination, the passengers got to meet the pilot	When they arrived at their destination, the passengers got to meet the pilot	 pilot	5.502395996111002	1
When we were told we had to evacuate, we listened to the pilot	When we were told we had to evacuate, we listened to the pilot	 pilot	6.8291916263897665	1
The airport was crowded, and the passengers couldn't board the plane	The airport was crowded, and the passengers couldn't board the plane	 plane	0.990807966294554	1
After a three hour wait, the passengers could see the plane	After a three hour wait, the passengers could see the plane	 plane	4.879002879765339	1
After a three hour wait, the men could see the plane	After a three hour wait, the men could see the plane	 plane	6.327656726340189	1
The king died because the assassin filled his cup with poison	The king died because the assassin filled his cup with poison	 poison	2.039105940064009	1
They were finally able to solve the mouse problem with poison	They were finally able to solve the mouse problem with poison	 poison	12.082141520190136	1
The small dagger that the soldier carried was covered with poison	The small dagger that the soldier carried was covered with poison	 poison	7.672441507181086	1
The gym won't let me swim in their heated pool	The gym won't let me swim in their heated pool	 pool	0.38178844020440056	1
They needed to add more water to the heated pool	They needed to add more water to the heated pool	 pool	2.3538444981429927	1
The men said that I shouldn't approach the heated pool	The men said that I shouldn't approach the heated pool	 pool	6.47365229675021	1
She added chives and sour cream to the baked potato	She added chives and sour cream to the baked potato	 potato	2.5743888446313794	1
He opened up the oven to remove the baked potato	He opened up the oven to remove the baked potato	 potato	3.6399776193377233	1
The waiter recommended the seafood linguini or the baked potato	The waiter recommended the seafood linguini or the baked potato	 potato	2.110934176055581	1
The parents of the awarded athlete felt very proud	The parents of the awarded athlete felt very proud	 proud	3.5385830868346613	1
The owner of the Italian restaurant felt very proud	The owner of the Italian restaurant felt very proud	 proud	5.338400045681677	1
After his final chemo treatment, he felt very proud	After his final chemo treatment, he felt very proud	 proud	6.055052706553866	1
The water from her umbrella collected in a big puddle	The water from her umbrella collected in a big puddle	 puddle	3.093378540289072	2
The steam from her shower collected in a big puddle	The steam from her shower collected in a big puddle	 puddle	3.8048564726936087	2
The drinks that they didn't finish made a big puddle	The drinks that they didn't finish made a big puddle	 puddle	8.650279161600945	2
When the paramedic arrived, he checked the victim's wrist for a pulse	When the paramedic arrived, he checked the victim's wrist for a pulse	 pulse	0.15754178759671725	1
When the expert arrived, he immediately checked the woman for a pulse	When the expert arrived, he immediately checked the woman for a pulse	 pulse	0.4754700973637333	1
When the detective arrived at the scene, he looked for a pulse	When the detective arrived at the scene, he looked for a pulse	 pulse	4.70680383481778	1
For Halloween, they were carving a large pumpkin	For Halloween, they were carving a large pumpkin	 pumpkin	1.3499019088417468	1
For the pie, they bought a large pumpkin	For the pie, they bought a large pumpkin	 pumpkin	6.068142117197017	1
Before the party, they bought a large pumpkin	Before the party, they bought a large pumpkin	 pumpkin	7.999380132220121	1
He liked to study in the library because it was very quiet	He liked to study in the library because it was very quiet	 quiet	1.9847918426960092	1
The group of people sitting in the concert hall was very quiet	The group of people sitting in the concert hall was very quiet	 quiet	3.401045934518484	1
The neighborhood at the top of the tall hill was very quiet	The neighborhood at the top of the tall hill was very quiet	 quiet	1.827864759682892	1
The tennis player firmly gripped the handle of his racket	The tennis player firmly gripped the handle of his racket	 racket	1.8836862383996968	1
While waiting for his partner, the player grabbed his racket	While waiting for his partner, the player grabbed his racket	 racket	8.288338138683107	1
The crowd watched as the man picked up his racket	The crowd watched as the man picked up his racket	 racket	7.8096942155997775	1
Driving in the countryside, I could only hear static on the radio	Driving in the countryside, I could only hear static on the radio	 radio	0.6192648560208128	1
The woman learned some news about the approaching hurricane on the radio	The woman learned some news about the approaching hurricane on the radio	 radio	3.0008437044773215	1
Luckily, the old woman found lots of interesting programs on the radio	Luckily, the old woman found lots of interesting programs on the radio	 radio	5.442280371446352	1
She brought an umbrella to protect her from the rain	She brought an umbrella to protect her from the rain	 rain	1.3724310214955613	1
She brought a jacket to protect her from the rain	She brought a jacket to protect her from the rain	 rain	2.656582471169296	1
She arrived late because she got stuck in the rain	She arrived late because she got stuck in the rain	 rain	3.4576032566488935	1
He gathered the leaves into a pile using a rake	He gathered the leaves into a pile using a rake	 rake	4.6182590598920505	2
The homeowner was cleaning up the driveway using a rake	The homeowner was cleaning up the driveway using a rake	 rake	5.037655831412407	2
He tried to scare off the animal using a rake	He tried to scare off the animal using a rake	 rake	8.530041630677928	2
During her painful headache, she took a Tylenol to get some relief	During her painful headache, she took a Tylenol to get some relief	 relief	1.0088365983067733	1
The old woman with the painful sunburn tried to get some relief	The old woman with the painful sunburn tried to get some relief	 relief	4.733099819396044	1
She decided they should take an extended vacation to get some relief	She decided they should take an extended vacation to get some relief	 relief	5.885937275978787	1
To make sushi, she carefully boiled the grains of rice	To make sushi, she carefully boiled the grains of rice	 rice	0.5709763804459215	1
She used the pressure cooker to steam lots of rice	She used the pressure cooker to steam lots of rice	 rice	4.234585966163467	1
In the kitchen, she accidentally spilled a bunch of rice	In the kitchen, she accidentally spilled a bunch of rice	 rice	4.522696279233196	1
Before proposing to his girlfriend he would need a ring	Before proposing to his girlfriend he would need a ring	 ring	7.980421071377102	1
For my fiances upcoming birthday I bought her a ring	For my fiances upcoming birthday I bought her a ring	 ring	5.401537063467042	1
After receiving her paycheck she wanted to buy a ring	After receiving her paycheck she wanted to buy a ring	 ring	5.956876856041687	1
The climbers and guide were attached to each other by a rope	The climbers and guide were attached to each other by a rope	 rope	0.9984386390077364	1
The skilled cave explorer remembered to bring his flashlight and a rope	The skilled cave explorer remembered to bring his flashlight and a rope	 rope	5.485122734139815	1
When Jeff went to the sports equipment store, he bought a rope	When Jeff went to the sports equipment store, he bought a rope	 rope	9.185966019629085	1
The wind couldn't push the boat because it had a tear in the sail	The wind couldn't push the boat because it had a tear in the sail	 sail	3.7443535723181474	1
No one has told the sail	No one has told the sail	 sail	14.241641318751222	1
The team had to work for hours to fix the tear in the sail	The team had to work for hours to fix the tear in the sail	 sail	7.116076583437279	1
He bought the lettuce and croutons to make a salad	He bought the lettuce and croutons to make a salad	 salad	1.850226868245776	1
For her lunch tomorrow, she decided to make a salad	For her lunch tomorrow, she decided to make a salad	 salad	2.3348013590203127	1
On the last day, he decided to make a salad	On the last day, he decided to make a salad	 salad	7.187339491041208	1
The store reduced their prices during the annual sale	The store reduced their prices during the annual sale	 sale	3.872588522096285	1
He spent lots of money at the annual sale	He spent lots of money at the annual sale	 sale	6.972239720602063	1
John and his wife prepared for the annual sale	John and his wife prepared for the annual sale	 sale	7.361646944987699	1
To educate the children, they built a new school	To educate the children, they built a new school	 school	1.7947113623236084	1
My brother moved and transferred to a new school	My brother moved and transferred to a new school	 school	1.0415883227637683	1
After the horrible flood they built a new school	After the horrible flood they built a new school	 school	3.16456803681767	1
To read the prophecy, he unrolled the ancient scroll	To read the prophecy, he unrolled the ancient scroll	 scroll	0.7277458733236327	1
While visiting court, the priest read the ancient scroll	While visiting court, the priest read the ancient scroll	 scroll	4.6916727616057186	1
The pair of thieves recently stole the ancient scroll	The pair of thieves recently stole the ancient scroll	 scroll	3.9842687694477767	1
Susan forgot to put a period at the end of the sentence	Susan forgot to put a period at the end of the sentence	 sentence	1.6860685500742187	1
Susan had a lot of trouble understanding the end of the sentence	Susan had a lot of trouble understanding the end of the sentence	 sentence	2.1941192898253994	1
The substitute teacher was pretty impressed by the length of the sentence	The substitute teacher was pretty impressed by the length of the sentence	 sentence	4.069110248364414	1
When the earthquake began, the whole building started shaking	When the earthquake began, the whole building started shaking	 shaking	0.480529339081812	1
They fled in fear when the house started shaking	They fled in fear when the house started shaking	 shaking	2.2272494987780918	1
When the actor approached the audience, he started shaking	When the actor approached the audience, he started shaking	 shaking	6.668440820605838	1
The swimmer was attacked by a great white shark	The swimmer was attacked by a great white shark	 shark	0.02543029607926988	1
The marine biologist was studying a rare white shark	The marine biologist was studying a rare white shark	 shark	2.4127046342932252	1
Earlier, the dock worker saw a beautiful white shark	Earlier, the dock worker saw a beautiful white shark	 shark	4.261261610868156	1
It could cut easily because the blade was very sharp	It could cut easily because the blade was very sharp	 sharp	1.9983655923468453	1
She always worked quickly, and her tool was very sharp	She always worked quickly, and her tool was very sharp	 sharp	2.9575375365010625	1
His mom sternly warned him because it was very sharp	His mom sternly warned him because it was very sharp	 sharp	9.845303057734203	1
Sarah pulled the book off the shelf	Sarah pulled the book off the shelf	 shelf	0.8202290680156272	1
Sarah arranged the items on the shelf	Sarah arranged the items on the shelf	 shelf	5.380180487189191	1
Sarah noticed the mouse on the shelf	Sarah noticed the mouse on the shelf	 shelf	6.416998606720905	1
The warrior blocked the spear thrust with his large wooden shield	The warrior blocked the spear thrust with his large wooden shield	 shield	2.474878901146709	1
In the warrior's tomb, the team discovered a large wooden shield	In the warrior's tomb, the team discovered a large wooden shield	 shield	6.8176169006208625	1
The accomplished artist carved the design on the large wooden shield	The accomplished artist carved the design on the large wooden shield	 shield	8.418234020464304	1
He couldn't reach the high shelf because he was very short	He couldn't reach the high shelf because he was very short	 short	3.659241040441136	1
The big kids always teased Jason because he was very short	The big kids always teased Jason because he was very short	 short	4.159678156077494	1
The parents were worried about Jason because he was very short	The parents were worried about Jason because he was very short	 short	6.151997370389469	1
When exiting the highway, they had trouble reading the small sign	When exiting the highway, they had trouble reading the small sign	 sign	2.5195101343496917	1
On their country drive, they had trouble seeing the small sign	On their country drive, they had trouble seeing the small sign	 sign	4.803507834639921	1
At the Italian restaurant, they had trouble reading the small sign	At the Italian restaurant, they had trouble reading the small sign	 sign	2.2491415365219583	1
Long before he saw the ambulance's lights he heard the siren	Long before he saw the ambulance's lights he heard the siren	 siren	3.0010956815613223	2
When Dennis got closer to the intersection he heard the siren	When Dennis got closer to the intersection he heard the siren	 siren	4.690237180053156	2
The students were ducking for cover when they heard the siren	The students were ducking for cover when they heard the siren	 siren	4.45914334466438	2
She was the youngest out of all her brothers and sisters	She was the youngest out of all her brothers and sisters	 sisters	0.6563816725357516	1
She learned how to use makeup from her friends and sisters	She learned how to use makeup from her friends and sisters	 sisters	6.6093788799958135	1
She was always rude and obnoxious around her teachers and sisters	She was always rude and obnoxious around her teachers and sisters	 sisters	8.784226424874714	1
Not using sunscreen at the beach can damage your skin	Not using sunscreen at the beach can damage your skin	 skin	0.3840736535033243	1
The chemicals floating in the water can damage your skin	The chemicals floating in the water can damage your skin	 skin	2.3457964678346763	1
The factory produces noxious chemicals that can damage your skin	The factory produces noxious chemicals that can damage your skin	 skin	2.134708901166308	1
Eric comforted his tearful son and sang him to sleep	Eric comforted his tearful son and sang him to sleep	 sleep	0.013870711119867605	1
My nephew told us that he didn't want to sleep	My nephew told us that he didn't want to sleep	 sleep	6.5355138462107805	1
All of us knew that Eric wouldn't want to sleep	All of us knew that Eric wouldn't want to sleep	 sleep	5.98299313754641	1
They didn't rent the apartment because the kitchen was too small	They didn't rent the apartment because the kitchen was too small	 small	0.3496240879621257	1
They didn't buy the convertible because the engine was too small	They didn't buy the convertible because the engine was too small	 small	1.7634040449597403	1
She decided not to apply because the college was too small	She decided not to apply because the college was too small	 small	2.9943480347644287	1
A boa constrictor is a very dangerous type of snake	A boa constrictor is a very dangerous type of snake	 snake	0.7521121663039427	1
He had never been bitten by that type of snake	He had never been bitten by that type of snake	 snake	2.8156274680275826	1
My little sister had never seen that type of snake	My little sister had never seen that type of snake	 snake	7.713902292965015	1
Germs are spread when people cough or sneeze	Germs are spread when people cough or sneeze	 sneeze	0.2293919287795241	3
This powder might make you itch or sneeze	This powder might make you itch or sneeze	 sneeze	8.950477299024532	3
People always notice when I laugh or sneeze	People always notice when I laugh or sneeze	 sneeze	7.147367661502075	3
In the shower, he accidentally dropped the bar of soap	In the shower, he accidentally dropped the bar of soap	 soap	1.1390271709206767	1
The janitor decided to purchase a new brand of soap	The janitor decided to purchase a new brand of soap	 soap	4.2008327142469115	1
He forgot to stock up on that type of soap	He forgot to stock up on that type of soap	 soap	6.853644088717807	1
The kids had lots of cavities because they drank soda	The kids had lots of cavities because they drank soda	 soda	4.218062626201835	1
They were out of lemonade, so instead they drank soda	They were out of lemonade, so instead they drank soda	 soda	4.881419141801172	1
The hotel didn't have coffee, so instead they drank soda	The hotel didn't have coffee, so instead they drank soda	 soda	5.757055721726832	1
She puckered her lips because the lemon was too sour	She puckered her lips because the lemon was too sour	 sour	3.2149511740391143	1
She spat out the fruit because it was too sour	She spat out the fruit because it was too sour	 sour	5.103842219410125	1
She threw away her meal because it was too sour	She threw away her meal because it was too sour	 sour	7.0991955753228	1
Lines of longitude go from the north to the south	Lines of longitude go from the north to the south	 south	0.10620330023434753	1
The arrow on the compass was pointing to the south	The arrow on the compass was pointing to the south	 south	3.1636287956263613	1
On their long vacation, the family traveled to the south	On their long vacation, the family traveled to the south	 south	4.530347616848463	1
The politician stood at the podium and gave a long speech	The politician stood at the podium and gave a long speech	 speech	0.7177491990367721	1
Hamilton didn't have the patience to sit through the long speech	Hamilton didn't have the patience to sit through the long speech	 speech	3.807861034875484	1
Hamilton and his coworkers were chatting together after the long speech	Hamilton and his coworkers were chatting together after the long speech	 speech	9.189521618777302	1
Merlin needed his magic wand to cast the spell	Merlin needed his magic wand to cast the spell	 spell	0.7768902007441562	1
The students at Hogwarts had trouble understanding the spell	The students at Hogwarts had trouble understanding the spell	 spell	5.635815829707954	1
The princess could not be awakened by the spell	The princess could not be awakened by the spell	 spell	8.303946027712765	1
The web had been spun by the large spider	The web had been spun by the large spider	 spider	9.235493838669514	1
My older brother refused to touch the large spider	My older brother refused to touch the large spider	 spider	7.2599224397745	1
My husband was trying to catch the large spider	My husband was trying to catch the large spider	 spider	6.406977540808661	1
After the meal, she ate her sundae with a small metal spoon	After the meal, she ate her sundae with a small metal spoon	 spoon	1.1025408782043522	1
Mike was searching around in the kitchen for a small metal spoon	Mike was searching around in the kitchen for a small metal spoon	 spoon	5.0527805293867685	1
At the flea market in Sacramento he bought a small metal spoon	At the flea market in Sacramento he bought a small metal spoon	 spoon	6.5689778529468885	1
The creature was either an octopus or a giant squid	The creature was either an octopus or a giant squid	 squid	0.9480481037561672	2
The group of scientists was attacked by a giant squid	The group of scientists was attacked by a giant squid	 squid	5.535195259392986	2
The museum display had some pictures of a giant squid	The museum display had some pictures of a giant squid	 squid	5.670256838504829	2
The audience shouted "boo!" until the actor walked off the stage	The audience shouted "boo!" until the actor walked off the stage	 stage	0.32590206316928183	1
The technician had to adjust all the lights above the stage	The technician had to adjust all the lights above the stage	 stage	4.454772508083061	1
When we walked inside, we all saw Johnathan on the stage	When we walked inside, we all saw Johnathan on the stage	 stage	4.431295500524473	1
Even the professional dry cleaner wasn't able to remove the stain	Even the professional dry cleaner wasn't able to remove the stain	 stain	3.530069615260597	1
My roommate needed some advice on how to remove the stain	My roommate needed some advice on how to remove the stain	 stain	6.093622262657175	1
During the wedding reception, all of the guests noticed the stain	During the wedding reception, all of the guests noticed the stain	 stain	7.9225485365466675	1
The hopeful girl wished upon a star	The hopeful girl wished upon a star	 star	1.9663873620980463	1
The sticker was shaped like a star	The sticker was shaped like a star	 star	5.136606423706387	1
On the canvas, Andrew drew a star	On the canvas, Andrew drew a star	 star	5.977496743453732	1
At the bar, the man sat on a stool	At the bar, the man sat on a stool	 stool	0.4228588693933652	1
During timeout, Suzie had to sit on a stool	During timeout, Suzie had to sit on a stool	 stool	3.0705183537072234	1
To paint the ceiling, the decorator needed a stool	To paint the ceiling, the decorator needed a stool	 stool	8.779823947791218	1
The hot pan was bubbling on the stove	The hot pan was bubbling on the stove	 stove	2.634087298148468	1
The children weren't supposed to touch the stove	The children weren't supposed to touch the stove	 stove	6.285164867523904	1
Jan wasn't able to turn on the stove	Jan wasn't able to turn on the stove	 stove	5.522735720808246	1
It's easy to spot a zebra because of its stripes	It's easy to spot a zebra because of its stripes	 stripes	1.8930838347417467	1
It's easy to recognize a bumblebee because of its stripes	It's easy to recognize a bumblebee because of its stripes	 stripes	6.306711907194304	1
It's easy to recognize a piranha because of its stripes	It's easy to recognize a piranha because of its stripes	 stripes	4.078746508434378	1
After cutting down the tree, all that was left was a stump	After cutting down the tree, all that was left was a stump	 stump	3.5994318612718343	1
They had to hire the landscapers, to help them remove a stump	They had to hire the landscapers, to help them remove a stump	 stump	6.520056778072221	1
Behind the storage shed, there were some dead branches and a stump	Behind the storage shed, there were some dead branches and a stump	 stump	4.928899877132126	1
To make the cake sweet, he added some more sugar	To make the cake sweet, he added some more sugar	 sugar	2.281230165815453	1
My wife didn't notice that I added some more sugar	My wife didn't notice that I added some more sugar	 sugar	4.639190415064683	1
I reminded my wife that we needed some more sugar	I reminded my wife that we needed some more sugar	 sugar	6.987092658335122	1
To look good at the funeral, he needed to buy a suit	To look good at the funeral, he needed to buy a suit	 suit	3.888134915128476	1
He had a big date, and he needed to buy a suit	He had a big date, and he needed to buy a suit	 suit	5.087958241425134	1
Because he's visiting his grandma soon, he needed to buy a suit	Because he's visiting his grandma soon, he needed to buy a suit	 suit	6.298420157176642	1
At two o'clock the British family always has crumpets and tea	At two o'clock the British family always has crumpets and tea	 tea	2.507749052214855	1
At the breakfast buffet, the conference was serving coffee and tea	At the breakfast buffet, the conference was serving coffee and tea	 tea	3.0993602933190982	1
When their mother was home they could have brownies and tea	When their mother was home they could have brownies and tea	 tea	4.59242285689763	1
The dentist was teaching Emma how to clean her teeth	The dentist was teaching Emma how to clean her teeth	 teeth	0.3060457377568606	1
Our mother told my sister to always clean her teeth	Our mother told my sister to always clean her teeth	 teeth	3.567825610036627	1
The nanny reminded my sister to look after her teeth	The nanny reminded my sister to look after her teeth	 teeth	8.019245060635292	1
Everett lit the campfire while I pitched the tent	Everett lit the campfire while I pitched the tent	 tent	2.5293633626812326	1
The kids at summer camp slept in the tent	The kids at summer camp slept in the tent	 tent	3.966551971798312	1
Everett's dad asked if he could move the tent	Everett's dad asked if he could move the tent	 tent	6.930835781964201	1
The pill I just swallowed is stuck in my throat	The pill I just swallowed is stuck in my throat	 throat	0.8484290361402878	1
The doctor said I have something stuck in my throat	The doctor said I have something stuck in my throat	 throat	1.2360921711695414	1
The doctor isn't able to do anything about my throat	The doctor isn't able to do anything about my throat	 throat	6.970947726749816	1
He made a dentist appointment to extract his broken tooth	He made a dentist appointment to extract his broken tooth	 tooth	1.5742130792323394	1
He had difficulty speaking because he had a broken tooth	He had difficulty speaking because he had a broken tooth	 tooth	4.279580621531093	1
After some discussion, they decided to remove the broken tooth	After some discussion, they decided to remove the broken tooth	 tooth	9.242106108090974	1
The tiny maple sapling has grown into a large tree	The tiny maple sapling has grown into a large tree	 tree	1.4801609795865294	1
The bicycle was swerving and crashed into a large tree	The bicycle was swerving and crashed into a large tree	 tree	1.6019282407728948	1
Joan and her decorator decided to add a large tree	Joan and her decorator decided to add a large tree	 tree	4.6382545739072345	1
Ben unloaded the bags of cement from the back of the truck	Ben unloaded the bags of cement from the back of the truck	 truck	1.3452967181112168	1
The fugitive hid from the police in the back of the truck	The fugitive hid from the police in the back of the truck	 truck	3.779744132944169	1
Ben was being so violent that he tried to smash the truck	Ben was being so violent that he tried to smash the truck	 truck	6.974211471726915	1
There's no need to lie, you can tell me the truth	There's no need to lie, you can tell me the truth	 truth	0.32926917941373546	1
My friend at the office refused to tell me the truth	My friend at the office refused to tell me the truth	 truth	2.281032734847352	1
The police officer was unsure if he could find the truth	The police officer was unsure if he could find the truth	 truth	7.311488426543473	1
Elephants are often hunted for the ivory in their tusks	Elephants are often hunted for the ivory in their tusks	 tusks	3.3473343342870368	3
After catching the animals, the poachers cut off their tusks	After catching the animals, the poachers cut off their tusks	 tusks	6.003534399068763	3
The smugglers could not find a buyer for their tusks	The smugglers could not find a buyer for their tusks	 tusks	10.027476291060534	3
The city lies between two hills in a valley	The city lies between two hills in a valley	 valley	1.343492370969005	1
The team discovered the fertile crops in a valley	The team discovered the fertile crops in a valley	 valley	5.965902339865291	1
The house sits between two shops in a valley	The house sits between two shops in a valley	 valley	7.123499457971722	1
At the ice cream shop, Jen asked for both chocolate and vanilla	At the ice cream shop, Jen asked for both chocolate and vanilla	 vanilla	0.7423822555406132	1
To add flavor to the frosting he added maple syrup and vanilla	To add flavor to the frosting he added maple syrup and vanilla	 vanilla	2.8253174036339384	1
He walked down to the supermarket to buy milk, flour, and vanilla	He walked down to the supermarket to buy milk, flour, and vanilla	 vanilla	8.493287828985482	1
To display the roses, Katie put them in an expensive vase	To display the roses, Katie put them in an expensive vase	 vase	2.964178565086475	2
The collector of Chinese artifacts had just acquired the expensive vase	The collector of Chinese artifacts had just acquired the expensive vase	 vase	7.042033102589188	2
The young couple paid lots of money for the expensive vase	The young couple paid lots of money for the expensive vase	 vase	7.086229379451977	2
The bride covered her face with a veil	The bride covered her face with a veil	 veil	2.69455952809134	1
She wore a beautiful gown and a veil	She wore a beautiful gown and a veil	 veil	2.954892344635516	1
The seamstress sewed two sheets and a veil	The seamstress sewed two sheets and a veil	 veil	7.372291942217329	1
Before the show, the sick opera singer suddenly lost her voice	Before the show, the sick opera singer suddenly lost her voice	 voice	0.6289700618713386	1
Before the cameras started rolling, the actress suddenly lost her voice	Before the cameras started rolling, the actress suddenly lost her voice	 voice	2.8881249887693463	1
Before leaving to buy groceries, my aunt suddenly lost her voice	Before leaving to buy groceries, my aunt suddenly lost her voice	 voice	3.244799411720447	1
In the election, people younger than eighteen aren't allowed to vote	In the election, people younger than eighteen aren't allowed to vote	 vote	0.07167076917146135	1
In countries with strict religious codes, women aren't allowed to vote	In countries with strict religious codes, women aren't allowed to vote	 vote	3.0814191610269206	1
On some campuses, many of the students don't want to vote	On some campuses, many of the students don't want to vote	 vote	7.154205274284879	1
The bride refused to invite her father to the wedding	The bride refused to invite her father to the wedding	 wedding	1.0817745112744284	1
Kathy decided not to invite her uncle to the wedding	Kathy decided not to invite her uncle to the wedding	 wedding	1.8316430385670452	1
The lazy teenager didn't want to go to the wedding	The lazy teenager didn't want to go to the wedding	 wedding	6.6337205554738405	1
The woman would need a raincoat to avoid getting wet	The woman would need a raincoat to avoid getting wet	 wet	2.0753728244284244	1
He didn't drive home because the roads were getting wet	He didn't drive home because the roads were getting wet	 wet	3.9951820664580486	1
He doesn't run very often because he hates getting wet	He doesn't run very often because he hates getting wet	 wet	4.950933928341687	1
The referee was blowing on his whistle	The referee was blowing on his whistle	 whistle	0.8798684370403996	1
None of the players heard his whistle	None of the players heard his whistle	 whistle	3.6998327235475337	1
My brother remembered to bring his whistle	My brother remembered to bring his whistle	 whistle	8.541229371416017	1
At the vineyard, he bought a fancy bottle of wine	At the vineyard, he bought a fancy bottle of wine	 wine	1.804721725775647	1
The waiter forgot to bring me my glass of wine	The waiter forgot to bring me my glass of wine	 wine	2.2673451110802523	1
At the market, he bought a new type of wine	At the market, he bought a new type of wine	 wine	5.696297293850452	1
Then, the genie granted his third and final wish	Then, the genie granted his third and final wish	 wish	0.3852748036568533	1
The king remembered that he had one final wish	The king remembered that he had one final wish	 wish	3.1495007079028214	1
The young boy had forgotten about his final wish	The young boy had forgotten about his final wish	 wish	3.7165728452452433	1
The kids thought that the scary old woman was probably a witch	The kids thought that the scary old woman was probably a witch	 witch	2.3457665404423578	1
For Halloween that year she decided to dress up as a witch	For Halloween that year she decided to dress up as a witch	 witch	2.4292572042335383	1
She decided that she shouldn't write a children's story about a witch	She decided that she shouldn't write a children's story about a witch	 witch	4.955703537717538	1
At the sawmill they slice logs into long planks of wood	At the sawmill they slice logs into long planks of wood	 wood	1.3345104116870803	1
To repair the cabinet, he needed several different types of wood	To repair the cabinet, he needed several different types of wood	 wood	3.9601085781491947	1
At the ancient burial site they found weapons made of wood	At the ancient burial site they found weapons made of wood	 wood	3.2704136147332883	1
Shearing the sheep produced a large amount of wool	Shearing the sheep produced a large amount of wool	 wool	5.341457403223048	1
The elderly shepherd sold a large amount of wool	The elderly shepherd sold a large amount of wool	 wool	4.458624031547379	1
The new factory produced a large amount of wool	The new factory produced a large amount of wool	 wool	7.402611450161171	1
The old couple sat together without speaking a single word	The old couple sat together without speaking a single word	 word	0.1043136877411542	1
Despite his best efforts, he couldn't recognize a single word	Despite his best efforts, he couldn't recognize a single word	 word	3.9188518294338577	1
During his stay, the visitor only used a single word	During his stay, the visitor only used a single word	 word	3.1650638656463927	1
The kitten was playing with a ball of yarn	The kitten was playing with a ball of yarn	 yarn	1.5600924416541209	1
The old woman was collecting different colors of yarn	The old woman was collecting different colors of yarn	 yarn	5.338912799670481	1
Emily had trouble finding the right color of yarn	Emily had trouble finding the right color of yarn	 yarn	6.192280763157427	1
To record some high school memories, he had everyone sign his yearbook	To record some high school memories, he had everyone sign his yearbook	 yearbook	5.0015763753944364	2
In high school, I wrote my boyfriend a message in his yearbook	In high school, I wrote my boyfriend a message in his yearbook	 yearbook	7.984747642189883	2
Apparently, because James didn't have a pen, he couldn't sign his yearbook	Apparently, because James didn't have a pen, he couldn't sign his yearbook	 yearbook	10.050955389956624	2
To see the exotic animals, we took the children to the zoo	To see the exotic animals, we took the children to the zoo	 zoo	1.2997351999448414	1
To see the pretty horses, we took the children to the zoo	To see the pretty horses, we took the children to the zoo	 zoo	3.9933795109151067	1
Jennifer asked a close friend if they could go to the zoo	Jennifer asked a close friend if they could go to the zoo	 zoo	4.997619804797703	1
