FullSentence	Sentence	TargetWords	Surprisal	NumTokens
In polluted cities, you can barely breathe the air	In polluted cities, you can barely breathe the air	 air	0.15223565634027572	1
The factory built expensive machines to filter the air	The factory built expensive machines to filter the air	 air	1.7398768257645012	1
They suspected there was something wrong with the air	They suspected there was something wrong with the air	 air	4.792130139539674	1
The soldier decided to quit the army	The soldier decided to quit the army	 army	1.2391279131161552	1
George chose not to join the army	George chose not to join the army	 army	3.8549638898513376	1
The students were learning about the army	The students were learning about the army	 army	10.078945074930065	1
My sister enjoys poetry, painting, and other forms of art	My sister enjoys poetry, painting, and other forms of art	 art	1.1495435810022925	1
Even though she's blind, she appreciates many types of art	Even though she's blind, she appreciates many types of art	 art	1.612504302464291	1
They hired the consultant because of her knowledge of art	They hired the consultant because of her knowledge of art	 art	7.923543347663663	1
They stored all of the Halloween decorations up in the attic	They stored all of the Halloween decorations up in the attic	 attic	0.5555460711848441	1
There were a lot of old clothes stored in the attic	There were a lot of old clothes stored in the attic	 attic	1.6612442388347088	1
The accountant put all of the old documents in the attic	The accountant put all of the old documents in the attic	 attic	3.4599242285876657	1
The lumberjack chopped down the tree with his axe	The lumberjack chopped down the tree with his axe	 axe	0.9128828813058184	1
The man walked into the forest carrying his axe	The man walked into the forest carrying his axe	 axe	4.053387592660475	1
My father scared away the burglars with his axe	My father scared away the burglars with his axe	 axe	5.986790487728622	1
The girl bought a pink tutu because she wanted to learn ballet	The girl bought a pink tutu because she wanted to learn ballet	 ballet	3.627796061809544	1
The girl had never danced before, but she wanted to learn ballet	The girl had never danced before, but she wanted to learn ballet	 ballet	6.081750315204364	1
The girl was extremely excited that she was going to learn ballet	The girl was extremely excited that she was going to learn ballet	 ballet	7.212019508701247	1
The man used the helium to inflate the red balloon	The man used the helium to inflate the red balloon	 balloon	1.7193552139375354	1
It was her birthday, so he bought the red balloon	It was her birthday, so he bought the red balloon	 balloon	6.453021553304943	1
The woman at the store was buying the red balloon	The woman at the store was buying the red balloon	 balloon	6.752172369918097	1
The hungry monkey was trying to peel the banana	The hungry monkey was trying to peel the banana	 banana	1.6126806051251985	1
Because of fruit flies, he threw away the banana	Because of fruit flies, he threw away the banana	 banana	6.909199676989451	1
My picky younger brother refused to eat the banana	My picky younger brother refused to eat the banana	 banana	5.180250686289539	1
Jenna loved playing the guitar, so she decided to join the band	Jenna loved playing the guitar, so she decided to join the band	 band	2.1807443373115616	1
On her eighteenth birthday her parents got her tickets see the band	On her eighteenth birthday her parents got her tickets see the band	 band	5.371611730000113	1
After several rounds of auditions, she never heard back from the band	After several rounds of auditions, she never heard back from the band	 band	6.359468817337726	1
The neighborhood dog always kept her awake by barking	The neighborhood dog always kept her awake by barking	 barking	0.5349199181436338	2
Our pets sometimes ask us for treats by barking	Our pets sometimes ask us for treats by barking	 barking	5.959430855632854	2
They knew that Harry kept her awake by barking	They knew that Harry kept her awake by barking	 barking	6.9486608519677375	2
Instead of a shower, she decided to take a bath	Instead of a shower, she decided to take a bath	 bath	1.4787786405668637	1
To relax after work, Bill decided to take a bath	To relax after work, Bill decided to take a bath	 bath	3.99847381088476	1
That weekend, their interior decorator helped them install a bath	That weekend, their interior decorator helped them install a bath	 bath	8.463933258395054	1
My son saw the bird pecking at the soil using its beak	My son saw the bird pecking at the soil using its beak	 beak	0.4619085453527602	2
The bald eagle was trying to attack the hunters using its beak	The bald eagle was trying to attack the hunters using its beak	 beak	1.9319172850282644	2
The animal in the zoo enclosure was trying to clean its beak	The animal in the zoo enclosure was trying to clean its beak	 beak	5.6157078628420924	2
I asked the maid to change the sheets on the bed	I asked the maid to change the sheets on the bed	 bed	0.5483110201364749	1
The chief of police found the suicide note on the bed	The chief of police found the suicide note on the bed	 bed	3.93849758148076	1
There was a large pile of dirty towels on the bed	There was a large pile of dirty towels on the bed	 bed	3.3578098068885542	1
The honey was produced by a hive of bees	The honey was produced by a hive of bees	 bees	1.4001500786698031	1
She is deathly allergic to those types of bees	She is deathly allergic to those types of bees	 bees	6.073648278005265	1
The people outside were avoiding the group of bees	The people outside were avoiding the group of bees	 bees	9.187059910781134	1
To wash your clothes whiter, you should add a little bleach	To wash your clothes whiter, you should add a little bleach	 bleach	2.7647790842290334	2
To kill all the bacteria, you should add a little bleach	To kill all the bacteria, you should add a little bleach	 bleach	3.4257393448259785	2
To prepare the next sample, you should add a little bleach	To prepare the next sample, you should add a little bleach	 bleach	7.514327620103126	2
The murderer's knife and clothes were covered in blood	The murderer's knife and clothes were covered in blood	 blood	0.8112666029270255	1
The cafeteria in the prison was covered in blood	The cafeteria in the prison was covered in blood	 blood	3.226061997458208	1
The woman's counter and refrigerator were covered in blood	The woman's counter and refrigerator were covered in blood	 blood	1.6949802082427576	1
My favorite part of Spring is when the flowers begin to bloom	My favorite part of Spring is when the flowers begin to bloom	 bloom	0.3165093006858258	1
The weather's been so nice that the plants have started to bloom	The weather's been so nice that the plants have started to bloom	 bloom	0.9591043726288804	1
We started watering the yard because the plants had begun to bloom	We started watering the yard because the plants had begun to bloom	 bloom	4.6383528134014105	1
Following his orders, the terrorist threatened to drop the bomb	Following his orders, the terrorist threatened to drop the bomb	 bomb	1.6977482118702911	1
To destroy the building, they decided to use the bomb	To destroy the building, they decided to use the bomb	 bomb	4.947680056223411	1
Jonathan was shocked that they decided to use the bomb	Jonathan was shocked that they decided to use the bomb	 bomb	7.4431714770824255	1
The author signed a copy of her new book	The author signed a copy of her new book	 book	0.2736194663014046	1
The unsuccessful student went to buy a new book	The unsuccessful student went to buy a new book	 book	4.539379173917143	1
The landlord who lived downstairs bought a new book	The landlord who lived downstairs bought a new book	 book	7.203301534201256	1
The immigrant left Mexico and tried to cross the border	The immigrant left Mexico and tried to cross the border	 border	1.0120405904245702	1
There were lots of intimidating guards stationed at the border	There were lots of intimidating guards stationed at the border	 border	5.242876607495921	1
The kids were scared about trying to cross the border	The kids were scared about trying to cross the border	 border	2.844123661560589	1
Because the work was repetitive, he thought it was boring	Because the work was repetitive, he thought it was boring	 boring	4.311539370789991	1
He visited the museum, and he thought it was boring	He visited the museum, and he thought it was boring	 boring	7.177026388957128	1
He visited the catacombs, and he thought it was boring	He visited the catacombs, and he thought it was boring	 boring	6.2022297703201295	1
The archer pulled back the string of his bow	The archer pulled back the string of his bow	 bow	0.9006131866368381	1
While facing the target, he picked up his bow	While facing the target, he picked up his bow	 bow	4.442742578433467	1
On television, the Olympic athlete picked up his bow	On television, the Olympic athlete picked up his bow	 bow	7.639812438158595	1
Jan poured the milk and cereal into her bowl	Jan poured the milk and cereal into her bowl	 bowl	0.91841451591644	1
The waiter accidentally dropped her spoon and her bowl	The waiter accidentally dropped her spoon and her bowl	 bowl	5.364639268405597	1
Jan was walking and she accidentally dropped her bowl	Jan was walking and she accidentally dropped her bowl	 bowl	8.10166715152156	1
Instead of the accelerator, Maria stepped on the brake	Instead of the accelerator, Maria stepped on the brake	 brake	1.337279426054919	1
My passengers jumped when I stepped on the brake	My passengers jumped when I stepped on the brake	 brake	2.580782096570672	1
We were surprised when Maria stepped on the brake	We were surprised when Maria stepped on the brake	 brake	7.1374373640435085	1
Laurence got some yeast to bake his own bread	Laurence got some yeast to bake his own bread	 bread	0.6118064555842928	1
Laurence needed some advice before baking his own bread	Laurence needed some advice before baking his own bread	 bread	2.8235221902053347	1
Laurence woke up early to make his own bread	Laurence woke up early to make his own bread	 bread	5.9790610663291694	1
They got a loan to start their own small business	They got a loan to start their own small business	 business	0.3024381758352214	1
My roommate was hoping to build his own small business	My roommate was hoping to build his own small business	 business	3.8671938234358616	1
They needed some land to build their own small business	They needed some land to build their own small business	 business	5.306378219241613	1
The birthday boy didn't want frosting on his slice of cake	The birthday boy didn't want frosting on his slice of cake	 cake	0.8680116608379831	1
The hungry student decided to buy a small piece of cake	The hungry student decided to buy a small piece of cake	 cake	3.041940579233842	1
My wife said that she didn't like that kind of cake	My wife said that she didn't like that kind of cake	 cake	6.807092480316053	1
The cow gave birth to the brown calf	The cow gave birth to the brown calf	 calf	1.6101976109687182	1
The farmer gave milk to the brown calf	The farmer gave milk to the brown calf	 calf	3.45066952852506	1
Bill went to check on the brown calf	Bill went to check on the brown calf	 calf	6.603555923140186	1
The boy scouts hurried back to set up camp	The boy scouts hurried back to set up camp	 camp	1.9628993954144816	1
The cheerful woman hurried over to set up camp	The cheerful woman hurried over to set up camp	 camp	5.203397956922849	1
We watched my nephew try to set up camp	We watched my nephew try to set up camp	 camp	5.3707598227547315	1
On Halloween, the costumed children grabbed several pieces of candy	On Halloween, the costumed children grabbed several pieces of candy	 candy	0.6343750593643912	1
While touring the factory, Bill sampled several pieces of candy	While touring the factory, Bill sampled several pieces of candy	 candy	7.357569536135809	1
The food scientists were developing a new type of candy	The food scientists were developing a new type of candy	 candy	6.4784188858255485	1
The cashier asked the customer to swipe his card	The cashier asked the customer to swipe his card	 card	0.6811619563834279	1
Johnathan told the banker that he'd lost his card	Johnathan told the banker that he'd lost his card	 card	5.648674370700122	1
At security, the guards needed to inspect his card	At security, the guards needed to inspect his card	 card	7.152853809426582	1
In the cartoon, Bugs Bunny was munching on a carrot	In the cartoon, Bugs Bunny was munching on a carrot	 carrot	2.653804861567438	1
The cook was chopping up the parsley and a carrot	The cook was chopping up the parsley and a carrot	 carrot	6.361468426921062	1
In the door of his refrigerator he found a carrot	In the door of his refrigerator he found a carrot	 carrot	8.324930456748882	1
At Costco, the toddler wanted to push the cart	At Costco, the toddler wanted to push the cart	 cart	2.4160862469344746	1
The grocery store employee had to retrieve the cart	The grocery store employee had to retrieve the cart	 cart	4.4372156932061015	1
At work, the assistant needed to find the cart	At work, the assistant needed to find the cart	 cart	9.743486203301908	1
The biologist knew that there were bats living in the cave	The biologist knew that there were bats living in the cave	 cave	3.4689879042750342	1
The biologist knew that there were bears living in the cave	The biologist knew that there were bears living in the cave	 cave	5.785738899728908	1
The police knew that there were people living in the cave	The police knew that there were people living in the cave	 cave	6.076409005456673	1
DNA is housed within the nucleus of a cell	DNA is housed within the nucleus of a cell	 cell	0.16147695450792698	1
The scientists were extracting the DNA from a cell	The scientists were extracting the DNA from a cell	 cell	4.668246002823427	1
In his textbook, there's a drawing of a cell	In his textbook, there's a drawing of a cell	 cell	7.242937087389892	1
The teacher walked up to the board and grabbed a piece of chalk	The teacher walked up to the board and grabbed a piece of chalk	 chalk	1.2354089153691008	1
After decades, the instructor decided to switch to a new brand of chalk	After decades, the instructor decided to switch to a new brand of chalk	 chalk	6.235981735523027	1
While searching around in the garage, the man found a piece of chalk	While searching around in the garage, the man found a piece of chalk	 chalk	6.3654239485601565	1
The checkmate abruptly ended their game of chess	The checkmate abruptly ended their game of chess	 chess	0.8798438618177876	1
The two Russians played another round of chess	The two Russians played another round of chess	 chess	4.705110885033455	1
They were learning another important rule of chess	They were learning another important rule of chess	 chess	5.217684836703121	1
Santa lands on the roof and comes down through the chimney	Santa lands on the roof and comes down through the chimney	 chimney	2.303409759129237	2
The firefighter noticed there was smoke coming out of the chimney	The firefighter noticed there was smoke coming out of the chimney	 chimney	3.971544665248265	2
Every Spring, my family cleans out the basement and the chimney	Every Spring, my family cleans out the basement and the chimney	 chimney	9.638333863104737	2
The soprano auditioned for the church choir	The soprano auditioned for the church choir	 choir	1.4783602737490913	1
Every Easter, they heard the church choir	Every Easter, they heard the church choir	 choir	4.975483491691564	1
Elizabeth didn't like to attend church choir	Elizabeth didn't like to attend church choir	 choir	9.288661501305477	1
At storytime, the preschoolers have to sit in a circle	At storytime, the preschoolers have to sit in a circle	 circle	0.3333882855854067	1
The girl decided to arrange her dolls in a circle	The girl decided to arrange her dolls in a circle	 circle	2.888310043696592	1
All of the fifth-graders had to get in a circle	All of the fifth-graders had to get in a circle	 circle	2.324013087979895	1
Above the doorway, he heard the ticking of the old clock	Above the doorway, he heard the ticking of the old clock	 clock	1.4758588369349892	1
In the den, they replaced the battery in the old clock	In the den, they replaced the battery in the old clock	 clock	4.861127223164332	1
After their trip, they replaced the battery in the old clock	After their trip, they replaced the battery in the old clock	 clock	7.094816363304582	1
In a few weeks, the butterfly will emerge from the cocoon	In a few weeks, the butterfly will emerge from the cocoon	 cocoon	1.2333798913983078	2
The caterpillar was trying its best to escape from the cocoon	The caterpillar was trying its best to escape from the cocoon	 cocoon	5.875367588588607	2
The biologist used the microscope to see inside of the cocoon	The biologist used the microscope to see inside of the cocoon	 cocoon	8.154968292153312	2
Melissa asks for decaf when ordering her cup of coffee	Melissa asks for decaf when ordering her cup of coffee	 coffee	0.4596945030194545	1
The customer left without finishing his last sip of coffee	The customer left without finishing his last sip of coffee	 coffee	2.047819372223678	1
Melissa has difficulty when she's picking a type of coffee	Melissa has difficulty when she's picking a type of coffee	 coffee	5.4202354608792245	1
We had to guess heads or tails when the referee flipped the coin	We had to guess heads or tails when the referee flipped the coin	 coin	0.4960947858579015	1
Because it was rare, he could get some money from selling the coin	Because it was rare, he could get some money from selling the coin	 coin	6.846186402359913	1
He was carrying so much stuff in his hands, he dropped the coin	He was carrying so much stuff in his hands, he dropped the coin	 coin	8.18306392276866	1
The boy scout navigated using a map and a compass	The boy scout navigated using a map and a compass	 compass	0.21130817710803965	1
My brother always carried a pocket knife and a compass	My brother always carried a pocket knife and a compass	 compass	4.713833347720025	1
The boyscout always carried a first-aid kit and a compass	The boyscout always carried a first-aid kit and a compass	 compass	2.3739814578824783	1
Lauren turned on the TV and flopped down on the couch	Lauren turned on the TV and flopped down on the couch	 couch	0.40297930240684254	1
They were worried that the cat would tear up the couch	They were worried that the cat would tear up the couch	 couch	4.2263920343990105	1
Before painting, the contractors laid down a tarp on the couch	Before painting, the contractors laid down a tarp on the couch	 couch	10.48111075854812	1
Eric sued the taxi driver and took him to court	Eric sued the taxi driver and took him to court	 court	0.2272607871387383	1
Susan was angry at Eric and took him to court	Susan was angry at Eric and took him to court	 court	2.7372825881164387	1
Eric picked up his friend and brought him to court	Eric picked up his friend and brought him to court	 court	7.715416778191936	1
Jesus was crucified on a large wooden cross	Jesus was crucified on a large wooden cross	 cross	0.09435130961682353	1
The nuns were praying beside the wooden cross	The nuns were praying beside the wooden cross	 cross	1.309362135215426	1
In the gallery, there was a wooden cross	In the gallery, there was a wooden cross	 cross	4.296456084348355	1
On the queen's head, the priest placed a golden crown	On the queen's head, the priest placed a golden crown	 crown	1.4032097075576098	1
On the king's nightstand, the men saw a golden crown	On the king's nightstand, the men saw a golden crown	 crown	2.8730922481947285	1
The merchant paid for the goods with a golden crown	The merchant paid for the goods with a golden crown	 crown	4.7848082630272915	1
The disease is fatal as there is no known cure	The disease is fatal as there is no known cure	 cure	0.4525596209406362	1
This danger is real and there is no known cure	This danger is real and there is no known cure	 cure	0.643493779531824	1
We heard that the remote island has no known cure	We heard that the remote island has no known cure	 cure	7.282092800838204	1
Camels can travel across the hot sands of the desert	Camels can travel across the hot sands of the desert	 desert	2.741199596758457	1
Somehow, farmers were able to grow crops in the desert	Somehow, farmers were able to grow crops in the desert	 desert	2.9374996184644147	1
The young students learned some interesting facts about the desert	The young students learned some interesting facts about the desert	 desert	7.596126957572995	1
Late at the office, Victor can always be found sitting at his desk	Late at the office, Victor can always be found sitting at his desk	 desk	0.4288759266557134	1
My friend always kept a large bag of chocolate bars in his desk	My friend always kept a large bag of chocolate bars in his desk	 desk	2.4208022072524624	1
When I came home yesterday, I saw that Victor was fixing his desk	When I came home yesterday, I saw that Victor was fixing his desk	 desk	6.220747051305126	1
To prevent a mess, the caregiver checked the baby's diaper	To prevent a mess, the caregiver checked the baby's diaper	 diaper	1.3799502244230917	2
Before leaving the driveway, my wife checked the baby's diaper	Before leaving the driveway, my wife checked the baby's diaper	 diaper	0.9678684030943407	2
Before leaving the maternity ward, someone checked the baby's diaper	Before leaving the maternity ward, someone checked the baby's diaper	 diaper	3.4994015123523714	2
To take her turn at Monopoly, Helen rolled both of the dice	To take her turn at Monopoly, Helen rolled both of the dice	 dice	1.2155129867319843	1
They weren't able to play Monopoly, because they had lost the dice	They weren't able to play Monopoly, because they had lost the dice	 dice	4.411386180271722	1
While cleaning out the cluttered closet, Helen found both of the dice	While cleaning out the cluttered closet, Helen found both of the dice	 dice	9.28600783359013	1
My medical records are accessible to the nurse and the doctor	My medical records are accessible to the nurse and the doctor	 doctor	1.8406951138509933	1
The young woman was inspired by the scientist and the doctor	The young woman was inspired by the scientist and the doctor	 doctor	4.81018188512706	1
She had to be interviewed by the lawyer and the doctor	She had to be interviewed by the lawyer and the doctor	 doctor	3.7209103725931536	1
The bird typically used to symbolize peace is a white dove	The bird typically used to symbolize peace is a white dove	 dove	1.896025744021316	1
Perched up on the powerline he saw a small, white dove	Perched up on the powerline he saw a small, white dove	 dove	6.3944783798981515	1
In the corner of his eye he saw a white dove	In the corner of his eye he saw a white dove	 dove	7.407217591724076	1
Maria thought she looked great in her little black dress	Maria thought she looked great in her little black dress	 dress	0.08472579498260102	1
In her bedroom, she was looking for her black dress	In her bedroom, she was looking for her black dress	 dress	2.2774765758672406	1
When she moved away, my girlfriend sold the black dress	When she moved away, my girlfriend sold the black dress	 dress	3.1736659113541066	1
He was very thirsty and needed something to drink	He was very thirsty and needed something to drink	 drink	0.3672833231689429	1
At the restaurant, he didn't want anything to drink	At the restaurant, he didn't want anything to drink	 drink	0.8530321790977913	1
When school ended, my friends just wanted to drink	When school ended, my friends just wanted to drink	 drink	5.081395140376853	1
The lake had dried up after last year's drought	The lake had dried up after last year's drought	 drought	1.7825405309488276	1
They mortgaged all their land after last year's drought	They mortgaged all their land after last year's drought	 drought	2.346046884892753	1
They started filming a documentary about last year's drought	They started filming a documentary about last year's drought	 drought	7.394077849076019	1
My wife hangs the wet clothes outside to dry	My wife hangs the wet clothes outside to dry	 dry	0.13670004711003542	1
The farmer was waiting for the field to dry	The farmer was waiting for the field to dry	 dry	1.492061901811614	1
The driver was waiting for the car to dry	The driver was waiting for the car to dry	 dry	9.317258196904355	1
Her fridge was empty, and she had nothing to eat	Her fridge was empty, and she had nothing to eat	 eat	1.4261697230585733	1
The premiere was starting, and she had nothing to eat	The premiere was starting, and she had nothing to eat	 eat	4.766178999382436	1
My cousin was bored, and she had nothing to eat	My cousin was bored, and she had nothing to eat	 eat	6.005116798556151	1
The hen was going to lay some more eggs	The hen was going to lay some more eggs	 eggs	0.15565160543638282	1
The man really wanted to fry some more eggs	The man really wanted to fry some more eggs	 eggs	2.6971296310844233	1
The girl was planning to buy some more eggs	The girl was planning to buy some more eggs	 eggs	6.022938253979598	1
The senator campaigned in order to win the election	The senator campaigned in order to win the election	 election	3.5641693363372866	1
The senator's wife was very angry about the election	The senator's wife was very angry about the election	 election	6.2848380617158615	1
My roommate needed to learn more about the election	My roommate needed to learn more about the election	 election	8.756377618462883	1
In Santa's workshop, the toys are made by the elves	In Santa's workshop, the toys are made by the elves	 elves	4.7339062157174565	2
His children thought the games were made by the elves	His children thought the games were made by the elves	 elves	7.383531295353758	2
Timmy wanted to hear another bedtime story about the elves	Timmy wanted to hear another bedtime story about the elves	 elves	7.183100781702343	2
Melissa was crying, and we saw tears in her eyes	Melissa was crying, and we saw tears in her eyes	 eyes	0.13196155007072286	1
During the checkup, the doctor looked carefully into her eyes	During the checkup, the doctor looked carefully into her eyes	 eyes	0.8616807008599834	1
Her new wallpaper was the same color as her eyes	Her new wallpaper was the same color as her eyes	 eyes	2.985904694149319	1
Old McDonald had plenty of animals on his farm	Old McDonald had plenty of animals on his farm	 farm	0.4741859115578145	1
My uncle planted lots of trees on his farm	My uncle planted lots of trees on his farm	 farm	1.4795618792523182	1
My uncle is installing solar panels on his farm	My uncle is installing solar panels on his farm	 farm	4.060920759998262	1
Because he loved to work the land, Jim became a farmer	Because he loved to work the land, Jim became a farmer	 farmer	2.0272650150369875	1
After returning home from the big city, Jim became a farmer	After returning home from the big city, Jim became a farmer	 farmer	6.078013625499178	1
After he returned home from his travels, Jim became a farmer	After he returned home from his travels, Jim became a farmer	 farmer	6.24682902556436	1
Before mopping, he had to sweep the floor	Before mopping, he had to sweep the floor	 floor	1.105946512349602	1
All the books were stacked on the floor	All the books were stacked on the floor	 floor	1.7507609178790602	1
After the party the butler cleaned the floor	After the party the butler cleaned the floor	 floor	3.4238021665752547	1
To keep the dough from sticking, she dusted her hands with flour	To keep the dough from sticking, she dusted her hands with flour	 flour	0.3479987565559355	1
The chef dumped out the measuring cup that was filled with flour	The chef dumped out the measuring cup that was filled with flour	 flour	4.184086110734855	1
At the end of the day, her clothes were covered with flour	At the end of the day, her clothes were covered with flour	 flour	5.349652743659576	1
Pam received a rose, but preferred any other species of flower	Pam received a rose, but preferred any other species of flower	 flower	1.2637212826649966	1
As an anniversary gift, she received a rare kind of flower	As an anniversary gift, she received a rare kind of flower	 flower	5.3781882212967265	1
Charlotte finished reading a book about a rare kind of flower	Charlotte finished reading a book about a rare kind of flower	 flower	4.2353158647336855	1
After the goose injured its wing, it could no longer fly	After the goose injured its wing, it could no longer fly	 fly	0.4030203038027793	1
When it's locked in a cage, it can no longer fly	When it's locked in a cage, it can no longer fly	 fly	2.5439539379110228	1
When he dropped the new toy, it could no longer fly	When he dropped the new toy, it could no longer fly	 fly	4.460149946118438	1
The editor, who hates Times New Roman, decided to switch the font	The editor, who hates Times New Roman, decided to switch the font	 font	1.4760193623174112	1
Brenda is the editor, and she recently decided to switch the font	Brenda is the editor, and she recently decided to switch the font	 font	8.286448203432522	1
Brenda had a change of heart and decided to switch the font	Brenda had a change of heart and decided to switch the font	 font	8.500908318936256	1
To display the beautiful photo, she ordered an elegant frame	To display the beautiful photo, she ordered an elegant frame	 frame	4.858168087884655	1
The burglar stole the painting but left the elegant frame	The burglar stole the painting but left the elegant frame	 frame	3.2475009966897885	1
While she was shopping yesterday, she bought an elegant frame	While she was shopping yesterday, she bought an elegant frame	 frame	7.340235933073568	1
Apples are definitely his favorite type of fruit	Apples are definitely his favorite type of fruit	 fruit	0.44925030075357136	1
The farmers were selling a lot of fruit	The farmers were selling a lot of fruit	 fruit	3.9801600078471835	1
Jason brought his parents a lot of fruit	Jason brought his parents a lot of fruit	 fruit	5.928772234947507	1
Gasoline usually costs about three dollars for a gallon	Gasoline usually costs about three dollars for a gallon	 gallon	0.13171834382714512	1
The thirsty police officer could probably drink a gallon	The thirsty police officer could probably drink a gallon	 gallon	2.1166761761978408	1
The store always charged too much for a gallon	The store always charged too much for a gallon	 gallon	5.939355438115668	1
Her vision was terrible, and she has to wear glasses	Her vision was terrible, and she has to wear glasses	 glasses	1.162716792299612	1
She looks very different when she has to wear glasses	She looks very different when she has to wear glasses	 glasses	2.6952158584075256	1
Her mother was adamant that she has to wear glasses	Her mother was adamant that she has to wear glasses	 glasses	5.026599330657324	1
The doctor wore the sterile rubber gloves	The doctor wore the sterile rubber gloves	 gloves	0.4993375802696016	1
The trainee used the thick rubber gloves	The trainee used the thick rubber gloves	 gloves	2.327791679413564	1
The child carried the black rubber gloves	The child carried the black rubber gloves	 gloves	5.923036757464319	1
The soccer team celebrated after their player scored a goal	The soccer team celebrated after their player scored a goal	 goal	0.30128726263666805	1
Their team never won, because they never got a goal	Their team never won, because they never got a goal	 goal	3.3907794567503036	1
He knew that it was important to have a goal	He knew that it was important to have a goal	 goal	5.793847940246486	1
The collector's most valuable coins were made of silver and gold	The collector's most valuable coins were made of silver and gold	 gold	1.1332915434516808	1
The miners were able to extract lots of iron and gold	The miners were able to extract lots of iron and gold	 gold	2.3019913874056672	1
Brazil is known to import lots of lumber, livestock, and gold	Brazil is known to import lots of lumber, livestock, and gold	 gold	5.440433980791335	1
Before eating dinner, the family held hands to say grace	Before eating dinner, the family held hands to say grace	 grace	3.1920450788708785	1
The family wondered whether the visitors wanted to say grace	The family wondered whether the visitors wanted to say grace	 grace	4.8166088461314605	1
Timmy listened to hear if the men would say grace	Timmy listened to hear if the men would say grace	 grace	7.198820528061148	1
On the mashed potatoes she poured a delicious gravy	On the mashed potatoes she poured a delicious gravy	 gravy	3.655009950087541	2
She thickened the stock to make a delicious gravy	She thickened the stock to make a delicious gravy	 gravy	2.997106319888636	2
The restaurant was famous for making a delicious gravy	The restaurant was famous for making a delicious gravy	 gravy	6.629073768811402	2
The passwords were stolen by a brilliant hacker	The passwords were stolen by a brilliant hacker	 hacker	2.060652440997816	1
The security experts were arresting a brilliant hacker	The security experts were arresting a brilliant hacker	 hacker	2.9247920995222487	1
The software was designed by a brilliant hacker	The software was designed by a brilliant hacker	 hacker	5.044543597151617	1
The barber gave Brian a nice looking haircut	The barber gave Brian a nice looking haircut	 haircut	2.0736523091591543	3
That weekend, Brian got a nice looking haircut	That weekend, Brian got a nice looking haircut	 haircut	6.7639890970492065	3
We noticed Brian had a nice looking haircut	We noticed Brian had a nice looking haircut	 haircut	6.806274773543187	3
The angry visitor said hello, but he refused to shake my hand	The angry visitor said hello, but he refused to shake my hand	 hand	0.06734196232424856	1
I couldn't finish writing, because there was something wrong with my hand	I couldn't finish writing, because there was something wrong with my hand	 hand	4.392981282390194	1
I was very uncomfortable because I had a cramp in my hand	I was very uncomfortable because I had a cramp in my hand	 hand	3.5048500949011068	1
The child couldn't carry the luggage because it was too heavy	The child couldn't carry the luggage because it was too heavy	 heavy	0.1756273131498316	1
Ben didn't like his vacuum cleaner because it was too heavy	Ben didn't like his vacuum cleaner because it was too heavy	 heavy	3.7960611609179176	1
The hikers didn't buy the tent because it was too heavy	The hikers didn't buy the tent because it was too heavy	 heavy	2.6504808160324655	1
They didn't have a puck or skates, so they couldn't play hockey	They didn't have a puck or skates, so they couldn't play hockey	 hockey	1.1317500254548445	1
My brother got his teeth knocked out while trying to play hockey	My brother got his teeth knocked out while trying to play hockey	 hockey	3.9833194802958647	1
Because football season is over, Bill is now training to play hockey	Because football season is over, Bill is now training to play hockey	 hockey	4.477306323698675	1
The fisherman attached the worm to the hook	The fisherman attached the worm to the hook	 hook	2.167196193430992	1
We definitely saw the fish swallow the hook	We definitely saw the fish swallow the hook	 hook	2.7589207792931165	1
James didn't have enough money for the hook	James didn't have enough money for the hook	 hook	8.415081914213976	1
To water the huge garden, they needed a long hose	To water the huge garden, they needed a long hose	 hose	1.8783304891483752	1
Outside in the back yard, they needed a long hose	Outside in the back yard, they needed a long hose	 hose	4.255738981282784	1
Over at the loading dock, they needed a long hose	Over at the loading dock, they needed a long hose	 hose	5.805927932487933	1
For their anniversary in Seattle, they booked a room at a nice hotel	For their anniversary in Seattle, they booked a room at a nice hotel	 hotel	0.6451175239526402	1
For the wedding reception, they were supposed to meet at a nice hotel	For the wedding reception, they were supposed to meet at a nice hotel	 hotel	3.10500563345862	1
The investment banker was supposed to meet his client at a nice hotel	The investment banker was supposed to meet his client at a nice hotel	 hotel	2.5877758643638127	1
After hours of brainstorming, they had run out of ideas	After hours of brainstorming, they had run out of ideas	 ideas	0.5535177613239242	1
The consultant said that he had run out of ideas	The consultant said that he had run out of ideas	 ideas	2.116886119795607	1
The chef said that he had run out of ideas	The chef said that he had run out of ideas	 ideas	3.945367621632202	1
Using ice and snow, the traditional Eskimo family built a small igloo	Using ice and snow, the traditional Eskimo family built a small igloo	 igloo	1.2204720965159137	2
To get warm, the two arctic explorers climbed inside a small igloo	To get warm, the two arctic explorers climbed inside a small igloo	 igloo	4.295166530781629	2
The shivering family was huddled in the shelter of a small igloo	The shivering family was huddled in the shelter of a small igloo	 igloo	7.776969076431357	2
His green pen had just run out of ink	His green pen had just run out of ink	 ink	0.10464464678160336	1
The famous writer had just run out of ink	The famous writer had just run out of ink	 ink	5.3961854980488635	1
The supply cabinet had just run out of ink	The supply cabinet had just run out of ink	 ink	4.967662367524301	1
The diabetic lady needed to inject some insulin	The diabetic lady needed to inject some insulin	 insulin	1.4816933617922636	1
She brought the needle to inject some insulin	She brought the needle to inject some insulin	 insulin	3.498549950373582	1
The homeless woman tried to inject some insulin	The homeless woman tried to inject some insulin	 insulin	5.639535762280286	1
I smoothed out the wrinkled pants with the new iron	I smoothed out the wrinkled pants with the new iron	 iron	4.7978311721421125	1
I accidentally burned my hand while using the new iron	I accidentally burned my hand while using the new iron	 iron	6.134041777664972	1
I saw some steam coming out of the new iron	I saw some steam coming out of the new iron	 iron	8.405331530551852	1
The sailors saw a single palm tree in the center of the island	The sailors saw a single palm tree in the center of the island	 island	4.099332432061047	1
The rescue workers recently found an old hermit living alone on the island	The rescue workers recently found an old hermit living alone on the island	 island	2.0554780960488963	1
The rescue workers just learned that the captain had died on the island	The rescue workers just learned that the captain had died on the island	 island	5.4729945720872175	1
She smothered the sandwich with peanut butter and lots of jelly	She smothered the sandwich with peanut butter and lots of jelly	 jelly	3.4719785473921223	1
Every Spring, the farmers would make jam and lots of jelly	Every Spring, the farmers would make jam and lots of jelly	 jelly	5.559221486773411	1
At Costco, she bought some crisp apples and lots of jelly	At Costco, she bought some crisp apples and lots of jelly	 jelly	6.741286402018424	1
He usually eats a whole orange rather than just drinking the juice	He usually eats a whole orange rather than just drinking the juice	 juice	0.5754520880187552	1
My husband was flipping the pancakes and I was pouring the juice	My husband was flipping the pancakes and I was pouring the juice	 juice	4.968629489833115	1
The elderly man started to choke and sputter while drinking the juice	The elderly man started to choke and sputter while drinking the juice	 juice	5.313982034276762	1
She's locked out because she forgot to take her keys	She's locked out because she forgot to take her keys	 keys	3.3981085280162264	1
As she rushed out, she forgot to take her keys	As she rushed out, she forgot to take her keys	 keys	4.015958024882401	1
While running her errands, she forgot to take her keys	While running her errands, she forgot to take her keys	 keys	3.9078354009068095	1
The curse could only be broken by her true love's first kiss	The curse could only be broken by her true love's first kiss	 kiss	0.11167096849545692	1
Emma bragged to her friends that she had gotten her first kiss	Emma bragged to her friends that she had gotten her first kiss	 kiss	3.0984452052453357	1
She didn't want to make a judgement based on the first kiss	She didn't want to make a judgement based on the first kiss	 kiss	7.137851138459818	1
They were cutting the cake using a silver knife	They were cutting the cake using a silver knife	 knife	1.4672572222031155	1
We decided to buy the cook a silver knife	We decided to buy the cook a silver knife	 knife	5.386790595155033	1
When my grandfather died, I inherited a silver knife	When my grandfather died, I inherited a silver knife	 knife	6.525242443231432	1
The wide highway downtown has more than six lanes	The wide highway downtown has more than six lanes	 lanes	1.2360167647646467	1
The group of bikers crossed more than six lanes	The group of bikers crossed more than six lanes	 lanes	1.6032668013747853	1
The marathon runners will cross more than six lanes	The marathon runners will cross more than six lanes	 lanes	4.077617252081427	1
The birthday card was funny and made me laugh	The birthday card was funny and made me laugh	 laugh	0.6538822886097775	1
The coach of our team always made me laugh	The coach of our team always made me laugh	 laugh	3.047464687984963	1
My supervisor and coworkers have never seen me laugh	My supervisor and coworkers have never seen me laugh	 laugh	4.627773869701829	1
The owner paid the children to mow the lawn	The owner paid the children to mow the lawn	 lawn	0.7855873732095479	1
We saw our neighbor was working on the lawn	We saw our neighbor was working on the lawn	 lawn	4.5495214915750015	1
We saw the man walking barefoot across the lawn	We saw the man walking barefoot across the lawn	 lawn	4.6098372450409935	1
When the company sued him, he decided to hire a lawyer	When the company sued him, he decided to hire a lawyer	 lawyer	0.8439849684287226	1
When he crashed his car, he decided to hire a lawyer	When he crashed his car, he decided to hire a lawyer	 lawyer	3.7039141141572816	1
When he crashed his car, he decided to call a lawyer	When he crashed his car, he decided to call a lawyer	 lawyer	5.031574821904453	1
The motorcycle jacket was made out of black leather	The motorcycle jacket was made out of black leather	 leather	1.3412301795882131	1
Her new skirt was made out of black leather	Her new skirt was made out of black leather	 leather	3.631534446126652	1
For her project, she bought lots of black leather	For her project, she bought lots of black leather	 leather	4.641464393909889	1
Bill raked up all the leaves	Bill raked up all the leaves	 leaves	5.101385103869807	1
The breeze lifted all the leaves	The breeze lifted all the leaves	 leaves	2.491067399028588	1
Watson gathered up all the leaves	Watson gathered up all the leaves	 leaves	6.3971196870020135	1
Because Peter never told the truth, everyone knew he was a liar	Because Peter never told the truth, everyone knew he was a liar	 liar	1.1603112989593978	1
When Peter's dark secret was discovered, everyone knew he was a liar	When Peter's dark secret was discovered, everyone knew he was a liar	 liar	4.668655425464972	1
When Peter got out of prison, everyone knew he was a liar	When Peter got out of prison, everyone knew he was a liar	 liar	6.35747235542356	1
Because it was overdue, Billy returned the book to the library	Because it was overdue, Billy returned the book to the library	 library	1.2428443763153316	1
To get some peace and quiet he went to the library	To get some peace and quiet he went to the library	 library	4.200222896125648	1
After finishing up at the store, they went to the library	After finishing up at the store, they went to the library	 library	4.313876100270228	1
It was dark in the bedroom, so she turned on the light	It was dark in the bedroom, so she turned on the light	 light	0.9507057390776112	1
She couldn't read the book because her brother was blocking the light	She couldn't read the book because her brother was blocking the light	 light	2.052432360079653	1
You can damage your vision if you keep staring at the light	You can damage your vision if you keep staring at the light	 light	4.187390090015982	1
Before meeting Brad, she put on black eyeliner and some red lipstick	Before meeting Brad, she put on black eyeliner and some red lipstick	 lipstick	0.2983018810738733	2
At the premier, she wore a black dress and some red lipstick	At the premier, she wore a black dress and some red lipstick	 lipstick	1.5675420131650328	2
At the store, she bought some black pens and some red lipstick	At the store, she bought some black pens and some red lipstick	 lipstick	4.4706421139316035	2
I had to go inside because the jackhammer was very loud	I had to go inside because the jackhammer was very loud	 loud	0.22882533177639036	1
The kid who was playing on the playground was very loud	The kid who was playing on the playground was very loud	 loud	4.493473575633117	1
She saw her coworker at the bar, who was very loud	She saw her coworker at the bar, who was very loud	 loud	7.315098086713219	1
He didn't eat breakfast, and he forgot to pack his lunch	He didn't eat breakfast, and he forgot to pack his lunch	 lunch	1.5287197737419542	1
For the student's daytrip, he had forgotten to bring his lunch	For the student's daytrip, he had forgotten to bring his lunch	 lunch	2.9683509666185923	1
He was late because he had to pick up his lunch	He was late because he had to pick up his lunch	 lunch	6.990173275168006	1
The gentleman lit the candle using a single match	The gentleman lit the candle using a single match	 match	1.0765275802453882	1
The forest fire was started by a single match	The forest fire was started by a single match	 match	5.721043965685602	1
None of the man's coworkers had a single match	None of the man's coworkers had a single match	 match	8.277489958726152	1
Ben was great at remembering numbers because he had a good memory	Ben was great at remembering numbers because he had a good memory	 memory	0.5537173777126302	1
Ben always did well in Biology because he had a good memory	Ben always did well in Biology because he had a good memory	 memory	2.041313415240839	1
Ben was always an excellent employee because he had a good memory	Ben was always an excellent employee because he had a good memory	 memory	6.101594740104308	1
The dairy cow produced a lot of milk	The dairy cow produced a lot of milk	 milk	0.8708455148258402	1
The large jug held a lot of milk	The large jug held a lot of milk	 milk	5.3964460423033564	1
The local farmers produced a lot of milk	The local farmers produced a lot of milk	 milk	3.860224645477373	1
The hikers climbed to the summit of the mountain	The hikers climbed to the summit of the mountain	 mountain	2.46363248211798	1
The couple camped near the side of the mountain	The couple camped near the side of the mountain	 mountain	4.9217559545628085	1
The scholars learned about the history of the mountain	The scholars learned about the history of the mountain	 mountain	7.8847594445161455	1
After the body was discovered, our neighbor was arrested for murder	After the body was discovered, our neighbor was arrested for murder	 murder	3.6310052324543576	1
Our son was innocent and shouldn't have been arrested for murder	Our son was innocent and shouldn't have been arrested for murder	 murder	4.711121325332759	1
When the building burned down, the man was arrested for murder	When the building burned down, the man was arrested for murder	 murder	5.130390498725959	1
Before the weight lifting tournament, he needed to build some muscle	Before the weight lifting tournament, he needed to build some muscle	 muscle	1.028147287901425	1
The head of the cheerleading squad needed to build some muscle	The head of the cheerleading squad needed to build some muscle	 muscle	1.5681664078012352	1
After arriving at the campus, he wanted to build some muscle	After arriving at the campus, he wanted to build some muscle	 muscle	6.529636933720094	1
The burgers were messy, so he made sure to grab a napkin	The burgers were messy, so he made sure to grab a napkin	 napkin	2.7725970422224915	2
At the diner, the waitress had forgotten to bring him a napkin	At the diner, the waitress had forgotten to bring him a napkin	 napkin	3.645199740239617	2
When he was walking past the kitchen he accidentally dropped a napkin	When he was walking past the kitchen he accidentally dropped a napkin	 napkin	6.719845493846267	2
They had to walk single file because the path was too narrow	They had to walk single file because the path was too narrow	 narrow	0.19437628058997689	1
They decided to use the elevator because the stairwell was too narrow	They decided to use the elevator because the stairwell was too narrow	 narrow	1.840811195500915	1
They decided not to go rafting because the river was too narrow	They decided not to go rafting because the river was too narrow	 narrow	4.656623261304571	1
Of all the animals, the giraffe is known for its long neck	Of all the animals, the giraffe is known for its long neck	 neck	1.5545839319837624	1
Of all the animals, the flamingo is known for its long neck	Of all the animals, the flamingo is known for its long neck	 neck	4.021681743669478	1
Of all the animals, the peacock is known for its long neck	Of all the animals, the peacock is known for its long neck	 neck	3.908360988151988	1
She couldn't get the thread through the eye of the needle	She couldn't get the thread through the eye of the needle	 needle	0.11692907480144142	1
The woman accidentally poked herself with the tip of the needle	The woman accidentally poked herself with the tip of the needle	 needle	2.5200440950564333	1
During arts and crafts she broke the tip of the needle	During arts and crafts she broke the tip of the needle	 needle	4.022266735952817	1
Before laying its eggs, the robin had to build a nest	Before laying its eggs, the robin had to build a nest	 nest	0.34083720257453565	1
Up in the poplar tree, the stray cat found a nest	Up in the poplar tree, the stray cat found a nest	 nest	4.6064996985915725	1
While cleaning up outside, Jerry had to throw away a nest	While cleaning up outside, Jerry had to throw away a nest	 nest	9.614404742175068	1
The volleyball shot barely made it over the net	The volleyball shot barely made it over the net	 net	0.9544239924936888	1
The referee saw the ball roll under the net	The referee saw the ball roll under the net	 net	5.168100859577499	1
Samantha and Karen suspected it was under the net	Samantha and Karen suspected it was under the net	 net	9.278316594500842	1
Because they are nocturnal creatures, all bats hunt at night	Because they are nocturnal creatures, all bats hunt at night	 night	0.09731723967372596	1
To keep their relationship secret, they usually meet at night	To keep their relationship secret, they usually meet at night	 night	2.887533324457052	1
The student was going to get her degree at night	The student was going to get her degree at night	 night	5.556742496300732	1
Jack forgot about the cookies baking in the oven	Jack forgot about the cookies baking in the oven	 oven	0.0971987112807458	1
Jack remembered that he left something in the oven	Jack remembered that he left something in the oven	 oven	5.60437751789881	1
Jack remembered that he needed to clean the oven	Jack remembered that he needed to clean the oven	 oven	4.942537032042754	1
The heroin addict died of an overdose	The heroin addict died of an overdose	 overdose	0.22016309400612186	1
They used naloxone to treat an overdose	They used naloxone to treat an overdose	 overdose	0.5063260261727444	1
The celebrity showed signs of an overdose	The celebrity showed signs of an overdose	 overdose	3.955777157382695	1
The artist dipped her brush into a fresh can of paint	The artist dipped her brush into a fresh can of paint	 paint	1.5137106448064113	1
At Home Depot they didn't sell the right kind of paint	At Home Depot they didn't sell the right kind of paint	 paint	4.054715621880644	1
Erica had always wanted to try a new type of paint	Erica had always wanted to try a new type of paint	 paint	7.290446012623299	1
The student opened his notebook and pulled out a piece of paper	The student opened his notebook and pulled out a piece of paper	 paper	0.16951663278979245	1
In all his chemistry classes, the student used a lot of paper	In all his chemistry classes, the student used a lot of paper	 paper	5.580595076618644	1
The two researchers working in the clinical program needed lots of paper	The two researchers working in the clinical program needed lots of paper	 paper	6.365281862739263	1
For my mother's birthday, we threw a huge party	For my mother's birthday, we threw a huge party	 party	0.9102137244586804	1
On the last day, there was a huge party	On the last day, there was a huge party	 party	4.2220684144137435	1
Right beside the lake, there was a huge party	Right beside the lake, there was a huge party	 party	7.472071568421027	1
The website login asks for my username and password	The website login asks for my username and password	 password	0.09413302439227167	1
Tim had forgotten his mother's email address and password	Tim had forgotten his mother's email address and password	 password	6.808726690458405	1
Tim's classmate tried to steal his phone and password	Tim's classmate tried to steal his phone and password	 password	8.83502574055087	1
In the story, the wolf chased the three little pigs	In the story, the wolf chased the three little pigs	 pigs	1.0539299877663155	1
The farmer was raising cows and lots of little pigs	The farmer was raising cows and lots of little pigs	 pigs	2.6045078358327585	1
Bill checked outside, but he didn't see the little pigs	Bill checked outside, but he didn't see the little pigs	 pigs	10.930838360583039	1
The tooth fairy was supposed to leave money under her pillow	The tooth fairy was supposed to leave money under her pillow	 pillow	0.1865641331693204	1
My cousin usually kept her phone plugged in under her pillow	My cousin usually kept her phone plugged in under her pillow	 pillow	1.2190035048378367	1
When her wallet was missing, she found it under her pillow	When her wallet was missing, she found it under her pillow	 pillow	1.4761494746370316	1
On the plane, Timmy went up to the cockpit to meet the pilot	On the plane, Timmy went up to the cockpit to meet the pilot	 pilot	1.41950471484909	1
When they arrived at their destination, the passengers got to meet the pilot	When they arrived at their destination, the passengers got to meet the pilot	 pilot	4.016570094411196	1
When we were told we had to evacuate, we listened to the pilot	When we were told we had to evacuate, we listened to the pilot	 pilot	7.435852295653932	1
The airport was crowded, and the passengers couldn't board the plane	The airport was crowded, and the passengers couldn't board the plane	 plane	0.9783675610865696	1
After a three hour wait, the passengers could see the plane	After a three hour wait, the passengers could see the plane	 plane	3.0789596807501773	1
After a three hour wait, the men could see the plane	After a three hour wait, the men could see the plane	 plane	6.262098803359194	1
The king died because the assassin filled his cup with poison	The king died because the assassin filled his cup with poison	 poison	0.3279699365471411	1
They were finally able to solve the mouse problem with poison	They were finally able to solve the mouse problem with poison	 poison	10.900943811549821	1
The small dagger that the soldier carried was covered with poison	The small dagger that the soldier carried was covered with poison	 poison	7.375849213647131	1
The gym won't let me swim in their heated pool	The gym won't let me swim in their heated pool	 pool	0.17613624250965318	1
They needed to add more water to the heated pool	They needed to add more water to the heated pool	 pool	2.1853726611086093	1
The men said that I shouldn't approach the heated pool	The men said that I shouldn't approach the heated pool	 pool	4.375260323561929	1
She added chives and sour cream to the baked potato	She added chives and sour cream to the baked potato	 potato	2.266153756379728	1
He opened up the oven to remove the baked potato	He opened up the oven to remove the baked potato	 potato	3.442992749310744	1
The waiter recommended the seafood linguini or the baked potato	The waiter recommended the seafood linguini or the baked potato	 potato	2.0565315242238524	1
The parents of the awarded athlete felt very proud	The parents of the awarded athlete felt very proud	 proud	2.9127221459596813	1
The owner of the Italian restaurant felt very proud	The owner of the Italian restaurant felt very proud	 proud	4.2287071411450805	1
After his final chemo treatment, he felt very proud	After his final chemo treatment, he felt very proud	 proud	6.229766616729568	1
The water from her umbrella collected in a big puddle	The water from her umbrella collected in a big puddle	 puddle	1.6778235616976755	2
The steam from her shower collected in a big puddle	The steam from her shower collected in a big puddle	 puddle	1.8938852028471476	2
The drinks that they didn't finish made a big puddle	The drinks that they didn't finish made a big puddle	 puddle	7.1336504476067	2
When the paramedic arrived, he checked the victim's wrist for a pulse	When the paramedic arrived, he checked the victim's wrist for a pulse	 pulse	0.12923939665850254	1
When the expert arrived, he immediately checked the woman for a pulse	When the expert arrived, he immediately checked the woman for a pulse	 pulse	0.8234812574273749	1
When the detective arrived at the scene, he looked for a pulse	When the detective arrived at the scene, he looked for a pulse	 pulse	4.069170281837321	1
For Halloween, they were carving a large pumpkin	For Halloween, they were carving a large pumpkin	 pumpkin	0.8283810427694805	1
For the pie, they bought a large pumpkin	For the pie, they bought a large pumpkin	 pumpkin	5.103974339940447	1
Before the party, they bought a large pumpkin	Before the party, they bought a large pumpkin	 pumpkin	6.738230525840045	1
He liked to study in the library because it was very quiet	He liked to study in the library because it was very quiet	 quiet	0.6263591954958986	1
The group of people sitting in the concert hall was very quiet	The group of people sitting in the concert hall was very quiet	 quiet	2.802094484306124	1
The neighborhood at the top of the tall hill was very quiet	The neighborhood at the top of the tall hill was very quiet	 quiet	1.5560875484454229	1
The tennis player firmly gripped the handle of his racket	The tennis player firmly gripped the handle of his racket	 racket	0.4901288228704799	1
While waiting for his partner, the player grabbed his racket	While waiting for his partner, the player grabbed his racket	 racket	9.487233424671834	1
The crowd watched as the man picked up his racket	The crowd watched as the man picked up his racket	 racket	8.119566572583617	1
Driving in the countryside, I could only hear static on the radio	Driving in the countryside, I could only hear static on the radio	 radio	0.26699295509045623	1
The woman learned some news about the approaching hurricane on the radio	The woman learned some news about the approaching hurricane on the radio	 radio	0.7163056059399294	1
Luckily, the old woman found lots of interesting programs on the radio	Luckily, the old woman found lots of interesting programs on the radio	 radio	5.141086350980749	1
She brought an umbrella to protect her from the rain	She brought an umbrella to protect her from the rain	 rain	0.4441115978408103	1
She brought a jacket to protect her from the rain	She brought a jacket to protect her from the rain	 rain	1.8791234735849212	1
She arrived late because she got stuck in the rain	She arrived late because she got stuck in the rain	 rain	2.82398321187186	1
He gathered the leaves into a pile using a rake	He gathered the leaves into a pile using a rake	 rake	4.166188982793447	2
The homeowner was cleaning up the driveway using a rake	The homeowner was cleaning up the driveway using a rake	 rake	5.100863677412054	2
He tried to scare off the animal using a rake	He tried to scare off the animal using a rake	 rake	7.622435106624978	2
During her painful headache, she took a Tylenol to get some relief	During her painful headache, she took a Tylenol to get some relief	 relief	0.6270361448783274	1
The old woman with the painful sunburn tried to get some relief	The old woman with the painful sunburn tried to get some relief	 relief	3.007939840849939	1
She decided they should take an extended vacation to get some relief	She decided they should take an extended vacation to get some relief	 relief	5.7823147774525445	1
To make sushi, she carefully boiled the grains of rice	To make sushi, she carefully boiled the grains of rice	 rice	0.09049557509730873	1
She used the pressure cooker to steam lots of rice	She used the pressure cooker to steam lots of rice	 rice	4.553159114792601	1
In the kitchen, she accidentally spilled a bunch of rice	In the kitchen, she accidentally spilled a bunch of rice	 rice	5.370037046707324	1
Before proposing to his girlfriend he would need a ring	Before proposing to his girlfriend he would need a ring	 ring	4.463333162251612	1
For my fiances upcoming birthday I bought her a ring	For my fiances upcoming birthday I bought her a ring	 ring	4.725075231903823	1
After receiving her paycheck she wanted to buy a ring	After receiving her paycheck she wanted to buy a ring	 ring	5.297265442369957	1
The climbers and guide were attached to each other by a rope	The climbers and guide were attached to each other by a rope	 rope	1.5109752398446168	1
The skilled cave explorer remembered to bring his flashlight and a rope	The skilled cave explorer remembered to bring his flashlight and a rope	 rope	5.615378501018336	1
When Jeff went to the sports equipment store, he bought a rope	When Jeff went to the sports equipment store, he bought a rope	 rope	6.765887906751673	1
The wind couldn't push the boat because it had a tear in the sail	The wind couldn't push the boat because it had a tear in the sail	 sail	1.6307565842091816	1
No one has told the sail	No one has told the sail	 sail	15.102315427351275	1
The team had to work for hours to fix the tear in the sail	The team had to work for hours to fix the tear in the sail	 sail	5.861497672613544	1
He bought the lettuce and croutons to make a salad	He bought the lettuce and croutons to make a salad	 salad	0.9506407654041228	1
For her lunch tomorrow, she decided to make a salad	For her lunch tomorrow, she decided to make a salad	 salad	2.622918073389441	1
On the last day, he decided to make a salad	On the last day, he decided to make a salad	 salad	7.625687205555318	1
The store reduced their prices during the annual sale	The store reduced their prices during the annual sale	 sale	2.3828960085840416	1
He spent lots of money at the annual sale	He spent lots of money at the annual sale	 sale	7.183525263358543	1
John and his wife prepared for the annual sale	John and his wife prepared for the annual sale	 sale	7.025289857248731	1
To educate the children, they built a new school	To educate the children, they built a new school	 school	1.9548530423498551	1
My brother moved and transferred to a new school	My brother moved and transferred to a new school	 school	1.8178904018908018	1
After the horrible flood they built a new school	After the horrible flood they built a new school	 school	3.4710211412148952	1
To read the prophecy, he unrolled the ancient scroll	To read the prophecy, he unrolled the ancient scroll	 scroll	0.7451808469448267	1
While visiting court, the priest read the ancient scroll	While visiting court, the priest read the ancient scroll	 scroll	5.546820717987379	1
The pair of thieves recently stole the ancient scroll	The pair of thieves recently stole the ancient scroll	 scroll	5.392767169889638	1
Susan forgot to put a period at the end of the sentence	Susan forgot to put a period at the end of the sentence	 sentence	1.9747128324540533	1
Susan had a lot of trouble understanding the end of the sentence	Susan had a lot of trouble understanding the end of the sentence	 sentence	4.0946081579959435	1
The substitute teacher was pretty impressed by the length of the sentence	The substitute teacher was pretty impressed by the length of the sentence	 sentence	5.66512536188154	1
When the earthquake began, the whole building started shaking	When the earthquake began, the whole building started shaking	 shaking	0.5428577392958019	1
They fled in fear when the house started shaking	They fled in fear when the house started shaking	 shaking	1.58403555184395	1
When the actor approached the audience, he started shaking	When the actor approached the audience, he started shaking	 shaking	6.2998975047822805	1
The swimmer was attacked by a great white shark	The swimmer was attacked by a great white shark	 shark	0.128283597989965	1
The marine biologist was studying a rare white shark	The marine biologist was studying a rare white shark	 shark	2.466129528152911	1
Earlier, the dock worker saw a beautiful white shark	Earlier, the dock worker saw a beautiful white shark	 shark	5.043771247511416	1
It could cut easily because the blade was very sharp	It could cut easily because the blade was very sharp	 sharp	1.912580418263785	1
She always worked quickly, and her tool was very sharp	She always worked quickly, and her tool was very sharp	 sharp	1.5193495316423784	1
His mom sternly warned him because it was very sharp	His mom sternly warned him because it was very sharp	 sharp	7.8708680114036165	1
Sarah pulled the book off the shelf	Sarah pulled the book off the shelf	 shelf	0.40116092076897103	1
Sarah arranged the items on the shelf	Sarah arranged the items on the shelf	 shelf	3.279175542188555	1
Sarah noticed the mouse on the shelf	Sarah noticed the mouse on the shelf	 shelf	5.01849206963457	1
The warrior blocked the spear thrust with his large wooden shield	The warrior blocked the spear thrust with his large wooden shield	 shield	1.2164833793456562	1
In the warrior's tomb, the team discovered a large wooden shield	In the warrior's tomb, the team discovered a large wooden shield	 shield	5.291616122651366	1
The accomplished artist carved the design on the large wooden shield	The accomplished artist carved the design on the large wooden shield	 shield	5.490766875884762	1
He couldn't reach the high shelf because he was very short	He couldn't reach the high shelf because he was very short	 short	2.4425421897955863	1
The big kids always teased Jason because he was very short	The big kids always teased Jason because he was very short	 short	3.194114896067892	1
The parents were worried about Jason because he was very short	The parents were worried about Jason because he was very short	 short	5.911931909670148	1
When exiting the highway, they had trouble reading the small sign	When exiting the highway, they had trouble reading the small sign	 sign	1.3776663638740416	1
On their country drive, they had trouble seeing the small sign	On their country drive, they had trouble seeing the small sign	 sign	2.9492321914344872	1
At the Italian restaurant, they had trouble reading the small sign	At the Italian restaurant, they had trouble reading the small sign	 sign	2.896936066261569	1
Long before he saw the ambulance's lights he heard the siren	Long before he saw the ambulance's lights he heard the siren	 siren	3.0697475885759444	2
When Dennis got closer to the intersection he heard the siren	When Dennis got closer to the intersection he heard the siren	 siren	4.170162999946633	2
The students were ducking for cover when they heard the siren	The students were ducking for cover when they heard the siren	 siren	6.969554257568187	2
She was the youngest out of all her brothers and sisters	She was the youngest out of all her brothers and sisters	 sisters	0.12377296697836195	1
She learned how to use makeup from her friends and sisters	She learned how to use makeup from her friends and sisters	 sisters	4.651494031093988	1
She was always rude and obnoxious around her teachers and sisters	She was always rude and obnoxious around her teachers and sisters	 sisters	8.090988909961077	1
Not using sunscreen at the beach can damage your skin	Not using sunscreen at the beach can damage your skin	 skin	0.3997452883603472	1
The chemicals floating in the water can damage your skin	The chemicals floating in the water can damage your skin	 skin	2.5162973278125413	1
The factory produces noxious chemicals that can damage your skin	The factory produces noxious chemicals that can damage your skin	 skin	3.159259691950948	1
Eric comforted his tearful son and sang him to sleep	Eric comforted his tearful son and sang him to sleep	 sleep	0.00844929981767315	1
My nephew told us that he didn't want to sleep	My nephew told us that he didn't want to sleep	 sleep	5.413925446832844	1
All of us knew that Eric wouldn't want to sleep	All of us knew that Eric wouldn't want to sleep	 sleep	6.701491871956112	1
They didn't rent the apartment because the kitchen was too small	They didn't rent the apartment because the kitchen was too small	 small	0.21188660842194665	1
They didn't buy the convertible because the engine was too small	They didn't buy the convertible because the engine was too small	 small	3.0446273603785543	1
She decided not to apply because the college was too small	She decided not to apply because the college was too small	 small	2.5450688064113867	1
A boa constrictor is a very dangerous type of snake	A boa constrictor is a very dangerous type of snake	 snake	0.4989149064447483	1
He had never been bitten by that type of snake	He had never been bitten by that type of snake	 snake	2.312914460145012	1
My little sister had never seen that type of snake	My little sister had never seen that type of snake	 snake	6.620322201639227	1
Germs are spread when people cough or sneeze	Germs are spread when people cough or sneeze	 sneeze	0.02141853691584713	3
This powder might make you itch or sneeze	This powder might make you itch or sneeze	 sneeze	4.064348262286238	3
People always notice when I laugh or sneeze	People always notice when I laugh or sneeze	 sneeze	6.637022640001804	3
In the shower, he accidentally dropped the bar of soap	In the shower, he accidentally dropped the bar of soap	 soap	0.037281417757387136	1
The janitor decided to purchase a new brand of soap	The janitor decided to purchase a new brand of soap	 soap	3.998742085267144	1
He forgot to stock up on that type of soap	He forgot to stock up on that type of soap	 soap	5.955252128352015	1
The kids had lots of cavities because they drank soda	The kids had lots of cavities because they drank soda	 soda	3.457240434732449	1
They were out of lemonade, so instead they drank soda	They were out of lemonade, so instead they drank soda	 soda	3.977872511213683	1
The hotel didn't have coffee, so instead they drank soda	The hotel didn't have coffee, so instead they drank soda	 soda	4.688487139276403	1
She puckered her lips because the lemon was too sour	She puckered her lips because the lemon was too sour	 sour	2.219802694528958	1
She spat out the fruit because it was too sour	She spat out the fruit because it was too sour	 sour	2.62954586028419	1
She threw away her meal because it was too sour	She threw away her meal because it was too sour	 sour	7.4943803448478	1
Lines of longitude go from the north to the south	Lines of longitude go from the north to the south	 south	0.03518064307663387	1
The arrow on the compass was pointing to the south	The arrow on the compass was pointing to the south	 south	2.8172224301342266	1
On their long vacation, the family traveled to the south	On their long vacation, the family traveled to the south	 south	4.564158152297511	1
The politician stood at the podium and gave a long speech	The politician stood at the podium and gave a long speech	 speech	0.7993700708771729	1
Hamilton didn't have the patience to sit through the long speech	Hamilton didn't have the patience to sit through the long speech	 speech	5.537003409735194	1
Hamilton and his coworkers were chatting together after the long speech	Hamilton and his coworkers were chatting together after the long speech	 speech	7.931748214627924	1
Merlin needed his magic wand to cast the spell	Merlin needed his magic wand to cast the spell	 spell	0.7439187149288634	1
The students at Hogwarts had trouble understanding the spell	The students at Hogwarts had trouble understanding the spell	 spell	5.556052927691567	1
The princess could not be awakened by the spell	The princess could not be awakened by the spell	 spell	5.150567449386116	1
The web had been spun by the large spider	The web had been spun by the large spider	 spider	9.34757617693801	1
My older brother refused to touch the large spider	My older brother refused to touch the large spider	 spider	7.251721129895164	1
My husband was trying to catch the large spider	My husband was trying to catch the large spider	 spider	5.027789311634443	1
After the meal, she ate her sundae with a small metal spoon	After the meal, she ate her sundae with a small metal spoon	 spoon	0.8195823060418276	1
Mike was searching around in the kitchen for a small metal spoon	Mike was searching around in the kitchen for a small metal spoon	 spoon	3.045446175630653	1
At the flea market in Sacramento he bought a small metal spoon	At the flea market in Sacramento he bought a small metal spoon	 spoon	6.6741608644358115	1
The creature was either an octopus or a giant squid	The creature was either an octopus or a giant squid	 squid	0.660585047470194	2
The group of scientists was attacked by a giant squid	The group of scientists was attacked by a giant squid	 squid	2.9951314610440773	2
The museum display had some pictures of a giant squid	The museum display had some pictures of a giant squid	 squid	4.25447176367708	2
The audience shouted "boo!" until the actor walked off the stage	The audience shouted "boo!" until the actor walked off the stage	 stage	0.0730627645680964	1
The technician had to adjust all the lights above the stage	The technician had to adjust all the lights above the stage	 stage	4.9417779565722215	1
When we walked inside, we all saw Johnathan on the stage	When we walked inside, we all saw Johnathan on the stage	 stage	3.723335837684128	1
Even the professional dry cleaner wasn't able to remove the stain	Even the professional dry cleaner wasn't able to remove the stain	 stain	3.7811376914168977	1
My roommate needed some advice on how to remove the stain	My roommate needed some advice on how to remove the stain	 stain	5.647502613294168	1
During the wedding reception, all of the guests noticed the stain	During the wedding reception, all of the guests noticed the stain	 stain	7.648877605403182	1
The hopeful girl wished upon a star	The hopeful girl wished upon a star	 star	0.250920209221369	1
The sticker was shaped like a star	The sticker was shaped like a star	 star	5.570497202899021	1
On the canvas, Andrew drew a star	On the canvas, Andrew drew a star	 star	6.1006294575627384	1
At the bar, the man sat on a stool	At the bar, the man sat on a stool	 stool	0.6334380241538561	1
During timeout, Suzie had to sit on a stool	During timeout, Suzie had to sit on a stool	 stool	2.894034908639555	1
To paint the ceiling, the decorator needed a stool	To paint the ceiling, the decorator needed a stool	 stool	7.157359034769683	1
The hot pan was bubbling on the stove	The hot pan was bubbling on the stove	 stove	0.3702360687535237	1
The children weren't supposed to touch the stove	The children weren't supposed to touch the stove	 stove	6.404239629918946	1
Jan wasn't able to turn on the stove	Jan wasn't able to turn on the stove	 stove	4.059761821644972	1
It's easy to spot a zebra because of its stripes	It's easy to spot a zebra because of its stripes	 stripes	0.7432231528740084	1
It's easy to recognize a bumblebee because of its stripes	It's easy to recognize a bumblebee because of its stripes	 stripes	6.386339441408322	1
It's easy to recognize a piranha because of its stripes	It's easy to recognize a piranha because of its stripes	 stripes	7.2999259738145374	1
After cutting down the tree, all that was left was a stump	After cutting down the tree, all that was left was a stump	 stump	1.9404715744961851	1
They had to hire the landscapers, to help them remove a stump	They had to hire the landscapers, to help them remove a stump	 stump	7.2373862122036465	1
Behind the storage shed, there were some dead branches and a stump	Behind the storage shed, there were some dead branches and a stump	 stump	6.163702564458874	1
To make the cake sweet, he added some more sugar	To make the cake sweet, he added some more sugar	 sugar	1.7572659531298231	1
My wife didn't notice that I added some more sugar	My wife didn't notice that I added some more sugar	 sugar	4.4919048594052855	1
I reminded my wife that we needed some more sugar	I reminded my wife that we needed some more sugar	 sugar	7.025025739570651	1
To look good at the funeral, he needed to buy a suit	To look good at the funeral, he needed to buy a suit	 suit	1.9083493901825481	1
He had a big date, and he needed to buy a suit	He had a big date, and he needed to buy a suit	 suit	3.9886053143329914	1
Because he's visiting his grandma soon, he needed to buy a suit	Because he's visiting his grandma soon, he needed to buy a suit	 suit	5.172885165565669	1
At two o'clock the British family always has crumpets and tea	At two o'clock the British family always has crumpets and tea	 tea	1.250969724392367	1
At the breakfast buffet, the conference was serving coffee and tea	At the breakfast buffet, the conference was serving coffee and tea	 tea	2.7418931566760643	1
When their mother was home they could have brownies and tea	When their mother was home they could have brownies and tea	 tea	6.079068536883823	1
The dentist was teaching Emma how to clean her teeth	The dentist was teaching Emma how to clean her teeth	 teeth	0.31127067691034943	1
Our mother told my sister to always clean her teeth	Our mother told my sister to always clean her teeth	 teeth	2.4283718328756194	1
The nanny reminded my sister to look after her teeth	The nanny reminded my sister to look after her teeth	 teeth	5.968147960391742	1
Everett lit the campfire while I pitched the tent	Everett lit the campfire while I pitched the tent	 tent	0.4576636258040883	1
The kids at summer camp slept in the tent	The kids at summer camp slept in the tent	 tent	3.8901226686115473	1
Everett's dad asked if he could move the tent	Everett's dad asked if he could move the tent	 tent	5.679735008416117	1
The pill I just swallowed is stuck in my throat	The pill I just swallowed is stuck in my throat	 throat	0.6250242818123736	1
The doctor said I have something stuck in my throat	The doctor said I have something stuck in my throat	 throat	1.1286757446679538	1
The doctor isn't able to do anything about my throat	The doctor isn't able to do anything about my throat	 throat	6.7336920392279875	1
He made a dentist appointment to extract his broken tooth	He made a dentist appointment to extract his broken tooth	 tooth	1.0505830301424244	1
He had difficulty speaking because he had a broken tooth	He had difficulty speaking because he had a broken tooth	 tooth	3.2153053204765016	1
After some discussion, they decided to remove the broken tooth	After some discussion, they decided to remove the broken tooth	 tooth	7.012365779168798	1
The tiny maple sapling has grown into a large tree	The tiny maple sapling has grown into a large tree	 tree	0.976446304169474	1
The bicycle was swerving and crashed into a large tree	The bicycle was swerving and crashed into a large tree	 tree	1.4816310934316834	1
Joan and her decorator decided to add a large tree	Joan and her decorator decided to add a large tree	 tree	5.0523118091194466	1
Ben unloaded the bags of cement from the back of the truck	Ben unloaded the bags of cement from the back of the truck	 truck	0.7645059296907579	1
The fugitive hid from the police in the back of the truck	The fugitive hid from the police in the back of the truck	 truck	3.484335428052264	1
Ben was being so violent that he tried to smash the truck	Ben was being so violent that he tried to smash the truck	 truck	7.0753627776505565	1
There's no need to lie, you can tell me the truth	There's no need to lie, you can tell me the truth	 truth	0.2267592790634587	1
My friend at the office refused to tell me the truth	My friend at the office refused to tell me the truth	 truth	4.7676706894526015	1
The police officer was unsure if he could find the truth	The police officer was unsure if he could find the truth	 truth	7.67550226128355	1
Elephants are often hunted for the ivory in their tusks	Elephants are often hunted for the ivory in their tusks	 tusks	0.37786670468746103	3
After catching the animals, the poachers cut off their tusks	After catching the animals, the poachers cut off their tusks	 tusks	3.7700614293980084	3
The smugglers could not find a buyer for their tusks	The smugglers could not find a buyer for their tusks	 tusks	9.119360719128624	3
The city lies between two hills in a valley	The city lies between two hills in a valley	 valley	1.4653755886247668	1
The team discovered the fertile crops in a valley	The team discovered the fertile crops in a valley	 valley	4.468586099445326	1
The house sits between two shops in a valley	The house sits between two shops in a valley	 valley	7.923485830788568	1
At the ice cream shop, Jen asked for both chocolate and vanilla	At the ice cream shop, Jen asked for both chocolate and vanilla	 vanilla	0.6506767191401084	1
To add flavor to the frosting he added maple syrup and vanilla	To add flavor to the frosting he added maple syrup and vanilla	 vanilla	2.4822226425461746	1
He walked down to the supermarket to buy milk, flour, and vanilla	He walked down to the supermarket to buy milk, flour, and vanilla	 vanilla	8.938033971095805	1
To display the roses, Katie put them in an expensive vase	To display the roses, Katie put them in an expensive vase	 vase	1.1554097910075312	2
The collector of Chinese artifacts had just acquired the expensive vase	The collector of Chinese artifacts had just acquired the expensive vase	 vase	5.468517948933271	2
The young couple paid lots of money for the expensive vase	The young couple paid lots of money for the expensive vase	 vase	7.901674849671909	2
The bride covered her face with a veil	The bride covered her face with a veil	 veil	1.3712178435468159	1
She wore a beautiful gown and a veil	She wore a beautiful gown and a veil	 veil	3.5011850728388274	1
The seamstress sewed two sheets and a veil	The seamstress sewed two sheets and a veil	 veil	5.596977491983311	1
Before the show, the sick opera singer suddenly lost her voice	Before the show, the sick opera singer suddenly lost her voice	 voice	0.2260164844198256	1
Before the cameras started rolling, the actress suddenly lost her voice	Before the cameras started rolling, the actress suddenly lost her voice	 voice	1.280899926354886	1
Before leaving to buy groceries, my aunt suddenly lost her voice	Before leaving to buy groceries, my aunt suddenly lost her voice	 voice	1.3865899903987424	1
In the election, people younger than eighteen aren't allowed to vote	In the election, people younger than eighteen aren't allowed to vote	 vote	0.12555278466717992	1
In countries with strict religious codes, women aren't allowed to vote	In countries with strict religious codes, women aren't allowed to vote	 vote	3.2512584224500083	1
On some campuses, many of the students don't want to vote	On some campuses, many of the students don't want to vote	 vote	4.7637753313266975	1
The bride refused to invite her father to the wedding	The bride refused to invite her father to the wedding	 wedding	0.26170957235249664	1
Kathy decided not to invite her uncle to the wedding	Kathy decided not to invite her uncle to the wedding	 wedding	1.227697428548394	1
The lazy teenager didn't want to go to the wedding	The lazy teenager didn't want to go to the wedding	 wedding	7.108208643435982	1
The woman would need a raincoat to avoid getting wet	The woman would need a raincoat to avoid getting wet	 wet	1.1349579774490042	1
He didn't drive home because the roads were getting wet	He didn't drive home because the roads were getting wet	 wet	5.090203178889575	1
He doesn't run very often because he hates getting wet	He doesn't run very often because he hates getting wet	 wet	4.3908269872566095	1
The referee was blowing on his whistle	The referee was blowing on his whistle	 whistle	0.8248134252534151	1
None of the players heard his whistle	None of the players heard his whistle	 whistle	5.876335032030298	1
My brother remembered to bring his whistle	My brother remembered to bring his whistle	 whistle	7.158464794099741	1
At the vineyard, he bought a fancy bottle of wine	At the vineyard, he bought a fancy bottle of wine	 wine	1.2002719308085652	1
The waiter forgot to bring me my glass of wine	The waiter forgot to bring me my glass of wine	 wine	2.070649152107708	1
At the market, he bought a new type of wine	At the market, he bought a new type of wine	 wine	6.250254844165123	1
Then, the genie granted his third and final wish	Then, the genie granted his third and final wish	 wish	0.07660240519600219	1
The king remembered that he had one final wish	The king remembered that he had one final wish	 wish	3.864687303820252	1
The young boy had forgotten about his final wish	The young boy had forgotten about his final wish	 wish	7.1270336500630656	1
The kids thought that the scary old woman was probably a witch	The kids thought that the scary old woman was probably a witch	 witch	2.8792571230651967	1
For Halloween that year she decided to dress up as a witch	For Halloween that year she decided to dress up as a witch	 witch	3.0939798266312986	1
She decided that she shouldn't write a children's story about a witch	She decided that she shouldn't write a children's story about a witch	 witch	4.873115570822474	1
At the sawmill they slice logs into long planks of wood	At the sawmill they slice logs into long planks of wood	 wood	2.4101431286717463	1
To repair the cabinet, he needed several different types of wood	To repair the cabinet, he needed several different types of wood	 wood	1.8018143711326888	1
At the ancient burial site they found weapons made of wood	At the ancient burial site they found weapons made of wood	 wood	3.9208983722800776	1
Shearing the sheep produced a large amount of wool	Shearing the sheep produced a large amount of wool	 wool	4.30921649949754	1
The elderly shepherd sold a large amount of wool	The elderly shepherd sold a large amount of wool	 wool	3.913540381074428	1
The new factory produced a large amount of wool	The new factory produced a large amount of wool	 wool	8.04301566877123	1
The old couple sat together without speaking a single word	The old couple sat together without speaking a single word	 word	0.011469434732268588	1
Despite his best efforts, he couldn't recognize a single word	Despite his best efforts, he couldn't recognize a single word	 word	2.5321978411007056	1
During his stay, the visitor only used a single word	During his stay, the visitor only used a single word	 word	5.129734034942408	1
The kitten was playing with a ball of yarn	The kitten was playing with a ball of yarn	 yarn	0.8260148887317323	1
The old woman was collecting different colors of yarn	The old woman was collecting different colors of yarn	 yarn	3.4812741190316765	1
Emily had trouble finding the right color of yarn	Emily had trouble finding the right color of yarn	 yarn	4.442429661884164	1
To record some high school memories, he had everyone sign his yearbook	To record some high school memories, he had everyone sign his yearbook	 yearbook	2.9269455514681204	2
In high school, I wrote my boyfriend a message in his yearbook	In high school, I wrote my boyfriend a message in his yearbook	 yearbook	3.221497829681791	2
Apparently, because James didn't have a pen, he couldn't sign his yearbook	Apparently, because James didn't have a pen, he couldn't sign his yearbook	 yearbook	8.015767557456368	2
To see the exotic animals, we took the children to the zoo	To see the exotic animals, we took the children to the zoo	 zoo	1.5880549639846782	1
To see the pretty horses, we took the children to the zoo	To see the pretty horses, we took the children to the zoo	 zoo	3.247851690440789	1
Jennifer asked a close friend if they could go to the zoo	Jennifer asked a close friend if they could go to the zoo	 zoo	4.126441145378487	1
