Word_Unique_ID	Surprisal	NumTokens
QID1	1.098209320434022	1
QID2	5.316166973517901	1
QID3	8.6356533972991	3
QID4	0.6927981312242943	1
QID5	3.8303203810293818	1
QID6	2.5219624675725894	1
QID7	4.535864505881702	1
QID8	8.611313017734997	1
QID9	0.2900900910529051	1
QID10	4.763907667003711	1
QID11	3.4144961777988176	1
QID12	3.713250131862315	2
QID13	4.52486839218093	1
QID14	2.0372330720886342	1
QID15	1.6892086200522536	1
QID16	1.9089413525830057	1
QID17	6.674870535716071	1
QID18	2.2438764332243695	1
QID19	8.448511752975666	1
QID20	3.7220277620817366	2
QID21	2.5583726058477576	1
QID22	6.181258742376344	1
QID23	8.688680928642306	2
QID24	1.7315479680468395	1
QID25	1.0633782168690589	1
QID26	8.002015441854672	1
QID27	1.466796898444627	1
QID28	2.1227871776923477	2
QID29	0.982840232621002	1
QID30	4.199919127569312	1
QID31	0.33803496155986484	1
QID32	1.838796377878425	1
QID33	1.5730583039751829	1
QID34	0.6437219243757515	1
QID35	2.430628123880172	1
QID36	2.4982404819395647	1
QID37	3.087319690174452	1
QID38	1.2742136688917391	1
QID39	0.10448952616271713	1
QID40	3.262826312846504	2
QID41	3.606496725069853	1
QID42	0.4072739254419535	1
QID43	9.557237168445996	1
QID44	0.08973878766842429	1
QID45	1.2870339734213734	1
QID46	1.5510639480771409	1
QID47	2.5946208628710434	1
QID48	0.7573295110298711	1
QID49	5.5888468734009855	1
QID50	1.7412978543903372	1
QID51	6.810746430353411	1
QID52	2.0808200103444756	1
QID53	3.529114738932683	1
QID54	0.8750677506037152	1
QID55	1.9186054433994084	1
QID56	2.3182120731519418	2
QID58	4.123625708288617	1
QID59	3.7747416594756515	2
QID60	1.828433914029005	1
QID61	6.4360751149648845	1
QID62	10.91514179509598	3
QID63	3.7282966135811497	1
QID64	4.468539099423724	2
QID65	2.3294178022859477	1
QID66	5.5299246553146135	1
QID67	0.8730183096590562	1
QID68	11.302563920790885	1
QID69	5.765857424331387	2
QID70	1.9634428886472342	1
QID71	8.149464130923095	1
QID72	0.9036939900004956	1
QID73	1.3586927902765138	1
QID74	0.862123500189555	1
QID75	0.3451003501868448	1
QID76	2.099847467557483	1
QID77	2.886743981124193	1
QID78	0.9789064380884384	1
QID79	1.8474071784241983	1
QID80	0.12049926234424713	1
QID81	5.637546266140305	2
QID82	5.998230798506192	1
QID83	0.1186836191348868	1
QID84	6.4334044109460855	1
QID85	1.213280636717301	1
QID86	3.5730040117837136	1
QID87	3.781831035308648	1
QID88	1.8270443108480847	2
QID89	5.045757549343306	1
QID90	0.5491355491198835	1
QID91	5.152384002523626	3
QID92	1.6335369965106703	1
QID93	8.687081542307528	2
QID94	2.9673491098843225	1
QID95	0.9049091711802968	1
QID96	1.2970236673258448	1
QID97	0.07372101559738295	1
QID98	10.983901572503823	3
QID99	8.312025132949604	2
QID100	5.355272618670575	1
QID101	2.1243229583340195	1
QID102	5.651136920399653	1
QID103	0.4112997295035472	1
QID104	9.881101211016427	1
QID105	0.5368228470081047	1
QID106	6.9552079762711285	1
QID107	0.4860554370580558	1
QID108	0.0997952535565594	1
QID109	5.989915437768687	1
QID110	2.0256334406198113	1
QID111	0.9777794362785084	1
QID112	0.22113083014988005	1
QID113	1.857039732663191	1
QID114	0.5855871653675129	1
QID115	7.6676882907671615	3
QID117	5.296350112153001	1
QID118	1.8847413402967463	1
QID119	10.340624122536074	2
QID120	9.205900420518487	2
QID121	0.20500974887803408	1
QID122	0.95472952521892	1
QID123	0.04232533610108085	2
QID124	0.03571037227037331	2
QID125	0.4078505640907142	1
QID126	4.652340481174726	1
QID127	2.2643871540511493	1
QID128	1.3808482736492746	1
QID129	7.9375562020317725	1
QID130	1.2431372060724424	1
QID131	0.4165318961175979	1
QID132	4.866464024101216	1
QID133	3.575915364039949	1
QID134	6.597617195342373	1
QID135	0.3317781319180385	1
QID136	5.408196909901066	1
QID137	1.5503527979598417	1
QID138	4.322769512462284	1
QID139	3.0241109622550697	1
QID140	1.6684899603893153	2
QID141	1.6327853363829767	1
QID142	3.2881601732909713	2
QID143	5.437417547593429	1
QID144	1.2642212443987964	1
QID145	2.114788326656321	1
QID146	0.3841516806532217	1
QID147	1.2821238131004904	1
QID148	1.5649209843353504	1
QID149	4.463484869253944	1
QID150	3.970530788007165	1
QID151	0.8771989764287101	1
QID152	9.604805793979061	1
QID153	0.20042792602907852	1
QID154	2.7169072331142297	1
QID155	4.4811035261602905	1
QID156	0.08693885226172099	1
QID157	1.1931001066421134	1
QID158	2.824333763361192	1
QID159	2.1268954474099018	2
QID160	3.795434853281958	2
QID162	0.6225689165334317	1
QID163	0.03674253461089758	1
QID164	2.9932848713558	1
QID165	3.7352907925991263	1
QID166	1.3517110223480902	1
QID167	2.1761074513422045	1
QID168	4.019058149349752	1
QID169	0.31578600626314496	2
QID170	3.58150466165415	1
QID171	4.2437532808219665	1
QID172	3.1230809642239956	1
QID173	3.471311862752543	2
QID174	12.750574266301768	1
QID175	5.5912552087796055	1
QID176	3.6778887652794534	1
QID177	1.7699082963958572	1
QID178	2.49624190994694	1
QID179	8.94280881328508	2
QID180	5.211611983901621	1
QID181	1.4681179552398451	1
QID182	1.4834811601410294	1
QID183	9.937971703089456	1
QID184	2.606954833870183	1
QID185	8.34246529711565	1
QID186	4.910665986232119	3
QID187	3.0375119001585	1
QID188	0.6559819254050071	1
QID189	3.669872210336626	2
QID190	0.8290111827652666	1
QID191	2.540220016991082	1
QID192	2.8593883647903744	1
QID193	8.916618142032721	1
QID194	4.656761450877066	1
QID195	7.2187256903504355	2
QID196	3.2146951801170007	1
QID197	1.645929212008126	1
QID198	9.98015167919908	2
QID199	8.640983070077231	1
QID200	3.3289140083151016	1
QID201	1.1301824730298762	1
QID202	5.29425782206229	2
QID203	1.815261164660744	1
QID204	13.404960571271438	3
QID205	9.554343161554783	1
QID206	9.667300976421679	2
QID207	1.6179610386496297	1
QID208	5.1624885585905025	1
QID209	2.8740956832084037	1
QID210	4.710670425503749	1
QID211	0.7859531396823864	1
QID212	2.3630190608921025	1
QID213	2.194234239419929	1
QID214	4.993180179376815	1
QID215	2.5645888601610043	1
QID216	3.6666753633345737	1
QID217	1.1224738289819305	1
QID218	0.10758243132641876	1
QID219	3.7214768794297566	1
QID220	4.776950856671678	2
QID221	2.7478828222905536	1
QID222	2.255950571542561	1
QID223	3.9141880512332463	1
QID224	3.599739432091118	1
QID225	0.3924474385095025	1
QID226	5.788236997313602	2
QID227	3.4270355261300542	1
QID228	4.725199912464289	1
QID229	13.071105362473743	1
QID230	2.126200239206025	1
QID231	5.809951450438576	2
QID233	8.174328793851801	2
QID234	16.099070985816503	2
QID235	2.453111203858729	1
QID236	5.2174679531351575	1
QID237	1.7463574047336594	1
QID238	1.4338636738055148	1
QID239	2.498697001352021	2
QID240	3.4531581473265733	1
QID241	0.21611819317282602	1
QID242	12.85589849452472	1
QID243	3.6524493636537634	2
QID244	1.6255317807859675	1
QID245	2.81022202385494	1
QID246	2.647283585300587	2
QID247	1.2253973752064915	1
QID248	2.3927853606492873	1
QID249	4.348925118219932	1
QID250	0.5525000559145886	1
QID251	13.019342546899068	3
QID252	0.054691352662454985	1
QID253	1.681492848457664	2
QID254	3.504666002936253	1
QID255	0.9662490131628764	1
QID256	9.054466032031717	2
QID257	6.040868401045238	1
QID258	0.7998364901043551	1
QID259	5.5014012452598235	2
QID260	3.223497438700299	1
QID261	0.8553510191245299	1
QID262	6.020287362909106	1
QID263	1.3272975015841926	1
QID264	0.5934048364601976	1
QID265	0.6915762081052464	1
QID266	1.3647152339585595	1
QID267	4.526274661893677	1
QID268	4.690806450024704	1
QID269	0.10886123425835027	1
QID270	5.521503855902838	2
QID271	1.8525354938701184	1
QID272	2.0492049236068843	1
QID273	1.9591774466941183	1
QID274	0.00741419959129075	1
QID275	3.644768982466145	1
QID276	5.782941757308962	2
QID277	3.0150259294442128	1
QID278	3.682678733869663	1
QID279	4.1227257858388	1
QID280	3.3483941077232906	1
QID281	0.19164531435684098	1
QID282	1.5140101706905666	1
QID283	1.3327173900311429	1
QID284	4.212478126834235	1
QID285	0.8302869348491151	1
QID286	5.689763629488272	2
QID287	0.7155273102570193	1
QID288	0.8747190061316097	2
QID290	9.590593387804173	1
QID291	9.882067905292642	1
QID292	7.002783177566116	1
QID293	4.659076118049455	1
QID294	5.205222460809046	1
QID295	5.322544455984679	1
QID296	0.3252684781513541	1
QID297	3.5797935829800243	1
QID298	2.6864179795363587	1
QID299	7.774061855937148	1
QID300	4.5070462881177935	2
QID301	2.636474709083986	1
QID302	6.688381215731537	1
QID303	4.381252069483038	1
QID304	1.7707885437888409	1
QID305	14.583938080247217	3
QID306	3.4920292680149148	1
QID307	7.309104739757117	1
QID308	2.631697830865141	1
QID309	2.3647499170964124	1
QID310	0.17937153208974474	1
QID311	1.7422401741609546	2
QID312	2.588164461835413	1
QID313	3.4797439137441333	1
QID314	0.6284958667053506	1
QID315	2.6222809612477027	1
QID316	1.4510198069008269	1
QID317	1.4928925407946738	1
QID318	7.962361265870485	3
QID319	1.2256633629001867	1
QID320	3.1568615829390114	1
QID321	0.6876368102609618	1
QID322	3.841278715984029	2
QID323	2.99126326711698	1
QID324	7.5811917181965995	1
QID325	11.714684268963985	2
QID326	5.452688540979811	1
QID327	1.4028134912641983	1
QID328	7.282464475454565	1
QID329	4.746180001065273	1
QID330	6.156386642003873	1
QID331	9.988046695555873	1
QID332	1.5805820142829776	1
QID333	1.1856212381889035	1
QID334	8.545191046456306	1
QID335	6.6054247217573305	2
QID336	4.591586192229679	1
QID337	3.981905556749088	1
QID338	9.266368154148573	1
QID339	1.1914407068328086	1
QID340	3.799009205162292	1
QID341	3.5345760893713387	1
QID342	1.7932237451751318	1
QID343	5.450447998935531	1
QID344	0.9958871599767176	1
QID345	4.921416680195511	2
QID347	11.456358879607407	2
QID348	6.652748786972046	2
QID349	1.150459563732035	1
QID350	5.908565244424728	1
QID351	2.4450708141978827	1
QID352	2.88002384015634	1
QID353	9.74615129692299	2
QID354	3.0217726957018565	1
QID355	3.1501247880942382	1
QID356	5.86482222038034	1
QID357	10.336149726610888	2
QID358	2.457739115957907	1
QID359	4.8023631030867575	1
QID360	0.6904325988147169	1
QID361	4.8012888124629285	2
QID362	9.221029737756345	1
QID363	0.4476819355191533	1
QID364	6.366537570471577	1
QID365	0.5750423917394812	1
QID366	0.4640339485620232	1
QID367	7.3920413332923225	1
QID368	8.947343728180648	1
QID369	2.7677904860296128	1
QID370	6.529311158633847	1
QID371	4.759005033592112	2
QID372	1.79985419988552	1
QID373	4.122027355797981	1
QID374	2.6436351680029646	1
QID375	6.067426729300369	2
QID376	2.9374048413376928	1
QID377	2.1797797419977445	2
QID378	0.5351218175501354	1
QID379	3.0384637779111388	1
QID380	1.3191180116315753	2
QID381	1.110550457312398	1
QID382	2.1053826014650965	1
QID383	10.28936659350925	3
QID384	3.2781215115650664	1
QID385	2.2264565503477685	1
QID386	0.4964603494096142	1
QID387	0.6242393558872075	1
QID388	3.5430686329053964	1
QID389	2.6638932948125498	2
QID390	1.4893872939150945	1
QID391	3.659939329057496	1
QID392	3.3267191321713407	1
QID393	1.7974559682092297	1
QID394	2.1826673560606595	1
QID395	1.0415516071706767	1
QID396	4.129413257762246	2
QID397	1.6835944791920958	1
QID398	1.1993381391564435	1
QID399	9.963725430959279	3
QID400	4.295786682419285	1
QID401	2.473981717516999	1
QID402	12.783657645121528	3
QID404	6.473014301581973	1
QID405	3.5640558958905286	1
QID406	3.68608940586628	1
QID407	5.637365458881768	1
QID408	3.5354328827639483	1
QID409	0.6273796153459	1
QID410	2.0898511021993125	1
QID411	3.250475559395802	1
QID412	0.01559581207381356	1
QID413	5.773596258003143	2
QID414	4.390929519474547	1
QID415	1.6023212700065477	1
QID416	1.5994664713851166	1
QID417	3.9442213327539903	1
QID418	0.2446648912190687	1
QID419	4.647349163213582	1
QID420	0.018249433182813395	1
QID421	3.287827263521223	1
QID422	1.7866732423729468	2
QID423	5.189293776243331	1
QID424	9.727668350545924	1
QID425	5.317419833639688	1
QID426	1.1360872828124389	1
QID427	1.242398531522447	1
QID428	7.4157982014625565	1
QID429	0.8030475175438124	1
QID430	0.006603192178946271	1
QID431	3.51639339161424	1
QID432	4.6748525763725315	3
QID433	3.6844190864387913	1
QID434	0.41118527823320494	1
QID435	2.2071644641727945	1
QID436	2.2082572964982234	1
QID437	5.897176300718491	1
QID438	0.3742299944104636	1
QID439	8.565652166696536	1
QID440	2.753428916273008	3
QID441	1.4824623489552573	2
QID442	3.0085636496737767	1
QID443	1.1895769733377641	1
QID444	0.9091275152710314	1
QID445	3.6287380135997926	1
QID446	1.942678506561036	2
QID447	2.7899395642139098	1
QID448	3.58589050650664	1
QID449	5.4827161131819535	1
QID450	3.951430131743225	1
QID451	1.1161136790415058	1
QID452	1.5506029434401212	2
QID453	3.7532158590377116	1
QID454	2.57422751467534	1
QID455	2.048604403208806	1
QID456	0.632456310951727	1
QID457	0.2470721346616649	1
QID458	2.638322997607525	1
QID459	2.572497731559642	2
QID460	2.2801238603917318	1
QID461	1.3901457108341122	1
QID462	11.475459129897336	2
QID463	8.901441955523813	2
QID464	2.3195970380718567	1
QID465	2.3894618769722675	1
QID466	7.610995953031418	1
QID467	2.772922244024165	1
QID468	2.9463470466773365	1
QID469	14.669418156460704	5
QID470	8.852020616649535	1
QID471	5.726203150085426	2
QID472	4.936151876370153	1
QID473	0.4305991884841243	1
QID474	0.1906665627031536	1
QID475	0.4340471007269041	1
QID476	7.357165161171018	4
QID477	0.028202418961177	1
QID478	2.590997257890326	1
QID479	11.459066598611138	3
QID480	6.200870179643954	1
QID481	0.8032905580972027	1
QID482	6.795396267668967	1
QID483	4.428372825572588	2
QID484	5.735582491075388	1
QID485	9.430983117661926	2
QID486	1.7738289923031825	1
QID487	0.6377112899229306	1
QID488	0.626921268304291	1
QID489	0.6225935908911538	1
QID490	6.673740372454642	1
QID491	1.455491028764636	1
QID492	0.0495313066312649	1
QID493	3.152610702853937	1
QID494	4.129433895481695	1
QID495	5.23894831107136	1
QID496	2.732951974379427	1
QID497	2.919781441529609	2
QID498	1.831977005327316	1
QID499	8.532011968834572	3
QID500	4.172412401442831	1
QID501	6.89515222216646	1
QID502	4.303402095351058	1
QID503	0.31750361024855744	1
QID504	8.672043006293162	2
QID505	0.6948769502962131	1
QID506	8.997465108085619	1
QID507	1.1807574545332458	1
QID508	2.020822997704736	1
QID509	2.4463997639329813	1
QID510	2.053903541902759	1
QID511	6.875262838919044	1
QID512	2.1422035783720794	1
QID513	3.3685117105190168	2
QID515	12.62523749178497	3
QID516	10.681129711347848	1
QID517	1.858939572474696	1
QID518	6.9418790859198785	2
QID519	4.596713701005974	2
QID520	2.6178748331497395	1
QID521	2.4337381594082483	1
QID522	4.678763538859197	1
QID523	2.6240975974107785	1
QID524	1.227956302345198	2
QID525	4.348378620757654	1
QID526	3.469215446815006	1
QID527	1.6622563165865067	1
QID528	4.365710623436808	1
QID529	0.11746419677590947	1
QID530	5.104233167909756	1
QID531	1.1151556895754051	1
QID532	5.242326984285238	2
QID533	7.807163010482463	1
QID534	5.7173631119233175	2
QID535	7.115112401014527	2
QID536	6.7772213862430934	2
QID537	1.4919994929639304	1
QID538	1.6026435095263836	1
QID539	0.5806247599243671	1
QID540	1.8265901178640984	1
QID541	0.2738879826823421	1
QID542	0.8862360512509644	1
QID543	2.713929343911916	1
QID544	0.33972713760056744	1
QID545	1.110485301931387	1
QID546	0.07663616539960891	1
QID547	0.011638907044244268	1
QID548	0.3624635185883316	1
QID549	4.999842970001862	2
QID550	2.7316421881804023	1
QID551	3.459660208964185	1
QID552	0.5564851075144479	1
QID553	3.4293024368461484	1
QID554	5.151184163712057	1
QID555	3.85440288999004	1
QID556	3.0152775852705873	1
QID557	2.7131546877083634	1
QID558	0.40074585164090304	1
QID559	2.0678256397693557	1
QID560	4.858868780046595	1
QID561	4.497317619916697	1
QID562	2.1343483183914387	1
QID563	2.3631016954259554	1
QID564	0.9037927240491496	1
QID565	2.878255234771723	1
QID566	0.15964182903638324	1
QID567	5.489146363692752	2
QID568	1.2691107098749614	2
QID569	2.7352278399492125	1
QID570	13.049965615291867	2
QID571	0.7455781876327398	2
QID572	4.24715584609106	1
QID573	0.745604449225152	1
QID574	8.770238958128589	2
QID575	2.398665942198285	2
QID576	7.8074609504836285	4
QID577	0.5595925138171097	1
QID578	1.3811587629573987	1
QID579	5.885031684243423	1
QID580	0.4776504668715947	1
QID581	5.692457082808096	1
QID582	0.025638572151387512	1
QID583	8.909558842415073	3
QID584	2.0242677754751317	1
QID585	2.8032589191566903	1
QID586	0.8821041267025798	1
QID587	4.394038328522593	1
QID588	4.8103802815108265	1
QID589	1.0110085458981048	1
QID590	4.3122361876773265	1
QID591	11.000892903055869	2
QID592	5.152668278010085	1
QID593	1.1321973790979505	1
QID594	2.255649357792074	1
QID595	3.3099026775870617	1
QID596	2.0961745668642573	1
QID597	2.576288193673244	1
QID598	0.8511829842981107	1
QID599	3.6399086784835566	2
QID600	5.0789085432901615	2
QID601	1.60452134718741	1
QID602	5.532158338502923	1
QID603	2.202735964488093	1
QID604	1.5422807771580898	1
QID605	2.1101022812604198	1
QID606	3.617168971761088	1
QID607	3.0248782633358067	1
QID608	1.8803133940335244	1
QID609	5.017861571038286	1
QID610	8.176579117451407	1
QID611	4.245474965910386	1
QID612	2.6375995151593266	1
QID613	1.9169488871744524	1
QID614	8.311322316823803	2
QID615	9.945801721797283	1
QID616	0.4068551198146804	1
QID617	1.6459539811053785	1
QID618	7.128510078543308	1
QID619	0.956554442078256	1
QID620	5.5202571244864895	1
QID621	6.292432521302015	3
QID622	6.607619343974668	1
QID623	4.37474364018239	2
QID624	6.921433369355673	1
QID625	9.292174225983583	2
QID626	6.073756382128053	1
QID627	4.8170306375031835	1
QID628	4.385135149619161	1
QID629	0.7420829208601043	1
QID630	9.716901023564832	1
QID631	1.099303897608747	1
QID632	3.2514549470823235	1
QID633	0.7210498284270642	1
QID634	0.2887170312276551	1
QID635	0.07638533699431946	1
QID636	4.1320643161135	1
QID637	0.7625806823925741	1
QID638	8.473920475420497	1
QID639	0.7264040388835177	1
QID640	6.282763756135672	4
QID641	1.90190445988429	1
QID642	5.699579286224066	1
QID643	0.8568652911291454	1
QID644	2.5072058093696765	1
QID645	4.622219635260763	1
QID646	3.7049922616166144	1
QID647	0.9429833288936084	1
QID648	0.8740100669948784	1
QID649	1.4508053502359406	1
QID650	1.6180665113484096	1
QID651	3.941602229820069	1
QID652	2.970190477650375	1
QID653	2.418047856254521	1
QID654	2.33114256736256	1
QID655	3.3314934674726056	2
QID656	4.395063787833531	1
QID657	3.1788380124073097	1
QID658	2.964251445470951	1
QID659	2.4222230362059856	1
QID660	3.355657867833325	2
QID661	1.0210905120804947	1
QID662	1.5754358902016208	1
QID663	7.819050939359464	1
QID664	0.7559469728089289	1
QID665	1.6031388832862354	1
QID666	1.2847028976289918	1
QID667	2.2455088310892792	1
QID668	0.2014452499602672	1
QID669	1.0693007901544191	1
QID670	2.4488176568067166	1
QID671	2.6646326414587533	1
QID672	6.6724684287929055	1
QID673	8.329271500671739	2
QID674	9.506694269161503	2
QID675	1.8299972679496384	1
QID676	7.2050781475673125	1
QID677	9.213952345022848	2
QID678	1.7714717258287132	1
QID679	12.213423965261295	1
QID680	1.378452945446678	1
QID681	3.4699308330634278	1
QID682	5.172156224629702	1
QID683	9.635270549523039	1
QID684	7.546204979911512	2
QID685	4.877188711122802	1
QID686	12.696205431128075	1
QID687	8.06610500550543	2
QID688	0.576713436010774	1
QID689	0.8038408804205952	1
QID690	2.8571536546340117	2
QID691	1.7348827390478918	2
QID693	0.6957564159675911	1
QID694	5.815786616141399	2
QID695	0.4709798812452695	1
QID696	0.00786805204089833	1
QID697	2.6292977381981197	1
QID698	1.3671926651633308	1
QID699	3.1776099619595684	1
QID700	0.8022528839777361	1
QID701	11.722989678540301	2
QID702	1.4784011014417668	1
QID703	0.4649243986859049	1
QID704	0.011018299731117035	1
QID705	1.4798065497519637	1
QID706	1.848910101123719	1
QID707	0.005371773417274666	1
QID708	3.4914023994758367	2
QID709	0.842147524478794	1
QID710	1.0695749074356071	2
QID711	7.418243823180786	2
QID712	9.004755790023518	1
QID713	0.5900522571587337	1
QID714	3.4387526676583	2
QID715	4.137827779578497	1
QID716	5.100634893071627	1
QID717	11.714587106051185	3
QID718	3.528670018478889	1
QID719	6.8354701087776935	4
QID720	3.283399973291027	1
QID721	0.6461934446121476	1
QID722	6.627664558876363	2
QID723	0.9167160133866682	1
QID724	6.8801347372230905	1
QID725	10.295423518588164	3
Q2684	16.532096608572957	1
QID726	9.593064927460189	1
QID727	4.736521941387076	1
QID728	3.3182813552673984	2
QID729	9.98812558478169	1
QID730	1.8098152210742544	1
QID731	7.791609545642773	1
QID732	2.089680085987584	1
QID733	3.5829227041116267	1
QID734	1.6070995478343844	1
QID735	2.4670641361174046	1
QID736	2.3559987242140092	1
QID737	3.0030448136720955	1
QID738	7.61918289872012	1
QID739	9.836144418978064	1
QID740	4.9552607865302445	3
QID741	5.594497287598936	1
QID742	1.6343846843735006	1
QID743	3.0041321754948127	1
QID744	2.048658758371905	1
QID745	0.1905723755760176	1
QID746	6.0476708951520175	1
QID747	0.020917226724979216	1
QID748	4.3721791815240385	1
QID749	5.418738133488433	1
QID750	0.9124990650201862	1
QID751	1.4000762325973874	1
QID752	6.0821903230301135	2
QID753	6.029813842759599	1
QID754	5.67619139211041	2
QID755	2.897302061580541	1
QID756	7.303472564307494	3
QID757	4.342751711977268	2
QID758	7.522959370674927	1
QID759	0.9947326087393212	1
QID760	6.009419236120364	1
QID761	1.386580574445183	1
QID762	0.027340411817620626	1
QID763	0.17337136567890166	1
QID764	2.1168454131574905	1
QID765	3.9120707211437327	1
QID766	2.0608528988258987	1
QID767	0.8660350389763244	1
QID768	0.05008490004888353	1
QID769	5.247123903420519	1
QID770	5.358610984442001	1
QID771	0.9814227235166528	1
QID772	1.8195139134702556	1
QID773	2.0633681547415046	1
QID774	3.6942617387509764	1
QID775	0.4771054262641634	1
QID776	1.9395215930675376	1
Q2685	8.799321083943346	2
QID777	8.708537832236807	2
QID778	8.794531423202782	1
QID779	2.0943327247306005	1
QID780	3.9087657454251294	1
QID781	5.361360124812456	1
QID782	4.641527562634408	1
QID783	0.9169990056142332	1
QID784	1.6893438725719148	2
QID785	9.450666454495543	1
QID786	3.7469436825726716	1
QID787	4.092762934549368	2
QID788	1.8786055816056493	1
QID789	5.9971164787827425	1
QID790	9.266087372107796	1
QID791	2.207587359608536	1
QID792	0.3905895121059924	1
QID793	2.817354860989967	1
QID794	1.5478485430356461	2
QID795	4.239261457621579	1
QID796	2.802607167207172	1
QID797	1.7012971184505183	1
QID798	1.034497998981564	1
QID799	1.6847590989856644	1
QID800	5.23914065797641	1
QID801	3.407658815848696	1
QID802	1.3576768591177448	1
QID803	6.351218148994205	1
QID804	7.516463855480393	1
QID805	5.419965564348551	1
QID806	3.975382708037429	1
QID807	7.2874903845515195	1
QID808	0.15978196662588548	1
QID809	3.4216547081073467	2
QID810	3.6678549326428467	1
QID811	2.258281833384657	1
QID812	3.916475680707488	1
QID813	5.883575923731668	1
QID814	3.435130416237848	1
QID815	1.1084374460179658	1
QID816	2.6752403314965054	1
QID817	4.565789481900866	3
QID818	1.786759859871864	1
QID819	3.3103830976148947	1
QID820	9.941404973694516	1
QID821	6.752309699346824	1
QID822	0.3198395815343319	1
QID823	0.5585501345294991	1
QID824	3.954319975556042	1
QID825	0.5331225590091139	1
QID826	6.4524729899451065	1
QID827	0.6614201575655132	1
Q2686	0.4845506356733457	2
QID828	12.358005596925757	2
QID829	2.7695508700333167	1
QID830	8.243076264502555	1
QID831	2.492394840224553	1
QID832	2.06908010410246	1
QID833	5.3702307936413645	1
QID834	0.03800043680404445	1
QID835	4.534850920694493	1
QID836	6.061143127435594	1
QID837	2.082599430787514	1
QID838	0.27858497472270205	1
QID839	4.813513020134365	2
QID840	2.246699293926512	1
QID841	3.3409713510645047	1
QID842	7.959303638035681	1
QID843	0.3187723143949521	1
QID844	8.074525958381702	1
QID845	7.8597972124817685	1
QID846	1.6457931555809433	1
QID847	9.558150437569408	1
QID848	5.915952729129975	1
QID849	0.2955455759562803	1
QID850	2.522217301339712	1
QID851	3.242912413846879	2
QID852	2.5763942070417016	1
QID853	5.133977569712761	1
QID854	1.5999620889038773	1
QID855	5.214665246993402	1
QID856	0.01284164851131422	1
QID857	1.4795813605626902	1
QID858	3.3100310530687542	1
QID859	0.5925258979609738	1
QID860	5.8281248319217775	2
QID861	3.382694763198207	2
QID862	3.780438751415115	2
QID863	1.0728192635679197	1
QID864	5.837670246284188	1
QID865	4.409229990413347	1
QID866	6.342349845716134	1
QID867	4.414363583943229	1
QID868	1.7486811007643592	1
QID869	3.768214349903503	1
QID870	2.3219002864490603	1
QID871	3.664437026536092	1
QID872	2.6952578306704686	1
QID873	3.326615366667077	1
QID874	2.5086439439490618	1
QID875	6.1701972955311595	1
QID876	2.3539907724312146	1
QID877	5.065152069671157	2
QID878	2.791597050323636	1
QID879	5.030240779096584	1
QID880	6.50433407923774	1
QID881	0.6553230093419616	1
QID882	3.4620680362140117	1
QID883	3.9547887220303264	1
QID884	6.0153382070354295	1
QID885	4.140130683280058	2
QID886	4.830986587450154	1
QID887	0.6230686525364055	1
QID888	3.5737503449513084	1
QID889	5.413971842754424	1
QID890	1.9972071288025548	1
QID891	2.4312673822933455	1
QID892	7.668712493346888	1
QID893	14.618031223391009	2
QID894	8.358350724919234	1
QID895	2.2376092284030427	1
QID896	6.6982650792541145	2
QID897	3.0606823931282503	1
QID898	5.4150327707131005	1
QID899	5.3071191837527225	1
QID900	1.8434903370709896	1
QID901	0.039358705245007605	1
QID902	6.868577017641695	2
QID903	20.7188321218657	2
QID904	5.150878637525838	2
QID905	2.8632215713856137	2
QID906	2.9450967692558065	1
QID907	0.4553348246222028	1
QID908	5.705974972986669	1
QID909	5.945655413883972	3
QID910	5.083449473755996	1
QID911	6.86508464912538	1
QID912	0.4186758627204855	1
QID913	1.0080535370092445	1
QID914	3.292139000871656	1
QID915	0.2734517542937445	1
QID916	0.4922127808308493	1
QID917	2.6727236909564334	1
QID918	1.5409437326998785	1
QID919	1.4708083213660426	2
QID920	6.347753002441603	1
QID921	0.6559080875354666	1
QID922	6.309766984309769	1
QID923	1.6156185230476334	1
QID924	3.5917256578078827	1
QID925	0.17828163971446748	1
QID926	0.0068753680414758355	1
QID927	2.6683168017711183	2
QID928	2.9717084828766023	1
QID929	1.1120758092065939	1
QID2687	1.1120758092065939	1
QID929	1.1120758092065939	1
QID2687	1.1120758092065939	1
QID930	7.735152599921144	1
QID931	11.492959768373272	2
QID932	5.941265149742135	1
QID933	0.9141239416912698	1
QID934	7.8104365683716015	1
QID935	0.5747688478006037	1
QID936	1.1926924108126016	1
QID937	0.3726175853645357	2
QID938	3.6678421390826363	1
QID939	2.6193961234385115	1
QID940	0.30115477116058503	1
QID941	2.809246476570312	1
QID942	0.2651697512944273	1
QID943	8.06533572162468	1
QID944	2.227294570496184	1
QID945	7.105908669870722	1
QID946	5.217359390368398	1
QID947	1.0076096013895006	1
QID948	7.343119502005911	1
QID949	3.641537651939355	1
QID950	0.13710745180520373	1
QID951	2.251162476834494	1
QID952	1.2016843089739124	1
QID953	2.843985637256057	1
QID954	1.21585737047063	1
QID955	1.681987866438292	2
QID956	4.35408938841814	1
QID957	1.6909154423215884	2
QID958	0.4588520766448186	1
QID959	4.156614223692647	1
QID960	2.744001570239121	1
QID961	0.1822286430029219	1
QID962	1.3600197294566772	1
QID963	2.4460993773606994	1
QID964	0.163337161563078	1
QID965	7.085085528985326	1
QID966	0.3801462024650521	1
QID967	1.0178344838775712	1
QID968	1.1887452752070122	2
QID969	2.2683769086787344	1
QID970	3.453957931220386	1
QID971	3.3154338716331253	1
QID972	6.354763739157589	1
QID973	0.2958800799960406	1
QID974	0.05899499975118161	1
QID975	8.930265545097852	1
QID976	0.7028085947411613	1
QID977	1.5859971816997789	1
QID978	11.339497837412308	2
QID979	9.583406836422613	2
QID980	14.274875878884261	2
QID981	1.0807454095554965	1
QID982	4.52017596459071	1
QID983	0.02569974877140396	1
QID984	3.8131343741748496	1
QID985	1.7140761982910055	1
QID986	0.000770559208986427	1
QID987	7.375947832046683	2
QID988	4.4801332601934165	1
QID989	3.3919818669385804	1
QID990	1.0039839082360449	1
QID991	12.612453372008286	2
QID992	3.7058864357395063	1
QID993	7.170763290261755	1
QID994	2.222817158324009	1
QID995	4.801380343998026	2
QID996	4.001253192394802	1
QID997	10.865479854580533	1
QID998	7.444307603194921	2
QID999	1.192458387802636	1
QID1000	1.4181581814624122	1
QID1001	3.4814453871122883	1
QID1002	0.32284039293265265	1
QID1003	0.9493751048457176	1
QID1004	7.2755061822781215	1
QID1005	0.03435683584536493	1
QID1006	0.6286740758452253	2
QID1007	9.817260480444899	2
QID1008	7.7549844814336035	1
QID1009	3.8970743721777006	1
QID1010	2.3372495676111944	1
QID1011	2.8495273301894604	1
QID1012	1.8415239524280893	1
QID1013	1.1430775032328404	1
QID1014	2.251139973438993	1
QID1015	3.379501720094716	1
QID1016	5.870403887075155	1
QID1017	0.4326493298194531	1
QID1018	1.9668055974700256	1
QID1019	4.615545979025732	1
QID1020	8.693708556281205	2
QID1021	1.671924864587444	2
QID1022	0.2293277669450445	1
QID1023	0.32921020177389465	1
QID1024	3.0162293996575857	1
QID1025	1.1681370211945905	1
Q2688	0.8402238763017718	2
QID1026	10.025969218916037	1
QID1027	1.2504411261931476	1
QID1028	4.873102849735408	1
QID1029	5.094793585310842	2
QID1030	0.9907477485293952	1
QID1031	1.6352316329752783	1
QID1032	9.775333033016537	1
QID1033	3.8440653991552587	1
QID1034	2.4246099252981153	1
QID1035	3.903939531765393	1
QID1036	0.9065939427734536	1
QID1037	8.435984362126078	2
QID1038	5.547974300485227	1
QID1039	4.648318129465191	1
QID1040	0.1620483507310316	1
QID1041	3.3861297585492958	2
QID1042	3.6124586608723064	1
QID1043	0.6368227479578888	1
QID1044	1.5786862786324067	1
QID1045	9.679474188596828	2
QID1046	4.535418574752833	2
QID1047	8.74944546280725	1
QID1048	4.397721267597119	1
QID1049	9.657172683662699	3
QID1050	3.1032892678700885	2
QID1051	5.207469770969518	1
QID1052	1.3598156369299756	1
QID1053	4.040308746196203	1
QID1054	5.636516915737661	1
QID1055	1.15122615039743	1
QID1056	1.4966152316413597	2
QID1057	4.478780336507633	1
QID1058	4.5310789611309295	1
QID1059	0.7561364130130297	1
QID1060	1.6786466349081397	1
QID1061	3.8628855988788353	1
QID1062	2.118602156805628	1
QID1063	2.352004282083644	1
QID1064	8.605467089613951	1
QID1065	5.114162137230855	1
QID1066	4.169489041570686	2
QID1067	11.370400130973673	1
QID1068	0.5988703358217385	1
QID1069	1.9449553743291328	2
QID1070	1.2204723553208567	1
QID1071	3.8170140231711063	1
QID1072	0.6265391604281093	1
QID1073	3.6012735904314233	2
QID1074	3.2269621301678253	2
QID1075	11.315814924920929	2
QID1076	0.9054400059859108	1
QID1077	5.573787593078854	1
QID1078	0.008676758230181795	1
QID1079	4.205286346048178	1
QID1080	0.09975945802492098	1
QID1081	1.2056411821633466	1
QID1082	10.3811843836056	1
QID1083	2.6431917098153033	1
QID1084	5.1094590669017785	1
QID1085	11.105333580128779	2
QID1086	6.1451602963970755	1
QID1087	2.089241647212623	1
QID1088	5.954546392808927	1
QID1089	1.3909903638834535	1
QID1090	0.5227180510026507	1
QID1091	3.498116936829444	1
QID1092	5.154119444927032	2
QID1093	2.5638398549048738	1
QID1094	6.004603459812357	1
QID1095	1.8297659205427552	1
QID1096	2.7613491067430482	1
QID1097	3.4064332983290444	1
QID1098	0.3665624849408703	1
QID1099	3.1331503204580935	1
QID1100	5.16700695234715	1
QID1101	5.12463617009691	1
QID1102	0.23845115465352165	1
QID1103	5.1873157275889685	2
QID1104	1.2973532522677371	1
QID1105	0.43999844902671503	1
QID1106	1.8622604245767949	1
QID1107	6.682261084955232	1
QID1108	1.0579890066569946	1
QID1109	0.8250978768462411	1
QID1110	6.020885702162823	1
QID1111	4.75822147073238	1
QID1112	4.047186556846656	1
QID1113	1.484333526798973	1
QID1114	7.2190202613896135	1
QID1115	2.7362265059514095	1
QID1116	3.773265367070029	1
QID1117	4.2170234744389585	1
QID1118	1.0176471503559004	1
QID1119	1.3739256363879442	1
QID1120	3.1373802953969534	1
QID1121	1.8905787393986049	2
QID1122	3.238308070296497	1
QID1123	13.214456300331525	1
QID1124	8.232747150948969	1
QID1125	0.8315421888352309	1
QID1126	0.6499333011020529	1
QID1127	5.841782573836903	2
QID1128	3.7747418289889527	1
QID1129	6.853074844006934	1
QID1130	3.0420593656921904	1
QID1131	10.946456106643806	2
QID1132	3.957119610451461	2
QID1133	5.847999818015481	1
QID1134	6.553798788482684	1
QID1135	11.274895321449867	1
QID1136	4.5795802505336	1
QID1137	1.2433088071921077	1
QID1138	5.840295784640674	1
QID1139	2.819349002328737	1
QID1140	1.714264300568531	1
QID1141	1.5704299612513195	1
QID1142	6.631676406324687	3
QID1143	2.1965581040181785	1
QID1144	0.6104066690859796	1
QID1145	2.548925260837013	1
QID1146	11.264043665383621	2
QID1147	7.527154644407767	3
QID1148	2.14007533194066	1
QID1149	8.259998662857454	1
QID1150	6.010751003097608	1
QID1151	8.966312698672398	3
QID1152	1.258694835214433	1
QID1153	2.54133989016634	1
QID1154	9.263218103159462	1
QID1155	0.4491789574345196	1
QID1156	15.092418599013312	2
QID1157	2.5977746586279493	1
QID1158	4.2606125380317845	1
QID1159	4.067467178589615	1
QID1160	2.169564546851676	1
QID1161	2.6055265254537785	1
QID1162	5.159519372525692	1
QID1163	1.5194794406040757	1
QID1164	6.223259169047836	1
QID1165	0.7863670987541234	1
QID1166	0.10650528457370652	1
QID1167	10.617892332402953	1
QID1168	5.436963197473589	2
QID1169	2.7351467997793937	1
QID1170	10.571148380596174	1
QID1171	4.471096336483393	1
QID1172	6.700375041712659	1
QID1173	1.973136741587344	1
QID1174	0.3954501623391271	1
QID1175	7.154741166499269	1
QID1176	5.352944753457746	1
QID1177	6.1801390209065685	1
QID1178	5.596396914777475	1
QID1179	0.23520492556414666	1
QID1180	6.365247110520091	1
QID1181	4.3546695817638765	1
QID1182	2.6853206713442956	1
QID1183	3.1922650069546794	2
QID1184	1.4622292388450804	1
QID1185	12.456583311074874	1
QID1186	4.7578858682305185	1
QID1187	6.5491148747581605	1
QID1188	3.5937535709160358	1
QID1189	4.3181207657120915	1
QID1190	0.24780665857877116	1
QID1191	4.9791550547208185	1
QID1192	1.7700833223839478	1
QID1193	2.843250519313201	1
QID1194	11.367441215599667	1
QID1195	10.340787634632134	1
QID1196	1.785232335973857	1
QID1197	1.9322571693303563	1
QID1198	10.396509906020873	1
QID1199	3.2852942352889825	2
QID1200	2.516633370795041	1
QID1201	0.4117196558082544	1
QID1202	6.331646683145811	1
QID1203	2.012737862457795	1
QID1204	4.6940899413820025	1
QID1205	4.097567964345646	1
QID1206	5.493415099188863	1
QID1207	4.019023745851508	1
QID1208	1.6672728285949063	1
QID1209	0.44632181919812586	1
QID1210	8.176318308633421	1
QID1211	1.0093816646006657	1
QID1212	3.215072335850491	2
QID1213	7.274389481314565	1
QID1214	0.3972967586887155	1
QID1215	1.0718844347509089	2
QID1216	3.3110179789775382	1
QID1217	2.7180872531165496	1
QID1218	2.4707309370561497	1
QID1219	13.467701971431634	1
QID1220	4.492068075617699	1
QID1221	5.961973248505707	1
QID1222	11.460585209760456	1
QID1223	0.8282424636105975	1
QID1224	11.819781800312594	1
QID1225	2.134129826827672	1
QID1226	6.317456682217838	1
QID1227	4.784117207960609	1
QID1228	0.9527665229873112	1
QID1229	3.3173409175369235	1
QID1230	3.041234015425471	1
QID1231	1.7816888935859272	1
QID1232	4.26760068296838	1
QID1233	3.7226073527163535	1
QID1234	1.0615187728112676	1
QID1235	1.4025698598958578	1
QID1236	2.7245546385133164	1
QID1237	0.5687044637199	1
QID1238	1.4583670208221724	2
QID1239	3.0148576056301373	1
QID1240	2.274983702991769	1
QID1241	6.2163401356992605	1
QID1242	2.070392486592575	1
QID1243	3.23687041223758	1
QID1244	6.9361689872040415	1
QID1245	5.243966794388816	1
QID1246	3.3531494147443963	1
QID1247	2.043301509847828	1
QID1248	0.8853423796934347	1
QID1249	10.177439236096461	1
QID1250	4.703312813214216	1
QID1251	6.843871847596245	1
QID1252	0.016868581770837745	1
QID1253	0.009885779706740826	2
QID1254	0.05015043577101675	1
QID1255	2.097726932146441	1
QID1256	6.8357384660176574	1
QID1257	5.590569003244354	2
QID1258	4.477701760921538	1
QID1259	3.511167989700492	1
QID1260	3.3490895679607147	1
QID1261	0.15686153098123595	2
Q2689	0.32449968292811104	2
QID1262	11.455468875315027	2
QID1263	7.2946368510938155	1
QID1264	1.0215565098694008	1
QID1265	6.908376425172957	1
QID1266	12.749022345212266	4
QID1267	9.991452562258386	1
QID1268	0.8738761783709361	1
QID1269	2.3366171143296945	1
QID1270	1.8189889008257458	2
QID1271	5.8545937407791335	1
QID1272	1.1005452886583609	1
QID1273	12.46403574455667	1
QID1274	0.15378107687372852	1
QID1275	3.2998593959342606	1
QID1276	4.1031184362111555	1
QID1277	3.7487200421759717	1
QID1278	1.3923894900506717	1
QID1279	7.5887740289607875	1
QID1280	5.52637919593068	1
QID1281	3.0149763758777235	1
QID1282	3.473924493651385	1
QID1283	5.076614994757062	1
QID1284	0.915583271578884	1
QID1285	4.505312193097616	2
QID1286	9.132265392997526	2
QID1287	13.296899659215029	2
QID1288	0.24358860384527956	1
QID1289	1.0077633917208566	1
QID1290	11.364229800940151	3
QID1291	1.9940068389378651	1
QID1292	6.713647408300665	1
QID1293	7.0978980016446505	1
QID1294	3.7742807172115898	1
QID1295	5.672052629607817	2
QID1296	2.386516961904928	1
QID1297	2.6217820836036227	1
QID1298	1.5921017272925353	1
QID1299	4.846951117866968	1
QID1300	0.9663085080411008	1
QID1301	2.128489942744955	2
QID1302	0.5713510289220385	1
QID1303	6.233917015216623	1
QID1304	5.32468563293629	1
QID1305	4.054108082586988	2
QID1306	7.517659058011421	1
QID1307	1.7351013511140652	1
Q2690	2.1692996503163533	2
QID1308	6.12642856576883	1
QID1309	9.922247577484018	1
QID1310	6.260253902236857	1
QID1311	0.7178619719601581	1
QID1312	0.7462213100038319	1
QID1313	4.063122506501979	1
QID1314	1.2689475339684753	1
QID1315	1.9171268780278676	1
QID1316	12.346744320569524	2
QID1317	11.796265936133162	1
QID1318	6.537265157120285	1
QID1319	1.391102019726383	1
QID1320	3.4903922458189225	1
QID1321	5.99569025915602	1
QID1322	5.865107624308938	1
QID1323	3.5632061113288467	1
QID1324	0.33172298786026466	1
QID1325	1.8534940821924717	1
QID1326	4.5871640651384	1
QID1327	0.2545668760424126	1
QID1328	5.5727634950495695	2
QID1329	2.5839488544687685	1
QID1330	9.2438031031375	1
QID1331	2.2119065038171524	1
QID1332	9.984675595424061	3
QID1333	2.754081364093935	1
QID1334	2.4447726522345823	1
QID1335	5.749762489274158	1
QID1336	0.14687984586651615	1
QID1337	8.475867531378647	1
QID1338	0.8783210735152054	1
QID1339	6.0715221458737645	1
QID1340	0.4701092889272786	1
QID1341	2.7221268492633937	1
QID1342	2.2039275912343523	1
QID1343	2.659062478622764	1
QID1344	0.7055530913298373	1
QID1345	3.2966406804735504	1
QID1346	0.5703764564105398	1
QID1347	4.548991810394954	1
QID1348	18.751690424299376	5
QID1349	1.3493915568857118	1
QID1350	8.611766987906138	2
QID1351	14.328148515971995	2
QID1352	0.1458936965742909	2
QID1353	9.246876470661801	2
QID1354	0.9384109992937608	1
QID1355	6.595155577610012	1
QID1356	0.9707315601366956	1
QID1357	7.727413387517796	2
QID1358	0.6355484421617044	1
QID1359	0.5875312230431237	1
QID1360	5.476219833884596	1
QID1361	2.4275115973197643	1
QID1362	11.596310000393743	1
QID1363	4.8142067034454366	2
QID1364	4.171647656486333	1
QID1365	3.52130098602431	1
QID1366	12.50068104412546	2
QID1367	3.018495845609007	1
QID1368	3.2945842139422536	1
QID1369	4.106065352962237	1
QID1370	0.8441812909829279	1
QID1371	0.5965469474567759	2
QID1372	4.561082985244964	1
QID1373	1.7423652332231154	1
QID1374	4.745276903333635	1
QID1375	4.6341787397263134	1
QID1376	2.4039989941066167	1
QID1377	3.8990165865526354	1
QID1378	1.6063680238219102	1
QID1379	7.69150063887021	1
QID1380	4.791824969634948	1
QID1381	1.128843304165886	1
QID1382	6.063639857138763	1
QID1383	2.352212538789295	1
QID1384	1.0121069639003994	1
QID1385	4.506240187773312	1
QID1386	3.749662349795353	1
QID1387	2.227519203697714	1
QID1388	0.08469750294780481	1
QID1389	3.229858506443009	1
QID1390	5.677807806796893	1
QID1391	1.3214304386493358	1
QID1392	0.9975882135714116	2
QID1393	3.6309587418709808	1
QID1394	3.1482141452959977	1
QID1395	3.9401382130010765	2
QID1396	4.463921580744921	1
QID1397	0.4200182411842001	2
QID1398	6.8314604988074334	1
QID1399	5.028406219869954	1
QID1400	5.980945421025398	1
QID1401	3.027797047238617	1
QID1402	1.3805761468900242	1
QID1403	2.0770191059987395	1
QID1404	6.417380189602838	1
QID1405	7.0453837116204285	1
QID1406	3.944796057537413	1
QID1407	4.97280478431312	1
QID1408	7.675848344409076	1
QID1409	0.5185999658014923	1
QID1410	5.296682607593298	1
QID1411	3.1100667649330562	2
QID1412	3.881619642279159	1
QID1413	0.8076202101343382	1
QID1414	5.596941138505737	2
QID1415	5.477908611768326	2
QID1416	2.9815180611456586	1
QID1417	6.708731623248405	2
QID1418	1.939411680171568	1
QID1419	0.4970594926529734	1
QID1420	5.033305715596055	1
QID1421	0.8677353309415589	1
QID1422	10.862033791679403	1
QID1423	4.985305616857358	1
QID1424	1.5104841327323169	1
QID1425	2.6349729483864044	1
QID1426	1.3645518007984376	1
QID1427	0.9663899509538834	1
QID1428	4.222234274268036	1
QID1429	2.747001027705972	1
QID1430	0.6949820658375658	1
QID1431	5.361863986665299	1
QID1432	2.2697179601475783	1
QID1433	0.29598556600342896	1
QID1434	2.76216308048392	1
QID1435	2.2761145828206577	1
QID1436	7.210004470820697	1
QID1437	5.735135801895725	1
QID1438	0.23887131924586796	1
QID1439	1.0230309904095567	1
QID1440	1.123229739132242	1
QID1441	0.0703524074738884	1
Q2691	0.7453116653735925	2
QID1442	8.930459299779393	1
QID1443	7.6297650915505235	1
QID1444	3.4687537861019218	1
QID1445	8.016180764220156	1
QID1446	0.5358480333778186	2
QID1447	3.8460364984491986	1
QID1448	9.494566316268342	1
QID1449	2.6810070202995284	1
QID1450	7.578365230727866	1
QID1451	1.3345882494513708	1
QID1452	7.971807626815485	1
QID1453	0.3374510980767454	1
QID1454	2.2817705974728635	1
QID1455	0.9819119335718404	1
QID1456	0.004548233694689315	1
QID1457	8.506329106159408	1
QID1458	3.8125069237436335	1
QID1459	1.6986103090578941	2
QID1460	4.7436827729825595	4
QID1461	0.5205300321446578	1
QID1462	4.019812666499469	3
QID1463	4.619018793565139	1
QID1464	1.1049078217196115	1
QID1465	4.008034017331877	1
QID1466	3.224828900765249	1
QID1467	3.0521510267616776	1
QID1468	3.047868193110697	2
QID1469	0.7860457330994096	1
QID1470	4.589954102855463	1
QID1471	6.137091320143039	1
QID1472	1.38560797778052	1
QID1473	4.140855668676602	1
QID1474	0.25415763972408795	1
QID1475	2.9157719699096813	1
QID1476	3.1672660256680327	1
QID1477	4.01114419874388	2
QID1478	0.925649874658306	1
QID1479	8.747570825217815	1
QID1480	4.8287639564761236	1
QID1481	0.7649379207503083	1
QID1482	10.742125206562724	1
QID1483	3.973998916694348	1
QID1484	6.006502991026423	1
QID1485	0.9800545646093686	2
QID1486	1.3934332985557878	1
QID1487	5.0537992551905	1
QID1488	3.083564734244885	1
QID1489	5.524766076152653	1
QID1490	5.2646017442510455	1
QID1491	5.828420098778362	1
QID1492	3.642913136394562	1
QID1493	2.6880427465802397	1
QID1494	2.630882740971572	1
QID1495	0.904491084043058	2
QID1496	3.3415893172120064	1
QID1497	8.169186776973977	1
QID1498	1.6339187710484282	2
QID1499	2.013303889152179	1
QID1500	0.4643426319797129	1
QID1501	6.079966591399687	1
QID1502	0.26281192360410804	1
QID1503	1.2260516984273844	2
QID1504	4.695807490007971	1
QID1505	1.0440841166096813	1
QID1506	2.037242401598308	1
QID1507	6.745268309321963	1
QID1508	4.805829601061114	1
QID1509	4.639021030330419	1
QID1510	2.0751227508937022	1
QID1511	0.3572647430249888	1
QID1512	0.3157684123937861	1
QID1513	3.0439070124282988	1
QID1514	4.051819115425322	1
QID1515	8.019224310004141	1
QID1516	0.01655748950703449	1
QID1517	1.8306992295271445	1
QID1518	9.003097758430314	1
QID1519	1.9375929949313264	1
QID1520	4.753641284830572	3
QID1521	0.014173001095133328	1
QID1522	2.2555125311194133	1
QID1523	3.7105814264472885	1
QID1524	6.126695083441025	1
QID1525	0.7064759440610491	1
QID1526	1.7196190509859726	1
QID1527	0.3473189082625565	1
QID1528	0.7203011612291327	2
QID1529	7.532021799779392	1
QID1530	2.4611940766385567	1
QID1531	7.226647101145941	1
QID1532	1.0763298260507388	1
QID1533	1.943495420533777	1
QID1534	4.745984773306441	1
QID1535	0.9549580727925676	1
QID1536	2.870892595122948	2
QID1537	4.06841628327062	1
QID1538	8.285199724267809	1
QID1539	0.6165434464680141	1
QID1540	8.715396260380981	1
QID1541	2.6017379000426275	1
QID1542	1.0729159010746727	1
QID1543	9.033481459258963	1
QID1544	6.785080239057293	1
QID1545	0.16724704688702086	1
QID1546	2.4091369499239	1
QID1547	0.39631954324807017	1
QID1548	2.273591230917054	1
QID1549	2.1488309326812565	2
QID1550	4.092890088410625	1
QID1551	5.826965928151934	1
QID1552	2.7766374216677217	1
QID1553	2.8980746564980224	1
QID1554	3.581624350346288	1
QID1555	3.9654590953307007	1
QID1556	8.505086660040979	2
QID1557	0.13195067247290473	1
QID1558	3.520333236858868	2
QID1559	4.975918860276784	1
QID1560	0.6860576125669045	1
QID1561	7.984316442152735	1
QID1562	2.09393222825483	1
QID1563	8.517733552666684	2
QID1564	4.006524510616488	1
QID1565	3.8868860889999386	1
QID1566	0.05159937257347878	1
QID1567	2.2202543753309896	1
QID1568	0.7965907303111601	1
QID1569	1.117156057120712	1
QID1570	1.5642886570135377	1
Q2692	7.3270083772348125	2
QID1571	8.72809381057386	1
QID1572	12.345840006622113	2
QID1573	12.447539264123039	2
QID1574	7.700480042978135	3
QID1575	3.2049815586517503	1
QID1576	3.628827225089224	1
QID1577	4.036275993724471	1
QID1578	1.3543517564903906	1
QID1579	3.3030056739530718	1
QID1580	3.805289463660148	1
QID1581	1.0241519931624998	1
QID1582	0.5114006395640359	1
QID1583	0.7087861677009982	1
QID1584	3.3544982400338297	1
QID1585	3.9266803987541534	1
QID1586	2.482476014338672	1
QID1587	8.18414443802199	1
QID1588	0.08672304495194308	1
QID1589	0.011744537105685637	1
QID1590	3.084874702408694	1
QID1591	11.756672188586965	3
QID1592	4.563777371852559	1
QID1593	9.05226857650904	3
QID1594	2.513918725468688	2
QID1595	0.9495550611079652	1
QID1596	5.871933522700759	1
QID1597	5.853818202418138	3
QID1598	4.618235063204014	1
QID1599	7.507317592129143	1
QID1600	2.013963499135131	1
QID1601	4.661827244816782	1
QID1602	2.7899023372643796	1
QID1603	0.8366518170775403	1
QID1604	0.9259139287940268	1
QID1605	0.9464980856273028	1
QID1606	0.11592312371261955	1
QID1607	0.004322924973730093	1
QID1608	1.8484919830679367	1
QID1609	3.269323562269125	1
QID1610	2.0803566689878887	1
QID1611	1.7518197949161811	1
Q2693	12.028463398132775	2
QID1612	12.744242592469995	2
QID1613	2.9307862855076148	1
QID1614	12.420285586626472	3
QID1615	2.7317392375694864	1
QID1616	5.77934162099711	1
QID1617	0.09381271068959957	1
QID1618	0.04901791321005933	1
QID1619	4.18032269211008	1
QID1620	6.057984760765071	2
QID1621	5.002508351578054	2
QID1622	0.6585032773741286	1
QID1623	5.664722468045556	1
QID1624	0.9687554748637529	1
QID1625	5.088303880584131	1
QID1626	3.1526379732388135	1
QID1627	7.016302881250657	3
QID1628	5.7630748946091535	2
QID1629	3.839857647081317	1
QID1630	6.735816574421304	1
QID1631	2.6794465381834254	1
QID1632	3.0943778944249316	1
QID1633	1.3956501630940872	2
QID1634	4.9263044391607895	1
QID1635	1.1131649925629057	1
QID1636	6.366361965108907	1
QID1637	0.4667177021443	1
QID1638	5.3928773319947645	1
QID1639	1.0553596634186941	1
QID1640	1.1484413703468963	2
QID1641	0.3259402377082503	1
QID1642	3.2296610623357944	2
QID1643	0.9654036242221204	1
QID1644	3.638522650294621	1
QID1645	4.9061556468038825	1
QID1646	0.5068763004274821	1
QID1647	4.0009397405241085	1
QID1648	7.103209565791312	2
QID1649	5.401601555993987	2
QID1650	0.1160271123253072	2
QID1651	2.299468167673352	1
QID1652	5.154459968192688	2
Q2694	1.873709059073576	2
QID1653	4.341262664778231	3
QID1654	8.415293707263336	1
QID1655	3.3565806754243184	1
QID1656	1.8200210475558332	1
QID1657	2.4458821641867337	1
QID1658	8.795515238599481	2
QID1659	1.8187723673462528	1
QID1660	6.247458006390087	1
QID1661	4.564430945779876	1
QID1662	2.3118853013130014	1
QID1663	0.8247770866826966	1
QID1664	4.747993201072504	1
QID1665	0.5941523327142869	1
QID1666	1.75159191158912	1
QID1667	0.01893272841452844	1
QID1668	4.159198497527665	2
QID1669	9.035615895373947	1
QID1670	2.1522248503033907	1
QID1671	0.20728396856847475	1
QID1672	0.4892796248605991	1
QID1673	1.0076038461775476	2
QID1674	5.615915517953546	1
QID1675	1.9583070159140703	2
QID1676	1.8507655980821216	1
QID1677	7.525729068654199	1
QID1678	8.975847130835898	3
QID1679	4.129880346046905	1
QID1680	6.033850132659519	1
QID1681	0.23091980828647954	1
QID1682	1.6071133576240233	2
QID1683	6.18738117228087	2
QID1684	6.843968119680589	1
QID1685	3.7309479307985116	1
QID1686	1.3626271104178072	1
QID1687	4.061294940888397	1
QID1688	3.7052001106044785	1
QID1689	4.011647989177448	1
QID1690	2.944807404258555	1
QID1691	4.131853940857589	1
QID1692	2.860954063679368	2
QID1693	11.76374546242525	2
QID1694	5.249204854929331	1
QID1695	1.478843163294747	1
QID1696	9.41008821561042	2
QID1697	5.600751208950777	1
QID1698	0.17410113159294516	1
QID1699	0.18868628634792248	1
QID1700	2.822712441033507	1
QID1701	1.2797857168703468	1
QID1702	14.220911438970324	3
QID1703	10.74915456123895	3
QID1704	8.832393106120339	1
QID1705	0.08623744963798441	1
QID1706	5.163847753530527	1
QID1707	3.640835110363727	1
QID1708	0.9890449516486224	1
QID1709	0.011687367465639666	1
QID1710	9.978233937755864	1
QID1711	3.6817564493683834	1
QID1712	1.8606188408571829	1
QID1713	2.695080812638203	1
QID1714	6.259460434533625	1
QID1715	4.778819429700038	1
QID1716	10.261337115119998	2
QID1717	3.52511314404796	1
QID1718	0.9179613860318396	1
QID1719	2.429611606172934	1
QID1720	3.130870190673239	1
QID1721	4.301223219737657	1
QID1722	11.93754424595602	1
QID1723	0.6927936108848051	1
QID1724	0.9450322521103132	1
QID1725	4.010173454251961	1
QID1726	1.2971144683804652	1
QID1727	3.248822446677109	1
QID1728	2.163364551813083	2
QID1729	12.41834867193757	2
QID1730	7.593555330432651	1
QID1731	1.4911822252750442	2
Q2695	6.9396443158727	2
QID1732	10.014609111855712	1
QID1733	4.67470038309125	1
QID1734	4.1424314637054644	1
QID1735	5.45143384187158	1
QID1736	0.05577965868126527	1
QID1737	11.245621261769642	2
QID1738	6.2910398486909225	1
QID1739	8.381959149071847	1
QID1740	1.7694121236532436	1
QID1741	0.0247162687887926	1
QID1742	1.7924653054840438	2
QID1743	3.146236000052098	1
QID1744	8.129217904282088	1
QID1745	3.6015526889248344	1
QID1746	0.4662713257642453	1
QID1747	7.597859086547332	2
QID1748	3.718711847325161	1
QID1749	0.9203890735562172	1
QID1750	2.40665552784472	1
QID1751	8.059946560555913	1
QID1752	0.3072183262319054	1
QID1753	4.87476525883866	1
QID1754	4.201880264427812	1
QID1756	7.69915812214371	1
QID1757	1.0674128500167113	1
QID1758	5.816070479112638	2
QID1759	2.1044512564363385	1
QID1760	6.478513450760797	1
QID1761	1.1023856505554437	1
QID1762	5.0699591906865935	1
QID1763	7.957469826355751	1
QID1764	2.670065401800399	1
QID1765	5.195160938474499	1
QID1766	2.12828431634599	1
QID1767	1.902330723587436	1
QID1768	0.4807693506269508	1
QID1769	8.071720514533247	1
Q2696	0.409715404679642	1
QID1770	8.14228234356564	1
QID1771	10.591785662657283	1
QID1772	10.631706681882775	1
QID1773	2.934494794586844	1
QID1774	7.751801163180555	1
QID1775	2.4377651810381296	1
QID1776	4.060017055877982	2
QID1777	1.137378134485555	1
QID1778	1.4744669405104889	1
QID1779	9.396601985679196	3
QID1780	0.8973487446672163	1
QID1781	1.2556869488033946	1
QID1782	6.020943885548062	2
QID1783	5.653032490856549	1
QID1784	1.7309143795738355	1
QID1785	6.014013444891889	1
QID1786	0.011405697080724777	1
QID1787	7.472430847124762	1
QID1788	1.6891060988998643	1
QID1789	1.1363722449962563	1
QID1790	5.625048117476423	1
QID1791	2.2103402471943148	1
QID1792	1.7843375175326954	1
QID1793	9.039956173470523	1
QID1794	0.6498202213757771	1
QID1795	0.5626171571750966	1
QID1796	3.7805101201108298	1
QID1797	0.7213057192755973	1
QID1798	10.590801348758667	1
QID1799	5.698779979358081	1
QID1800	0.5421059336565329	1
QID1801	1.923460452927361	1
QID1802	5.154568810496314	1
QID1803	3.91273829603001	1
QID1804	1.03852534886401	1
QID1805	0.03427257999417771	1
QID1806	0.2128476536226258	1
QID1807	3.1901951828508994	2
QID1808	5.2115202701065835	1
QID1809	4.958291155011069	1
QID1810	6.183074971889037	1
QID1811	2.616982855289709	1
QID1812	0.31181463938919823	1
QID1813	2.635678278866181	1
QID1814	0.39348449507411615	1
QID1815	2.884507036023033	1
QID1816	6.963715756020553	1
QID1817	9.117441115460675	1
QID1818	6.083021318960303	1
QID1819	1.9989340807464824	1
QID1820	12.848467879900225	1
QID1821	3.2355168785067034	1
QID1822	5.990554951408019	1
QID1823	0.3741990225965431	1
QID1824	3.322380435241545	2
QID1825	3.5853001187219733	1
QID1826	2.1320671508231683	1
QID1827	4.2797651727381965	1
QID1828	1.9365364897724813	1
QID1829	0.5360136788016259	1
QID1830	0.0069273051489418475	1
QID1831	3.218493164600246	1
QID1832	0.4756198061975827	1
QID1833	5.955582864775034	1
QID1834	3.6027540373507034	1
QID1835	1.3428255334971737	1
QID1836	1.3129067918703712	1
QID1837	3.7713498468545215	1
QID1838	5.178372730815734	1
QID1839	0.07540765722374157	1
QID1840	5.891875861274621	1
QID1841	1.5999923216312435	2
QID1842	1.3920953358809347	1
QID1843	9.25293274819216	1
QID1844	4.099711396087252	1
QID1845	1.528336447497905	1
QID1846	3.7503408009382833	2
QID1847	3.8891392910242386	1
QID1848	4.059381981620204	1
QID1849	10.37138189165393	1
QID1850	3.714637189685894	1
QID1851	4.112212135612193	1
QID1852	2.7290106065681496	1
QID1853	4.964675455027539	1
QID1854	1.4197351887143808	1
QID1855	3.4111655734250803	1
QID1856	1.703377939649117	1
QID1857	0.5134341078365988	1
QID1858	1.1301998309503338	1
QID1859	7.308646300746738	2
QID1860	0.6998360974886823	1
QID1861	3.214796568227351	1
QID1862	8.559950007163655	1
QID1863	3.149362088431419	1
QID1864	7.868565361819105	2
QID1865	2.6082090997005563	1
QID1866	4.023263221882411	1
QID1867	3.425704384961587	1
QID1868	3.4774479906001186	1
QID1869	2.0050529625709337	2
QID1870	10.91304536217157	1
QID1871	4.07876862786939	1
QID1872	9.196037384912874	2
QID1873	5.585864030720385	1
QID1874	0.3126676324585064	1
QID1875	6.503952339287344	1
QID1876	3.1740920513789934	2
QID1877	2.1778704338205905	1
QID1878	0.4152324931396857	2
QID1879	3.3560702867770047	1
QID1880	2.560919654046352	1
QID1881	2.2632075690562354	1
QID1882	3.1109098189898177	2
QID1883	4.747342276944251	1
QID1884	3.0540235873004384	2
QID1885	2.3511440897894365	1
QID1886	3.4073201473147545	2
QID1887	2.0696882945529964	1
QID1888	5.753989077924737	1
QID1889	1.3884581345928446	1
QID1890	5.984212502631652	1
QID1891	0.028989741362389118	1
QID1892	0.6632615287730795	1
QID1893	9.364400384421902	2
QID1894	0.04938913595985691	1
QID1895	3.9750050485707424	1
QID1896	0.031741872859543684	1
QID1897	4.2648986934921895	1
QID1898	3.5968580230993306	1
QID1899	6.854545623869803	1
QID1900	0.010224495538310459	1
QID1901	4.5389470508793535	1
QID1902	3.7676656784389007	1
QID1903	1.0627398545772122	1
QID1904	1.2860283252375948	1
QID1905	1.6064811659779463	1
QID1906	0.0844429377960102	1
QID1907	4.478801676599039	1
QID1908	5.485495867599664	1
QID1909	2.354603729369495	2
QID1910	3.3064812754922634	1
QID1911	1.0168529700065168	1
QID1912	4.089165631745047	2
QID1913	0.5262635162252128	1
QID1914	1.957455536019692	1
QID1915	3.7320823396896814	1
QID1916	0.4601585507300098	1
QID1917	3.2610930139642416	1
QID1918	3.3744767335435806	1
QID1919	2.2574798708556107	1
QID1920	1.922713813054544	2
QID1921	19.389782337380094	2
QID1922	5.887982087110226	1
QID1923	3.2100699552960372	1
QID1924	4.99933727388375	1
QID1925	5.2256272356878295	2
QID1926	2.8090446915803713	1
QID1927	2.850958848768461	1
QID1928	3.018898992859428	1
QID1929	3.7437297236589346	2
QID1930	2.7120219801920507	1
QID1931	2.1746449734284505	2
QID1932	8.609116515933561	1
QID1933	0.6083145719549854	1
QID1934	3.429286798866644	1
QID1935	6.6425055066391465	1
QID1936	10.212119043637411	1
QID1937	5.847711627344847	1
QID1938	8.566105195792197	1
QID1939	2.775746107253133	1
QID1940	1.1782741323487511	1
QID1941	3.908557208648949	1
QID1942	2.533775498167876	2
QID1943	3.205955523594365	1
QID1944	0.9183946224652824	1
QID1945	1.434771435165441	1
QID1946	9.487070590425876	2
QID1947	3.8224352561305337	1
QID1948	1.5884908956326207	1
QID1949	2.3041677252235253	1
QID1950	7.251845909703512	1
QID1951	2.5673070523686765	1
QID1952	1.0463453918768757	1
QID1953	2.0963662803227052	1
QID1954	5.229183644493347	1
QID1955	7.7934017392999335	1
QID1956	10.656077114157268	3
QID1957	2.50543883952036	1
QID1958	2.667133522175895	1
QID1959	1.6013552223873009	1
QID1960	4.4358909453776345	1
QID1961	4.64833983577383	1
QID1962	0.9880740010088656	2
QID1963	0.24829642425868345	1
QID1964	1.227448902847252	1
QID1965	6.111874071295	1
QID1966	3.922188356246976	1
QID1967	2.9095811614998763	1
QID1968	5.3112508374064955	1
QID1969	7.49734826646397	1
QID1970	0.6463504646547907	1
QID1971	4.000847708857481	1
QID1972	1.1752727621251728	1
QID1973	2.310192721806384	1
QID1974	0.817597350507487	1
QID1975	15.001802722812116	3
QID1976	0.9168597486884366	4
QID1977	10.00445932043402	1
QID1978	2.0187028858164253	1
QID1979	0.03370985616505	1
QID1980	0.012775710947487277	1
QID1981	3.9382761456562023	1
QID1982	11.259346359263134	1
QID1983	1.8101417056373752	1
QID1984	7.906463146908692	1
QID1985	0.4322013517200002	1
QID1986	1.7843676116389895	1
QID1987	2.8266511000230117	1
QID1988	7.403724654349236	1
QID1989	0.8393798956115675	2
QID1990	14.410972602816253	2
QID1991	9.555850184264097	2
QID1992	5.321787383159059	1
QID1993	2.8546290076007144	1
QID1994	7.5938641179251265	1
QID1995	5.686558819496218	2
QID1996	0.9409911425657403	1
QID1997	2.3610761325196434	1
QID1998	0.03561477904650305	1
QID1999	12.308368979074805	1
QID2000	9.747455802836416	1
QID2001	0.8318991188905205	2
QID2002	1.6366011346089715	1
QID2003	7.901812029358244	1
QID2004	5.760086862202486	4
QID2005	4.3606998864802655	1
QID2006	2.12046247858745	1
QID2007	12.459064474962053	3
QID2008	3.5647674783290686	1
QID2009	0.042134100101426084	1
QID2010	7.085800785051481	1
QID2011	2.7863237964711045	2
QID2012	2.6779596525934513	1
QID2013	1.5900150146759462	1
QID2014	4.115574820841306	2
QID2015	12.673812379711153	1
QID2016	1.0920402014602923	1
QID2017	2.228236452105444	1
QID2018	5.704908504522782	1
QID2019	0.93345008858798	1
QID2020	5.646319938720766	2
QID2021	4.880859975875478	1
QID2022	4.606561040097868	2
QID2023	6.1162514180238725	1
QID2024	6.555988070307803	1
QID2025	4.3613964998105965	1
QID2026	2.1320628713538525	1
QID2027	15.078218530284465	2
QID2028	2.3760307689904754	1
QID2029	1.7159409563636905	2
QID2030	8.104067291045963	1
QID2031	1.9859784252758972	1
QID2032	5.988662777539853	1
QID2033	2.8684061161338197	1
QID2034	3.0391921567658007	1
QID2035	4.123551853948074	1
QID2036	1.2348296012683686	1
QID2037	5.105328966480256	1
QID2038	1.2454988312099575	1
QID2039	3.760690076842925	1
QID2040	7.514453553702307	1
QID2041	6.228294880256938	1
QID2042	3.1861468649089764	1
QID2043	3.1846119494742995	1
QID2044	0.2741771102049417	1
QID2045	2.4948156927751746	1
QID2046	3.29789737567074	1
QID2047	9.34446767019698	2
QID2048	5.201439029186573	2
QID2049	10.063115108106144	1
QID2050	6.253788061701162	1
QID2051	2.2206341598627377	1
QID2052	0.2674564667246713	1
QID2053	1.5484491603175818	1
QID2054	2.046597687705094	1
QID2055	0.2440127224491878	1
QID2056	0.2372798261247428	1
QID2057	3.285471957133286	1
QID2058	1.7827793217671486	1
QID2059	7.092628080259379	2
QID2060	1.682671341982297	1
QID2061	1.4884911287768408	1
QID2062	2.968479764364462	1
QID2063	4.565563222780419	1
QID2064	1.006109657116079	1
QID2065	4.128364596642169	1
QID2066	2.9104391265823173	2
QID2067	2.335326729600301	1
QID2068	2.3831565016392338	1
QID2069	1.718869985980455	2
QID2070	5.078483051581972	1
QID2071	3.72914248133152	1
QID2072	1.7397488358149478	1
QID2073	5.430042558603701	1
QID2074	1.8136490450938516	1
QID2075	1.556871390006558	1
QID2076	6.224731138274223	1
QID2077	1.0786538910066548	1
QID2078	4.406598495453954	1
QID2079	0.07663638120982261	1
QID2080	4.954447084091439	1
QID2081	1.8582048687810528	1
QID2082	0.5151476214429036	1
QID2083	0.2901997578308909	1
QID2084	7.6969714478725	1
QID2085	2.9829081238543935	1
QID2086	4.067065767055913	1
QID2087	1.7963563049971742	1
QID2088	6.353145680021075	1
QID2089	4.626359649249488	1
QID2090	0.06852321343132038	1
QID2091	0.9639105915617536	1
QID2092	7.3804301901704505	1
QID2093	1.7484965685874019	1
QID2094	5.193746944408688	1
QID2095	0.10791497735304126	1
QID2096	0.6873979455982031	1
QID2097	5.183556846189845	1
QID2098	2.6757531601615883	1
QID2099	1.9132533185652103	1
QID2100	3.615336152009286	1
QID2101	5.4216911284902	1
QID2102	0.3058831363585459	1
QID2103	0.4868058689395836	1
QID2104	4.160107453949024	1
QID2105	2.8087292927761807	2
QID2106	2.798708799306743	1
QID2107	2.4936575718738214	1
QID2108	2.0178285140685763	1
QID2109	2.4964989646903635	1
QID2110	5.733306318882643	1
QID2111	3.7558783664417237	1
QID2112	2.0150201493785302	1
QID2113	3.4748306432397253	1
QID2114	0.5127906156062492	1
QID2115	3.2350665268361083	2
QID2116	4.0043367337298665	2
QID2117	0.2647063060393974	1
QID2118	7.340902893606263	1
QID2119	4.2666659872884205	1
QID2120	6.503298089209921	1
QID2121	0.062122148520146414	1
QID2122	2.159609286320212	1
QID2123	0.025198558341205303	1
QID2124	0.05643968523538025	1
QID2125	5.119948433548452	1
QID2126	0.027972156435288054	1
QID2127	1.1513691947265805	1
QID2128	2.408396594489242	1
QID2129	0.05996387643862811	1
QID2130	3.8606200386738303	1
QID2131	0.7534438286704498	1
QID2132	1.788858520714648	1
QID2133	1.8868914318020968	1
QID2134	1.7921225109946253	1
QID2135	1.7165958709844866	2
QID2136	2.583049525408199	1
QID2137	7.2160040158199585	1
QID2138	2.4661453115460716	1
QID2139	1.8492148817430512	1
QID2140	6.550891745838957	1
QID2141	0.14113700363329504	1
QID2142	3.330944913041232	2
QID2143	3.1736332224158366	2
QID2144	2.6044242428751683	1
QID2145	4.793925774595303	1
QID2146	5.550477723513817	1
QID2147	6.620263081448712	1
QID2148	0.05048142631699243	1
QID2149	2.0488829002088056	1
QID2150	9.346182600231254	1
QID2151	1.2383737009259208	1
QID2152	4.609750222174581	1
QID2153	2.5248355009878205	1
QID2154	3.783553962672362	1
QID2155	0.08204598587514092	1
QID2156	3.6501745802524064	1
QID2157	10.587832760640126	1
QID2158	1.0935455053144152	1
QID2159	3.3319144023245872	1
QID2160	0.948498168880933	1
QID2161	0.25946650134371085	1
QID2162	0.18154186462354896	1
QID2163	1.6758498471915924	2
QID2164	8.710031421231541	1
QID2165	6.756323839053483	2
QID2166	4.159207977648155	1
QID2167	0.014403494523485234	1
QID2168	2.6264649182239883	1
QID2169	5.7727642490847275	4
QID2170	1.937671970454892	1
QID2171	0.006454910476276122	1
QID2172	3.202842573023628	4
QID2173	1.4783459238561405	1
QID2174	2.076936217610861	1
QID2175	0.0295848439784652	1
QID2176	0.1947909827096006	2
QID2177	8.791056035032318	1
QID2178	2.79919517906474	1
QID2179	5.207182929532787	1
QID2180	7.470586594494827	1
QID2181	3.123364998608687	2
QID2182	5.595142533428235	2
QID2183	2.430323023770225	1
QID2184	1.7744843422992018	1
QID2185	2.620377631680685	1
QID2186	1.4711010171124044	1
QID2187	2.897056797823257	2
QID2188	2.3132096401400464	1
QID2189	5.9909286378938615	1
QID2190	1.3073723404883348	1
QID2191	0.3150915177851941	1
QID2192	6.111204291593894	2
QID2193	5.700829202420101	2
QID2194	2.586743097906087	2
QID2195	2.1880043534563463	1
QID2196	5.5760028512371065	1
QID2197	2.5320734452757936	2
QID2198	1.0393322014564217	1
QID2199	1.244854645507813	3
QID2200	0.4609317249394393	1
QID2201	1.3092814196989688	1
QID2202	0.2380464160853279	1
QID2203	2.069311575413584	1
QID2204	1.4781650459437017	1
QID2205	0.2577834074456975	1
QID2206	0.008163280628094098	1
QID2207	3.4471265979805152	1
QID2208	0.01590468167381031	1
QID2209	0.20852768763970705	1
QID2210	0.6663633575984211	2
QID2211	4.884097765756013	1
QID2212	4.219375057556265	1
QID2213	6.754663196529858	1
QID2214	8.422301512830566	1
QID2215	1.207712735441855	1
QID2216	2.6594552810465046	1
QID2217	3.688472903206376	2
QID2218	3.4693483549415274	1
QID2219	0.7596033187335479	1
QID2220	5.0728564229808315	1
QID2221	0.09598465755549283	1
QID2222	1.1425237065468716	1
QID2223	0.7870748587843476	1
QID2224	1.338213911051738	1
QID2225	0.7442498831503404	2
QID2226	3.037896582287736	1
QID2227	2.1631088885353877	1
QID2228	1.6255103090361318	1
QID2229	3.062816641136635	1
QID2230	0.23586928071610144	1
QID2231	1.2139387169044478	2
QID2232	5.36434674756323	2
QID2233	3.590231922099473	1
QID2234	0.07481721480609478	2
QID2235	3.403911350073159	1
QID2236	1.2985531726645632	1
QID2237	0.0034029677917115078	1
QID2238	3.4914197560236935	1
QID2239	2.6209569750544	1
QID2240	3.5958844589428383	1
QID2241	0.7466576010433884	1
QID2242	6.333309312909219	1
QID2243	5.362186161671096	1
QID2244	1.2281428546921556	1
QID2245	6.1231127881909755	2
QID2246	2.070906619170428	2
QID2247	0.3931426532224052	1
QID2248	3.9185125792952697	1
QID2249	0.4541314129416115	2
QID2250	7.114734710104886	2
QID2251	2.0334129088387423	1
QID2252	3.927258981031074	1
QID2253	4.231284569800095	1
QID2254	5.644933115138626	1
QID2255	0.1397645631968065	1
QID2256	0.17864428387281822	1
QID2257	0.03979012843697565	1
QID2258	7.900831885694673	4
QID2259	5.82331267123154	1
QID2260	1.6281722556108462	1
QID2261	4.316009987928701	1
QID2262	0.3841403195850257	2
QID2263	10.175896031960693	2
QID2264	6.879823858902076	1
QID2265	2.482438385742229	1
QID2266	7.283891757547583	1
QID2267	3.1603619776602723	1
QID2268	0.5221479556408216	1
QID2269	0.07754771632617298	1
QID2270	0.3502509341707113	1
QID2271	2.7571119928245467	1
QID2272	7.819369261392177	1
QID2273	2.447281924569776	1
QID2274	2.3555254354904624	1
QID2275	0.009085764697688448	1
QID2276	5.5675749131441865	1
QID2277	0.5423721269159136	1
QID2278	2.7587550735022472	2
QID2279	11.006910505437366	3
QID2280	3.2648518047842066	1
QID2281	0.3131997049670399	1
QID2282	1.8677201265534968	1
QID2283	0.3050060114701987	1
QID2284	5.922946164207617	1
QID2285	8.142118516106958	1
QID2286	2.9593824657318786	1
QID2287	2.9903733571902253	1
QID2288	3.8999224788711584	1
QID2289	0.1737458705080317	1
QID2290	0.007852721753732526	1
QID2291	0.39695412430226973	1
QID2292	0.04302424314646079	1
QID2293	0.7546993204770505	1
QID2294	1.2236370116139477	1
QID2295	0.891086088203602	1
QID2296	1.859177062257124	2
QID2297	0.0675526915408461	1
QID2298	0.6687666144787926	1
QID2299	0.0017309443882834324	1
QID2300	2.1515946355395568	1
QID2301	0.01471796819246192	1
QID2302	0.18303980615559765	1
QID2303	0.14723567121052514	1
QID2304	6.409496397897235	1
QID2305	2.2394550178800685	1
QID2306	1.4803152711076686	1
QID2307	0.6160068456720633	2
QID2308	5.870188711122771	2
QID2309	8.232555166117287	1
QID2310	2.337563635724805	1
QID2311	1.7111673947209556	1
QID2312	0.7610929990865039	1
QID2313	0.5904118022260303	1
QID2314	4.677474237691831	1
QID2315	0.0680532054684208	1
QID2316	0.14745149614969824	1
QID2317	0.5872998515828289	1
QID2318	5.443838539310869	1
QID2319	3.1035100579332786	1
QID2320	4.230354838638545	1
QID2321	0.002712245952363697	1
QID2322	2.681070476704914	4
QID2323	14.151784804722087	2
QID2324	0.9774787099879256	1
QID2325	6.176026603349218	1
QID2326	5.115980169026011	1
QID2327	0.2782408750422365	1
QID2328	0.2319534955109957	1
QID2329	0.9642056455167488	1
QID2330	5.978732332090282	1
QID2331	1.041907590560427	1
QID2332	1.58193001845602	1
QID2333	0.020351505223012045	1
QID2334	1.2450022790536253	2
QID2335	0.9957581264072106	1
QID2336	11.86299080865492	1
QID2337	3.9251530053089905	1
QID2338	3.2346956746505806	1
QID2339	1.4303780466487868	1
QID2340	4.566679587239191	1
QID2341	2.339011786065422	1
QID2342	2.0924840850064848	1
QID2343	8.654187434858379	1
QID2344	5.609396993906542	1
QID2345	4.095048841846881	2
QID2346	3.5452319869622086	1
QID2347	1.1501416825762252	1
QID2348	5.92882980443953	1
QID2349	2.993015831625713	1
QID2350	2.8833738815690304	1
QID2351	6.490875821589798	1
QID2352	1.3971629681533364	1
QID2353	3.570879992198336	1
QID2354	3.095666698021988	1
QID2355	3.9786442818749896	1
QID2356	0.2094077184077593	1
QID2357	2.5566102864277225	2
QID2358	2.4617092997793937	1
QID2359	5.087114297028997	1
QID2360	6.304039782098697	1
QID2361	3.666215801276514	1
QID2362	3.6527005119870473	1
QID2363	2.756983146964036	1
QID2364	3.4345432503284083	1
QID2365	0.4743760027675825	1
QID2366	3.646909427235345	1
QID2367	1.1332053478933874	1
QID2368	6.358437044602332	2
QID2369	4.226094860193304	1
QID2370	1.581410291010361	1
QID2371	3.5249345542491164	2
QID2372	7.127483727323156	1
QID2373	4.919422360104845	2
QID2374	0.6625009742309189	1
QID2375	5.79398598757748	1
QID2376	0.9757228291753792	1
QID2377	1.6573836210273039	2
QID2378	1.7584670559734896	1
QID2379	5.540570550982459	1
QID2380	0.09900778280303006	1
QID2381	1.7300660191891424	1
QID2382	3.6091854477929903	1
QID2383	0.7968053753434889	1
QID2384	3.9352152769033455	1
QID2385	2.056667174733752	1
QID2386	1.6151194773623896	1
QID2387	2.7803740049085133	1
QID2388	4.9614715029023895	2
QID2389	1.686070664652492	1
QID2390	5.3259876860395865	1
QID2391	2.745720142995611	1
QID2392	7.809237816543095	1
QID2393	0.6350320714601027	1
QID2394	2.302399558443024	2
QID2395	6.1251906015830055	1
QID2396	2.7077521238756166	1
QID2397	2.073774248641919	1
QID2398	1.2510712186035728	2
QID2399	0.6364359763036325	1
QID2400	2.3599617666370296	1
QID2401	7.7737461006497455	1
QID2402	4.141392090898484	1
QID2403	0.8528438944757288	1
QID2404	1.7992122270967297	1
QID2405	5.451431180991106	1
QID2406	1.4547974889322588	1
QID2407	0.3408517304146917	1
QID2408	0.16767808061511927	1
QID2409	0.6555512726549741	2
QID2410	7.860269612256127	1
QID2411	4.744067231482848	1
QID2412	2.9887505369678515	1
QID2413	4.661397170887095	1
QID2414	3.4216691340810192	2
QID2415	0.010474260773120964	1
QID2416	11.82607186740374	1
QID2417	4.047187603184882	1
QID2418	2.8693218327728456	1
QID2419	1.3405115647488828	1
QID2420	7.567335583562514	2
QID2421	0.7219651874177172	1
QID2422	4.055628825523252	1
QID2423	4.408036414755854	2
QID2424	3.656289359348144	1
QID2425	3.5647970231475394	1
QID2426	3.6227661659019	1
QID2427	9.894341353453047	1
QID2428	6.047610915997168	1
QID2429	7.0114167435639505	2
QID2430	1.9177076880111692	1
QID2431	0.006446470444671677	1
QID2432	7.950352734472637	2
QID2433	4.4308479709525885	1
QID2434	2.8579255357392346	1
QID2435	2.8682762087901037	1
QID2436	1.6018744091912678	1
QID2437	6.816779611346222	1
QID2438	0.5380779954927888	1
QID2439	0.045556862667325435	1
QID2440	6.138740752814001	1
QID2441	0.5290670295630485	1
QID2442	0.14468269411114687	1
QID2443	0.496375271241512	1
QID2444	2.2479126202783686	1
QID2445	4.978671922487778	1
QID2446	2.5353045401825454	1
QID2447	0.19026609135475075	1
QID2448	0.4505772810916713	1
QID2449	3.7960454592236026	1
QID2450	4.4165030530944245	1
QID2451	0.0030551800705167858	1
QID2452	7.343880497052065	2
QID2453	7.960114169285458	1
QID2454	2.272517931141912	1
QID2455	2.6763642535358763	1
QID2456	3.4266945415473398	1
QID2457	7.57921568362656	2
QID2458	1.6711577429295872	1
QID2459	4.750524542611657	1
QID2460	1.0492937363614396	1
QID2461	0.0043220956204139925	1
QID2462	4.065105617317444	2
QID2463	3.2915009826712374	1
QID2464	1.0432211460731942	1
QID2465	3.790787250023928	1
QID2466	0.04562318093444689	1
QID2467	0.1551408127415622	1
QID2468	5.49301526809252	1
QID2469	3.1636040557163563	1
QID2470	0.04576765446193715	1
QID2471	3.0189843183180605	2
QID2472	10.731335541494284	1
QID2473	2.2982013195505693	2
QID2474	5.592690839247414	2
QID2475	3.2753075792303266	2
QID2476	2.4799723061068226	1
QID2477	4.12077902279122	1
QID2478	1.527366564105764	1
QID2479	1.3474290572068344	1
QID2480	4.210294463060358	1
QID2481	3.4571390945320437	1
QID2482	0.7466977971662667	1
QID2483	2.039110726702675	1
QID2484	0.8467280894002901	1
QID2485	0.0574388851756561	1
QID2486	2.570662267803208	1
QID2487	2.879438613785448	1
QID2488	5.022285172406905	2
QID2489	0.14352251094450452	1
QID2490	2.1796602662287747	1
QID2491	4.075431471080492	1
QID2492	3.3105000971485095	1
QID2493	0.11777992463258655	1
QID2494	9.15725553892326	1
QID2495	0.8425084750914541	1
QID2496	2.604552327213915	1
QID2497	14.640891441486133	2
QID2498	2.173114953475192	1
QID2499	3.9420501539338737	1
QID2500	1.8102947010061323	1
QID2501	0.5204830108311208	1
QID2502	0.007698360956128586	1
QID2503	0.5804018218144427	1
QID2504	3.3035909753447936	1
QID2505	0.5136478054215079	1
QID2506	0.4377035379125398	1
QID2507	0.7964634944121399	1
QID2508	1.404769871452823	1
QID2509	4.367403589142243	1
QID2510	0.4141140883653058	1
QID2511	0.2684365370405791	1
QID2512	0.004391333799818296	1
QID2513	0.2684802925842766	1
QID2514	0.09866537899615337	1
QID2515	1.8302019935672145	2
QID2516	2.7585842997793937	1
QID2517	0.2590063065853042	1
QID2518	0.01908834057870293	1
QID2519	6.42543674441533	1
QID2520	1.0601735401473689	1
QID2521	7.208353684410957	1
QID2522	2.950779162445909	1
QID2523	4.337778822875686	1
QID2524	1.336521443096133	2
QID2525	9.136530075854656	1
QID2526	3.723593580463127	1
QID2527	1.202947626602894	1
QID2528	1.0378764880074776	1
QID2529	9.502991304767342	1
QID2530	3.1867694256840755	1
QID2531	0.7648657768945205	1
QID2532	1.1248012424756273	1
QID2533	5.642978196551789	1
QID2534	0.06194514903031075	1
QID2535	0.50415274886747	1
QID2536	4.450754813152674	2
QID2537	1.4116269684933849	1
QID2538	2.6301549766470766	1
QID2539	0.4068882319869567	1
QID2540	0.11557043059327822	1
QID2541	2.5128814089602347	1
QID2542	0.186011484718398	1
QID2543	5.10350844916013	2
QID2544	1.2172083766337718	1
QID2545	4.349372606539616	1
QID2546	1.419776396772736	1
QID2547	0.4962420746345228	1
QID2548	0.9680382178922315	1
QID2549	1.704886179920298	1
QID2550	0.6154825036310748	1
QID2551	1.9203796972128464	2
QID2552	1.6385108787883391	2
QID2553	2.9087004880928924	1
QID2554	0.7376383598500006	1
QID2555	3.446662800483207	1
QID2556	6.940612963762701	1
QID2557	1.0181050775358411	1
QID2558	0.4552420926288224	1
QID2559	0.3101071040542146	1
QID2560	2.1763753295440305	1
QID2561	0.10406992423737146	1
QID2562	3.5804459067046714	2
QID2563	3.400817078076376	1
QID2564	0.6837206680838509	1
QID2565	4.801245263302646	2
QID2566	5.8530860885386025	1
QID2567	2.3893517902018577	1
QID2568	5.313645487187761	1
QID2569	0.7664304804949498	1
QID2570	0.04944186396391704	2
QID2571	1.4257237291949751	1
QID2572	3.0687042587184	1
QID2573	3.69646499872924	1
QID2574	7.297281508869085	1
QID2575	8.441345301798384	1
QID2576	8.300832563900878	1
QID2577	8.05357452419245	1
QID2578	0.1529687180672969	1
QID2579	2.020576651792683	1
QID2580	6.096852918933629	1
QID2581	2.7495909303709705	1
QID2582	4.672044954311363	1
QID2583	5.626962051367591	1
QID2584	4.9104960883648605	2
QID2585	2.9120940851823764	1
QID2586	8.302475272403019	3
QID2587	4.6681872254549726	1
QID2588	2.0063763692461354	1
QID2589	0.02277811487188185	1
QID2590	5.4260769369970046	1
QID2591	2.8152909147509546	2
QID2592	0.7490984530573768	1
QID2593	4.065087726939633	1
QID2594	6.070667385018251	1
QID2595	1.5642131525070917	1
QID2596	6.88679046779027	2
QID2597	0.8495375832345364	1
QID2598	2.8514612839039746	2
QID2599	1.5962833990952008	1
QID2600	6.222171770624143	1
QID2601	3.2969916896371125	1
QID2602	0.12149282577644505	1
QID2603	2.490880806774809	1
QID2604	0.26422302002136044	1
QID2605	3.2110834249357634	4
QID2606	0.8762198317512163	1
QID2607	0.916251841371834	1
QID2608	5.906218562449548	1
QID2609	3.6680991537104095	1
QID2610	3.32664052742214	1
QID2611	0.12605233569454485	1
QID2612	4.02134114320006	1
QID2613	4.888734479585589	2
QID2614	1.831795658613532	1
QID2615	1.9707263542849376	1
QID2616	2.9401277216902413	1
QID2617	2.346086401160173	1
QID2618	3.757189299632527	1
QID2619	3.600708780539553	1
QID2620	3.764791845387517	1
QID2621	2.9542866749039036	1
QID2622	1.5704670396101081	1
QID2623	2.6765721580717416	1
QID2624	1.0747198786402348	1
QID2625	2.39477633980792	2
QID2686	8.888912323101323	1
QID2688	6.371430747012063	1
QID2689	12.607791871436422	1
QID2690	3.052201987188069	1
QID2691	1.5277011281735282	1
QID2692	0.3673829838796279	1
QID2693	8.67757342968532	3
QID2694	3.3675585683400877	1
QID2695	3.787918043434421	1
QID2696	5.3442402424534405	2
QID2697	3.4129193630904333	1
QID2698	1.3307449966718723	1
QID2699	3.484941919990713	1
QID2700	5.385504233453009	1
QID2701	5.253176976168552	1
QID2702	0.6055943948209411	1
QID2703	4.00266751913618	1
QID2704	2.450638534839671	1
QID2705	2.32560600926188	1
QID2706	0.0024258565786490337	1
QID2707	9.044641826148164	2
QID2708	2.1535745322841957	2
QID2709	7.117337461804078	1
QID2710	5.001755539879544	2
QID2711	1.2358335797842717	1
QID2712	2.6564334714637363	1
QID2713	2.967961696877138	1
QID2714	0.483275482819512	1
QID2715	1.3766471228833086	2
QID2716	5.4687586929619245	1
QID2717	0.14319825259474914	1
QID2718	0.2466678044329949	1
QID2719	4.747773582884513	1
QID2720	0.9928648689436559	1
QID2721	8.130233979516772	4
QID2722	2.7571542682716523	1
QID2723	0.9056366664017838	1
QID2724	6.928428096395793	1
QID2725	1.970315306973271	1
QID2726	5.701257000776414	2
QID2727	4.480690039270748	1
QID2728	0.013624141359120377	1
QID2729	2.9432700655912214	1
QID2730	0.4703440750906229	1
QID2731	5.283293148003524	1
QID2732	0.004014386288064978	1
QID2733	0.9893891928705808	1
QID2734	0.10338518117277892	1
QID2735	9.987323528929544	1
QID2736	0.6907881565621086	1
QID2737	6.074531038511528	1
QID2738	5.362570281764946	3
QID2739	0.18529389282343373	1
QID2740	5.946666818988124	1
QID2741	3.3303748381407123	1
QID2742	3.5397950128877618	1
QID2743	3.2426690010602885	1
QID2744	9.601244836842497	3
QID2745	6.8301947516170625	2
QID2746	3.9972823420512142	2
