Word_Unique_ID	Surprisal	NumTokens
QID1	1.0625615228285636	1
QID2	5.471193163570913	1
QID3	10.399338298197003	3
QID4	1.1788937881482793	1
QID5	3.7077273994362536	1
QID6	2.5723184876924616	1
QID7	4.254239751513773	1
QID8	10.434649782314695	1
QID9	0.3506487842960418	1
QID10	4.733147973119095	1
QID11	3.908655391481266	1
QID12	5.179561559645693	2
QID13	5.034177906945799	1
QID14	1.7458386685376943	1
QID15	1.3787804516816693	1
QID16	2.344439584097596	1
QID17	6.460309392872975	1
QID18	1.632532639139465	1
QID19	8.925597399390659	1
QID20	5.047212538873612	2
QID21	2.636851743202361	1
QID22	5.994964586337121	1
QID23	7.690212503040067	2
QID24	1.2977803698696422	1
QID25	0.9331165296647432	1
QID26	4.180443363830646	1
QID27	1.273484876707374	1
QID28	2.102283905866462	2
QID29	1.5560167945341905	1
QID30	3.1091810089969907	1
QID31	0.15887352284202616	1
QID32	1.893779076263285	1
QID33	2.092319304004594	1
QID34	0.5760599808030102	1
QID35	2.5158856300315553	1
QID36	2.346014454016482	1
QID37	2.2558635337312176	1
QID38	3.51287042770514	1
QID39	0.2512835930199463	1
QID40	3.144792418315067	2
QID41	3.1868996671406813	1
QID42	0.5147737127785412	1
QID43	8.164354036466037	1
QID44	0.2262832045334846	1
QID45	0.7764158121043054	1
QID46	1.3381829254709137	1
QID47	1.6633821973501892	1
QID48	1.1062084225638866	1
QID49	5.563199777901044	1
QID50	1.516867034144579	1
QID51	6.08545059550497	1
QID52	2.4387677189876165	1
QID53	4.397868515120364	1
QID54	1.3247697948118828	1
QID55	1.7819835667715092	1
QID56	2.462966014806065	2
QID58	4.180418906751412	1
QID59	3.4956904137861384	2
QID60	1.8016651597756541	1
QID61	6.55678713101638	1
QID62	10.06368773248061	3
QID63	4.809709249307214	1
QID64	4.503726064093224	2
QID65	2.660596972374575	1
QID66	6.40996453332045	1
QID67	0.8741768866444272	1
QID68	11.426244721765794	1
QID69	5.132795826132892	2
QID70	2.466469140561459	1
QID71	8.611436030776872	1
QID72	0.9064249886231344	1
QID73	0.600860358825009	1
QID74	2.0518185273255174	1
QID75	0.4007520771254248	1
QID76	2.2117036668223484	1
QID77	2.310784870179501	1
QID78	1.3294071102470713	1
QID79	2.047264121291174	1
QID80	0.0806375214998234	1
QID81	5.677139056693128	2
QID82	6.2918613884305294	1
QID83	0.2027121612130812	1
QID84	5.551377112707463	1
QID85	0.5532190771979021	1
QID86	3.5919591404688966	1
QID87	4.165761939629742	1
QID88	2.654335798192817	2
QID89	4.2946590467035515	1
QID90	0.475098414327201	1
QID91	5.51725698319792	3
QID92	2.1607029615808924	1
QID93	7.032865932255063	2
QID94	3.483822491876148	1
QID95	0.6248097772606059	1
QID96	2.254088742721467	1
QID97	0.1830178603101086	1
QID98	11.825760967714482	3
QID99	9.965956123534188	2
QID100	5.281217546851557	1
QID101	2.2950553228693376	1
QID102	6.7617292334204775	1
QID103	0.44661221127483786	1
QID104	9.99787682631543	1
QID105	0.7255805250551244	1
QID106	7.2471467587599685	1
QID107	1.0291258603590652	1
QID108	0.14941526993766907	1
QID109	6.157110055102832	1
QID110	2.1509484995496932	1
QID111	1.0457188104636197	1
QID112	0.4293027786571573	1
QID113	1.8363029777289832	1
QID114	0.3764355394797934	1
QID115	9.197675464855182	3
QID117	5.799148883299076	1
QID118	1.652148605228809	1
QID119	11.716035222259901	2
QID120	8.551288588018767	2
QID121	0.4446543286052324	1
QID122	1.0797154618792897	1
QID123	0.1093609866979954	2
QID124	0.020367597212195828	2
QID125	0.464619709444089	1
QID126	4.712261432552896	1
QID127	1.6322977937202006	1
QID128	1.5625618423409808	1
QID129	7.99993300325277	1
QID130	2.2322545240556813	1
QID131	0.6016239988736289	1
QID132	4.908399458313487	1
QID133	3.3176988625382795	1
QID134	6.575245700666714	1
QID135	0.21658459435382868	1
QID136	5.599774141943938	1
QID137	1.9327654986745453	1
QID138	4.122564389503489	1
QID139	4.202208267426056	1
QID140	1.9521682816438592	2
QID141	2.157004352834226	1
QID142	3.4245731640930646	2
QID143	4.789926174092709	1
QID144	0.9409196942718384	1
QID145	0.6602979325671368	1
QID146	0.3972875611190174	1
QID147	1.1886594013013545	1
QID148	1.03998353677341	1
QID149	3.864182865960363	1
QID150	4.0905043009270825	1
QID151	0.4536653287086302	1
QID152	8.04794799584265	1
QID153	0.8717142022248969	1
QID154	3.1475226729947368	1
QID155	2.163087567259516	1
QID156	0.1101086005788047	1
QID157	2.407545856031913	1
QID158	2.733780014342804	1
QID159	2.355882746134607	2
QID160	3.9612291556289874	2
QID162	0.5006636167956904	1
QID163	0.02386784654602886	1
QID164	4.955361683876625	1
QID165	4.713873731650028	1
QID166	1.5052644043678558	1
QID167	1.273556590113365	1
QID168	4.3034735889458196	1
QID169	0.32312200405520336	2
QID170	3.7214183189065193	1
QID171	6.182452450309089	1
QID172	3.2412771696064437	1
QID173	4.081168000982377	2
QID174	11.990738180303016	1
QID175	4.9834496532747465	1
QID176	3.7979776575543056	1
QID177	1.9276130946482484	1
QID178	3.5193973606695876	1
QID179	8.601931441236758	2
QID180	5.858414548659588	1
QID181	2.4067812084541003	1
QID182	1.231816614546294	1
QID183	10.821512251802632	1
QID184	3.0547824067189104	1
QID185	7.682507298384977	1
QID186	5.318789576784575	3
QID187	2.3926474029815816	1
QID188	0.8752600224867144	1
QID189	3.0841537327515938	2
QID190	1.1096893275849191	1
QID191	3.026592812802378	1
QID192	2.7742563378676497	1
QID193	9.084150309504356	1
QID194	4.935244982775838	1
QID195	7.7663088271262195	2
QID196	3.2727180946727685	1
QID197	1.7273101378627005	1
QID198	9.131135059640917	2
QID199	7.136974334694835	1
QID200	2.679897437616185	1
QID201	0.7941571504676994	1
QID202	6.320455050802803	2
QID203	2.535280623815372	1
QID204	13.109186202824533	3
QID205	8.732392544608334	1
QID206	7.352533623657584	2
QID207	1.9291189204923158	1
QID208	4.402357751426606	1
QID209	2.431191829939683	1
QID210	6.303996491134963	1
QID211	1.0473136039504558	1
QID212	1.8466576434485769	1
QID213	2.39669043100675	1
QID214	5.508265858199049	1
QID215	2.880563295130596	1
QID216	4.833773684549126	1
QID217	0.6550564622935	1
QID218	0.09570404886803396	1
QID219	3.5046462247239973	1
QID220	3.1372176640683413	2
QID221	1.6837473423952023	1
QID222	0.8315121216958414	1
QID223	5.244018482878801	1
QID224	3.2472817876244964	1
QID225	0.4886320810879908	1
QID226	5.984874561876807	2
QID227	3.0933688521558538	1
QID228	4.522718468568085	1
QID229	12.085564875162252	1
QID230	2.642345549535745	1
QID231	7.70496361518338	2
QID233	7.61838841718288	2
QID234	15.348631719163105	2
QID235	2.810713054437104	1
QID236	5.8715875406327545	1
QID237	2.039741303190074	1
QID238	0.9441611069613316	1
QID239	3.735214696051412	2
QID240	3.615426399747883	1
QID241	0.20355836138382502	1
QID242	11.878411920637744	1
QID243	3.526205439212293	2
QID244	1.5248582420279375	1
QID245	2.2574101281639205	1
QID246	3.3128090405932764	2
QID247	1.215590497137918	1
QID248	2.8651364113840017	1
QID249	4.460439480292063	1
QID250	0.4364391868361965	1
QID251	13.806094600684883	3
QID252	0.0703296853489585	1
QID253	2.7093184910065133	2
QID254	4.2509255877430805	1
QID255	0.9620132805621452	1
QID256	7.6032026639626915	2
QID257	5.530972980770054	1
QID258	0.6536082148226323	1
QID259	4.421640233996	2
QID260	3.6462526688751153	1
QID261	1.1264661430665102	1
QID262	6.8306251685392	1
QID263	0.7535817828296486	1
QID264	0.39729515716190994	1
QID265	1.043966016405913	1
QID266	1.8214037283800653	1
QID267	2.826978208427661	1
QID268	5.513770141124397	1
QID269	0.13458695308796753	1
QID270	4.8711207682990745	2
QID271	1.644111774399912	1
QID272	1.5753334958466558	1
QID273	2.21581190899464	1
QID274	0.004958892906450114	1
QID275	4.213620878779982	1
QID276	5.831508172933999	2
QID277	2.966138502763188	1
QID278	4.455578665952563	1
QID279	5.5376556028952315	1
QID280	3.454470666807827	1
QID281	0.9213394667729364	1
QID282	1.392822536753524	1
QID283	1.1904137052084454	1
QID284	5.470050739865072	1
QID285	1.0950474371343573	1
QID286	5.6232848552775545	2
QID287	0.8764174371898348	1
QID288	1.2966353722122548	2
QID290	10.079292684641922	1
QID291	10.551862654324484	1
QID292	8.062836263742037	1
QID293	5.094695027248078	1
QID294	2.6304524707283115	1
QID295	5.075332720006704	1
QID296	0.4488300182991077	1
QID297	4.940323588832354	1
QID298	3.7349440027467815	1
QID299	9.239272629138416	1
QID300	6.6851136046467925	2
QID301	3.9633992490621455	1
QID302	6.363405155848325	1
QID303	3.613832356269171	1
QID304	1.2604151738867233	1
QID305	12.582221806126256	3
QID306	3.2300855353071727	1
QID307	6.9719399283676955	1
QID308	2.9343069081004782	1
QID309	2.393068386523477	1
QID310	0.19700231201115406	1
QID311	2.1968424099371813	2
QID312	2.741475120054832	1
QID313	3.1466739209600845	1
QID314	0.3158584974505754	1
QID315	2.5213730232582403	1
QID316	1.2450013133856697	1
QID317	1.2810738916477935	1
QID318	9.815682964605283	3
QID319	1.1953004018740414	1
QID320	3.6622270393269543	1
QID321	0.9502356881797271	1
QID322	3.4727477249701963	2
QID323	2.967279009438168	1
QID324	7.270820682323912	1
QID325	11.441432387936432	2
QID326	6.145468540199507	1
QID327	2.0724055421580814	1
QID328	9.267205141099359	1
QID329	4.1720001868877405	1
QID330	6.8717355074479665	1
QID331	8.155376209047473	1
QID332	0.8587741647865779	1
QID333	1.6541711358440792	1
QID334	7.8299078889329055	1
QID335	7.120019870621843	2
QID336	4.935761513423844	1
QID337	3.9518111276282286	1
QID338	8.609749079786765	1
QID339	1.2574782699596525	1
QID340	3.7258884424414154	1
QID341	3.9942402464677786	1
QID342	2.6916419609421998	1
QID343	5.255998583162345	1
QID344	1.4114123289906062	1
QID345	5.704169644711003	2
QID347	10.857710856906873	2
QID348	7.151164529980732	2
QID349	1.2631239040442006	1
QID350	5.4804913705862965	1
QID351	2.6379086663641718	1
QID352	2.964326557309023	1
QID353	8.946304871057453	2
QID354	3.4012044465053317	1
QID355	2.8781194160216814	1
QID356	5.516935650679872	1
QID357	11.63301618730384	2
QID358	2.5239489035508225	1
QID359	4.117288885977576	1
QID360	1.1070499941632441	1
QID361	4.384120917342927	2
QID362	8.500812088243173	1
QID363	0.4484830337583038	1
QID364	7.414482353464662	1
QID365	0.7410972087896309	1
QID366	0.6007783521154073	1
QID367	7.159656175710388	1
QID368	7.8700891888929965	1
QID369	3.0417130906852554	1
QID370	6.564179079193419	1
QID371	6.43945195903281	2
QID372	1.5642260728996684	1
QID373	4.179077843188093	1
QID374	2.595344933217499	1
QID375	6.195144768967108	2
QID376	2.5873870521163504	1
QID377	2.673742893462169	2
QID378	1.3025441431169806	1
QID379	3.5887262410055425	1
QID380	1.3626846119989589	2
QID381	0.99789396046684	1
QID382	2.0776331813667777	1
QID383	9.964037616989547	3
QID384	2.919925275045133	1
QID385	3.2633799934570216	1
QID386	0.6707812518897612	1
QID387	0.5405625768871849	1
QID388	2.0652714975061146	1
QID389	3.1203710439364465	2
QID390	2.448970171888424	1
QID391	4.315139787839718	1
QID392	5.072992450473842	1
QID393	1.4439192578644455	1
QID394	1.0809743659040452	1
QID395	0.552933239575819	1
QID396	4.262421785492161	2
QID397	1.8298424934501505	1
QID398	1.1794193223474203	1
QID399	9.049217672768934	3
QID400	3.807623734267655	1
QID401	3.0248633963889824	1
QID402	12.019494810680964	3
QID404	6.658750138503912	1
QID405	3.04426493745435	1
QID406	3.686476056091364	1
QID407	4.3278452418087765	1
QID408	3.76263784238976	1
QID409	1.3015532055494743	1
QID410	2.364077189031669	1
QID411	3.6917316718171067	1
QID412	0.024318507107115896	1
QID413	5.137362836244397	2
QID414	4.877800103570982	1
QID415	1.827301675504884	1
QID416	1.0183815416025603	1
QID417	4.627754970687026	1
QID418	0.2726949437039961	1
QID419	5.982507035950688	1
QID420	0.011472304345136124	1
QID421	2.9202780541993127	1
QID422	2.047383323859012	2
QID423	4.430104057449116	1
QID424	8.429337745671734	1
QID425	4.996677140505341	1
QID426	1.369581052182181	1
QID427	1.2663720222165231	1
QID428	6.136763345198675	1
QID429	0.8340659145481304	1
QID430	0.01385908825606423	1
QID431	3.7796112223550216	1
QID432	4.813095065678746	3
QID433	3.5993667491163186	1
QID434	0.34533549976172	1
QID435	4.741845526666607	1
QID436	1.5913419866794267	1
QID437	5.894108326038268	1
QID438	0.15804097953748006	1
QID439	8.525210047685968	1
QID440	4.451756315009584	3
QID441	1.3154129412338451	2
QID442	3.222386395300354	1
QID443	1.2807531534476582	1
QID444	0.8902507504752073	1
QID445	3.6793179082073255	1
QID446	2.290853776118908	2
QID447	2.8704433778356093	1
QID448	4.5290279625392555	1
QID449	6.072280482456878	1
QID450	4.5197264232577625	1
QID451	0.9671780232563072	1
QID452	1.2352974499130438	2
QID453	3.2075676436045515	1
QID454	3.818794327036673	1
QID455	2.3696350836273963	1
QID456	0.23702596432498466	1
QID457	0.3748340871237507	1
QID458	2.38056099356709	1
QID459	2.5368218926902393	2
QID460	2.3392275828105817	1
QID461	1.394084046852757	1
QID462	12.549025230554225	2
QID463	9.0370160256178	2
QID464	1.8910505611272543	1
QID465	2.2563268615586547	1
QID466	7.851941369628955	1
QID467	2.098659973745623	1
QID468	2.943429902752402	1
QID469	17.185322271979228	5
QID470	8.847839530454044	1
QID471	6.2214634742102835	2
QID472	4.518048381262925	1
QID473	0.3612966841278473	1
QID474	0.08081787047062491	1
QID475	0.6465336712869916	1
QID476	7.897451814206449	4
QID477	0.18908606157982075	1
QID478	2.7503582408225107	1
QID479	13.922182512561474	3
QID480	6.431155074315805	1
QID481	0.3106262519525839	1
QID482	7.860988577801986	1
QID483	4.892383970811634	2
QID484	6.058835662154429	1
QID485	14.159138415823776	2
QID486	3.4167319776769736	1
QID487	0.8116224702530018	1
QID488	0.675404886706203	1
QID489	1.1190903986570853	1
QID490	5.667946344792495	1
QID491	3.403263118154173	1
QID492	4.227354447318854	1
QID493	3.0651092538004514	1
QID494	3.828801585358408	1
QID495	6.078661200809951	1
QID496	1.858078919514741	1
QID497	4.061918515027495	2
QID498	2.027516400245896	1
QID499	8.526121927164597	3
QID500	6.665143385785373	1
QID501	7.467320763605473	1
QID502	3.7088874164392798	1
QID503	0.22183259906589792	1
QID504	8.353863006448108	2
QID505	0.7720362773822828	1
QID506	7.918744119336647	1
QID507	1.1392754055148198	1
QID508	1.00682610893693	1
QID509	1.6771138328442965	1
QID510	1.5224741633781589	1
QID511	7.497854277084991	1
QID512	3.230490847932354	1
QID513	3.787596008755479	2
QID515	12.705376358345454	3
QID516	10.54116649400688	1
QID517	1.7488321900949948	1
QID518	6.688799530180191	2
QID519	4.529068143349632	2
QID520	1.9209093210204842	1
QID521	1.8279932593721215	1
QID522	5.268325169015936	1
QID523	1.1043286342126084	1
QID524	1.033500915877396	2
QID525	5.110849453329737	1
QID526	3.967189848562513	1
QID527	1.8728464689182591	1
QID528	4.165856215545198	1
QID529	0.3142770051455641	1
QID530	4.788928992309045	1
QID531	1.081973470402596	1
QID532	4.37092544896492	2
QID533	7.340192144525622	1
QID534	3.65923104077971	2
QID535	8.1700056685975	2
QID536	5.896493074980594	2
QID537	2.182391907750621	1
QID538	1.9724094936809669	1
QID539	0.8102056888158913	1
QID540	0.9695948454422472	1
QID541	0.07121085577647587	1
QID542	0.8025110160072815	1
QID543	3.4380775173534865	1
QID544	0.2062334767918884	1
QID545	1.3959931303843651	1
QID546	0.008494545620063928	1
QID547	0.0065787291796042925	1
QID548	0.26308893623146073	1
QID549	5.885319579381803	2
QID550	2.41242572800072	1
QID551	3.262817630074592	1
QID552	0.5746256380443749	1
QID553	3.717139900176485	1
QID554	4.760904395280604	1
QID555	4.834275855013559	1
QID556	2.840263065042086	1
QID557	4.492957164212678	1
QID558	0.5676573210748163	1
QID559	2.6836148946824294	1
QID560	6.464872947226588	1
QID561	5.383719978265419	1
QID562	1.854171079884156	1
QID563	1.7762871537510856	1
QID564	1.2089629977639471	1
QID565	3.5383835504917136	1
QID566	0.1913141108464276	1
QID567	5.932629139654868	2
QID568	1.4664380521643774	2
QID569	2.133427227806425	1
QID570	16.002304844035326	2
QID571	0.13287169151179368	2
QID572	6.2694125918267005	1
QID573	0.7650796790077695	1
QID574	7.465459119863808	2
QID575	3.0530547439250952	2
QID576	9.008850157208757	4
QID577	0.9190411686350924	1
QID578	1.2918330876715878	1
QID579	10.990394056918023	1
QID580	0.7280379158250696	1
QID581	7.30707749156047	1
QID582	0.03295812823425034	1
QID583	8.2788837777443	3
QID584	2.0970965164926274	1
QID585	2.813878115469997	1
QID586	0.8188844652175145	1
QID587	4.517133463950857	1
QID588	6.195974718616375	1
QID589	1.0326461774811415	1
QID590	3.586995122367356	1
QID591	13.05007553368486	2
QID592	5.3663029906711515	1
QID593	2.017838623737489	1
QID594	2.1037440791381545	1
QID595	3.4827540653490687	1
QID596	1.6650125600525665	1
QID597	2.801306999106925	1
QID598	0.9740214962403312	1
QID599	2.5744295635900003	2
QID600	4.193397843684538	2
QID601	1.8592293618077127	1
QID602	5.641025440868349	1
QID603	1.732963647641467	1
QID604	2.024248570562908	1
QID605	2.332018710766285	1
QID606	3.368327823126671	1
QID607	2.7864243993522573	1
QID608	1.6227309312603608	1
QID609	4.758934867533207	1
QID610	7.143534419692935	1
QID611	3.1090335743187087	1
QID612	3.710384327625295	1
QID613	2.0592297568332523	1
QID614	9.770172149011666	2
QID615	8.382672659982802	1
QID616	0.4804478842068287	1
QID617	1.7411285026052692	1
QID618	6.6961744067752464	1
QID619	1.1235217726983502	1
QID620	5.772248134658892	1
QID621	6.919571304923239	3
QID622	7.15511920404122	1
QID623	3.7026292685328452	2
QID624	6.825235858739148	1
QID625	9.456670747335144	2
QID626	6.1145729043543255	1
QID627	3.786559201775564	1
QID628	3.9627706787968857	1
QID629	0.8808920769407407	1
QID630	9.586696881510733	1
QID631	0.8844048061970596	1
QID632	2.6108856298171683	1
QID633	1.159309307651475	1
QID634	0.5154801334810782	1
QID635	0.04156387002163834	1
QID636	4.412565919706539	1
QID637	0.9142844733850916	1
QID638	9.388922154335996	1
QID639	0.8625302887600546	1
QID640	6.135581541539562	4
QID641	1.8239264597395195	1
QID642	6.466060343450093	1
QID643	0.7904401262699291	1
QID644	2.5889209528866512	1
QID645	5.322684061463698	1
QID646	4.9589651848777265	1
QID647	1.178189441212623	1
QID648	1.0792192343337292	1
QID649	2.011157523385886	1
QID650	2.189012871682736	1
QID651	2.9356915686942284	1
QID652	2.803427090832328	1
QID653	2.4732097577868024	1
QID654	2.3583700651694106	1
QID655	4.937034311813486	2
QID656	4.060513294490254	1
QID657	4.5172431168731375	1
QID658	3.4890205382083397	1
QID659	3.7904768214821942	1
QID660	4.911705891971969	2
QID661	1.6675877228271725	1
QID662	0.7455299600139624	1
QID663	8.184092698790069	1
QID664	0.6871463238819435	1
QID665	1.5787203022801661	1
QID666	1.1143315048139513	1
QID667	2.6485383433776346	1
QID668	0.17371310834352746	1
QID669	0.9963532919442132	1
QID670	1.843862564404164	1
QID671	2.6653016881031646	1
QID672	5.417090799067725	1
QID673	7.007720310556662	2
QID674	10.012264381857342	2
QID675	1.5859325603384036	1
QID676	8.691832811862062	1
QID677	9.094233986873878	2
QID678	1.1168805795489654	1
QID679	7.187405041774956	1
QID680	0.14746666439746428	1
QID681	4.009640485858828	1
QID682	4.511253904285988	1
QID683	10.957972771555683	1
QID684	9.01389373981035	2
QID685	4.9495733553024985	1
QID686	13.22287485881807	1
QID687	7.219667923315175	2
QID688	0.4856471575603925	1
QID689	0.8323475110271271	1
QID690	3.011930007583275	2
QID691	1.63364513926794	2
QID693	0.6329201238855213	1
QID694	4.35999917504058	2
QID695	0.8060622609531203	1
QID696	0.008125173591166598	1
QID697	2.3847660752330304	1
QID698	1.3676323230160206	1
QID699	2.774674136565288	1
QID700	1.639337290700422	1
QID701	10.443131746064756	2
QID702	2.038541157855684	1
QID703	1.3872808658750408	1
QID704	0.04394296303445253	1
QID705	1.7912305894838454	1
QID706	2.510804625781956	1
QID707	0.0033037719091227376	1
QID708	2.6631652782370825	2
QID709	0.4170132534229297	1
QID710	1.3345436684894847	2
QID711	7.232230747482798	2
QID712	9.386072056947183	1
QID713	0.8402737418543552	1
QID714	2.5005893632806018	2
QID715	4.693890361510968	1
QID716	5.0343723007293	1
QID717	11.578403562949056	3
QID718	3.396568123055045	1
QID719	9.032093739068163	4
QID720	3.6315139437075015	1
QID721	1.2949578027064406	1
QID722	7.36443450720117	2
QID723	0.8968020846568735	1
QID724	5.905489916516652	1
QID725	10.725216457424953	3
Q2684	15.37095832065993	1
QID726	9.356998794219336	1
QID727	4.713911299567716	1
QID728	3.214567153722978	2
QID729	8.871868440293289	1
QID730	2.8409507190626377	1
QID731	7.705491024396625	1
QID732	2.8090291446588496	1
QID733	5.5172039249071645	1
QID734	0.9005748802399064	1
QID735	2.309969641685431	1
QID736	2.6424569711762547	1
QID737	2.109752370459728	1
QID738	9.156457828411412	1
QID739	5.715692426234691	1
QID740	3.003868277279239	3
QID741	5.475401576200415	1
QID742	1.7263821249664288	1
QID743	2.9071431082233774	1
QID744	2.477411118506003	1
QID745	0.23485368835416776	1
QID746	6.954200788884218	1
QID747	0.06449911257543592	1
QID748	4.312195173995075	1
QID749	2.643494923674112	1
QID750	0.66013402250965	1
QID751	1.889271702483152	1
QID752	7.078928342425398	2
QID753	6.1841782005802814	1
QID754	5.439958221864302	2
QID755	3.0257128073230737	1
QID756	7.7219253344754835	3
QID757	5.49658578770566	2
QID758	8.409749953456265	1
QID759	1.00993096519445	1
QID760	6.300465535459321	1
QID761	2.3124316156538005	1
QID762	0.03127925115295592	1
QID763	0.27508858755486554	1
QID764	3.3912292425604327	1
QID765	3.822501702300372	1
QID766	1.9216611625125009	1
QID767	1.61510919049654	1
QID768	0.07302545735825675	1
QID769	5.065840792819138	1
QID770	4.748743413639127	1
QID771	2.335246797648197	1
QID772	2.056027960985614	1
QID773	1.316834834898357	1
QID774	5.598220133365107	1
QID775	1.1260411900378091	1
QID776	1.0313468670441044	1
Q2685	7.818404921621901	2
QID777	8.695222081529657	2
QID778	8.334107555856095	1
QID779	2.2928517797709884	1
QID780	4.03522018403389	1
QID781	4.881765299495406	1
QID782	4.3381764341664555	1
QID783	0.8239106441976659	1
QID784	1.9880814865430916	2
QID785	9.62918506932906	1
QID786	3.5447183433455183	1
QID787	3.870765209279785	2
QID788	1.1034815903067732	1
QID789	5.687475048585343	1
QID790	9.40269910428969	1
QID791	2.642261891706627	1
QID792	0.19653351569043254	1
QID793	2.896712569855036	1
QID794	1.2608157877102428	2
QID795	4.69995031061984	1
QID796	2.9569441783243846	1
QID797	1.8592843463242883	1
QID798	1.1205537123378966	1
QID799	1.9499210947017849	1
QID800	4.505540120024351	1
QID801	4.022805693993973	1
QID802	1.7082336678590464	1
QID803	7.359632819976267	1
QID804	6.052498810401655	1
QID805	3.0611396274376683	1
QID806	4.261997839311774	1
QID807	6.147418444640142	1
QID808	0.24744527349577494	1
QID809	2.512453245975084	2
QID810	4.746096629913008	1
QID811	2.2584572658251583	1
QID812	3.152136578768093	1
QID813	6.218299082908354	1
QID814	3.3970677040640176	1
QID815	1.4213679402788646	1
QID816	2.961386162286889	1
QID817	5.311666497870638	3
QID818	0.9809235331443964	1
QID819	4.355166462313544	1
QID820	8.601653281200145	1
QID821	6.362946344305758	1
QID822	0.3049356777867543	1
QID823	0.8319964879023883	1
QID824	3.4098215361223727	1
QID825	0.6319145445714102	1
QID826	6.784243890684041	1
QID827	0.08370606409639994	1
Q2686	0.4931440374183788	2
QID828	12.456148473606934	2
QID829	1.3143622690842287	1
QID830	9.786093971536982	1
QID831	2.145444735057717	1
QID832	2.345877827300525	1
QID833	4.645452068397469	1
QID834	0.04055375114689476	1
QID835	5.120682780291177	1
QID836	5.81959182822013	1
QID837	1.2140162822626783	1
QID838	0.3465814851580851	1
QID839	3.7915815132448487	2
QID840	3.345525012882316	1
QID841	3.8095804974783296	1
QID842	8.426444836816176	1
QID843	0.2536314265632784	1
QID844	7.7769128498367355	1
QID845	7.020952355270839	1
QID846	1.7109776504087049	1
QID847	10.855015669441357	1
QID848	5.627521279072363	1
QID849	0.33423184527252003	1
QID850	2.8127558679919704	1
QID851	2.714770724928969	2
QID852	2.1590943072556468	1
QID853	3.7184037249279935	1
QID854	1.4491790957301478	1
QID855	5.462887161178645	1
QID856	0.01057514418800497	1
QID857	1.5391827755222072	1
QID858	4.291303107445127	1
QID859	0.7003206383278671	1
QID860	7.3210136417784515	2
QID861	3.7737958177333057	2
QID862	4.461221795140453	2
QID863	0.9293441290024184	1
QID864	5.149493090476974	1
QID865	4.330412345464781	1
QID866	7.012821868255119	1
QID867	4.205576640921321	1
QID868	1.820819691541979	1
QID869	4.8250106257451515	1
QID870	2.232899968700732	1
QID871	3.734187164555422	1
QID872	2.4199805521005318	1
QID873	5.065124179778379	1
QID874	2.4628285750206413	1
QID875	8.832640228447021	1
QID876	2.8691725312011465	1
QID877	5.382030326621586	2
QID878	2.5449210595606258	1
QID879	5.194600148106629	1
QID880	6.954085649847674	1
QID881	0.8042976036031384	1
QID882	3.2705248995810616	1
QID883	3.5738820671388427	1
QID884	6.541532691573583	1
QID885	4.67163287519563	2
QID886	3.0887699501873938	1
QID887	1.0367824118387248	1
QID888	5.016414473320424	1
QID889	4.617628407379439	1
QID890	2.6007726819451356	1
QID891	3.880693778634383	1
QID892	7.442742506835253	1
QID893	15.421523214392906	2
QID894	7.204535399750715	1
QID895	2.386708420958377	1
QID896	7.899812793476781	2
QID897	3.307971455441797	1
QID898	7.602155102755352	1
QID899	5.7178824824547485	1
QID900	1.7156775286685484	1
QID901	0.010666963211081952	1
QID902	8.137169319651548	2
QID903	26.155863906600327	2
QID904	5.850181633798159	2
QID905	4.4798063714893415	2
QID906	1.8613196805490144	1
QID907	0.6133793247093255	1
QID908	6.372418656487553	1
QID909	6.282427285538378	3
QID910	4.6121846310337045	1
QID911	7.622604611838804	1
QID912	0.3673485932455747	1
QID913	0.8730561151820256	1
QID914	2.5368688836971534	1
QID915	0.1594322975188006	1
QID916	0.9994501610190548	1
QID917	2.7644472896651626	1
QID918	1.2407143238455955	1
QID919	3.3551144043649064	2
QID920	5.94719398733299	1
QID921	0.7645504085083401	1
QID922	5.628680870647267	1
QID923	1.1497665960161998	1
QID924	3.2058773469491424	1
QID925	0.5508805732701025	1
QID926	0.0010685029610953687	1
QID927	2.912797020611686	2
QID928	3.6313107781931455	1
QID929	1.0090575222099218	1
QID2687	1.0090575222099218	1
QID929	1.0090575222099218	1
QID2687	1.0090575222099218	1
QID930	6.545438512083693	1
QID931	11.213686743346232	2
QID932	5.716519974882705	1
QID933	1.2096846124239158	1
QID934	8.547769930190357	1
QID935	0.8057691414677072	1
QID936	1.1014116289770013	1
QID937	0.3777558532226589	2
QID938	3.3922887588467003	1
QID939	4.534269426884583	1
QID940	0.2848735208035453	1
QID941	2.8838380187801533	1
QID942	0.21949704135566986	1
QID943	7.968437107245244	1
QID944	2.3994313609981512	1
QID945	7.1630344423416386	1
QID946	5.543125803181196	1
QID947	1.2175088628546498	1
QID948	8.60806400510902	1
QID949	4.169088429590134	1
QID950	0.12379085283626474	1
QID951	2.3724112927990126	1
QID952	1.068159690896104	1
QID953	2.247761080731888	1
QID954	0.9233175384143154	1
QID955	1.354365707918508	2
QID956	4.612129852689996	1
QID957	3.62604490437228	2
QID958	0.23020549920385705	1
QID959	2.545351057234044	1
QID960	3.422711625323009	1
QID961	0.20389924981359814	1
QID962	1.573091833615219	1
QID963	2.0574015860579924	1
QID964	0.07875840927148282	1
QID965	7.337687302823957	1
QID966	0.5511566846559179	1
QID967	0.7469417145051256	1
QID968	1.3751897427133453	2
QID969	2.337070060851526	1
QID970	3.7411920198529685	1
QID971	3.3323168604803093	1
QID972	6.8615602372598525	1
QID973	0.13394565523982915	1
QID974	0.1415742788290383	1
QID975	9.560294578036098	1
QID976	1.0142497598261522	1
QID977	1.4687227302541663	1
QID978	11.201199403041386	2
QID979	9.734798485740964	2
QID980	12.795713782679279	2
QID981	1.2407010401788434	1
QID982	4.706267904090574	1
QID983	0.06263154566037887	1
QID984	3.9221177322265954	1
QID985	2.0654867432787043	1
QID986	0.0005331573774484858	1
QID987	8.00623549468768	2
QID988	5.291753265683418	1
QID989	3.1702173090511088	1
QID990	0.8473536899353791	1
QID991	12.569437655233193	2
QID992	2.470367399651484	1
QID993	9.178822508698461	1
QID994	2.6372772897520247	1
QID995	5.22839754772582	2
QID996	3.75006765001568	1
QID997	10.643510848534811	1
QID998	8.550490267052547	2
QID999	2.188335019165982	1
QID1000	1.675082507106184	1
QID1001	3.899697266498485	1
QID1002	0.5329951205459433	1
QID1003	0.8587389008463625	1
QID1004	8.692574791873312	1
QID1005	0.009575930619106672	1
QID1006	2.4795447675657583	2
QID1007	9.595745860070776	2
QID1008	8.248094485166002	1
QID1009	3.332142849619834	1
QID1010	1.7256516540527502	1
QID1011	3.4224939912226433	1
QID1012	1.2168535906547409	1
QID1013	0.8602719985097554	1
QID1014	1.9963464204227164	1
QID1015	3.067610574741661	1
QID1016	5.608188766160572	1
QID1017	0.4591190712505564	1
QID1018	2.8955958727014592	1
QID1019	3.001842359885301	1
QID1020	8.474440425267014	2
QID1021	0.593016547649303	2
QID1022	0.4297657959257934	1
QID1023	0.1725193317837369	1
QID1024	3.5597707934565608	1
QID1025	2.0979686309746715	1
Q2688	0.7233438763117672	2
QID1026	9.375682075745654	1
QID1027	1.9462069101183264	1
QID1028	4.0368799417661165	1
QID1029	5.3233350840482565	2
QID1030	1.2668258611924588	1
QID1031	1.6058707096170337	1
QID1032	10.106558668310887	1
QID1033	3.5922951315109266	1
QID1034	4.389642471511907	1
QID1035	2.8528611737450884	1
QID1036	0.5909480046475265	1
QID1037	6.833154171761607	2
QID1038	6.2176360159099815	1
QID1039	5.435909428122394	1
QID1040	0.14587860293769025	1
QID1041	3.6279332221493625	2
QID1042	3.867527687831276	1
QID1043	0.5870623106188925	1
QID1044	1.6930216249548673	1
QID1045	9.186834385596221	2
QID1046	4.470610210241471	2
QID1047	10.958529037420849	1
QID1048	3.986174939896116	1
QID1049	10.194656071265523	3
QID1050	3.254815181133053	2
QID1051	4.3114948040519145	1
QID1052	0.8706131372693552	1
QID1053	5.576362670994405	1
QID1054	5.619091295666468	1
QID1055	1.9716187372880172	1
QID1056	1.206088228885698	2
QID1057	3.943397339556418	1
QID1058	4.275018604801327	1
QID1059	1.262059043177842	1
QID1060	1.938827014530044	1
QID1061	3.168593829466471	1
QID1062	2.105606401084484	1
QID1063	2.1632523306561358	1
QID1064	8.915981807184318	1
QID1065	5.483005695653663	1
QID1066	5.803403549782749	2
QID1067	11.580362347881758	1
QID1068	0.5716432762479681	1
QID1069	4.3446368846282235	2
QID1070	1.2348938125101403	1
QID1071	4.175473976450632	1
QID1072	0.5228421836397328	1
QID1073	3.1508861299752904	2
QID1074	3.9773351921458118	2
QID1075	11.821873437768641	2
QID1076	1.050911462109825	1
QID1077	5.7658082700251505	1
QID1078	0.007549257979525219	1
QID1079	4.3161339793247215	1
QID1080	0.2619262389103243	1
QID1081	1.5411799739613088	1
QID1082	11.026087293748347	1
QID1083	3.9766991570270327	1
QID1084	6.529617988585881	1
QID1085	12.647411488342259	2
QID1086	5.989815013942716	1
QID1087	1.9038171286168493	1
QID1088	6.448093967176289	1
QID1089	1.1062768714216835	1
QID1090	0.8241554920921126	1
QID1091	4.634465313567227	1
QID1092	4.378232798685197	2
QID1093	2.1630880320391968	1
QID1094	5.9159172663014825	1
QID1095	1.7631466450678794	1
QID1096	2.590708050188049	1
QID1097	3.2409842053653297	1
QID1098	0.2369700665501802	1
QID1099	4.164612392628961	1
QID1100	4.99949296725903	1
QID1101	4.3888005931620135	1
QID1102	0.21363891139639168	1
QID1103	8.203899331381173	2
QID1104	0.7897972698113078	1
QID1105	0.8302029390362679	1
QID1106	1.3895699811285893	1
QID1107	6.302300023366884	1
QID1108	1.9774127462798927	1
QID1109	0.682637273373255	1
QID1110	6.1779469512015215	1
QID1111	4.948130989378841	1
QID1112	4.938307779914023	1
QID1113	1.5992724362409563	1
QID1114	8.01094421362013	1
QID1115	3.2695818370187584	1
QID1116	3.897637489394429	1
QID1117	3.3281014762807835	1
QID1118	1.80308986335793	1
QID1119	1.1615390505111431	1
QID1120	4.433639551503097	1
QID1121	1.536802086115308	2
QID1122	2.7075468309330764	1
QID1123	13.431717002481413	1
QID1124	9.165201726684023	1
QID1125	0.8092053104161779	1
QID1126	0.18282183988584252	1
QID1127	7.314670144448235	2
QID1128	3.3998244655812404	1
QID1129	6.483502993463283	1
QID1130	3.1967185161900757	1
QID1131	11.035652630346005	2
QID1132	5.268641483338348	2
QID1133	6.175398975402513	1
QID1134	7.797180426156273	1
QID1135	11.80852147353846	1
QID1136	3.131458692025942	1
QID1137	1.4206495456340438	1
QID1138	5.12975561583845	1
QID1139	4.260977519946015	1
QID1140	2.3412989475810395	1
QID1141	1.2089815516805036	1
QID1142	7.863030307822207	3
QID1143	1.6817400698902234	1
QID1144	0.921622570553851	1
QID1145	2.430915009638603	1
QID1146	13.60715580436161	2
QID1147	8.017279571505894	3
QID1148	2.383417247996319	1
QID1149	8.506360136169338	1
QID1150	6.103794532049366	1
QID1151	9.869878813078504	3
QID1152	1.3024764630388714	1
QID1153	3.4381259160758937	1
QID1154	9.639998591216322	1
QID1155	0.7074576468969551	1
QID1156	15.5072842710783	2
QID1157	2.5219767400020325	1
QID1158	4.118184042829813	1
QID1159	3.2490410678691317	1
QID1160	2.9805132885042833	1
QID1161	2.451481534144589	1
QID1162	5.557599974958976	1
QID1163	1.5412988933186882	1
QID1164	6.337443310944633	1
QID1165	0.8638566511757508	1
QID1166	0.11289768836332205	1
QID1167	11.642615523685794	1
QID1168	5.708111925951233	2
QID1169	2.9108529730433506	1
QID1170	11.383488827987955	1
QID1171	4.263945897998002	1
QID1172	6.707752898743341	1
QID1173	1.7325806052481707	1
QID1174	0.8297242371167354	1
QID1175	8.724652778162648	1
QID1176	4.878050040300229	1
QID1177	7.257101817334258	1
QID1178	5.475767285497091	1
QID1179	0.13141311025561872	1
QID1180	8.42694225493047	1
QID1181	4.123075212030087	1
QID1182	3.511043004040828	1
QID1183	1.6024068395213793	2
QID1184	0.9865411229269032	1
QID1185	11.441777751594913	1
QID1186	4.293999278726498	1
QID1187	7.541419264216088	1
QID1188	4.202106232110993	1
QID1189	4.84509732384049	1
QID1190	0.2861116529546732	1
QID1191	4.6337057103748895	1
QID1192	1.6392736789074314	1
QID1193	2.431913807403184	1
QID1194	13.841075027877741	1
QID1195	10.637146495016506	1
QID1196	2.5248658822698182	1
QID1197	2.3689374685789355	1
QID1198	10.853603202731003	1
QID1199	4.0276514965798285	2
QID1200	2.3885415212977543	1
QID1201	0.7097795484345379	1
QID1202	6.03223213035618	1
QID1203	2.7365439458423477	1
QID1204	5.264051644955691	1
QID1205	3.034081539594621	1
QID1206	5.681522159881769	1
QID1207	4.742555054866451	1
QID1208	1.9297717339947031	1
QID1209	0.3449397673414453	1
QID1210	8.799426284919841	1
QID1211	1.6417767039152216	1
QID1212	5.564684527529625	2
QID1213	5.668432964773885	1
QID1214	1.327911600185321	1
QID1215	1.0830079738308818	2
QID1216	3.4722576887888414	1
QID1217	2.794415396691025	1
QID1218	2.532625760218449	1
QID1219	12.473940249738758	1
QID1220	3.633811355430765	1
QID1221	6.0191564507557045	1
QID1222	11.488885838526027	1
QID1223	2.020366168864222	1
QID1224	10.42813938096508	1
QID1225	2.2146620992628216	1
QID1226	5.311677393536263	1
QID1227	4.222427184628014	1
QID1228	1.411755753589416	1
QID1229	3.1164507761783136	1
QID1230	2.550904107076586	1
QID1231	1.6300453903790613	1
QID1232	3.9407979453495465	1
QID1233	2.9269315496430344	1
QID1234	0.8185062679328681	1
QID1235	2.814785320060368	1
QID1236	3.2971136503018097	1
QID1237	1.803578358020544	1
QID1238	2.4478883557488373	2
QID1239	3.528961265853348	1
QID1240	2.153534401385389	1
QID1241	6.450279853338734	1
QID1242	1.1666636165923512	1
QID1243	2.8259354748202665	1
QID1244	6.857473270334048	1
QID1245	4.317553036590103	1
QID1246	3.51584679259818	1
QID1247	1.7482429544481222	1
QID1248	0.6675746855175557	1
QID1249	11.225887388646807	1
QID1250	4.143868132232159	1
QID1251	7.254919044598307	1
QID1252	0.1568764147648292	1
QID1253	0.032187827815016064	2
QID1254	0.013454785708526582	1
QID1255	1.6193388415338963	1
QID1256	9.251079127250527	1
QID1257	5.2183757831687645	2
QID1258	4.689246644530042	1
QID1259	3.2966806020912807	1
QID1260	3.3626171877420394	1
QID1261	1.3410812033385722	2
Q2689	0.4019677716662977	2
QID1262	11.684258391514664	2
QID1263	7.028026645815962	1
QID1264	1.0126277113077906	1
QID1265	7.839619043549575	1
QID1266	10.943887044415746	4
QID1267	11.211370860789945	1
QID1268	0.927688381504447	1
QID1269	2.9273692782768594	1
QID1270	1.7118862509393782	2
QID1271	4.37770567982489	1
QID1272	1.1190177107594532	1
QID1273	11.913251801087984	1
QID1274	0.13318600558427834	1
QID1275	3.4075840042475565	1
QID1276	4.53735138254389	1
QID1277	3.8071481486821033	1
QID1278	1.6428864979783409	1
QID1279	6.54418325561408	1
QID1280	6.227499234636892	1
QID1281	2.55508844827543	1
QID1282	3.1063283947146485	1
QID1283	5.444440637678512	1
QID1284	1.470892658979632	1
QID1285	4.194695795402331	2
QID1286	10.117700348154612	2
QID1287	12.147668738967136	2
QID1288	0.6189538178448608	1
QID1289	1.317478663847566	1
QID1290	11.94340777525985	3
QID1291	2.672567329398559	1
QID1292	5.741176278338197	1
QID1293	9.539187438509584	1
QID1294	3.6916679123678993	1
QID1295	7.105579650295372	2
QID1296	2.6241150957924626	1
QID1297	1.9418041596684084	1
QID1298	3.087804636508296	1
QID1299	4.671280005940466	1
QID1300	2.724811466463585	1
QID1301	2.782510341785584	2
QID1302	1.0780948831298958	1
QID1303	6.900914666052013	1
QID1304	6.269996258537098	1
QID1305	4.007567679397582	2
QID1306	9.43058763413434	1
QID1307	1.8047426837117988	1
Q2690	3.78236056721877	2
QID1308	5.795002636329966	1
QID1309	9.148077089903696	1
QID1310	5.947479397933682	1
QID1311	0.20267595900870852	1
QID1312	0.4551493331603173	1
QID1313	4.566967464081767	1
QID1314	2.139563789261678	1
QID1315	1.861855190596354	1
QID1316	11.887906556231806	2
QID1317	10.074686812958461	1
QID1318	5.867396214494817	1
QID1319	2.20888549198752	1
QID1320	3.7807558974816633	1
QID1321	5.6653871700044345	1
QID1322	7.100051302172132	1
QID1323	3.3267253984560425	1
QID1324	0.5463913707689898	1
QID1325	3.73746893671596	1
QID1326	5.542166615331237	1
QID1327	0.21719561295522466	1
QID1328	6.435320189899793	2
QID1329	2.4916680531322584	1
QID1330	9.105263880441473	1
QID1331	2.513000001842593	1
QID1332	12.188916444993994	3
QID1333	3.3073125650326176	1
QID1334	3.846640612521042	1
QID1335	5.560606213749711	1
QID1336	0.3354691839412239	1
QID1337	9.092434149793586	1
QID1338	1.3169209587162305	1
QID1339	5.4583834629496435	1
QID1340	0.6547467830184475	1
QID1341	3.806639382782116	1
QID1342	3.46497526930077	1
QID1343	2.686117148271958	1
QID1344	0.8114161400177774	1
QID1345	4.088966700659368	1
QID1346	0.9795082512940292	1
QID1347	4.567674929767655	1
QID1348	17.945868591181128	5
QID1349	0.6049711454026395	1
QID1350	8.06022508197399	2
QID1351	13.89794168567976	2
QID1352	0.23910651337788624	2
QID1353	9.558984359159595	2
QID1354	0.8310635708541945	1
QID1355	5.019144633308918	1
QID1356	0.8470445210915587	1
QID1357	7.355850072273393	2
QID1358	0.9752921505058084	1
QID1359	0.5346948199815061	1
QID1360	5.8778608606167495	1
QID1361	2.1008326726385724	1
QID1362	12.716732045358755	1
QID1363	6.184265800843412	2
QID1364	4.152916115184876	1
QID1365	3.921735355623909	1
QID1366	14.306147795023994	2
QID1367	3.4853326995205505	1
QID1368	3.9513453601303743	1
QID1369	4.4213812964999	1
QID1370	1.57986303046383	1
QID1371	2.962389921546445	2
QID1372	5.3193322697620715	1
QID1373	1.130665859395259	1
QID1374	4.758797907055151	1
QID1375	5.369315564917575	1
QID1376	2.057057173224613	1
QID1377	3.3285763366349848	1
QID1378	1.7468303722489391	1
QID1379	5.887554184600874	1
QID1380	6.8485501699668125	1
QID1381	1.1953828320997866	1
QID1382	5.189886053461731	1
QID1383	1.9614428473120615	1
QID1384	2.210306931285705	1
QID1385	4.527083734048004	1
QID1386	4.536212484783048	1
QID1387	2.974182054052273	1
QID1388	0.15394877491789394	1
QID1389	4.138619011618449	1
QID1390	6.147922454975573	1
QID1391	1.5432798547569455	1
QID1392	0.9668234623194668	2
QID1393	4.06982974442786	1
QID1394	3.1176250180482348	1
QID1395	4.059361228508667	2
QID1396	3.4958894486507868	1
QID1397	0.5170150658434498	2
QID1398	6.7939147193960165	1
QID1399	4.297316630927452	1
QID1400	5.898849272269201	1
QID1401	2.8180176012969955	1
QID1402	2.1584137016098657	1
QID1403	2.1797206230994584	1
QID1404	5.341799990172238	1
QID1405	7.242590702341392	1
QID1406	2.00542999530484	1
QID1407	3.85281562350963	1
QID1408	7.490749171830997	1
QID1409	1.0183118600436485	1
QID1410	6.464234897155656	1
QID1411	4.292325708315766	2
QID1412	3.754062482140621	1
QID1413	0.5449112272318081	1
QID1414	5.833257301892097	2
QID1415	7.562048812719373	2
QID1416	4.203194419250407	1
QID1417	9.53088811027316	2
QID1418	1.8675317162299008	1
QID1419	0.6356193211236315	1
QID1420	4.971405590481304	1
QID1421	0.9571783395539252	1
QID1422	10.799483417381966	1
QID1423	5.242857785578528	1
QID1424	1.3187284702925577	1
QID1425	4.9333351088532815	1
QID1426	3.084539636518864	1
QID1427	1.876105462402485	1
QID1428	4.005495864034382	1
QID1429	3.8782174905211604	1
QID1430	0.8057290918994127	1
QID1431	4.493145713496644	1
QID1432	3.2777996160564458	1
QID1433	0.2660419821730838	1
QID1434	2.839010878080136	1
QID1435	2.273278892991882	1
QID1436	5.658444930260961	1
QID1437	5.355024915843492	1
QID1438	1.0910936950705148	1
QID1439	1.4559282836033318	1
QID1440	1.5254470152337516	1
QID1441	0.05958870607811841	1
Q2691	1.1769009302637912	2
QID1442	8.840540473043351	1
QID1443	9.402946071537505	1
QID1444	3.764772269852305	1
QID1445	7.236322265724026	1
QID1446	1.7318071201034428	2
QID1447	5.810021416249707	1
QID1448	9.961114524975525	1
QID1449	2.6352703900154166	1
QID1450	7.399441741349301	1
QID1451	1.2724936737111778	1
QID1452	8.573550823684197	1
QID1453	0.3808383150362663	1
QID1454	2.177674301594894	1
QID1455	1.4650763204023245	1
QID1456	0.007335294008556111	1
QID1457	8.5503250112061	1
QID1458	3.425036075124768	1
QID1459	2.0729584724897547	2
QID1460	5.947222608726543	4
QID1461	0.4886094168796354	1
QID1462	3.3103426341679203	3
QID1463	4.098463703534997	1
QID1464	0.8848251714471539	1
QID1465	3.927405221130688	1
QID1466	3.3211236643503397	1
QID1467	3.2265589354430566	1
QID1468	2.7863130832357323	2
QID1469	1.4217877725964323	1
QID1470	5.2430962145037645	1
QID1471	7.08167301535596	1
QID1472	0.6845300652913907	1
QID1473	4.850298381839411	1
QID1474	0.23082920711303995	1
QID1475	3.246654838417293	1
QID1476	2.849362658316977	1
QID1477	4.189835643856737	2
QID1478	1.2098635742595123	1
QID1479	9.069153693295302	1
QID1480	4.237049827852312	1
QID1481	0.9525082149452851	1
QID1482	12.65794845227968	1
QID1483	4.580109325267828	1
QID1484	5.457019270010426	1
QID1485	0.9917657048554722	2
QID1486	1.5813670335675882	1
QID1487	5.028575569779454	1
QID1488	3.2266121870663054	1
QID1489	4.8939215169311066	1
QID1490	5.499626105009525	1
QID1491	6.000141805445947	1
QID1492	4.023324915815984	1
QID1493	3.2951302427157745	1
QID1494	3.0762268708340192	1
QID1495	0.5363122520900954	2
QID1496	3.9988020380337588	1
QID1497	6.6946479680636655	1
QID1498	1.904062155010991	2
QID1499	2.1282253352691405	1
QID1500	0.4945925888071265	1
QID1501	6.3903227634263615	1
QID1502	0.0703685638966944	1
QID1503	0.8125862737169935	2
QID1504	4.3622761035355415	1
QID1505	1.1752408410584572	1
QID1506	1.976801275061544	1
QID1507	6.278896119259166	1
QID1508	4.58507594695483	1
QID1509	4.96297363217516	1
QID1510	1.8317043769055292	1
QID1511	0.18394298645148155	1
QID1512	0.3160159291333054	1
QID1513	3.1025224036080443	1
QID1514	4.5599539413088355	1
QID1515	8.379494624555067	1
QID1516	0.012889987895267126	1
QID1517	1.5984346479405842	1
QID1518	8.153785569072083	1
QID1519	1.3804243369383171	1
QID1520	5.781889915514465	3
QID1521	0.00926828728919602	1
QID1522	2.7672911960183066	1
QID1523	3.6776068594163913	1
QID1524	4.784914532951994	1
QID1525	0.4642888468530654	1
QID1526	2.9533908368260824	1
QID1527	0.3675042503321588	1
QID1528	0.4734028033086682	2
QID1529	7.793665473043351	1
QID1530	2.1906639478924697	1
QID1531	7.809849060408964	1
QID1532	1.1250429319454396	1
QID1533	3.236125192560919	1
QID1534	4.332064110282532	1
QID1535	1.2829178737738278	1
QID1536	1.9441098381145836	2
QID1537	3.2965186879260684	1
QID1538	7.788748146225845	1
QID1539	0.4507493356148455	1
QID1540	9.424920631613867	1
QID1541	3.8586880581926937	1
QID1542	1.3738568197663883	1
QID1543	7.700482274152612	1
QID1544	5.83373158741337	1
QID1545	0.7904093861634798	1
QID1546	2.3316233064131247	1
QID1547	0.550067438204953	1
QID1548	2.8814490741094154	1
QID1549	2.0289015485639244	2
QID1550	3.8815512704206334	1
QID1551	6.5792267806753655	1
QID1552	2.797270185779712	1
QID1553	2.8239692809992425	1
QID1554	2.907759043059276	1
QID1555	4.058839892412172	1
QID1556	9.853443818039636	2
QID1557	0.14373213467965218	1
QID1558	4.199969136213928	2
QID1559	5.172337089843493	1
QID1560	0.6957919538362515	1
QID1561	10.250253875525154	1
QID1562	2.3239651098277068	1
QID1563	8.027324344929971	2
QID1564	4.012475194550438	1
QID1565	4.1038991880928455	1
QID1566	0.0497266614880914	1
QID1567	2.1495167025694957	1
QID1568	0.70493128649643	1
QID1569	2.4199997427828137	1
QID1570	1.5182159345603932	1
Q2692	6.742891156527732	2
QID1571	8.837072882088831	1
QID1572	15.112214371997151	2
QID1573	10.561109261378302	2
QID1574	8.65020313600013	3
QID1575	2.8606609188655843	1
QID1576	3.3019349583726885	1
QID1577	4.580096468554139	1
QID1578	1.5776496245067164	1
QID1579	2.590161029069733	1
QID1580	3.0307211159924465	1
QID1581	0.9390397668698852	1
QID1582	0.1908772317705533	1
QID1583	0.9253748358177006	1
QID1584	4.473504740339986	1
QID1585	3.824183149581871	1
QID1586	1.7043314912204444	1
QID1587	8.861191280291882	1
QID1588	0.531378403139197	1
QID1589	0.032598437047715624	1
QID1590	3.8878641789088366	1
QID1591	13.349719656174017	3
QID1592	4.319946086654616	1
QID1593	9.86537774768856	3
QID1594	4.2930569035907205	2
QID1595	1.202704045308171	1
QID1596	5.7942477362958185	1
QID1597	10.569512775700368	3
QID1598	4.471592461050141	1
QID1599	8.354590873718129	1
QID1600	1.4904779071632028	1
QID1601	3.760491395099951	1
QID1602	2.6844786007998156	1
QID1603	1.1992929987452658	1
QID1604	0.9214575005803824	1
QID1605	1.0136409365561887	1
QID1606	0.14717752713249704	1
QID1607	0.0060435675220757296	1
QID1608	1.3412008868867542	1
QID1609	2.046065438146603	1
QID1610	3.877052030628935	1
QID1611	1.6844247154780596	1
Q2693	13.130063845015595	2
QID1612	12.698745030731981	2
QID1613	2.6487587249761475	1
QID1614	11.426022545305257	3
QID1615	3.926526870329304	1
QID1616	3.8287142408492434	1
QID1617	0.08525706816404156	1
QID1618	0.028919028576482275	1
QID1619	4.390739034217823	1
QID1620	5.801303866032325	2
QID1621	5.524876689777846	2
QID1622	0.7887113198659438	1
QID1623	2.8972740653515716	1
QID1624	1.020462014928013	1
QID1625	6.0795691612322615	1
QID1626	2.9409198877667277	1
QID1627	5.6323343128219925	3
QID1628	4.009235051789862	2
QID1629	3.8160000728413683	1
QID1630	7.6920519281427575	1
QID1631	3.174012175327096	1
QID1632	3.1099556046918257	1
QID1633	0.7143141007761835	2
QID1634	7.047043340713969	1
QID1635	0.7383804111282907	1
QID1636	5.263468602825366	1
QID1637	0.8165662923481275	1
QID1638	4.434316939142456	1
QID1639	0.6411945835819274	1
QID1640	1.7489300525222031	2
QID1641	0.624046225960442	1
QID1642	2.7960066690862906	2
QID1643	1.3680558251701191	1
QID1644	3.759288674528808	1
QID1645	4.2181895490266506	1
QID1646	0.5879842892174003	1
QID1647	4.122000448621496	1
QID1648	8.092814410398606	2
QID1649	6.110184925809088	2
QID1650	0.08352079318693352	2
QID1651	2.439563870416068	1
QID1652	6.264643912185899	2
Q2694	1.5316864611005772	2
QID1653	5.162618643581345	3
QID1654	6.98010483074571	1
QID1655	3.3498501142979533	1
QID1656	1.8394942092004452	1
QID1657	2.241478212802431	1
QID1658	8.291057822143635	2
QID1659	1.6906654532919514	1
QID1660	8.777899839357945	1
QID1661	4.275209573192034	1
QID1662	2.659408581596287	1
QID1663	1.0194346199259343	1
QID1664	8.305769166001937	1
QID1665	0.7867359389604407	1
QID1666	2.0034833293742205	1
QID1667	0.043588100677273374	1
QID1668	3.969789161310524	2
QID1669	10.001015487906207	1
QID1670	3.3456379029582224	1
QID1671	0.09907121456716456	1
QID1672	0.5454755434168463	1
QID1673	0.5428280923789172	2
QID1674	5.765204898862357	1
QID1675	1.5099544613442208	2
QID1676	2.155295593335698	1
QID1677	7.288395164561447	1
QID1678	9.721058244084087	3
QID1679	3.9650889115337176	1
QID1680	5.720992195930675	1
QID1681	0.13429577784350488	1
QID1682	1.3448502419462365	2
QID1683	6.167643897615116	2
QID1684	6.539756402649325	1
QID1685	3.924466677407853	1
QID1686	2.718325003123905	1
QID1687	4.439186100383445	1
QID1688	2.1354184358520354	1
QID1689	3.6186305698518	1
QID1690	3.160511307570009	1
QID1691	6.0256282588091565	1
QID1692	1.831765375230462	2
QID1693	11.845442499088035	2
QID1694	6.349130406748652	1
QID1695	1.38365442380957	1
QID1696	11.203830043554639	2
QID1697	6.036421410061754	1
QID1698	0.09453185859844904	1
QID1699	0.2511433124677248	1
QID1700	4.216758608247705	1
QID1701	1.499454928438118	1
QID1702	15.751922465742268	3
QID1703	11.288984718463471	3
QID1704	9.007260755058574	1
QID1705	0.6182349525251439	1
QID1706	4.302970974021555	1
QID1707	3.5314273321737666	1
QID1708	0.8461368704806124	1
QID1709	0.003735745444633587	1
QID1710	10.276248628493828	1
QID1711	2.9256430012519687	1
QID1712	2.4533339687928857	1
QID1713	2.8916890875450787	1
QID1714	4.959524308349175	1
QID1715	4.171197439901578	1
QID1716	10.94626699181309	2
QID1717	3.0587025681990734	1
QID1718	1.1297944081782727	1
QID1719	2.0608817883211072	1
QID1720	4.185551667131664	1
QID1721	5.8638956140089515	1
QID1722	10.374423542196073	1
QID1723	0.33334066492841746	1
QID1724	1.3544154294237505	1
QID1725	4.9433627929538675	1
QID1726	1.3099191875226799	1
QID1727	3.9389839423138215	1
QID1728	2.160160857617055	2
QID1729	13.610538307416224	2
QID1730	7.127533236652057	1
QID1731	3.4790484850304524	2
Q2695	7.556411481380308	2
QID1732	10.412416358469912	1
QID1733	5.37452070422238	1
QID1734	4.520995124590612	1
QID1735	5.115154571748752	1
QID1736	0.030246369986854912	1
QID1737	12.281169145117993	2
QID1738	4.054452811213569	1
QID1739	8.890919131516315	1
QID1740	2.4530581847051587	1
QID1741	0.0987933225880086	1
QID1742	2.8292439031766925	2
QID1743	2.9992636589945825	1
QID1744	8.411762598783628	1
QID1745	3.2686153691680597	1
QID1746	0.22340223437436316	1
QID1747	7.582731612071958	2
QID1748	3.8683665779822567	1
QID1749	0.583216287469497	1
QID1750	2.2025339855970465	1
QID1751	8.073833166621567	1
QID1752	0.22896384861533856	1
QID1753	5.098450552845104	1
QID1754	5.311389008380552	1
QID1756	7.94635132205775	1
QID1757	1.3324612324886589	1
QID1758	5.897835494319008	2
QID1759	1.9345674465178149	1
QID1760	6.124641077389605	1
QID1761	1.5389494422880534	1
QID1762	5.316992502060689	1
QID1763	8.6648980857789	1
QID1764	3.6313872151878615	1
QID1765	5.05002822435845	1
QID1766	1.37463635509599	1
QID1767	1.8159400227923903	1
QID1768	0.14307403786838688	1
QID1769	7.386411662495267	1
Q2696	1.0788396121225063	1
QID1770	7.802483153289856	1
QID1771	10.729749097893302	1
QID1772	10.62295517685833	1
QID1773	1.1645870003894394	1
QID1774	7.827077617016608	1
QID1775	3.620691237674928	1
QID1776	4.729387172286932	2
QID1777	1.426187544373886	1
QID1778	1.6299458828319362	1
QID1779	7.8811240235499955	3
QID1780	1.0304590263024944	1
QID1781	1.5731226371162352	1
QID1782	6.120319122365494	2
QID1783	5.668794324277965	1
QID1784	1.8663115602542468	1
QID1785	7.10892544040535	1
QID1786	0.015465772680132947	1
QID1787	7.875711424112259	1
QID1788	1.6706234334144263	1
QID1789	1.0460397558092338	1
QID1790	6.442656694157374	1
QID1791	2.3699217705014246	1
QID1792	2.1042094771300848	1
QID1793	7.655139822212057	1
QID1794	1.0671743228466746	1
QID1795	0.3612601122842469	1
QID1796	3.2282880628766835	1
QID1797	0.7889542797380394	1
QID1798	9.33816248228828	1
QID1799	8.473559739229557	1
QID1800	0.6453641957798357	1
QID1801	2.4876999175482357	1
QID1802	5.447291009461075	1
QID1803	4.643443637807222	1
QID1804	1.8023476330915829	1
QID1805	0.013210868584537669	1
QID1806	0.1912035371693768	1
QID1807	3.186047758373633	2
QID1808	5.357466873305767	1
QID1809	3.8496941085559313	1
QID1810	7.7282304796874834	1
QID1811	2.6901661939488046	1
QID1812	0.7750296131196687	1
QID1813	4.20034897832113	1
QID1814	0.5277168192292175	1
QID1815	4.3892570763109315	1
QID1816	9.661991132707355	1
QID1817	12.312747391467068	1
QID1818	4.707018760054206	1
QID1819	1.303541030395328	1
QID1820	11.700423115623838	1
QID1821	3.1421220200516085	1
QID1822	5.0971635651875875	1
QID1823	0.4120815605065284	1
QID1824	3.0423683089502065	2
QID1825	3.5609139703489583	1
QID1826	1.4305261680404784	1
QID1827	4.825506041966719	1
QID1828	2.374586310855975	1
QID1829	1.6740932490245073	1
QID1830	0.008227700990145114	1
QID1831	3.899353556330433	1
QID1832	0.4233392360049927	1
QID1833	7.98708427165925	1
QID1834	5.559503937885883	1
QID1835	1.9198512741807092	1
QID1836	1.0931135253509028	1
QID1837	3.2887581987263785	1
QID1838	3.964766547961036	1
QID1839	0.16543420217432006	1
QID1840	5.210216445287013	1
QID1841	1.923303053098524	2
QID1842	1.2503152343160413	1
QID1843	9.149463526465588	1
QID1844	3.2120622874481786	1
QID1845	0.5927514625347619	1
QID1846	3.8427465209571965	2
QID1847	3.794973297147047	1
QID1848	4.319938538247988	1
QID1849	10.49262062036862	1
QID1850	3.0852929475189863	1
QID1851	4.27318239160675	1
QID1852	2.9622795019784083	1
QID1853	6.057093283767373	1
QID1854	1.445809081476646	1
QID1855	2.965457997500871	1
QID1856	1.6145652928328558	1
QID1857	0.8748114961306546	1
QID1858	1.4957329868729017	1
QID1859	7.237757076348161	2
QID1860	0.6465648859138662	1
QID1861	3.726699978937329	1
QID1862	8.2440522978372	1
QID1863	2.3215677067830405	1
QID1864	8.545608566354892	2
QID1865	2.1754884732288833	1
QID1866	4.048973773967542	1
QID1867	3.743140390756633	1
QID1868	3.225086137916339	1
QID1869	2.039432712433176	2
QID1870	7.5874325237191504	1
QID1871	4.164182881538359	1
QID1872	7.869688566823807	2
QID1873	6.171343188148838	1
QID1874	0.4702462600187027	1
QID1875	5.8291773919414736	1
QID1876	4.3232996469258085	2
QID1877	3.5501261592018483	1
QID1878	0.6061218018865973	2
QID1879	3.9566597405788975	1
QID1880	2.405228931257637	1
QID1881	2.400560915518313	1
QID1882	3.0826763476908035	2
QID1883	4.1877093445299485	1
QID1884	2.4492905241853458	2
QID1885	2.2166712717060237	1
QID1886	2.3582267874305334	2
QID1887	2.22886278394022	1
QID1888	5.739479984422628	1
QID1889	1.5413708167463351	1
QID1890	6.166115297010948	1
QID1891	0.023386088860858724	1
QID1892	0.7751669749378817	1
QID1893	9.059381213799902	2
QID1894	0.010977636061111734	1
QID1895	4.728663677386762	1
QID1896	0.06799146606845967	1
QID1897	6.222049602088273	1
QID1898	5.2919760341121975	1
QID1899	6.581407192206116	1
QID1900	0.009854765794713284	1
QID1901	4.4955712405970445	1
QID1902	4.448847562079296	1
QID1903	0.5049327533017051	1
QID1904	1.2585254747530008	1
QID1905	1.4281926575839756	1
QID1906	0.06670633168123087	1
QID1907	3.89369510877469	1
QID1908	5.1264734631659366	1
QID1909	2.3717941328962984	2
QID1910	2.7833403272887614	1
QID1911	1.4105088406445403	1
QID1912	4.073523269475913	2
QID1913	0.5601052017036894	1
QID1914	2.996562597047771	1
QID1915	5.0972094078355035	1
QID1916	0.380665236201809	1
QID1917	4.244621920930618	1
QID1918	3.7735555261778617	1
QID1919	3.4806819950487964	1
QID1920	1.7405975952259758	2
QID1921	17.693866795994015	2
QID1922	4.517477512178441	1
QID1923	3.6193260922163963	1
QID1924	3.900825893602528	1
QID1925	6.028867095406705	2
QID1926	2.8899012396613077	1
QID1927	3.09243992417056	1
QID1928	1.9657918131160703	1
QID1929	4.217261612201421	2
QID1930	5.555149442479073	1
QID1931	2.8521977935039784	2
QID1932	9.511121348188672	1
QID1933	1.3429624123565225	1
QID1934	3.214723438660319	1
QID1935	6.532235106473829	1
QID1936	9.320043954956176	1
QID1937	5.739236171574706	1
QID1938	10.07297780827238	1
QID1939	3.9737420265628485	1
QID1940	2.1003071446578154	1
QID1941	4.130149554385286	1
QID1942	7.085723585584622	2
QID1943	4.194091928147732	1
QID1944	1.0206852646082711	1
QID1945	2.029846543506349	1
QID1946	10.785424036030475	2
QID1947	1.690457451884723	1
QID1948	1.5388254420530976	1
QID1949	1.7816271843920095	1
QID1950	5.763853400429131	1
QID1951	2.495417267055801	1
QID1952	2.432255169145748	1
QID1953	1.8130681566513291	1
QID1954	6.122497524429185	1
QID1955	4.93442956777492	1
QID1956	12.461938422967293	3
QID1957	2.606981609541151	1
QID1958	5.050038079585952	1
QID1959	1.6457775961210082	1
QID1960	5.398292369579911	1
QID1961	4.044847802264105	1
QID1962	1.6283242482199998	2
QID1963	0.3507976209937226	1
QID1964	1.112710856397766	1
QID1965	6.853399205614923	1
QID1966	3.0947642657535	1
QID1967	2.9021569996086183	1
QID1968	5.748917932929587	1
QID1969	5.1118655586585895	1
QID1970	0.8148097468586317	1
QID1971	3.8864320553411837	1
QID1972	0.620902675673583	1
QID1973	4.0314963969109305	1
QID1974	1.2309513304461344	1
QID1975	11.82607642836389	3
QID1976	1.3191742144671603	4
QID1977	9.179749022828565	1
QID1978	1.7918396692291556	1
QID1979	0.02297501439183386	1
QID1980	0.011524705873251441	1
QID1981	4.680366362290241	1
QID1982	12.910776717922234	1
QID1983	1.9853948444486735	1
QID1984	6.452553461332317	1
QID1985	0.4072092513488975	1
QID1986	1.8341102940095055	1
QID1987	2.9804471863176087	1
QID1988	8.890558487275365	1
QID1989	1.1937389815407111	2
QID1990	14.591518813735751	2
QID1991	14.540551569634998	2
QID1992	5.200547370648724	1
QID1993	2.8291928750705884	1
QID1994	7.64416998084691	1
QID1995	7.367168394290061	2
QID1996	1.3284507587486478	1
QID1997	2.5972432318472016	1
QID1998	0.024864861363696943	1
QID1999	12.35450192712302	1
QID2000	8.910208941120823	1
QID2001	0.8465654613308733	2
QID2002	1.5865366238787837	1
QID2003	7.4033696614238975	1
QID2004	7.233806569135897	4
QID2005	4.328903262365907	1
QID2006	2.416499644861644	1
QID2007	14.206554179578402	3
QID2008	3.619371023124738	1
QID2009	0.04629769974313562	1
QID2010	6.732277476773927	1
QID2011	2.8717768284074228	2
QID2012	3.5668206464161214	1
QID2013	1.7755800421036736	1
QID2014	3.4643715220765827	2
QID2015	11.85205102649792	1
QID2016	1.981744414735496	1
QID2017	2.749223469185046	1
QID2018	5.768160779004222	1
QID2019	1.3728447348675028	1
QID2020	4.198390543525232	2
QID2021	5.10572372182472	1
QID2022	6.82429308840986	2
QID2023	6.747310978904237	1
QID2024	5.9773876512857065	1
QID2025	4.738839589711097	1
QID2026	2.6618967326799123	1
QID2027	16.471412405786175	2
QID2028	2.7871927048602965	1
QID2029	2.190568956280912	2
QID2030	10.840698951084166	1
QID2031	1.7885454375786105	1
QID2032	4.614334008357663	1
QID2033	2.9474111895706128	1
QID2034	2.119959277580874	1
QID2035	4.19567582063066	1
QID2036	1.6084170015467825	1
QID2037	4.618454458162367	1
QID2038	1.3206294397894192	1
QID2039	4.4224206708138345	1
QID2040	8.625269153033262	1
QID2041	5.230344036537239	1
QID2042	2.244983556114589	1
QID2043	4.245318707110138	1
QID2044	0.19004468247752712	1
QID2045	3.0093351368265897	1
QID2046	3.2109858704798935	1
QID2047	9.579842800239428	2
QID2048	4.937370876994184	2
QID2049	10.352286651313994	1
QID2050	7.1573625913868435	1
QID2051	1.4130948142387951	1
QID2052	0.5930108271875038	1
QID2053	1.3936057057085791	1
QID2054	1.8350421955364693	1
QID2055	0.2305736006880108	1
QID2056	0.30788317106820645	1
QID2057	3.2114164450709564	1
QID2058	1.5806630515081204	1
QID2059	7.9251030504696764	2
QID2060	1.499717420108012	1
QID2061	1.9511640773422183	1
QID2062	2.2787647626296934	1
QID2063	5.571898751266506	1
QID2064	1.1061278391649114	1
QID2065	3.811770821476588	1
QID2066	3.326158860924528	2
QID2067	2.9222851285819207	1
QID2068	2.926535128399032	1
QID2069	1.5161389420206606	2
QID2070	4.854062638503911	1
QID2071	3.837915661665572	1
QID2072	1.8937836985692889	1
QID2073	4.520282158484453	1
QID2074	5.0213227219680965	1
QID2075	1.976549822615734	1
QID2076	8.445204787222696	1
QID2077	1.150389761255474	1
QID2078	4.9408056522771835	1
QID2079	0.09706953649480934	1
QID2080	4.113366329711999	1
QID2081	1.818923236452493	1
QID2082	0.5029177792400851	1
QID2083	0.2349012394144703	1
QID2084	7.489374783773735	1
QID2085	4.273198319168284	1
QID2086	4.633830958272693	1
QID2087	1.7558291595124853	1
QID2088	5.239063111403157	1
QID2089	6.176516448525244	1
QID2090	0.14431785949606113	1
QID2091	0.9718749900158158	1
QID2092	7.227290238740375	1
QID2093	1.6838863525240333	1
QID2094	4.975942504837634	1
QID2095	0.07166879142676484	1
QID2096	0.9076392196294776	1
QID2097	5.770053504485947	1
QID2098	2.698606854159388	1
QID2099	1.9343197962688488	1
QID2100	1.996227846505258	1
QID2101	4.130463887335884	1
QID2102	0.20092799608724815	1
QID2103	0.8169843378131417	1
QID2104	3.318829083273789	1
QID2105	4.129806105980241	2
QID2106	2.9334615902425534	1
QID2107	2.47926814886342	1
QID2108	1.6284866293620262	1
QID2109	2.6833492064174327	1
QID2110	5.474663006379679	1
QID2111	4.017106127201333	1
QID2112	2.494809508106293	1
QID2113	3.88396670540753	1
QID2114	0.3823801378640277	1
QID2115	3.4902061063559637	2
QID2116	4.247100444116117	2
QID2117	1.4102547799676302	1
QID2118	7.458888022895151	1
QID2119	3.347957329735749	1
QID2120	6.173778661341647	1
QID2121	0.09704579581356157	1
QID2122	3.1831866380837543	1
QID2123	0.09941705720127347	1
QID2124	0.035695967164411715	1
QID2125	5.551853382127191	1
QID2126	0.028505478383285338	1
QID2127	1.1622957252436368	1
QID2128	1.1098821617981192	1
QID2129	0.11422726883104098	1
QID2130	3.3261251760241914	1
QID2131	0.5481412450341793	1
QID2132	1.5932077236303503	1
QID2133	2.8444579462053263	1
QID2134	1.4689924878286544	1
QID2135	1.7129154393154566	2
QID2136	2.446297173834142	1
QID2137	7.237030511466289	1
QID2138	2.7099272549767286	1
QID2139	1.6232925768163617	1
QID2140	6.058463234260915	1
QID2141	0.13602891015338278	1
QID2142	3.187029912829725	2
QID2143	3.7224603108039545	2
QID2144	2.287479642292316	1
QID2145	5.728472390696268	1
QID2146	4.763491205957594	1
QID2147	8.150330782805787	1
QID2148	0.085558277623222	1
QID2149	2.665835908247052	1
QID2150	9.505963487606069	1
QID2151	1.884210824724623	1
QID2152	5.4733243806156135	1
QID2153	3.599728391024581	1
QID2154	5.1583761666872	1
QID2155	0.0769069618477519	1
QID2156	3.307128647647449	1
QID2157	8.736180227343201	1
QID2158	1.276265638273196	1
QID2159	3.955259611980648	1
QID2160	0.7777597350268436	1
QID2161	1.3534835056898047	1
QID2162	0.2260881864576128	1
QID2163	1.9644861472196085	2
QID2164	9.413269694537274	1
QID2165	9.244477142744303	2
QID2166	3.632760098549567	1
QID2167	0.014858071895754228	1
QID2168	2.341538529569306	1
QID2169	6.675603299571724	4
QID2170	4.683976467206252	1
QID2171	0.008376345761656967	1
QID2172	4.2426432026791385	4
QID2173	0.3732719531929333	1
QID2174	2.842744010031624	1
QID2175	0.04466418321498482	1
QID2176	0.1987137808076384	2
QID2177	9.53335799548484	1
QID2178	3.6176157528798254	1
QID2179	3.5488149584731663	1
QID2180	5.974587692438772	1
QID2181	3.9769897295259304	2
QID2182	7.089287564334497	2
QID2183	1.354369661399715	1
QID2184	0.9531333134523636	1
QID2185	2.6793575184441645	1
QID2186	2.0829421996429947	1
QID2187	2.7554585274965206	2
QID2188	2.4900697078419354	1
QID2189	6.211253308432499	1
QID2190	1.1267161728798571	1
QID2191	0.4516808660238526	1
QID2192	5.899205896797932	2
QID2193	5.583942023965046	2
QID2194	2.236735281972612	2
QID2195	2.1615768507949458	1
QID2196	4.711908313394616	1
QID2197	2.508801534019077	2
QID2198	1.2407608427397223	1
QID2199	2.6568978501506613	3
QID2200	0.5839000584148116	1
QID2201	1.924429412781285	1
QID2202	0.2797260860035858	1
QID2203	1.5668988537896036	1
QID2204	2.6224534242188158	1
QID2205	0.9353789956177304	1
QID2206	0.009669108729898256	1
QID2207	4.4489758556204935	1
QID2208	0.016078919382086637	1
QID2209	0.3076606549869035	1
QID2210	0.7682219821707343	2
QID2211	4.916049202373872	1
QID2212	4.806590553536815	1
QID2213	7.975759026198759	1
QID2214	9.584543592932713	1
QID2215	2.763682601683433	1
QID2216	3.3262492372152983	1
QID2217	5.102790912592221	2
QID2218	4.3502041402966345	1
QID2219	1.0069839434265992	1
QID2220	5.8789089460780195	1
QID2221	0.17254042065121414	1
QID2222	0.6503072420027047	1
QID2223	0.2792232303364839	1
QID2224	4.535147493112919	1
QID2225	0.6920421382692024	2
QID2226	3.0918530222151377	1
QID2227	2.3122462216850117	1
QID2228	1.4652945274442668	1
QID2229	3.785547952549233	1
QID2230	0.34615662724720897	1
QID2231	1.0690271431847314	2
QID2232	6.7114854360933265	2
QID2233	3.752679856477605	1
QID2234	0.10781442728379068	2
QID2235	3.4918193991562405	1
QID2236	1.0206676254913007	1
QID2237	0.0020806001044908888	1
QID2238	2.7382493451431578	1
QID2239	3.0219058240906413	1
QID2240	3.4564070128497053	1
QID2241	0.42882700962848586	1
QID2242	4.803331772480751	1
QID2243	5.809288449174112	1
QID2244	1.520910605209321	1
QID2245	5.929058303494841	2
QID2246	1.3309597035736265	2
QID2247	0.3181685066981566	1
QID2248	2.5701266621782213	1
QID2249	0.4397628530054217	2
QID2250	7.958824962307863	2
QID2251	1.5044877238166754	1
QID2252	5.632286853844623	1
QID2253	4.679636350404012	1
QID2254	5.556787552652542	1
QID2255	0.08798137739312975	1
QID2256	0.39370730795054204	1
QID2257	0.060741283622411636	1
QID2258	8.45658408669923	4
QID2259	5.975769694537273	1
QID2260	1.3873374473174052	1
QID2261	4.94907390152251	1
QID2262	0.33036817085018555	2
QID2263	9.81630734551374	2
QID2264	6.2361006884808265	1
QID2265	2.281585509861266	1
QID2266	7.562351081488732	1
QID2267	3.89803417745586	1
QID2268	0.4635298143370993	1
QID2269	0.04249406615596482	1
QID2270	0.2876343386135996	1
QID2271	2.8550813389632315	1
QID2272	6.499639465114313	1
QID2273	2.313860553119418	1
QID2274	4.592462502704827	1
QID2275	0.009135111128065759	1
QID2276	6.6438290382362775	1
QID2277	0.4954654193191835	1
QID2278	2.2797448780065603	2
QID2279	12.980376105914571	3
QID2280	3.5162153438204684	1
QID2281	0.23351408974581936	1
QID2282	1.5983204839734741	1
QID2283	1.6370864289049136	1
QID2284	6.167265195212318	1
QID2285	8.74144248767017	1
QID2286	3.2296947954921778	1
QID2287	3.3416784167709928	1
QID2288	6.117823353951128	1
QID2289	0.42001003331694703	1
QID2290	0.008668390049497245	1
QID2291	0.31963542305729137	1
QID2292	0.029151385117247918	1
QID2293	0.7504378139351158	1
QID2294	1.3982930124050454	1
QID2295	1.2302991488822284	1
QID2296	1.6280312829552943	2
QID2297	0.10552472955261312	1
QID2298	1.1060587087308618	1
QID2299	0.0021098168106212746	1
QID2300	1.7133338858708749	1
QID2301	0.00883877240350036	1
QID2302	0.2553660441232453	1
QID2303	0.1386076394566261	1
QID2304	5.012961488874732	1
QID2305	1.3285641184400894	1
QID2306	0.7383833290790461	1
QID2307	0.5430490803053205	2
QID2308	5.596540443300453	2
QID2309	8.756087381338023	1
QID2310	2.8465916037881662	1
QID2311	1.384567067680366	1
QID2312	1.5957046754183517	1
QID2313	0.7780735478629958	1
QID2314	5.572909817163748	1
QID2315	0.06735616263078792	1
QID2316	0.4283055451466419	1
QID2317	0.6448186435058368	1
QID2318	5.131687773528982	1
QID2319	3.6545262800989486	1
QID2320	5.9303448395842775	1
QID2321	0.00412635482979681	1
QID2322	4.066876157863886	4
QID2323	14.629936469700398	2
QID2324	1.137616500273343	1
QID2325	6.4334235457866376	1
QID2326	4.619311836522885	1
QID2327	0.2398097003062956	1
QID2328	0.2750813470380493	1
QID2329	1.3867847124033372	1
QID2330	5.71218722682492	1
QID2331	2.4403965621268244	1
QID2332	2.5175944627261466	1
QID2333	0.01820649060955493	1
QID2334	1.2718157043537193	2
QID2335	1.0269164771256762	1
QID2336	12.430820589073287	1
QID2337	4.13587304489498	1
QID2338	3.847907696203252	1
QID2339	1.083832188420777	1
QID2340	4.301827293067574	1
QID2341	1.7128289254122842	1
QID2342	3.2511295600247587	1
QID2343	7.845767825653822	1
QID2344	7.076910378086398	1
QID2345	4.932082825996871	2
QID2346	3.841121996309355	1
QID2347	0.8297691529916627	1
QID2348	5.421352476718594	1
QID2349	2.1553752642624318	1
QID2350	2.653268296106717	1
QID2351	6.041813027692736	1
QID2352	2.397314860520812	1
QID2353	4.168722734673234	1
QID2354	2.515526343883977	1
QID2355	5.344606746527021	1
QID2356	0.4293763922724947	1
QID2357	2.507036982931835	2
QID2358	2.457727973043351	1
QID2359	5.319121440223394	1
QID2360	7.0383967170434465	1
QID2361	3.244425442309621	1
QID2362	3.1295930209376115	1
QID2363	3.3769169903828518	1
QID2364	4.255186450609839	1
QID2365	0.4944570582484751	1
QID2366	4.584941398745602	1
QID2367	1.7036337491250435	1
QID2368	6.561467719032353	2
QID2369	3.9780595136741774	1
QID2370	2.4309565684177583	1
QID2371	4.793733843054794	2
QID2372	6.294145247597853	1
QID2373	5.696056522798849	2
QID2374	0.6981630620721063	1
QID2375	5.518535124268339	1
QID2376	0.7770795997190074	1
QID2377	1.9820664716508951	2
QID2378	1.4437715917479783	1
QID2379	5.52739298493945	1
QID2380	0.10600878006478576	1
QID2381	1.8441917385331417	1
QID2382	3.180500121940117	1
QID2383	1.2973373599811155	1
QID2384	4.504783793240663	1
QID2385	2.6668622201679484	1
QID2386	1.0644456736606354	1
QID2387	2.6030517663779644	1
QID2388	5.309642904223093	2
QID2389	1.434607485827116	1
QID2390	4.123302079483493	1
QID2391	2.4616615097444314	1
QID2392	6.749235765635575	1
QID2393	0.3636031150351354	1
QID2394	2.460105472370977	2
QID2395	5.2122506242038105	1
QID2396	3.0981016327996467	1
QID2397	2.5881236968909493	1
QID2398	1.1490362364869084	2
QID2399	0.9312655282241488	1
QID2400	3.3501354437501467	1
QID2401	8.267453955556864	1
QID2402	3.750647326214173	1
QID2403	0.916051620602143	1
QID2404	2.219120397183721	1
QID2405	5.259388190172569	1
QID2406	1.5770525531369168	1
QID2407	0.4413874501748185	1
QID2408	0.3025301984879102	1
QID2409	0.8044256481013776	2
QID2410	9.49015675910233	1
QID2411	5.48518059329684	1
QID2412	2.7741087507686197	1
QID2413	3.7045369762114446	1
QID2414	3.664006064490738	2
QID2415	0.051600018991290734	1
QID2416	11.900305901620321	1
QID2417	3.65190795404698	1
QID2418	1.9659083160465172	1
QID2419	1.7191127479529267	1
QID2420	7.031029897874924	2
QID2421	0.6861262184230225	1
QID2422	3.9905287129661606	1
QID2423	3.7393350937751113	2
QID2424	4.7760466868304965	1
QID2425	3.4526805521065387	1
QID2426	4.298460136342728	1
QID2427	8.839926879113492	1
QID2428	7.5114043923508325	1
QID2429	7.846987494805032	2
QID2430	2.264875783042016	1
QID2431	0.004950195390683597	1
QID2432	6.457131754149642	2
QID2433	5.310434774649516	1
QID2434	2.1638839291897205	1
QID2435	3.431340834006442	1
QID2436	1.6072946713616292	1
QID2437	8.622384189327503	1
QID2438	0.8250567991118073	1
QID2439	0.027024918530006502	1
QID2440	7.856794826676853	1
QID2441	0.505171990498204	1
QID2442	0.2322241865806095	1
QID2443	0.368896960487538	1
QID2444	2.632282740202994	1
QID2445	4.618275796687574	1
QID2446	0.9392945975954377	1
QID2447	0.07970978792153563	1
QID2448	0.3922912132954828	1
QID2449	3.6971158972289504	1
QID2450	4.570497960508475	1
QID2451	0.006898182151135511	1
QID2452	8.317446411901463	2
QID2453	7.225935050173402	1
QID2454	1.3637212832244832	1
QID2455	3.546771915769898	1
QID2456	2.878057574762379	1
QID2457	7.211560609150675	2
QID2458	1.914538943627424	1
QID2459	3.6845149274980304	1
QID2460	0.6316355665831476	1
QID2461	0.0015357342645260848	1
QID2462	2.997103759932552	2
QID2463	3.6159768602084537	1
QID2464	1.0339388137415313	1
QID2465	5.156152568354108	1
QID2466	0.07783127594510746	1
QID2467	0.1270894027045664	1
QID2468	5.6635180693374965	1
QID2469	2.394975490378447	1
QID2470	0.03428357115326616	1
QID2471	4.377629359359156	2
QID2472	9.360903696671489	1
QID2473	1.5842563023512222	2
QID2474	6.2877602045115575	2
QID2475	3.103331790211823	2
QID2476	2.055614432272354	1
QID2477	5.441519364016387	1
QID2478	1.3183100674709527	1
QID2479	1.3046208738733311	1
QID2480	4.2664178235263455	1
QID2481	4.122299059536525	1
QID2482	0.3878981122241207	1
QID2483	1.4477361704395966	1
QID2484	0.7951497172938029	1
QID2485	0.07329022607708315	1
QID2486	1.8869197893822316	1
QID2487	3.292347944161287	1
QID2488	4.664604038121556	2
QID2489	0.3598178320089536	1
QID2490	2.22015217922627	1
QID2491	2.7638585925736363	1
QID2492	3.810696890017187	1
QID2493	0.2303634646213776	1
QID2494	9.60713040261259	1
QID2495	1.1187214577465938	1
QID2496	2.8902036145749266	1
QID2497	13.04783235969502	2
QID2498	2.8846358328517137	1
QID2499	5.517499229977559	1
QID2500	2.218636347385736	1
QID2501	0.2365046427747985	1
QID2502	0.009501500180294765	1
QID2503	0.5896089688857314	1
QID2504	3.428374278269507	1
QID2505	0.3204422955278148	1
QID2506	0.2419888837545907	1
QID2507	0.8542780575046749	1
QID2508	1.8236787578745035	1
QID2509	4.11033804050608	1
QID2510	0.6864178570919853	1
QID2511	0.0724779225440075	1
QID2512	0.008803525374612457	1
QID2513	0.6294041214858026	1
QID2514	0.189404843281281	1
QID2515	2.493607205787144	2
QID2516	2.5202279730433506	1
QID2517	0.1690666941998477	1
QID2518	0.0189973227284385	1
QID2519	6.0620945560478185	1
QID2520	1.081709427623864	1
QID2521	7.453815035134977	1
QID2522	3.203763250207597	1
QID2523	2.993520592245953	1
QID2524	0.8418977928311369	2
QID2525	9.219922446481307	1
QID2526	3.2725164393679127	1
QID2527	1.17906770909381	1
QID2528	0.665398030849774	1
QID2529	8.307471095971492	1
QID2530	4.148650318088287	1
QID2531	0.7112786940170062	1
QID2532	1.2164687310089959	1
QID2533	4.441634811510887	1
QID2534	0.13787426683069845	1
QID2535	0.5011673220237841	1
QID2536	5.112559348286023	2
QID2537	1.7423842954230526	1
QID2538	3.849252574622544	1
QID2539	0.5502261878175256	1
QID2540	0.258980229511362	1
QID2541	2.9537105187705452	1
QID2542	0.11788381632991485	1
QID2543	5.5249247388127785	2
QID2544	0.9192267194822021	1
QID2545	5.627332295679128	1
QID2546	0.7987642199096149	1
QID2547	0.23147130696680215	1
QID2548	2.4910258903265343	1
QID2549	1.3098890210697132	1
QID2550	0.8650202659162113	1
QID2551	3.4666604814990185	2
QID2552	1.217003200539705	2
QID2553	2.531667550497698	1
QID2554	0.3619128256247365	1
QID2555	3.6894238379101902	1
QID2556	7.194841898851278	1
QID2557	1.4965876894025367	1
QID2558	0.8771372839049545	1
QID2559	0.7240688697048536	1
QID2560	2.4660758972753185	1
QID2561	0.0796403104677025	1
QID2562	3.7489880143452914	2
QID2563	3.541163600564349	1
QID2564	0.6796301707844454	1
QID2565	3.1360087937478327	2
QID2566	5.489681605427233	1
QID2567	2.3775825835895144	1
QID2568	3.57606820731286	1
QID2569	0.3035386483878657	1
QID2570	0.07132710858379743	2
QID2571	1.5805199005703587	1
QID2572	3.0659651448936387	1
QID2573	4.814541374449204	1
QID2574	6.9522926841529	1
QID2575	7.328959942977913	1
QID2576	8.993427870308587	1
QID2577	8.1976098688424	1
QID2578	0.7759066457306805	1
QID2579	1.692161311859007	1
QID2580	8.067843028413433	1
QID2581	3.4653176404611035	1
QID2582	5.170838004522051	1
QID2583	5.4658217235499205	1
QID2584	4.615968204399581	2
QID2585	2.800993201207601	1
QID2586	8.180213705721513	3
QID2587	4.46144166680278	1
QID2588	3.0159251710134414	1
QID2589	0.013439444357724057	1
QID2590	5.255965318945304	1
QID2591	2.58895202534537	2
QID2592	0.7364242285642497	1
QID2593	4.299231043374151	1
QID2594	5.6910166669609525	1
QID2595	1.3393041359047442	1
QID2596	8.972370670607344	2
QID2597	1.5630111911583673	1
QID2598	2.2831294417208357	2
QID2599	1.736023840297499	1
QID2600	5.953064117843838	1
QID2601	2.49844324515827	1
QID2602	0.1617954735656072	1
QID2603	2.606504651888061	1
QID2604	0.15430393449187368	1
QID2605	4.154375717686948	4
QID2606	0.8075846009196804	1
QID2607	0.8557259498458938	1
QID2608	4.680283438345674	1
QID2609	3.87137079285225	1
QID2610	5.42034589238099	1
QID2611	0.3566357374283324	1
QID2612	2.392931306708676	1
QID2613	5.017207858149038	2
QID2614	1.7207988665556957	1
QID2615	1.7062088595003573	1
QID2616	4.154102998833629	1
QID2617	2.3480385928619354	1
QID2618	4.300855405799674	1
QID2619	3.0069057041382523	1
QID2620	3.3599968780476273	1
QID2621	4.191900028922738	1
QID2622	1.3362139271336455	1
QID2623	2.6851090627009158	1
QID2624	1.8944389648664373	1
QID2625	2.299656911836095	2
QID2686	7.807551483613203	1
QID2688	5.398232070731592	1
QID2689	13.739895514198954	1
QID2690	3.4675824553002115	1
QID2691	1.9682236857562478	1
QID2692	0.8958056331862808	1
QID2693	8.83015166316149	3
QID2694	3.24415342152702	1
QID2695	3.792501164915477	1
QID2696	4.692411850905996	2
QID2697	3.6935726427198654	1
QID2698	0.7899118913137602	1
QID2699	4.497624418083425	1
QID2700	4.792597202609002	1
QID2701	4.700344983047276	1
QID2702	1.3063357317777793	1
QID2703	3.548779914190772	1
QID2704	2.219178300596973	1
QID2705	2.936468460135432	1
QID2706	0.0017285742532792915	1
QID2707	10.49567405822678	2
QID2708	3.5145290917239773	2
QID2709	7.5229117755935935	1
QID2710	5.147931431624349	2
QID2711	0.9026829453280752	1
QID2712	2.591039047798087	1
QID2713	3.4463674391841423	1
QID2714	0.5222130665557977	1
QID2715	1.146744495443462	2
QID2716	5.435891842206647	1
QID2717	1.028698116360417	1
QID2718	0.2612691098814349	1
QID2719	4.140701066549183	1
QID2720	1.2870491615842061	1
QID2721	10.006301626556118	4
QID2722	4.527431326085441	1
QID2723	1.3376994903322224	1
QID2724	6.787823809408851	1
QID2725	2.420893179482941	1
QID2726	5.539456766395599	2
QID2727	3.0989644634730245	1
QID2728	0.01801440546163479	1
QID2729	3.6763442857030935	1
QID2730	0.6601689280697768	1
QID2731	6.332602601637155	1
QID2732	0.014395397162898026	1
QID2733	1.2084340996990526	1
QID2734	0.1989545185453991	1
QID2735	8.822596223134504	1
QID2736	0.6219224787063007	1
QID2737	5.577563912489529	1
QID2738	4.47735120398671	3
QID2739	0.1818045249836331	1
QID2740	6.678739390753316	1
QID2741	7.1226285433134064	1
QID2742	5.17765458738258	1
QID2743	4.134707786856139	1
QID2744	9.135889101879307	3
QID2745	7.388823141818625	2
QID2746	4.661854476502142	2
