Word_Unique_ID	Surprisal	NumTokens
QID1	1.194886989784272	1
QID2	4.81722886212925	1
QID3	10.024302236126145	3
QID4	0.6118402062480234	1
QID5	3.1212689422843694	1
QID6	2.524063859840344	1
QID7	4.015560949303123	1
QID8	10.482217593128905	1
QID9	0.2858260197847847	1
QID10	4.156588830790714	1
QID11	2.2015612291683655	1
QID12	4.306035760639167	2
QID13	4.495964744733781	1
QID14	2.05601909117585	1
QID15	0.8311171278930066	1
QID16	1.8246123273910173	1
QID17	6.442555824934487	1
QID18	2.0271549161616877	1
QID19	9.034585071888571	1
QID20	1.9452059642874504	2
QID21	2.6685195083194397	1
QID22	5.6915097218492585	1
QID23	7.519522286871095	2
QID24	1.5684563693357951	1
QID25	1.5108301324760218	1
QID26	7.163582213000277	1
QID27	2.0084182934674866	1
QID28	1.9506295643918972	2
QID29	1.7753665015084108	1
QID30	4.067484556796187	1
QID31	0.7153677354309366	1
QID32	2.3240053925243904	1
QID33	1.42892426512571	1
QID34	0.4642961194243622	1
QID35	1.9510763579049093	1
QID36	2.320173715519486	1
QID37	1.3453233514680591	1
QID38	1.0522297607227915	1
QID39	0.1755523966933796	1
QID40	2.9550798609637727	2
QID41	3.3823877526555	1
QID42	0.6393287495639849	1
QID43	8.968924094366285	1
QID44	0.22518531146949666	1
QID45	0.8293988530504913	1
QID46	0.7181459092126754	1
QID47	3.4088356225120817	1
QID48	0.6290435095588376	1
QID49	4.304216680242663	1
QID50	1.4219215684230069	1
QID51	8.39556436144436	1
QID52	1.407932713628471	1
QID53	2.592926443294937	1
QID54	0.20890321961389227	1
QID55	2.618672597277788	1
QID56	2.3225147329631297	2
QID58	4.100700398295113	1
QID59	3.7066667862645684	2
QID60	1.836182182597328	1
QID61	6.2583092652053915	1
QID62	8.695995340956504	3
QID63	5.079743533097306	1
QID64	3.3268412158051133	2
QID65	2.1988441052297047	1
QID66	1.9050628378763856	1
QID67	0.7790686979228225	1
QID68	11.37969816137318	1
QID69	3.4212038335810724	2
QID70	2.9504848824347008	1
QID71	6.774919613721662	1
QID72	0.966557574633874	1
QID73	0.5101026647380044	1
QID74	1.210643408624575	1
QID75	0.9065169985602624	1
QID76	1.8453990110896568	1
QID77	2.705367471462158	1
QID78	1.5039340419297982	1
QID79	3.1866282449335217	1
QID80	0.09752155891618508	1
QID81	5.2465409844210855	2
QID82	6.129075579869793	1
QID83	0.18113746442976095	1
QID84	5.817458000593108	1
QID85	1.557686556186149	1
QID86	3.971658153325903	1
QID87	5.284483189976641	1
QID88	2.511700946491849	2
QID89	7.026103698119735	1
QID90	0.4042556060477784	1
QID91	4.809784716678713	3
QID92	1.7899119715860177	1
QID93	8.786214356606305	2
QID94	3.6549059917670297	1
QID95	1.267873158111108	1
QID96	0.8887362517404663	1
QID97	0.10258320813546833	1
QID98	11.477821159432088	3
QID99	9.789158794678107	2
QID100	6.033302019805224	1
QID101	1.4712682216665365	1
QID102	5.668895706367944	1
QID103	0.12837838747983948	1
QID104	10.69092042810817	1
QID105	0.3616591914324153	1
QID106	9.106560528406805	1
QID107	0.15588228175072116	1
QID108	0.10720639356660064	1
QID109	3.694912051796684	1
QID110	1.3088464573607443	1
QID111	0.6777784885728593	1
QID112	0.06795368616408375	1
QID113	1.6326004335868158	1
QID114	0.2561040809843022	1
QID115	7.689536279689921	3
QID117	5.565152437298691	1
QID118	2.1294931087973312	1
QID119	10.77838843182256	2
QID120	9.444895747724996	2
QID121	0.21916264253676807	1
QID122	2.3850615180801267	1
QID123	0.10806788542584332	2
QID124	0.1113512625535121	2
QID125	0.6036079380351442	1
QID126	4.247277893924824	1
QID127	2.0419130171609408	1
QID128	1.275365110263479	1
QID129	6.777069760552787	1
QID130	1.8393579702321001	1
QID131	0.3786985179538435	1
QID132	7.406642526784589	1
QID133	3.5804048043009113	1
QID134	6.9595909924146895	1
QID135	0.3389335036085063	1
QID136	3.4172602661506484	1
QID137	1.7966771783018214	1
QID138	4.715353553661912	1
QID139	3.9682135234919436	1
QID140	1.600879283719134	2
QID141	1.7579665507053022	1
QID142	3.2706511878730065	2
QID143	4.555781224500273	1
QID144	0.4247417589654058	1
QID145	3.1560191770457497	1
QID146	0.2225609525896888	1
QID147	1.1183347508869688	1
QID148	0.7136218586164089	1
QID149	5.066209496381948	1
QID150	4.919473084207981	1
QID151	0.46813645836683604	1
QID152	7.566777808436988	1
QID153	0.2401138498043305	1
QID154	3.6809864174666735	1
QID155	2.4179868830316056	1
QID156	0.031585546644451165	1
QID157	1.2847427040421062	1
QID158	3.4095884327104016	1
QID159	1.181990651282098	2
QID160	3.1584261723260108	2
QID162	0.5767367540219923	1
QID163	0.03770411976190155	1
QID164	2.163706320206243	1
QID165	4.244322836367546	1
QID166	0.7904599599464521	1
QID167	1.2896993982471647	1
QID168	4.4615317946999715	1
QID169	0.26688265744221784	2
QID170	4.206729932507828	1
QID171	2.8617035595740514	1
QID172	2.9037007860575885	1
QID173	4.051388417963564	2
QID174	12.976399215215151	1
QID175	6.091075255275008	1
QID176	3.854192535964928	1
QID177	1.992996529844442	1
QID178	3.4879749134607345	1
QID179	8.453158336245492	2
QID180	5.1971590081518935	1
QID181	1.1436969676743154	1
QID182	1.6902309777087767	1
QID183	10.69907315936636	1
QID184	2.4812376370107154	1
QID185	7.369095207571247	1
QID186	4.0750827925073585	3
QID187	3.067626851933887	1
QID188	0.7635052609639896	1
QID189	2.5516825759506343	2
QID190	0.38721033866010907	1
QID191	2.5188100719285247	1
QID192	2.5512385717925503	1
QID193	8.459738755939016	1
QID194	3.520548213297352	1
QID195	7.5393266427835295	2
QID196	2.582087907632783	1
QID197	1.2330566186077554	1
QID198	11.859399786302767	2
QID199	6.316350348039242	1
QID200	4.363479658606749	1
QID201	0.1264689399379607	1
QID202	4.10402062878318	2
QID203	2.511293964755347	1
QID204	12.302441808044355	3
QID205	8.489196602508237	1
QID206	8.453519579500622	2
QID207	2.130617789338358	1
QID208	5.249090686063816	1
QID209	2.1609582371154747	1
QID210	7.255637376487969	1
QID211	0.9091114469086196	1
QID212	1.4446309884193769	1
QID213	2.1309379148632224	1
QID214	5.278846567611328	1
QID215	3.388700057505504	1
QID216	3.1853637765226503	1
QID217	1.3871741446925152	1
QID218	0.07479481243662359	1
QID219	2.871428849562708	1
QID220	2.180023643088365	2
QID221	2.6573888917832087	1
QID222	0.6198457496888149	1
QID223	3.582395399753456	1
QID224	3.7165546725995586	1
QID225	0.3805997322446638	1
QID226	5.162355724365963	2
QID227	3.3823261281344363	1
QID228	4.440295145279094	1
QID229	12.841087476186965	1
QID230	1.4510781035180658	1
QID231	8.949215827462957	2
QID233	8.192184654344866	2
QID234	13.758679743632861	2
QID235	2.1175057918294633	1
QID236	4.518014337859976	1
QID237	2.2511778370616833	1
QID238	0.8819317669068882	1
QID239	2.013206589727157	2
QID240	3.1376080792309327	1
QID241	0.18354384348896904	1
QID242	10.98042757668427	1
QID243	2.312528496062126	2
QID244	1.585701452892848	1
QID245	2.436205212224293	1
QID246	4.106081528124924	2
QID247	1.0192881548477384	1
QID248	2.61480584037239	1
QID249	4.42072708777234	1
QID250	0.4336278624831063	1
QID251	12.588843746636881	3
QID252	0.05792364888035505	1
QID253	1.661717740688912	2
QID254	3.885457241702064	1
QID255	1.186222375159566	1
QID256	9.113057080315043	2
QID257	3.54490211598483	1
QID258	1.1624218625542877	1
QID259	3.307333751380469	2
QID260	2.174095374904858	1
QID261	0.6090028045210517	1
QID262	5.237001009721476	1
QID263	0.222304967615326	1
QID264	0.5155947516350906	1
QID265	0.5763036340074541	1
QID266	0.8057216822824159	1
QID267	4.229956193400511	1
QID268	5.152179110415715	1
QID269	0.004331278327327721	1
QID270	5.902136170237325	2
QID271	2.097734348402766	1
QID272	1.7406226573968309	1
QID273	1.8147515505196417	1
QID274	0.004265401853378837	1
QID275	2.342007378448397	1
QID276	4.192124949807671	2
QID277	2.828537044452517	1
QID278	3.5869181066890317	1
QID279	3.3117712027958732	1
QID280	1.6423753900538245	1
QID281	0.010139474673315387	1
QID282	1.276099743602381	1
QID283	1.4314764691481072	1
QID284	3.7121169411004966	1
QID285	0.9636368530173509	1
QID286	4.6602284719535945	2
QID287	0.39366116467499584	1
QID288	0.8365876723487977	2
QID290	9.44874810696063	1
QID291	12.582859363216162	1
QID292	7.493900104169755	1
QID293	4.2161700869664465	1
QID294	2.7531072359689612	1
QID295	3.8328331204401698	1
QID296	0.14894589543670916	1
QID297	5.708124108765185	1
QID298	2.9851838117359515	1
QID299	7.4587981932492236	1
QID300	4.523318883491823	2
QID301	3.7333866755988288	1
QID302	5.765593682791014	1
QID303	4.1927906484804485	1
QID304	1.4277433803814337	1
QID305	11.146318172986712	3
QID306	3.7270859397326936	1
QID307	7.935399576312943	1
QID308	1.0375946034810386	1
QID309	0.44253183500070703	1
QID310	0.01233611428603552	1
QID311	1.6675930506299546	2
QID312	3.00666764214997	1
QID313	3.267565577322762	1
QID314	0.6713679769070398	1
QID315	2.156551555546253	1
QID316	0.9048001622392416	1
QID317	1.2360243017621062	1
QID318	8.069585519169376	3
QID319	1.1273744371609244	1
QID320	5.654043287228359	1
QID321	0.7738764756360311	1
QID322	3.5194648527243144	2
QID323	3.926958086832743	1
QID324	6.837432859054988	1
QID325	11.164221953099313	2
QID326	6.73633359941425	1
QID327	1.3482757356779775	1
QID328	3.8755839449396463	1
QID329	4.14103209072681	1
QID330	5.371160299106438	1
QID331	9.498058910857068	1
QID332	0.17069517142272114	1
QID333	1.5024629308071349	1
QID334	3.007169262391783	1
QID335	5.151181302437671	2
QID336	4.985297983830762	1
QID337	3.7963694511013895	1
QID338	7.912381000317754	1
QID339	1.8072174878985852	1
QID340	3.9634542205204215	1
QID341	4.40437664702071	1
QID342	1.34287462954111	1
QID343	4.939118746959849	1
QID344	0.9897654191811686	1
QID345	4.677776287309904	2
QID347	10.421816341505027	2
QID348	7.044105998044796	2
QID349	1.52872698867804	1
QID350	3.957827721311115	1
QID351	2.7089638350899867	1
QID352	2.273707136117982	1
QID353	8.185063896523673	2
QID354	3.660193961538372	1
QID355	1.9275812387846911	1
QID356	5.246757506798197	1
QID357	6.155473764855497	2
QID358	1.3678568699523517	1
QID359	3.6306924954881366	1
QID360	0.7766297124976527	1
QID361	2.5928008494007457	2
QID362	8.351803901490152	1
QID363	0.5635874009247688	1
QID364	6.551531848895049	1
QID365	0.5143735432421446	1
QID366	0.2337058293380251	1
QID367	7.040017932835769	1
QID368	9.785265633220227	1
QID369	4.417873633901139	1
QID370	4.74504791194672	1
QID371	4.101610633881681	2
QID372	1.5268829984233019	1
QID373	4.949978088938663	1
QID374	2.285326016797355	1
QID375	6.370529226866789	2
QID376	2.185788247146435	1
QID377	2.217603520520588	2
QID378	1.0514787990095216	1
QID379	3.207728156672312	1
QID380	2.3502132230133363	2
QID381	0.7194190618688832	1
QID382	1.30633243863694	1
QID383	9.654976222024333	3
QID384	3.299284555336801	1
QID385	0.9765601902047072	1
QID386	0.4863171787054658	1
QID387	0.309757716356275	1
QID388	3.1127223009461416	1
QID389	2.9791496833811237	2
QID390	1.5989366921200283	1
QID391	3.0677098877847087	1
QID392	4.411809979958042	1
QID393	1.4598637115618316	1
QID394	1.1577930724851049	1
QID395	0.7980986353975604	1
QID396	3.405239728171221	2
QID397	1.0739878232023197	1
QID398	0.8327245533773692	1
QID399	9.095651665530092	3
QID400	3.9876450619302366	1
QID401	2.1404446661635896	1
QID402	5.674632388121518	3
QID404	6.335417700884329	1
QID405	3.0527493929388623	1
QID406	3.833409158743553	1
QID407	4.024341325352375	1
QID408	2.0805435799682988	1
QID409	0.7017525164327806	1
QID410	2.3962057892330613	1
QID411	4.151249763594402	1
QID412	0.03069394816565797	1
QID413	4.761500411243066	2
QID414	4.763649159822476	1
QID415	1.8860811475192123	1
QID416	1.7755945299369151	1
QID417	3.662916191786545	1
QID418	0.2511549990375034	1
QID419	3.495126169557683	1
QID420	0.010461549574575362	1
QID421	3.9380787081750777	1
QID422	1.9433654699164231	2
QID423	4.7341546373455134	1
QID424	11.550247764683595	1
QID425	5.769977829511051	1
QID426	1.1668950968460559	1
QID427	1.0544169081996566	1
QID428	7.140458648831018	1
QID429	0.4635237840875634	1
QID430	0.005879077405899521	1
QID431	3.7241507358094745	1
QID432	6.2966380792316965	3
QID433	2.1403554787507337	1
QID434	0.33995721206729856	1
QID435	1.3033972076190297	1
QID436	1.5367846954248932	1
QID437	4.828033048256092	1
QID438	1.0278798725050622	1
QID439	8.9784559015725	1
QID440	2.1565209213981547	3
QID441	1.4452228401282594	2
QID442	3.2684131159917515	1
QID443	0.9212240709649084	1
QID444	0.8526999143199454	1
QID445	3.3251117072085896	1
QID446	1.4716929974662334	2
QID447	3.543707811695497	1
QID448	4.682427866098507	1
QID449	3.1516399669462665	1
QID450	2.933446107860184	1
QID451	1.2770737549313091	1
QID452	0.8995237096444546	2
QID453	2.6112165007660844	1
QID454	2.074822161577464	1
QID455	1.4899929167660848	1
QID456	0.819750047455312	1
QID457	0.1550056502935522	1
QID458	3.022374979966567	1
QID459	1.3681971848718173	2
QID460	2.3652535135520054	1
QID461	1.46923079627957	1
QID462	13.025291523206858	2
QID463	8.921557280894543	2
QID464	2.214606700617212	1
QID465	2.6693064959328128	1
QID466	8.178728846273703	1
QID467	1.766756581217846	1
QID468	1.79636171399	1
QID469	15.29029219914406	5
QID470	8.078887968117055	1
QID471	7.964974989009877	2
QID472	3.768576554700438	1
QID473	0.17651259986405365	1
QID474	0.07919271251113827	1
QID475	0.5911727236881466	1
QID476	7.000676393186362	4
QID477	0.03954157599686578	1
QID478	3.3178778685174253	1
QID479	12.513939588983009	3
QID480	2.5074034393269407	1
QID481	0.29609920240207016	1
QID482	2.204816349638434	1
QID483	3.5104049246342504	2
QID484	5.87107236785491	1
QID485	10.096849624355627	2
QID486	1.8750173757472584	1
QID487	0.3340150197193431	1
QID488	0.21445111495305602	1
QID489	0.6258840137285382	1
QID490	5.753121938323483	1
QID491	2.94830336634441	1
QID492	0.05802856150598872	1
QID493	3.5642982242226036	1
QID494	3.0834297541233044	1
QID495	4.215177965308739	1
QID496	1.4348560515904978	1
QID497	2.632682316204219	2
QID498	1.8882534963912558	1
QID499	8.401332067677641	3
QID500	3.9781406338079	1
QID501	8.020796988496611	1
QID502	2.9668315106256227	1
QID503	0.17765017298927233	1
QID504	8.396449298608657	2
QID505	1.7127164241246264	1
QID506	7.9129864122091975	1
QID507	0.6451706535583275	1
QID508	0.419164801689276	1
QID509	1.3125914318383602	1
QID510	2.045324059470267	1
QID511	7.911897954079037	1
QID512	1.4830070994175415	1
QID513	3.171346677465977	2
QID515	11.961122435211374	3
QID516	10.809314880621177	1
QID517	1.8784010290785993	1
QID518	6.4409410365672075	2
QID519	4.278460873597303	2
QID520	3.0887638300896807	1
QID521	1.9793983732609743	1
QID522	4.5898901109188515	1
QID523	1.7230012134805468	1
QID524	1.0666815102023326	2
QID525	5.905850515088925	1
QID526	4.124456000011247	1
QID527	1.6641184617893665	1
QID528	4.027271987866263	1
QID529	0.4670849470466947	1
QID530	5.492245368561669	1
QID531	0.6385875685323473	1
QID532	3.4503657350432557	2
QID533	1.8673315827911576	1
QID534	3.563321544429764	2
QID535	3.563254369526724	2
QID536	6.317255477843587	2
QID537	1.0798166838277126	1
QID538	3.31603775295022	1
QID539	3.3628936572921635	1
QID540	0.6094679250536672	1
QID541	0.08899965691455893	1
QID542	0.008043499501520003	1
QID543	0.3296528683520352	1
QID544	0.4093629452731283	1
QID545	0.34523149344907744	1
QID546	0.09810671099417607	1
QID547	0.12471268492765275	1
QID548	0.3374637302006524	1
QID549	2.5947126503575206	2
QID550	0.9264958243717634	1
QID551	4.123897962930295	1
QID552	0.6323539859623525	1
QID553	3.2152297087498125	1
QID554	3.6766869108452447	1
QID555	4.388515913494926	1
QID556	4.083238955402431	1
QID557	0.4636025360532106	1
QID558	0.20894139698606365	1
QID559	2.09890397745685	1
QID560	3.3188188151715585	1
QID561	2.3105771335582808	1
QID562	1.8657636779646949	1
QID563	0.7092062067250474	1
QID564	0.0197098762345321	1
QID565	0.021428397298101733	1
QID566	0.06277277961817103	1
QID567	0.8504109954000242	2
QID568	0.8434763571429216	2
QID569	1.9564418885639565	1
QID570	13.55375722038529	2
QID571	0.2746577161027756	2
QID572	4.931358979558366	1
QID573	0.30049879114720146	1
QID574	3.4518580099559104	2
QID575	3.650935940138328	2
QID576	10.210501326990741	4
QID577	0.6584658682892791	1
QID578	0.836417362411569	1
QID579	3.3064208517735203	1
QID580	0.01921494291687244	1
QID581	5.196782150035618	1
QID582	0.0458703870424205	1
QID583	9.539720410815749	3
QID584	1.985840982191302	1
QID585	2.8429626079300205	1
QID586	0.6331691855598479	1
QID587	3.561640299042476	1
QID588	1.5201007747005286	1
QID589	0.7647853584916968	1
QID590	5.616145595512278	1
QID591	13.469818965520101	2
QID592	6.268857400983781	1
QID593	1.4314182724797402	1
QID594	2.326262707474038	1
QID595	3.9930695930885634	1
QID596	3.145511216147253	1
QID597	3.4901414463436313	1
QID598	0.532559846686458	1
QID599	2.3740944415330585	2
QID600	3.7853222856768527	2
QID601	1.6682831178742992	1
QID602	5.697247217369298	1
QID603	1.1647589494144066	1
QID604	1.3823851782368537	1
QID605	2.4701919061747573	1
QID606	3.833192123805976	1
QID607	4.697880749185416	1
QID608	2.9938346216124136	1
QID609	4.669449146990415	1
QID610	8.598510719637773	1
QID611	1.3080838188739259	1
QID612	2.064104873966499	1
QID613	2.2481742884617404	1
QID614	5.985174916179755	2
QID615	9.046680977411695	1
QID616	0.25755747036107	1
QID617	2.0043951887168916	1
QID618	7.219849738824481	1
QID619	1.1074606413877157	1
QID620	8.378834077707975	1
QID621	5.606539362183963	3
QID622	6.749695559246177	1
QID623	4.456371195719084	2
QID624	7.232184336032658	1
QID625	9.478488765603343	2
QID626	6.028114423549372	1
QID627	3.817482577420965	1
QID628	3.933131098698448	1
QID629	0.7754152749565275	1
QID630	9.289269362919374	1
QID631	0.4843629184183186	1
QID632	2.8934319568605456	1
QID633	0.635137122622992	1
QID634	0.4766957377064779	1
QID635	0.10348658545520513	1
QID636	4.616895484178049	1
QID637	1.069337316791798	1
QID638	9.917941300144461	1
QID639	0.1186447548213211	1
QID640	5.752001910736551	4
QID641	1.3856162956778788	1
QID642	6.785789080688247	1
QID643	0.4707354603784095	1
QID644	2.4211645216732185	1
QID645	3.2787959368389124	1
QID646	3.413056279467954	1
QID647	0.3130227182035037	1
QID648	0.5299703363811353	1
QID649	1.1643876825653638	1
QID650	1.7078844030624891	1
QID651	2.4585618666446023	1
QID652	2.0931440912758497	1
QID653	1.39513154699011	1
QID654	1.8407394478989467	1
QID655	2.9401937556991213	2
QID656	4.038399983113297	1
QID657	3.1539529687247883	1
QID658	3.114826708906516	1
QID659	1.17646088691952	1
QID660	2.248622684623551	2
QID661	0.972682217597944	1
QID662	0.6298370669492693	1
QID663	7.768865786341869	1
QID664	0.8826890953540795	1
QID665	1.643025714694657	1
QID666	0.9298404065202912	1
QID667	1.3294518028330935	1
QID668	0.6351380567535578	1
QID669	0.13923698491508238	1
QID670	1.0050112330638652	1
QID671	2.7913959266283426	1
QID672	5.080339937978565	1
QID673	6.524050634166086	2
QID674	9.968349316464199	2
QID675	2.409645502999732	1
QID676	6.593188383693254	1
QID677	11.117645420986452	2
QID678	1.3980246313997826	1
QID679	7.436663769534852	1
QID680	0.3085893620789356	1
QID681	3.442868234492068	1
QID682	4.7172429207241064	1
QID683	9.796270986514244	1
QID684	5.999503601316906	2
QID685	4.232860038880558	1
QID686	12.288433320627885	1
QID687	9.381254972417537	2
QID688	1.0371524695489387	1
QID689	0.6994070272800395	1
QID690	2.6765742818242937	2
QID691	2.2414851385639265	2
QID693	0.8194421941196897	1
QID694	5.681385244121	2
QID695	0.25180111009529443	1
QID696	0.007227591434188462	1
QID697	1.8803495893351936	1
QID698	1.4021375690292497	1
QID699	3.801426374663658	1
QID700	0.4034044162028372	1
QID701	10.729402175565156	2
QID702	1.2246039180348478	1
QID703	1.3109368851256522	1
QID704	0.0332699642302676	1
QID705	1.97541483643714	1
QID706	1.2416296865326757	1
QID707	0.006709910394521263	1
QID708	5.673424479515821	2
QID709	0.752996272166266	1
QID710	0.7960552586381822	2
QID711	7.321758636116765	2
QID712	9.447968753832727	1
QID713	1.2309350102477514	1
QID714	3.762044235280893	2
QID715	4.431239801693722	1
QID716	4.618919416957184	1
QID717	10.546451350755216	3
QID718	4.3581646778757115	1
QID719	8.054381325577507	4
QID720	2.9775037969988536	1
QID721	0.4636319074761812	1
QID722	6.848087865096297	2
QID723	0.9958804316160076	1
QID724	5.738834112306213	1
QID725	5.586450806848585	3
Q2684	15.777968412979204	1
QID726	8.876050123222543	1
QID727	4.520573339997797	1
QID728	1.5400917961167253	2
QID729	10.252021749281065	1
QID730	1.7786647757865552	1
QID731	6.190134680803255	1
QID732	1.9514637834667263	1
QID733	3.0741932312313867	1
QID734	0.35342873751451936	1
QID735	3.5328611506131966	1
QID736	1.6509389338486444	1
QID737	2.4245497406659964	1
QID738	6.954812987471988	1
QID739	9.060499854034694	1
QID740	3.8529377514569583	3
QID741	5.181578240329316	1
QID742	1.9795880847757763	1
QID743	2.9982508955380776	1
QID744	2.0993219088350137	1
QID745	0.26435390132390674	1
QID746	5.946380848086438	1
QID747	0.02857511950994043	1
QID748	4.630493015479829	1
QID749	2.6364026046427766	1
QID750	0.4378945798271104	1
QID751	1.6809815490160032	1
QID752	3.2740116016068423	2
QID753	6.2348918557141895	1
QID754	5.101657208935717	2
QID755	3.13741357493754	1
QID756	6.5096848109756955	3
QID757	5.213577659538447	2
QID758	3.157941504900161	1
QID759	0.8433733884477059	1
QID760	5.824603612498124	1
QID761	1.1892750015950158	1
QID762	0.0121407493215389	1
QID763	0.17479717567554026	1
QID764	1.938211571852794	1
QID765	3.5238095498858564	1
QID766	3.5519513682879786	1
QID767	2.6157704739180065	1
QID768	0.0438036287065458	1
QID769	6.650797186676371	1
QID770	4.297457699199792	1
QID771	3.423269710016294	1
QID772	1.0879303976582506	1
QID773	1.2499542350820931	1
QID774	3.7746072236264494	1
QID775	0.3997316435159138	1
QID776	1.7498719715588542	1
Q2685	6.830076454930371	2
QID777	8.246295902099778	2
QID778	8.760414002757926	1
QID779	2.235150530533996	1
QID780	2.5404913852557334	1
QID781	3.0810900786064703	1
QID782	3.597102924434665	1
QID783	1.1419263840066431	1
QID784	5.563370152048585	2
QID785	10.151851059390012	1
QID786	3.2737625024824615	1
QID787	3.773515236363101	2
QID788	1.6520746695176804	1
QID789	5.483609923429338	1
QID790	8.94900753148726	1
QID791	2.392926973361021	1
QID792	0.09184533167236816	1
QID793	3.3003977406155087	1
QID794	1.5521527197175509	2
QID795	4.108955719700827	1
QID796	3.4157462714771727	1
QID797	1.700002577205057	1
QID798	0.7849799216972203	1
QID799	1.4619756568827171	1
QID800	5.711603722226318	1
QID801	4.151139978771024	1
QID802	0.8686230166663784	1
QID803	5.844057675565165	1
QID804	4.278453525731453	1
QID805	4.730348866222358	1
QID806	3.6363964306782393	1
QID807	7.772123166777193	1
QID808	0.0975915908891943	1
QID809	2.5897811115909293	2
QID810	2.8784843051831004	1
QID811	1.8221176364196383	1
QID812	3.9222211507420575	1
QID813	6.597972791043775	1
QID814	3.2284534137594743	1
QID815	1.103262908048656	1
QID816	2.820279242480808	1
QID817	7.225094007967947	3
QID818	0.7242099506841375	1
QID819	3.690687169038788	1
QID820	10.298375873636903	1
QID821	7.5766314622262945	1
QID822	0.21214480012870135	1
QID823	0.5131449554698604	1
QID824	3.3483807542608828	1
QID825	0.5065939551176394	1
QID826	7.866015207159585	1
QID827	0.24384843254330996	1
Q2686	0.3029769758010071	2
QID828	8.112623841479119	2
QID829	2.3517541993698465	1
QID830	9.189034616640988	1
QID831	1.9039255779117867	1
QID832	2.6407408661485117	1
QID833	2.889178864800713	1
QID834	0.04556615261294482	1
QID835	2.615711296682499	1
QID836	4.375875584600732	1
QID837	1.0444198809416048	1
QID838	0.3214565485325037	1
QID839	4.368655411800182	2
QID840	2.2773144352447763	1
QID841	2.554666851321556	1
QID842	6.136787382320742	1
QID843	0.11683442714365368	1
QID844	7.884901807722143	1
QID845	5.7014990347303245	1
QID846	1.1560474115857182	1
QID847	9.319436230617873	1
QID848	5.71840985971897	1
QID849	0.22864521919264924	1
QID850	2.5467539388326337	1
QID851	3.464759883099941	2
QID852	2.792276399436904	1
QID853	5.369088655772741	1
QID854	1.2381263348716776	1
QID855	5.0561569345646005	1
QID856	0.010727990359679413	1
QID857	1.9477755633561304	1
QID858	2.8582638379003433	1
QID859	0.4967643005048879	1
QID860	6.071133367688537	2
QID861	3.562016402662373	2
QID862	3.380590381688753	2
QID863	1.2883249938910246	1
QID864	5.815173247881105	1
QID865	5.798552784049068	1
QID866	4.18561795502469	1
QID867	5.033460749916081	1
QID868	1.7892044334640531	1
QID869	2.543584310200436	1
QID870	1.8638067335750816	1
QID871	4.474622249072695	1
QID872	3.6653767688250953	1
QID873	2.332496978459333	1
QID874	2.604798369270404	1
QID875	5.71788466050954	1
QID876	2.034671562567958	1
QID877	5.0188397380721135	2
QID878	2.9652264475638868	1
QID879	5.296532901971924	1
QID880	5.709181851762504	1
QID881	0.40209748369166537	1
QID882	4.393502378311354	1
QID883	4.988600556108084	1
QID884	5.914531769694215	1
QID885	4.680721149904487	2
QID886	3.7690705375061024	1
QID887	1.440891816332083	1
QID888	5.590924625305654	1
QID889	1.935712184375722	1
QID890	2.9135445839655847	1
QID891	2.6629179011280764	1
QID892	9.02999452428201	1
QID893	12.998146978515015	2
QID894	7.180267601125539	1
QID895	1.2461798057348932	1
QID896	4.0652903671040175	2
QID897	1.8366057980322992	1
QID898	4.466860409835517	1
QID899	2.4999286039937294	1
QID900	1.3893669487808786	1
QID901	0.05554717241697876	1
QID902	5.958133857735077	2
QID903	12.559924374830356	2
QID904	5.8643503729973245	2
QID905	4.551671066355499	2
QID906	1.7459383396160797	1
QID907	0.6085316372230952	1
QID908	6.891511137344757	1
QID909	4.788914770471688	3
QID910	4.4903937952606885	1
QID911	4.1713293382574665	1
QID912	0.5357601330672775	1
QID913	1.0211344447013833	1
QID914	1.9205627430892456	1
QID915	0.06663180928671522	1
QID916	0.32781219508597753	1
QID917	2.5443879932046585	1
QID918	1.5480325045088896	1
QID919	1.7583931148278145	2
QID920	6.276137454961847	1
QID921	0.4057146840929401	1
QID922	5.088441518661077	1
QID923	1.6701705673360696	1
QID924	3.157455926188061	1
QID925	0.07809033049573587	1
QID926	0.0048778548012739075	1
QID927	1.4958904885855118	2
QID928	2.9254286032094803	1
QID929	1.0785369273487595	1
QID2687	1.0785369273487595	1
QID929	1.0785369273487595	1
QID2687	1.0785369273487595	1
QID930	6.677054564608588	1
QID931	9.186898169602966	2
QID932	6.119084280814705	1
QID933	0.3468063311328629	1
QID934	9.007403409047289	1
QID935	0.8710488607661372	1
QID936	1.926828956132958	1
QID937	0.3920642310434527	2
QID938	3.3482114032568204	1
QID939	2.3291530954032007	1
QID940	0.1761096802793227	1
QID941	2.5752713400453198	1
QID942	0.24974516499396135	1
QID943	8.148754494801272	1
QID944	2.409209318284463	1
QID945	7.488846273103269	1
QID946	5.521720950941484	1
QID947	0.9847581585996048	1
QID948	8.981304211333661	1
QID949	1.240431586154324	1
QID950	0.09621946797470536	1
QID951	1.5922977796288336	1
QID952	1.5752006133481915	1
QID953	1.363533114516261	1
QID954	1.1802285404125232	1
QID955	1.7258635749061522	2
QID956	4.835457467801644	1
QID957	2.018361679770873	2
QID958	0.31515454245167185	1
QID959	1.3371983069980975	1
QID960	2.112188488882556	1
QID961	0.2058153093928457	1
QID962	1.3607705953057159	1
QID963	1.755039414609182	1
QID964	0.2743436697766881	1
QID965	6.844891234384067	1
QID966	0.2146468816573774	1
QID967	0.9312843968025204	1
QID968	0.538317111180292	2
QID969	2.2841199816230127	1
QID970	2.4970608807645647	1
QID971	3.3610000799877247	1
QID972	6.465992158129482	1
QID973	0.2397978446338176	1
QID974	0.04987109755359732	1
QID975	7.244462520215786	1
QID976	0.7246957741255335	1
QID977	1.5438433022623632	1
QID978	10.36500547971393	2
QID979	8.813038114652041	2
QID980	12.334059335223209	2
QID981	0.8033969530944249	1
QID982	3.638830840005869	1
QID983	0.0683727115966034	1
QID984	3.8317097597182417	1
QID985	1.4938829557063389	1
QID986	0.002419809745883773	1
QID987	6.475476037407367	2
QID988	4.458534095866705	1
QID989	2.8201942881265034	1
QID990	0.5342309249775943	1
QID991	13.57454650991674	2
QID992	2.9328720545839886	1
QID993	5.86859889045904	1
QID994	1.7909942151441076	1
QID995	3.3555751218071115	2
QID996	3.4080275813145997	1
QID997	12.12547845346494	1
QID998	3.8581610989333024	2
QID999	1.824295917695824	1
QID1000	1.8165051366509075	1
QID1001	2.5932729335804816	1
QID1002	0.18554417791702185	1
QID1003	1.287331643598275	1
QID1004	6.221337113628246	1
QID1005	0.005816704914702346	1
QID1006	0.3034793673674942	2
QID1007	9.365967476547588	2
QID1008	8.832087083231032	1
QID1009	3.2232669494662187	1
QID1010	2.0553191252908145	1
QID1011	3.22444482267421	1
QID1012	0.7795028741524835	1
QID1013	0.9114134296933344	1
QID1014	2.4170535081147198	1
QID1015	2.7288554740196984	1
QID1016	4.712236450106252	1
QID1017	0.35161413427970806	1
QID1018	2.8380957997465197	1
QID1019	3.155035912581029	1
QID1020	5.11635117417584	2
QID1021	0.9615478324263425	2
QID1022	0.4044261185012222	1
QID1023	0.13415287881866558	1
QID1024	2.232658850600874	1
QID1025	0.3673917659988741	1
Q2688	0.8098223896490228	2
QID1026	8.994906635116283	1
QID1027	1.442191562687105	1
QID1028	4.948707405597379	1
QID1029	4.9994020229981695	2
QID1030	1.3111191829686557	1
QID1031	1.157225173573304	1
QID1032	8.528483872110138	1
QID1033	1.6569670703475594	1
QID1034	3.2123278865652187	1
QID1035	3.0646395268406135	1
QID1036	0.7781231507174651	1
QID1037	8.15741867803259	2
QID1038	6.330288328256361	1
QID1039	5.265855816049354	1
QID1040	0.2877366467034598	1
QID1041	3.3944814046572365	2
QID1042	3.1161230020592474	1
QID1043	0.5571046182465801	1
QID1044	1.7185155106170311	1
QID1045	8.12919022564815	2
QID1046	1.6709729836345402	2
QID1047	10.645303651167497	1
QID1048	3.5093684552062805	1
QID1049	8.478948255093298	3
QID1050	2.131878600490968	2
QID1051	4.335254960555513	1
QID1052	1.08031345012603	1
QID1053	1.0638173141554457	1
QID1054	4.346689848516058	1
QID1055	1.0072953712406234	1
QID1056	1.7444325498928337	2
QID1057	4.057435938243846	1
QID1058	4.261552176166799	1
QID1059	1.4572490774928504	1
QID1060	1.303190877587837	1
QID1061	2.788421298404833	1
QID1062	0.6654828538859974	1
QID1063	1.762424215584344	1
QID1064	7.580952203945587	1
QID1065	4.742984568942459	1
QID1066	3.002159148781013	2
QID1067	8.590959633187357	1
QID1068	0.1046859260447858	1
QID1069	2.2621260777497625	2
QID1070	1.062458048047515	1
QID1071	1.7068720559921615	1
QID1072	0.9285169399563478	1
QID1073	4.207832994978683	2
QID1074	2.9076028874639976	2
QID1075	11.706273968553624	2
QID1076	0.9753803693599671	1
QID1077	5.478521265696752	1
QID1078	0.008583642060040473	1
QID1079	4.570735349787241	1
QID1080	0.09536561785583787	1
QID1081	1.3433270817430694	1
QID1082	10.754863721044627	1
QID1083	3.1956862178311805	1
QID1084	6.9451178586836395	1
QID1085	10.783662950786256	2
QID1086	5.973858927713243	1
QID1087	1.8409719808211762	1
QID1088	6.028296789678844	1
QID1089	1.0215351311242908	1
QID1090	0.4683213099981746	1
QID1091	4.427774776897201	1
QID1092	3.803791657346488	2
QID1093	2.4655005161657715	1
QID1094	5.909782236409459	1
QID1095	1.7809134306496055	1
QID1096	2.94329919327092	1
QID1097	3.536835317057815	1
QID1098	0.08328972730611102	1
QID1099	4.8004193723231126	1
QID1100	4.953538015304504	1
QID1101	4.156295357686904	1
QID1102	0.2170130793059941	1
QID1103	5.160147062147829	2
QID1104	1.4760192029737345	1
QID1105	1.1861903950058603	1
QID1106	1.8804521700532617	1
QID1107	7.250567937490086	1
QID1108	1.4320094661329292	1
QID1109	0.8039388230537198	1
QID1110	3.3249880859215013	1
QID1111	4.40443198889799	1
QID1112	3.657079323703001	1
QID1113	0.9051429979967262	1
QID1114	6.454961249975718	1
QID1115	2.8233053307677265	1
QID1116	2.5876789863908973	1
QID1117	2.2596222363510603	1
QID1118	0.3776241814031482	1
QID1119	1.2938832842039614	1
QID1120	2.6720573660744003	1
QID1121	0.7392175421176284	2
QID1122	3.174503773472265	1
QID1123	12.964961064620304	1
QID1124	7.91207185829836	1
QID1125	0.6849758859185701	1
QID1126	0.4083514130823062	1
QID1127	5.49178630440055	2
QID1128	3.201622043246335	1
QID1129	6.616813807162428	1
QID1130	2.6112446936480516	1
QID1131	11.64781585758834	2
QID1132	3.611011897542016	2
QID1133	5.663106540863332	1
QID1134	7.462145398951372	1
QID1135	11.261488951501038	1
QID1136	4.451169002202456	1
QID1137	1.471315454326808	1
QID1138	5.136719953888012	1
QID1139	0.9780484855877462	1
QID1140	1.4002492695193771	1
QID1141	1.5753923603931312	1
QID1142	5.133922943119562	3
QID1143	1.1919029057134458	1
QID1144	0.25905575673082115	1
QID1145	1.9403300302490285	1
QID1146	7.456960788746041	2
QID1147	4.229348272343619	3
QID1148	2.776131739937268	1
QID1149	7.605860660798287	1
QID1150	5.866655482185293	1
QID1151	8.936674249483486	3
QID1152	1.0317947853436018	1
QID1153	2.4684991539981853	1
QID1154	9.039522106602949	1
QID1155	0.5995623622191276	1
QID1156	11.477142570454971	2
QID1157	2.5166233088429206	1
QID1158	4.033177500555365	1
QID1159	3.1169918764380253	1
QID1160	1.4661633796007318	1
QID1161	2.6356535138649355	1
QID1162	5.122360328188948	1
QID1163	1.4689766635645	1
QID1164	6.150778958056807	1
QID1165	0.9568214378354988	1
QID1166	0.061772878832999686	1
QID1167	10.440920590688076	1
QID1168	4.961567227677988	2
QID1169	2.9459787532021386	1
QID1170	11.06845545167075	1
QID1171	3.959156249234976	1
QID1172	6.013335258934543	1
QID1173	1.1747206789548839	1
QID1174	0.2478214926575532	1
QID1175	6.548864991620874	1
QID1176	5.966236070259183	1
QID1177	5.171233553403778	1
QID1178	1.7876172408936457	1
QID1179	0.03666507673231265	1
QID1180	8.488394424576178	1
QID1181	3.3899178824439784	1
QID1182	2.729635572357332	1
QID1183	0.4912207108610101	2
QID1184	1.3785579114532265	1
QID1185	12.667743767257376	1
QID1186	5.269552925327163	1
QID1187	7.10582525357587	1
QID1188	3.724789300408093	1
QID1189	3.9620597721654187	1
QID1190	0.38996885667069897	1
QID1191	5.268457710556341	1
QID1192	2.6332104766624598	1
QID1193	2.366840137771185	1
QID1194	10.262756796197783	1
QID1195	7.7945735655180295	1
QID1196	0.9275140543443378	1
QID1197	1.2869941422652946	1
QID1198	10.640852935150317	1
QID1199	3.4677448610056003	2
QID1200	2.3844398670868974	1
QID1201	0.5665712919082415	1
QID1202	5.240740922946129	1
QID1203	1.663083566705489	1
QID1204	4.258234866084447	1
QID1205	2.6420791143809046	1
QID1206	4.6764282120818566	1
QID1207	4.7979551107392	1
QID1208	1.5543625858100751	1
QID1209	0.28970783338844114	1
QID1210	6.528192320067504	1
QID1211	1.9292550798590573	1
QID1212	2.7561823811844373	2
QID1213	7.396044569007956	1
QID1214	0.46854065232055503	1
QID1215	0.7776239320478623	2
QID1216	3.957566780883032	1
QID1217	2.367949060267212	1
QID1218	2.1747952622707385	1
QID1219	15.676180460440998	1
QID1220	4.761780534065986	1
QID1221	2.5961821438369865	1
QID1222	6.20348730162786	1
QID1223	0.7776177140254922	1
QID1224	6.399315830130599	1
QID1225	1.6487067012733898	1
QID1226	5.75610851598046	1
QID1227	2.559171812889028	1
QID1228	1.973683178636933	1
QID1229	2.6398090342370018	1
QID1230	3.6645408157154393	1
QID1231	1.025238673173767	1
QID1232	4.111818361598475	1
QID1233	4.9212471637096895	1
QID1234	1.281818016077596	1
QID1235	1.157681808669364	1
QID1236	1.8670363796489633	1
QID1237	0.09120854118957654	1
QID1238	0.9670307261283996	2
QID1239	2.746857484213756	1
QID1240	1.4655693222293826	1
QID1241	3.0559355022567387	1
QID1242	1.2528527365019442	1
QID1243	3.1945338648711856	1
QID1244	7.068085709909553	1
QID1245	5.2313476268164125	1
QID1246	1.5152350119731923	1
QID1247	1.8303347971366417	1
QID1248	0.9713520596612852	1
QID1249	10.149818132001952	1
QID1250	3.7499006856610815	1
QID1251	2.691261826856842	1
QID1252	0.004765296478922035	1
QID1253	0.016385913065202592	2
QID1254	0.016137805108171043	1
QID1255	1.470243852954501	1
QID1256	6.195220516343763	1
QID1257	4.871694403672932	2
QID1258	4.738180996505117	1
QID1259	0.3167189721835664	1
QID1260	1.3322027224712811	1
QID1261	0.16388070806273902	2
Q2689	0.1464220366266882	2
QID1262	11.941606172833504	2
QID1263	6.7673967757977	1
QID1264	1.0560303792518717	1
QID1265	4.82121472690099	1
QID1266	11.44893764593713	4
QID1267	9.393660566768563	1
QID1268	0.8123307592762037	1
QID1269	2.6731212229145007	1
QID1270	1.5237110835772054	2
QID1271	3.66746023967662	1
QID1272	0.9652854784984676	1
QID1273	13.383392437778454	1
QID1274	0.13918843966738473	1
QID1275	3.5808872009870045	1
QID1276	2.714192833197881	1
QID1277	4.006617378352663	1
QID1278	1.5198654367546316	1
QID1279	5.915763454376164	1
QID1280	6.750784446772339	1
QID1281	2.511807819251937	1
QID1282	3.2718203005312123	1
QID1283	2.9517822901605544	1
QID1284	0.5124480308886578	1
QID1285	3.542933239107725	2
QID1286	9.328514312576068	2
QID1287	13.368136932970247	2
QID1288	0.3268015685774607	1
QID1289	2.637097469556801	1
QID1290	11.299321518180394	3
QID1291	1.6810181599607494	1
QID1292	7.150976112174287	1
QID1293	4.087351540599136	1
QID1294	5.142128332741113	1
QID1295	4.3175388873106115	2
QID1296	2.809930773227514	1
QID1297	1.6476463536538313	1
QID1298	1.7399429101760184	1
QID1299	3.1729565633645658	1
QID1300	2.6191589872779413	1
QID1301	3.674736523067368	2
QID1302	0.6869268514860646	1
QID1303	6.165534830845523	1
QID1304	5.565754354062936	1
QID1305	3.472480522777043	2
QID1306	3.500117546024444	1
QID1307	1.7700386597121478	1
Q2690	2.0607747466496216	2
QID1308	5.852716529163791	1
QID1309	10.119496866793225	1
QID1310	5.419513185042899	1
QID1311	0.0975973425593808	1
QID1312	0.4487458432649972	1
QID1313	3.979631688870485	1
QID1314	1.2667085373994011	1
QID1315	1.4036744449548657	1
QID1316	10.086156085535656	2
QID1317	12.169144884575088	1
QID1318	6.901878843330564	1
QID1319	1.7108711196057234	1
QID1320	3.2763699574418874	1
QID1321	7.49764077293233	1
QID1322	4.120234269122103	1
QID1323	3.2579264099090923	1
QID1324	0.6410942389940115	1
QID1325	1.8025419584975202	1
QID1326	4.305677116240937	1
QID1327	0.18588418352750424	1
QID1328	4.374747242572548	2
QID1329	2.065058644969593	1
QID1330	8.565376098777836	1
QID1331	2.7615775526012416	1
QID1332	8.947910722968823	3
QID1333	4.239850212673127	1
QID1334	2.0783553462583693	1
QID1335	4.784101988735139	1
QID1336	0.050534028048090984	1
QID1337	9.249632181689774	1
QID1338	0.3879025550938869	1
QID1339	6.372315645691093	1
QID1340	0.3130769696798265	1
QID1341	2.6055217725342783	1
QID1342	2.051894768585888	1
QID1343	3.194632012150398	1
QID1344	0.5531496182668657	1
QID1345	2.690548375934967	1
QID1346	0.4923955203538223	1
QID1347	5.966111868131115	1
QID1348	20.22557811922791	5
QID1349	0.5694535232301137	1
QID1350	9.678195636947716	2
QID1351	8.19101900707404	2
QID1352	0.19171403896109268	2
QID1353	9.057571451172052	2
QID1354	1.4614676939441966	1
QID1355	5.948934695706446	1
QID1356	1.305158815258616	1
QID1357	8.958629878206194	2
QID1358	0.8203465173613915	1
QID1359	0.5289081740222017	1
QID1360	6.947399422963428	1
QID1361	2.227657652591424	1
QID1362	10.842512168778924	1
QID1363	4.336305176744082	2
QID1364	3.820533636202159	1
QID1365	3.279629497016852	1
QID1366	15.096132881598818	2
QID1367	1.9393988907940816	1
QID1368	2.372186206852603	1
QID1369	4.6486822024172785	1
QID1370	0.8159110159776659	1
QID1371	0.5196934421660167	2
QID1372	4.289230015394465	1
QID1373	1.4461069995270608	1
QID1374	3.6670235757456986	1
QID1375	3.2511328728423923	1
QID1376	2.049897002992979	1
QID1377	3.577862874781766	1
QID1378	1.892445634450292	1
QID1379	5.855164323240526	1
QID1380	6.119422581211236	1
QID1381	1.3899800884693991	1
QID1382	4.863954679921876	1
QID1383	2.2143152300022395	1
QID1384	0.453146746949989	1
QID1385	5.748995467937415	1
QID1386	3.0169707920205915	1
QID1387	2.0668288158535866	1
QID1388	0.054871188851625126	1
QID1389	2.089185829310252	1
QID1390	4.056949670494828	1
QID1391	1.7376280849386394	1
QID1392	1.4523412016937087	2
QID1393	4.375271916787511	1
QID1394	2.8717877091242587	1
QID1395	4.223523559643768	2
QID1396	2.0261704473923507	1
QID1397	0.3896279548473688	2
QID1398	6.769242270768078	1
QID1399	4.549247129242037	1
QID1400	5.656228008115889	1
QID1401	2.529280550551479	1
QID1402	2.1533838360878192	1
QID1403	2.2886305120421757	1
QID1404	3.7782035047999782	1
QID1405	6.7118452970356115	1
QID1406	2.1936408039975093	1
QID1407	3.154395655846913	1
QID1408	6.798610135420625	1
QID1409	0.2893020735361063	1
QID1410	5.219111818407053	1
QID1411	3.412056340146306	2
QID1412	3.940537579159488	1
QID1413	0.3263746203190216	1
QID1414	6.05411863313986	2
QID1415	5.456919512288042	2
QID1416	1.607086930853136	1
QID1417	6.1895045355452725	2
QID1418	1.8887955194233463	1
QID1419	0.22306436711565805	1
QID1420	3.5868529861451512	1
QID1421	1.2387613677083675	1
QID1422	10.826452204314757	1
QID1423	5.242575433259511	1
QID1424	1.1237035649566975	1
QID1425	2.1761809249437287	1
QID1426	0.9239149455725608	1
QID1427	0.4273144675771763	1
QID1428	5.334313797651089	1
QID1429	2.239710689563005	1
QID1430	0.2667726940202327	1
QID1431	4.5173476955807	1
QID1432	2.7268258364145925	1
QID1433	0.31691857080328506	1
QID1434	2.4010042505087066	1
QID1435	1.7366636266222004	1
QID1436	7.93168154470733	1
QID1437	6.3767488568671205	1
QID1438	0.2357346724750589	1
QID1439	1.6532410411399794	1
QID1440	0.4880403908284449	1
QID1441	0.1330287565189217	1
Q2691	0.3907153537768144	2
QID1442	9.337761513822256	1
QID1443	6.619784666682071	1
QID1444	3.4926644613448703	1
QID1445	6.553415558767044	1
QID1446	0.7423593685901739	2
QID1447	4.74569045023143	1
QID1448	9.964850296652553	1
QID1449	2.5214294395188657	1
QID1450	7.630260032325343	1
QID1451	1.1275725419430742	1
QID1452	5.581961954620769	1
QID1453	0.7463213909846819	1
QID1454	2.0719485386156697	1
QID1455	1.0288947475989254	1
QID1456	0.00404645168762129	1
QID1457	8.277438606961063	1
QID1458	2.995774169513724	1
QID1459	1.3890786685838132	2
QID1460	3.7875944962410015	4
QID1461	0.4938805109336634	1
QID1462	3.4885351774082918	3
QID1463	4.40926107480756	1
QID1464	0.8765048664617856	1
QID1465	3.5763322124577552	1
QID1466	3.664960799416268	1
QID1467	3.4789721015414234	1
QID1468	3.02246200492432	2
QID1469	1.6714894803574762	1
QID1470	3.8383233109064085	1
QID1471	7.51587369922635	1
QID1472	0.9880072018793375	1
QID1473	5.034999724789307	1
QID1474	0.07569338993379816	1
QID1475	3.3891048995541344	1
QID1476	4.160729450138546	1
QID1477	3.8777728109882337	2
QID1478	0.8397202883149754	1
QID1479	7.502480056343299	1
QID1480	2.4877739665431773	1
QID1481	0.9267956935050452	1
QID1482	8.934418951696617	1
QID1483	3.5305583722792284	1
QID1484	6.282402278644322	1
QID1485	1.0167867440964875	2
QID1486	1.1436547788281741	1
QID1487	4.750149448528657	1
QID1488	2.774929728774925	1
QID1489	5.111940599123722	1
QID1490	4.747726982560713	1
QID1491	5.1896141377701595	1
QID1492	2.5446137705468006	1
QID1493	2.9160032131354328	1
QID1494	3.2519007380332097	1
QID1495	1.0592095549341478	2
QID1496	3.403897324900488	1
QID1497	4.4251119721622665	1
QID1498	1.772033220715164	2
QID1499	2.4901402876411303	1
QID1500	0.3764425610226143	1
QID1501	3.9212427864354895	1
QID1502	0.08252786954311403	1
QID1503	1.2276268808503872	2
QID1504	3.7212881268143776	1
QID1505	1.2853984863017378	1
QID1506	1.2888401135462888	1
QID1507	7.261978257183242	1
QID1508	4.578111057126497	1
QID1509	3.088179503569821	1
QID1510	1.2535870386276324	1
QID1511	0.25048843795430586	1
QID1512	0.16802301772262682	1
QID1513	2.8073919651112944	1
QID1514	3.843101176522166	1
QID1515	7.712076824358804	1
QID1516	0.00839922181037239	1
QID1517	1.7204832686344456	1
QID1518	8.26439358782627	1
QID1519	2.3790362477703693	1
QID1520	4.6139764225397615	3
QID1521	0.004826747486938994	1
QID1522	2.7630239742887346	1
QID1523	2.9337526039321817	1
QID1524	5.2811548583008365	1
QID1525	0.5025521659433344	1
QID1526	1.360813758854679	1
QID1527	0.20297856886501586	1
QID1528	0.7116091253082397	2
QID1529	7.925192467801748	1
QID1530	2.2375873093096192	1
QID1531	7.656798733124527	1
QID1532	0.8474424866944107	1
QID1533	1.7280389662182838	1
QID1534	5.655644980985255	1
QID1535	1.3540080161438923	1
QID1536	1.2834975399410968	2
QID1537	4.787162635657523	1
QID1538	5.722252593994174	1
QID1539	0.8304502998264537	1
QID1540	7.816204418479786	1
QID1541	1.7096415317032614	1
QID1542	1.1417290328508252	1
QID1543	5.594880480212964	1
QID1544	5.468306515794281	1
QID1545	0.5007255172950584	1
QID1546	2.403046842189179	1
QID1547	0.4964955891026701	1
QID1548	1.0987319216793994	1
QID1549	2.1224334669286717	2
QID1550	4.298450916940535	1
QID1551	6.338094840824822	1
QID1552	2.9573876427893837	1
QID1553	1.9484191718026624	1
QID1554	2.3603466382693075	1
QID1555	2.6468469457428125	1
QID1556	4.8057610435322715	2
QID1557	0.07925707683415179	1
QID1558	3.5373572863189398	2
QID1559	3.5033741220133137	1
QID1560	1.6411707471160135	1
QID1561	5.643238749706977	1
QID1562	0.65639384693637	1
QID1563	4.943932080387288	2
QID1564	4.1475598616929314	1
QID1565	3.471510311250652	1
QID1566	0.03980378434804629	1
QID1567	2.3822650232395497	1
QID1568	0.8458545059519545	1
QID1569	0.5779414796873911	1
QID1570	1.752369704916546	1
Q2692	6.329315230191701	2
QID1571	8.913471755762801	1
QID1572	15.331825194610847	2
QID1573	9.768985385923088	2
QID1574	7.594741279285658	3
QID1575	2.5598574982890088	1
QID1576	4.68697040124134	1
QID1577	2.3376462194385765	1
QID1578	0.5549153104764103	1
QID1579	2.0453727661698418	1
QID1580	1.9017181181257767	1
QID1581	0.9366927964640696	1
QID1582	0.07838012814693948	1
QID1583	0.5289125054096739	1
QID1584	1.1884405583981974	1
QID1585	2.2061031502273605	1
QID1586	0.38290997855917375	1
QID1587	7.3902395761592725	1
QID1588	0.007860829760803873	1
QID1589	0.0045671350604242185	1
QID1590	3.0116418878231133	1
QID1591	14.659293131167367	3
QID1592	4.730104689309344	1
QID1593	7.779008829924409	3
QID1594	2.5585797106171793	2
QID1595	1.149539830000257	1
QID1596	5.32359718976526	1
QID1597	5.538903910271572	3
QID1598	1.4936612393851805	1
QID1599	7.0322864316489975	1
QID1600	1.3698576748092015	1
QID1601	2.6366041237197315	1
QID1602	2.167487348787825	1
QID1603	0.7282911409920563	1
QID1604	1.044418170969598	1
QID1605	0.8024965808090865	1
QID1606	0.07674468581765978	1
QID1607	0.0027712938137837827	1
QID1608	1.998780044579064	1
QID1609	2.260738523505108	1
QID1610	3.5461279390628535	1
QID1611	0.8470354781267027	1
Q2693	14.179434202658118	2
QID1612	12.641214968984508	2
QID1613	2.73319642342105	1
QID1614	9.6467569632814	3
QID1615	3.602028981889051	1
QID1616	5.9113077733055315	1
QID1617	0.05424511240938156	1
QID1618	0.030902061896331517	1
QID1619	4.112478682843759	1
QID1620	4.446605696937424	2
QID1621	4.9167187000001125	2
QID1622	0.5049199150744116	1
QID1623	3.0662690351873803	1
QID1624	0.9883091008944652	1
QID1625	1.9511783231064703	1
QID1626	3.4877093847978435	1
QID1627	3.855056398628217	3
QID1628	7.599633637617201	2
QID1629	4.225125727963221	1
QID1630	4.756532142019788	1
QID1631	3.3201871176362783	1
QID1632	2.2831766479962536	1
QID1633	0.6362607054816153	2
QID1634	3.4121266580137606	1
QID1635	1.241147162711618	1
QID1636	7.280528930749589	1
QID1637	0.2876746024791109	1
QID1638	4.443903281952164	1
QID1639	0.5297939159432808	1
QID1640	1.0531975230237212	2
QID1641	0.4084603306822997	1
QID1642	3.4325073956823973	2
QID1643	0.5905371329812239	1
QID1644	3.4012528811421068	1
QID1645	4.060268256250868	1
QID1646	0.8333650679428829	1
QID1647	3.3494391670585686	1
QID1648	4.890509019450771	2
QID1649	4.7208157696873005	2
QID1650	0.03414950846908545	2
QID1651	2.2137432260451946	1
QID1652	5.437707421162012	2
Q2694	1.5990450284555682	2
QID1653	4.4233326668061865	3
QID1654	8.011800367103575	1
QID1655	5.04392198501757	1
QID1656	1.716777379939959	1
QID1657	2.509266923932057	1
QID1658	7.31892037583975	2
QID1659	2.148084862512969	1
QID1660	7.30415483087219	1
QID1661	3.6776711343037376	1
QID1662	1.988694964047836	1
QID1663	0.7920857523813802	1
QID1664	2.919399895281697	1
QID1665	0.2552428724849621	1
QID1666	1.008423494839804	1
QID1667	0.008222720588240539	1
QID1668	3.123309924536697	2
QID1669	3.326089288489304	1
QID1670	0.7928777468744815	1
QID1671	0.44954038204792796	1
QID1672	0.25480527751562176	1
QID1673	0.7960897730079047	2
QID1674	6.188699911963158	1
QID1675	0.4691488943717469	2
QID1676	2.2562014940484625	1
QID1677	6.4332896276868405	1
QID1678	6.869754809662787	3
QID1679	3.2103773537041524	1
QID1680	5.3449672541023965	1
QID1681	0.1501655296631641	1
QID1682	1.2686208693330534	2
QID1683	5.574051833948091	2
QID1684	7.8364097056271875	1
QID1685	2.512364429768871	1
QID1686	0.6704615806766789	1
QID1687	2.988658940392328	1
QID1688	3.218788657293128	1
QID1689	4.237972943546675	1
QID1690	1.6500591644146883	1
QID1691	2.640137019926962	1
QID1692	2.4888790418027744	2
QID1693	12.276163973690386	2
QID1694	5.759993949771969	1
QID1695	1.6060643762957598	1
QID1696	8.97485585665907	2
QID1697	4.51558838260459	1
QID1698	0.05938056879430763	1
QID1699	0.4337796633873912	1
QID1700	3.7481506924394847	1
QID1701	0.5712571769023792	1
QID1702	10.03108940386443	3
QID1703	8.738834932019278	3
QID1704	8.211390124451581	1
QID1705	0.17249532360744546	1
QID1706	3.5369818435268905	1
QID1707	2.9467646812634167	1
QID1708	0.5679157011081764	1
QID1709	0.027195159793194208	1
QID1710	9.976883943064422	1
QID1711	4.384530397729948	1
QID1712	1.7919999512626208	1
QID1713	1.7980287251014202	1
QID1714	4.671677947448015	1
QID1715	2.165250962357132	1
QID1716	10.2168818154561	2
QID1717	2.7573583239818134	1
QID1718	1.1605159750817091	1
QID1719	1.3503064613846485	1
QID1720	2.4142216869075006	1
QID1721	5.673877228576125	1
QID1722	9.8930520590695	1
QID1723	0.2712768583012465	1
QID1724	0.8652319635048699	1
QID1725	2.374384954393223	1
QID1726	1.5965861590176065	1
QID1727	2.4192407088226164	1
QID1728	2.471944247117213	2
QID1729	14.389776864860435	2
QID1730	6.623852317302518	1
QID1731	2.3969607543980564	2
Q2695	5.561271196789263	2
QID1732	11.390893848975393	1
QID1733	4.83413753462846	1
QID1734	3.6588513182461067	1
QID1735	3.404591448188253	1
QID1736	0.020146470561527668	1
QID1737	11.861226227353725	2
QID1738	4.900154294765913	1
QID1739	7.3584017180496835	1
QID1740	0.7111572530911712	1
QID1741	0.021960607737187453	1
QID1742	1.6352136832804676	2
QID1743	2.6445122482056718	1
QID1744	8.462756140879668	1
QID1745	2.8496381650518012	1
QID1746	0.5673668281146045	1
QID1747	4.629559454123081	2
QID1748	3.1023069545874438	1
QID1749	1.4374372461495228	1
QID1750	2.142218188196181	1
QID1751	7.129747985539835	1
QID1752	0.06891072570834579	1
QID1753	3.891664726319125	1
QID1754	4.227790910090737	1
QID1756	5.655402891515963	1
QID1757	1.2916834998765567	1
QID1758	5.627750665333236	2
QID1759	2.7592975813287333	1
QID1760	4.813007907433204	1
QID1761	1.1454953847689728	1
QID1762	3.291115685520988	1
QID1763	6.742748817286523	1
QID1764	2.3782312850335248	1
QID1765	4.390358489533284	1
QID1766	0.3160771774404383	1
QID1767	0.09877461153208532	1
QID1768	0.10131787194334316	1
QID1769	8.86166890710034	1
Q2696	0.05443870359144413	1
QID1770	8.57345623888909	1
QID1771	9.829075211305806	1
QID1772	13.62488735763465	1
QID1773	0.5330803139638233	1
QID1774	7.352690597166225	1
QID1775	1.6590830745248544	1
QID1776	2.281610299642727	2
QID1777	1.1777091413252574	1
QID1778	1.7054988725477105	1
QID1779	10.017576526591524	3
QID1780	0.6248182781983092	1
QID1781	1.2600059436392077	1
QID1782	5.806888209765593	2
QID1783	5.655939869775598	1
QID1784	1.5081901404080635	1
QID1785	6.086729571563346	1
QID1786	0.007465221482748674	1
QID1787	9.30223346918003	1
QID1788	1.3861662952675258	1
QID1789	0.7552259627279242	1
QID1790	3.8088719211140765	1
QID1791	2.2662352155997665	1
QID1792	1.4535902109105492	1
QID1793	8.993782767908929	1
QID1794	0.30966331129040203	1
QID1795	0.3699604245608937	1
QID1796	1.1331964857065155	1
QID1797	0.8551687095865643	1
QID1798	7.490675810858747	1
QID1799	7.437147925526812	1
QID1800	1.4805140393794656	1
QID1801	1.4787137590714723	1
QID1802	4.816189429073726	1
QID1803	2.971547980705773	1
QID1804	0.3699150157986204	1
QID1805	0.010564180306308424	1
QID1806	0.13409316992031806	1
QID1807	0.8206757655166392	2
QID1808	5.3979285897600615	1
QID1809	4.704538463942344	1
QID1810	6.788749554447438	1
QID1811	3.078983042095795	1
QID1812	0.5327541490334451	1
QID1813	2.8449860967896927	1
QID1814	0.028878488168685382	1
QID1815	2.0566484697980227	1
QID1816	8.936602225095077	1
QID1817	10.422984606157122	1
QID1818	5.489090865543458	1
QID1819	2.9728618295927722	1
QID1820	13.640307193258073	1
QID1821	2.499511452760992	1
QID1822	3.90915259579148	1
QID1823	0.5982801939217427	1
QID1824	3.327388408788829	2
QID1825	2.245848349278309	1
QID1826	2.2918745178833464	1
QID1827	3.672186638681674	1
QID1828	2.0299898641800143	1
QID1829	0.5298637319284116	1
QID1830	0.003254319573708852	1
QID1831	4.117056864203928	1
QID1832	0.5135825322860971	1
QID1833	6.894640400154742	1
QID1834	3.9412693133321888	1
QID1835	1.2208457834345	1
QID1836	1.1255206258344732	1
QID1837	3.572435041310273	1
QID1838	4.0350227029585	1
QID1839	0.012147077773766302	1
QID1840	2.7819528623314564	1
QID1841	1.2672781914208264	2
QID1842	1.0981833460928718	1
QID1843	9.452315904143292	1
QID1844	3.2089422114894672	1
QID1845	1.1348805999280918	1
QID1846	3.2885122980309176	2
QID1847	3.5988701653941386	1
QID1848	4.72513440723882	1
QID1849	9.889817948016306	1
QID1850	3.885104017516535	1
QID1851	4.059032191955697	1
QID1852	3.079738973702069	1
QID1853	5.842057272517935	1
QID1854	1.1793709578081408	1
QID1855	3.3783049640674983	1
QID1856	1.474254803473984	1
QID1857	0.5105866424666413	1
QID1858	1.4677143784348308	1
QID1859	9.55833305826588	2
QID1860	0.5094602011715691	1
QID1861	3.0866933728074764	1
QID1862	10.074838042756712	1
QID1863	4.053515581615697	1
QID1864	6.45274661117984	2
QID1865	2.949428915926265	1
QID1866	2.8740433761297863	1
QID1867	3.151178397863084	1
QID1868	3.0799039549584912	1
QID1869	2.200538794568529	2
QID1870	7.965792990762331	1
QID1871	3.25189881188754	1
QID1872	11.365696973006004	2
QID1873	5.275648455185132	1
QID1874	0.2727238964350278	1
QID1875	5.314489789073884	1
QID1876	2.4873454138228692	2
QID1877	2.3207618651658644	1
QID1878	0.5335655088726653	2
QID1879	3.533485988760213	1
QID1880	2.7932153167287983	1
QID1881	2.408810685957945	1
QID1882	2.5946199101395213	2
QID1883	3.939399851641197	1
QID1884	2.8676723921188016	2
QID1885	2.480878209734575	1
QID1886	2.126920605628064	2
QID1887	2.456075527617415	1
QID1888	5.370360302759756	1
QID1889	1.5352152701709605	1
QID1890	6.820956028674459	1
QID1891	0.06251337486467815	1
QID1892	0.6831061409541668	1
QID1893	7.434616455886951	2
QID1894	0.03333404802749336	1
QID1895	2.3498913854905186	1
QID1896	0.012040926864486856	1
QID1897	4.495178315503235	1
QID1898	2.5155962545964665	1
QID1899	7.3428461218382814	1
QID1900	0.007392067650725278	1
QID1901	4.669483162809245	1
QID1902	1.3380663893316225	1
QID1903	1.5731730730539877	1
QID1904	0.742721895492877	1
QID1905	1.5563640405486892	1
QID1906	0.09748982900379118	1
QID1907	4.338266516720456	1
QID1908	3.7043551605553238	1
QID1909	2.1151918469967117	2
QID1910	2.3721021059819387	1
QID1911	1.4745368864842194	1
QID1912	2.9547326409627708	2
QID1913	0.2487398654077685	1
QID1914	0.8688896173076653	1
QID1915	2.66040891272518	1
QID1916	0.16266852429056378	1
QID1917	3.3467402101327384	1
QID1918	2.597224254150053	1
QID1919	2.0803493358752587	1
QID1920	2.859532690667444	2
QID1921	16.606684962278713	2
QID1922	7.2453977873469855	1
QID1923	4.292672468013783	1
QID1924	3.5163430368302158	1
QID1925	6.127104491237582	2
QID1926	3.2418251239225406	1
QID1927	2.483279868751634	1
QID1928	3.4217093850380325	1
QID1929	3.3579409992906064	2
QID1930	1.2159053465307241	1
QID1931	1.5179163139218077	2
QID1932	8.490668141394638	1
QID1933	0.6269523850694465	1
QID1934	3.3076958298402834	1
QID1935	6.217590240817465	1
QID1936	9.867518536476586	1
QID1937	6.488925149807497	1
QID1938	5.412621965426734	1
QID1939	3.95802058950604	1
QID1940	0.6355496780589559	1
QID1941	1.8764937741213048	1
QID1942	0.8098628069556514	2
QID1943	2.9782626405980546	1
QID1944	1.0328113534059624	1
QID1945	1.7990994416294992	1
QID1946	9.485944537504544	2
QID1947	1.5282385885557326	1
QID1948	0.7872634637620891	1
QID1949	1.1758001348049498	1
QID1950	7.297283329966341	1
QID1951	1.8200488747104056	1
QID1952	0.10686273079584176	1
QID1953	0.9544108053656826	1
QID1954	6.259022513540431	1
QID1955	6.4216385541767	1
QID1956	12.819422009865887	3
QID1957	2.457650822840681	1
QID1958	2.7974262342287366	1
QID1959	1.5527529350559854	1
QID1960	5.4231163550574335	1
QID1961	4.279115615742139	1
QID1962	0.7676524774882019	2
QID1963	0.4581283120103152	1
QID1964	1.1093976103232177	1
QID1965	5.988777458558857	1
QID1966	3.1339352448931117	1
QID1967	2.903090157744228	1
QID1968	6.318332992725064	1
QID1969	3.945795698818426	1
QID1970	0.6590352491941266	1
QID1971	3.4437983367860148	1
QID1972	0.4227756977003213	1
QID1973	1.6471867985337665	1
QID1974	0.2944479466005134	1
QID1975	10.657407701136814	3
QID1976	1.3038061611510443	4
QID1977	8.94572622318271	1
QID1978	2.8989213720662277	1
QID1979	0.042992140559600905	1
QID1980	0.014664628476357841	1
QID1981	4.0590225603519015	1
QID1982	13.341012485258734	1
QID1983	1.7795966391381073	1
QID1984	6.566749842579171	1
QID1985	0.186840144014702	1
QID1986	0.7637752882596297	1
QID1987	3.828070315101903	1
QID1988	10.499475068156665	1
QID1989	0.938048331787822	2
QID1990	14.990230070811641	2
QID1991	6.344082632423801	2
QID1992	4.829072710686064	1
QID1993	2.804413060259657	1
QID1994	5.407578882624316	1
QID1995	5.784631877764994	2
QID1996	1.1389299197303593	1
QID1997	1.8735173837943375	1
QID1998	0.037877173514397934	1
QID1999	10.081016822909156	1
QID2000	8.646830941073228	1
QID2001	0.721301091087297	2
QID2002	1.6642561093065036	1
QID2003	6.56639638616207	1
QID2004	6.625989448674551	4
QID2005	3.5211535351438785	1
QID2006	1.1455984938433212	1
QID2007	13.754200349059053	3
QID2008	3.3815733262479166	1
QID2009	0.011241665503125236	1
QID2010	2.3832632494147927	1
QID2011	1.7236112142145388	2
QID2012	4.126176727598997	1
QID2013	1.2841082950307012	1
QID2014	3.829481140179268	2
QID2015	10.339772466295472	1
QID2016	1.2864185237281651	1
QID2017	1.1743138341661823	1
QID2018	6.383907118686372	1
QID2019	1.6392102869048646	1
QID2020	1.5524436761853089	2
QID2021	5.8075656837002185	1
QID2022	4.382126479310202	2
QID2023	5.931229503297415	1
QID2024	6.455260877864758	1
QID2025	3.8044203913222567	1
QID2026	1.892188358223152	1
QID2027	14.339228742433145	2
QID2028	3.0438863293964125	1
QID2029	1.7842752161243418	2
QID2030	7.435932857871069	1
QID2031	1.7498686243976656	1
QID2032	5.541219920564549	1
QID2033	3.0170428845888835	1
QID2034	4.313973519454667	1
QID2035	5.180852622674256	1
QID2036	1.2010568137140012	1
QID2037	5.9271193801745925	1
QID2038	1.0201464699658491	1
QID2039	4.362560501358947	1
QID2040	5.374765817645876	1
QID2041	6.16043440891637	1
QID2042	2.3178566373592826	1
QID2043	1.2731230318095488	1
QID2044	0.14213691874690768	1
QID2045	2.9211920584633986	1
QID2046	3.2438959476138765	1
QID2047	8.434353366045336	2
QID2048	4.9970286551531	2
QID2049	11.557590536143296	1
QID2050	7.202401352795461	1
QID2051	1.5688494190685027	1
QID2052	1.5082971980977165	1
QID2053	0.9465171586217164	1
QID2054	1.2883040018309009	1
QID2055	0.3056134448073661	1
QID2056	0.2230913265765515	1
QID2057	3.79978956772514	1
QID2058	2.036773883478641	1
QID2059	6.83062579400379	2
QID2060	1.6396738554178087	1
QID2061	1.0039869725395776	1
QID2062	2.9642058459711595	1
QID2063	4.982119402799885	1
QID2064	0.6024635537381039	1
QID2065	1.215593273439072	1
QID2066	1.9401819210078108	2
QID2067	2.8139310001968325	1
QID2068	2.362556987399451	1
QID2069	1.283874079833592	2
QID2070	4.99631400215386	1
QID2071	3.9290287967825894	1
QID2072	1.9753145854532983	1
QID2073	5.040644710253583	1
QID2074	1.1163473437151399	1
QID2075	1.276418200611101	1
QID2076	6.600023407515109	1
QID2077	0.7834770069837991	1
QID2078	5.578470460876533	1
QID2079	0.0806746323532276	1
QID2080	4.513855434527173	1
QID2081	2.359240761237195	1
QID2082	0.5611753031650714	1
QID2083	0.3011346612503789	1
QID2084	5.645823405723365	1
QID2085	2.3199007201242496	1
QID2086	2.1683923259299163	1
QID2087	2.181465230856117	1
QID2088	6.421209259341714	1
QID2089	1.557171751699714	1
QID2090	0.04236749938788102	1
QID2091	0.9928385989342038	1
QID2092	6.955948387483457	1
QID2093	1.7568258556792835	1
QID2094	3.80435783323188	1
QID2095	0.040590400788068234	1
QID2096	0.6340904232383797	1
QID2097	6.220142641988661	1
QID2098	2.221842946604069	1
QID2099	2.6161894554862712	1
QID2100	2.5206342304242653	1
QID2101	4.387754170564107	1
QID2102	0.1087015792719178	1
QID2103	0.6198825532034377	1
QID2104	3.365803916111501	1
QID2105	2.7860595019769625	2
QID2106	3.3880373193218496	1
QID2107	1.8032538079471228	1
QID2108	1.4405891292955255	1
QID2109	1.7923014672093305	1
QID2110	3.0690858372026746	1
QID2111	2.01278523911144	1
QID2112	1.3298938093715256	1
QID2113	3.5050101786034085	1
QID2114	0.41676930358758535	1
QID2115	0.9127474609051855	2
QID2116	4.1129354269874545	2
QID2117	0.2705070537305385	1
QID2118	7.906624649496069	1
QID2119	4.222325280369988	1
QID2120	6.30575513321608	1
QID2121	0.06988750127281745	1
QID2122	2.3683173030762164	1
QID2123	0.028129764888641908	1
QID2124	0.12590031696029452	1
QID2125	4.754317759825415	1
QID2126	0.06550044546949829	1
QID2127	0.8127393856754545	1
QID2128	1.5146948933469992	1
QID2129	0.027815362465674637	1
QID2130	6.043035885326943	1
QID2131	0.9003437538875401	1
QID2132	1.0843070995893112	1
QID2133	2.3995706012146694	1
QID2134	0.6036794582694079	1
QID2135	2.6679239283869065	2
QID2136	2.5278215768930026	1
QID2137	6.610078046025452	1
QID2138	2.2851727588683457	1
QID2139	2.2445917938507747	1
QID2140	5.1488173231317385	1
QID2141	0.3387646607993896	1
QID2142	2.5517749170689106	2
QID2143	3.707500060916189	2
QID2144	2.852357394231108	1
QID2145	5.021931425493809	1
QID2146	4.730997414853214	1
QID2147	7.103399862464987	1
QID2148	0.05482766882356535	1
QID2149	1.3790164715889903	1
QID2150	8.452302160445333	1
QID2151	1.4713574448796836	1
QID2152	4.044518076183183	1
QID2153	2.122888853443824	1
QID2154	2.635676202465377	1
QID2155	0.11340521834463507	1
QID2156	3.1402806823691987	1
QID2157	10.164432647533047	1
QID2158	1.1744982487678064	1
QID2159	2.8359515846937726	1
QID2160	0.7098231612501229	1
QID2161	0.5231859644272314	1
QID2162	0.10542130681212597	1
QID2163	1.3398781973298926	2
QID2164	9.035090247799856	1
QID2165	4.8452197082312845	2
QID2166	2.9143142452714925	1
QID2167	0.008956985884211795	1
QID2168	2.685378910991774	1
QID2169	3.6253522326147674	4
QID2170	3.146419681853239	1
QID2171	0.0020211930286711858	1
QID2172	2.9235380145051053	4
QID2173	0.8285533651242918	1
QID2174	1.2701023869683408	1
QID2175	0.040105825161399516	1
QID2176	0.079182817703191	2
QID2177	8.314875002249416	1
QID2178	2.8985624969784056	1
QID2179	3.6100315088355286	1
QID2180	8.550042655858434	1
QID2181	2.5866123818956863	2
QID2182	3.639078013803944	2
QID2183	2.7499293906934583	1
QID2184	0.9637146371550268	1
QID2185	2.9084926415210433	1
QID2186	0.32398208963502456	1
QID2187	2.8534911240757275	2
QID2188	2.446066975351306	1
QID2189	5.345904085245452	1
QID2190	0.8871428857550887	1
QID2191	0.32049545283837194	1
QID2192	4.650152726908676	2
QID2193	6.485787511231318	2
QID2194	1.352828343551982	2
QID2195	2.496057803688562	1
QID2196	2.8123814430103424	1
QID2197	1.5575227130434632	2
QID2198	0.5251887843437072	1
QID2199	1.5698596739771742	3
QID2200	1.3988581923209678	1
QID2201	1.9458691655423148	1
QID2202	0.26956454138937863	1
QID2203	2.2946475047948107	1
QID2204	1.0208508636622773	1
QID2205	0.5258706917487326	1
QID2206	0.00979274318395736	1
QID2207	2.1041686897415617	1
QID2208	0.005414427455108734	1
QID2209	0.0823896180901245	1
QID2210	0.5001314500707523	2
QID2211	4.919076278158727	1
QID2212	4.954902781542924	1
QID2213	7.411339326160933	1
QID2214	8.760145312388692	1
QID2215	2.2182466532309233	1
QID2216	2.1214764618011075	1
QID2217	2.5161874588004403	2
QID2218	2.4265724343517467	1
QID2219	0.20113817240425072	1
QID2220	3.810018596505972	1
QID2221	0.12065989414525642	1
QID2222	0.7177974824905575	1
QID2223	0.580085269362783	1
QID2224	0.7449744522558345	1
QID2225	0.33677716989023404	2
QID2226	1.9131641147449947	1
QID2227	0.4874925193053467	1
QID2228	2.110055207464145	1
QID2229	3.5975770464933836	1
QID2230	0.16629084479546036	1
QID2231	1.0849103443580232	2
QID2232	5.812211628320488	2
QID2233	2.4856613399023617	1
QID2234	0.06764758702233972	2
QID2235	4.700044017911246	1
QID2236	0.8620025641550688	1
QID2237	0.003897070303085945	1
QID2238	3.3615546534257184	1
QID2239	4.3271280542479404	1
QID2240	2.1263203708314062	1
QID2241	0.4958227289368522	1
QID2242	6.546875525404606	1
QID2243	4.778722994326622	1
QID2244	1.099153733067298	1
QID2245	5.295259262426388	2
QID2246	1.42010855556076	2
QID2247	0.4024862782060156	1
QID2248	3.2816816213275786	1
QID2249	0.4762486490825426	2
QID2250	5.379777406635754	2
QID2251	0.9542575068998588	1
QID2252	3.22889329578638	1
QID2253	4.400648472973766	1
QID2254	3.1189319824495656	1
QID2255	0.21374152352280565	1
QID2256	0.012977643363098042	1
QID2257	0.035732128820308566	1
QID2258	8.351928673070677	4
QID2259	5.830363074948296	1
QID2260	1.4528714266395577	1
QID2261	4.217399070716768	1
QID2262	0.3362216034641176	2
QID2263	10.599501879656854	2
QID2264	5.832867312790522	1
QID2265	3.6691489418369305	1
QID2266	9.885873319409846	1
QID2267	4.0274711692818235	1
QID2268	0.3193102899980103	1
QID2269	0.0325731633639809	1
QID2270	0.2681147676536501	1
QID2271	2.3396652140533143	1
QID2272	4.936672013243818	1
QID2273	2.3297900247945207	1
QID2274	0.24712084353086375	1
QID2275	0.003561569680580943	1
QID2276	5.8748648388805975	1
QID2277	0.13026130016490498	1
QID2278	2.0316844107395347	2
QID2279	9.981994910034617	3
QID2280	3.4884992984287124	1
QID2281	0.09256742810100678	1
QID2282	1.4070325413299665	1
QID2283	1.0958349664095235	1
QID2284	8.057838985652669	1
QID2285	6.668595595072457	1
QID2286	1.0478948863460578	1
QID2287	1.4145581137318928	1
QID2288	3.7099191038473935	1
QID2289	0.3247086690338548	1
QID2290	0.0052568418541033704	1
QID2291	0.19134167295061524	1
QID2292	0.050970715479574255	1
QID2293	0.5272399658259491	1
QID2294	0.7452757545011497	1
QID2295	0.9724480413663438	1
QID2296	1.7110735196738904	2
QID2297	0.10044207083573188	1
QID2298	0.9816473169402478	1
QID2299	0.004193101213695945	1
QID2300	2.585676214908608	1
QID2301	0.02143522802137779	1
QID2302	0.2510595884804941	1
QID2303	0.1199344386719218	1
QID2304	6.140176647729844	1
QID2305	2.189433028808702	1
QID2306	1.4005493193637908	1
QID2307	0.5422813570207855	2
QID2308	5.793259590454289	2
QID2309	8.72141979038113	1
QID2310	2.849658936114676	1
QID2311	1.811008608546765	1
QID2312	0.7310513358974468	1
QID2313	0.65041235659716	1
QID2314	4.394918348738809	1
QID2315	0.04052058573297265	1
QID2316	0.11393788777098045	1
QID2317	0.4996990540472704	1
QID2318	5.038731043410591	1
QID2319	1.5783858063752805	1
QID2320	3.769511614987312	1
QID2321	0.004729425082380904	1
QID2322	1.6595054897522186	4
QID2323	12.313929055940607	2
QID2324	0.6566666034039285	1
QID2325	6.04201275014046	1
QID2326	4.175748611568761	1
QID2327	0.10068469242080888	1
QID2328	0.4549173392459798	1
QID2329	0.721907499401042	1
QID2330	8.212929739841233	1
QID2331	1.1884790069352205	1
QID2332	1.143053467884343	1
QID2333	0.025699924500302156	1
QID2334	1.652687628511429	2
QID2335	0.934431839609603	1
QID2336	10.352253204226537	1
QID2337	3.1964961444183584	1
QID2338	2.4019021756102044	1
QID2339	0.342253070125188	1
QID2340	3.5977744616098857	1
QID2341	2.875768634601128	1
QID2342	2.3680028268290867	1
QID2343	6.402243178837608	1
QID2344	4.568206499236675	1
QID2345	4.526135772184781	2
QID2346	4.2059101209557745	1
QID2347	1.0748700376916624	1
QID2348	5.656787463337473	1
QID2349	1.5988237804851857	1
QID2350	2.7030527664348405	1
QID2351	5.529022069398048	1
QID2352	1.8293331447205297	1
QID2353	3.2702306432791466	1
QID2354	1.09457748353908	1
QID2355	4.179312657400707	1
QID2356	0.05690682282059704	1
QID2357	2.613842447233841	2
QID2358	2.4314562007119047	1
QID2359	5.047106848388365	1
QID2360	6.408147657072184	1
QID2361	3.0342645535015893	1
QID2362	2.4626362598052016	1
QID2363	1.4524640358784002	1
QID2364	3.9493625214668544	1
QID2365	0.27370353359741234	1
QID2366	3.925136301614967	1
QID2367	0.7536228346661501	1
QID2368	6.495310550498783	2
QID2369	3.4236628982512918	1
QID2370	1.5016307591376272	1
QID2371	2.5158406048772197	2
QID2372	7.218739372361332	1
QID2373	2.3226068610837203	2
QID2374	0.19854247164647626	1
QID2375	4.11817042826564	1
QID2376	0.5438887928261248	1
QID2377	2.1436409040520443	2
QID2378	1.8367607493595788	1
QID2379	4.975068019915297	1
QID2380	0.16584694572800734	1
QID2381	2.0917364890033383	1
QID2382	3.45179851531267	1
QID2383	2.618749686082176	1
QID2384	3.21715875885516	1
QID2385	2.3589244878547317	1
QID2386	0.4030750397554561	1
QID2387	1.6128590335592776	1
QID2388	5.536792471168559	2
QID2389	1.3834040729414885	1
QID2390	4.490403430507338	1
QID2391	2.2925200728520547	1
QID2392	6.23772776039984	1
QID2393	0.23636719808863754	1
QID2394	2.130337387809109	2
QID2395	6.494332513222017	1
QID2396	1.3613412840840795	1
QID2397	2.2321017828284018	1
QID2398	1.3741261990469327	2
QID2399	0.8674031587599789	1
QID2400	2.161001248011292	1
QID2401	6.399125505109152	1
QID2402	2.3590126220283474	1
QID2403	0.33012572784313743	1
QID2404	0.4155142956463993	1
QID2405	4.486629521241172	1
QID2406	1.4104122203950231	1
QID2407	0.7836555983842055	1
QID2408	0.2727812805255209	1
QID2409	0.6081550821417241	2
QID2410	9.05994579360421	1
QID2411	4.569306790483372	1
QID2412	2.4427032946025604	1
QID2413	4.747651187698874	1
QID2414	1.7991710409040085	2
QID2415	0.026833491587017515	1
QID2416	11.66557630941078	1
QID2417	3.5789743650370283	1
QID2418	2.022050178518919	1
QID2419	0.9697775637043856	1
QID2420	7.307797416042996	2
QID2421	0.6016882983302869	1
QID2422	3.8165203533961143	1
QID2423	4.116065449480916	2
QID2424	3.993075472820343	1
QID2425	2.462123525635145	1
QID2426	2.942527923468776	1
QID2427	9.391465107506678	1
QID2428	6.478680634273673	1
QID2429	7.769869535819104	2
QID2430	1.8751182035047416	1
QID2431	0.0097236124748932	1
QID2432	7.113732632460722	2
QID2433	4.211852383267287	1
QID2434	3.3212825909197705	1
QID2435	2.8426930924397484	1
QID2436	1.815209192945877	1
QID2437	7.184437203068197	1
QID2438	0.7531434007391715	1
QID2439	0.020648039392090985	1
QID2440	6.340160586423871	1
QID2441	0.4577195551882317	1
QID2442	0.18104278893398834	1
QID2443	0.5577382151249395	1
QID2444	3.5218338507478104	1
QID2445	5.270992488909831	1
QID2446	1.4204096933367063	1
QID2447	0.11684981723698305	1
QID2448	0.6069883733072515	1
QID2449	3.5049845224558522	1
QID2450	4.132620570447311	1
QID2451	0.0017360288756172748	1
QID2452	6.39156134802239	2
QID2453	6.079166379392599	1
QID2454	2.3816529023022865	1
QID2455	2.8953752621173314	1
QID2456	3.0906007122139667	1
QID2457	9.585497602780933	2
QID2458	1.3544633862291129	1
QID2459	5.337401828463458	1
QID2460	0.1632310795448433	1
QID2461	0.003946840109621611	1
QID2462	6.07866009512184	2
QID2463	3.4416238631142795	1
QID2464	1.0057049456861156	1
QID2465	4.576712795250417	1
QID2466	0.022664842497275982	1
QID2467	0.12921635220200198	1
QID2468	4.190479209007751	1
QID2469	2.238727612502246	1
QID2470	0.046649795622503286	1
QID2471	2.5198495055426955	2
QID2472	10.701092978497982	1
QID2473	1.919250545029318	2
QID2474	5.397212886084568	2
QID2475	3.0512360970626977	2
QID2476	2.27742761646165	1
QID2477	3.4830561704670697	1
QID2478	1.4070251989582454	1
QID2479	1.6806511779702116	1
QID2480	4.0354117697663066	1
QID2481	3.929804163891977	1
QID2482	0.2856130450387153	1
QID2483	2.2886868123420983	1
QID2484	0.7921366271926162	1
QID2485	0.04639521681914725	1
QID2486	1.4911111383497038	1
QID2487	2.888541611710603	1
QID2488	4.547515454812529	2
QID2489	0.17874687597669026	1
QID2490	1.6681655396269657	1
QID2491	3.801703391379759	1
QID2492	3.1407852319907783	1
QID2493	0.18881561060548507	1
QID2494	10.18818266332602	1
QID2495	0.6387113801016886	1
QID2496	2.5983997448434057	1
QID2497	12.918630317636335	2
QID2498	1.9565653870016624	1
QID2499	3.5122280854249635	1
QID2500	2.2668435347983427	1
QID2501	0.6385605892184271	1
QID2502	0.004029439688757515	1
QID2503	0.5259588564400732	1
QID2504	3.71600798360727	1
QID2505	0.7038968832793222	1
QID2506	0.5049017546964911	1
QID2507	1.0912653070201224	1
QID2508	1.330907550269378	1
QID2509	3.031526097523176	1
QID2510	0.6519711887425584	1
QID2511	0.2862120514636233	1
QID2512	0.0063178939203004025	1
QID2513	0.525309429047191	1
QID2514	0.07540612654459343	1
QID2515	1.874358680511236	2
QID2516	2.7110391780068266	1
QID2517	0.26232266579291963	1
QID2518	0.021114621019789292	1
QID2519	6.455675074007453	1
QID2520	0.8816943940480232	1
QID2521	7.891794936107714	1
QID2522	2.5522032576624603	1
QID2523	2.3445485912853345	1
QID2524	1.354183732323219	2
QID2525	8.67675914891891	1
QID2526	2.30743058146994	1
QID2527	1.3824596614759086	1
QID2528	0.9364491649506534	1
QID2529	7.987966837454626	1
QID2530	4.53502119223459	1
QID2531	0.4033609446387764	1
QID2532	0.6840701550516073	1
QID2533	4.994012454343358	1
QID2534	0.037269790172101414	1
QID2535	0.3187918478170336	1
QID2536	4.4094117543395015	2
QID2537	1.6991625011103182	1
QID2538	1.9095569350185035	1
QID2539	0.4588255790424595	1
QID2540	0.14924788179229592	1
QID2541	2.7674498646296453	1
QID2542	0.1279199912801871	1
QID2543	4.853236029485477	2
QID2544	0.7203150100811203	1
QID2545	3.0814561712100894	1
QID2546	1.5662838864726771	1
QID2547	0.2506691603637177	1
QID2548	0.3882989913536533	1
QID2549	1.9207504071691623	1
QID2550	1.117813693978836	1
QID2551	2.6926064676186017	2
QID2552	2.0085216488129656	2
QID2553	2.909477767486022	1
QID2554	0.4907629281969548	1
QID2555	3.9070027431811267	1
QID2556	6.176101947494953	1
QID2557	1.8023012562278973	1
QID2558	0.28444550352947057	1
QID2559	0.2521955696812501	1
QID2560	1.7561238133071737	1
QID2561	0.023960920161410455	1
QID2562	3.636701357594401	2
QID2563	3.077391747352634	1
QID2564	0.7528859021759003	1
QID2565	4.0668592566619015	2
QID2566	7.530960194803858	1
QID2567	1.9902071727137025	1
QID2568	2.745494645707719	1
QID2569	0.1488886942476944	1
QID2570	0.0355183671363198	2
QID2571	1.5846909255130677	1
QID2572	3.1187837841546897	1
QID2573	3.507750309986453	1
QID2574	7.001267275405559	1
QID2575	8.008290449726863	1
QID2576	10.063959949325024	1
QID2577	7.800544216332396	1
QID2578	0.2371542830315716	1
QID2579	1.4578374176618665	1
QID2580	6.7377026323498175	1
QID2581	2.691166157427081	1
QID2582	4.525971511803943	1
QID2583	5.425533595670248	1
QID2584	2.4021099341704826	2
QID2585	2.760463180005703	1
QID2586	7.962307340135041	3
QID2587	4.155409888864966	1
QID2588	1.6251624998496446	1
QID2589	0.007581795433939136	1
QID2590	5.181846546634034	1
QID2591	1.6307791593280396	2
QID2592	0.609053697663409	1
QID2593	4.043631713820987	1
QID2594	5.358198379899061	1
QID2595	1.3378632137948896	1
QID2596	6.039482749247982	2
QID2597	0.69024776968364	1
QID2598	3.103143411465419	2
QID2599	1.6106652936648074	1
QID2600	4.976834059245139	1
QID2601	4.629269249864153	1
QID2602	0.060904139063302186	1
QID2603	2.1261505217509438	1
QID2604	0.2867593634147329	1
QID2605	3.1804054058506463	4
QID2606	0.9603740667261492	1
QID2607	1.0046613635428212	1
QID2608	7.347577044821948	1
QID2609	3.761128019507746	1
QID2610	5.78643076551719	1
QID2611	0.09279533583088316	1
QID2612	3.19199920495988	1
QID2613	4.844638505941601	2
QID2614	1.9574118389847743	1
QID2615	1.8847810440145976	1
QID2616	3.70993279980097	1
QID2617	2.4992890982665887	1
QID2618	3.1277667874624995	1
QID2619	3.0323511531093965	1
QID2620	2.946899931273676	1
QID2621	2.01428678609581	1
QID2622	0.8771351680570113	1
QID2623	2.3451190962081068	1
QID2624	0.8321719174042652	1
QID2625	1.8180507346598684	2
QID2686	8.302125418981612	1
QID2688	6.33762325620512	1
QID2689	13.524535614316635	1
QID2690	2.8879147469782405	1
QID2691	1.8320858257971329	1
QID2692	0.7893075900532301	1
QID2693	9.28891468708402	3
QID2694	3.6299363563247824	1
QID2695	3.4382409775860707	1
QID2696	3.849228684025936	2
QID2697	3.8223795713253206	1
QID2698	0.9296670175315964	1
QID2699	3.6818373590406663	1
QID2700	5.0441447382235545	1
QID2701	4.35514533509098	1
QID2702	0.6441237110007606	1
QID2703	4.255235457854717	1
QID2704	2.310684257894763	1
QID2705	2.0763001723637213	1
QID2706	0.001459298816350769	1
QID2707	9.530513258310519	2
QID2708	0.9630627210795624	2
QID2709	7.925685046765832	1
QID2710	5.542324606688411	2
QID2711	0.8257788144228988	1
QID2712	2.469620364884713	1
QID2713	3.0978330587207235	1
QID2714	0.4585615767031273	1
QID2715	1.338172759766577	2
QID2716	5.700006197050983	1
QID2717	0.13835272868819104	1
QID2718	0.2642912772281056	1
QID2719	4.189291336186357	1
QID2720	0.9785501574067452	1
QID2721	7.637307869231265	4
QID2722	2.3555290765104653	1
QID2723	0.6369684358867775	1
QID2724	5.6851316927809625	1
QID2725	1.6998598797083817	1
QID2726	5.120204762813371	2
QID2727	3.3543357887829446	1
QID2728	0.004978793361391588	1
QID2729	3.991607819738592	1
QID2730	0.7632706050636864	1
QID2731	4.852719175212043	1
QID2732	0.007212158321166015	1
QID2733	0.989421969538786	1
QID2734	0.040332892213160915	1
QID2735	10.984867233459687	1
QID2736	0.3938489439560745	1
QID2737	6.49271781036198	1
QID2738	4.450845923254438	3
QID2739	0.14651591845900772	1
QID2740	6.3743778534080855	1
QID2741	3.0966714876961787	1
QID2742	2.340496193961908	1
QID2743	3.494633430999312	1
QID2744	9.483527485729356	3
QID2745	8.8261214951418	2
QID2746	3.014277175372864	2
