Word_Unique_ID	Surprisal	NumTokens
QID1	1.331080544973498	1
QID2	5.0798950841445185	1
QID3	12.421368405145376	3
QID4	0.5619138072494211	1
QID5	4.223173008609661	1
QID6	3.145469472802901	1
QID7	3.3593783149688043	1
QID8	8.851800474110117	1
QID9	1.0760841959539476	1
QID10	5.941911138234102	1
QID11	3.4345597016087948	1
QID12	4.141813625008041	2
QID13	3.849140066875692	1
QID14	1.905460118903881	1
QID15	1.7493012915833726	1
QID16	2.100788204895841	1
QID17	7.465891582144454	1
QID18	1.921318774337612	1
QID19	8.640597907814753	1
QID20	4.751864845643799	2
QID21	2.3446069024284037	1
QID22	4.880842018422451	1
QID23	6.8608318545512805	2
QID24	1.5539899211342072	1
QID25	0.7085700930427565	1
QID26	6.018370814421755	1
QID27	1.634021989314229	1
QID28	3.6650854572225513	2
QID29	1.9185646397024023	1
QID30	3.6316564503782183	1
QID31	0.3665708740654542	1
QID32	3.808036608585216	1
QID33	0.8839966451847082	1
QID34	0.4671977352250031	1
QID35	4.071721359786388	1
QID36	1.3562213931532554	1
QID37	4.5375513832739065	1
QID38	2.1200086927451305	1
QID39	0.4971576786219649	1
QID40	3.0295338672549725	2
QID41	3.2833238580865047	1
QID42	0.3753454221261778	1
QID43	8.034470526144643	1
QID44	0.4012890397769908	1
QID45	0.8025120051369572	1
QID46	1.9968569945687984	1
QID47	1.9960373319740117	1
QID48	2.2169621949426674	1
QID49	4.194081626424493	1
QID50	1.491908659445316	1
QID51	8.849180571737694	1
QID52	2.6880131057243157	1
QID53	6.4727133397701575	1
QID54	1.1859753494804233	1
QID55	2.582531869819628	1
QID56	2.3798214845577093	2
QID58	4.1611036079077115	1
QID59	4.115943248674235	2
QID60	1.9058161248351009	1
QID61	6.146456194773807	1
QID62	8.7556855523685	3
QID63	4.0932761321366495	1
QID64	8.925419987378087	2
QID65	2.2429823220127383	1
QID66	8.840463035213046	1
QID67	0.9311306923243198	1
QID68	11.4209343260814	1
QID69	8.372019068646509	2
QID70	3.7408748024087615	1
QID71	6.795707178826407	1
QID72	1.3205737677824765	1
QID73	0.7418798467122568	1
QID74	3.0811156240225386	1
QID75	0.6952770555217266	1
QID76	2.1470959088643857	1
QID77	3.9045838025015858	1
QID78	1.1091204061863793	1
QID79	3.112834091592257	1
QID80	0.15945500402461787	1
QID81	7.4514604818379695	2
QID82	6.835489110854787	1
QID83	0.22609755534860634	1
QID84	6.813825871601233	1
QID85	1.1366912619812897	1
QID86	2.8128342226624325	1
QID87	6.446534019597845	1
QID88	2.949884475460389	2
QID89	4.1499060338163405	1
QID90	0.6963504802269067	1
QID91	10.176953984345376	3
QID92	2.4220832981521543	1
QID93	7.956855632130416	2
QID94	3.870055486705135	1
QID95	0.8494771239327407	1
QID96	2.014518779317632	1
QID97	0.3044912612635438	1
QID98	14.978877798488377	3
QID99	7.327877476836298	2
QID100	5.121213535972899	1
QID101	2.977969918806328	1
QID102	5.956553701406628	1
QID103	0.4858422264088936	1
QID104	10.321824880217576	1
QID105	0.6986234943527159	1
QID106	7.503473053937897	1
QID107	1.1060711365850628	1
QID108	0.049468179581615764	1
QID109	6.242114507936022	1
QID110	2.951550391745853	1
QID111	1.7679736993698574	1
QID112	0.26879026270881023	1
QID113	2.794732206248836	1
QID114	0.9805396958016094	1
QID115	9.917274325062193	3
QID117	5.666601105620173	1
QID118	1.8818248675770952	1
QID119	11.001439573609504	2
QID120	10.392212934616428	2
QID121	1.8621972788760044	1
QID122	1.1220279800890496	1
QID123	0.3480351355610521	2
QID124	0.22362926860458412	2
QID125	0.45296916183443203	1
QID126	3.5626181313843763	1
QID127	1.7209522709355216	1
QID128	1.200699023965765	1
QID129	7.030148696375479	1
QID130	0.5065310766731893	1
QID131	0.7291864730768636	1
QID132	4.924904816690046	1
QID133	3.977956538974565	1
QID134	5.955725649238968	1
QID135	0.6370700673287378	1
QID136	5.985395079499142	1
QID137	0.9881300726531482	1
QID138	5.147428935896191	1
QID139	3.999653209078332	1
QID140	3.813491199251044	2
QID141	1.4997576767039706	1
QID142	2.977582720581528	2
QID143	4.558278708979087	1
QID144	0.5474740831507561	1
QID145	4.8892912796510455	1
QID146	0.2967830284008365	1
QID147	1.7702793865949893	1
QID148	2.106683010101116	1
QID149	4.295129976023513	1
QID150	4.687897129581926	1
QID151	1.1085495041168596	1
QID152	9.124918900818956	1
QID153	0.95058883083412	1
QID154	2.9051719653264048	1
QID155	3.311074008972516	1
QID156	0.15516329335353182	1
QID157	2.3251553492222907	1
QID158	2.874509950115657	1
QID159	1.3968076956112352	2
QID160	3.7157082716395915	2
QID162	1.1321213627407598	1
QID163	0.1054960769449456	1
QID164	2.37273763386488	1
QID165	6.186181508732319	1
QID166	0.8310949756772084	1
QID167	1.2813617303986788	1
QID168	3.932432812078485	1
QID169	0.4411225885800504	2
QID170	1.7893244462730216	1
QID171	3.5108640034433294	1
QID172	2.676268341153627	1
QID173	6.522934582096171	2
QID174	12.79975853587346	1
QID175	6.147915571221717	1
QID176	3.485523717030628	1
QID177	2.1210788679628285	1
QID178	4.390138854125085	1
QID179	5.861550715726758	2
QID180	6.595454103476405	1
QID181	2.604957352894395	1
QID182	1.4124817259436917	1
QID183	9.143600899260036	1
QID184	3.620067568929472	1
QID185	7.230586864244809	1
QID186	7.9876105637185155	3
QID187	2.850764945200284	1
QID188	0.7736086048836507	1
QID189	3.5877306696071534	2
QID190	1.152286291400273	1
QID191	3.079035742846029	1
QID192	2.941345052406217	1
QID193	7.2169782279965995	1
QID194	4.468135438625524	1
QID195	7.570289409412585	2
QID196	3.1930697310369767	1
QID197	1.4986926733084398	1
QID198	11.124141390522638	2
QID199	9.581509745808994	1
QID200	2.47651783443496	1
QID201	2.008666622925229	1
QID202	6.650641324834468	2
QID203	1.7563985861886973	1
QID204	12.250450245122654	3
QID205	8.982672208764841	1
QID206	7.4311587341487835	2
QID207	1.929363137294485	1
QID208	5.033301032457546	1
QID209	3.0090286200385323	1
QID210	4.868628948138928	1
QID211	1.8246581338472636	1
QID212	2.4220018700798387	1
QID213	2.187216849577723	1
QID214	3.5714797555142486	1
QID215	3.61896054860532	1
QID216	6.18748041225082	1
QID217	0.8291168619326026	1
QID218	0.16407276162316015	1
QID219	3.604872755371288	1
QID220	2.982627726781978	2
QID221	2.1980184480752243	1
QID222	0.7888236041697277	1
QID223	4.769684392080861	1
QID224	3.985744212193872	1
QID225	0.8108605207734436	1
QID226	5.53664061720044	2
QID227	3.756725307572288	1
QID228	4.6478636449938895	1
QID229	11.292640717237436	1
QID230	2.0543533919473607	1
QID231	10.781204506916426	2
QID233	9.153449749029235	2
QID234	14.047428781429346	2
QID235	2.655781717989336	1
QID236	6.10953603726492	1
QID237	1.8474621592746507	1
QID238	1.160109191950238	1
QID239	3.200068449011708	2
QID240	3.286347510338798	1
QID241	0.2436814046402772	1
QID242	11.180652194126045	1
QID243	3.5881377858526613	2
QID244	1.7735981603993525	1
QID245	2.933117569377856	1
QID246	3.61057337609322	2
QID247	1.0386188018611489	1
QID248	2.4880598891580403	1
QID249	4.596291335434944	1
QID250	0.6464690488948719	1
QID251	11.489094651757169	3
QID252	0.0798135378506877	1
QID253	3.2650667838778213	2
QID254	4.007640339568424	1
QID255	0.9424719346115032	1
QID256	9.287023775112072	2
QID257	4.6738662411447995	1
QID258	0.8943349846662808	1
QID259	2.35121807607094	2
QID260	4.001096612432475	1
QID261	0.7977963090965854	1
QID262	8.190169927506878	1
QID263	0.6042887273507844	1
QID264	0.6486793878404751	1
QID265	1.7674794063864694	1
QID266	1.6842211293912177	1
QID267	3.349741566519977	1
QID268	4.961753567137168	1
QID269	0.0432299030674758	1
QID270	7.3261157609024385	2
QID271	3.4935200372251423	1
QID272	2.5020287903136498	1
QID273	2.1926363192658678	1
QID274	0.017876408273372647	1
QID275	3.329589596834446	1
QID276	7.094658545463322	2
QID277	2.677027485241147	1
QID278	4.045945486297294	1
QID279	6.029768373845577	1
QID280	3.6049669656837686	1
QID281	0.8858437414846566	1
QID282	1.4674895108064532	1
QID283	0.5781204246436498	1
QID284	5.822600737658664	1
QID285	2.255939618590363	1
QID286	6.907418607951668	2
QID287	0.7501153560396229	1
QID288	1.2338815646421724	2
QID290	8.737377558891259	1
QID291	14.585859611503501	1
QID292	9.537149467631682	1
QID293	6.9589511076192805	1
QID294	2.7745088106173803	1
QID295	4.97524936674644	1
QID296	0.36683383070178377	1
QID297	4.977659136025643	1
QID298	3.2808176858144265	1
QID299	10.27028304730134	1
QID300	7.602840890038293	2
QID301	1.9882522316704558	1
QID302	7.6708295450230315	1
QID303	2.95120755795292	1
QID304	1.8003011674407912	1
QID305	11.009471868642676	3
QID306	3.7704450209341625	1
QID307	6.7184884664399025	1
QID308	2.7884932381705623	1
QID309	2.000012224306702	1
QID310	0.4859541952049868	1
QID311	3.2487958045834637	2
QID312	2.581624768702446	1
QID313	4.248817787385815	1
QID314	0.39090188206403786	1
QID315	2.818941195656647	1
QID316	1.3938716905469974	1
QID317	1.5333492949413468	1
QID318	10.193981156070318	3
QID319	1.4828847676304675	1
QID320	4.161616775405059	1
QID321	1.1148072620699536	1
QID322	3.1632256670581747	2
QID323	2.615460929713738	1
QID324	7.1735426631987895	1
QID325	13.880906209795544	2
QID326	4.854084998736398	1
QID327	3.0005882185365764	1
QID328	8.209361133737136	1
QID329	4.651460583663353	1
QID330	8.718562334689954	1
QID331	9.931684798581582	1
QID332	1.4555601851269375	1
QID333	2.090899590957958	1
QID334	8.958758100369113	1
QID335	7.3133320189533295	2
QID336	4.14535363077644	1
QID337	3.7995420195690874	1
QID338	10.214709376261393	1
QID339	1.2243496923373556	1
QID340	4.975666874731846	1
QID341	4.48244241082548	1
QID342	2.9199062418837576	1
QID343	5.174918174494412	1
QID344	1.6301807030055888	1
QID345	7.126917439368844	2
QID347	10.756122522425835	2
QID348	7.384099667766933	2
QID349	1.5428421834277173	1
QID350	4.594326891880359	1
QID351	2.351291332459075	1
QID352	3.1142553841028717	1
QID353	11.083526450966668	2
QID354	3.928596716861283	1
QID355	3.9516893854595185	1
QID356	5.0798620784096835	1
QID357	9.212202024319065	2
QID358	3.1889704415689235	1
QID359	5.916700787098776	1
QID360	1.0083022444421463	1
QID361	7.017089972862452	2
QID362	7.606995967642343	1
QID363	0.9046792838468442	1
QID364	5.74031941056575	1
QID365	0.5844213064180386	1
QID366	0.9871067368440992	1
QID367	6.91522155960266	1
QID368	10.34781320522539	1
QID369	3.9914975461593536	1
QID370	5.7969839036777415	1
QID371	6.033284570789234	2
QID372	1.5556375658771424	1
QID373	3.6187708173929147	1
QID374	3.319975573262368	1
QID375	6.336938244043955	2
QID376	2.1426428302686724	1
QID377	2.4946955385558867	2
QID378	1.802115171181248	1
QID379	2.063254283694578	1
QID380	1.1431653676172198	2
QID381	1.180820640235167	1
QID382	2.6947375455632714	1
QID383	11.399380807223988	3
QID384	4.168789209294083	1
QID385	3.0140586007991077	1
QID386	0.4004149991822609	1
QID387	1.467674963368831	1
QID388	2.218692014867979	1
QID389	3.774477505866104	2
QID390	1.7705496458973848	1
QID391	4.733079882022858	1
QID392	4.72968896352154	1
QID393	2.851892330556314	1
QID394	2.0083966073165933	1
QID395	0.214002223024346	1
QID396	3.6940502797702006	2
QID397	1.6451101767924874	1
QID398	0.9443115584456292	1
QID399	8.481792493729387	3
QID400	4.740621922100566	1
QID401	3.1217202740493963	1
QID402	15.223551235049165	3
QID404	6.959916611454978	1
QID405	4.4182079890552135	1
QID406	4.066949738044354	1
QID407	4.690712993260512	1
QID408	4.9889996248215125	1
QID409	0.8293628944238701	1
QID410	1.4330337654970928	1
QID411	3.990753966500088	1
QID412	0.0037851539980337133	1
QID413	6.350284364466613	2
QID414	4.934915652064192	1
QID415	1.4987674535535191	1
QID416	1.975352734722142	1
QID417	4.950759939944173	1
QID418	0.4379386359189731	1
QID419	6.261941226310783	1
QID420	0.033403228933209385	1
QID421	4.568219981687156	1
QID422	2.3083736256702387	2
QID423	4.888050400954513	1
QID424	8.642987367010438	1
QID425	6.131507198665893	1
QID426	0.9609954151456568	1
QID427	2.2780873767131613	1
QID428	7.470285915126443	1
QID429	0.9570701245810832	1
QID430	0.009344881325886602	1
QID431	2.59184549313092	1
QID432	4.09113266926134	3
QID433	3.3838021123098887	1
QID434	0.3997242997667281	1
QID435	6.5043047065959465	1
QID436	2.4519964332283797	1
QID437	7.2973000241394015	1
QID438	1.2941964620132589	1
QID439	8.646287897860223	1
QID440	8.453705532014355	3
QID441	0.8303831599538012	2
QID442	3.649454437818613	1
QID443	1.133581413935988	1
QID444	0.9294175241807904	1
QID445	3.8897564845096517	1
QID446	3.4099125940209287	2
QID447	2.6571269029594604	1
QID448	4.92600379559488	1
QID449	5.533579840337075	1
QID450	3.9877470475820465	1
QID451	1.1033706646397867	1
QID452	0.6241658232858627	2
QID453	4.206667427162452	1
QID454	1.4618448515938447	1
QID455	3.3693932832848232	1
QID456	3.076299759852388	1
QID457	1.332161799339011	1
QID458	1.366767808131429	1
QID459	5.5907962421181825	2
QID460	2.265428739798834	1
QID461	1.7561502607760535	1
QID462	12.572580670573783	2
QID463	10.625954274941476	2
QID464	2.5828571322638383	1
QID465	2.548290187757964	1
QID466	8.510652943850427	1
QID467	3.9038187837502347	1
QID468	2.1783866445571816	1
QID469	16.86613900454869	5
QID470	9.807449290736473	1
QID471	7.346430522693311	2
QID472	4.8089047043700655	1
QID473	0.8350320000089477	1
QID474	0.09767872910318576	1
QID475	0.5878105533582093	1
QID476	7.954802072819362	4
QID477	0.5591700915532297	1
QID478	2.8559724180977373	1
QID479	16.154043494871786	3
QID480	10.133765077049585	1
QID481	0.7327244961079397	1
QID482	6.323066156908432	1
QID483	5.2405654707270966	2
QID484	5.904799237943647	1
QID485	14.246374465415798	2
QID486	4.5679785993178506	1
QID487	1.5299187112506345	1
QID488	0.7946029030354456	1
QID489	0.5834469022787535	1
QID490	6.616811283004688	1
QID491	4.727323942541951	1
QID492	1.771747018086943	1
QID493	3.5673541908208484	1
QID494	4.390892178685251	1
QID495	6.770075648078241	1
QID496	3.992869323222817	1
QID497	5.392741449335889	2
QID498	1.8426959298612142	1
QID499	10.956204630338435	3
QID500	4.9528386110654345	1
QID501	7.444432829020041	1
QID502	4.060234554701246	1
QID503	0.5428558436820181	1
QID504	7.892005352855418	2
QID505	1.6294202849683397	1
QID506	7.842826901147862	1
QID507	1.5098163892051264	1
QID508	1.6767588447290038	1
QID509	1.9648131206727844	1
QID510	2.1234448703176216	1
QID511	7.577726880320059	1
QID512	3.50638795805084	1
QID513	6.4854447357633855	2
QID515	14.252900178866508	3
QID516	10.492201149333557	1
QID517	2.072635567944094	1
QID518	6.588971074236602	2
QID519	4.442479857020902	2
QID520	4.110563318403819	1
QID521	1.8110998794870434	1
QID522	4.383326437431658	1
QID523	2.3849470080764146	1
QID524	1.4288421366178692	2
QID525	3.227704005771022	1
QID526	3.637103171434064	1
QID527	1.7654592465099217	1
QID528	4.0230605913550495	1
QID529	0.10336992019773816	1
QID530	4.984492329811082	1
QID531	1.4839985197813448	1
QID532	4.706384744118537	2
QID533	10.591411956556868	1
QID534	4.955562691622937	2
QID535	9.390402489295647	2
QID536	6.0801549389624885	2
QID537	2.4480684489546345	1
QID538	2.5428269153208847	1
QID539	1.3700139039182306	1
QID540	1.8403660128965729	1
QID541	0.43111978879008894	1
QID542	0.7828546419781062	1
QID543	3.933060798426339	1
QID544	0.7831250555261384	1
QID545	2.6863008527800285	1
QID546	0.016103245624778748	1
QID547	0.0565492832511583	1
QID548	0.7464151006891109	1
QID549	7.63303623725935	2
QID550	2.1914056942793265	1
QID551	3.050691894826389	1
QID552	0.4431001283472922	1
QID553	3.540491610712445	1
QID554	7.704024554752102	1
QID555	5.151744829626983	1
QID556	2.9614308130978872	1
QID557	4.354998253825976	1
QID558	0.4838249973265895	1
QID559	3.0601345759365683	1
QID560	6.268062681538242	1
QID561	4.932687301761308	1
QID562	3.1775395414380037	1
QID563	2.954723320722093	1
QID564	1.5143358255894717	1
QID565	3.857637946005128	1
QID566	0.3848713858457104	1
QID567	8.918922138123632	2
QID568	1.096622652108513	2
QID569	2.1606694911055278	1
QID570	14.379427203921807	2
QID571	1.2188625722289856	2
QID572	6.602982543648476	1
QID573	1.172175715811901	1
QID574	6.351715228183039	2
QID575	3.054438614513424	2
QID576	21.406557353192184	4
QID577	0.8129852056669807	1
QID578	1.088530363277116	1
QID579	13.939569587473164	1
QID580	4.890880554036412	1
QID581	5.557184513048925	1
QID582	0.057172735417622474	1
QID583	11.746640336705775	3
QID584	2.6402290115143847	1
QID585	2.660494133459934	1
QID586	1.24472592374803	1
QID587	5.041720813983631	1
QID588	10.370745532446326	1
QID589	1.2547009147690384	1
QID590	4.788607461757144	1
QID591	11.363312666902445	2
QID592	5.5074306948525615	1
QID593	3.227494317054103	1
QID594	2.0972368048566468	1
QID595	3.8765552782645343	1
QID596	4.328653227716426	1
QID597	2.516937385597544	1
QID598	0.7373926021498824	1
QID599	3.097249425255538	2
QID600	3.036503906679377	2
QID601	1.8185606443812925	1
QID602	5.766624438917023	1
QID603	1.133139154904934	1
QID604	0.9805511138343448	1
QID605	2.820789391258185	1
QID606	4.169981815213912	1
QID607	5.199780094778942	1
QID608	2.8301854794182613	1
QID609	4.268538846267064	1
QID610	8.237752356954546	1
QID611	2.706720281312276	1
QID612	3.7040832660431464	1
QID613	2.4039674001077707	1
QID614	13.224792674814275	2
QID615	8.707705271235138	1
QID616	0.7716162489640307	1
QID617	1.2130172618802657	1
QID618	8.558603503231323	1
QID619	0.3471467367368395	1
QID620	7.776028940412322	1
QID621	7.7928865354297665	3
QID622	6.7331378689576376	1
QID623	4.704831818312828	2
QID624	7.154403282534704	1
QID625	7.604351728961701	2
QID626	6.4965885635232965	1
QID627	4.744264141962952	1
QID628	3.0867149537338614	1
QID629	0.6616400042830067	1
QID630	9.80824426006217	1
QID631	1.2651836253331423	1
QID632	4.33859812131692	1
QID633	1.6242317348263775	1
QID634	0.6847734224884917	1
QID635	0.1849635393989566	1
QID636	3.9014748128534222	1
QID637	1.2144803739509489	1
QID638	11.082895365073012	1
QID639	0.1318657954020354	1
QID640	7.67218995172143	4
QID641	1.7687349087699575	1
QID642	6.708483088561769	1
QID643	1.141364426734187	1
QID644	2.7719451928959358	1
QID645	5.676072767870824	1
QID646	5.81791889234526	1
QID647	1.104322504903838	1
QID648	1.1701643704034288	1
QID649	2.8379078278846044	1
QID650	2.5838658428645243	1
QID651	3.16434087273164	1
QID652	2.4690059463326315	1
QID653	4.577793390336206	1
QID654	2.554048036095969	1
QID655	4.592157586462742	2
QID656	4.2213359217697946	1
QID657	6.029790657625134	1
QID658	3.498016482997095	1
QID659	4.40148954162476	1
QID660	6.256501184338934	2
QID661	2.0990222521686244	1
QID662	4.606755161383993	1
QID663	7.603535522805731	1
QID664	0.7433817348935786	1
QID665	1.5768199711402398	1
QID666	1.074879779996339	1
QID667	3.0418995090799075	1
QID668	0.3561114495721558	1
QID669	1.3489235028042992	1
QID670	2.8487529574242645	1
QID671	3.4105865547058767	1
QID672	7.366012300686058	1
QID673	7.9839334562793445	2
QID674	9.210568756988051	2
QID675	2.0071173591174625	1
QID676	7.6621238832675935	1
QID677	11.985360497804836	2
QID678	0.5226372928109974	1
QID679	9.43753073569438	1
QID680	5.433565006263368	1
QID681	3.5834534747010776	1
QID682	5.386353214215857	1
QID683	6.761304542809754	1
QID684	6.586793514513142	2
QID685	3.6590418010537715	1
QID686	12.92839356479084	1
QID687	10.99725938344898	2
QID688	0.4096395066423589	1
QID689	0.9383480654434572	1
QID690	3.2321611327967616	2
QID691	1.89596358984994	2
QID693	1.0272276251114747	1
QID694	5.436483224317071	2
QID695	0.6736977371785408	1
QID696	0.03808460896367013	1
QID697	2.2343605899695267	1
QID698	1.1625520665753872	1
QID699	3.4364369583793533	1
QID700	2.6269383501307475	1
QID701	10.44175169251178	2
QID702	1.7669761295284743	1
QID703	1.5913276844225082	1
QID704	0.025325390077466942	1
QID705	1.4577462287401015	1
QID706	2.195622915176581	1
QID707	0.0031919918414886304	1
QID708	3.642646970329044	2
QID709	1.1553833457867102	1
QID710	0.9880542640627558	2
QID711	6.306216794214972	2
QID712	9.171703575475613	1
QID713	1.0682128656104557	1
QID714	5.873499044736932	2
QID715	5.074998988694921	1
QID716	5.774660283639292	1
QID717	12.954093456572062	3
QID718	2.557349797047453	1
QID719	10.453490224771153	4
QID720	3.5295240558763985	1
QID721	1.3336891631706504	1
QID722	7.787264542369754	2
QID723	1.0407348052544385	1
QID724	6.215775999912416	1
QID725	14.373533061425405	3
Q2684	17.806362150320297	1
QID726	9.39984383316228	1
QID727	5.2310106427024285	1
QID728	3.700016678301672	2
QID729	8.489140273577874	1
QID730	2.997078309700928	1
QID731	10.500021027192902	1
QID732	2.546912309682621	1
QID733	5.5793738731790254	1
QID734	2.337644797581772	1
QID735	3.05793805239916	1
QID736	3.1982380716252026	1
QID737	2.7586726111199247	1
QID738	8.800162141768517	1
QID739	8.821432248781717	1
QID740	6.369311107188745	3
QID741	5.187265844148036	1
QID742	1.8643149570681687	1
QID743	3.87028639711128	1
QID744	2.3102841052298677	1
QID745	0.24356227997527216	1
QID746	7.117535664037026	1
QID747	0.1079256395689462	1
QID748	3.6840286932441537	1
QID749	1.7031412729590611	1
QID750	0.9360248043804706	1
QID751	4.821846746871092	1
QID752	5.520844914858817	2
QID753	5.4856128256242105	1
QID754	7.4662631137379485	2
QID755	2.8805200803065407	1
QID756	9.862076640688603	3
QID757	7.699108604336482	2
QID758	7.323060726114723	1
QID759	1.0521461399436494	1
QID760	5.8979562158507095	1
QID761	5.4361959202295616	1
QID762	0.055567564789017816	1
QID763	0.2273328913855355	1
QID764	3.0201470354548263	1
QID765	5.824451049286177	1
QID766	3.3615354943948685	1
QID767	2.7518990035467605	1
QID768	0.061002162564971485	1
QID769	5.788372404186969	1
QID770	5.971983039936607	1
QID771	4.740576863284804	1
QID772	2.5733601553095227	1
QID773	0.9420525234254952	1
QID774	5.829969280016411	1
QID775	1.844447946619304	1
QID776	1.3151899375371854	1
Q2685	12.612099786288828	2
QID777	8.438394378749816	2
QID778	10.369149571211619	1
QID779	3.0784041599716048	1
QID780	3.709178510975792	1
QID781	6.678903763500553	1
QID782	4.472309404932814	1
QID783	1.1215952155043991	1
QID784	4.643028157413361	2
QID785	10.028482990924338	1
QID786	3.8418511850147032	1
QID787	5.213957523391509	2
QID788	2.1175401187129594	1
QID789	5.292382016285872	1
QID790	10.307882649061435	1
QID791	1.936954615593968	1
QID792	0.44121988199902296	1
QID793	6.015884846412972	1
QID794	1.6318264170906005	2
QID795	5.343587155424778	1
QID796	2.9618089873697935	1
QID797	2.251450401830241	1
QID798	0.842055456716654	1
QID799	1.8909622658150156	1
QID800	4.4020463077844845	1
QID801	2.400400431680332	1
QID802	1.6431421095307213	1
QID803	7.354297335947473	1
QID804	9.858054559397573	1
QID805	5.8098899418040775	1
QID806	4.359940798444443	1
QID807	7.332831361877562	1
QID808	0.34676434933553285	1
QID809	3.6222442809455355	2
QID810	3.794611194888063	1
QID811	2.4014407958960557	1
QID812	2.7892969877945637	1
QID813	6.6345150022455295	1
QID814	3.2526431837308385	1
QID815	1.3686741122315529	1
QID816	2.043716723462833	1
QID817	4.315020846559486	3
QID818	1.9415911424720047	1
QID819	4.6731228786292025	1
QID820	10.274019796274665	1
QID821	10.12287719810378	1
QID822	0.6255889164690515	1
QID823	1.263986940132763	1
QID824	4.650345236976084	1
QID825	0.7226969905029019	1
QID826	7.389980368241845	1
QID827	1.7362206180369146	1
Q2686	0.4931728340718699	2
QID828	11.81679255896837	2
QID829	2.460300870725517	1
QID830	8.607233678418353	1
QID831	2.2675608606000965	1
QID832	1.9533276277360376	1
QID833	9.105017200346463	1
QID834	0.0738055138219717	1
QID835	4.639699046659069	1
QID836	4.70353039222863	1
QID837	7.723419715128284	1
QID838	0.8203857810492141	1
QID839	5.716661901631154	2
QID840	3.249991801952147	1
QID841	2.5807496858260563	1
QID842	8.080287111297437	1
QID843	0.5716919980613687	1
QID844	8.132375904252967	1
QID845	7.038376898488532	1
QID846	1.531977302120639	1
QID847	9.816632195814137	1
QID848	5.083974859465188	1
QID849	0.4388068352524836	1
QID850	3.6640994424186295	1
QID851	2.179082823914982	2
QID852	2.119248932682175	1
QID853	4.81296693712028	1
QID854	1.5782043258692335	1
QID855	4.695419100647191	1
QID856	0.02406174084657586	1
QID857	3.607951125919556	1
QID858	4.915408050585552	1
QID859	1.034513630672366	1
QID860	7.619527285480378	2
QID861	4.2346908165340915	2
QID862	5.05695954566654	2
QID863	1.1105367305650686	1
QID864	4.683282721226378	1
QID865	4.746157820282255	1
QID866	5.35706863027968	1
QID867	3.3192668392237485	1
QID868	2.7968684523664225	1
QID869	5.074820531824813	1
QID870	2.155382860484837	1
QID871	3.5986042091572914	1
QID872	2.7595958275958674	1
QID873	5.919573348782388	1
QID874	2.123724155312028	1
QID875	7.6506995286619555	1
QID876	3.3836918922154395	1
QID877	4.69569450995165	2
QID878	3.2132192104329245	1
QID879	6.052756409309455	1
QID880	6.413781843787624	1
QID881	0.9666985537634656	1
QID882	2.558544004658536	1
QID883	3.4629454684161787	1
QID884	5.095949789571568	1
QID885	5.2700423195398525	2
QID886	2.969243268218821	1
QID887	0.9657010175873686	1
QID888	5.1039295279903865	1
QID889	6.856066904828848	1
QID890	3.1561931364752485	1
QID891	3.2673939983064475	1
QID892	6.872777070338638	1
QID893	13.712112331885686	2
QID894	7.028058538619161	1
QID895	2.248828119199254	1
QID896	11.159059910144274	2
QID897	4.280308771846736	1
QID898	6.5925704262279226	1
QID899	4.961290828511867	1
QID900	1.569506205639354	1
QID901	0.03467098167987144	1
QID902	11.026366948011395	2
QID903	21.82754857761087	2
QID904	6.744982831454627	2
QID905	5.106105484496869	2
QID906	2.313068862187982	1
QID907	0.7704194615143924	1
QID908	5.677493009562341	1
QID909	5.9626406335700715	3
QID910	4.636535910546156	1
QID911	8.131753427231803	1
QID912	1.8139996710481416	1
QID913	0.6396645769263544	1
QID914	2.8377776206668197	1
QID915	0.6305770443088111	1
QID916	0.5507669802540626	1
QID917	3.3996430554220582	1
QID918	1.033652206141575	1
QID919	5.466704530706399	2
QID920	7.455872450135452	1
QID921	1.1544434813277054	1
QID922	6.472332309532546	1
QID923	1.8760475171213755	1
QID924	3.3573871857757567	1
QID925	0.3775841425471633	1
QID926	0.0019348056135644945	1
QID927	4.036015160879482	2
QID928	3.362694858412356	1
QID929	1.2381063878892629	1
QID2687	1.2381063878892629	1
QID929	1.2381063878892629	1
QID2687	1.2381063878892629	1
QID930	6.960707673911639	1
QID931	11.85108938333959	2
QID932	5.8065839405917234	1
QID933	0.985801143360216	1
QID934	6.263883780270919	1
QID935	0.7650221863544164	1
QID936	0.7832532286208191	1
QID937	0.5168215241370986	2
QID938	3.5403478022665618	1
QID939	4.65635748391685	1
QID940	0.3449821050744543	1
QID941	2.5778255857940677	1
QID942	0.2350561876972891	1
QID943	8.043269611249366	1
QID944	2.2649778593867373	1
QID945	7.5042146439005375	1
QID946	5.4470852537519745	1
QID947	1.4453134755589996	1
QID948	5.003175506152745	1
QID949	5.3628543785075085	1
QID950	0.10364240213801323	1
QID951	2.324340899090882	1
QID952	1.7104236839221436	1
QID953	1.908884845431265	1
QID954	1.0652934186163403	1
QID955	1.8846688903324689	2
QID956	4.070085583096346	1
QID957	3.471955321317987	2
QID958	2.497894586462058	1
QID959	3.248771484063764	1
QID960	3.916302918296932	1
QID961	0.17983043679024144	1
QID962	1.3288608428329691	1
QID963	2.333271099918772	1
QID964	0.23416435397856625	1
QID965	7.162255347953161	1
QID966	0.9356749127340506	1
QID967	0.709236300710621	1
QID968	3.480945848282021	2
QID969	2.923183950889922	1
QID970	5.57237848744601	1
QID971	3.1903344347395985	1
QID972	7.746115472364237	1
QID973	0.3332806068972832	1
QID974	0.08734500809661053	1
QID975	8.360238530387605	1
QID976	0.9131656535667568	1
QID977	1.7255033818174572	1
QID978	10.613315305417467	2
QID979	12.425275202962613	2
QID980	13.307379144847966	2
QID981	2.111836389477914	1
QID982	6.222606943747053	1
QID983	0.1463039765777608	1
QID984	7.051746061059313	1
QID985	4.055884275869243	1
QID986	0.009839112280652198	1
QID987	7.187170455299188	2
QID988	7.560847211969254	1
QID989	3.6665238487663614	1
QID990	1.1120538520221483	1
QID991	15.013684697532833	2
QID992	2.7164344026949143	1
QID993	7.630672589329258	1
QID994	3.2019533589066587	1
QID995	7.465024150043438	2
QID996	4.046161686777094	1
QID997	10.434720630270137	1
QID998	9.165522602097925	2
QID999	3.119104842586909	1
QID1000	1.6650869496505167	1
QID1001	3.1355988243298767	1
QID1002	0.353265838302777	1
QID1003	1.2044726831401384	1
QID1004	9.049966008116225	1
QID1005	0.5295723115724797	1
QID1006	5.567676164001526	2
QID1007	8.962775568641694	2
QID1008	7.516378285906089	1
QID1009	3.0827171234473827	1
QID1010	1.8644171303544408	1
QID1011	4.65323830375753	1
QID1012	2.0322988634098915	1
QID1013	0.6631824823832109	1
QID1014	2.4063937518872933	1
QID1015	2.587112732786514	1
QID1016	5.1531256558536365	1
QID1017	0.41563140875985627	1
QID1018	3.61730600624068	1
QID1019	3.1975402459544804	1
QID1020	8.304932361620939	2
QID1021	1.223804925893324	2
QID1022	0.3964692147293608	1
QID1023	1.7499076996658465	1
QID1024	3.0710388820054098	1
QID1025	3.3138785866768727	1
Q2688	0.5272422550429354	2
QID1026	10.25197700963631	1
QID1027	1.9850949413827084	1
QID1028	4.9533450107488095	1
QID1029	4.455945886971153	2
QID1030	1.3639158715010862	1
QID1031	1.2545490551884189	1
QID1032	10.357763530161836	1
QID1033	4.7191724213686115	1
QID1034	3.0277974938741696	1
QID1035	4.5307019523291965	1
QID1036	0.9820919403629168	1
QID1037	9.801790952787293	2
QID1038	5.058452199641309	1
QID1039	5.083953743544861	1
QID1040	0.1417084004679116	1
QID1041	4.446114123072022	2
QID1042	3.807878519511148	1
QID1043	0.8923275531082828	1
QID1044	1.347181961483323	1
QID1045	9.734419521963586	2
QID1046	5.97017930539339	2
QID1047	8.928502602256042	1
QID1048	2.610583126101632	1
QID1049	11.977871851108837	3
QID1050	4.9191540567858505	2
QID1051	4.757211333912757	1
QID1052	0.9885150851487068	1
QID1053	8.187912750299494	1
QID1054	5.73688667894561	1
QID1055	7.199424197657968	1
QID1056	1.5872656783756358	2
QID1057	4.748217238446206	1
QID1058	3.3938934511266976	1
QID1059	1.8241694039252891	1
QID1060	1.5385497109867154	1
QID1061	6.241191275782935	1
QID1062	1.7105299506122629	1
QID1063	3.102812525741368	1
QID1064	8.612838509847156	1
QID1065	6.565081127038492	1
QID1066	8.328316402892236	2
QID1067	11.686156336347887	1
QID1068	2.812490537420919	1
QID1069	6.7089204421005615	2
QID1070	0.5554014287329045	1
QID1071	5.107050808630124	1
QID1072	0.8290316071482756	1
QID1073	3.8004431046003098	2
QID1074	4.607325742623458	2
QID1075	11.462872386067977	2
QID1076	1.3511398703737374	1
QID1077	4.7654350194805835	1
QID1078	0.028282919499403567	1
QID1079	4.946343019420347	1
QID1080	0.2682087272302061	1
QID1081	0.9055026539725212	1
QID1082	11.733142544034965	1
QID1083	3.603892260769837	1
QID1084	7.162977520949027	1
QID1085	12.846172493036251	2
QID1086	6.261766344656213	1
QID1087	2.1003763836962093	1
QID1088	6.316325246825214	1
QID1089	1.038130971355412	1
QID1090	1.2552298350293856	1
QID1091	4.3719518379626825	1
QID1092	3.921164987674101	2
QID1093	2.2414120011117658	1
QID1094	5.567838226388784	1
QID1095	2.2493494369064884	1
QID1096	2.638730944728615	1
QID1097	3.0176979505505876	1
QID1098	0.11869613420584095	1
QID1099	4.398915954993088	1
QID1100	2.612009619746529	1
QID1101	5.125628867344002	1
QID1102	0.319740071868626	1
QID1103	10.41440970830737	2
QID1104	1.4028623346357334	1
QID1105	0.4654358408668679	1
QID1106	1.473249906709488	1
QID1107	6.961003399242737	1
QID1108	1.153014933226533	1
QID1109	0.34068958837569424	1
QID1110	7.456578782485738	1
QID1111	7.30368432106773	1
QID1112	5.649725955935705	1
QID1113	1.6655314409158242	1
QID1114	7.143034331541893	1
QID1115	2.9910915596185794	1
QID1116	3.3039783892412613	1
QID1117	4.984094773377253	1
QID1118	2.332107353512771	1
QID1119	2.510260542847442	1
QID1120	4.726040240720629	1
QID1121	3.63166055618626	2
QID1122	3.0839711628883064	1
QID1123	11.170126788711098	1
QID1124	8.028827969528686	1
QID1125	2.22718849976368	1
QID1126	0.7736166146553999	1
QID1127	4.77961725086287	2
QID1128	3.8894367375913776	1
QID1129	7.418684079548547	1
QID1130	6.169536675558544	1
QID1131	10.874540007931415	2
QID1132	4.216324407434822	2
QID1133	6.806359632715313	1
QID1134	6.211982969230478	1
QID1135	10.916614406747119	1
QID1136	6.660223319046161	1
QID1137	1.747077888894785	1
QID1138	4.8927110265643865	1
QID1139	5.07432444383006	1
QID1140	3.08910816275535	1
QID1141	1.8703442730393045	1
QID1142	12.562021369990804	3
QID1143	3.2540287724439554	1
QID1144	1.0115300201348796	1
QID1145	2.1291118779231533	1
QID1146	11.8890048812036	2
QID1147	9.988864921334148	3
QID1148	2.4493532650796306	1
QID1149	10.121212921302595	1
QID1150	5.579339285972979	1
QID1151	9.34473648481283	3
QID1152	1.7673590110089377	1
QID1153	2.7482127384779544	1
QID1154	10.471323128609477	1
QID1155	1.3009533174949794	1
QID1156	17.111271120175214	2
QID1157	2.5471820331104515	1
QID1158	4.429158264383456	1
QID1159	3.187870867412585	1
QID1160	3.448480856076128	1
QID1161	2.3901591115377694	1
QID1162	6.081864733637338	1
QID1163	1.618402324739285	1
QID1164	7.368999214933022	1
QID1165	0.6965267562279055	1
QID1166	0.11587987707837752	1
QID1167	11.014242381283527	1
QID1168	5.821929792775851	2
QID1169	3.2236738927756208	1
QID1170	11.617829465445757	1
QID1171	4.1318561342353615	1
QID1172	7.6862299789850015	1
QID1173	1.4155087144181795	1
QID1174	0.6077978372739861	1
QID1175	7.4526332120307615	1
QID1176	5.014734500683323	1
QID1177	6.299777456080662	1
QID1178	4.9657314926112335	1
QID1179	0.13347703114211254	1
QID1180	7.175429042704237	1
QID1181	3.114352819452121	1
QID1182	5.529515783712442	1
QID1183	5.182512151259352	2
QID1184	1.2742925821609872	1
QID1185	9.867440691674224	1
QID1186	4.506017935248967	1
QID1187	10.029665516065656	1
QID1188	3.1508099737437116	1
QID1189	3.7200742600687744	1
QID1190	0.4508514697001361	1
QID1191	4.288109840031482	1
QID1192	3.973673570921241	1
QID1193	2.2705098595166096	1
QID1194	13.740679666242828	1
QID1195	10.529543407375167	1
QID1196	4.28117237129501	1
QID1197	2.9299496266850404	1
QID1198	12.369845676848016	1
QID1199	4.415652211157211	2
QID1200	2.7219592965010766	1
QID1201	0.5454024380101684	1
QID1202	5.942520574119749	1
QID1203	2.474178905258364	1
QID1204	5.335127860580994	1
QID1205	3.516978282470708	1
QID1206	5.171633363592309	1
QID1207	4.321903326328859	1
QID1208	1.9626690503602842	1
QID1209	0.3586534879359724	1
QID1210	8.093845643088848	1
QID1211	2.0513258176663545	1
QID1212	11.439332510811882	2
QID1213	7.75114509408264	1
QID1214	0.7268486022823374	1
QID1215	1.9655866362860697	2
QID1216	5.153340649248991	1
QID1217	2.2942487212279845	1
QID1218	3.1023750114146735	1
QID1219	9.580369781315527	1
QID1220	4.928537682843769	1
QID1221	5.194344493119139	1
QID1222	11.118517069227929	1
QID1223	1.3245524826371686	1
QID1224	10.311895661777069	1
QID1225	1.8005068950790328	1
QID1226	5.619320397322607	1
QID1227	6.568033981934128	1
QID1228	0.6246516244457403	1
QID1229	5.2921392322179335	1
QID1230	2.7781868451865592	1
QID1231	1.7103389834678353	1
QID1232	4.393447209763472	1
QID1233	2.808254143095556	1
QID1234	0.5076217290528929	1
QID1235	3.1054473584140525	1
QID1236	3.7692436858866087	1
QID1237	0.6744661797061848	1
QID1238	2.2980223776801663	2
QID1239	3.4727268116684997	1
QID1240	1.8971060179192567	1
QID1241	6.419249851624807	1
QID1242	1.7481336964989835	1
QID1243	2.3345210608544	1
QID1244	6.499686184570416	1
QID1245	4.554700676198802	1
QID1246	8.556992140225857	1
QID1247	1.8287285357626017	1
QID1248	1.4597974105568612	1
QID1249	10.163208517066836	1
QID1250	6.893368071112887	1
QID1251	10.488278377284924	1
QID1252	0.8390653956284796	1
QID1253	0.7213109309544176	2
QID1254	0.02316373873463809	1
QID1255	3.17137061408106	1
QID1256	8.595531977532225	1
QID1257	4.966402522456089	2
QID1258	4.296881088193058	1
QID1259	3.948055380385644	1
QID1260	3.417951137146768	1
QID1261	2.1309129863875635	2
Q2689	0.683044565566656	2
QID1262	11.468657932634507	2
QID1263	7.381072317346266	1
QID1264	1.5560735610440388	1
QID1265	6.502734044143463	1
QID1266	13.83649369740963	4
QID1267	9.193170795082542	1
QID1268	2.3138797768290096	1
QID1269	4.429520068866657	1
QID1270	2.4526848421284653	2
QID1271	4.947031764971801	1
QID1272	1.3169639781214662	1
QID1273	14.059331146336193	1
QID1274	0.13067706978031565	1
QID1275	4.91845875793121	1
QID1276	3.485297608027732	1
QID1277	3.700996630653342	1
QID1278	1.348211604773407	1
QID1279	7.449974312629997	1
QID1280	5.079192889006277	1
QID1281	2.857935932802637	1
QID1282	2.2287565621853	1
QID1283	3.8337083724179575	1
QID1284	1.9334433882893207	1
QID1285	5.835571930113032	2
QID1286	10.494406882099797	2
QID1287	13.893063698892352	2
QID1288	0.3192803971233873	1
QID1289	0.7382023966501007	1
QID1290	11.704249733352697	3
QID1291	2.2363115234755284	1
QID1292	8.200785290134768	1
QID1293	9.142369841998471	1
QID1294	4.1544658529259015	1
QID1295	6.650993478171087	2
QID1296	2.378732157364249	1
QID1297	1.8319985133368373	1
QID1298	1.4351568444043412	1
QID1299	3.844232230376916	1
QID1300	2.018013305687329	1
QID1301	2.3939299771493827	2
QID1302	0.6861345229894269	1
QID1303	6.484551922813914	1
QID1304	5.42265286355739	1
QID1305	4.356040027723437	2
QID1306	7.6155349649480435	1
QID1307	1.7368641991718488	1
Q2690	3.599342819811429	2
QID1308	4.867593892766174	1
QID1309	8.119174839264385	1
QID1310	7.6823748434065156	1
QID1311	0.5215597060568383	1
QID1312	0.33077267740055305	1
QID1313	4.65012188956859	1
QID1314	2.5045071224269377	1
QID1315	2.083156516719889	1
QID1316	12.980889061489556	2
QID1317	10.071760897887152	1
QID1318	6.133184580150938	1
QID1319	1.8562415791719689	1
QID1320	4.382805689215177	1
QID1321	6.889856456755703	1
QID1322	7.87412234660121	1
QID1323	5.212225030410504	1
QID1324	0.5691822180515733	1
QID1325	4.1350074980325005	1
QID1326	5.411651172112033	1
QID1327	0.3753560186726739	1
QID1328	5.604058507787742	2
QID1329	2.5696143147826738	1
QID1330	7.9349305588621375	1
QID1331	2.6982622907921785	1
QID1332	11.786858652207206	3
QID1333	4.408611491629054	1
QID1334	3.449386448151297	1
QID1335	5.2498674384822595	1
QID1336	0.16610842477077556	1
QID1337	8.45329384621338	1
QID1338	0.8614717290695034	1
QID1339	6.451339813751803	1
QID1340	0.5457944116693773	1
QID1341	2.11367100232562	1
QID1342	3.5722062608676954	1
QID1343	3.0118132360148513	1
QID1344	0.9471678238531688	1
QID1345	5.003184710205159	1
QID1346	0.7771646651624241	1
QID1347	5.083863996898915	1
QID1348	19.995934843435432	5
QID1349	0.6688295943613951	1
QID1350	7.668988314840401	2
QID1351	19.538020738713115	2
QID1352	0.5551677424901128	2
QID1353	9.585408232263008	2
QID1354	0.9517232911982058	1
QID1355	6.009296467265591	1
QID1356	1.1838548625018899	1
QID1357	8.872181242462784	2
QID1358	1.9134206494635468	1
QID1359	0.5846239955639927	1
QID1360	7.908694437571301	1
QID1361	3.314202792022092	1
QID1362	12.488200087570824	1
QID1363	6.793873929109181	2
QID1364	3.9099902421373978	1
QID1365	3.9889703229672944	1
QID1366	14.242214445224784	2
QID1367	3.163387686460899	1
QID1368	5.192684016904309	1
QID1369	4.456312718234163	1
QID1370	1.6783115623392222	1
QID1371	2.2788359014197277	2
QID1372	5.5529516677352735	1
QID1373	2.2285024274163967	1
QID1374	6.245879040268139	1
QID1375	6.077060642252605	1
QID1376	2.625365694779177	1
QID1377	2.9138868227120573	1
QID1378	1.9086605642127925	1
QID1379	6.033887852325815	1
QID1380	5.510858608168356	1
QID1381	1.5282949542563358	1
QID1382	6.133464735563966	1
QID1383	1.5960315794999709	1
QID1384	0.6676429302822229	1
QID1385	4.092636264381499	1
QID1386	5.520092159788087	1
QID1387	2.71996408690457	1
QID1388	0.32002365748044515	1
QID1389	5.5725554177758685	1
QID1390	6.230680192409997	1
QID1391	2.222621093020668	1
QID1392	1.1482332023499562	2
QID1393	3.876906247644062	1
QID1394	2.829407165893605	1
QID1395	3.8738371930305537	2
QID1396	3.6772986169467	1
QID1397	0.6951389033551651	2
QID1398	7.440266572324959	1
QID1399	4.796225904776604	1
QID1400	5.8015990392286465	1
QID1401	4.051722722131179	1
QID1402	2.8563542240696345	1
QID1403	2.444426354771365	1
QID1404	6.0864808711836025	1
QID1405	9.518900640220515	1
QID1406	2.8586339365247952	1
QID1407	5.0223604194645075	1
QID1408	7.827372566901149	1
QID1409	0.4774342806297994	1
QID1410	6.998400486498258	1
QID1411	2.9216778438937996	2
QID1412	6.084522856642629	1
QID1413	1.3818220128809162	1
QID1414	8.12194730677886	2
QID1415	7.89244586002732	2
QID1416	4.274607714748802	1
QID1417	8.450204835879108	2
QID1418	2.0932081198136907	1
QID1419	0.5698096001144618	1
QID1420	5.663487674508942	1
QID1421	0.9234262867035896	1
QID1422	10.097455386608825	1
QID1423	6.001449494876976	1
QID1424	1.9408115813987536	1
QID1425	5.515809367635502	1
QID1426	2.562852259425677	1
QID1427	1.2819289899691495	1
QID1428	3.878191810287836	1
QID1429	3.4520545835952343	1
QID1430	0.9856531355203996	1
QID1431	5.710289280198097	1
QID1432	3.2237525354384964	1
QID1433	0.5184061244739755	1
QID1434	3.6206691609880233	1
QID1435	2.1889640534266643	1
QID1436	6.165757130851962	1
QID1437	5.3003252203135895	1
QID1438	0.9983145938588048	1
QID1439	1.7145914441439	1
QID1440	0.9277769040826684	1
QID1441	0.19710999258799908	1
Q2691	3.3641219115808703	2
QID1442	9.230280948439685	1
QID1443	9.397881050099862	1
QID1444	3.5953299561798784	1
QID1445	8.421292517162648	1
QID1446	0.9235677982877859	2
QID1447	6.716145748435695	1
QID1448	10.11758978908022	1
QID1449	4.312031037912186	1
QID1450	6.057387398517704	1
QID1451	1.1847545702797326	1
QID1452	8.434991400252743	1
QID1453	0.1706682648768327	1
QID1454	2.6880570345202486	1
QID1455	1.4034564330680448	1
QID1456	0.016367691732475074	1
QID1457	8.345053493960693	1
QID1458	3.7474710230260926	1
QID1459	2.285410740911009	2
QID1460	7.48690371777567	4
QID1461	0.42630719706582015	1
QID1462	6.293977162071978	3
QID1463	4.616038842504711	1
QID1464	0.6389560040230869	1
QID1465	3.4352793150528336	1
QID1466	2.9117753257995664	1
QID1467	3.23344840405638	1
QID1468	4.357093545343778	2
QID1469	1.624925275844479	1
QID1470	4.3878888840415415	1
QID1471	6.3587177045445396	1
QID1472	1.897242349594136	1
QID1473	4.730234263284638	1
QID1474	0.1574668800407881	1
QID1475	2.0357067218220593	1
QID1476	4.800708319167146	1
QID1477	3.2020054336260007	2
QID1478	1.1064687831813664	1
QID1479	9.434881555960892	1
QID1480	9.678452274269777	1
QID1481	1.0187323877269363	1
QID1482	10.260424168600936	1
QID1483	3.208164702491255	1
QID1484	6.390748308051924	1
QID1485	1.063915265883091	2
QID1486	1.9104228908080607	1
QID1487	4.186067760739191	1
QID1488	4.5498540046180285	1
QID1489	5.0490803177017645	1
QID1490	5.870609264807579	1
QID1491	5.22692213051621	1
QID1492	2.2675754389177945	1
QID1493	5.324854549119267	1
QID1494	5.139672572016601	1
QID1495	1.111332531639646	2
QID1496	3.7290040507859628	1
QID1497	9.09956197800856	1
QID1498	2.5649764729842244	2
QID1499	3.9245168488988234	1
QID1500	0.8380261942629508	1
QID1501	6.545039427418677	1
QID1502	0.1607421596962638	1
QID1503	1.5644574005087026	2
QID1504	2.138351128658508	1
QID1505	1.482218984570292	1
QID1506	3.9910890719419134	1
QID1507	7.028560096328113	1
QID1508	5.484816313562684	1
QID1509	5.967490176833682	1
QID1510	1.811259832376588	1
QID1511	0.30635583969091346	1
QID1512	0.1815579415970968	1
QID1513	2.4707152887906183	1
QID1514	3.9503253780093335	1
QID1515	9.879484690718991	1
QID1516	0.030161992465174488	1
QID1517	2.7704735502363698	1
QID1518	9.137509829100168	1
QID1519	2.3195307579194626	1
QID1520	7.564833037205673	3
QID1521	0.020866039872508717	1
QID1522	1.932653314565906	1
QID1523	3.0389186195417075	1
QID1524	5.949542725792822	1
QID1525	0.7619338969541148	1
QID1526	2.584830440350724	1
QID1527	0.36906490071108106	1
QID1528	0.5149114650024319	2
QID1529	8.950388980666247	1
QID1530	1.3425287606085463	1
QID1531	6.61501577184391	1
QID1532	0.918910808686052	1
QID1533	3.846366919529933	1
QID1534	5.084137125835022	1
QID1535	2.2386235656078752	1
QID1536	3.4334311613249064	2
QID1537	3.4895051345011288	1
QID1538	8.827072538456337	1
QID1539	1.5766920584490056	1
QID1540	10.125105423097578	1
QID1541	2.173398083377371	1
QID1542	1.899787325225125	1
QID1543	9.989182168091249	1
QID1544	9.459383876410717	1
QID1545	0.8919022987773337	1
QID1546	2.590164281202005	1
QID1547	0.4457472869373935	1
QID1548	2.8995482040317264	1
QID1549	2.4971309676654534	2
QID1550	3.9051293837611127	1
QID1551	4.782581193032477	1
QID1552	2.3347845956791478	1
QID1553	1.3671202607568038	1
QID1554	6.044132244962442	1
QID1555	2.365853464441288	1
QID1556	10.528614440737812	2
QID1557	0.23644498048386625	1
QID1558	4.4763619789394555	2
QID1559	4.996486214501101	1
QID1560	1.5236374473549283	1
QID1561	10.74807903430091	1
QID1562	4.255383268014707	1
QID1563	6.2313925934785095	2
QID1564	4.284024381117525	1
QID1565	4.5487040892933255	1
QID1566	0.10456619313345956	1
QID1567	2.002171133429979	1
QID1568	0.8790348406298426	1
QID1569	3.357957710722577	1
QID1570	1.0908612843516508	1
Q2692	11.556175070506926	2
QID1571	9.302452125635693	1
QID1572	12.959001461730928	2
QID1573	10.786327028011426	2
QID1574	9.72574968926676	3
QID1575	2.7626365164843794	1
QID1576	4.393594515434347	1
QID1577	4.201721220273963	1
QID1578	1.4260204660437832	1
QID1579	2.8617946319535874	1
QID1580	3.0346258380434263	1
QID1581	0.7183898076252508	1
QID1582	0.6431159403038024	1
QID1583	1.9966789647570964	1
QID1584	4.712925981729382	1
QID1585	4.58463190737381	1
QID1586	2.403304965075776	1
QID1587	10.068564765968256	1
QID1588	0.892625621176965	1
QID1589	0.20104879595627792	1
QID1590	2.721839934877844	1
QID1591	13.441015235215804	3
QID1592	3.839355906011493	1
QID1593	8.214051804326447	3
QID1594	2.6734325524411835	2
QID1595	1.1538786569361723	1
QID1596	6.109035944650171	1
QID1597	11.569964252853927	3
QID1598	7.507173831679085	1
QID1599	12.091614398283953	1
QID1600	2.2850849337745487	1
QID1601	3.1930213243929875	1
QID1602	3.0987052675388647	1
QID1603	3.6522712335595497	1
QID1604	1.367645513118082	1
QID1605	3.3163758652807025	1
QID1606	0.17639202761025075	1
QID1607	0.005492730699052375	1
QID1608	2.5154446069747327	1
QID1609	1.977075997549236	1
QID1610	4.942693293109416	1
QID1611	1.5296633295840034	1
Q2693	13.532780371939065	2
QID1612	13.638682160732195	2
QID1613	2.9154704574208674	1
QID1614	12.485353691438634	3
QID1615	7.280815315430367	1
QID1616	6.874959122815684	1
QID1617	0.11908541076375785	1
QID1618	0.059186094573445286	1
QID1619	5.3380681607619405	1
QID1620	4.422599598921807	2
QID1621	7.021182755085722	2
QID1622	1.5328377105703035	1
QID1623	3.6135078826417697	1
QID1624	1.2551746375104045	1
QID1625	7.9253167120121875	1
QID1626	3.4305671577566184	1
QID1627	7.178312643768604	3
QID1628	6.626413294936678	2
QID1629	3.7857026126418623	1
QID1630	7.546294593143956	1
QID1631	4.368665622540707	1
QID1632	3.2375189279099024	1
QID1633	1.807467923689708	2
QID1634	7.9876037300127445	1
QID1635	1.3400186534147065	1
QID1636	5.475899356260302	1
QID1637	1.9112232928328563	1
QID1638	3.740155874359439	1
QID1639	1.1277824750122978	1
QID1640	2.8633848788038714	2
QID1641	0.9602020858841688	1
QID1642	3.2017443131106287	2
QID1643	1.7238001360975197	1
QID1644	3.6517290838429313	1
QID1645	5.613235625312097	1
QID1646	0.7863700966267958	1
QID1647	2.8975500992627383	1
QID1648	8.143825624262227	2
QID1649	4.580568441303463	2
QID1650	0.13559892145418745	2
QID1651	1.8674748879679703	1
QID1652	4.642120345388363	2
Q2694	3.6653163122499883	2
QID1653	6.577437625219263	3
QID1654	6.656023058156237	1
QID1655	3.6546891341224823	1
QID1656	2.4561436453976087	1
QID1657	4.646587324119339	1
QID1658	9.96946619181076	2
QID1659	2.129354364236276	1
QID1660	10.891080419676586	1
QID1661	5.090264077980311	1
QID1662	2.7573451947301235	1
QID1663	1.254016980131857	1
QID1664	11.023321274168381	1
QID1665	0.9500512412303816	1
QID1666	3.3690928049664106	1
QID1667	0.04926361005789147	1
QID1668	6.068162465991088	2
QID1669	6.31478574174422	1
QID1670	5.806351630399939	1
QID1671	0.7708279755409045	1
QID1672	0.5232032860175458	1
QID1673	2.5533978407157605	2
QID1674	5.070372735351067	1
QID1675	3.1642783526413245	2
QID1676	1.9243241885645117	1
QID1677	6.293683223317716	1
QID1678	12.806935269151941	3
QID1679	2.220728072113454	1
QID1680	4.775685780257027	1
QID1681	0.06258617182334268	1
QID1682	1.0894749288155057	2
QID1683	7.318119777398512	2
QID1684	7.719929636486398	1
QID1685	3.5392246849320768	1
QID1686	2.0380319818696617	1
QID1687	2.3285877591727884	1
QID1688	5.152968766447282	1
QID1689	5.348034841271434	1
QID1690	4.416894468554059	1
QID1691	11.304672725619097	1
QID1692	0.8959159038831621	2
QID1693	12.056620996205153	2
QID1694	6.48008275206584	1
QID1695	1.905803350999052	1
QID1696	10.174745621759678	2
QID1697	7.573654203071849	1
QID1698	1.1066714925687706	1
QID1699	0.5283073525674008	1
QID1700	4.043383703697633	1
QID1701	2.039800514033937	1
QID1702	16.771751688086642	3
QID1703	13.824884346975873	3
QID1704	7.518287004608616	1
QID1705	0.18139635040151472	1
QID1706	6.757732222338699	1
QID1707	3.946084717930793	1
QID1708	1.9497686443127176	1
QID1709	0.013195480540271271	1
QID1710	8.728610770884	1
QID1711	6.2752257770972175	1
QID1712	1.8606173434503328	1
QID1713	3.4162951995293733	1
QID1714	6.683252406444204	1
QID1715	6.566854812492582	1
QID1716	10.704734048507037	2
QID1717	3.475869812494449	1
QID1718	1.058572907254495	1
QID1719	2.4949140181436182	1
QID1720	4.4463883872158085	1
QID1721	6.3120323565627405	1
QID1722	10.086056390536275	1
QID1723	0.8335752576703279	1
QID1724	1.3043991854808676	1
QID1725	5.327037935464672	1
QID1726	2.371439407332722	1
QID1727	6.071482567988586	1
QID1728	2.9267364878830375	2
QID1729	12.056776098471305	2
QID1730	7.691736889039523	1
QID1731	2.5946638649522207	2
Q2695	9.14357587184262	2
QID1732	12.447776067713184	1
QID1733	4.746855362210228	1
QID1734	4.902502649162004	1
QID1735	5.191141067139943	1
QID1736	0.10503719066690204	1
QID1737	14.117742790697855	2
QID1738	4.833205805263169	1
QID1739	8.415149712882654	1
QID1740	4.158896958798823	1
QID1741	0.18635089997580448	1
QID1742	3.210875505726952	2
QID1743	3.368288809820178	1
QID1744	6.989643463337015	1
QID1745	4.2858492825524985	1
QID1746	0.6947670018713173	1
QID1747	8.388531435307026	2
QID1748	3.812520818358296	1
QID1749	1.9759628964378275	1
QID1750	2.598287561053827	1
QID1751	8.576369641208682	1
QID1752	0.1869334791194672	1
QID1753	5.840103117645928	1
QID1754	5.061844650248472	1
QID1756	10.685814577258038	1
QID1757	0.8785593144848983	1
QID1758	5.299047834830763	2
QID1759	1.9036908752790829	1
QID1760	8.153312507984602	1
QID1761	1.2697489594114837	1
QID1762	6.074464377845963	1
QID1763	9.162354985467637	1
QID1764	2.732886085588869	1
QID1765	6.2533544757505295	1
QID1766	1.162966564221586	1
QID1767	3.44728011856548	1
QID1768	1.2126740437058172	1
QID1769	7.422543604092951	1
Q2696	1.1194012355302527	1
QID1770	8.301603705553037	1
QID1771	9.606707715488731	1
QID1772	9.853107864287702	1
QID1773	4.832169590124874	1
QID1774	9.056005922958551	1
QID1775	4.174479436656953	1
QID1776	6.985514997368371	2
QID1777	1.7642940898758182	1
QID1778	2.091837013095532	1
QID1779	8.010659194772497	3
QID1780	1.1941799895529284	1
QID1781	1.6120387176803783	1
QID1782	5.732062344061676	2
QID1783	5.528561481343234	1
QID1784	1.9262514083844433	1
QID1785	7.358808183832706	1
QID1786	0.011582295400158324	1
QID1787	6.967301116495142	1
QID1788	1.931118818062749	1
QID1789	1.8675024551943318	1
QID1790	6.308081040167256	1
QID1791	1.2708182038387348	1
QID1792	4.090467074770993	1
QID1793	7.508175276724298	1
QID1794	2.1152037424092067	1
QID1795	0.8468305292419258	1
QID1796	4.5124233706699375	1
QID1797	1.5062601703778953	1
QID1798	13.459694145251088	1
QID1799	9.649508759315664	1
QID1800	0.592427293260429	1
QID1801	0.9151080138390516	1
QID1802	4.757186740268608	1
QID1803	4.233559840782458	1
QID1804	0.5178200494541763	1
QID1805	0.00963120023241866	1
QID1806	0.26378617970287965	1
QID1807	3.6978377681592085	2
QID1808	5.25834580490208	1
QID1809	4.888037482008416	1
QID1810	7.400701683925146	1
QID1811	2.9318029828325427	1
QID1812	1.0225767442668483	1
QID1813	4.039935917586087	1
QID1814	1.8628811981541733	1
QID1815	3.8713431453423186	1
QID1816	11.33652774166977	1
QID1817	12.786931020228904	1
QID1818	6.0401145030979535	1
QID1819	1.2206588947460693	1
QID1820	15.313263459433918	1
QID1821	2.561448340758776	1
QID1822	3.788645111171085	1
QID1823	0.4327294997375956	1
QID1824	3.235327757949116	2
QID1825	3.319360257878416	1
QID1826	1.9360154870662885	1
QID1827	4.973713189197679	1
QID1828	3.3525213888875216	1
QID1829	4.641967265221777	1
QID1830	0.01610240965812679	1
QID1831	4.9268840447760285	1
QID1832	0.2043348801118268	1
QID1833	6.046642979214005	1
QID1834	5.020206254283453	1
QID1835	1.605737135409817	1
QID1836	2.3885124640495983	1
QID1837	3.441642282886259	1
QID1838	3.954372068886945	1
QID1839	0.06650962557714593	1
QID1840	5.868531429055077	1
QID1841	3.0830333693740064	2
QID1842	1.361559599362177	1
QID1843	8.874432392046813	1
QID1844	3.632265974842704	1
QID1845	1.3901783130064254	1
QID1846	3.1504847055827208	2
QID1847	4.101944781152945	1
QID1848	4.8302415437191435	1
QID1849	11.436038310307536	1
QID1850	3.91175490637354	1
QID1851	4.4045085340219465	1
QID1852	2.981582746263165	1
QID1853	6.383690792706445	1
QID1854	0.8600765407906293	1
QID1855	3.991336600028877	1
QID1856	1.0072347950555318	1
QID1857	1.0769937075215592	1
QID1858	1.4343826918771558	1
QID1859	5.3950357395197965	2
QID1860	0.7910963666589079	1
QID1861	6.380665352816143	1
QID1862	9.12187270249026	1
QID1863	3.0192925666185597	1
QID1864	7.838858233489504	2
QID1865	2.483988119745839	1
QID1866	4.37142898112124	1
QID1867	1.8132863505394616	1
QID1868	3.2639629167193402	1
QID1869	4.6192705543820445	2
QID1870	9.07189462268577	1
QID1871	3.740427654558102	1
QID1872	10.321996749441071	2
QID1873	7.144264426724001	1
QID1874	0.9404608236373586	1
QID1875	6.6650415778343115	1
QID1876	5.058542687484919	2
QID1877	4.564066781902906	1
QID1878	0.8285168425566335	2
QID1879	4.255185726596664	1
QID1880	2.1397934545362034	1
QID1881	3.0801818758316006	1
QID1882	4.117174486378625	2
QID1883	5.6084483914579435	1
QID1884	3.02979822679332	2
QID1885	2.6513685637693896	1
QID1886	4.763093279970021	2
QID1887	3.357032720033567	1
QID1888	6.399821420891622	1
QID1889	1.6000505030206074	1
QID1890	5.785780650199442	1
QID1891	0.1761150738743512	1
QID1892	0.8579627409741264	1
QID1893	12.882346758094988	2
QID1894	0.08163795488935974	1
QID1895	6.107914967705656	1
QID1896	0.03501167704542152	1
QID1897	6.278862857281327	1
QID1898	5.437297621047356	1
QID1899	5.924985379312525	1
QID1900	0.01673743022996585	1
QID1901	4.009874388668195	1
QID1902	5.604249873969739	1
QID1903	1.9612978422631528	1
QID1904	0.8079842372223699	1
QID1905	1.9293308596265175	1
QID1906	0.12195332598444633	1
QID1907	2.919223132397188	1
QID1908	5.919107946090964	1
QID1909	2.8693347821111845	2
QID1910	3.0237010248988487	1
QID1911	1.0310835441341972	1
QID1912	4.753394449432577	2
QID1913	1.4776993755072685	1
QID1914	2.838464076978953	1
QID1915	5.2947930975871715	1
QID1916	0.464073191927193	1
QID1917	3.6929028505073753	1
QID1918	2.8739517564315538	1
QID1919	3.6948506797754814	1
QID1920	2.9734906723313563	2
QID1921	17.831426823138052	2
QID1922	4.810744493593843	1
QID1923	5.137859772236805	1
QID1924	4.943773014217288	1
QID1925	3.3988912011405668	2
QID1926	3.666634601398712	1
QID1927	2.8794093992785923	1
QID1928	1.8345352748556047	1
QID1929	2.8831602328910666	2
QID1930	2.5422208079238167	1
QID1931	2.4047211270166144	2
QID1932	8.368187838347154	1
QID1933	0.7652290298172002	1
QID1934	3.4840826596383465	1
QID1935	6.687969011060178	1
QID1936	8.902608874985251	1
QID1937	7.868181860947438	1
QID1938	10.743749885959438	1
QID1939	4.500479649960561	1
QID1940	2.4704278013624794	1
QID1941	6.732532256248853	1
QID1942	15.697915525296645	2
QID1943	4.156922967219037	1
QID1944	1.1144969159975608	1
QID1945	2.1472139548281217	1
QID1946	9.193278762068104	2
QID1947	2.7550065477220937	1
QID1948	1.9132642538385516	1
QID1949	1.6256516456309464	1
QID1950	6.034224515977418	1
QID1951	1.5499300875942188	1
QID1952	3.724456649350873	1
QID1953	4.187325417885779	1
QID1954	6.360111167305799	1
QID1955	4.8593625035288985	1
QID1956	14.040431519239807	3
QID1957	2.956905304184162	1
QID1958	6.3353314937342695	1
QID1959	1.5468942282941198	1
QID1960	5.919187139238032	1
QID1961	4.352660033688402	1
QID1962	3.3568223506735504	2
QID1963	0.8653792555524107	1
QID1964	0.8367507286252764	1
QID1965	9.58707996024621	1
QID1966	6.081650172373343	1
QID1967	3.0724977848862105	1
QID1968	6.064927973049801	1
QID1969	8.265432375561979	1
QID1970	0.8427958361400195	1
QID1971	3.91258725870488	1
QID1972	1.5960696670096768	1
QID1973	5.3443070561997486	1
QID1974	1.1665653282943704	1
QID1975	12.86361051889986	3
QID1976	2.6861516267949934	4
QID1977	10.01666890480626	1
QID1978	8.096498054863869	1
QID1979	0.08857677666757731	1
QID1980	0.0883837478056695	1
QID1981	4.201716592415335	1
QID1982	12.357957514116096	1
QID1983	1.6913091654115815	1
QID1984	8.303851664195387	1
QID1985	0.4188204334761365	1
QID1986	1.6242438881099044	1
QID1987	3.3465587392069933	1
QID1988	11.168729759322623	1
QID1989	1.450040811713604	2
QID1990	15.34828130688734	2
QID1991	13.290026218490045	2
QID1992	4.872346770340434	1
QID1993	2.4918090274128373	1
QID1994	7.463515403472291	1
QID1995	8.42012510778416	2
QID1996	2.076016143676345	1
QID1997	3.9246616299380483	1
QID1998	0.15828437273777793	1
QID1999	14.913532165234821	1
QID2000	9.922506158313604	1
QID2001	3.3419626234103497	2
QID2002	1.5906311302230742	1
QID2003	9.448053490082287	1
QID2004	9.07720309745243	4
QID2005	4.494966489804048	1
QID2006	2.58788798735075	1
QID2007	12.512474250245239	3
QID2008	5.813901651330426	1
QID2009	0.046981013198849265	1
QID2010	6.086988259357091	1
QID2011	7.496489901751171	2
QID2012	2.618810833126136	1
QID2013	1.804687695596881	1
QID2014	3.5380230187714616	2
QID2015	11.810001334880653	1
QID2016	6.577488597362423	1
QID2017	2.515593648291244	1
QID2018	5.73902301766127	1
QID2019	1.7864575948630737	1
QID2020	6.112742932371701	2
QID2021	5.156390400491968	1
QID2022	8.66454645241961	2
QID2023	7.110240652829896	1
QID2024	6.850052961626486	1
QID2025	3.5207036113106818	1
QID2026	2.009628131055212	1
QID2027	19.810806611598586	2
QID2028	3.2489321648176914	1
QID2029	1.8543003899241772	2
QID2030	9.164227280320622	1
QID2031	1.7344380735594829	1
QID2032	5.005240523294462	1
QID2033	3.9277366179125615	1
QID2034	2.306928396780187	1
QID2035	4.6219221405229485	1
QID2036	2.5433649026030345	1
QID2037	4.944734958582717	1
QID2038	2.430014830198424	1
QID2039	4.888562210599704	1
QID2040	8.692695799549734	1
QID2041	5.280155050531078	1
QID2042	2.9631762680699527	1
QID2043	3.4632604435916465	1
QID2044	0.23126137978203765	1
QID2045	2.7752327879323286	1
QID2046	3.161130738267964	1
QID2047	10.579878469131037	2
QID2048	5.5614660967213725	2
QID2049	10.455328681286673	1
QID2050	5.890487853451332	1
QID2051	1.7713699459029344	1
QID2052	1.1684181923427686	1
QID2053	0.9156397280329612	1
QID2054	1.2085864242119484	1
QID2055	0.2892483492964795	1
QID2056	0.5709035578094885	1
QID2057	2.5522572569405133	1
QID2058	1.5064424064281647	1
QID2059	8.81431525665422	2
QID2060	2.8045888939763173	1
QID2061	1.6990714094465438	1
QID2062	4.096329606569734	1
QID2063	5.9025449623960675	1
QID2064	0.8355273342499728	1
QID2065	4.544263240948089	1
QID2066	3.4950128710936283	2
QID2067	2.2164546068850095	1
QID2068	2.997197527486391	1
QID2069	2.1296387964242864	2
QID2070	5.234601517460838	1
QID2071	3.8909300611488287	1
QID2072	1.321508305301501	1
QID2073	6.5752368092089775	1
QID2074	0.9214857516289151	1
QID2075	1.6720928948684035	1
QID2076	8.004049070063918	1
QID2077	1.0454275245434927	1
QID2078	7.0679542664404895	1
QID2079	0.14235879472306048	1
QID2080	4.675776456831731	1
QID2081	2.419956439586457	1
QID2082	0.3898161528518755	1
QID2083	0.5261524443031901	1
QID2084	7.893669591330968	1
QID2085	5.574164417443622	1
QID2086	6.7728214273348994	1
QID2087	1.757110034967493	1
QID2088	5.8928123951215925	1
QID2089	5.15250406820986	1
QID2090	0.09093623058391027	1
QID2091	0.95894497180053	1
QID2092	6.925251119012704	1
QID2093	1.9666697287696455	1
QID2094	5.908781638460968	1
QID2095	0.1346885279604645	1
QID2096	0.9514224806390944	1
QID2097	6.604651364633097	1
QID2098	2.8473800862791427	1
QID2099	2.4421261566353922	1
QID2100	2.322376489968852	1
QID2101	3.3548759987026977	1
QID2102	0.28075364206531844	1
QID2103	0.9141286271072993	1
QID2104	4.256944579277667	1
QID2105	3.760956438855711	2
QID2106	3.370109039263601	1
QID2107	3.145148785961522	1
QID2108	2.9931271639596133	1
QID2109	3.018225709156685	1
QID2110	5.188320718094952	1
QID2111	5.342399638286723	1
QID2112	2.158481672218409	1
QID2113	6.260646386237369	1
QID2114	1.096691649483972	1
QID2115	5.025503163423738	2
QID2116	3.682458596519381	2
QID2117	1.3114476327576876	1
QID2118	9.664099331136734	1
QID2119	4.3171948148759975	1
QID2120	8.061041970518893	1
QID2121	0.2239575255760092	1
QID2122	3.7988927226061184	1
QID2123	0.08339183364675816	1
QID2124	0.1586690654426181	1
QID2125	5.902930124869477	1
QID2126	0.034620961814344674	1
QID2127	1.692900507228114	1
QID2128	2.5816382675988265	1
QID2129	0.20082159495905	1
QID2130	4.444192810649675	1
QID2131	0.2958919148425127	1
QID2132	1.9792782968630585	1
QID2133	3.47793091052897	1
QID2134	1.6508439679452291	1
QID2135	1.9264274372655108	2
QID2136	2.719498557993115	1
QID2137	7.1851216011566645	1
QID2138	2.196236146188832	1
QID2139	1.7328745967244727	1
QID2140	5.9445207394596284	1
QID2141	0.0789678699377583	1
QID2142	4.709730095571997	2
QID2143	5.615295244230961	2
QID2144	2.150260107316903	1
QID2145	5.406261087190957	1
QID2146	5.768132874940344	1
QID2147	6.0972761337846855	1
QID2148	0.06633111403360012	1
QID2149	1.1209178019132553	1
QID2150	8.474186148864298	1
QID2151	1.9730488091449625	1
QID2152	6.30932297098997	1
QID2153	5.427555011364487	1
QID2154	6.666252737122379	1
QID2155	0.08541614333159579	1
QID2156	3.7509341188219736	1
QID2157	10.272113562345405	1
QID2158	1.7815502347711258	1
QID2159	3.2150335758762774	1
QID2160	0.927987790114674	1
QID2161	0.3151092597428464	1
QID2162	0.22109252386864672	1
QID2163	3.3563340921218727	2
QID2164	11.168601967544225	1
QID2165	5.948555127526062	2
QID2166	5.514995779571409	1
QID2167	0.009792904701084966	1
QID2168	2.513434669298744	1
QID2169	7.707077478351791	4
QID2170	3.7549380110284902	1
QID2171	0.013839552958717256	1
QID2172	8.13461215120809	4
QID2173	1.6571561202145573	1
QID2174	3.306793138864813	1
QID2175	0.3319529234429143	1
QID2176	0.2345400236852541	2
QID2177	10.397694040324607	1
QID2178	5.043914962549845	1
QID2179	3.99894931976668	1
QID2180	6.033763278160857	1
QID2181	8.858607215422246	2
QID2182	8.746977281544389	2
QID2183	0.986689507739248	1
QID2184	3.8994480173038526	1
QID2185	1.6813657253318888	1
QID2186	1.5340226826551688	1
QID2187	2.3245217304453973	2
QID2188	2.408449332063525	1
QID2189	8.199311016913006	1
QID2190	0.9077397675346391	1
QID2191	0.3247798768120005	1
QID2192	5.39120949071912	2
QID2193	4.424809801460119	2
QID2194	3.4316043197420902	2
QID2195	2.6371412420505176	1
QID2196	5.910391056871482	1
QID2197	1.6947573199724033	2
QID2198	0.9074944149816164	1
QID2199	6.086505701104097	3
QID2200	0.6102554505636472	1
QID2201	2.2063909480205925	1
QID2202	0.8882240692480994	1
QID2203	2.105826929538753	1
QID2204	1.7985595597475978	1
QID2205	1.3354871777157196	1
QID2206	0.015084276730424482	1
QID2207	7.087982119973588	1
QID2208	0.0973462500345471	1
QID2209	0.3885485223909034	1
QID2210	0.8785473874002394	2
QID2211	5.54435459243379	1
QID2212	4.439042372228078	1
QID2213	7.255167056004572	1
QID2214	9.115052810136474	1
QID2215	2.456284394375476	1
QID2216	2.8238318265621345	1
QID2217	4.12941219530461	2
QID2218	4.3024524729915266	1
QID2219	1.0166599879906986	1
QID2220	5.766743065857903	1
QID2221	0.07781244316238403	1
QID2222	0.8183406336452005	1
QID2223	0.39643500120959146	1
QID2224	4.766820846770731	1
QID2225	1.5600948495880929	2
QID2226	2.9942740292113994	1
QID2227	2.9530706338789643	1
QID2228	1.2815244650893762	1
QID2229	3.5767022519939036	1
QID2230	0.5887772002608699	1
QID2231	1.96521509590038	2
QID2232	7.158794763035619	2
QID2233	4.379326757712554	1
QID2234	0.10466278599810323	2
QID2235	4.722937359531964	1
QID2236	1.1272295747407548	1
QID2237	0.004083636245442333	1
QID2238	3.455708700979442	1
QID2239	2.407596449752313	1
QID2240	3.4847157588534565	1
QID2241	0.6164140324265767	1
QID2242	3.949344556821892	1
QID2243	5.473008991095121	1
QID2244	2.4804689189194016	1
QID2245	6.440604562180643	2
QID2246	1.8420774930624864	2
QID2247	1.4580052304427351	1
QID2248	5.428351670371324	1
QID2249	0.8070172505864868	2
QID2250	8.088178521290281	2
QID2251	1.4915258084285021	1
QID2252	5.813916680040588	1
QID2253	5.156963549672838	1
QID2254	6.221160646912452	1
QID2255	0.08058159319224559	1
QID2256	0.8324323632653875	1
QID2257	0.04568508810265357	1
QID2258	7.248668760455158	4
QID2259	5.128690697402623	1
QID2260	1.3472339137618354	1
QID2261	5.537342560386463	1
QID2262	0.5049510800672935	2
QID2263	10.750061840327652	2
QID2264	8.015491245924391	1
QID2265	3.614254639173089	1
QID2266	6.749779626271721	1
QID2267	4.7868019800299315	1
QID2268	0.5220700509690623	1
QID2269	0.15753192605469915	1
QID2270	0.5044461088697884	1
QID2271	3.9912537497126204	1
QID2272	9.020554466925377	1
QID2273	2.562960132396166	1
QID2274	5.493947835028694	1
QID2275	0.01246347972531523	1
QID2276	5.8843110389997815	1
QID2277	0.4044619616434093	1
QID2278	3.98952324976868	2
QID2279	11.791844703257105	3
QID2280	7.784561654061121	1
QID2281	0.5816186640008207	1
QID2282	1.937520975912228	1
QID2283	2.1620663030523866	1
QID2284	5.455008024092001	1
QID2285	10.451949945403443	1
QID2286	3.80301996626284	1
QID2287	3.6608319249795116	1
QID2288	5.277890654697663	1
QID2289	0.8153767964788099	1
QID2290	0.007350786219622444	1
QID2291	0.19968170937815355	1
QID2292	0.04215670840469858	1
QID2293	0.9026490196124894	1
QID2294	1.5620965860879918	1
QID2295	1.5554111602878518	1
QID2296	1.166829952531071	2
QID2297	0.09055920947772512	1
QID2298	0.8604650038147897	1
QID2299	0.0004444684281418577	1
QID2300	1.6948486179845477	1
QID2301	0.01720228897733319	1
QID2302	0.20506481128711032	1
QID2303	0.2069967573010252	1
QID2304	5.572688343345519	1
QID2305	2.180189314845104	1
QID2306	1.304057297113307	1
QID2307	0.7273810927604893	2
QID2308	5.636923631895188	2
QID2309	7.65803223496428	1
QID2310	2.3250059312566966	1
QID2311	4.602033033410557	1
QID2312	1.1577954754068551	1
QID2313	1.2572874082997594	1
QID2314	9.830264025759565	1
QID2315	0.4802984391856874	1
QID2316	0.9014186922588268	1
QID2317	2.2059482551181566	1
QID2318	5.4506091103865435	1
QID2319	3.022183278966013	1
QID2320	5.4968319195230935	1
QID2321	0.012666127510019477	1
QID2322	9.388309530677741	4
QID2323	14.97637472954546	2
QID2324	1.561569758196232	1
QID2325	4.651258877018176	1
QID2326	3.6515174164306634	1
QID2327	1.0468653732589062	1
QID2328	0.2710008752463925	1
QID2329	1.8687142231088223	1
QID2330	4.293455202084078	1
QID2331	3.136761198849892	1
QID2332	1.3539328842367224	1
QID2333	0.060619777749302474	1
QID2334	1.4811278683622509	2
QID2335	1.192133345267553	1
QID2336	10.745652177401118	1
QID2337	4.586280004239164	1
QID2338	3.9070379199683343	1
QID2339	1.6915562506209336	1
QID2340	4.638792994329921	1
QID2341	4.177854927646245	1
QID2342	3.1991163638412488	1
QID2343	8.05843525552338	1
QID2344	5.504899092641954	1
QID2345	3.2779324563584917	2
QID2346	4.258440616412514	1
QID2347	1.3457629206532014	1
QID2348	5.199189505648599	1
QID2349	2.6735971551920956	1
QID2350	2.6917370251866006	1
QID2351	7.2174445247859556	1
QID2352	2.453590238889285	1
QID2353	3.8731889969949855	1
QID2354	2.3666894584179774	1
QID2355	5.114349334080008	1
QID2356	1.3068288547586786	1
QID2357	1.930820064142524	2
QID2358	2.5315428502951525	1
QID2359	4.63114134715935	1
QID2360	6.045124847627728	1
QID2361	3.4769028084227385	1
QID2362	2.754826606263648	1
QID2363	2.9439104865322214	1
QID2364	4.489301130808143	1
QID2365	0.5992961822345767	1
QID2366	5.6777756633272585	1
QID2367	2.246341279940537	1
QID2368	6.796617333170987	2
QID2369	4.1580881061816575	1
QID2370	1.1337529145266578	1
QID2371	6.074060005424633	2
QID2372	6.988643187094668	1
QID2373	8.039936641465781	2
QID2374	1.9551235808518184	1
QID2375	4.881104818383103	1
QID2376	1.0092402191824454	1
QID2377	1.9263919114046064	2
QID2378	1.9008759689645631	1
QID2379	4.649384337011275	1
QID2380	0.14410807571430312	1
QID2381	1.4548979354190048	1
QID2382	3.805954947050175	1
QID2383	0.7000147020350368	1
QID2384	4.5296542733969725	1
QID2385	2.4601772766911525	1
QID2386	1.617722631742902	1
QID2387	2.6907092156286554	1
QID2388	7.052649793695679	2
QID2389	1.4645999954383166	1
QID2390	4.867689467720924	1
QID2391	2.206049965609768	1
QID2392	6.40078580357783	1
QID2393	0.9797480628615456	1
QID2394	2.705595576859244	2
QID2395	5.4798514636439934	1
QID2396	3.0517850546653498	1
QID2397	1.5737649226648054	1
QID2398	2.249567658694056	2
QID2399	0.8338545890727386	1
QID2400	3.077117673662622	1
QID2401	8.862287373687629	1
QID2402	3.245762889847632	1
QID2403	0.7669899420989298	1
QID2404	2.037853238034582	1
QID2405	4.6394512707824385	1
QID2406	1.3800806706803737	1
QID2407	0.5893764506929645	1
QID2408	0.7517661693142029	1
QID2409	0.7415346382921066	2
QID2410	8.86775154490394	1
QID2411	5.114159707100426	1
QID2412	3.289327553286848	1
QID2413	5.131253397459253	1
QID2414	3.14410511817497	2
QID2415	0.12494700323036538	1
QID2416	11.764964150772927	1
QID2417	4.287331486521354	1
QID2418	1.5122585561757411	1
QID2419	1.2720328260599831	1
QID2420	8.823780068366194	2
QID2421	0.8235397742225877	1
QID2422	3.7119052182975087	1
QID2423	5.948951239390086	2
QID2424	4.048325330957586	1
QID2425	4.603592821985659	1
QID2426	3.784731653976156	1
QID2427	9.149654919856264	1
QID2428	6.534358864956848	1
QID2429	7.0981227591457	2
QID2430	1.3934989633099197	1
QID2431	0.007219252870377592	1
QID2432	5.187931014011366	2
QID2433	4.76188769099468	1
QID2434	3.8509343287377864	1
QID2435	2.799354153275168	1
QID2436	1.861709268037056	1
QID2437	10.024979024489037	1
QID2438	1.3083959235073928	1
QID2439	0.04674303632761873	1
QID2440	6.6933438606280875	1
QID2441	0.7948773932331937	1
QID2442	1.6440502531215284	1
QID2443	0.31202463432136546	1
QID2444	2.811171068100168	1
QID2445	5.681885105084598	1
QID2446	4.491938705261688	1
QID2447	0.07619501322851828	1
QID2448	0.4704748107346232	1
QID2449	3.681270923700795	1
QID2450	3.5539131184611636	1
QID2451	0.0022185253972193046	1
QID2452	8.468150964935791	2
QID2453	8.44808702970012	1
QID2454	1.7638758010424678	1
QID2455	3.5806157359623167	1
QID2456	2.9733712855600976	1
QID2457	11.458524860050881	2
QID2458	1.810128511643898	1
QID2459	5.6342942071306465	1
QID2460	3.892555353604388	1
QID2461	0.006097687289347378	1
QID2462	3.740786492573611	2
QID2463	3.8114604629451287	1
QID2464	1.1954055932497452	1
QID2465	5.794094360910959	1
QID2466	0.4835105468275797	1
QID2467	0.32530087794613705	1
QID2468	5.3637420598367695	1
QID2469	4.212653413152204	1
QID2470	0.044581245751391836	1
QID2471	2.7275023306892168	2
QID2472	9.413990484579461	1
QID2473	1.140915206151329	2
QID2474	5.684504233199066	2
QID2475	2.823713014491299	2
QID2476	2.6264325213866107	1
QID2477	6.222172005980703	1
QID2478	1.8299205533667275	1
QID2479	1.4550901872545516	1
QID2480	4.246680756231688	1
QID2481	3.1989912166371277	1
QID2482	0.7650238122433727	1
QID2483	1.2430959140986158	1
QID2484	1.0075837007950477	1
QID2485	0.05396811195014938	1
QID2486	2.244071838948908	1
QID2487	2.3891043454937937	1
QID2488	5.265520961026577	2
QID2489	0.4070260615842533	1
QID2490	2.268153485132263	1
QID2491	3.4573232149966495	1
QID2492	4.324375871734993	1
QID2493	0.9718122195448812	1
QID2494	9.87167880913649	1
QID2495	1.4913449542419062	1
QID2496	2.675253540029773	1
QID2497	15.29731803722534	2
QID2498	3.289549019320753	1
QID2499	5.010612825522889	1
QID2500	3.301388670106724	1
QID2501	0.4602529503184939	1
QID2502	0.01816244179602537	1
QID2503	0.5349684312613368	1
QID2504	3.3079103851671574	1
QID2505	0.8877800868201531	1
QID2506	0.5885636089805915	1
QID2507	0.7855920374797745	1
QID2508	3.308704016376728	1
QID2509	4.716381799572341	1
QID2510	0.9120978446727496	1
QID2511	0.14928465843908856	1
QID2512	0.017748855181337994	1
QID2513	0.8293080828239618	1
QID2514	0.2874271872573964	1
QID2515	2.5816707299874313	2
QID2516	2.6827269323264025	1
QID2517	0.4100283776967307	1
QID2518	0.018351122156724502	1
QID2519	5.536840501507636	1
QID2520	1.005918946706528	1
QID2521	9.567415593586432	1
QID2522	3.4341601747086474	1
QID2523	4.3628584504965415	1
QID2524	1.1996708674835883	2
QID2525	8.985415253751313	1
QID2526	3.0798089817180765	1
QID2527	1.633248611258982	1
QID2528	0.7330948326277016	1
QID2529	6.986914641970582	1
QID2530	5.280225756381794	1
QID2531	0.6563508855940523	1
QID2532	2.254132971414112	1
QID2533	6.199134463254776	1
QID2534	0.254493447683536	1
QID2535	0.6045212496868517	1
QID2536	6.4032733592294475	2
QID2537	2.294984617339753	1
QID2538	3.803651690747299	1
QID2539	1.3050636176512822	1
QID2540	0.28271030292547805	1
QID2541	2.7690723409500997	1
QID2542	0.1083702105603492	1
QID2543	5.377987279492675	2
QID2544	0.9767974314808366	1
QID2545	6.7264000812452815	1
QID2546	0.7207558332433041	1
QID2547	0.4284464046894976	1
QID2548	1.4900872869408976	1
QID2549	1.1866592352662588	1
QID2550	0.43709538733069214	1
QID2551	6.088624699480009	2
QID2552	2.9782044641251386	2
QID2553	3.7088023970017496	1
QID2554	0.28950149267961445	1
QID2555	3.6049326156272765	1
QID2556	6.092814304061491	1
QID2557	1.1835346546061658	1
QID2558	0.7297370242094492	1
QID2559	0.3822831275076468	1
QID2560	1.9697500092131208	1
QID2561	0.17772538294205706	1
QID2562	4.099709396605002	2
QID2563	3.24852613547797	1
QID2564	0.7310972549715443	1
QID2565	5.3066075152143375	2
QID2566	6.370264263682429	1
QID2567	1.954327612854048	1
QID2568	5.530323487158483	1
QID2569	1.376324812862198	1
QID2570	0.07925645071010193	2
QID2571	1.6027710980113392	1
QID2572	3.9178356516664232	1
QID2573	3.086316295444876	1
QID2574	6.737464144179728	1
QID2575	8.465206692534512	1
QID2576	7.868446832058378	1
QID2577	8.576918058681919	1
QID2578	0.19846075000223384	1
QID2579	0.7007855083134343	1
QID2580	6.542612894754777	1
QID2581	1.9067810712643316	1
QID2582	3.313891761325573	1
QID2583	5.694406435641849	1
QID2584	3.8157076595637704	2
QID2585	2.9328710631387818	1
QID2586	10.049811199450252	3
QID2587	4.630565608206301	1
QID2588	3.4967736102776046	1
QID2589	0.017503982109021	1
QID2590	4.9831777653766665	1
QID2591	2.1829926123718346	2
QID2592	0.7501124321596131	1
QID2593	4.832411049796064	1
QID2594	6.174238866025113	1
QID2595	1.442844102912867	1
QID2596	8.827531814102587	2
QID2597	2.000646454216879	1
QID2598	2.9661854881932643	2
QID2599	1.801926766683684	1
QID2600	6.571000227782723	1
QID2601	4.572452209566936	1
QID2602	0.06817874417253238	1
QID2603	2.5894501804089423	1
QID2604	0.15999324592813352	1
QID2605	5.111812925970439	4
QID2606	1.0459098001434255	1
QID2607	1.2392855307673458	1
QID2608	6.244929725900143	1
QID2609	4.849624688241367	1
QID2610	7.2616924077565885	1
QID2611	0.3712343406725368	1
QID2612	5.2750902003640965	1
QID2613	6.953931164121682	2
QID2614	1.9177410640902282	1
QID2615	1.4613874036543306	1
QID2616	4.1560828219655646	1
QID2617	2.7766745552761054	1
QID2618	5.102551013609522	1
QID2619	2.746292385704713	1
QID2620	3.188879928433685	1
QID2621	4.479811369202939	1
QID2622	1.242805509740973	1
QID2623	2.6760560591635256	1
QID2624	3.554893614530142	1
QID2625	2.399769717279713	2
QID2686	8.24377807298831	1
QID2688	5.010726185209542	1
QID2689	9.151980691084642	1
QID2690	5.584679349591578	1
QID2691	1.2912971634949375	1
QID2692	1.4975895226329028	1
QID2693	9.6578769336016	3
QID2694	3.611229291137884	1
QID2695	4.610778971190962	1
QID2696	4.917326183827992	2
QID2697	4.614996238709536	1
QID2698	1.377326022206947	1
QID2699	4.240828636292348	1
QID2700	4.312874155699032	1
QID2701	7.126639022527655	1
QID2702	2.9135202049503874	1
QID2703	2.969282501493852	1
QID2704	3.270969517552345	1
QID2705	2.821787713795102	1
QID2706	0.01381072859038955	1
QID2707	10.789988775766798	2
QID2708	5.134550903934456	2
QID2709	7.412742832447304	1
QID2710	7.907763280336485	2
QID2711	1.2108353995415162	1
QID2712	3.0110786050374783	1
QID2713	4.333265827730614	1
QID2714	1.890263753029458	1
QID2715	1.437616160446066	2
QID2716	4.081162528617832	1
QID2717	1.5929500110753319	1
QID2718	0.33142097248600866	1
QID2719	4.481169505657701	1
QID2720	1.0792964469405435	1
QID2721	8.45241054004412	4
QID2722	3.4863789941561096	1
QID2723	1.2501477347993863	1
QID2724	5.938928161103232	1
QID2725	2.4071815026206784	1
QID2726	5.4587133136884365	2
QID2727	4.149164824860511	1
QID2728	0.30752762420721896	1
QID2729	3.41371927811784	1
QID2730	1.0180693159266139	1
QID2731	6.56861204739163	1
QID2732	0.05095727786359238	1
QID2733	1.0975181817213813	1
QID2734	0.244875029369972	1
QID2735	10.320004902346897	1
QID2736	1.0685740249342393	1
QID2737	5.161970267068547	1
QID2738	4.170896147180634	3
QID2739	0.34392506369598097	1
QID2740	5.869613201387337	1
QID2741	6.463764137056359	1
QID2742	9.440587308523417	1
QID2743	2.855442205597752	1
QID2744	9.277561019261046	3
QID2745	6.1248456758355525	2
QID2746	6.454454403752559	2
