Word_Unique_ID	Surprisal	NumTokens
QID1	1.1602599863052274	1
QID2	4.990919412964797	1
QID3	9.553702184506289	3
QID4	0.7568573728631153	1
QID5	3.693456369671439	1
QID6	2.717240189192156	1
QID7	4.0070783639236875	1
QID8	9.447923947404362	1
QID9	0.25369029422368633	1
QID10	2.850377323054288	1
QID11	2.8170576793231565	1
QID12	3.7217275368963927	2
QID13	4.2609752414112325	1
QID14	2.093748647382509	1
QID15	1.3219466333698953	1
QID16	2.0263672039315117	1
QID17	5.387725244161322	1
QID18	1.0139604423691488	1
QID19	7.022965164515128	1
QID20	2.3086500886072367	2
QID21	2.8533202601403675	1
QID22	6.802230782976389	1
QID23	8.014430372388267	2
QID24	1.3109731854032154	1
QID25	2.595888872384781	1
QID26	6.8567610310331375	1
QID27	1.3773711080029032	1
QID28	2.6306180529381917	2
QID29	1.7237342097771775	1
QID30	4.439801490917553	1
QID31	1.1154421476632408	1
QID32	2.1808729687946773	1
QID33	1.0557868067443568	1
QID34	0.4185093478760576	1
QID35	1.6073125789226936	1
QID36	2.802396517190859	1
QID37	2.4871384090369033	1
QID38	1.4860005796937037	1
QID39	0.1831116116547844	1
QID40	3.043586714002937	2
QID41	3.627389378902975	1
QID42	0.3634987783740701	1
QID43	6.1110737418788625	1
QID44	0.16336390891847186	1
QID45	1.2321885073857193	1
QID46	1.3293153541417235	1
QID47	4.037294674837408	1
QID48	1.0830218192992058	1
QID49	4.0549113393130325	1
QID50	1.6357232034760558	1
QID51	11.822029741439431	1
QID52	2.9137116439010278	1
QID53	1.268647718998932	1
QID54	0.23368073066207154	1
QID55	1.105178867901915	1
QID56	2.7457874345779403	2
QID58	4.101995307283714	1
QID59	3.817461830451177	2
QID60	2.030467388194704	1
QID61	6.790880911290176	1
QID62	10.681187006108695	3
QID63	4.706962636717539	1
QID64	3.679596428968048	2
QID65	3.081166008512025	1
QID66	5.429783410520722	1
QID67	0.8271809487016836	1
QID68	11.700386423762126	1
QID69	6.000867399012479	2
QID70	2.7320682446400277	1
QID71	7.467431767955076	1
QID72	0.6567508950448231	1
QID73	0.4811837952922624	1
QID74	1.5866683079546156	1
QID75	0.41959107888849295	1
QID76	1.9847543031803547	1
QID77	2.2732319494110524	1
QID78	1.1204855229398905	1
QID79	1.8918471917152968	1
QID80	0.13730509137141308	1
QID81	4.960566226019363	2
QID82	6.415927512512183	1
QID83	0.13778879943299102	1
QID84	5.444446413934674	1
QID85	1.1680090309656272	1
QID86	3.559116971108184	1
QID87	3.972562646806743	1
QID88	2.498532065530683	2
QID89	5.14029878931913	1
QID90	0.5981768721396977	1
QID91	4.781198744698428	3
QID92	1.8090548976481209	1
QID93	7.075480483052566	2
QID94	3.6715473731676815	1
QID95	0.6200044121714716	1
QID96	1.5774082142827983	1
QID97	0.12407521557706272	1
QID98	14.557712986245233	3
QID99	8.666993702222438	2
QID100	4.459072971674859	1
QID101	2.254578393626136	1
QID102	7.137791794773017	1
QID103	0.30507034627238394	1
QID104	10.031528410604805	1
QID105	0.1800335463504854	1
QID106	6.129622803202336	1
QID107	0.5485378254188233	1
QID108	0.2387129701064861	1
QID109	4.652781227892478	1
QID110	1.3714580953125601	1
QID111	1.140286155372901	1
QID112	0.05457942071417171	1
QID113	1.673230965587496	1
QID114	0.20797141706219904	1
QID115	8.738917801008412	3
QID117	5.5105100941972935	1
QID118	2.1725192341114017	1
QID119	10.282530031970325	2
QID120	10.03023676839451	2
QID121	0.26063476583702266	1
QID122	2.167112800727913	1
QID123	0.06721245824625799	2
QID124	0.09062040463123006	2
QID125	0.8317929586264086	1
QID126	3.5553594699250106	1
QID127	2.0390635456264863	1
QID128	2.235983879552783	1
QID129	5.826685382061785	1
QID130	1.665602004528789	1
QID131	0.5631230977624719	1
QID132	4.036623735342147	1
QID133	4.48165748186742	1
QID134	7.687586031384082	1
QID135	0.4186206394190999	1
QID136	4.848240018806089	1
QID137	2.0747181192210733	1
QID138	3.9068940209362792	1
QID139	2.756882308594177	1
QID140	1.5781847741088637	2
QID141	1.634236008704646	1
QID142	3.4646431137597262	2
QID143	5.093765145786908	1
QID144	0.9434683533848179	1
QID145	1.341517803564219	1
QID146	0.16824756867745685	1
QID147	1.2735656711067205	1
QID148	1.3002200713212444	1
QID149	3.974166571346181	1
QID150	4.096313128380477	1
QID151	0.35648500965933183	1
QID152	11.00767228248178	1
QID153	0.1054034715859416	1
QID154	4.567061435763616	1
QID155	2.7453579207044254	1
QID156	0.0667115273579508	1
QID157	0.6600159391015205	1
QID158	3.4627766530968063	1
QID159	1.1217089809434464	2
QID160	3.8423727629662463	2
QID162	0.5552469516348466	1
QID163	0.04627254996007457	1
QID164	2.901746483294479	1
QID165	4.312564217574548	1
QID166	1.1307011214682978	1
QID167	0.8997552349631469	1
QID168	6.499986287146222	1
QID169	0.3694955891735046	2
QID170	4.132408605469997	1
QID171	3.1251252719688978	1
QID172	1.893280451762159	1
QID173	4.544235385297289	2
QID174	12.560890302969728	1
QID175	6.461076808348446	1
QID176	3.717591020138004	1
QID177	1.7634071866872194	1
QID178	2.9855244716012894	1
QID179	7.800713220921472	2
QID180	4.512414888017376	1
QID181	1.086708068085514	1
QID182	1.5023906875448914	1
QID183	10.999245775159306	1
QID184	2.3054380685976548	1
QID185	7.317739168432289	1
QID186	4.288149881619597	3
QID187	3.367792690118252	1
QID188	0.7495833879071676	1
QID189	2.108550230325471	2
QID190	0.590669548793197	1
QID191	3.2077949539013075	1
QID192	2.8414763285649247	1
QID193	9.21317113383695	1
QID194	3.9424945082083793	1
QID195	7.333341140107796	2
QID196	3.2345800086235	1
QID197	1.3054093349149918	1
QID198	9.512094478426654	2
QID199	6.128290519304447	1
QID200	2.7765480148756634	1
QID201	0.1302346935952236	1
QID202	4.463814580377017	2
QID203	0.7010277809172215	1
QID204	11.370955977119706	3
QID205	8.071891467171112	1
QID206	9.717314047905962	2
QID207	2.0620602067906506	1
QID208	5.514305278433543	1
QID209	2.5840556459807607	1
QID210	4.957805005896359	1
QID211	0.689550829869376	1
QID212	1.2475841714929299	1
QID213	2.2928932722898563	1
QID214	4.560232347647661	1
QID215	2.899896281981911	1
QID216	3.4692993462627983	1
QID217	0.9512353802660012	1
QID218	0.09027802672319188	1
QID219	2.8453189125201632	1
QID220	3.2941735308232314	2
QID221	2.103122605457186	1
QID222	0.9388593410638169	1
QID223	4.4401529719915445	1
QID224	3.477513805223189	1
QID225	0.5505680266319931	1
QID226	4.888961302696426	2
QID227	3.1353749540316915	1
QID228	4.593061038345359	1
QID229	12.533227740102165	1
QID230	2.266082235559717	1
QID231	8.75997132576653	2
QID233	8.700532725284258	2
QID234	14.655232212317474	2
QID235	2.510667259522128	1
QID236	5.857802457066188	1
QID237	2.6725461687387218	1
QID238	1.4098278095680483	1
QID239	3.3560828214698084	2
QID240	3.048436344950148	1
QID241	0.14631912450338946	1
QID242	11.097198079365695	1
QID243	2.7513583060939784	2
QID244	1.2037137191833571	1
QID245	2.30290095932029	1
QID246	3.9930413469444863	2
QID247	1.0947057243711704	1
QID248	2.972990438793515	1
QID249	4.919645715412957	1
QID250	0.5515826718851293	1
QID251	12.120999857064989	3
QID252	0.10090352609476284	1
QID253	1.327706138848781	2
QID254	3.5853553522590804	1
QID255	1.0829463839778826	1
QID256	8.802821421337196	2
QID257	4.403490258403111	1
QID258	0.8329002009516069	1
QID259	2.9324258629547697	2
QID260	2.5254694323191496	1
QID261	0.7784203740959061	1
QID262	5.446072989396773	1
QID263	0.18722532010175044	1
QID264	0.7198786013233115	1
QID265	0.6395375020605276	1
QID266	0.836049614909581	1
QID267	3.858741452863285	1
QID268	4.477333947384063	1
QID269	0.01150578228919098	1
QID270	6.774887555152332	2
QID271	2.21444314861948	1
QID272	2.499532621396875	1
QID273	1.766183603135177	1
QID274	0.003052182126147745	1
QID275	2.8567804310878158	1
QID276	5.800633549388517	2
QID277	3.118924351739052	1
QID278	4.64229617221318	1
QID279	3.3022400270433097	1
QID280	1.8537166812714525	1
QID281	0.02456136805949729	1
QID282	0.8311163227706322	1
QID283	1.750948758673586	1
QID284	4.588833216326985	1
QID285	0.7024044352879174	1
QID286	6.6046472374271525	2
QID287	0.7265189436083186	1
QID288	1.6165106507473717	2
QID290	8.610078875043513	1
QID291	11.716036991444938	1
QID292	9.360276958204679	1
QID293	4.639855169360879	1
QID294	2.6804330512795342	1
QID295	4.209682247384739	1
QID296	0.12499303990953495	1
QID297	5.505635069878335	1
QID298	3.4071684115727905	1
QID299	8.792261025937103	1
QID300	4.165330019720438	2
QID301	3.2993368899143953	1
QID302	5.238001427217536	1
QID303	4.853984237274716	1
QID304	1.2736943520713218	1
QID305	14.57457966431058	3
QID306	2.9364362428105664	1
QID307	6.123860259711473	1
QID308	0.8632921069784637	1
QID309	1.4580526269164618	1
QID310	0.0902130826041041	1
QID311	1.4780976297514097	2
QID312	2.777684403671244	1
QID313	3.3036241010966467	1
QID314	0.5915360030450324	1
QID315	2.9933980467449435	1
QID316	1.4459941931512883	1
QID317	1.3521316713627831	1
QID318	9.412649536882153	3
QID319	0.9306849467084588	1
QID320	3.827500272175708	1
QID321	1.048112447721099	1
QID322	3.0051895233849	2
QID323	3.386145075759754	1
QID324	7.515839092538334	1
QID325	11.00378575773598	2
QID326	5.9056965458229636	1
QID327	1.0932355410033483	1
QID328	7.704745765597094	1
QID329	2.677116674203835	1
QID330	4.814274765880515	1
QID331	10.059037137416855	1
QID332	0.22140188978269684	1
QID333	1.2732986863591482	1
QID334	4.580608427435728	1
QID335	5.912046972419171	2
QID336	4.8171159501813285	1
QID337	4.206586861249503	1
QID338	8.734758022756031	1
QID339	1.2845794462935625	1
QID340	3.6708307119358743	1
QID341	3.854887785199897	1
QID342	1.8770685100708688	1
QID343	5.095750148527091	1
QID344	1.1128844589015114	1
QID345	5.343655905137778	2
QID347	10.456489440514463	2
QID348	7.371490878965083	2
QID349	1.551115094124265	1
QID350	4.511790718447249	1
QID351	2.161624291111641	1
QID352	2.769794579929787	1
QID353	8.58735153166202	2
QID354	2.967876901365456	1
QID355	2.4066453188435526	1
QID356	5.106795453216076	1
QID357	6.7771138212935735	2
QID358	1.2751679790850006	1
QID359	3.9627497027450382	1
QID360	0.7450825135891793	1
QID361	3.8346359865601167	2
QID362	8.315253064855172	1
QID363	0.6424398562491134	1
QID364	6.502423894683256	1
QID365	0.3742720621054814	1
QID366	0.243393731735728	1
QID367	7.2817607408233425	1
QID368	9.943363643404483	1
QID369	2.955024174547215	1
QID370	5.8330073029543845	1
QID371	4.7291021648988885	2
QID372	1.504083764386153	1
QID373	4.583100249263196	1
QID374	1.5617773050903037	1
QID375	6.8408927002886815	2
QID376	1.5082543752962656	1
QID377	2.338482157761896	2
QID378	0.8158058929698307	1
QID379	2.666851021184068	1
QID380	1.6863445925014109	2
QID381	1.3248139468082618	1
QID382	1.7622713005792137	1
QID383	10.283368877638342	3
QID384	3.5075285851010065	1
QID385	0.5425910778609461	1
QID386	0.579001455891194	1
QID387	0.4481667649408198	1
QID388	2.1371328816685744	1
QID389	2.753064133740028	2
QID390	1.6730934451980914	1
QID391	2.815631023204971	1
QID392	5.4491268467047576	1
QID393	1.742668358067737	1
QID394	1.8675309925596788	1
QID395	0.9748091565687158	1
QID396	3.515756401674776	2
QID397	0.9602562833700071	1
QID398	0.8103138352188772	1
QID399	8.957295495203455	3
QID400	5.107202567973143	1
QID401	3.079547016234081	1
QID402	8.091363223399556	3
QID404	6.545786133511528	1
QID405	3.1995113633386287	1
QID406	3.4835387384933685	1
QID407	4.857880249451907	1
QID408	2.521105814956609	1
QID409	0.5623278446675213	1
QID410	2.4557199653947825	1
QID411	4.98966283302462	1
QID412	0.01795356906197474	1
QID413	4.166501835548113	2
QID414	4.536516676625717	1
QID415	1.9988367362738508	1
QID416	1.6714359554927551	1
QID417	3.6575905155004436	1
QID418	0.299152973154897	1
QID419	5.284155105272044	1
QID420	0.018866935472454063	1
QID421	3.7691141945583952	1
QID422	1.972464288092557	2
QID423	4.6071214601311326	1
QID424	10.794428723480193	1
QID425	6.285072908573433	1
QID426	1.2261519331632804	1
QID427	1.3793802431846147	1
QID428	6.552012431518572	1
QID429	0.5263971571770881	1
QID430	0.004792048647369467	1
QID431	3.2577707002542318	1
QID432	5.332338405288579	3
QID433	4.254390028435978	1
QID434	0.4005898936087519	1
QID435	2.504521304110248	1
QID436	1.5548644397209328	1
QID437	5.033593750748957	1
QID438	0.5823234013535717	1
QID439	8.203562716554728	1
QID440	2.150624794593658	3
QID441	1.2641192487170274	2
QID442	3.266729095693856	1
QID443	1.2848241759360537	1
QID444	1.0058707723634963	1
QID445	3.1389376713614987	1
QID446	2.2951954468151583	2
QID447	3.4445992311069964	1
QID448	4.865946138061106	1
QID449	5.653537591867233	1
QID450	3.04539766737621	1
QID451	1.028009392439505	1
QID452	0.8478184018933679	2
QID453	3.089810136486553	1
QID454	1.351011715388613	1
QID455	2.3813793353523054	1
QID456	0.35440157487907537	1
QID457	0.3195220311043374	1
QID458	3.0486738499397674	1
QID459	2.785562421184648	2
QID460	2.4846165850649573	1
QID461	1.4808941161581817	1
QID462	11.750275492251909	2
QID463	8.083801940339374	2
QID464	2.391461038774055	1
QID465	2.3635981630142853	1
QID466	8.719197111353015	1
QID467	2.5658721035510803	1
QID468	2.341522833251059	1
QID469	14.98119346632838	5
QID470	8.141057599279389	1
QID471	5.9639507558311085	2
QID472	4.386036772251391	1
QID473	0.2538101333135447	1
QID474	0.20550452378831885	1
QID475	0.3458915523927084	1
QID476	6.556973242029367	4
QID477	0.06597769415522106	1
QID478	2.915239646901576	1
QID479	12.08978854712109	3
QID480	3.9327009387019856	1
QID481	0.3183213567219159	1
QID482	3.214880533982032	1
QID483	2.4329442963771992	2
QID484	5.434389683243004	1
QID485	11.348128394462393	2
QID486	1.377697585100373	1
QID487	0.9781407125548922	1
QID488	0.23125998104492454	1
QID489	0.8097658538216237	1
QID490	6.116166240711548	1
QID491	2.158586148546579	1
QID492	0.05539289150306758	1
QID493	3.6789258392026	1
QID494	3.004075969356217	1
QID495	3.4423551578197094	1
QID496	2.7903116373956114	1
QID497	4.055533603383854	2
QID498	1.8353102788347504	1
QID499	8.233608875254394	3
QID500	3.99883841194073	1
QID501	7.528173016067367	1
QID502	3.3489228249500886	1
QID503	0.3096792373646	1
QID504	9.049892371103336	2
QID505	1.4180247243926842	1
QID506	7.646296307111299	1
QID507	1.454138557937904	1
QID508	0.5802719281391472	1
QID509	1.4206925081923605	1
QID510	1.63872458391573	1
QID511	6.8124951706592025	1
QID512	1.3622284295575682	1
QID513	3.992514779805807	2
QID515	11.974273830348208	3
QID516	11.561723599964127	1
QID517	1.4650806766165656	1
QID518	6.087719711560031	2
QID519	4.704670132179432	2
QID520	2.8509956712767663	1
QID521	1.7393064921456325	1
QID522	4.714729074140188	1
QID523	1.8873179944160468	1
QID524	1.6395621392398372	2
QID525	5.220189916652586	1
QID526	3.102636827490315	1
QID527	1.417983497606715	1
QID528	4.494140564235544	1
QID529	0.0912420952597252	1
QID530	5.83926250095059	1
QID531	0.9839016644514808	1
QID532	4.947155422850062	2
QID533	5.4448376148865485	1
QID534	3.934328974130161	2
QID535	5.144131776138295	2
QID536	4.384202317270878	2
QID537	0.9846027358185736	1
QID538	1.824788479201535	1
QID539	1.0508598813611074	1
QID540	1.2317463404539757	1
QID541	0.13303210750559588	1
QID542	0.15896202485183422	1
QID543	2.0980513287283205	1
QID544	0.15501926558803528	1
QID545	2.7812976855920577	1
QID546	0.2081952647058474	1
QID547	0.08801710019462107	1
QID548	0.2189146979655861	1
QID549	4.25400959983448	2
QID550	2.1255499482837217	1
QID551	3.4316271860478222	1
QID552	0.4412594749255729	1
QID553	3.8796355242005554	1
QID554	5.3120068711845185	1
QID555	3.768711431905863	1
QID556	3.176989814593833	1
QID557	1.4051093469206828	1
QID558	0.3503580631676695	1
QID559	3.9679663345899296	1
QID560	4.031620119920008	1
QID561	2.820137521550305	1
QID562	1.4344752374495429	1
QID563	3.851715770472583	1
QID564	0.5396399747893974	1
QID565	0.3894258122311484	1
QID566	0.033361409350803485	1
QID567	5.391049991367625	2
QID568	0.5504027583878475	2
QID569	2.987588724652422	1
QID570	15.684631799308931	2
QID571	0.15609615182937486	2
QID572	6.941561899403203	1
QID573	0.7264489608220813	1
QID574	3.7660462038801183	2
QID575	1.8305321176995275	2
QID576	9.981937168155245	4
QID577	0.5509801255536755	1
QID578	0.9822946199163536	1
QID579	4.181814180928503	1
QID580	0.06863722827211463	1
QID581	5.659238994585196	1
QID582	0.09247768877703673	1
QID583	7.397501955167929	3
QID584	1.8910404785827528	1
QID585	2.6923260429761053	1
QID586	0.5561001073781964	1
QID587	3.2143702484794847	1
QID588	2.76909373813994	1
QID589	1.0864643763599446	1
QID590	4.714842322649153	1
QID591	12.031160047347223	2
QID592	3.5391304957131453	1
QID593	1.3395614042558113	1
QID594	2.1332476590328224	1
QID595	4.253001363645727	1
QID596	2.563932240175033	1
QID597	3.11139180342112	1
QID598	0.5507782663342531	1
QID599	3.0782484322234493	2
QID600	4.589239223788049	2
QID601	1.8523087401540013	1
QID602	5.447458656699867	1
QID603	2.255699717680046	1
QID604	1.6710110121177282	1
QID605	2.043709486665521	1
QID606	3.9020755381911965	1
QID607	4.259597158548333	1
QID608	2.01944994573962	1
QID609	4.629838887735773	1
QID610	8.764465591658853	1
QID611	1.9945383644298755	1
QID612	3.3332076250766702	1
QID613	2.3182749011729022	1
QID614	7.467391756151197	2
QID615	10.11437889933678	1
QID616	0.3508823636265139	1
QID617	1.7850228206250112	1
QID618	6.889157300979584	1
QID619	0.9261540195206815	1
QID620	6.238075311058352	1
QID621	6.4748318246292245	3
QID622	6.4545880443479575	1
QID623	4.836443641868291	2
QID624	7.229049656053005	1
QID625	10.160862074964193	2
QID626	5.9673992339246436	1
QID627	4.559013304351816	1
QID628	5.59487623481681	1
QID629	0.4671434353212249	1
QID630	9.76385115718614	1
QID631	0.6198927776606029	1
QID632	2.642402863964899	1
QID633	0.7959484502304904	1
QID634	0.307872495762767	1
QID635	0.11063547210159642	1
QID636	5.402029966526481	1
QID637	1.1027794261546866	1
QID638	9.563350564512664	1
QID639	0.0847005768687517	1
QID640	6.4366320410818	4
QID641	1.8948416904692216	1
QID642	5.599784496869919	1
QID643	0.7535770127438207	1
QID644	1.9503809067958573	1
QID645	3.615269222260725	1
QID646	2.9793712390248737	1
QID647	0.50681998025815	1
QID648	0.6851836898317073	1
QID649	1.1448456884925429	1
QID650	1.3955396691303308	1
QID651	2.605222985651455	1
QID652	2.2974198874105	1
QID653	1.6070077319344755	1
QID654	1.4610669785376182	1
QID655	1.9129030037172896	2
QID656	4.122839405943024	1
QID657	2.9793393305703617	1
QID658	2.8401606770063186	1
QID659	0.9313034242917748	1
QID660	3.5148365843336715	2
QID661	1.0812697332222003	1
QID662	0.5478349104695257	1
QID663	7.90608760028439	1
QID664	0.2511579854113495	1
QID665	1.430416795940871	1
QID666	1.1219903214060405	1
QID667	1.4115695976909324	1
QID668	0.6966778975344721	1
QID669	0.20099803948301076	1
QID670	1.8022212269950515	1
QID671	2.7569470021351608	1
QID672	4.552546706492619	1
QID673	5.529500901856491	2
QID674	9.919439057085752	2
QID675	2.1759977216789563	1
QID676	7.761554236008258	1
QID677	9.676337785860053	2
QID678	1.4020269148921227	1
QID679	7.649428298008307	1
QID680	0.147953775850255	1
QID681	3.5476524468703485	1
QID682	4.177638626306259	1
QID683	10.481642025651302	1
QID684	3.646532318255666	2
QID685	4.540213788794921	1
QID686	13.676922143853435	1
QID687	8.749233947503155	2
QID688	0.7301086280436739	1
QID689	0.8841253801677466	1
QID690	2.5729580117934328	2
QID691	1.7412623415140227	2
QID693	0.7776929546140151	1
QID694	5.532171407759894	2
QID695	0.3904752050365674	1
QID696	0.0057424509012808204	1
QID697	1.8219283714116157	1
QID698	1.6378930898967503	1
QID699	3.1064901124977453	1
QID700	0.9130337848116836	1
QID701	12.406384975633983	2
QID702	1.6658029366786435	1
QID703	1.3774590808904723	1
QID704	0.029638587820564426	1
QID705	1.460531308766249	1
QID706	1.7858187665089944	1
QID707	0.0032901472454976745	1
QID708	3.389001772371569	2
QID709	0.5759492788246742	1
QID710	1.1610346470947377	2
QID711	6.618985280586301	2
QID712	9.93104977363801	1
QID713	0.8197198626134586	1
QID714	3.61642994827245	2
QID715	4.573071462690124	1
QID716	4.403699305551459	1
QID717	10.919746551068556	3
QID718	3.584743951561588	1
QID719	7.952719448208557	4
QID720	2.1039735748137494	1
QID721	0.7225841285765802	1
QID722	6.761356780217384	2
QID723	1.2207602621062232	1
QID724	6.362027824925102	1
QID725	7.3374352017342845	3
Q2684	15.591597232564794	1
QID726	9.473213144783736	1
QID727	5.177079309773274	1
QID728	2.50851946845608	2
QID729	8.448547613714064	1
QID730	2.5870438205591815	1
QID731	6.6064501770139215	1
QID732	2.591041165045776	1
QID733	3.954589346503144	1
QID734	1.3279200021773	1
QID735	2.6898765874730546	1
QID736	2.253983080580124	1
QID737	3.082838451275578	1
QID738	6.681619717647661	1
QID739	7.798556148011557	1
QID740	1.9239012643652236	3
QID741	4.589291962593799	1
QID742	1.755203017158176	1
QID743	3.1059597436460367	1
QID744	2.0433540924969185	1
QID745	0.20697963436722386	1
QID746	6.666590066733503	1
QID747	0.04988683862743866	1
QID748	3.882208012230436	1
QID749	2.8978976429417966	1
QID750	0.7693661261290091	1
QID751	1.5479240506083756	1
QID752	4.703253575151034	2
QID753	6.0677664872207435	1
QID754	6.584175967394417	2
QID755	3.1229839279350227	1
QID756	7.829331898456513	3
QID757	4.25984187535569	2
QID758	3.702855923552247	1
QID759	0.9214311519901766	1
QID760	6.401648523648907	1
QID761	1.88404022903712	1
QID762	0.014922092951983525	1
QID763	0.17119141361678206	1
QID764	1.7238129379765357	1
QID765	4.220304581668349	1
QID766	2.788833444084281	1
QID767	0.8038722000906499	1
QID768	0.03223022386222681	1
QID769	5.787721226122037	1
QID770	5.115040956940291	1
QID771	0.5968286681301621	1
QID772	2.214168986690476	1
QID773	1.4245996571864803	1
QID774	3.6665220186546312	1
QID775	0.7579830101388554	1
QID776	2.058824615431872	1
Q2685	5.571568000443322	2
QID777	8.587806883891712	2
QID778	8.89666301794376	1
QID779	1.7968542056953567	1
QID780	3.9197204877456686	1
QID781	4.9137852200474885	1
QID782	3.158529876826043	1
QID783	1.4845274869962275	1
QID784	3.055015888443958	2
QID785	9.065354508407196	1
QID786	3.2990071188863435	1
QID787	3.709489222385783	2
QID788	2.164500525120338	1
QID789	5.966552662359643	1
QID790	7.930159525612392	1
QID791	1.4103055959294497	1
QID792	0.14153361845271828	1
QID793	3.4115159389946617	1
QID794	1.2994097923135834	2
QID795	3.604338539451857	1
QID796	2.9886895036743373	1
QID797	2.0520261928673293	1
QID798	1.1033408916676948	1
QID799	2.035388436868514	1
QID800	4.929986951943018	1
QID801	4.478565121314516	1
QID802	1.5470310460952736	1
QID803	6.626956236525997	1
QID804	7.790650122795728	1
QID805	2.5372545530162025	1
QID806	3.88402971824286	1
QID807	7.7273818306496596	1
QID808	0.1772569482431691	1
QID809	4.238397136544892	2
QID810	4.357595597712484	1
QID811	2.103838354480962	1
QID812	3.844439890881032	1
QID813	6.7656622047349115	1
QID814	3.624442938972993	1
QID815	1.0364282625085468	1
QID816	2.4634559639692277	1
QID817	5.1938462908819005	3
QID818	1.369520497308647	1
QID819	3.3996107758505167	1
QID820	9.785870587861304	1
QID821	5.9889684063995405	1
QID822	0.2420542227220021	1
QID823	0.8898218469816656	1
QID824	3.605308038124677	1
QID825	0.7118170121431949	1
QID826	6.7899770067391305	1
QID827	0.4641089960745902	1
Q2686	0.38418262265994013	2
QID828	9.637147349692682	2
QID829	2.1450846511538035	1
QID830	9.052456617745774	1
QID831	2.363532940995161	1
QID832	2.2397812335785647	1
QID833	3.5061281942261195	1
QID834	0.04964710771658965	1
QID835	4.278685456962056	1
QID836	5.769029781088939	1
QID837	1.7028875810588244	1
QID838	0.3798210207968592	1
QID839	4.121479358630753	2
QID840	3.0425520418913887	1
QID841	2.880795326239713	1
QID842	6.743172795605116	1
QID843	0.13693383358514702	1
QID844	7.331596244967014	1
QID845	6.114144127439581	1
QID846	1.0863007358367478	1
QID847	8.902035590179109	1
QID848	5.310971128552712	1
QID849	0.2706843651945585	1
QID850	2.902201733060177	1
QID851	2.8518055601261336	2
QID852	2.5092741197631483	1
QID853	6.964179494116223	1
QID854	1.6262600421485098	1
QID855	5.337855633016081	1
QID856	0.017907108583880053	1
QID857	2.2209043357138283	1
QID858	3.3002854674389703	1
QID859	0.5605021716239443	1
QID860	5.884963345284903	2
QID861	3.1929786058040537	2
QID862	2.7618267922548334	2
QID863	1.1278844518754854	1
QID864	5.941285648753985	1
QID865	5.093731329790074	1
QID866	5.8068252027525045	1
QID867	4.217994334385523	1
QID868	2.0473067754639294	1
QID869	3.4430797055480618	1
QID870	1.9930859212513297	1
QID871	2.9753450644545962	1
QID872	2.6557061180977337	1
QID873	3.1831681889300847	1
QID874	1.824587678890241	1
QID875	6.350491612223077	1
QID876	2.0910702733736315	1
QID877	4.580881963140863	2
QID878	3.7336024916578623	1
QID879	5.442826820208434	1
QID880	6.706321040812353	1
QID881	0.42049397582160347	1
QID882	5.235466180626427	1
QID883	3.984875474526517	1
QID884	6.035180586644113	1
QID885	5.106950477786804	2
QID886	3.3228242059830237	1
QID887	0.9500514582331158	1
QID888	5.155178519615812	1
QID889	4.613044583195207	1
QID890	2.8725644085377366	1
QID891	3.2069593880156653	1
QID892	8.311554242330395	1
QID893	16.637870983584794	2
QID894	6.2916456809000065	1
QID895	1.7295025433750122	1
QID896	4.029807806953512	2
QID897	2.0821074662151804	1
QID898	3.50366356748673	1
QID899	3.3423281157822946	1
QID900	1.8258486028629688	1
QID901	0.022202094094244684	1
QID902	6.208324362899711	2
QID903	16.60944806830257	2
QID904	5.002551780803931	2
QID905	6.2390128841958745	2
QID906	1.7336154863138886	1
QID907	0.3727853812309751	1
QID908	7.550546588909742	1
QID909	6.340268895758707	3
QID910	4.819477409622278	1
QID911	7.135834384558258	1
QID912	0.5194161705001639	1
QID913	0.5317168342752592	1
QID914	2.0001637211241863	1
QID915	0.022710256588600024	1
QID916	0.5137182745527847	1
QID917	2.6766478870457853	1
QID918	1.8925993256927989	1
QID919	1.4547550614456384	2
QID920	5.943034843304441	1
QID921	0.6497849079567003	1
QID922	4.373789374872115	1
QID923	1.7959694182600354	1
QID924	3.663539591589068	1
QID925	0.18502994784663135	1
QID926	0.007153461748142527	1
QID927	2.383139578201425	2
QID928	3.2622825392752617	1
QID929	1.1776235515278062	1
QID2687	1.1776235515278062	1
QID929	1.1776235515278062	1
QID2687	1.1776235515278062	1
QID930	7.797850196473515	1
QID931	10.127827740406065	2
QID932	4.803304620336563	1
QID933	0.3958646550617815	1
QID934	8.434988035764105	1
QID935	0.5815316601504992	1
QID936	1.159217888417583	1
QID937	0.3436193294259313	2
QID938	3.461865948552437	1
QID939	4.570991456495622	1
QID940	0.2409815711545437	1
QID941	3.0423646361064116	1
QID942	0.2768086591682561	1
QID943	8.10489313491356	1
QID944	2.983742824257676	1
QID945	6.348907231760006	1
QID946	5.389905854523414	1
QID947	1.1576537288145805	1
QID948	9.032878009205598	1
QID949	2.574663487535469	1
QID950	0.0973743420150868	1
QID951	2.0224234431535777	1
QID952	0.9015797269825208	1
QID953	2.6823523687558786	1
QID954	0.8022127561895338	1
QID955	0.9898112760298382	2
QID956	3.9021237163929436	1
QID957	2.080623225462417	2
QID958	0.4329827658307194	1
QID959	1.1519924928573846	1
QID960	2.700927855857805	1
QID961	0.1307222469239928	1
QID962	1.2226171332874949	1
QID963	2.6477267032679905	1
QID964	0.1395197631375424	1
QID965	6.3603805044540325	1
QID966	1.2995649073937985	1
QID967	0.6461622247749784	1
QID968	1.1171774335139422	2
QID969	2.180733918359695	1
QID970	2.8695101174155657	1
QID971	2.349586935390177	1
QID972	5.685072084276364	1
QID973	0.3045429579198713	1
QID974	0.08056665445432808	1
QID975	6.959304611823488	1
QID976	0.5944451707837631	1
QID977	1.5842505421176072	1
QID978	11.21925263601067	2
QID979	10.654584077031103	2
QID980	12.709684657082205	2
QID981	0.6078133097600092	1
QID982	3.1015442443610985	1
QID983	0.08532465768737202	1
QID984	3.2918509430284684	1
QID985	1.4368963781240434	1
QID986	0.003922042337361685	1
QID987	6.135006834166728	2
QID988	5.62180940207453	1
QID989	3.0267332461119723	1
QID990	0.6751095144744769	1
QID991	13.882647497106174	2
QID992	3.214856756753988	1
QID993	6.2365033874643245	1
QID994	2.035698341191204	1
QID995	4.724811316177729	2
QID996	3.313610548970776	1
QID997	11.384142748948419	1
QID998	7.051866674874796	2
QID999	1.8942185084261671	1
QID1000	2.1933376242328366	1
QID1001	2.9668543349677865	1
QID1002	0.4019518870580199	1
QID1003	0.8517111327314996	1
QID1004	6.408498255368986	1
QID1005	0.022953824240998826	1
QID1006	0.6944546809200063	2
QID1007	9.174086830911554	2
QID1008	8.03983853360964	1
QID1009	4.295454130617811	1
QID1010	2.4435517356293657	1
QID1011	4.087710369458205	1
QID1012	1.5944896707496503	1
QID1013	0.9575242983614316	1
QID1014	1.6091192574685715	1
QID1015	3.3281214099450747	1
QID1016	5.174705812707191	1
QID1017	0.2684982402222138	1
QID1018	3.9708356535018567	1
QID1019	1.3784343800971826	1
QID1020	6.017130505285827	2
QID1021	0.7750084654093952	2
QID1022	0.5256897261374612	1
QID1023	0.09085441891547523	1
QID1024	2.2077990835958023	1
QID1025	0.2798856833577319	1
Q2688	0.8147276280859795	2
QID1026	12.177945304766377	1
QID1027	0.7394590321376517	1
QID1028	5.496184446194186	1
QID1029	5.120674932892501	2
QID1030	1.4431767809326477	1
QID1031	0.937518700626654	1
QID1032	7.800863015358084	1
QID1033	1.961447836899565	1
QID1034	2.488921005409905	1
QID1035	4.710167182725283	1
QID1036	0.5618098647962785	1
QID1037	8.677440986692725	2
QID1038	5.003130931232794	1
QID1039	6.9285145627029125	1
QID1040	0.17575853155617155	1
QID1041	4.42333136400332	2
QID1042	3.845697242787355	1
QID1043	0.5723815900792716	1
QID1044	1.7693281606737892	1
QID1045	7.485304990398916	2
QID1046	3.2320339368560247	2
QID1047	10.611836765733145	1
QID1048	4.095396177588468	1
QID1049	10.148542342080626	3
QID1050	2.528345057269332	2
QID1051	4.383742178181575	1
QID1052	1.2132170777087106	1
QID1053	4.185101554983058	1
QID1054	3.9905734429726745	1
QID1055	1.1499728916657648	1
QID1056	1.3245675778976551	2
QID1057	3.6676626186876105	1
QID1058	4.218161459624835	1
QID1059	0.8768231875054341	1
QID1060	1.6966381614552133	1
QID1061	2.4539311345734625	1
QID1062	1.8902075055850425	1
QID1063	1.3198267624595588	1
QID1064	6.413119910482393	1
QID1065	5.492127743982387	1
QID1066	4.046425243600857	2
QID1067	12.650851467631545	1
QID1068	0.17298510002957695	1
QID1069	3.419064184226485	2
QID1070	1.5033500013973893	1
QID1071	4.966903140357692	1
QID1072	0.4514980007613555	1
QID1073	4.958047797464786	2
QID1074	3.192274912766451	2
QID1075	10.77385050929359	2
QID1076	0.7908219580270287	1
QID1077	5.54019223471953	1
QID1078	0.0062153005934747615	1
QID1079	4.498252807626506	1
QID1080	0.10753727393815753	1
QID1081	1.4390964446278445	1
QID1082	13.30090115823932	1
QID1083	4.7366150111466165	1
QID1084	4.900041869573303	1
QID1085	9.701540699664882	2
QID1086	5.880939238267012	1
QID1087	2.133783578433269	1
QID1088	6.311203514406888	1
QID1089	0.9758973375356156	1
QID1090	0.6314440064643333	1
QID1091	3.6109815913750176	1
QID1092	4.582268313425002	2
QID1093	2.6924720577499883	1
QID1094	6.039409108572829	1
QID1095	1.1513722750925857	1
QID1096	3.026279888436471	1
QID1097	3.9698847242049533	1
QID1098	0.15783547202524018	1
QID1099	4.156602064848653	1
QID1100	7.055056997539822	1
QID1101	4.213213420745306	1
QID1102	0.212025280054828	1
QID1103	5.886975574057455	2
QID1104	1.3251486212056591	1
QID1105	0.867401480314486	1
QID1106	1.7257949634291403	1
QID1107	6.686643869314993	1
QID1108	1.2418343237990828	1
QID1109	0.9394023804871596	1
QID1110	4.8479991467894346	1
QID1111	4.579161042188996	1
QID1112	3.6290167349930686	1
QID1113	1.2501804960292515	1
QID1114	6.696897489431052	1
QID1115	1.9884670794408688	1
QID1116	2.0190740581598963	1
QID1117	3.0007953394391493	1
QID1118	0.5650227904871861	1
QID1119	0.6621646824336282	1
QID1120	2.583002140336409	1
QID1121	1.1332218649300958	2
QID1122	3.354582905552212	1
QID1123	13.519252221584114	1
QID1124	7.936551596104497	1
QID1125	0.628736259887497	1
QID1126	0.21318741156870866	1
QID1127	6.412667067766441	2
QID1128	3.1603310659364534	1
QID1129	8.052576681432162	1
QID1130	3.021065805396412	1
QID1131	11.202678651037397	2
QID1132	2.8844761028631805	2
QID1133	6.563354648334236	1
QID1134	6.818655948411122	1
QID1135	12.539983127469931	1
QID1136	3.986988677952779	1
QID1137	1.6063841493851319	1
QID1138	5.0774384698966974	1
QID1139	1.2966691348839727	1
QID1140	1.6076133431424031	1
QID1141	2.1287880533552075	1
QID1142	4.324551126243112	3
QID1143	1.4664091692219199	1
QID1144	0.4751415720515846	1
QID1145	2.5229025558942038	1
QID1146	10.37108852634056	2
QID1147	6.568339040905119	3
QID1148	2.471556482601703	1
QID1149	7.9484401296344975	1
QID1150	5.6232691437602425	1
QID1151	8.443841021975857	3
QID1152	1.1260619701406684	1
QID1153	2.706928086578892	1
QID1154	9.691356067584474	1
QID1155	0.5861930489166894	1
QID1156	15.270149556688747	2
QID1157	2.3390190677068285	1
QID1158	3.828938208969805	1
QID1159	4.305812571121645	1
QID1160	1.9153989762020769	1
QID1161	2.3626338588964906	1
QID1162	5.813607111831039	1
QID1163	0.8802757404601378	1
QID1164	5.745540211467304	1
QID1165	0.8034457693977335	1
QID1166	0.09792778588494028	1
QID1167	11.171598981008188	1
QID1168	4.261270773876179	2
QID1169	2.7625213335498566	1
QID1170	10.35549151516972	1
QID1171	3.8546715074352016	1
QID1172	7.447392890255863	1
QID1173	1.4164518164260305	1
QID1174	0.254259047118109	1
QID1175	6.031267285687441	1
QID1176	6.227666862138038	1
QID1177	5.1597747397648694	1
QID1178	2.280579660635288	1
QID1179	0.06962086780234435	1
QID1180	6.073628083752372	1
QID1181	4.213217281818364	1
QID1182	2.174156960626124	1
QID1183	0.7951035026362403	2
QID1184	1.4495031927281208	1
QID1185	11.66632922623809	1
QID1186	2.8445261826339685	1
QID1187	7.7738629623028865	1
QID1188	3.8757456288619214	1
QID1189	5.145035888484569	1
QID1190	0.4239208136774016	1
QID1191	4.400882797606452	1
QID1192	2.6568225727639363	1
QID1193	1.8638432795767068	1
QID1194	12.064285514956893	1
QID1195	10.645295602668352	1
QID1196	1.2739096617775831	1
QID1197	1.1668097580897134	1
QID1198	10.798409693659877	1
QID1199	3.9738426843997128	2
QID1200	2.2784551681010408	1
QID1201	0.6539395054079201	1
QID1202	6.106080827300347	1
QID1203	2.186003272774589	1
QID1204	4.550158495148255	1
QID1205	3.0254359414157137	1
QID1206	5.754819196747155	1
QID1207	5.049785138391751	1
QID1208	1.1317761133297737	1
QID1209	0.3360431632271597	1
QID1210	7.7601155631478225	1
QID1211	1.5544410974898792	1
QID1212	3.2039146633151536	2
QID1213	8.342265995621036	1
QID1214	0.31205801110876896	1
QID1215	0.544952540542095	2
QID1216	3.4315353563813735	1
QID1217	2.7143779952289484	1
QID1218	2.1215647484533577	1
QID1219	15.701575762297342	1
QID1220	4.7588260826588815	1
QID1221	3.1256964008078265	1
QID1222	7.374817233541474	1
QID1223	1.3378154239575302	1
QID1224	8.697183010099318	1
QID1225	1.7415971320581416	1
QID1226	5.740241507283842	1
QID1227	4.888187037230451	1
QID1228	1.7287046611626278	1
QID1229	2.224682656167122	1
QID1230	2.7386501193416413	1
QID1231	1.3107336728536048	1
QID1232	3.953029934123424	1
QID1233	4.265350081771836	1
QID1234	0.6761583157170699	1
QID1235	2.3674162269183427	1
QID1236	1.7582607389766105	1
QID1237	0.2307118758657549	1
QID1238	1.1328010394462502	2
QID1239	3.2815810793101994	1
QID1240	2.2281208978139246	1
QID1241	3.858823950442292	1
QID1242	1.3372501783617508	1
QID1243	2.8918532864239745	1
QID1244	6.827040759965576	1
QID1245	3.3672017018200515	1
QID1246	1.5901261139567189	1
QID1247	1.2298560787209842	1
QID1248	0.5536483768924697	1
QID1249	12.42763977291458	1
QID1250	4.230922470369525	1
QID1251	4.429149423747411	1
QID1252	0.08062704775007269	1
QID1253	0.0029916545855596557	2
QID1254	0.0052026227214945365	1
QID1255	1.94142422252744	1
QID1256	7.762382617255857	1
QID1257	4.067959127885167	2
QID1258	5.671336419237432	1
QID1259	0.8674788700266257	1
QID1260	1.8291594171346144	1
QID1261	0.12251590178184404	2
Q2689	0.15447086847750854	2
QID1262	11.81614705372218	2
QID1263	7.600516306612728	1
QID1264	1.0411553423364766	1
QID1265	5.893817985376493	1
QID1266	12.164863539875007	4
QID1267	9.577403614377268	1
QID1268	0.7975946764594716	1
QID1269	2.168975530537697	1
QID1270	1.503951408981834	2
QID1271	4.123833195067299	1
QID1272	0.7915453165760447	1
QID1273	13.192732467232256	1
QID1274	0.13744009269733626	1
QID1275	3.3183872134843733	1
QID1276	3.9339121262858976	1
QID1277	3.8875774181416394	1
QID1278	1.2435225941622952	1
QID1279	5.98887995184737	1
QID1280	5.551690078819081	1
QID1281	3.796764710239264	1
QID1282	3.2662412288787674	1
QID1283	4.918466973334877	1
QID1284	1.1975018200115817	1
QID1285	4.044512215354095	2
QID1286	10.036336238376776	2
QID1287	13.23903016356093	2
QID1288	0.3041604323855565	1
QID1289	2.0388760514149435	1
QID1290	10.250918442146585	3
QID1291	2.0242745863072424	1
QID1292	6.718597583918115	1
QID1293	5.988413562522694	1
QID1294	5.100270711383433	1
QID1295	4.861874566443457	2
QID1296	2.4521336775825344	1
QID1297	2.8369299032233406	1
QID1298	1.4283009178903783	1
QID1299	3.880468976569672	1
QID1300	2.3875625276416166	1
QID1301	2.132660638991648	2
QID1302	0.3892396888076137	1
QID1303	6.821927614468383	1
QID1304	5.8287664152615575	1
QID1305	3.284134965503008	2
QID1306	4.359995294516018	1
QID1307	1.831397301384656	1
Q2690	2.334111109596149	2
QID1308	5.810561077612952	1
QID1309	8.912530453629156	1
QID1310	5.651174315752621	1
QID1311	0.26123095944527264	1
QID1312	0.4391144826332417	1
QID1313	4.157042721970013	1
QID1314	0.9155845399342221	1
QID1315	1.466849643039501	1
QID1316	11.045009391071739	2
QID1317	9.210653048104398	1
QID1318	7.2448747652921375	1
QID1319	1.0763369185472582	1
QID1320	3.42824765453041	1
QID1321	6.654842725628973	1
QID1322	4.658657952507265	1
QID1323	3.6631481676805877	1
QID1324	1.002020334508155	1
QID1325	2.7404587672306047	1
QID1326	4.879548351467997	1
QID1327	0.3655687786687336	1
QID1328	6.734708536603267	2
QID1329	2.103451206831658	1
QID1330	10.70484901864107	1
QID1331	2.6552719067385553	1
QID1332	10.695974350794565	3
QID1333	2.9641665521297096	1
QID1334	2.555568121236326	1
QID1335	5.327533252484593	1
QID1336	0.07472965572477044	1
QID1337	8.849380638584911	1
QID1338	0.7144459564415199	1
QID1339	5.821958813590977	1
QID1340	0.35884523753239217	1
QID1341	3.05581030978888	1
QID1342	2.268900208607394	1
QID1343	3.4790253173112897	1
QID1344	0.5384338410930705	1
QID1345	3.5417696566002284	1
QID1346	0.33592487548541033	1
QID1347	4.461286370734374	1
QID1348	21.534285903612943	5
QID1349	0.6878574728344136	1
QID1350	10.670272740624817	2
QID1351	13.104083542393171	2
QID1352	0.17246096167221828	2
QID1353	8.835619279421135	2
QID1354	1.0137720471494545	1
QID1355	5.922970640878874	1
QID1356	0.9536734231898524	1
QID1357	8.035062648811216	2
QID1358	1.3039108950295757	1
QID1359	0.6338742577425279	1
QID1360	7.5471750369790795	1
QID1361	2.3441787914556365	1
QID1362	13.590976455126093	1
QID1363	5.152814606401873	2
QID1364	4.240900478520273	1
QID1365	2.8475549777223366	1
QID1366	13.234621377707812	2
QID1367	2.318278689283236	1
QID1368	3.533629893394265	1
QID1369	3.9929314395247024	1
QID1370	0.7726894243373955	1
QID1371	0.7796471085935406	2
QID1372	4.945145464402117	1
QID1373	1.8868495423651213	1
QID1374	4.2356431495982525	1
QID1375	4.2520210286632665	1
QID1376	2.897074819636627	1
QID1377	3.5856095956293688	1
QID1378	1.5371331999988909	1
QID1379	4.048624333199497	1
QID1380	7.131269793218057	1
QID1381	1.841061961583424	1
QID1382	5.5135671280447	1
QID1383	1.799756721513035	1
QID1384	1.0151526274545597	1
QID1385	4.9988638503794025	1
QID1386	4.258368487309487	1
QID1387	1.5225949825523275	1
QID1388	0.12936845473616107	1
QID1389	1.7813697136072384	1
QID1390	5.922227914666959	1
QID1391	1.5989118202070212	1
QID1392	0.9308297936559988	2
QID1393	4.156462676900533	1
QID1394	2.9516771141140263	1
QID1395	4.3668051293283145	2
QID1396	1.8675211834884704	1
QID1397	0.36490466966722296	2
QID1398	6.881656449738637	1
QID1399	4.932407528183379	1
QID1400	5.783448089721986	1
QID1401	2.4124461247017783	1
QID1402	2.7699189609089903	1
QID1403	2.347653900864006	1
QID1404	3.395943526838761	1
QID1405	6.932494146573857	1
QID1406	2.264245952069255	1
QID1407	3.0895262546046194	1
QID1408	7.179185159578906	1
QID1409	0.270381485125394	1
QID1410	4.310603938095872	1
QID1411	3.9921442603544812	2
QID1412	3.9272227212683366	1
QID1413	0.39061063392153905	1
QID1414	4.749013568848	2
QID1415	6.624918906142236	2
QID1416	2.7518112601760967	1
QID1417	7.374721340952671	2
QID1418	1.8665459824255308	1
QID1419	0.1784502635687552	1
QID1420	5.475585155675005	1
QID1421	1.1790862293907014	1
QID1422	10.650621536272672	1
QID1423	5.5835177216962215	1
QID1424	2.3509186666837256	1
QID1425	3.1524531406778364	1
QID1426	1.6760855545511169	1
QID1427	0.8847514954846141	1
QID1428	4.7610481137345015	1
QID1429	2.5423677642030227	1
QID1430	0.42256018982475535	1
QID1431	5.92928198747883	1
QID1432	2.2488333879650315	1
QID1433	0.5262736354918622	1
QID1434	2.3204895223232334	1
QID1435	1.9023928950748128	1
QID1436	5.420378179872615	1
QID1437	5.39885254727586	1
QID1438	0.16291638318012933	1
QID1439	1.0749207661269276	1
QID1440	0.6031963849471994	1
QID1441	0.1091477879676022	1
Q2691	1.014194147343355	2
QID1442	8.73088032708013	1
QID1443	8.866516040154945	1
QID1444	3.0344628340756903	1
QID1445	5.589947877532216	1
QID1446	0.5286284387962279	2
QID1447	5.813126987765249	1
QID1448	9.663787779804125	1
QID1449	2.5220558222302136	1
QID1450	8.214703565788241	1
QID1451	1.6767181089777876	1
QID1452	7.3520056869157395	1
QID1453	0.3294466371722249	1
QID1454	2.5660277159827967	1
QID1455	1.1802558710272075	1
QID1456	0.0050521046159298895	1
QID1457	7.800145252406727	1
QID1458	4.811133802113996	1
QID1459	1.3901360700388334	2
QID1460	4.312358263762996	4
QID1461	0.5245368239470254	1
QID1462	3.9315837707394423	3
QID1463	5.290756686061785	1
QID1464	1.2763234577558522	1
QID1465	3.4213371034579914	1
QID1466	3.6215736466112376	1
QID1467	3.3144020545200266	1
QID1468	3.5794859821955956	2
QID1469	1.0479900031369795	1
QID1470	3.828725259075188	1
QID1471	8.57351032084983	1
QID1472	0.5581064940209809	1
QID1473	5.7047782529102715	1
QID1474	0.1469796191476783	1
QID1475	2.137283271451995	1
QID1476	4.133775375302217	1
QID1477	4.077033828497071	2
QID1478	1.1206691972567904	1
QID1479	8.455562939266443	1
QID1480	3.1019815312817487	1
QID1481	0.9189278073819112	1
QID1482	10.318101270942607	1
QID1483	3.1395446630423183	1
QID1484	6.342398473408532	1
QID1485	1.233081749275748	2
QID1486	1.5023227989447028	1
QID1487	4.620430854828727	1
QID1488	3.0072246075346936	1
QID1489	4.5470930639064155	1
QID1490	6.750564222195244	1
QID1491	6.062182863677892	1
QID1492	2.485854621778772	1
QID1493	2.2426088914648417	1
QID1494	3.373940567869006	1
QID1495	0.8665144289683071	2
QID1496	3.841754929446987	1
QID1497	4.825265077963341	1
QID1498	1.626615032271289	2
QID1499	1.841299209970492	1
QID1500	0.5652587939588586	1
QID1501	5.104819901329572	1
QID1502	0.09193952581510384	1
QID1503	1.0316843098852742	2
QID1504	4.147311079432798	1
QID1505	1.941701844222663	1
QID1506	2.0684390830799484	1
QID1507	8.5020713092762	1
QID1508	5.34938724824843	1
QID1509	5.092728859660848	1
QID1510	1.368188523099744	1
QID1511	0.3364682896159731	1
QID1512	0.2032936168286446	1
QID1513	2.948179619660036	1
QID1514	3.7775779940661	1
QID1515	7.61876261472031	1
QID1516	0.012204079886740141	1
QID1517	1.9949483783076616	1
QID1518	7.6142109225343715	1
QID1519	1.5549821980341332	1
QID1520	4.943950425949518	3
QID1521	0.012881178659351566	1
QID1522	1.9416953218689952	1
QID1523	3.4825767406325285	1
QID1524	5.644785800439903	1
QID1525	0.8831251675306421	1
QID1526	0.9572811766858286	1
QID1527	0.24149129915564144	1
QID1528	0.4042860097590174	2
QID1529	8.44629723534429	1
QID1530	2.229821942204786	1
QID1531	8.47830498719725	1
QID1532	0.8970554318004077	1
QID1533	1.4548563472276814	1
QID1534	4.532195137486449	1
QID1535	0.9982173978624398	1
QID1536	1.9030082754875424	2
QID1537	3.1925101165081813	1
QID1538	6.460907107851128	1
QID1539	0.7930030910694126	1
QID1540	9.681945661565493	1
QID1541	1.9857379561392048	1
QID1542	1.0489774160958374	1
QID1543	6.873099837436093	1
QID1544	4.747486225771376	1
QID1545	0.410388088901044	1
QID1546	2.76542593540101	1
QID1547	0.4307133633726121	1
QID1548	1.5147460789068667	1
QID1549	2.3089742153173938	2
QID1550	3.998870287812847	1
QID1551	6.2074575654987205	1
QID1552	2.614045390895169	1
QID1553	2.2133217119557016	1
QID1554	3.7686076194155516	1
QID1555	2.7427885448571105	1
QID1556	6.496058171029733	2
QID1557	0.13826143431738547	1
QID1558	3.0047751519734853	2
QID1559	5.719774905156736	1
QID1560	1.5986102198938361	1
QID1561	7.733802097356304	1
QID1562	0.9347945386373248	1
QID1563	4.654699998321372	2
QID1564	3.7147219004351495	1
QID1565	3.2962637131466885	1
QID1566	0.04844937486543168	1
QID1567	2.386361513414869	1
QID1568	0.6190740160269146	1
QID1569	1.118838686809467	1
QID1570	1.78836523409813	1
Q2692	8.39650092628051	2
QID1571	8.43628611867559	1
QID1572	13.270048150809222	2
QID1573	10.792995768704412	2
QID1574	8.594745293818256	3
QID1575	3.073640371050125	1
QID1576	3.2076035780644303	1
QID1577	3.333154265777156	1
QID1578	1.2444947220460434	1
QID1579	2.7946724346704284	1
QID1580	3.2511447014464467	1
QID1581	1.2371452509812648	1
QID1582	0.3192068185087697	1
QID1583	0.8349029557028689	1
QID1584	3.3266641792432368	1
QID1585	3.2981704723835232	1
QID1586	1.5922084119900295	1
QID1587	7.751010131772937	1
QID1588	0.01635820998416435	1
QID1589	0.03094381435243365	1
QID1590	2.3802779136021472	1
QID1591	15.75650579736743	3
QID1592	4.391146369525371	1
QID1593	8.889554681694104	3
QID1594	2.385890841470707	2
QID1595	0.9534040894810646	1
QID1596	4.6746892268483515	1
QID1597	7.420191259892603	3
QID1598	3.3892746235479314	1
QID1599	10.800268712588828	1
QID1600	1.8049074491476176	1
QID1601	4.178906518629801	1
QID1602	2.912377779347232	1
QID1603	0.9737757649161509	1
QID1604	1.114093820019555	1
QID1605	0.8370433607571527	1
QID1606	0.16873289177305978	1
QID1607	0.014039832011355271	1
QID1608	1.8206547550240373	1
QID1609	2.6173894937121873	1
QID1610	1.539064775162578	1
QID1611	1.609061418299397	1
Q2693	13.79880172480332	2
QID1612	14.265143737287856	2
QID1613	3.0312703144733373	1
QID1614	11.179672938126028	3
QID1615	3.038935614121734	1
QID1616	5.962051306071931	1
QID1617	0.08141466508853147	1
QID1618	0.046544331434514766	1
QID1619	4.390250425772085	1
QID1620	4.874117074013489	2
QID1621	4.5545661089727645	2
QID1622	0.5543607642054353	1
QID1623	3.0526093413925715	1
QID1624	1.1783494952321505	1
QID1625	7.888426599970585	1
QID1626	2.5502389033370245	1
QID1627	5.36812515333821	3
QID1628	7.085165137962209	2
QID1629	3.424848507368608	1
QID1630	4.966994336444749	1
QID1631	3.6472338663843655	1
QID1632	2.8664081613093138	1
QID1633	1.3576083057402353	2
QID1634	4.630455492893543	1
QID1635	0.9374381295914578	1
QID1636	5.855738304009565	1
QID1637	0.3835171238489104	1
QID1638	4.75858568669729	1
QID1639	0.9606064394631156	1
QID1640	1.4267302861422209	2
QID1641	0.7209247425332326	1
QID1642	3.755122052957964	2
QID1643	1.225462615435427	1
QID1644	2.8783518742203795	1
QID1645	3.834096182172813	1
QID1646	0.8731980489022992	1
QID1647	2.4398553569137986	1
QID1648	6.949284428020871	2
QID1649	5.181929990922466	2
QID1650	0.09802858435093978	2
QID1651	2.5584542996447146	1
QID1652	5.815257519126504	2
Q2694	1.2968725739845433	2
QID1653	4.588712623223907	3
QID1654	8.78012097625133	1
QID1655	3.971891872858333	1
QID1656	1.7360588673451294	1
QID1657	2.3931306059142554	1
QID1658	7.661049280481006	2
QID1659	1.8197164886022401	1
QID1660	7.0457830636204966	1
QID1661	4.033203394745085	1
QID1662	3.202094224187963	1
QID1663	0.8188128847657506	1
QID1664	6.8260839323938205	1
QID1665	0.4660075666292301	1
QID1666	1.4563507264924491	1
QID1667	0.01980659652676509	1
QID1668	4.5747943660287	2
QID1669	6.743387887621696	1
QID1670	4.015050454830492	1
QID1671	0.42018654017929147	1
QID1672	0.3157041667977256	1
QID1673	1.4249106455646108	2
QID1674	5.808875785445348	1
QID1675	1.5883516202425438	2
QID1676	1.9366303481384413	1
QID1677	7.652158155409121	1
QID1678	7.14886956289436	3
QID1679	3.581984290399971	1
QID1680	5.297052181041002	1
QID1681	0.09494724298537424	1
QID1682	1.5221235258938128	2
QID1683	5.754624292329058	2
QID1684	8.444396657679466	1
QID1685	3.1785798694218483	1
QID1686	0.4401130228542765	1
QID1687	1.7461343479888516	1
QID1688	2.0906985779301603	1
QID1689	4.567919979864926	1
QID1690	3.5270361746205623	1
QID1691	3.9968444035911497	1
QID1692	2.6883243229966083	2
QID1693	11.935627366558741	2
QID1694	5.763387759255935	1
QID1695	1.4953545287528789	1
QID1696	11.339748081199355	2
QID1697	4.7649732534519815	1
QID1698	0.13917746610038628	1
QID1699	0.4853594913205903	1
QID1700	3.3755291191792245	1
QID1701	1.365075906605733	1
QID1702	12.315294997444038	3
QID1703	9.073317826595764	3
QID1704	9.138703594341873	1
QID1705	0.14999738041525604	1
QID1706	3.9073355942904087	1
QID1707	3.433088497654188	1
QID1708	0.3199431642123067	1
QID1709	0.04015672102616959	1
QID1710	9.251212955000824	1
QID1711	3.2686030293763064	1
QID1712	1.4504944708101513	1
QID1713	1.9659270400344644	1
QID1714	4.185829225877773	1
QID1715	4.2920199545638535	1
QID1716	8.985870038770761	2
QID1717	2.9114999668949246	1
QID1718	1.2691367849045494	1
QID1719	1.5341127939971162	1
QID1720	3.9371681746070917	1
QID1721	4.919322300219936	1
QID1722	12.465367303782196	1
QID1723	0.3896478866525968	1
QID1724	1.1041673977289954	1
QID1725	4.8336178325577706	1
QID1726	1.604463088712864	1
QID1727	2.4206491649262967	1
QID1728	2.2000123598757813	2
QID1729	13.312765787828438	2
QID1730	5.672511503780973	1
QID1731	3.9470381358715696	2
Q2695	6.706799578280678	2
QID1732	11.000507404085988	1
QID1733	4.904110900865402	1
QID1734	4.835422526956594	1
QID1735	6.223098341829387	1
QID1736	0.035131256306959166	1
QID1737	12.388620106482248	2
QID1738	5.671893074248736	1
QID1739	8.51301165792873	1
QID1740	0.5701670586461378	1
QID1741	0.11934614917245474	1
QID1742	1.715679095775661	2
QID1743	3.2542161105446943	1
QID1744	8.913730051233264	1
QID1745	3.9009838114378113	1
QID1746	0.6982808717920945	1
QID1747	6.1352567693533935	2
QID1748	3.5740268003498112	1
QID1749	1.8816004173950025	1
QID1750	2.2124183209117882	1
QID1751	7.663409707949951	1
QID1752	0.5946322855070885	1
QID1753	3.003765972294178	1
QID1754	4.897828504124042	1
QID1756	7.477320268796919	1
QID1757	1.1581478696065866	1
QID1758	5.547504339708617	2
QID1759	2.3460333996920237	1
QID1760	5.583828712916494	1
QID1761	2.217498329477882	1
QID1762	2.969780830075216	1
QID1763	5.876655739158631	1
QID1764	2.8004285642647044	1
QID1765	5.120612756786731	1
QID1766	0.20227641793488008	1
QID1767	1.1429319941121752	1
QID1768	0.27031535431177994	1
QID1769	7.410650614944163	1
Q2696	0.1175963909729338	1
QID1770	7.938463972860259	1
QID1771	10.363469253547244	1
QID1772	11.802018239571572	1
QID1773	1.7489425429356928	1
QID1774	8.532214294795365	1
QID1775	1.5246445765611487	1
QID1776	4.0107833221532365	2
QID1777	1.296339939014012	1
QID1778	1.415934290547998	1
QID1779	8.904135754818173	3
QID1780	0.6130907778632887	1
QID1781	1.5398105246331983	1
QID1782	5.57413415940592	2
QID1783	5.523701647546346	1
QID1784	1.7248563425988264	1
QID1785	5.510305188371113	1
QID1786	0.010814204679789205	1
QID1787	7.749789043737415	1
QID1788	1.0944937412885556	1
QID1789	0.9556184399682222	1
QID1790	5.967153803838171	1
QID1791	1.791810329487329	1
QID1792	1.0202356152554246	1
QID1793	9.121945341875199	1
QID1794	0.319871075745686	1
QID1795	0.5594296084944839	1
QID1796	1.7816885115427428	1
QID1797	1.0662902117949142	1
QID1798	8.648780869901557	1
QID1799	6.870028704603188	1
QID1800	0.4652821447075041	1
QID1801	1.4839669362339476	1
QID1802	5.5879792376063415	1
QID1803	4.653692994045543	1
QID1804	0.6083492346917894	1
QID1805	0.0060093966949340384	1
QID1806	0.09239175942096232	1
QID1807	0.7955567568731248	2
QID1808	5.297233601401731	1
QID1809	4.662527991030798	1
QID1810	7.0353251058862485	1
QID1811	3.406630650951589	1
QID1812	0.7044490481950507	1
QID1813	2.088264467818425	1
QID1814	0.06959351876040756	1
QID1815	2.3913518860408827	1
QID1816	9.671968455110534	1
QID1817	10.171493872614851	1
QID1818	3.4621274630067806	1
QID1819	1.5849083673546829	1
QID1820	13.535978981744424	1
QID1821	4.276226266598137	1
QID1822	3.852840419912652	1
QID1823	0.6153750907441407	1
QID1824	3.3736217112468827	2
QID1825	3.1036264402766185	1
QID1826	1.551756429724236	1
QID1827	3.6256314584779705	1
QID1828	1.9494895823875416	1
QID1829	0.5478948275703133	1
QID1830	0.003479407569788579	1
QID1831	4.652037639063144	1
QID1832	0.5024395770924959	1
QID1833	6.768337104580428	1
QID1834	3.791337086134822	1
QID1835	1.1285241701740514	1
QID1836	1.483675890217224	1
QID1837	3.7194726054948175	1
QID1838	4.2947380603835335	1
QID1839	0.030948550246569468	1
QID1840	4.5460684166729415	1
QID1841	1.1444280386886039	2
QID1842	0.9507160327234851	1
QID1843	9.992439920826985	1
QID1844	3.252043192752057	1
QID1845	0.6688261281918687	1
QID1846	2.921965079064796	2
QID1847	3.9258602862349035	1
QID1848	4.725626711960503	1
QID1849	10.065711788274896	1
QID1850	3.4996311091378636	1
QID1851	4.3755159849273415	1
QID1852	2.959303169738498	1
QID1853	6.21002053255008	1
QID1854	0.8777990996015073	1
QID1855	2.818201863875704	1
QID1856	1.7722173384401114	1
QID1857	0.3485179059036616	1
QID1858	1.9319367744578624	1
QID1859	10.666232871036216	2
QID1860	0.8122474384287199	1
QID1861	2.684155232661004	1
QID1862	10.757647185486181	1
QID1863	2.6841314648346493	1
QID1864	7.263594346023176	2
QID1865	2.8187857156536364	1
QID1866	3.9958699058466007	1
QID1867	2.279191040843929	1
QID1868	3.1795253857303334	1
QID1869	2.162576754439645	2
QID1870	9.370341344396897	1
QID1871	3.4482553282748123	1
QID1872	7.3488553779224075	2
QID1873	5.359315894301173	1
QID1874	0.3085540815330789	1
QID1875	6.486499595210718	1
QID1876	2.372793933193131	2
QID1877	2.254232735455379	1
QID1878	0.471034476325746	2
QID1879	3.5726004301434133	1
QID1880	2.5854186782733444	1
QID1881	2.6306742383817503	1
QID1882	5.370929460454461	2
QID1883	4.0153119217280535	1
QID1884	3.0747723361061787	2
QID1885	2.7585343669788283	1
QID1886	1.8414179002691304	2
QID1887	2.1080846414717267	1
QID1888	5.065624453646025	1
QID1889	1.6452493484634176	1
QID1890	5.598521983439734	1
QID1891	0.05616476844753676	1
QID1892	0.5975020815897406	1
QID1893	8.139754330884616	2
QID1894	0.10554917594456066	1
QID1895	1.237744353785499	1
QID1896	0.015120020977495197	1
QID1897	4.600011367035157	1
QID1898	2.59287599337366	1
QID1899	6.705372681495779	1
QID1900	0.0075441318260087	1
QID1901	5.219935307718702	1
QID1902	3.118118335208587	1
QID1903	1.0890722492692262	1
QID1904	0.8446527033814278	1
QID1905	1.3981037362020865	1
QID1906	0.05144968803774833	1
QID1907	4.636012117117481	1
QID1908	4.203793526605852	1
QID1909	2.29529776801468	2
QID1910	2.1574847457191235	1
QID1911	1.3764859376751768	1
QID1912	3.5181846966713133	2
QID1913	0.18309707141572293	1
QID1914	1.5446047888091872	1
QID1915	1.5419800973581803	1
QID1916	0.05730917202315774	1
QID1917	3.480915263759257	1
QID1918	2.4084460034310093	1
QID1919	2.9902215365352665	1
QID1920	2.29014316992676	2
QID1921	18.003185110867612	2
QID1922	7.535630941752544	1
QID1923	4.212667328429785	1
QID1924	3.0305778741678435	1
QID1925	6.101493821156378	2
QID1926	3.966987024364693	1
QID1927	2.718314816024445	1
QID1928	2.369570149345268	1
QID1929	2.716513998978901	2
QID1930	0.6613393363990199	1
QID1931	1.1128416386310451	2
QID1932	8.484188062594999	1
QID1933	1.0094207660017895	1
QID1934	3.474421707877915	1
QID1935	6.339511585490345	1
QID1936	10.361660238111538	1
QID1937	5.8586901195214045	1
QID1938	8.816249287872637	1
QID1939	4.2494004194912005	1
QID1940	1.0596124704370709	1
QID1941	3.4536480461710823	1
QID1942	2.5390867864720534	2
QID1943	3.4843647811188667	1
QID1944	1.26205839054016	1
QID1945	1.7136343400614724	1
QID1946	9.89000031721682	2
QID1947	1.3739820887494567	1
QID1948	0.7860586994932658	1
QID1949	1.79723817187223	1
QID1950	7.33017844320802	1
QID1951	1.782898727666814	1
QID1952	0.25926374481848635	1
QID1953	0.7490519673590175	1
QID1954	5.445465059788537	1
QID1955	6.3072458564429805	1
QID1956	10.100157246983091	3
QID1957	2.604257998110688	1
QID1958	3.248640656838281	1
QID1959	2.023899607752238	1
QID1960	4.293982967385297	1
QID1961	3.6103728135558466	1
QID1962	0.8435173260962634	2
QID1963	0.2733586753804163	1
QID1964	1.1708988373866598	1
QID1965	6.674453001118254	1
QID1966	2.9793253475902617	1
QID1967	2.4286997631359903	1
QID1968	4.7314856044586335	1
QID1969	5.0403130982145585	1
QID1970	0.7609392395792838	1
QID1971	3.9415570449051334	1
QID1972	0.4020738629628478	1
QID1973	2.388554805079908	1
QID1974	0.4852817836276662	1
QID1975	10.330148358253783	3
QID1976	1.0016889475316448	4
QID1977	9.116032386207571	1
QID1978	4.059310595388999	1
QID1979	0.11397624787260792	1
QID1980	0.05465973215379396	1
QID1981	3.570483837492036	1
QID1982	12.714978463979044	1
QID1983	1.9464615844488915	1
QID1984	6.638644243179683	1
QID1985	0.26853133559047593	1
QID1986	0.7913302758287448	1
QID1987	3.5239544872884627	1
QID1988	8.782796394354584	1
QID1989	1.188348020652112	2
QID1990	13.745434770941653	2
QID1991	9.920618474603577	2
QID1992	5.228915277439248	1
QID1993	2.7990931080031447	1
QID1994	5.996943435070749	1
QID1995	6.137709392123308	2
QID1996	1.4120821100854934	1
QID1997	2.5754100217646023	1
QID1998	0.017740188784883044	1
QID1999	11.826383611203655	1
QID2000	9.103432842159087	1
QID2001	0.4715470474908616	2
QID2002	1.6592461977295418	1
QID2003	7.178562612143657	1
QID2004	5.916628739771303	4
QID2005	5.845471368573869	1
QID2006	0.9655816468877272	1
QID2007	14.551077836449855	3
QID2008	3.0216796929669787	1
QID2009	0.04265772712194986	1
QID2010	5.381415118292023	1
QID2011	3.1004785618521327	2
QID2012	3.3399943205534486	1
QID2013	1.567549870023944	1
QID2014	4.233782823829857	2
QID2015	12.150658309138857	1
QID2016	1.3639920774887235	1
QID2017	1.2223348027420604	1
QID2018	6.434450518206053	1
QID2019	0.8614770264253632	1
QID2020	2.584483705631764	2
QID2021	5.323184139283129	1
QID2022	5.014586047598678	2
QID2023	6.624648266265749	1
QID2024	6.625381803156	1
QID2025	3.7965406805604447	1
QID2026	2.3130040246552306	1
QID2027	15.62704514088465	2
QID2028	3.1692248548144666	1
QID2029	1.7354019779076386	2
QID2030	8.378234108598543	1
QID2031	1.6252863949597218	1
QID2032	6.638919731716807	1
QID2033	2.7461910067542017	1
QID2034	3.609505931464132	1
QID2035	5.467936635024484	1
QID2036	1.306107410661683	1
QID2037	3.671818028203686	1
QID2038	0.3566382614657877	1
QID2039	3.895171802555462	1
QID2040	5.452296296714484	1
QID2041	4.5768643941388	1
QID2042	2.715112994424885	1
QID2043	0.9205846994191696	1
QID2044	0.08751213369101313	1
QID2045	3.411472516760372	1
QID2046	3.657358181208205	1
QID2047	8.901406626079792	2
QID2048	4.829561194089455	2
QID2049	10.503805141345412	1
QID2050	6.272091341516813	1
QID2051	2.440255054626709	1
QID2052	1.8475388911830928	1
QID2053	0.8805714625672977	1
QID2054	1.4272791925275377	1
QID2055	0.30635428885581106	1
QID2056	0.09474523441076632	1
QID2057	2.8362166701298963	1
QID2058	1.831441964135848	1
QID2059	7.060597059660124	2
QID2060	1.5345351054149816	1
QID2061	0.9737711341113896	1
QID2062	2.5228823494258603	1
QID2063	5.832495016419013	1
QID2064	0.7586698333384755	1
QID2065	1.7405761046751869	1
QID2066	2.538309351308215	2
QID2067	2.574137727821832	1
QID2068	2.6378828738826727	1
QID2069	1.9126127504760029	2
QID2070	5.102021446927054	1
QID2071	4.176939330805316	1
QID2072	1.6785116815216927	1
QID2073	5.615796039751469	1
QID2074	2.157322676425498	1
QID2075	1.36400896517019	1
QID2076	6.177025389498635	1
QID2077	0.8904117310007398	1
QID2078	5.2844943807121645	1
QID2079	0.051810243190952746	1
QID2080	4.598917898498326	1
QID2081	1.927327043108924	1
QID2082	0.3749331619683146	1
QID2083	0.19709322273423	1
QID2084	7.765091977075263	1
QID2085	3.4265382217258518	1
QID2086	3.380923152053844	1
QID2087	2.6048629966731167	1
QID2088	6.108899856939539	1
QID2089	1.1876890766700503	1
QID2090	0.11487178819975305	1
QID2091	0.8798003862143237	1
QID2092	6.73566517559343	1
QID2093	1.6938032384403587	1
QID2094	5.177440098653517	1
QID2095	0.0757320789188012	1
QID2096	0.7592195145981169	1
QID2097	7.151117147847753	1
QID2098	1.8533680249102802	1
QID2099	2.735901538663289	1
QID2100	1.2490559274090494	1
QID2101	3.1043167399505354	1
QID2102	0.08968692420378215	1
QID2103	0.488373614600093	1
QID2104	3.2155661753104887	1
QID2105	2.842224072100713	2
QID2106	3.0027065323589737	1
QID2107	2.058732337400712	1
QID2108	1.727384280558459	1
QID2109	2.6036047614353564	1
QID2110	4.8489302222789785	1
QID2111	2.641699152194968	1
QID2112	1.7391322788635293	1
QID2113	2.8962718523747464	1
QID2114	0.5059198575952216	1
QID2115	1.8422117907421	2
QID2116	4.720967487308929	2
QID2117	1.2243325500833466	1
QID2118	8.434453269931815	1
QID2119	3.884426560726737	1
QID2120	5.9778539838963045	1
QID2121	0.05203777936853488	1
QID2122	2.000876884338596	1
QID2123	0.03626592198275727	1
QID2124	0.07123660629771167	1
QID2125	5.426566010792606	1
QID2126	0.02424065851326521	1
QID2127	1.3718860412952194	1
QID2128	1.255255965314688	1
QID2129	0.028399852397337794	1
QID2130	4.767983382341108	1
QID2131	1.0370136334814053	1
QID2132	1.6700197556032084	1
QID2133	2.7832776457640134	1
QID2134	0.8090769685881999	1
QID2135	2.636564568072568	2
QID2136	2.6372134505981766	1
QID2137	6.9982016433584615	1
QID2138	2.0126872007203045	1
QID2139	1.8418471435420771	1
QID2140	5.251163813694127	1
QID2141	0.11231147841172577	1
QID2142	2.7919792304837783	2
QID2143	3.5704192472328997	2
QID2144	2.9609405007663576	1
QID2145	5.157933952708249	1
QID2146	4.330183990370979	1
QID2147	6.207557751644046	1
QID2148	0.0483850390767988	1
QID2149	1.3470827714840288	1
QID2150	8.89639927078483	1
QID2151	1.8256919020408533	1
QID2152	3.578434053061481	1
QID2153	3.3048998929631086	1
QID2154	2.8828118200180386	1
QID2155	0.12661876423444834	1
QID2156	3.4208041169553614	1
QID2157	8.924560338061653	1
QID2158	1.4268708333397442	1
QID2159	3.33572713078266	1
QID2160	1.0129828701325203	1
QID2161	0.6826303138522583	1
QID2162	0.09229115173686328	1
QID2163	1.0980656796986608	2
QID2164	9.35132259366796	1
QID2165	5.521839587242456	2
QID2166	3.69939784719903	1
QID2167	0.03574231695167372	1
QID2168	2.0626554555131835	1
QID2169	4.2467795526832095	4
QID2170	1.0798084760125986	1
QID2171	0.005179762970238496	1
QID2172	1.7875580830540532	4
QID2173	0.4990561525097486	1
QID2174	1.032226118320536	1
QID2175	0.059049103200798085	1
QID2176	0.09157378448434106	2
QID2177	9.000394217447127	1
QID2178	4.039301008175421	1
QID2179	3.8116745807847434	1
QID2180	7.138021528859526	1
QID2181	2.579747403147496	2
QID2182	3.1888226864514837	2
QID2183	1.8693218036660053	1
QID2184	1.038476940075126	1
QID2185	3.2833468549951794	1
QID2186	0.9060775436188908	1
QID2187	3.700645638969169	2
QID2188	2.636140443478608	1
QID2189	6.990833453427433	1
QID2190	1.0295637943204201	1
QID2191	1.2134395388484382	1
QID2192	3.7226168517594953	2
QID2193	6.497819279779151	2
QID2194	2.261049674135741	2
QID2195	2.104183444546192	1
QID2196	4.129078217045887	1
QID2197	2.3231376543832973	2
QID2198	0.6317247726995949	1
QID2199	1.2266678824554544	3
QID2200	0.6451330339616409	1
QID2201	3.5012498498131137	1
QID2202	0.6119127581621658	1
QID2203	2.0418324173451348	1
QID2204	1.1288683666499617	1
QID2205	0.48166198748390204	1
QID2206	0.01342206337768357	1
QID2207	1.433993689740743	1
QID2208	0.021869871991033667	1
QID2209	0.3780781066501192	1
QID2210	0.65211135748367	2
QID2211	5.1801024147485	1
QID2212	4.60353063865026	1
QID2213	7.2166576745090465	1
QID2214	8.221663040886346	1
QID2215	2.5272185135196468	1
QID2216	2.572597087928785	1
QID2217	4.2371248025942005	2
QID2218	1.9949684762972464	1
QID2219	0.5447401701188871	1
QID2220	3.473405837451	1
QID2221	0.13292156104673855	1
QID2222	0.7339057615176207	1
QID2223	0.663067032834623	1
QID2224	2.392527155012497	1
QID2225	0.4373655362338244	2
QID2226	2.9095552156660216	1
QID2227	1.168644542865425	1
QID2228	1.6934859985709074	1
QID2229	2.777855695973435	1
QID2230	0.2118035886922894	1
QID2231	0.5239121962275888	2
QID2232	6.380536678237282	2
QID2233	2.5252542486801266	1
QID2234	0.15498910796431067	2
QID2235	5.5981693328803495	1
QID2236	0.8060378152688187	1
QID2237	0.0033171833801763184	1
QID2238	3.0412527128582885	1
QID2239	2.4012026699929843	1
QID2240	2.0100718234666966	1
QID2241	0.9902943725195872	1
QID2242	5.369471492419518	1
QID2243	3.100584763670109	1
QID2244	0.5217860464875389	1
QID2245	5.595562637395978	2
QID2246	1.4945353877929743	2
QID2247	0.4167977068574831	1
QID2248	3.447954495576235	1
QID2249	0.5549331671218767	2
QID2250	6.5010843315186335	2
QID2251	1.4417837958838926	1
QID2252	3.4044267932540078	1
QID2253	4.928184134973733	1
QID2254	6.98142405111269	1
QID2255	0.10627708022681052	1
QID2256	0.10511032983023637	1
QID2257	0.04169375533506305	1
QID2258	6.6472872309041335	4
QID2259	6.3213858032016494	1
QID2260	1.4477467717270078	1
QID2261	3.9095089493981336	1
QID2262	0.31457360751755503	2
QID2263	10.9339579262256	2
QID2264	6.2591472085801385	1
QID2265	3.3796304504750436	1
QID2266	8.731476163848926	1
QID2267	3.3184389118813105	1
QID2268	0.24495255486440534	1
QID2269	0.04699432953130762	1
QID2270	0.2321293390007439	1
QID2271	2.329272939763474	1
QID2272	6.8263682595443695	1
QID2273	2.7382321847201307	1
QID2274	0.8782009769865472	1
QID2275	0.0017010330298346205	1
QID2276	7.695154264045013	1
QID2277	0.05883708549425388	1
QID2278	1.6540185199759505	2
QID2279	9.249743342592193	3
QID2280	3.677229888394176	1
QID2281	0.37396588111967854	1
QID2282	1.9565444454936107	1
QID2283	1.725871932086764	1
QID2284	7.581955136407817	1
QID2285	7.569020191699222	1
QID2286	2.5298869159237998	1
QID2287	2.1050059082058388	1
QID2288	3.9324764507807424	1
QID2289	0.24922867138860766	1
QID2290	0.004764898924717854	1
QID2291	0.1261668825711445	1
QID2292	0.021993139103851148	1
QID2293	0.7069497857786528	1
QID2294	1.004821704274883	1
QID2295	0.8591952637574711	1
QID2296	1.6527425844326682	2
QID2297	0.15444152100040615	1
QID2298	1.024400179896496	1
QID2299	0.00333115598751794	1
QID2300	1.4683572376732608	1
QID2301	0.01922017713127954	1
QID2302	0.2795633168403715	1
QID2303	0.14873676765442995	1
QID2304	5.749471669178242	1
QID2305	2.7700339696913336	1
QID2306	1.8796966730496072	1
QID2307	0.6495648324784267	2
QID2308	6.180045726243249	2
QID2309	7.514966062177838	1
QID2310	3.2085707953213247	1
QID2311	2.624795005384746	1
QID2312	0.8489686616580345	1
QID2313	0.9995072546595678	1
QID2314	6.76170646400579	1
QID2315	0.04283435057981995	1
QID2316	0.15134763403367404	1
QID2317	0.5379769283314162	1
QID2318	5.091267816587849	1
QID2319	1.4750036816953438	1
QID2320	2.1209919433013793	1
QID2321	0.0040871070767774615	1
QID2322	2.148940923206278	4
QID2323	11.612070168103482	2
QID2324	0.7103786171826668	1
QID2325	5.357144258898601	1
QID2326	8.49309237427094	1
QID2327	0.1181724845437498	1
QID2328	0.15548458136932589	1
QID2329	0.6832160664901663	1
QID2330	7.198912803278284	1
QID2331	1.2142557581533377	1
QID2332	0.9776333900006312	1
QID2333	0.03238751308872826	1
QID2334	1.5088029393954914	2
QID2335	1.0492765253976095	1
QID2336	11.697723682961794	1
QID2337	2.7779964234411336	1
QID2338	3.0731797888435497	1
QID2339	1.9078573750697976	1
QID2340	4.712433549593912	1
QID2341	1.9845284855699024	1
QID2342	1.810241642533388	1
QID2343	7.31478605123042	1
QID2344	4.571697483341189	1
QID2345	3.533516931943684	2
QID2346	4.495607346303348	1
QID2347	1.1485800085181321	1
QID2348	5.668264581995247	1
QID2349	3.3024061222899013	1
QID2350	2.7725443424764205	1
QID2351	6.295883989044449	1
QID2352	1.23157880986019	1
QID2353	2.99802708732011	1
QID2354	2.9523777406480183	1
QID2355	3.0973961758370328	1
QID2356	0.13912532184365406	1
QID2357	3.3483446626394286	2
QID2358	2.39746911034429	1
QID2359	4.799697117792724	1
QID2360	6.133986214946648	1
QID2361	3.0255316806935397	1
QID2362	4.083556583932034	1
QID2363	1.9351772893493349	1
QID2364	3.1716922827573732	1
QID2365	0.3157912389392153	1
QID2366	3.518214365599609	1
QID2367	0.476407691861652	1
QID2368	6.2448217002864155	2
QID2369	3.4741250368624605	1
QID2370	1.3881997406230084	1
QID2371	2.2657168243535364	2
QID2372	6.906875692915731	1
QID2373	3.0238428944096647	2
QID2374	0.20565607134814293	1
QID2375	5.240660037006814	1
QID2376	0.5938162431818111	1
QID2377	2.085127316194189	2
QID2378	1.6604765131679116	1
QID2379	6.061872408176294	1
QID2380	0.18375026812475884	1
QID2381	1.7705947932026391	1
QID2382	3.0484707915591343	1
QID2383	2.163189616110192	1
QID2384	2.7334050729045587	1
QID2385	2.2848062149635657	1
QID2386	0.4547798835951775	1
QID2387	2.6549424756419118	1
QID2388	4.685537159271381	2
QID2389	1.58583549799606	1
QID2390	4.150923125421015	1
QID2391	2.317915424047127	1
QID2392	7.495489418245352	1
QID2393	0.5171518621350674	1
QID2394	3.085494897225184	2
QID2395	5.695572096074165	1
QID2396	1.6443437701033934	1
QID2397	1.2959596173874024	1
QID2398	1.4724935845195866	2
QID2399	0.6675918942059834	1
QID2400	2.136327976731522	1
QID2401	7.0128116641963425	1
QID2402	2.4028622298814115	1
QID2403	0.37952124108504104	1
QID2404	0.729824300102462	1
QID2405	5.215054940305809	1
QID2406	1.7777641075691537	1
QID2407	1.056599962279545	1
QID2408	0.4687678733943094	1
QID2409	0.5397218605170186	2
QID2410	9.11578075145697	1
QID2411	4.112390953146363	1
QID2412	2.201409226273547	1
QID2413	4.881679964941793	1
QID2414	4.270789185017976	2
QID2415	0.0374020793843881	1
QID2416	12.205914421007185	1
QID2417	3.4107112435685436	1
QID2418	2.7246695488573045	1
QID2419	1.280580684973624	1
QID2420	7.517321345752867	2
QID2421	0.7650710565752671	1
QID2422	4.1163322917644445	1
QID2423	4.893001114726283	2
QID2424	4.2009630857043545	1
QID2425	2.888607919506072	1
QID2426	3.8470281884422035	1
QID2427	8.634616401514378	1
QID2428	7.325487483948176	1
QID2429	7.401978523108991	2
QID2430	1.3463303096484578	1
QID2431	0.015046511069703544	1
QID2432	6.343470563350352	2
QID2433	3.979473630820896	1
QID2434	3.3121656679640354	1
QID2435	2.587828536062593	1
QID2436	1.0087453820476886	1
QID2437	7.693770557234608	1
QID2438	0.6939094896931227	1
QID2439	0.02645945418845952	1
QID2440	6.8998211529518665	1
QID2441	0.7943371321400613	1
QID2442	0.16223815726182034	1
QID2443	0.7701770109050767	1
QID2444	3.3655810832225113	1
QID2445	4.390477698419025	1
QID2446	0.8214717435963982	1
QID2447	0.09643841944521928	1
QID2448	0.44644440166185534	1
QID2449	2.7300619745118575	1
QID2450	4.290036925417277	1
QID2451	0.0024998520946503586	1
QID2452	6.552184656507999	2
QID2453	7.138771632969148	1
QID2454	1.907471388383802	1
QID2455	3.4378403335122227	1
QID2456	3.658295708915869	1
QID2457	7.454883594849748	2
QID2458	1.6551747149285965	1
QID2459	3.0492418694642494	1
QID2460	0.2089966318077453	1
QID2461	0.005798601565236593	1
QID2462	4.6472535784137685	2
QID2463	3.4428142178259082	1
QID2464	1.1854147868405125	1
QID2465	4.305507489934001	1
QID2466	0.032701323409509445	1
QID2467	0.2295244691555611	1
QID2468	4.568626132668504	1
QID2469	3.1242357421206735	1
QID2470	0.06468748582418221	1
QID2471	3.463439595178252	2
QID2472	8.97753844710663	1
QID2473	1.969362117772549	2
QID2474	5.083257116095447	2
QID2475	3.2774187897528053	2
QID2476	2.2557266797373616	1
QID2477	4.258030244320722	1
QID2478	1.513711544942813	1
QID2479	1.52139903245332	1
QID2480	4.184550840398424	1
QID2481	3.604925430068086	1
QID2482	0.4109783624815431	1
QID2483	1.7101223294422363	1
QID2484	0.6400345413362556	1
QID2485	0.024412782990033136	1
QID2486	1.7672091745142706	1
QID2487	3.3186495183740847	1
QID2488	5.1634671261803184	2
QID2489	0.14038917116951086	1
QID2490	2.031066254045939	1
QID2491	3.2316463367046966	1
QID2492	3.9885359647823035	1
QID2493	0.2637861714070424	1
QID2494	9.713268626933377	1
QID2495	0.5317172710101028	1
QID2496	2.620778955959936	1
QID2497	14.461291071888773	2
QID2498	1.3179986121984324	1
QID2499	4.111383536009448	1
QID2500	2.6017502922158138	1
QID2501	0.34560116524825146	1
QID2502	0.00468968889459736	1
QID2503	0.3419605866993855	1
QID2504	4.0322056299206315	1
QID2505	0.6897032666722531	1
QID2506	0.3098086633009657	1
QID2507	0.7946612950814674	1
QID2508	1.5048026316041898	1
QID2509	3.460465653889569	1
QID2510	0.4246227544018668	1
QID2511	0.19005947936925327	1
QID2512	0.005590391920081558	1
QID2513	0.7629194272849731	1
QID2514	0.11133465659735098	1
QID2515	2.4605418292822714	2
QID2516	2.9056087206348176	1
QID2517	0.26836794532423397	1
QID2518	0.017026469421700014	1
QID2519	6.38070009040602	1
QID2520	1.0042157204158355	1
QID2521	7.364618745389124	1
QID2522	3.5034652997713684	1
QID2523	3.13573482278516	1
QID2524	0.8111757812523963	2
QID2525	8.108222899484465	1
QID2526	4.593688526240884	1
QID2527	1.2481409733722186	1
QID2528	0.8196053245859469	1
QID2529	7.378463389332384	1
QID2530	5.264164059539907	1
QID2531	0.4066248507076906	1
QID2532	0.6279278712878876	1
QID2533	4.9761723521119015	1
QID2534	0.040158654935818335	1
QID2535	0.4231007284065468	1
QID2536	3.7389806759453528	2
QID2537	1.5630622305969817	1
QID2538	2.201258935181932	1
QID2539	0.3878262929628985	1
QID2540	0.21109171851725225	1
QID2541	2.8329609503905298	1
QID2542	0.15497130818305138	1
QID2543	5.145488326963172	2
QID2544	1.3559458120066945	1
QID2545	4.312732912639964	1
QID2546	1.0658791865468524	1
QID2547	0.4636168414105876	1
QID2548	1.8206116059505624	1
QID2549	1.6966310986840984	1
QID2550	0.6035411622070288	1
QID2551	2.4798599649936195	2
QID2552	1.8847790045935613	2
QID2553	3.1324593012377493	1
QID2554	0.492236290890725	1
QID2555	3.869703405078468	1
QID2556	5.704813469914908	1
QID2557	0.5677894307025242	1
QID2558	0.5464094022218092	1
QID2559	0.2208910608795436	1
QID2560	2.211463881652776	1
QID2561	0.06824735896714296	1
QID2562	4.180690034667848	2
QID2563	4.15194217508606	1
QID2564	0.5096700916147613	1
QID2565	4.359058350712732	2
QID2566	6.277452770128377	1
QID2567	1.7941154519508666	1
QID2568	2.4752220968783467	1
QID2569	0.41872023605473097	1
QID2570	0.04845677456648012	2
QID2571	1.6135008558384762	1
QID2572	3.195542991467826	1
QID2573	3.911991913159887	1
QID2574	7.494702587517371	1
QID2575	7.57649585111862	1
QID2576	7.773669852104714	1
QID2577	9.677512588299061	1
QID2578	0.22002179804061456	1
QID2579	0.942247054737362	1
QID2580	5.5387601414219	1
QID2581	2.686502146562643	1
QID2582	4.705904131069059	1
QID2583	5.486901450730778	1
QID2584	1.9789799272790032	2
QID2585	2.921720980574374	1
QID2586	8.323336803736089	3
QID2587	4.283251249320861	1
QID2588	1.536461614208403	1
QID2589	0.00869593289128169	1
QID2590	5.242236820276056	1
QID2591	2.2675568854565955	2
QID2592	0.912466936323896	1
QID2593	3.690794304457816	1
QID2594	5.75567979010431	1
QID2595	1.4016564079973102	1
QID2596	6.069985110431127	2
QID2597	0.6394480467056679	1
QID2598	2.1833657740046744	2
QID2599	1.6648889782380683	1
QID2600	4.7087560022280615	1
QID2601	4.6173986688511395	1
QID2602	0.0725461005996561	1
QID2603	2.0379394012013363	1
QID2604	0.24826107013653465	1
QID2605	3.6862321335024983	4
QID2606	1.0135679270502265	1
QID2607	1.2846628499010262	1
QID2608	4.4273706003888496	1
QID2609	3.6180382324182685	1
QID2610	6.014758377221113	1
QID2611	0.1309741239071764	1
QID2612	3.6071501516768727	1
QID2613	4.739702382388929	2
QID2614	1.8690280080585235	1
QID2615	1.7730133551343226	1
QID2616	3.5858731208064913	1
QID2617	2.2184688350961332	1
QID2618	3.247933438605442	1
QID2619	3.22349428569827	1
QID2620	3.124450223837356	1
QID2621	3.131318315818612	1
QID2622	1.0601428892438562	1
QID2623	2.520320773236226	1
QID2624	0.9906588870843316	1
QID2625	1.841313164085287	2
QID2686	8.405959831675874	1
QID2688	6.8209076916058	1
QID2689	14.120911984477631	1
QID2690	3.7312236276908255	1
QID2691	1.3597232805758823	1
QID2692	0.34779730705603834	1
QID2693	8.582271554171196	3
QID2694	3.1782765281085137	1
QID2695	3.3357127439739065	1
QID2696	4.751031914497193	2
QID2697	3.3565718195439267	1
QID2698	0.8322062597871309	1
QID2699	4.292561453665386	1
QID2700	5.634750470344563	1
QID2701	5.248212697101822	1
QID2702	1.2479864265012046	1
QID2703	3.5535634967688066	1
QID2704	2.5536680059368155	1
QID2705	2.225914928618669	1
QID2706	0.003170877398099571	1
QID2707	10.284959368557162	2
QID2708	1.2817545465308404	2
QID2709	6.196517324928548	1
QID2710	4.143267434848813	2
QID2711	1.0109972816094188	1
QID2712	2.4818782755919377	1
QID2713	3.085952691361795	1
QID2714	1.0216404537941763	1
QID2715	1.3603040544254217	2
QID2716	5.846373183078673	1
QID2717	0.2356252041848149	1
QID2718	0.21949688150950453	1
QID2719	4.619294821594061	1
QID2720	1.0885340595231696	1
QID2721	7.559320348887754	4
QID2722	1.5580508833730993	1
QID2723	0.8301951951705405	1
QID2724	4.890533605288531	1
QID2725	1.8078745439793271	1
QID2726	5.301133363449594	2
QID2727	3.5217449948748043	1
QID2728	0.009660110634065263	1
QID2729	4.32331963854846	1
QID2730	0.5606335727152475	1
QID2731	5.043248578471079	1
QID2732	0.009491052434126577	1
QID2733	1.315865126555694	1
QID2734	0.0713479202245105	1
QID2735	10.642692995519331	1
QID2736	0.4407074308389568	1
QID2737	5.390934058091752	1
QID2738	4.247246178912758	3
QID2739	0.2625269274911377	1
QID2740	6.689191835673747	1
QID2741	4.584400652343339	1
QID2742	2.976780348201058	1
QID2743	3.4069562088402177	1
QID2744	10.613527666041973	3
QID2745	8.405861891445028	2
QID2746	4.2409011414444455	2
