Word_Unique_ID	Surprisal	NumTokens
QID1	1.0473642982736142	1
QID2	4.523257175183817	1
QID3	10.645323005889354	3
QID4	0.8828191281433265	1
QID5	3.990236796895804	1
QID6	2.782625230638238	1
QID7	3.6005201569591856	1
QID8	10.398090816734827	1
QID9	0.4044722001148209	1
QID10	4.269396037442518	1
QID11	3.9142282860821926	1
QID12	3.09507020318127	2
QID13	3.9927325181377262	1
QID14	1.8833442727269911	1
QID15	1.3109793670587744	1
QID16	2.348239335355353	1
QID17	6.833068624029558	1
QID18	2.4235225484123464	1
QID19	7.612404232504669	1
QID20	3.1002274613888883	2
QID21	2.6337524136621506	1
QID22	5.131325772577953	1
QID23	7.9221796327697245	2
QID24	1.4249929842815203	1
QID25	1.1452940265202125	1
QID26	6.8045477740965365	1
QID27	1.5493369445328566	1
QID28	2.5483823064822104	2
QID29	1.9305285709144624	1
QID30	3.893810411187439	1
QID31	0.40440937095252505	1
QID32	2.44478520368312	1
QID33	0.8710033141263115	1
QID34	0.7424848904257683	1
QID35	3.0915557569594663	1
QID36	2.467638914593913	1
QID37	3.0848133619707725	1
QID38	1.47967397026822	1
QID39	0.15692837961453582	1
QID40	2.7243503842039054	2
QID41	3.622774687537952	1
QID42	0.4540983949420244	1
QID43	7.4791674495135165	1
QID44	0.3635425167226019	1
QID45	0.8931440152599575	1
QID46	2.0807517570330907	1
QID47	0.5764995899352897	1
QID48	1.1626698592241729	1
QID49	4.332239321409423	1
QID50	1.3394715087666993	1
QID51	12.09413821248335	1
QID52	1.2739096323910049	1
QID53	4.191722285741459	1
QID54	0.7910184678236577	1
QID55	1.8946053589889464	1
QID56	2.286330058573208	2
QID58	3.6946701247755867	1
QID59	4.2243287828508365	2
QID60	1.8394335341434083	1
QID61	5.7937143495887495	1
QID62	9.669412402911163	3
QID63	4.249083266771284	1
QID64	10.000897368050412	2
QID65	2.5618117812285264	1
QID66	6.359373678134482	1
QID67	1.3757417062276118	1
QID68	12.06356129733906	1
QID69	6.579117988153862	2
QID70	3.015372719268722	1
QID71	8.298715848427793	1
QID72	1.0898598417474892	1
QID73	0.9276325246671894	1
QID74	1.3954684894107785	1
QID75	0.5182272901916792	1
QID76	1.947868122863372	1
QID77	2.628499391936498	1
QID78	1.2536809055481395	1
QID79	2.5595980226705732	1
QID80	0.056730526661975963	1
QID81	6.226581614584164	2
QID82	6.549167696625668	1
QID83	0.21239678985804972	1
QID84	4.996158128321584	1
QID85	1.374945531110911	1
QID86	3.797136990917055	1
QID87	4.626401371035298	1
QID88	3.888776999001229	2
QID89	5.302594473598977	1
QID90	0.5231416190533336	1
QID91	6.644832012057026	3
QID92	1.9182305586036068	1
QID93	7.28113173295541	2
QID94	3.2111876150571335	1
QID95	0.4526069193829868	1
QID96	2.2945175960470645	1
QID97	0.18041471439414208	1
QID98	16.057916772642972	3
QID99	10.456665867067278	2
QID100	6.322531331319431	1
QID101	2.6180857787593794	1
QID102	6.286164981383253	1
QID103	0.6806163036535666	1
QID104	8.81829484175357	1
QID105	0.4715383401408239	1
QID106	8.63159674744149	1
QID107	0.8673989371338422	1
QID108	0.09778165219378572	1
QID109	4.303183720551633	1
QID110	1.9996101126093493	1
QID111	0.9565613265565548	1
QID112	0.2638060690473132	1
QID113	1.7717047669879613	1
QID114	0.6737648961322034	1
QID115	6.5828846316251965	3
QID117	5.990523768501828	1
QID118	1.958422700732596	1
QID119	11.787855145212035	2
QID120	10.550195573564316	2
QID121	0.1679069317945733	1
QID122	3.5721166167967837	1
QID123	0.09660228262858347	2
QID124	0.03976212590374244	2
QID125	0.7440393052046418	1
QID126	3.0760083753187297	1
QID127	2.0511477026720732	1
QID128	1.8102004870479929	1
QID129	8.412601673280589	1
QID130	1.895527563602184	1
QID131	0.3645957975800113	1
QID132	4.959351912146301	1
QID133	3.5503274239435183	1
QID134	7.471910592009944	1
QID135	1.0989709890257335	1
QID136	5.211961372939072	1
QID137	1.9956776308273103	1
QID138	3.60501162518031	1
QID139	3.693481216525941	1
QID140	2.0993235393745757	2
QID141	1.6925608348026195	1
QID142	3.2543229060729923	2
QID143	5.304595681191619	1
QID144	0.5946191782954257	1
QID145	1.1475924565157904	1
QID146	0.3567382314714885	1
QID147	1.434335446098938	1
QID148	2.210114835320713	1
QID149	4.878840180396623	1
QID150	5.562393667515623	1
QID151	0.6301534562954616	1
QID152	8.36435535338258	1
QID153	0.4485296573438888	1
QID154	3.4885730677750377	1
QID155	4.310444551528315	1
QID156	0.07409909211990598	1
QID157	1.4299875002791722	1
QID158	3.299172740574714	1
QID159	1.6279640034525595	2
QID160	3.8980127649875698	2
QID162	0.694181298917146	1
QID163	0.04539410298999805	1
QID164	3.978237891013844	1
QID165	5.0792739832824205	1
QID166	1.3662212845313402	1
QID167	1.2230394854539228	1
QID168	5.040207138049073	1
QID169	0.4177507139602871	2
QID170	3.0625219666693435	1
QID171	3.7401390340297884	1
QID172	2.789073360759779	1
QID173	4.358430481370403	2
QID174	12.140300358227654	1
QID175	6.797749080330242	1
QID176	3.866674932086325	1
QID177	1.9643841732003609	1
QID178	2.9327364501213733	1
QID179	7.49090282203692	2
QID180	5.580277035789627	1
QID181	1.7629231937485639	1
QID182	1.6925797348680232	1
QID183	11.705635017088245	1
QID184	2.7006549537616333	1
QID185	8.571293396889423	1
QID186	4.635872798303481	3
QID187	2.8520711768667595	1
QID188	1.0236737146695871	1
QID189	3.7952304927890266	2
QID190	0.8082847491444751	1
QID191	2.8779420498295027	1
QID192	3.3910486780567424	1
QID193	9.496758549090883	1
QID194	3.1219385394440264	1
QID195	7.484230397859227	2
QID196	3.507623460372672	1
QID197	1.6085749302718364	1
QID198	9.888530945821993	2
QID199	6.8718663593688945	1
QID200	2.482631085198176	1
QID201	0.7580803313087087	1
QID202	5.5153915138307115	2
QID203	0.9675036763395444	1
QID204	13.5881358424946	3
QID205	9.450670022982845	1
QID206	7.367508344185522	2
QID207	1.6829441898058155	1
QID208	4.730356552448934	1
QID209	2.870311105147208	1
QID210	5.570636160615659	1
QID211	0.9912037615115322	1
QID212	1.35598089781345	1
QID213	2.3567175107884464	1
QID214	5.274062709984731	1
QID215	2.0456115331952964	1
QID216	3.691941257094604	1
QID217	0.7173708649822547	1
QID218	0.10295966076603848	1
QID219	3.4399735283766577	1
QID220	3.1739307320426127	2
QID221	1.5997194689832936	1
QID222	0.8107196674843808	1
QID223	3.9362899175462664	1
QID224	3.1092674442080708	1
QID225	0.338724768354682	1
QID226	4.538824926894844	2
QID227	3.5474255881011163	1
QID228	4.1683979531342885	1
QID229	12.533247431063016	1
QID230	0.6731201728163702	1
QID231	8.51050130150919	2
QID233	7.0828263697714435	2
QID234	15.883352900107775	2
QID235	2.6275194500434838	1
QID236	6.199855269779112	1
QID237	2.3170247346472883	1
QID238	1.16875460032836	1
QID239	2.8175174683559856	2
QID240	3.7554221898765023	1
QID241	0.2587494518709653	1
QID242	12.334168261717195	1
QID243	3.5506050472945465	2
QID244	1.2459417533112842	1
QID245	2.8132404613174224	1
QID246	3.241574763339017	2
QID247	1.094414704337085	1
QID248	3.1468933994421566	1
QID249	4.350082568644874	1
QID250	0.3820640913088415	1
QID251	11.857513018657553	3
QID252	0.1232330025724669	1
QID253	1.794780310140328	2
QID254	3.947453052297599	1
QID255	0.99607992877599	1
QID256	8.229304229608795	2
QID257	3.130470438253715	1
QID258	1.3097701395363712	1
QID259	2.9594125103967737	2
QID260	3.7963577601515066	1
QID261	0.6694829047270761	1
QID262	7.439521206821495	1
QID263	0.3283939359579992	1
QID264	0.6692822645533528	1
QID265	1.1725274543322108	1
QID266	1.399433634182577	1
QID267	3.792615663465608	1
QID268	4.195186870282969	1
QID269	0.008311082297030516	1
QID270	6.605682438693947	2
QID271	2.416733497928608	1
QID272	1.7080879939237932	1
QID273	1.4594122700542491	1
QID274	0.003530373626849964	1
QID275	4.07414307693701	1
QID276	6.106974255858318	2
QID277	2.5050830816322613	1
QID278	4.631785790395559	1
QID279	4.532076448268982	1
QID280	2.8340064038289823	1
QID281	0.1414760958824707	1
QID282	1.222952910638463	1
QID283	1.0658069907421772	1
QID284	6.411814196188812	1
QID285	2.1343155296770133	1
QID286	6.1987066824414185	2
QID287	1.2115496435878126	1
QID288	1.227683981005388	2
QID290	9.987291704838409	1
QID291	13.303997016657766	1
QID292	7.284435311772262	1
QID293	4.346647765463681	1
QID294	3.028649484870602	1
QID295	4.730115613947438	1
QID296	0.15164351517294905	1
QID297	4.270980577237165	1
QID298	3.8171007044094014	1
QID299	9.556486952300835	1
QID300	6.617466815130492	2
QID301	2.962110012533757	1
QID302	6.1586052065434105	1
QID303	4.188691586609924	1
QID304	1.7977662275399855	1
QID305	15.064551633659981	3
QID306	4.211791015383367	1
QID307	7.037423581102859	1
QID308	2.949885423610896	1
QID309	1.896246446461019	1
QID310	0.1661232816262375	1
QID311	1.6697979567428338	2
QID312	2.566165743544976	1
QID313	3.5932433672609982	1
QID314	0.3071702489658832	1
QID315	2.5785177528194327	1
QID316	1.5236235949830084	1
QID317	1.2073297886430423	1
QID318	10.301534417078447	3
QID319	1.0406662811551162	1
QID320	3.826373502170165	1
QID321	0.8585851393732844	1
QID322	2.985134020776669	2
QID323	2.9282511394892787	1
QID324	9.013499384036972	1
QID325	12.534068359602948	2
QID326	7.638460069562273	1
QID327	1.850305195341262	1
QID328	7.328381101830709	1
QID329	4.449897379597988	1
QID330	5.901679440675312	1
QID331	7.607977511677584	1
QID332	0.21151308915524014	1
QID333	1.4639804938862528	1
QID334	5.3097785581127335	1
QID335	8.089795798625513	2
QID336	4.734356711909748	1
QID337	4.231090003665611	1
QID338	8.952330537858758	1
QID339	1.5700868832752388	1
QID340	4.984142523724888	1
QID341	4.30463754138008	1
QID342	2.6613221047865854	1
QID343	4.421165354996036	1
QID344	1.0940298528498096	1
QID345	6.513650897840804	2
QID347	10.48445306801498	2
QID348	6.7303559168460945	2
QID349	1.1854791695332136	1
QID350	4.611974060453576	1
QID351	2.5386620220621867	1
QID352	2.8222091747041183	1
QID353	9.18897495079838	2
QID354	3.938210565096621	1
QID355	2.9318269020030887	1
QID356	5.59892299479795	1
QID357	10.173305112769203	2
QID358	2.2804945093317066	1
QID359	5.1894011756587926	1
QID360	0.7604646530999528	1
QID361	6.172621008509454	2
QID362	8.10736323687578	1
QID363	0.5602647470020891	1
QID364	7.533085481396961	1
QID365	0.32974072994605896	1
QID366	0.5843151054260735	1
QID367	6.987425844380843	1
QID368	10.244583948162946	1
QID369	3.731843504562277	1
QID370	6.4960262989085535	1
QID371	4.9012771837080615	2
QID372	1.986580071654677	1
QID373	3.792084654359116	1
QID374	2.9615550255292002	1
QID375	6.355815840189182	2
QID376	2.019258263770546	1
QID377	2.238087446230973	2
QID378	1.1566541832833546	1
QID379	3.530796022625677	1
QID380	2.084882861122446	2
QID381	0.9443679892729115	1
QID382	1.931900067552185	1
QID383	11.019045085069203	3
QID384	4.120421181990157	1
QID385	1.4883423499659432	1
QID386	0.8388030221777677	1
QID387	0.8462385420346137	1
QID388	2.6610370301433908	1
QID389	2.786243608672204	2
QID390	2.0000097133234718	1
QID391	4.117948938288599	1
QID392	5.383798749775601	1
QID393	1.3889320122319224	1
QID394	2.705375466772944	1
QID395	0.5365372931497188	1
QID396	3.2706141176548726	2
QID397	1.5187438743202757	1
QID398	0.8875452233438917	1
QID399	9.794958239466911	3
QID400	4.651529989071033	1
QID401	2.582472441877422	1
QID402	14.577363413968135	3
QID404	6.379761475081224	1
QID405	3.2887155879096994	1
QID406	3.699521549361076	1
QID407	3.0274272013658816	1
QID408	3.8492172333691927	1
QID409	0.8241567046204485	1
QID410	2.1609524910411104	1
QID411	3.9873185895958536	1
QID412	0.028098805612762668	1
QID413	3.797771424340193	2
QID414	5.664632321050185	1
QID415	2.036514111217044	1
QID416	1.4380532240581207	1
QID417	4.518379946979792	1
QID418	0.2976093746559582	1
QID419	5.633953638852294	1
QID420	0.027473316313812304	1
QID421	3.9851422566671735	1
QID422	2.915374894734672	2
QID423	5.03173204846059	1
QID424	8.999978717363216	1
QID425	5.808773788732933	1
QID426	1.539247280477955	1
QID427	2.504464256131476	1
QID428	7.663261514498927	1
QID429	1.1618767331920976	1
QID430	0.008472345997026733	1
QID431	3.761708689930063	1
QID432	4.770392007235879	3
QID433	3.2930359038249017	1
QID434	0.3892803539684461	1
QID435	5.0078938708037075	1
QID436	1.6188987604300638	1
QID437	8.17485466084034	1
QID438	0.43612456403781175	1
QID439	7.983361131270682	1
QID440	4.768844665115456	3
QID441	1.3668443235356955	2
QID442	3.2456051811425795	1
QID443	1.3522945192569555	1
QID444	1.0709059361554785	1
QID445	3.8202215808689335	1
QID446	3.1552540517975998	2
QID447	3.2551757056424044	1
QID448	5.257731292872807	1
QID449	5.308068179092833	1
QID450	3.981994378891207	1
QID451	0.9553477559449274	1
QID452	0.8722964351285111	2
QID453	3.3925567273766024	1
QID454	3.3396536540397594	1
QID455	2.127619397209658	1
QID456	0.4916313980784761	1
QID457	0.2111988935853945	1
QID458	1.708984510656811	1
QID459	3.1210651060649792	2
QID460	2.695213175812876	1
QID461	1.7995278937730808	1
QID462	11.422057174497061	2
QID463	11.22743669240192	2
QID464	2.4965115905582818	1
QID465	2.5024400529847783	1
QID466	8.229021089601865	1
QID467	2.6263027038180087	1
QID468	1.3814277577757568	1
QID469	15.160140050543255	5
QID470	10.014001285649114	1
QID471	6.637506738078409	2
QID472	4.163805170842356	1
QID473	1.3531106501683932	1
QID474	0.1191978739794513	1
QID475	0.8547722461526711	1
QID476	7.477777297572111	4
QID477	0.2327091754501432	1
QID478	2.833804766702752	1
QID479	15.090069747156312	3
QID480	4.02756237566863	1
QID481	0.2849235445841422	1
QID482	4.957037774486816	1
QID483	4.214985725891611	2
QID484	5.9624543587532175	1
QID485	11.66731045839757	2
QID486	2.34432360039129	1
QID487	1.1713767670788062	1
QID488	0.4086684758110297	1
QID489	0.8212597953758813	1
QID490	5.733924480615594	1
QID491	4.850659862456121	1
QID492	0.15712555412429985	1
QID493	3.42556557119524	1
QID494	4.023185282759717	1
QID495	5.197783810493051	1
QID496	2.3156047127655905	1
QID497	4.27978982520224	2
QID498	2.3592928438766165	1
QID499	10.287016331694296	3
QID500	3.6871615252319754	1
QID501	7.398696306798228	1
QID502	2.6308908474843635	1
QID503	0.3160041710695303	1
QID504	7.725433381481527	2
QID505	1.1371582929938804	1
QID506	7.1390758520411195	1
QID507	0.9968456549820028	1
QID508	1.3386565057055808	1
QID509	1.5234858483514508	1
QID510	1.615003630294218	1
QID511	6.444899092601098	1
QID512	2.7804326183149817	1
QID513	2.92391398110888	2
QID515	12.882768873141837	3
QID516	10.669597351825695	1
QID517	1.6252460071329653	1
QID518	6.377395939199387	2
QID519	4.70138692228041	2
QID520	3.624980153740496	1
QID521	1.5965948334261864	1
QID522	4.01382844400327	1
QID523	2.312600144941415	1
QID524	0.9780508448435756	2
QID525	4.465323063199264	1
QID526	4.040221896108511	1
QID527	2.048616764926943	1
QID528	4.174300953927808	1
QID529	0.08496259378467283	1
QID530	6.224100072776134	1
QID531	0.7938841573846049	1
QID532	3.578874996831372	2
QID533	6.6532153321150815	1
QID534	4.338558501756045	2
QID535	7.8821454937491575	2
QID536	6.127138277211442	2
QID537	1.3582294906521029	1
QID538	2.1440070097068835	1
QID539	0.8733699772700206	1
QID540	1.4637129352586298	1
QID541	0.10400021271590544	1
QID542	0.3065119559502659	1
QID543	3.125479151582047	1
QID544	0.3255180600753351	1
QID545	2.1642998190071507	1
QID546	0.32774023593891666	1
QID547	0.0198596652429587	1
QID548	0.6634356827513019	1
QID549	7.170024555388517	2
QID550	2.962200115755837	1
QID551	3.4107249788088723	1
QID552	0.4359159157132857	1
QID553	3.1849393022424195	1
QID554	6.214836045147375	1
QID555	4.913791051191272	1
QID556	3.0094873719050086	1
QID557	1.971091278948666	1
QID558	0.4318892155794588	1
QID559	2.7236482329573484	1
QID560	5.421027250783311	1
QID561	4.729974188828159	1
QID562	1.9217381029337832	1
QID563	3.0780115786537268	1
QID564	1.0193515427450073	1
QID565	0.8230834019085647	1
QID566	0.08531744128937786	1
QID567	5.343378158838948	2
QID568	0.8931772198409568	2
QID569	2.176444592589229	1
QID570	16.254815734318985	2
QID571	0.5402675228779187	2
QID572	4.515265764843492	1
QID573	0.3711386882080346	1
QID574	7.859023477459277	2
QID575	3.302282615780248	2
QID576	8.311941799875715	4
QID577	0.7360783441653562	1
QID578	1.0545829884921805	1
QID579	14.633900737276162	1
QID580	2.621498988307613	1
QID581	5.949036484899914	1
QID582	0.08941867478648244	1
QID583	9.809837823534584	3
QID584	1.8576996783032989	1
QID585	2.9416617725281484	1
QID586	1.2036174180692885	1
QID587	4.1008727298468814	1
QID588	6.9248297290577785	1
QID589	0.898613351396772	1
QID590	4.604722863145923	1
QID591	10.907631740319356	2
QID592	4.7133881061357945	1
QID593	4.221861840198589	1
QID594	2.4101974038964418	1
QID595	3.5705943237002264	1
QID596	2.386551459564827	1
QID597	2.097898915214011	1
QID598	0.7666481309710359	1
QID599	3.2985867195139997	2
QID600	3.9520808029590695	2
QID601	1.8293833482417292	1
QID602	4.419129849791088	1
QID603	1.7634085569601314	1
QID604	0.7532567674238867	1
QID605	2.071106276944843	1
QID606	3.1119659884974684	1
QID607	4.1308205653416445	1
QID608	1.7112167835005052	1
QID609	3.9996119199242486	1
QID610	8.2421797114994	1
QID611	2.4784534401702585	1
QID612	3.6958964017684637	1
QID613	2.090612702008362	1
QID614	9.54704079121118	2
QID615	8.991661737333628	1
QID616	0.29686844200452817	1
QID617	1.9053941614164265	1
QID618	7.166117816979343	1
QID619	0.9719536725137404	1
QID620	7.901377072453418	1
QID621	6.430154662137202	3
QID622	6.463075740121652	1
QID623	5.762075230195345	2
QID624	6.8309904067263005	1
QID625	9.780048619976807	2
QID626	6.378903481345193	1
QID627	4.9878607291143116	1
QID628	4.207736011054306	1
QID629	1.1368682893060469	1
QID630	11.109886362229098	1
QID631	0.8189205779590045	1
QID632	3.076093071636256	1
QID633	0.5103041124281806	1
QID634	0.4444888054504959	1
QID635	0.20347729647549712	1
QID636	3.825546799335075	1
QID637	1.243043833021185	1
QID638	10.786436528635075	1
QID639	0.04609404214861229	1
QID640	7.971200352047798	4
QID641	1.6785855204618962	1
QID642	6.7665159313946734	1
QID643	0.5647215891451045	1
QID644	2.6987131254430814	1
QID645	4.926595283634108	1
QID646	5.413704680138757	1
QID647	1.2623633485631325	1
QID648	0.8328493182517142	1
QID649	1.2855641500149733	1
QID650	1.6350829186861011	1
QID651	2.446213645996959	1
QID652	2.268140450638115	1
QID653	3.2041492040611352	1
QID654	1.583820449181061	1
QID655	2.49917615567092	2
QID656	3.9667096318854864	1
QID657	3.2109338348109167	1
QID658	2.852878812698872	1
QID659	3.8463397417498935	1
QID660	4.101385351716332	2
QID661	1.8937186006726596	1
QID662	1.1340998863634408	1
QID663	8.530653156287142	1
QID664	0.3390089238524782	1
QID665	2.204968335094758	1
QID666	0.9758635946920736	1
QID667	2.3194899528080284	1
QID668	0.19122203136529364	1
QID669	0.6337220813660416	1
QID670	2.8284611997037565	1
QID671	2.7729494864817354	1
QID672	5.600789448391728	1
QID673	4.388679245959744	2
QID674	9.396126880804923	2
QID675	2.1692589610120283	1
QID676	7.986021149200453	1
QID677	7.5053278546545	2
QID678	1.1338308313982344	1
QID679	7.319092141645927	1
QID680	2.454052359347485	1
QID681	4.265169689592368	1
QID682	5.528812458981302	1
QID683	9.19119710694316	1
QID684	6.304446376970677	2
QID685	4.647154453258748	1
QID686	13.163609021170798	1
QID687	9.05112536307984	2
QID688	0.2598817601231704	1
QID689	1.2282385617549023	1
QID690	3.8504584932601382	2
QID691	1.7196057499900037	2
QID693	1.1704117775985272	1
QID694	5.194539956190332	2
QID695	0.6179002036436885	1
QID696	0.012003466276058243	1
QID697	2.635454705233064	1
QID698	1.4686804618769114	1
QID699	2.6464413988168642	1
QID700	1.43698726865398	1
QID701	10.350785881060254	2
QID702	1.7637905751209215	1
QID703	0.5875240150017931	1
QID704	0.021660971337012218	1
QID705	1.1812397447078822	1
QID706	1.637510642045373	1
QID707	0.004624033541421714	1
QID708	3.447475686426905	2
QID709	0.9587871690004166	1
QID710	1.1344550980059194	2
QID711	6.5168750595226514	2
QID712	9.688873487866896	1
QID713	0.9222972532098512	1
QID714	3.5662373044784488	2
QID715	4.947330638991239	1
QID716	5.176348129330651	1
QID717	11.435285469729266	3
QID718	4.39284973655875	1
QID719	8.720269851266199	4
QID720	2.944594947682978	1
QID721	0.8969192708777378	1
QID722	7.22937604428225	2
QID723	1.5454153226324447	1
QID724	7.137986837668833	1
QID725	11.792153474617994	3
Q2684	14.160865025597985	1
QID726	8.66841864490337	1
QID727	4.766720881414657	1
QID728	2.632467527340036	2
QID729	8.452054545237823	1
QID730	2.3001663631376243	1
QID731	8.684491509893936	1
QID732	3.104256746964417	1
QID733	4.294936328812623	1
QID734	1.3209409569695627	1
QID735	2.521261018878159	1
QID736	1.8102788191206245	1
QID737	2.7000457118728	1
QID738	8.111910944449937	1
QID739	7.606966264965291	1
QID740	5.9508933989487005	3
QID741	5.9095608525938985	1
QID742	1.2806995584172227	1
QID743	3.226314285524725	1
QID744	2.072739228533853	1
QID745	0.1296496998997554	1
QID746	6.816425662094918	1
QID747	0.05852404509621292	1
QID748	5.199982613786101	1
QID749	3.326877303099655	1
QID750	0.6315925731014438	1
QID751	2.524645807328401	1
QID752	4.356492533224465	2
QID753	5.496476834577912	1
QID754	7.551609016580071	2
QID755	2.8460507862873063	1
QID756	9.045631543828213	3
QID757	5.147425460583008	2
QID758	5.300847866951334	1
QID759	0.6623917228786502	1
QID760	7.325851262600505	1
QID761	4.474366001026938	1
QID762	0.0348383762948495	1
QID763	0.20789034025956646	1
QID764	2.212278912027158	1
QID765	4.291927012942456	1
QID766	2.240588330443205	1
QID767	1.4838403603875605	1
QID768	0.0641590091729098	1
QID769	5.731264205059611	1
QID770	5.347268642309931	1
QID771	1.8632704065655168	1
QID772	1.9241242756675117	1
QID773	1.386271760208278	1
QID774	5.207871583781162	1
QID775	1.7073542152674923	1
QID776	1.8935267940948228	1
Q2685	10.519448328213683	2
QID777	9.340553534045704	2
QID778	8.562703781838028	1
QID779	2.0248319935948413	1
QID780	4.0406236825172535	1
QID781	6.048914016103616	1
QID782	3.3904417227497845	1
QID783	0.6634718475914396	1
QID784	3.001632640146337	2
QID785	10.282757392618064	1
QID786	3.2969671791896515	1
QID787	3.2006979407968856	2
QID788	1.9365944713224488	1
QID789	5.4106640622263384	1
QID790	9.911801062583253	1
QID791	2.7012232980930384	1
QID792	0.04390944407875527	1
QID793	3.1486224989880025	1
QID794	1.404208274537388	2
QID795	4.143715204241297	1
QID796	2.03494418053804	1
QID797	1.9416723278154115	1
QID798	1.1799995050491876	1
QID799	1.7793417001134475	1
QID800	5.836655976930746	1
QID801	3.3336609450163373	1
QID802	1.81468578274223	1
QID803	6.411015979389358	1
QID804	9.888033425670733	1
QID805	4.527818714744684	1
QID806	4.639083690273333	1
QID807	6.673210621192932	1
QID808	0.2888525895307617	1
QID809	4.817524178139996	2
QID810	3.933471227495904	1
QID811	2.195919429797295	1
QID812	3.4464315067700544	1
QID813	6.43410105481684	1
QID814	3.436607284284192	1
QID815	1.350293630354529	1
QID816	2.6444644675967743	1
QID817	4.972633962540664	3
QID818	1.7804649905412442	1
QID819	4.102847883250518	1
QID820	9.795850649108736	1
QID821	9.42899275960907	1
QID822	0.2793582503464905	1
QID823	0.8020758877175124	1
QID824	3.6577324981309696	1
QID825	0.463584192619346	1
QID826	5.388939729812508	1
QID827	1.2144213949614415	1
Q2686	0.344035607143291	2
QID828	14.17091039725682	2
QID829	1.8442281607257835	1
QID830	10.405015615644297	1
QID831	1.5997573712415225	1
QID832	2.5582449626910053	1
QID833	6.438593532761972	1
QID834	0.07051759102964064	1
QID835	4.074517207353574	1
QID836	5.227016239409831	1
QID837	2.649683697661811	1
QID838	0.4498018671618344	1
QID839	3.392432352843235	2
QID840	2.658981931055623	1
QID841	2.8208282793450503	1
QID842	8.464043006050161	1
QID843	0.2327559073118435	1
QID844	7.559346472630034	1
QID845	6.969095904666783	1
QID846	1.7282984613958463	1
QID847	8.85932324615216	1
QID848	5.474201955826903	1
QID849	0.9524005462191468	1
QID850	3.5772024846870387	1
QID851	2.4918811978877184	2
QID852	2.2623169939467065	1
QID853	5.828650380117352	1
QID854	1.6307706013787346	1
QID855	4.502827517954042	1
QID856	0.018926465383877062	1
QID857	1.6903563797540329	1
QID858	5.181267300366982	1
QID859	0.7996960280635637	1
QID860	8.270409353186565	2
QID861	3.970764521961464	2
QID862	3.548342005392933	2
QID863	1.1726739559250925	1
QID864	6.267809465012146	1
QID865	4.387527645620693	1
QID866	5.453833350150181	1
QID867	4.508282297143992	1
QID868	2.040969038188109	1
QID869	3.6752306799140864	1
QID870	1.6223395534676308	1
QID871	3.0208184217849965	1
QID872	2.3224179852340243	1
QID873	6.647060540871563	1
QID874	2.5325357161151243	1
QID875	7.915949343488088	1
QID876	2.240482505538536	1
QID877	4.727947183304028	2
QID878	4.139062437036007	1
QID879	5.429078682254274	1
QID880	5.8348285035238705	1
QID881	0.7883157072141199	1
QID882	4.2818242915981	1
QID883	4.3698538451652205	1
QID884	5.780531313397358	1
QID885	5.1329338195402645	2
QID886	3.3258424648439915	1
QID887	1.0794028537156315	1
QID888	4.664508768425447	1
QID889	6.806782451232438	1
QID890	2.657436076670702	1
QID891	3.0880346945896155	1
QID892	8.923904179746271	1
QID893	16.019485980833085	2
QID894	7.0716022615365866	1
QID895	2.8528785980913365	1
QID896	9.285126345104114	2
QID897	3.3258019140630184	1
QID898	4.9055017712673346	1
QID899	5.187976868514227	1
QID900	1.987109200509992	1
QID901	0.026630089405379625	1
QID902	8.05110892592993	2
QID903	21.442751457583185	2
QID904	5.428782704731823	2
QID905	5.007397712530719	2
QID906	2.0361956977878046	1
QID907	0.5971120937131904	1
QID908	6.693070563816987	1
QID909	6.529379587419659	3
QID910	5.166186638236621	1
QID911	7.216656642227268	1
QID912	0.8146204684239006	1
QID913	0.9125148513513488	1
QID914	2.6417040326199754	1
QID915	0.09634823359992843	1
QID916	0.840200264104027	1
QID917	2.6812432759881033	1
QID918	1.4883715040140493	1
QID919	4.322324696012281	2
QID920	6.759724968023857	1
QID921	0.9416913221002438	1
QID922	6.558306167542359	1
QID923	1.5145771847220757	1
QID924	3.6081196298715112	1
QID925	0.3253334517429751	1
QID926	0.004611601356605817	1
QID927	2.310615097732949	2
QID928	3.3350572302828265	1
QID929	0.9366917044710832	1
QID2687	0.9366917044710832	1
QID929	0.9366917044710832	1
QID2687	0.9366917044710832	1
QID930	6.9383446393531525	1
QID931	12.6576347090676	2
QID932	5.385868015431184	1
QID933	0.942118386186238	1
QID934	9.991369306363259	1
QID935	1.011553966206523	1
QID936	0.3391808064243539	1
QID937	0.4761198550654481	2
QID938	3.5508232799875854	1
QID939	2.213327415930635	1
QID940	0.16988507998911476	1
QID941	3.1362359711072885	1
QID942	0.28497537298790826	1
QID943	7.390014462997121	1
QID944	2.8269188872817907	1
QID945	7.2282297353847245	1
QID946	6.479958118397947	1
QID947	1.683723130425616	1
QID948	8.303225914452263	1
QID949	2.548525849676698	1
QID950	0.0750935192482582	1
QID951	1.6092971170357635	1
QID952	1.3376443478526772	1
QID953	3.0527714508100785	1
QID954	1.2432449240234729	1
QID955	2.1580903186676283	2
QID956	4.294219253882154	1
QID957	2.6214571575998766	2
QID958	0.6938962666923181	1
QID959	3.692753849182832	1
QID960	3.1206814612171674	1
QID961	0.13376647086630952	1
QID962	1.2454359008921614	1
QID963	2.221846650974262	1
QID964	0.1650905536698387	1
QID965	7.123452785997107	1
QID966	0.5717504159089306	1
QID967	0.8370714517944698	1
QID968	1.4715448667396465	2
QID969	2.838791757935706	1
QID970	4.432877249472112	1
QID971	3.2278246308956398	1
QID972	5.982406874515519	1
QID973	0.20066342619802502	1
QID974	0.09040072935685313	1
QID975	9.945068790989394	1
QID976	0.9291392972092188	1
QID977	1.6323373525156315	1
QID978	11.398614481785035	2
QID979	10.262696163459065	2
QID980	14.098697924417355	2
QID981	0.9904117648925284	1
QID982	5.183205004014913	1
QID983	0.08803766282378805	1
QID984	5.7354411750506475	1
QID985	2.130296677578523	1
QID986	0.00269207930433235	1
QID987	7.7101009760442984	2
QID988	5.851301064616332	1
QID989	3.4499576662801155	1
QID990	0.7428285522139039	1
QID991	13.838616170474223	2
QID992	3.818570348210189	1
QID993	8.089512888048079	1
QID994	3.128183486545263	1
QID995	5.0152596173861586	2
QID996	4.58743587456342	1
QID997	13.372490607507947	1
QID998	7.970469685273978	2
QID999	2.2404777627961017	1
QID1000	1.3030307156688583	1
QID1001	3.8701543509098255	1
QID1002	0.7120426412295471	1
QID1003	0.7613334063759452	1
QID1004	8.326785166107527	1
QID1005	0.036526282204162486	1
QID1006	1.9367884677784462	2
QID1007	9.70211391244571	2
QID1008	8.194104970015077	1
QID1009	3.485665717212488	1
QID1010	2.6071854541243757	1
QID1011	3.9399530527082662	1
QID1012	1.7643421037633311	1
QID1013	0.7694110529517947	1
QID1014	1.8810911522337748	1
QID1015	2.8146396572165626	1
QID1016	4.1669644798519165	1
QID1017	0.4233120019694663	1
QID1018	3.2229214052012183	1
QID1019	2.3196767213574514	1
QID1020	6.692384174495088	2
QID1021	1.3268008644848293	2
QID1022	0.2294315009948901	1
QID1023	0.2371899361629296	1
QID1024	3.444893541630437	1
QID1025	1.2657699666376487	1
Q2688	0.6046022259878578	2
QID1026	10.989523101947574	1
QID1027	1.5934676498325195	1
QID1028	4.8480396771822685	1
QID1029	4.449877996487596	2
QID1030	1.5425103676881138	1
QID1031	1.1610985512241052	1
QID1032	9.784321220635686	1
QID1033	1.9164963717641064	1
QID1034	3.81202638706974	1
QID1035	5.390214020039493	1
QID1036	1.4498912509336384	1
QID1037	10.090846898627825	2
QID1038	4.360680831330618	1
QID1039	3.6799485658783935	1
QID1040	0.08397956256724742	1
QID1041	4.695779214510745	2
QID1042	3.38538160338444	1
QID1043	0.7230910231409972	1
QID1044	1.4525860352228086	1
QID1045	10.257180088749225	2
QID1046	4.815871985974577	2
QID1047	9.61186196308664	1
QID1048	3.331525741483369	1
QID1049	9.176449201714682	3
QID1050	6.229428106503272	2
QID1051	4.318012735798027	1
QID1052	2.213246268547815	1
QID1053	4.731480767246238	1
QID1054	5.555454741415382	1
QID1055	2.271189381586319	1
QID1056	1.6567893098761468	2
QID1057	4.063698178537305	1
QID1058	4.331351160464337	1
QID1059	0.9984242169064153	1
QID1060	1.0251314684396595	1
QID1061	3.4559188507424463	1
QID1062	2.156564308483333	1
QID1063	2.3322576404258064	1
QID1064	8.781788670154738	1
QID1065	6.522780957302731	1
QID1066	4.507140932195781	2
QID1067	12.517958835282988	1
QID1068	0.5496384967369595	1
QID1069	4.911138798222936	2
QID1070	0.9262261383187946	1
QID1071	3.2982843463169313	1
QID1072	0.5493827889579236	1
QID1073	3.541242914522168	2
QID1074	3.1714716936543796	2
QID1075	11.103101689894364	2
QID1076	0.9700763851347822	1
QID1077	5.695742320452307	1
QID1078	0.010741564299459437	1
QID1079	4.730993219127114	1
QID1080	0.3034014973394088	1
QID1081	1.5493731005298892	1
QID1082	10.483037915690913	1
QID1083	3.160468178357504	1
QID1084	5.4385879066025815	1
QID1085	11.125898379649653	2
QID1086	5.4160994367540285	1
QID1087	2.221926273523777	1
QID1088	6.534312735957724	1
QID1089	1.083794504136827	1
QID1090	0.9213760308664822	1
QID1091	3.4885986632974686	1
QID1092	5.3078371283256605	2
QID1093	2.638280483992479	1
QID1094	5.632485728322817	1
QID1095	1.6307767424715045	1
QID1096	2.7358598507602667	1
QID1097	3.5910196765942755	1
QID1098	0.0713312223085716	1
QID1099	4.4872018722092015	1
QID1100	5.549795626866975	1
QID1101	5.10074169434314	1
QID1102	0.29778901551439474	1
QID1103	7.907184873730197	2
QID1104	1.6811547234648239	1
QID1105	0.8316933433621501	1
QID1106	2.093348813141459	1
QID1107	6.360471177725461	1
QID1108	0.7407335061969434	1
QID1109	0.643046550570997	1
QID1110	5.23082467592593	1
QID1111	5.1066201645400415	1
QID1112	4.0092322212762035	1
QID1113	1.967749642855843	1
QID1114	8.197256127332302	1
QID1115	2.506688187750836	1
QID1116	3.135777931374902	1
QID1117	3.9877168060121786	1
QID1118	0.6784327628832849	1
QID1119	0.6943318894428753	1
QID1120	3.1278020562480893	1
QID1121	2.4718535878119403	2
QID1122	3.3604113506164253	1
QID1123	12.332647150122526	1
QID1124	6.940171498131343	1
QID1125	1.4218801007016222	1
QID1126	0.28075490190451197	1
QID1127	7.34547738075856	2
QID1128	3.583210247693588	1
QID1129	6.339506535251224	1
QID1130	5.4236200777714405	1
QID1131	12.574314906383213	2
QID1132	5.389372348901645	2
QID1133	6.545223155891282	1
QID1134	6.9114329819741105	1
QID1135	11.599965992267645	1
QID1136	5.26102349185527	1
QID1137	1.4318988353368378	1
QID1138	5.3403642380815715	1
QID1139	4.434411672870177	1
QID1140	2.210542670672555	1
QID1141	1.308589250636836	1
QID1142	9.420170659483263	3
QID1143	2.425458549366687	1
QID1144	0.39144415630276574	1
QID1145	2.288576029661753	1
QID1146	9.27051952092093	2
QID1147	7.510542976835637	3
QID1148	2.4613990962465744	1
QID1149	7.715653282713012	1
QID1150	6.6928405515809155	1
QID1151	8.383364703883654	3
QID1152	1.3849821410729046	1
QID1153	3.0908563579921715	1
QID1154	10.306350164239518	1
QID1155	0.4795818891944091	1
QID1156	12.282558707010612	2
QID1157	2.5832436246834067	1
QID1158	3.831182904685796	1
QID1159	3.1979452533795816	1
QID1160	2.992254098160817	1
QID1161	2.6315789935489855	1
QID1162	6.1654791858309554	1
QID1163	1.0773992505468717	1
QID1164	6.781098837010409	1
QID1165	0.8997006765676449	1
QID1166	0.1312906972002044	1
QID1167	10.830240818779329	1
QID1168	4.425448673523081	2
QID1169	2.764977011833204	1
QID1170	10.69295837822081	1
QID1171	4.355254400906396	1
QID1172	7.283592954307758	1
QID1173	1.7152246245399094	1
QID1174	0.466971873561739	1
QID1175	5.914110422074439	1
QID1176	3.5516768432349424	1
QID1177	6.1913242713576215	1
QID1178	4.145376214293088	1
QID1179	0.16938466512470626	1
QID1180	7.580269755990477	1
QID1181	2.9638206222218044	1
QID1182	2.7444174110363018	1
QID1183	1.459623833773275	2
QID1184	1.2577279286255492	1
QID1185	11.82165733852195	1
QID1186	4.6992179605964255	1
QID1187	6.619781057065198	1
QID1188	3.4379047395313163	1
QID1189	5.251798483163959	1
QID1190	0.14623664384427815	1
QID1191	4.050031116108189	1
QID1192	1.8082978733221189	1
QID1193	2.015615371444448	1
QID1194	14.667189226419294	1
QID1195	12.170406369622354	1
QID1196	2.3366272140621698	1
QID1197	1.9254581816229173	1
QID1198	12.985482461639284	1
QID1199	3.35796229201906	2
QID1200	2.24618072644813	1
QID1201	0.478515909341245	1
QID1202	6.950459415833252	1
QID1203	3.6591612031077747	1
QID1204	5.794201664529459	1
QID1205	3.4255366856355867	1
QID1206	5.818338794534847	1
QID1207	3.853075165249224	1
QID1208	1.4905630984217515	1
QID1209	0.37879838937014576	1
QID1210	6.693469189744801	1
QID1211	1.5475681101724723	1
QID1212	7.929569499714212	2
QID1213	7.705592305541023	1
QID1214	0.4281320872986635	1
QID1215	2.7660691302316973	2
QID1216	3.191367409812807	1
QID1217	3.474001309594957	1
QID1218	2.301281431140993	1
QID1219	13.248135619855384	1
QID1220	4.273894738550181	1
QID1221	3.865104655929055	1
QID1222	8.414987458841901	1
QID1223	1.7543952286652509	1
QID1224	9.312950540124456	1
QID1225	2.0807602438112154	1
QID1226	6.48084023656204	1
QID1227	4.168963760451899	1
QID1228	1.4382961635659417	1
QID1229	3.4292139477529533	1
QID1230	3.4601566250204248	1
QID1231	1.0817367610866075	1
QID1232	3.8287018265551813	1
QID1233	2.5994154779225664	1
QID1234	0.6223391953624915	1
QID1235	2.171522591953557	1
QID1236	1.752483823203384	1
QID1237	0.12283804571723653	1
QID1238	1.6243435602111542	2
QID1239	2.8454375047455214	1
QID1240	1.5477891669027068	1
QID1241	6.063885987671622	1
QID1242	1.929716618381103	1
QID1243	2.634307670796861	1
QID1244	7.148408129491027	1
QID1245	3.50482065851429	1
QID1246	2.2081809327801225	1
QID1247	1.8613741065202067	1
QID1248	1.1629068861951726	1
QID1249	9.590291161413695	1
QID1250	5.366357131160608	1
QID1251	7.205981791834772	1
QID1252	0.16239339654572152	1
QID1253	0.23099876825371124	2
QID1254	0.010761138926051702	1
QID1255	1.8524197032036256	1
QID1256	7.456011930462573	1
QID1257	5.391361254434188	2
QID1258	4.2858711642804215	1
QID1259	3.242814118428003	1
QID1260	4.1753782916455515	1
QID1261	0.6160853096689463	2
Q2689	0.20191517715154925	2
QID1262	11.186001997208828	2
QID1263	7.104134635346384	1
QID1264	1.0647299075736325	1
QID1265	6.525524967641751	1
QID1266	11.055007126113019	4
QID1267	10.47698440999579	1
QID1268	2.65984251574692	1
QID1269	3.3208273892098967	1
QID1270	1.7726005310404984	2
QID1271	5.234781071010394	1
QID1272	1.2911412477267008	1
QID1273	13.238880245007286	1
QID1274	0.245103211315926	1
QID1275	3.8972840407474902	1
QID1276	3.681914572852322	1
QID1277	3.6791148019180095	1
QID1278	1.3845457715532288	1
QID1279	9.144838532332596	1
QID1280	4.950168507838644	1
QID1281	3.690648906932751	1
QID1282	2.9008922446719914	1
QID1283	4.742355190624988	1
QID1284	0.5355561302995883	1
QID1285	5.2813141531698236	2
QID1286	10.63087569643024	2
QID1287	13.895364262184449	2
QID1288	0.4969730781694992	1
QID1289	2.107395976905135	1
QID1290	11.604811837868128	3
QID1291	2.23183255788503	1
QID1292	6.356543686487178	1
QID1293	8.024909081719342	1
QID1294	3.764361125925516	1
QID1295	5.54547352815771	2
QID1296	2.1170283260829623	1
QID1297	2.3113645965214773	1
QID1298	1.7591611656152857	1
QID1299	4.044656219427833	1
QID1300	1.6018483598721005	1
QID1301	2.560987933857785	2
QID1302	0.7396819802780595	1
QID1303	6.459039313162045	1
QID1304	5.6490842824464025	1
QID1305	4.181482420968151	2
QID1306	6.728208431233997	1
QID1307	2.043475073289679	1
Q2690	3.029862110578273	2
QID1308	5.6221819998925255	1
QID1309	8.246995181432926	1
QID1310	7.446488615075443	1
QID1311	0.5038744260583834	1
QID1312	0.3555451997936935	1
QID1313	4.27129074043738	1
QID1314	1.736720008320202	1
QID1315	1.6925410938610848	1
QID1316	12.008504784672985	2
QID1317	11.646841429294932	1
QID1318	5.788632932567133	1
QID1319	2.40639668266785	1
QID1320	3.557310099374777	1
QID1321	6.498591018572173	1
QID1322	5.8833059167687765	1
QID1323	3.6792967567694914	1
QID1324	0.5074601773391237	1
QID1325	1.9148488755927848	1
QID1326	6.005447275013963	1
QID1327	0.3679734972376973	1
QID1328	7.108362042456188	2
QID1329	1.7119253339466824	1
QID1330	8.884057220165957	1
QID1331	2.338562931930051	1
QID1332	10.230320688651227	3
QID1333	3.9197774662857063	1
QID1334	1.8350916798473909	1
QID1335	4.90305766352851	1
QID1336	0.1845050970881366	1
QID1337	8.162470583097953	1
QID1338	0.6855501393117172	1
QID1339	5.958283546605438	1
QID1340	0.4812280434864509	1
QID1341	2.5597522619519126	1
QID1342	2.218480728798187	1
QID1343	3.957850985871348	1
QID1344	1.1234237340777082	1
QID1345	3.0054165092294034	1
QID1346	0.20609710877766052	1
QID1347	3.731856203996613	1
QID1348	20.014797764195848	5
QID1349	1.7216357920292669	1
QID1350	9.5379096822779	2
QID1351	16.65589541581821	2
QID1352	0.27316321562455664	2
QID1353	9.442238671929816	2
QID1354	1.1395159059842426	1
QID1355	6.525663448058574	1
QID1356	1.1921361831093495	1
QID1357	9.52500441915814	2
QID1358	0.7919181584242002	1
QID1359	0.5064188194546515	1
QID1360	8.109062939369322	1
QID1361	2.78476008183005	1
QID1362	11.841071643147636	1
QID1363	5.217152891402992	2
QID1364	4.055278945978524	1
QID1365	4.058848398649807	1
QID1366	11.197824908597376	2
QID1367	2.1109601565658007	1
QID1368	3.8532533343404767	1
QID1369	4.8540286544782285	1
QID1370	1.0664836183066428	1
QID1371	0.7546200776470704	2
QID1372	4.6454709433971235	1
QID1373	1.4812355410537958	1
QID1374	4.045358822432984	1
QID1375	5.638172686052292	1
QID1376	2.138582795725161	1
QID1377	3.1079510671912853	1
QID1378	1.6602410380954329	1
QID1379	5.033930349853984	1
QID1380	7.8318412784736156	1
QID1381	1.1996034611837687	1
QID1382	5.731354857022829	1
QID1383	2.6904792384509033	1
QID1384	0.7638027300342376	1
QID1385	5.295945186025754	1
QID1386	4.464680514431828	1
QID1387	2.1942596392240143	1
QID1388	0.05521172996829392	1
QID1389	3.5219585280273327	1
QID1390	5.9619002554248	1
QID1391	2.1739486840695847	1
QID1392	0.7365267217747568	2
QID1393	4.440933473966127	1
QID1394	2.8662097970311984	1
QID1395	4.037489766092626	2
QID1396	3.3037922836596443	1
QID1397	0.5641077685683209	2
QID1398	7.525865686930505	1
QID1399	3.965600404278692	1
QID1400	5.478153977628796	1
QID1401	3.0682849793455262	1
QID1402	1.7824257568623458	1
QID1403	2.7244237275857968	1
QID1404	6.649860207653623	1
QID1405	7.050068506457867	1
QID1406	2.468704931397222	1
QID1407	3.935924716039093	1
QID1408	8.239288322713813	1
QID1409	0.20371449046929027	1
QID1410	5.890654970950429	1
QID1411	3.4389597551183173	2
QID1412	4.532656971543025	1
QID1413	0.6720709684324663	1
QID1414	7.380030009796273	2
QID1415	6.104931092954807	2
QID1416	2.7603448239841994	1
QID1417	6.420789718188102	2
QID1418	1.4501799023289323	1
QID1419	0.3899936125486176	1
QID1420	4.475688707478809	1
QID1421	0.8968955525998414	1
QID1422	10.843278725929416	1
QID1423	6.315510719087433	1
QID1424	1.6084983259657175	1
QID1425	4.88760084778458	1
QID1426	1.9176767324121249	1
QID1427	1.542389446651207	1
QID1428	4.078830210583327	1
QID1429	3.099987712882252	1
QID1430	0.7018841706225786	1
QID1431	5.501422115909792	1
QID1432	2.824078959418993	1
QID1433	0.4993807498570105	1
QID1434	3.1969894579743703	1
QID1435	2.9278053688430408	1
QID1436	7.174641981262223	1
QID1437	5.193403583973644	1
QID1438	0.4501155337986487	1
QID1439	2.0568270266906548	1
QID1440	1.215888317659695	1
QID1441	0.1214464157103706	1
Q2691	1.1429352522126308	2
QID1442	8.850653205070508	1
QID1443	7.714775350748103	1
QID1444	2.64881325078687	1
QID1445	6.389938877925093	1
QID1446	0.5661013765874497	2
QID1447	6.225135764039727	1
QID1448	10.235919410147877	1
QID1449	3.2690731668027664	1
QID1450	8.591847101711448	1
QID1451	1.030705532073823	1
QID1452	6.997044798136178	1
QID1453	0.2845243380297275	1
QID1454	2.3226288173136416	1
QID1455	1.2254295887781237	1
QID1456	0.005275503782047507	1
QID1457	8.188116092700156	1
QID1458	3.8434836275670583	1
QID1459	2.0552971904992825	2
QID1460	7.077531004440695	4
QID1461	0.4669989482773628	1
QID1462	5.4506200651869205	3
QID1463	4.834175195108304	1
QID1464	0.5288425515275347	1
QID1465	4.15854973478755	1
QID1466	3.2312644120236107	1
QID1467	3.1298110303305555	1
QID1468	3.509507843281757	2
QID1469	0.7456415138782345	1
QID1470	4.603970056494113	1
QID1471	6.345861774305669	1
QID1472	1.757469254997709	1
QID1473	6.376878481004753	1
QID1474	0.2467234576144456	1
QID1475	2.905049918699232	1
QID1476	2.273551355838656	1
QID1477	3.620365632148161	2
QID1478	0.9053649314064852	1
QID1479	9.840366170756493	1
QID1480	5.737252585063544	1
QID1481	0.7859749745655805	1
QID1482	10.31790201467564	1
QID1483	3.2591118207460603	1
QID1484	6.232740788562283	1
QID1485	1.3088933660691486	2
QID1486	1.2355306820701717	1
QID1487	4.457787782533357	1
QID1488	3.156134236382075	1
QID1489	5.710959797673807	1
QID1490	4.38169496599813	1
QID1491	5.2715097091771295	1
QID1492	2.9072813338776986	1
QID1493	3.35943097455312	1
QID1494	4.997829930774108	1
QID1495	1.5339087242661416	2
QID1496	3.970458694770664	1
QID1497	5.863163107160161	1
QID1498	2.3632708749077342	2
QID1499	1.926298089561025	1
QID1500	0.5875964527491611	1
QID1501	6.653529640650011	1
QID1502	0.06972320489793862	1
QID1503	0.8964102650582351	2
QID1504	3.797901526068403	1
QID1505	1.339855434203928	1
QID1506	2.3285305622323005	1
QID1507	7.773253519351801	1
QID1508	4.919803453041563	1
QID1509	5.585697167026202	1
QID1510	1.9841690861392929	1
QID1511	0.18437798044231102	1
QID1512	0.0901689522781652	1
QID1513	2.4033972421081837	1
QID1514	4.67340278655091	1
QID1515	8.76138809916967	1
QID1516	0.012971549055261516	1
QID1517	1.515836465515315	1
QID1518	6.309021570083287	1
QID1519	3.2518832370974153	1
QID1520	5.612904120702614	3
QID1521	0.0059952845898134655	1
QID1522	2.1928901128398737	1
QID1523	2.7703809010608786	1
QID1524	6.2015459227503165	1
QID1525	0.6634886790446972	1
QID1526	1.7522928301715377	1
QID1527	0.3964397180815367	1
QID1528	0.7607061415781622	2
QID1529	7.871857199821485	1
QID1530	2.060718118048645	1
QID1531	7.784447529537202	1
QID1532	1.5700367222347746	1
QID1533	2.5082139191390467	1
QID1534	3.9847824618258008	1
QID1535	0.5964630402317403	1
QID1536	1.443952782413255	2
QID1537	3.607454983227704	1
QID1538	8.084433742366253	1
QID1539	0.7553116216192342	1
QID1540	9.175724440701408	1
QID1541	2.8459928929525797	1
QID1542	0.9469423160839072	1
QID1543	7.782712214091487	1
QID1544	7.496137230536128	1
QID1545	0.7567682896002728	1
QID1546	2.200115761209158	1
QID1547	0.5184162784827299	1
QID1548	2.249448575683902	1
QID1549	2.5816319452198684	2
QID1550	4.5800021531616775	1
QID1551	5.561127194457123	1
QID1552	2.579527595661743	1
QID1553	2.042916228167813	1
QID1554	3.4111943744494915	1
QID1555	2.7354148579821116	1
QID1556	9.666323887495457	2
QID1557	0.11752192921025148	1
QID1558	3.9906141568602997	2
QID1559	4.58965433138322	1
QID1560	2.461189002123484	1
QID1561	9.317103105134956	1
QID1562	3.260707760732417	1
QID1563	5.218329677689258	2
QID1564	3.5222820409371387	1
QID1565	3.747956540617272	1
QID1566	0.08146654967785114	1
QID1567	2.0740934054394624	1
QID1568	1.001396192670048	1
QID1569	2.059270668025849	1
QID1570	1.1631956187344692	1
Q2692	5.709927375217183	2
QID1571	8.902491222947251	1
QID1572	15.479348726793337	2
QID1573	13.614459725774793	2
QID1574	9.099800028535434	3
QID1575	2.748039214788631	1
QID1576	3.567065371744788	1
QID1577	3.6349091360601222	1
QID1578	0.9363533112776526	1
QID1579	2.963753770404056	1
QID1580	2.55358478516198	1
QID1581	0.5822243185443841	1
QID1582	0.8451746633603687	1
QID1583	1.2127677651670803	1
QID1584	4.308269378470843	1
QID1585	3.652937345084297	1
QID1586	3.749885568418851	1
QID1587	8.330693482213245	1
QID1588	0.3971523254781409	1
QID1589	0.0345821581026527	1
QID1590	2.45442159041195	1
QID1591	13.718994418226462	3
QID1592	4.173459517376213	1
QID1593	9.7895171540319	3
QID1594	2.9869666092228977	2
QID1595	0.9477392222471318	1
QID1596	5.838441462285209	1
QID1597	11.837566839919464	3
QID1598	4.198469386756579	1
QID1599	11.601265256876593	1
QID1600	1.8745581382221563	1
QID1601	3.605079658587481	1
QID1602	3.450371851325237	1
QID1603	1.3911080530025952	1
QID1604	1.096465390563522	1
QID1605	1.1768930012651164	1
QID1606	0.2774161430093797	1
QID1607	0.019584003746718547	1
QID1608	1.262995674865219	1
QID1609	2.2245740308102504	1
QID1610	2.686156998093121	1
QID1611	2.1274423087631003	1
Q2693	12.157794068182561	2
QID1612	13.848048904105706	2
QID1613	3.130696101965078	1
QID1614	12.529285109446967	3
QID1615	4.470545583971409	1
QID1616	5.87303459429836	1
QID1617	0.1836974213401112	1
QID1618	0.09322225237034776	1
QID1619	4.073018812244674	1
QID1620	4.4683530559879765	2
QID1621	5.071228384410905	2
QID1622	0.5521868348278772	1
QID1623	3.8516873917261027	1
QID1624	0.850763267854968	1
QID1625	5.400117253087991	1
QID1626	3.2815814363109133	1
QID1627	7.240163260633932	3
QID1628	6.100104609642643	2
QID1629	3.3722583880452786	1
QID1630	7.072845475719423	1
QID1631	4.62722960736557	1
QID1632	3.2444828500790286	1
QID1633	1.7648935933335177	2
QID1634	6.293951123691536	1
QID1635	0.8730607553432227	1
QID1636	6.172877330702289	1
QID1637	0.3425402982136173	1
QID1638	4.5301709536398125	1
QID1639	0.6147524027397144	1
QID1640	1.7529195763702807	2
QID1641	0.5471484532922548	1
QID1642	3.09048776549394	2
QID1643	1.0853497246778554	1
QID1644	3.73709461706623	1
QID1645	4.3466303467236695	1
QID1646	0.5594518200132296	1
QID1647	3.664257452958957	1
QID1648	7.531322144788255	2
QID1649	6.091919146372219	2
QID1650	0.08693906511309207	2
QID1651	2.241998470000064	1
QID1652	4.913592952814356	2
Q2694	2.0769593978467986	2
QID1653	4.7211680049267235	3
QID1654	6.359186443190992	1
QID1655	3.7226135256239874	1
QID1656	1.6393586930957684	1
QID1657	3.5262121448585946	1
QID1658	7.830141639407247	2
QID1659	1.6832275217513823	1
QID1660	9.051083831919554	1
QID1661	4.449406436465488	1
QID1662	1.866112967849324	1
QID1663	0.5936400841207186	1
QID1664	10.703769811480267	1
QID1665	0.6966065930168988	1
QID1666	2.2209321393118158	1
QID1667	0.029096262060149487	1
QID1668	6.0488578894274605	2
QID1669	8.939809339147171	1
QID1670	5.4959798659356345	1
QID1671	0.3541160084528368	1
QID1672	0.5547110157882121	1
QID1673	1.391212948233465	2
QID1674	6.218749422183543	1
QID1675	2.1523263358009963	2
QID1676	2.26079512350963	1
QID1677	6.9280604185494825	1
QID1678	9.03366681727486	3
QID1679	1.553364910296582	1
QID1680	7.5761925624851845	1
QID1681	0.08100588416858917	1
QID1682	2.0946969656370062	2
QID1683	5.754513381149573	2
QID1684	10.450916982163006	1
QID1685	3.622967602158013	1
QID1686	0.4973031793192719	1
QID1687	2.469343960359025	1
QID1688	1.9513076468831616	1
QID1689	3.3344065708029715	1
QID1690	3.4396889494105345	1
QID1691	5.770310679978378	1
QID1692	1.4183424514117942	2
QID1693	14.173285964603586	2
QID1694	5.738246025868674	1
QID1695	1.5869578893909593	1
QID1696	9.165619982802506	2
QID1697	6.766561564141772	1
QID1698	0.21875436677969248	1
QID1699	0.6246047815674628	1
QID1700	3.700896928944709	1
QID1701	1.0755162222147236	1
QID1702	16.939869614868027	3
QID1703	10.887781329071442	3
QID1704	8.646338133867863	1
QID1705	0.18939863793023304	1
QID1706	4.987407160787965	1
QID1707	3.5797440499793654	1
QID1708	0.5419931682133762	1
QID1709	0.032495764569522946	1
QID1710	9.672884250859118	1
QID1711	3.381584857927218	1
QID1712	1.3973182104187862	1
QID1713	1.879841792930145	1
QID1714	5.73287621713604	1
QID1715	4.223136928715528	1
QID1716	10.292019718073911	2
QID1717	2.9908097658688413	1
QID1718	1.3267686172220328	1
QID1719	2.577133475007224	1
QID1720	3.7277929374182106	1
QID1721	5.960353530264614	1
QID1722	10.62206116284669	1
QID1723	0.5513108587855503	1
QID1724	0.8809247347550528	1
QID1725	4.695342861561128	1
QID1726	2.319627994186487	1
QID1727	5.222960194452108	1
QID1728	2.927179528460668	2
QID1729	12.568280293581266	2
QID1730	7.189057301893567	1
QID1731	2.4751862692230295	2
Q2695	8.020812864324029	2
QID1732	10.553043977179193	1
QID1733	4.936340453037659	1
QID1734	4.439970385906754	1
QID1735	5.230892929899122	1
QID1736	0.07164468151352571	1
QID1737	12.790414617585226	2
QID1738	4.855196653197417	1
QID1739	7.876298970805516	1
QID1740	3.5291730163421615	1
QID1741	0.09593586268315488	1
QID1742	3.3888835823467587	2
QID1743	4.255993820678377	1
QID1744	6.999140252847682	1
QID1745	4.222051762210785	1
QID1746	0.6930971239595232	1
QID1747	7.572665210184447	2
QID1748	3.7060247382663833	1
QID1749	0.7534916693631566	1
QID1750	1.7739976262410595	1
QID1751	7.9436546771452	1
QID1752	0.20005312816776735	1
QID1753	4.845312207811218	1
QID1754	5.81519495846013	1
QID1756	10.454400652797194	1
QID1757	1.1000757108964845	1
QID1758	6.181891221294308	2
QID1759	2.6399503656065457	1
QID1760	6.683658437986739	1
QID1761	0.4038121090993951	1
QID1762	5.265641757319155	1
QID1763	7.9905720795430435	1
QID1764	2.364978282195989	1
QID1765	6.58486054641986	1
QID1766	1.6581248624084848	1
QID1767	2.595182267251034	1
QID1768	0.9437152960790376	1
QID1769	7.437675889760084	1
Q2696	1.5588771156095511	1
QID1770	7.609452397978488	1
QID1771	11.100518178570649	1
QID1772	10.759285585962376	1
QID1773	2.1541474208548967	1
QID1774	9.212921334627065	1
QID1775	4.294894280951684	1
QID1776	4.312768390261026	2
QID1777	1.105336900690156	1
QID1778	1.652424338180687	1
QID1779	8.191097492966458	3
QID1780	0.7669815911087899	1
QID1781	1.46891554257847	1
QID1782	6.2790834194874074	2
QID1783	5.68282198811905	1
QID1784	1.859412161878918	1
QID1785	6.850664981829571	1
QID1786	0.012262167655645487	1
QID1787	8.28885513995439	1
QID1788	1.6109103725050589	1
QID1789	1.4393342149528237	1
QID1790	5.181672353844187	1
QID1791	1.5116575513513593	1
QID1792	1.6111324065443886	1
QID1793	8.225901124177616	1
QID1794	1.2386714543079156	1
QID1795	0.4510639233452338	1
QID1796	2.523174830887765	1
QID1797	1.1459142656829522	1
QID1798	9.4537901172654	1
QID1799	8.824121192023373	1
QID1800	0.17485076378306968	1
QID1801	1.5426290967620775	1
QID1802	5.286787135042972	1
QID1803	5.723375626213852	1
QID1804	1.55067955935957	1
QID1805	0.015260529576030697	1
QID1806	0.4604933159304467	1
QID1807	4.273117139561449	2
QID1808	5.429469595673137	1
QID1809	4.467724962492462	1
QID1810	7.456876891205026	1
QID1811	2.6521697966828905	1
QID1812	0.4526293910229972	1
QID1813	2.6632383173655008	1
QID1814	0.17787267643035842	1
QID1815	6.361911744573081	1
QID1816	11.125294077899413	1
QID1817	10.936654938219387	1
QID1818	5.147243272681783	1
QID1819	1.7301470449419694	1
QID1820	15.381206593382007	1
QID1821	2.9549331246382318	1
QID1822	4.393179512173077	1
QID1823	0.3410602112473094	1
QID1824	4.50772190463281	2
QID1825	3.1266646450388027	1
QID1826	2.215355054903225	1
QID1827	4.131327177679086	1
QID1828	2.8679051038341514	1
QID1829	0.9464960969398776	1
QID1830	0.005408561330926912	1
QID1831	4.871013618370736	1
QID1832	0.6109827682799023	1
QID1833	6.768300550576187	1
QID1834	3.1620565349784377	1
QID1835	1.4746283837695875	1
QID1836	1.2685246335646234	1
QID1837	3.206765292554187	1
QID1838	3.41110246165475	1
QID1839	0.03194249777653188	1
QID1840	4.294825937816648	1
QID1841	1.3353579827464443	2
QID1842	1.3399931858666059	1
QID1843	9.295246489970461	1
QID1844	3.609110939002792	1
QID1845	1.6316966828676858	1
QID1846	4.770630129661964	2
QID1847	4.111338370106008	1
QID1848	4.8875291934039415	1
QID1849	10.663401252784796	1
QID1850	3.610371915649018	1
QID1851	4.261023070627976	1
QID1852	3.613884153448727	1
QID1853	5.902161851750529	1
QID1854	1.9726608834287505	1
QID1855	3.0290419209971664	1
QID1856	2.0026497102852114	1
QID1857	0.4602456039699226	1
QID1858	1.6956537456357508	1
QID1859	8.488869776815081	2
QID1860	0.6042831627399264	1
QID1861	4.092144164456197	1
QID1862	9.163912701675748	1
QID1863	3.0615424025952254	1
QID1864	7.479106859250803	2
QID1865	2.4949194202633063	1
QID1866	4.5394993383176505	1
QID1867	3.060594198625541	1
QID1868	2.546315831615264	1
QID1869	3.680861338619533	2
QID1870	8.198760864186477	1
QID1871	4.655251270457776	1
QID1872	12.1024227954559	2
QID1873	4.492038125017723	1
QID1874	0.4837630250851799	1
QID1875	6.071666683915003	1
QID1876	3.1664500476358866	2
QID1877	3.384700167517733	1
QID1878	0.6058459296950751	2
QID1879	4.107742817277206	1
QID1880	2.3077005378900832	1
QID1881	2.7117821096053656	1
QID1882	3.8936490294164736	2
QID1883	4.520923851801163	1
QID1884	2.905703036893643	2
QID1885	2.718620414209091	1
QID1886	1.847450534958995	2
QID1887	2.6280081686172987	1
QID1888	5.469896906565149	1
QID1889	1.6622367916074012	1
QID1890	5.48678433603494	1
QID1891	0.15023876626935934	1
QID1892	0.6226529022791701	1
QID1893	11.515987681305756	2
QID1894	0.025835523344343674	1
QID1895	4.589538233520692	1
QID1896	0.060880167496065216	1
QID1897	4.961306764173305	1
QID1898	4.705402439397898	1
QID1899	7.225075159242473	1
QID1900	0.016362203649149025	1
QID1901	4.828187034859682	1
QID1902	6.409776622045907	1
QID1903	0.6231382292996478	1
QID1904	0.8652956917439556	1
QID1905	2.1118046027755617	1
QID1906	0.11332139908287445	1
QID1907	4.273229064396252	1
QID1908	5.415972095512049	1
QID1909	3.019393489455852	2
QID1910	3.207836790195504	1
QID1911	1.1729239037721688	1
QID1912	4.466985197894759	2
QID1913	0.4623465997183664	1
QID1914	2.6175257373227705	1
QID1915	3.525538294563317	1
QID1916	0.19539633341725196	1
QID1917	2.4082232819450007	1
QID1918	3.984950915410425	1
QID1919	3.6753694826333714	1
QID1920	1.8895611613369088	2
QID1921	22.558855881539397	2
QID1922	8.109286986419367	1
QID1923	4.8953589453500665	1
QID1924	4.053341595099127	1
QID1925	6.296245729134859	2
QID1926	3.3408645837135613	1
QID1927	2.1405136923557793	1
QID1928	2.4229703106887808	1
QID1929	4.108480956754873	2
QID1930	1.5894025629228532	1
QID1931	1.9275683380367958	2
QID1932	8.555824962874173	1
QID1933	0.6358357163312155	1
QID1934	3.419377682001061	1
QID1935	7.422519945257141	1
QID1936	10.251566124548704	1
QID1937	5.180791708896807	1
QID1938	11.82261464119206	1
QID1939	3.481100624846527	1
QID1940	1.637678416152467	1
QID1941	5.7147164071759695	1
QID1942	5.655709690112599	2
QID1943	3.1458379534316783	1
QID1944	1.0425571559801063	1
QID1945	1.6681920382916051	1
QID1946	11.00221369217899	2
QID1947	2.6287515785711766	1
QID1948	0.97018001899795	1
QID1949	1.3091338726198551	1
QID1950	7.849382152889639	1
QID1951	2.1480932601967107	1
QID1952	1.8416106992923216	1
QID1953	2.2006733878977918	1
QID1954	6.2862096041947355	1
QID1955	6.818155943195313	1
QID1956	14.933792195380171	3
QID1957	2.5371705684860144	1
QID1958	3.9836689726424312	1
QID1959	1.7066909399035304	1
QID1960	5.018068742800743	1
QID1961	4.8848689869707655	1
QID1962	1.343062353521474	2
QID1963	0.6201800185119482	1
QID1964	1.450072765188513	1
QID1965	6.445884491169871	1
QID1966	4.4697650323223375	1
QID1967	2.6005703517707297	1
QID1968	5.994241827619718	1
QID1969	5.170795280326401	1
QID1970	0.6754932029321025	1
QID1971	3.3138620264804035	1
QID1972	0.6149755839248341	1
QID1973	4.562882720607566	1
QID1974	0.4726346990370854	1
QID1975	11.412572511227033	3
QID1976	1.6921894321177684	4
QID1977	9.031525675226739	1
QID1978	2.676804376329079	1
QID1979	0.037952385194148584	1
QID1980	0.01460887116374725	1
QID1981	3.0310864066258545	1
QID1982	11.0382538140265	1
QID1983	1.4315429711207392	1
QID1984	6.124838135930706	1
QID1985	0.4628646512202548	1
QID1986	1.0470566064207822	1
QID1987	3.5330786552121363	1
QID1988	8.713530332035397	1
QID1989	1.2688848197856442	2
QID1990	15.42657907389354	2
QID1991	11.652313557126911	2
QID1992	4.405430597728508	1
QID1993	2.1268111293576237	1
QID1994	7.872961276515419	1
QID1995	8.139737583067049	2
QID1996	1.3252794011311633	1
QID1997	3.0456172187904866	1
QID1998	0.05521004623957977	1
QID1999	13.242827924128086	1
QID2000	8.243978038928772	1
QID2001	1.1241965654662391	2
QID2002	1.8786243946286885	1
QID2003	8.194719911439963	1
QID2004	6.309318830141669	4
QID2005	4.2688607887502	1
QID2006	2.2213710566839038	1
QID2007	15.369154444807274	3
QID2008	3.710881626595138	1
QID2009	0.07223001872943764	1
QID2010	6.767541307807512	1
QID2011	3.5457524831682568	2
QID2012	2.1084130782943897	1
QID2013	1.5558378365120726	1
QID2014	3.5870142623687857	2
QID2015	12.116172209415279	1
QID2016	1.7090001772252938	1
QID2017	2.1745759613912643	1
QID2018	5.874704073573509	1
QID2019	1.5944043277059223	1
QID2020	3.1909841465443636	2
QID2021	5.628492623516146	1
QID2022	5.253086252896011	2
QID2023	6.433255431183957	1
QID2024	6.456638831151949	1
QID2025	3.892504219664799	1
QID2026	2.6527062920708064	1
QID2027	14.836378333856725	2
QID2028	2.053550970666916	1
QID2029	3.30577497368581	2
QID2030	8.96436328742647	1
QID2031	1.998093439446543	1
QID2032	6.215672451576652	1
QID2033	3.711624477284525	1
QID2034	4.425683074497008	1
QID2035	4.919465351204586	1
QID2036	1.5788567474238404	1
QID2037	5.7850101280584685	1
QID2038	3.043693229385348	1
QID2039	3.895338008662992	1
QID2040	7.292092841903209	1
QID2041	5.091559207332053	1
QID2042	3.459366895275573	1
QID2043	3.5369306576053594	1
QID2044	0.14324393144001982	1
QID2045	2.627343423858956	1
QID2046	2.9758592825105312	1
QID2047	8.862284922682617	2
QID2048	5.281775270609711	2
QID2049	11.214609985554805	1
QID2050	7.016323283279389	1
QID2051	2.094939121213316	1
QID2052	2.031753125397969	1
QID2053	1.202457296476684	1
QID2054	0.9042987203151572	1
QID2055	0.4251649598895537	1
QID2056	0.8654728107954429	1
QID2057	4.270656858068051	1
QID2058	1.7372466286880477	1
QID2059	8.613205744168216	2
QID2060	2.2072819108324317	1
QID2061	1.307609825474072	1
QID2062	3.2511043581258363	1
QID2063	6.24499994810864	1
QID2064	0.7369716580067005	1
QID2065	4.4433732508863635	1
QID2066	3.5581731619812054	2
QID2067	1.848131156984311	1
QID2068	2.4807712757171227	1
QID2069	1.8911776923969343	2
QID2070	5.406538742537278	1
QID2071	4.180460367271792	1
QID2072	1.7672188290032744	1
QID2073	5.262316090318055	1
QID2074	1.0013967535541877	1
QID2075	1.564057505368418	1
QID2076	6.2288253700049045	1
QID2077	0.9024735012446234	1
QID2078	6.168265133352588	1
QID2079	0.06392827615270857	1
QID2080	5.912149983208134	1
QID2081	2.4412701269680173	1
QID2082	0.5003753367716028	1
QID2083	0.4047927835174586	1
QID2084	6.136128568541816	1
QID2085	4.153725294416251	1
QID2086	3.0581528198136985	1
QID2087	2.0793123210222038	1
QID2088	5.888241141007121	1
QID2089	1.5545073338425943	1
QID2090	0.06979564723452274	1
QID2091	1.106811269191229	1
QID2092	8.093747229781519	1
QID2093	2.3552957766784046	1
QID2094	4.725010465196952	1
QID2095	0.039873795253118315	1
QID2096	0.7349449942513933	1
QID2097	7.124431308955642	1
QID2098	2.349546316372082	1
QID2099	1.9277805470763725	1
QID2100	4.495060904420908	1
QID2101	2.6530919877270622	1
QID2102	0.22709425217956286	1
QID2103	0.8918268201895844	1
QID2104	3.9200945115966053	1
QID2105	2.9776784695237684	2
QID2106	2.971273223303074	1
QID2107	2.9086120694459865	1
QID2108	3.158103679335809	1
QID2109	2.3311951606491874	1
QID2110	5.702874461917039	1
QID2111	5.762145673715968	1
QID2112	2.0120080929132187	1
QID2113	3.088021177637822	1
QID2114	0.9946205763141148	1
QID2115	2.5467151338921803	2
QID2116	4.430288743575418	2
QID2117	0.5401924604288522	1
QID2118	7.176348166308411	1
QID2119	3.926209107338384	1
QID2120	5.559073008082441	1
QID2121	0.06775186071614436	1
QID2122	2.4887320361310405	1
QID2123	0.07443880033280717	1
QID2124	0.10918580549847803	1
QID2125	5.247198320464045	1
QID2126	0.03738258138381323	1
QID2127	1.2006392753314077	1
QID2128	1.3085833047608777	1
QID2129	0.08420386353015377	1
QID2130	4.825506746829416	1
QID2131	0.996605323432728	1
QID2132	1.7145217117963385	1
QID2133	1.6609123462676152	1
QID2134	1.2024761954663037	1
QID2135	4.199081343814249	2
QID2136	2.6313905239973816	1
QID2137	7.0188756016731775	1
QID2138	1.2873232073091	1
QID2139	1.654029153949436	1
QID2140	4.515525805434619	1
QID2141	0.1201409414726544	1
QID2142	3.0036035509096837	2
QID2143	2.840618515874416	2
QID2144	2.728390870731201	1
QID2145	5.5105291091763	1
QID2146	5.192323986873265	1
QID2147	7.791452135970569	1
QID2148	0.06778030001628729	1
QID2149	1.765635196007293	1
QID2150	8.147350516470604	1
QID2151	1.6992804445689451	1
QID2152	3.9782321719497817	1
QID2153	4.758678455329007	1
QID2154	4.88617928464447	1
QID2155	0.08577889452885153	1
QID2156	3.257678531262681	1
QID2157	8.378394709378798	1
QID2158	1.3788943934317444	1
QID2159	3.17275212029518	1
QID2160	0.8866428422881938	1
QID2161	0.3451682040125512	1
QID2162	0.233104695564106	1
QID2163	1.8219460043987767	2
QID2164	10.551843931998038	1
QID2165	9.283179679866283	2
QID2166	5.10708378452533	1
QID2167	0.012637511950306156	1
QID2168	2.057755998717812	1
QID2169	6.437984982773826	4
QID2170	3.3042495465357584	1
QID2171	0.011241666886289407	1
QID2172	3.324053889930071	4
QID2173	0.676438349832042	1
QID2174	2.2158187504602886	1
QID2175	0.03819583978258762	1
QID2176	0.16839943997603882	2
QID2177	10.205995828803683	1
QID2178	3.9750734113208255	1
QID2179	5.4842682582422375	1
QID2180	6.8986483692200045	1
QID2181	5.7768919301585235	2
QID2182	8.67647399411193	2
QID2183	2.1360447319094527	1
QID2184	2.4842202770844737	1
QID2185	1.8646611311084773	1
QID2186	1.7514304258019544	1
QID2187	2.312180771218878	2
QID2188	2.4020409139781727	1
QID2189	7.777184370407059	1
QID2190	1.3895592050802463	1
QID2191	0.44884882590619823	1
QID2192	5.056258266380919	2
QID2193	5.676919727255236	2
QID2194	2.333762754456701	2
QID2195	2.0926381826775606	1
QID2196	4.739591502515946	1
QID2197	3.4633631765537567	2
QID2198	0.811300584776793	1
QID2199	4.293483731549033	3
QID2200	1.0762191387751	1
QID2201	1.7180606120067994	1
QID2202	0.3240515015667178	1
QID2203	1.6720816574769688	1
QID2204	1.5701039080670505	1
QID2205	0.6016872050881839	1
QID2206	0.008544431245288902	1
QID2207	2.938650658279079	1
QID2208	0.008368654586870498	1
QID2209	0.4364171307443385	1
QID2210	1.022519854457889	2
QID2211	5.179590204034158	1
QID2212	4.622437938388939	1
QID2213	8.525868534131513	1
QID2214	8.436255434209519	1
QID2215	2.309051141806696	1
QID2216	2.9310879965081083	1
QID2217	5.168379374851229	2
QID2218	3.170352728668027	1
QID2219	1.142172322378462	1
QID2220	4.332877746197413	1
QID2221	0.10571957052765804	1
QID2222	0.8054958864169678	1
QID2223	0.5175597005400373	1
QID2224	2.4574658299050207	1
QID2225	1.4019966400820445	2
QID2226	3.0452349342352116	1
QID2227	2.4611552234058696	1
QID2228	1.9481968747291247	1
QID2229	3.669073489786674	1
QID2230	0.3549023673563993	1
QID2231	0.9854883385378431	2
QID2232	6.1338184576704124	2
QID2233	3.1816696955440285	1
QID2234	0.07892984478071682	2
QID2235	5.347238796252919	1
QID2236	0.8870878976073608	1
QID2237	0.008918349698532255	1
QID2238	3.665520857615008	1
QID2239	3.4098971140899965	1
QID2240	3.3745784963935854	1
QID2241	0.7451352984821773	1
QID2242	8.445038506891382	1
QID2243	4.654310006735557	1
QID2244	1.290164271411186	1
QID2245	4.821568613841434	2
QID2246	1.6041358122853984	2
QID2247	0.4140735030777863	1
QID2248	4.3430852348695135	1
QID2249	0.8867070521631241	2
QID2250	7.24214105227801	2
QID2251	1.6796730908270991	1
QID2252	4.853779786327347	1
QID2253	4.097992858959612	1
QID2254	5.349554034541277	1
QID2255	0.04977089004142742	1
QID2256	0.2744488499117489	1
QID2257	0.04378649912164286	1
QID2258	7.016761517996009	4
QID2259	6.082460692251942	1
QID2260	1.3486976285511256	1
QID2261	3.985868423455662	1
QID2262	0.3606085514703061	2
QID2263	10.628915727944012	2
QID2264	6.4283535297011545	1
QID2265	2.8632240602822705	1
QID2266	8.333855538278414	1
QID2267	3.561667282418684	1
QID2268	0.6244964359055648	1
QID2269	0.044783917396212215	1
QID2270	1.2068570903459774	1
QID2271	4.565461750950061	1
QID2272	8.25235510935944	1
QID2273	2.957479650624641	1
QID2274	4.163479452079864	1
QID2275	0.0037697539135461743	1
QID2276	5.400911310912062	1
QID2277	1.0471001543992962	1
QID2278	2.167177240549844	2
QID2279	13.630650528698164	3
QID2280	4.123925537898553	1
QID2281	0.11589532548794268	1
QID2282	2.2295383787030896	1
QID2283	3.7068347889635183	1
QID2284	7.438291036283069	1
QID2285	9.482775002663107	1
QID2286	1.1360263823599783	1
QID2287	3.3356235236971234	1
QID2288	2.6945199818847136	1
QID2289	0.18208129545222407	1
QID2290	0.0016803932775917927	1
QID2291	0.19360958962914795	1
QID2292	0.014755916159154331	1
QID2293	0.850677217584897	1
QID2294	1.0061478066612408	1
QID2295	1.1186478826230843	1
QID2296	1.462161745354619	2
QID2297	0.08179599268699082	1
QID2298	0.6955409929158224	1
QID2299	0.0006952214462408481	1
QID2300	1.2220391481856587	1
QID2301	0.010964671011741122	1
QID2302	0.21500960971853386	1
QID2303	0.15625371404853047	1
QID2304	5.277722775038818	1
QID2305	1.8373283559760705	1
QID2306	1.1237338591098762	1
QID2307	0.3724337846563921	2
QID2308	5.143950405624223	2
QID2309	7.805056739039704	1
QID2310	4.0585466144703775	1
QID2311	2.010474493427408	1
QID2312	1.0504176965414882	1
QID2313	0.97684767625978	1
QID2314	7.067925875853901	1
QID2315	0.12801413168345555	1
QID2316	0.5337569222445737	1
QID2317	0.3125429891140072	1
QID2318	4.343111908649335	1
QID2319	2.0221516377214668	1
QID2320	4.7688166582943134	1
QID2321	0.004013790893824697	1
QID2322	6.1664354173114475	4
QID2323	14.441444719721911	2
QID2324	1.0366675035434476	1
QID2325	5.2100074925711235	1
QID2326	4.648532737053081	1
QID2327	0.2015022414552269	1
QID2328	0.30052338156171665	1
QID2329	0.990879015544478	1
QID2330	5.231189133454991	1
QID2331	2.6072449568469707	1
QID2332	1.1015811625033531	1
QID2333	0.04804585652274799	1
QID2334	1.3792647153118291	2
QID2335	0.8006379194424547	1
QID2336	16.595390653141244	1
QID2337	3.7197004113012864	1
QID2338	3.557622130635661	1
QID2339	2.8125671495365636	1
QID2340	4.0522018990981135	1
QID2341	1.2320586011306376	1
QID2342	2.2890329161356364	1
QID2343	6.76014387278347	1
QID2344	4.895933657894019	1
QID2345	3.850323139569244	2
QID2346	4.283743377392886	1
QID2347	1.4098213740519216	1
QID2348	5.163081403106902	1
QID2349	1.7036237005473924	1
QID2350	2.391396354237592	1
QID2351	5.796487100764312	1
QID2352	1.7838072615322638	1
QID2353	3.1052397827938014	1
QID2354	2.6409709256878893	1
QID2355	5.402209345681212	1
QID2356	0.6210905753510785	1
QID2357	1.9026457019915868	2
QID2358	2.5056214667892585	1
QID2359	4.949894944362649	1
QID2360	6.199846086323485	1
QID2361	3.6278068225800215	1
QID2362	3.9714324880629914	1
QID2363	2.5493489930452347	1
QID2364	3.9231082677127285	1
QID2365	0.26650172555715784	1
QID2366	4.534139271758253	1
QID2367	1.1393738204078678	1
QID2368	5.854140801586121	2
QID2369	3.5307051608483433	1
QID2370	1.3827620009214237	1
QID2371	3.7708871806093107	2
QID2372	7.593769542102237	1
QID2373	6.026665300754124	2
QID2374	1.1773307991432342	1
QID2375	4.2544309231451845	1
QID2376	0.8108526915975716	1
QID2377	2.025913492838624	2
QID2378	2.0984986541821202	1
QID2379	4.8419071243757585	1
QID2380	0.10494737181024204	1
QID2381	2.4086341996974467	1
QID2382	3.104415781363969	1
QID2383	1.317356133035144	1
QID2384	4.306797219345002	1
QID2385	2.1654233373266347	1
QID2386	1.2413283089803715	1
QID2387	1.789533299214816	1
QID2388	4.9797783451783	2
QID2389	1.8104762894723536	1
QID2390	4.0253571975910765	1
QID2391	2.3129984232560106	1
QID2392	6.681632786673098	1
QID2393	0.6924119863392261	1
QID2394	2.85783341061052	2
QID2395	4.749810881532005	1
QID2396	2.900673105516937	1
QID2397	3.2055562404787388	1
QID2398	1.2808044409967314	2
QID2399	0.7313452271037262	1
QID2400	2.453897978440728	1
QID2401	7.517241338070098	1
QID2402	1.5591790516641708	1
QID2403	0.449361060075328	1
QID2404	1.0510504000282221	1
QID2405	6.632898550331476	1
QID2406	1.6927009087463911	1
QID2407	0.5885227382548724	1
QID2408	0.5441956927393611	1
QID2409	0.6782306294489436	2
QID2410	7.9134810292250375	1
QID2411	4.8608684069890575	1
QID2412	2.686747439640756	1
QID2413	3.803864451254675	1
QID2414	1.9185795392702	2
QID2415	0.029792692161051782	1
QID2416	10.799417609188607	1
QID2417	3.2894098281525146	1
QID2418	0.9988622438292176	1
QID2419	1.4933464792535138	1
QID2420	8.002451875033131	2
QID2421	0.501802318078687	1
QID2422	3.6129735539389896	1
QID2423	4.77628332828708	2
QID2424	4.1720195681751635	1
QID2425	4.490823405331049	1
QID2426	3.441209337892192	1
QID2427	10.247177283941477	1
QID2428	7.817751460273037	1
QID2429	8.000314163314634	2
QID2430	1.5762049940156098	1
QID2431	0.006863369632777007	1
QID2432	6.025395010356588	2
QID2433	5.856829880754905	1
QID2434	2.051773097926441	1
QID2435	2.498987679427749	1
QID2436	1.7336318236847534	1
QID2437	8.982062524673708	1
QID2438	1.4050721866452252	1
QID2439	0.031373829944312835	1
QID2440	5.947196520577681	1
QID2441	0.4222676305037639	1
QID2442	0.08466276563758528	1
QID2443	0.2969599927776515	1
QID2444	2.9120960895439887	1
QID2445	4.543327424587589	1
QID2446	1.4172570129869662	1
QID2447	0.19405909980283376	1
QID2448	0.5328566949529925	1
QID2449	4.615084892307508	1
QID2450	4.587939019585546	1
QID2451	0.012556523458132662	1
QID2452	8.071791613092909	2
QID2453	7.216262759838901	1
QID2454	1.7732041687989757	1
QID2455	3.413027921540672	1
QID2456	3.356721216896469	1
QID2457	11.265673197328509	2
QID2458	1.4503311435452777	1
QID2459	5.660650438655944	1
QID2460	1.0663649713832253	1
QID2461	0.0017030666674373687	1
QID2462	3.9927080980102017	2
QID2463	3.4549209777511587	1
QID2464	1.0381383530425532	1
QID2465	5.137992463616842	1
QID2466	0.055245812932471716	1
QID2467	0.0771557863774164	1
QID2468	4.268120929408359	1
QID2469	2.6634855988241344	1
QID2470	0.029664989917602694	1
QID2471	2.5024068838102664	2
QID2472	9.142101805492038	1
QID2473	1.4770245949203842	2
QID2474	6.1521655000624165	2
QID2475	2.766513898535508	2
QID2476	2.447531797825204	1
QID2477	6.210761970764996	1
QID2478	1.2788613292466948	1
QID2479	1.7319529921348753	1
QID2480	4.2116594498873345	1
QID2481	3.5068997240486817	1
QID2482	0.4838999105828238	1
QID2483	2.263963455070863	1
QID2484	0.9770433665141028	1
QID2485	0.03932528715254364	1
QID2486	2.673611944362648	1
QID2487	3.1945388002721176	1
QID2488	5.096302694132536	2
QID2489	0.12333081188815465	1
QID2490	2.1744285215570325	1
QID2491	3.4412236266584673	1
QID2492	4.121110834993823	1
QID2493	0.27443977750652665	1
QID2494	9.159187731578754	1
QID2495	0.6930876168957006	1
QID2496	2.7948821966791946	1
QID2497	14.12462611174966	2
QID2498	2.8705359460429385	1
QID2499	5.261189281831685	1
QID2500	2.135100887365029	1
QID2501	0.609644903635139	1
QID2502	0.005521732032836697	1
QID2503	0.4861803872240527	1
QID2504	3.293440895577969	1
QID2505	0.7081391122834504	1
QID2506	0.4130537575157894	1
QID2507	0.905564938534501	1
QID2508	1.3847115904155705	1
QID2509	4.9818086310405185	1
QID2510	0.5089281983509957	1
QID2511	0.2268805511907325	1
QID2512	0.01597947600237612	1
QID2513	0.7008459788145054	1
QID2514	0.1142544208184938	1
QID2515	2.2324735531698052	2
QID2516	3.0800252296066413	1
QID2517	0.2287678336296557	1
QID2518	0.01897662498545206	1
QID2519	6.553641863273373	1
QID2520	1.1817210072625821	1
QID2521	7.474473425039848	1
QID2522	3.444673260341113	1
QID2523	3.8522796086551074	1
QID2524	0.9946298425426771	2
QID2525	9.68442297681306	1
QID2526	2.9653166687569263	1
QID2527	1.2883306041704334	1
QID2528	1.2424865699478995	1
QID2529	8.444218750139022	1
QID2530	3.156545832291968	1
QID2531	0.3544738753713045	1
QID2532	0.8933695903237657	1
QID2533	5.954239591475396	1
QID2534	0.05718478817440049	1
QID2535	0.44074277391553657	1
QID2536	4.773956725683262	2
QID2537	1.8143639795474145	1
QID2538	3.5105564960030384	1
QID2539	0.526938556518108	1
QID2540	0.2858538551973368	1
QID2541	2.599804551173648	1
QID2542	0.11642993412001724	1
QID2543	5.214497816390084	2
QID2544	1.0758420682062002	1
QID2545	5.216780109158737	1
QID2546	1.0828273214168669	1
QID2547	0.4163237614308926	1
QID2548	0.9286981924944332	1
QID2549	2.756338509033584	1
QID2550	0.8271616251342188	1
QID2551	3.2978199104698884	2
QID2552	2.5956446059715104	2
QID2553	2.659413034223126	1
QID2554	0.3583767354567091	1
QID2555	3.4088325951437164	1
QID2556	5.637151474772258	1
QID2557	2.814146505023131	1
QID2558	0.25831877888406296	1
QID2559	0.26550077602938393	1
QID2560	1.6024697726070922	1
QID2561	0.04433428499766396	1
QID2562	3.5201824343390022	2
QID2563	3.951665299705105	1
QID2564	0.6205491654124523	1
QID2565	3.2333664862840106	2
QID2566	6.338277564672242	1
QID2567	2.3007288019489827	1
QID2568	5.997905919622781	1
QID2569	0.8290936257929485	1
QID2570	0.03661281096452848	2
QID2571	1.796232190866785	1
QID2572	3.106557613042401	1
QID2573	3.762931277755469	1
QID2574	7.223184223830138	1
QID2575	8.455825506148425	1
QID2576	10.235641003610647	1
QID2577	8.574080280434988	1
QID2578	0.19747789274346586	1
QID2579	1.387958080307456	1
QID2580	4.9732524125578825	1
QID2581	2.27729332357952	1
QID2582	3.874615060347308	1
QID2583	5.1830308066196284	1
QID2584	1.927442693799294	2
QID2585	2.875213954553108	1
QID2586	8.980864224740035	3
QID2587	4.319942663973734	1
QID2588	1.898977416129186	1
QID2589	0.011064396609039595	1
QID2590	5.065293110678483	1
QID2591	2.002376792081696	2
QID2592	0.6729290401906343	1
QID2593	4.00603157195333	1
QID2594	5.625266021367601	1
QID2595	1.5001775725908475	1
QID2596	5.630240468591127	2
QID2597	2.328659744739915	1
QID2598	2.352799615042039	2
QID2599	1.8171002843955808	1
QID2600	4.810735399727525	1
QID2601	4.606884526002808	1
QID2602	0.09131615547445804	1
QID2603	1.9883141271689413	1
QID2604	0.13209746192486926	1
QID2605	3.8117415967083854	4
QID2606	0.9664745828673466	1
QID2607	1.1198107127321406	1
QID2608	5.739443173368324	1
QID2609	5.194079523827656	1
QID2610	6.1019797506044995	1
QID2611	0.11898237552878813	1
QID2612	4.044992856239712	1
QID2613	4.99873342246302	2
QID2614	1.8825154398107111	1
QID2615	2.016387114382869	1
QID2616	4.403207710404441	1
QID2617	2.433980878331941	1
QID2618	3.9460607448888467	1
QID2619	2.773070264487332	1
QID2620	2.786081913468683	1
QID2621	3.3340817866733645	1
QID2622	1.0338388386721948	1
QID2623	2.9200619748239105	1
QID2624	2.2792732277757852	1
QID2625	1.6611812219560451	2
QID2686	7.026266091053561	1
QID2688	5.549933616034168	1
QID2689	13.671283753413483	1
QID2690	2.7947749292344977	1
QID2691	1.872733411545656	1
QID2692	0.4164441259527039	1
QID2693	9.732895337541562	3
QID2694	3.821364603288647	1
QID2695	4.197033536249622	1
QID2696	4.816916202746911	2
QID2697	4.0017622977745875	1
QID2698	0.688182290806059	1
QID2699	4.486192977990997	1
QID2700	5.338439267821224	1
QID2701	6.624525479744314	1
QID2702	1.8966960457293016	1
QID2703	3.3751667845423534	1
QID2704	3.2449806071408065	1
QID2705	2.7157138609208884	1
QID2706	0.003344461301780882	1
QID2707	10.644918672001573	2
QID2708	2.1518363600282266	2
QID2709	6.9728964069813575	1
QID2710	7.291390416921788	2
QID2711	1.212808175827181	1
QID2712	2.6809047570248272	1
QID2713	3.670977212058451	1
QID2714	0.9158542179134956	1
QID2715	1.0762734818742774	2
QID2716	4.600541488353829	1
QID2717	0.7758971373955379	1
QID2718	0.32094620799033224	1
QID2719	4.298602295005072	1
QID2720	1.2351438822972651	1
QID2721	7.267996847211241	4
QID2722	2.240537990014225	1
QID2723	0.8578028466400739	1
QID2724	5.869095771093327	1
QID2725	1.8439430395945304	1
QID2726	5.577431197290746	2
QID2727	5.675456106470113	1
QID2728	0.030033583830173183	1
QID2729	3.662768534281281	1
QID2730	0.6166747571153824	1
QID2731	5.928348585040588	1
QID2732	0.05269449991058008	1
QID2733	0.7356192906476635	1
QID2734	0.13293419321521951	1
QID2735	10.402672313835149	1
QID2736	0.4367671137654195	1
QID2737	5.795700609281527	1
QID2738	4.964370669406514	3
QID2739	0.2106528900853164	1
QID2740	7.500594177839337	1
QID2741	5.808523576838257	1
QID2742	5.137300921998274	1
QID2743	3.2677459600872143	1
QID2744	8.4878820445279	3
QID2745	7.725895861878333	2
QID2746	2.464511723604089	2
