Word_Unique_ID	Surprisal	NumTokens
QID1	1.0869620073341233	1
QID2	5.153656152970595	1
QID3	11.406480046444221	3
QID4	0.7261618844661937	1
QID5	3.548091198840836	1
QID6	3.1505507334276004	1
QID7	4.4246945587001605	1
QID8	10.336658998958315	1
QID9	0.7889022518170175	1
QID10	4.683497145834837	1
QID11	3.2719562357142418	1
QID12	3.5909169742335454	2
QID13	4.730188483251998	1
QID14	1.8821816141443344	1
QID15	1.1048434366688902	1
QID16	1.7738482329487368	1
QID17	6.115136832215719	1
QID18	2.261753496749072	1
QID19	7.293210291912281	1
QID20	2.926566614125198	2
QID21	2.700725977628464	1
QID22	6.196917912176878	1
QID23	7.503914492123505	2
QID24	1.7482149140379726	1
QID25	1.0896839018066529	1
QID26	8.011970568384577	1
QID27	1.8949356620473927	1
QID28	1.938505530433464	2
QID29	1.4469447616144242	1
QID30	4.9058757603181515	1
QID31	0.6678937522632896	1
QID32	2.8547181318399875	1
QID33	0.8089560183392859	1
QID34	0.5742788741132563	1
QID35	1.395326817950998	1
QID36	2.9257119351293315	1
QID37	3.135782275747993	1
QID38	1.5863559071495177	1
QID39	0.13653586324484807	1
QID40	3.1602189182797584	2
QID41	3.62563717594874	1
QID42	0.6267788785156178	1
QID43	8.546091359556463	1
QID44	0.17658646394679334	1
QID45	1.3254706592498748	1
QID46	1.6908993445794938	1
QID47	1.9270499261393328	1
QID48	0.9209543470970336	1
QID49	4.637617733610196	1
QID50	1.7604779171219243	1
QID51	7.009029665991651	1
QID52	1.5414234800811932	1
QID53	2.5060637765841194	1
QID54	0.655377472893328	1
QID55	1.7155668039314536	1
QID56	2.044090787594593	2
QID58	3.900186813910423	1
QID59	3.9660583755584833	2
QID60	1.9598550329913729	1
QID61	6.171798321155743	1
QID62	9.381495967333217	3
QID63	4.110249204762004	1
QID64	1.88821507905958	2
QID65	3.4253321405040973	1
QID66	4.41354791588609	1
QID67	0.7231619794569071	1
QID68	11.660677790670185	1
QID69	5.338174103123571	2
QID70	2.3954688032729448	1
QID71	8.822345781788288	1
QID72	0.6319020385796542	1
QID73	0.8639980782328973	1
QID74	1.1805336415084224	1
QID75	0.4893798378424125	1
QID76	1.9442011537974508	1
QID77	2.586217914526088	1
QID78	1.3760646900543696	1
QID79	1.9258141092868093	1
QID80	0.09731716422012733	1
QID81	5.486177075708946	2
QID82	5.622308762746957	1
QID83	0.17548250306749094	1
QID84	4.8775743480740275	1
QID85	0.5075063096602227	1
QID86	4.211625965511265	1
QID87	4.720172611668872	1
QID88	1.8536336452995688	2
QID89	4.66113751337629	1
QID90	0.6635926909136364	1
QID91	7.360000404739998	3
QID92	1.8974053104780004	1
QID93	8.512245782759841	2
QID94	3.130398322117048	1
QID95	0.8002315670417894	1
QID96	1.4634641665189918	1
QID97	0.09441161758214654	1
QID98	10.480090886538903	3
QID99	11.074713554744957	2
QID100	5.092382784350288	1
QID101	2.472656697159789	1
QID102	5.269347827384814	1
QID103	0.4438804800709108	1
QID104	9.519094284915287	1
QID105	0.4791814141439295	1
QID106	6.738566392302222	1
QID107	0.3598181240546324	1
QID108	0.19016294262471886	1
QID109	5.026522846141278	1
QID110	1.2526985401801212	1
QID111	0.9524740303071254	1
QID112	0.10524563756606688	1
QID113	1.6933570359266472	1
QID114	0.4949197512042173	1
QID115	8.044397363768866	3
QID117	5.598793416178363	1
QID118	2.1249162663378116	1
QID119	10.823807238237785	2
QID120	10.364075344720304	2
QID121	0.3245796147208469	1
QID122	3.5862736380777718	1
QID123	0.08698213040972838	2
QID124	0.1367175922219183	2
QID125	0.5025038864327891	1
QID126	4.789121476818315	1
QID127	2.1302931477252103	1
QID128	1.7468817667296364	1
QID129	7.128551270821668	1
QID130	1.1183041242995388	1
QID131	0.6574742368620803	1
QID132	4.122448002539138	1
QID133	3.9191243897178567	1
QID134	7.0050769097344565	1
QID135	0.6222905570268144	1
QID136	5.021110040932086	1
QID137	1.7389658537592854	1
QID138	4.5521269025514135	1
QID139	3.522565080736749	1
QID140	1.1645281039263822	2
QID141	1.4836405994190447	1
QID142	3.3903194178037364	2
QID143	4.856928240456637	1
QID144	1.0808947708636834	1
QID145	1.1449252918014197	1
QID146	0.3660748198246399	1
QID147	1.2270614285779695	1
QID148	1.5732733977251565	1
QID149	4.7000108912345135	1
QID150	4.041795437852247	1
QID151	0.6091135272848328	1
QID152	7.718728936032213	1
QID153	0.11833571513018112	1
QID154	4.005681582243551	1
QID155	2.574345035059256	1
QID156	0.11399276760048145	1
QID157	1.1794197000253783	1
QID158	3.1052373458241225	1
QID159	1.3542004719073564	2
QID160	3.302233264128742	2
QID162	0.42395003963962696	1
QID163	0.039704115392625916	1
QID164	3.2523384034411875	1
QID165	4.191335922827672	1
QID166	1.3954321349227008	1
QID167	1.553647561280846	1
QID168	5.585870416271514	1
QID169	0.3550681284605646	2
QID170	4.5067054525118495	1
QID171	3.8529040425015086	1
QID172	3.3408924311630246	1
QID173	4.331038543766288	2
QID174	12.326641235982294	1
QID175	6.094240037873652	1
QID176	3.756749284113161	1
QID177	1.811448128232956	1
QID178	3.499095190775253	1
QID179	8.494856286870974	2
QID180	5.783545282210702	1
QID181	1.0353464454480836	1
QID182	1.5031371402802387	1
QID183	10.694746085130252	1
QID184	2.209078182139561	1
QID185	8.741832857017037	1
QID186	4.081020531991449	3
QID187	2.7645118786431406	1
QID188	0.8209403880647949	1
QID189	2.529914410569688	2
QID190	1.0484799782260397	1
QID191	2.570844869373396	1
QID192	2.9436244434770518	1
QID193	9.722675289442003	1
QID194	3.526520784989754	1
QID195	5.79811269100004	2
QID196	3.1914285061121475	1
QID197	1.3740685991008352	1
QID198	11.383456187694332	2
QID199	7.180506644044897	1
QID200	2.2526308205922505	1
QID201	0.14846562746288328	1
QID202	4.368766845372754	2
QID203	0.72309311747135	1
QID204	11.8747750586563	3
QID205	9.83480212627597	1
QID206	8.328468149591945	2
QID207	2.318484635203029	1
QID208	4.630727947203882	1
QID209	2.5003372223497005	1
QID210	5.024171048993356	1
QID211	0.6918528869457871	1
QID212	1.5551806680669809	1
QID213	1.9536011664090351	1
QID214	5.002871988391116	1
QID215	2.2878798378503493	1
QID216	3.849543212556594	1
QID217	1.2373985489672048	1
QID218	0.20855031151351208	1
QID219	3.206437801418456	1
QID220	3.5192291018206245	2
QID221	2.101763110967127	1
QID222	1.0681148453456897	1
QID223	3.4256084880510764	1
QID224	3.28161380810468	1
QID225	0.5087043576799373	1
QID226	4.412371574123053	2
QID227	4.0662017970814786	1
QID228	4.383351763834451	1
QID229	12.989017449117364	1
QID230	1.0874711827682717	1
QID231	12.256675029170294	2
QID233	8.554785723646582	2
QID234	13.675205509091695	2
QID235	2.261500054121456	1
QID236	5.797995367951495	1
QID237	3.4316950094675103	1
QID238	1.4450292182135636	1
QID239	1.734703475391932	2
QID240	2.443842835656054	1
QID241	0.2737814604185083	1
QID242	12.480748273553063	1
QID243	2.6660409641894445	2
QID244	1.489314435290218	1
QID245	2.679528741444419	1
QID246	3.712430260813408	2
QID247	1.0989297864797885	1
QID248	2.795505548495375	1
QID249	5.339740078560168	1
QID250	0.5073280211470923	1
QID251	13.684088972161955	3
QID252	0.0943895813605813	1
QID253	0.7529149770902814	2
QID254	3.572742105632829	1
QID255	1.4333453301663586	1
QID256	7.8134594654102445	2
QID257	4.461258295757028	1
QID258	0.8146006574862789	1
QID259	4.25794144030925	2
QID260	3.2833039763927747	1
QID261	0.6494232803244183	1
QID262	5.4975523250622365	1
QID263	0.5642965183912492	1
QID264	0.7900959189984677	1
QID265	0.8776545185486028	1
QID266	1.5168906547044514	1
QID267	2.2892766001852585	1
QID268	3.6339842608313946	1
QID269	0.0056389674877408355	1
QID270	7.082347461461923	2
QID271	1.981138160111645	1
QID272	2.3328550539728443	1
QID273	2.0627091541937257	1
QID274	0.0026927009599965425	1
QID275	3.9922355485919057	1
QID276	5.565048671528727	2
QID277	2.8097281315408265	1
QID278	5.023133912773144	1
QID279	3.74212062768875	1
QID280	3.6218559176369927	1
QID281	0.06468043977168919	1
QID282	1.633005653656504	1
QID283	0.9313245486801306	1
QID284	4.298831716129719	1
QID285	1.1598167474406489	1
QID286	7.0561185591765545	2
QID287	1.1234778432461814	1
QID288	1.6728921783607216	2
QID290	10.052079861245014	1
QID291	11.402647664434626	1
QID292	7.280125717117205	1
QID293	5.945619701531994	1
QID294	2.8902143543929033	1
QID295	4.710019847572756	1
QID296	0.1332775676853962	1
QID297	5.937726009562223	1
QID298	3.0557169596668388	1
QID299	7.641944232137885	1
QID300	5.238562654378488	2
QID301	3.0050534717735222	1
QID302	6.493583822751923	1
QID303	3.6233839485409303	1
QID304	2.0438286822594143	1
QID305	11.169092653860275	3
QID306	3.340006545250749	1
QID307	5.786898401094887	1
QID308	2.089697961993064	1
QID309	2.0358286224428093	1
QID310	0.15660875223114454	1
QID311	1.5928922471905291	2
QID312	2.7490009079523103	1
QID313	4.1916005680500525	1
QID314	0.6583406657056411	1
QID315	2.641764431075877	1
QID316	1.4255910675470636	1
QID317	1.4121272505809868	1
QID318	9.02432682683642	3
QID319	1.1214191399155775	1
QID320	3.734309807581532	1
QID321	0.9702818338249004	1
QID322	2.422032593504422	2
QID323	3.349880036364424	1
QID324	7.9119772707057585	1
QID325	11.849850277583773	2
QID326	6.3148114418340935	1
QID327	1.1122470289123094	1
QID328	8.48382437233897	1
QID329	4.532357735764821	1
QID330	7.299601656894091	1
QID331	8.39532432273959	1
QID332	0.06175661578925602	1
QID333	0.9964785636655292	1
QID334	6.651687240598368	1
QID335	4.684897334104533	2
QID336	4.8799029174121085	1
QID337	3.359817131806523	1
QID338	8.12882001737137	1
QID339	1.2465676019358554	1
QID340	3.3585025042589534	1
QID341	5.078842776074987	1
QID342	3.095593922250188	1
QID343	4.677173234720531	1
QID344	1.3666088214559795	1
QID345	4.582362476269957	2
QID347	10.191049461932575	2
QID348	6.765969484271547	2
QID349	1.298831471826331	1
QID350	4.492945664062471	1
QID351	2.8243366811136825	1
QID352	2.6397110527956755	1
QID353	8.698879257039202	2
QID354	3.086133031571689	1
QID355	2.8670861024315992	1
QID356	5.530233350431372	1
QID357	8.3371054736043	2
QID358	3.018344089400108	1
QID359	3.964777406565364	1
QID360	0.7300737280145568	1
QID361	4.767052022106789	2
QID362	9.333581421895015	1
QID363	0.69749077219322	1
QID364	5.693806530078275	1
QID365	0.17544563815024355	1
QID366	0.27004549361421315	1
QID367	6.717222274724866	1
QID368	9.059467139847936	1
QID369	3.107127569347475	1
QID370	5.955206929344808	1
QID371	6.180467850341822	2
QID372	1.2531693677522973	1
QID373	3.748791620146713	1
QID374	2.5243953914480612	1
QID375	5.429826529162171	2
QID376	2.158747401803846	1
QID377	2.095446290201496	2
QID378	0.8908073440954991	1
QID379	2.921305256366006	1
QID380	1.5537635494928703	2
QID381	0.8873055184835708	1
QID382	1.8919082629927777	1
QID383	11.162142789743273	3
QID384	2.743396229271273	1
QID385	1.3043600589779354	1
QID386	0.5395067373045389	1
QID387	0.7834703612818619	1
QID388	2.3427460927349992	1
QID389	3.384690666763276	2
QID390	1.6787179278348088	1
QID391	3.725026022024263	1
QID392	4.5181613676662735	1
QID393	1.3799748016023765	1
QID394	0.8605659766512266	1
QID395	0.6023347626722526	1
QID396	3.8978506040509986	2
QID397	1.2859234570958502	1
QID398	1.1780424687658446	1
QID399	9.286279157458123	3
QID400	3.9094307496872855	1
QID401	3.1102970914512236	1
QID402	10.301177815492377	3
QID404	6.522966293703983	1
QID405	3.007352985598461	1
QID406	3.532264200665708	1
QID407	4.765078559938661	1
QID408	2.3886333693594564	1
QID409	0.6932760731516687	1
QID410	2.6078012643493835	1
QID411	3.8731532399504447	1
QID412	0.027627200525657543	1
QID413	5.985066603195929	2
QID414	4.185563136437223	1
QID415	1.8813400536762337	1
QID416	1.4144858980950326	1
QID417	3.5592213661175545	1
QID418	0.2469515047480845	1
QID419	3.903241653893173	1
QID420	0.010782864750789222	1
QID421	3.828292257940489	1
QID422	1.9049268864490525	2
QID423	4.748371405719957	1
QID424	10.159543546331374	1
QID425	5.292534164409821	1
QID426	1.220599399515604	1
QID427	0.9414292491416536	1
QID428	7.329567943724959	1
QID429	1.0471682477876707	1
QID430	0.004094676529462361	1
QID431	3.430502172947397	1
QID432	5.460083768201032	3
QID433	2.6574674164997893	1
QID434	0.29813817225765576	1
QID435	2.1947133473293223	1
QID436	2.066114178724036	1
QID437	5.176083834790459	1
QID438	0.7733974006077096	1
QID439	8.585783697313717	1
QID440	2.662390016251968	3
QID441	1.5887358278466899	2
QID442	3.151282004626771	1
QID443	1.0098039074540028	1
QID444	0.767317523392144	1
QID445	3.11422938024808	1
QID446	1.6906226490567071	2
QID447	3.1849436338330066	1
QID448	4.7785606828335645	1
QID449	4.766798610363076	1
QID450	3.316919799174874	1
QID451	0.7356393300303454	1
QID452	1.0801600253580723	2
QID453	1.977588969097692	1
QID454	3.1731731691754934	1
QID455	0.9842333353770509	1
QID456	0.34672104275427423	1
QID457	0.27438831016872234	1
QID458	2.256310083635002	1
QID459	2.422069586361848	2
QID460	2.4999823548039206	1
QID461	1.4294323847573145	1
QID462	11.651252551697874	2
QID463	7.960232911875633	2
QID464	2.3599304059533788	1
QID465	2.458498788610956	1
QID466	7.913071920740497	1
QID467	1.8213796714141024	1
QID468	1.1173388247064466	1
QID469	15.953171846923055	5
QID470	8.483098749169	1
QID471	6.382220547162546	2
QID472	4.375375430039226	1
QID473	0.7316524256357346	1
QID474	0.43899488153048	1
QID475	0.3896253702143808	1
QID476	7.064422180079963	4
QID477	0.022172281620683687	1
QID478	2.6535472087395773	1
QID479	14.213984960715738	3
QID480	3.249540875358492	1
QID481	0.17524378387952472	1
QID482	5.033168628581247	1
QID483	3.548578983148402	2
QID484	5.65235834549443	1
QID485	9.964935936800849	2
QID486	2.5545619167270086	1
QID487	0.9103211466688268	1
QID488	0.2468102052334676	1
QID489	0.5801614835255893	1
QID490	6.113841156035807	1
QID491	2.207272299711613	1
QID492	0.1599275114513134	1
QID493	3.8668504601672016	1
QID494	3.6598012292055535	1
QID495	4.77662970635284	1
QID496	2.157380654645935	1
QID497	3.3544257210137154	2
QID498	2.06125793607722	1
QID499	7.771610307393949	3
QID500	3.4507560468737437	1
QID501	7.421282357621353	1
QID502	2.9356610812380266	1
QID503	0.32955851756673993	1
QID504	8.948380104683087	2
QID505	0.8810192524860909	1
QID506	7.5236282194646815	1
QID507	1.0244336132129093	1
QID508	1.1392620243686888	1
QID509	1.8404366391244584	1
QID510	1.7366515856789049	1
QID511	7.155787649830638	1
QID512	1.2651748150416489	1
QID513	2.1897226671638235	2
QID515	12.186537383564836	3
QID516	10.885779424004626	1
QID517	1.5152845656024752	1
QID518	7.0839927146258495	2
QID519	4.4897262042460735	2
QID520	3.0965148790870334	1
QID521	2.2686421270664434	1
QID522	5.177827394232343	1
QID523	1.3720233394286852	1
QID524	1.268070007317295	2
QID525	4.446654459218838	1
QID526	4.068830187379929	1
QID527	1.7933199463198066	1
QID528	4.950429048159659	1
QID529	0.17336505320825646	1
QID530	6.683503097128919	1
QID531	0.916887002878332	1
QID532	4.257624467285741	2
QID533	4.934852439287363	1
QID534	4.094958904847848	2
QID535	6.720548952346622	2
QID536	4.366469994923717	2
QID537	1.5560173524375718	1
QID538	2.3260786010594576	1
QID539	0.922522830332116	1
QID540	1.3582684055726837	1
QID541	0.17083328962877609	1
QID542	0.2533258951181197	1
QID543	3.9076537311535775	1
QID544	0.0977516906019305	1
QID545	2.3315491499432563	1
QID546	0.13052584091328112	1
QID547	0.020538798275589357	1
QID548	0.4912464854117098	1
QID549	5.063523058224911	2
QID550	2.1667757647928525	1
QID551	2.9970462576332744	1
QID552	0.5377054370933473	1
QID553	3.1242821787462494	1
QID554	5.202109577127834	1
QID555	3.909051278092848	1
QID556	3.0426749424733424	1
QID557	0.6731302921653686	1
QID558	0.6452079682310634	1
QID559	3.2065879208531918	1
QID560	4.685219486042036	1
QID561	3.2464812165503454	1
QID562	1.5266335966846167	1
QID563	7.240886085786594	1
QID564	0.6808231360136862	1
QID565	1.1518950398543324	1
QID566	0.03732788850401998	1
QID567	4.061070418600768	2
QID568	0.6606852355737713	2
QID569	2.4125185690103104	1
QID570	13.187075872083009	2
QID571	0.4599289107372915	2
QID572	4.462408542170441	1
QID573	0.21706828108297346	1
QID574	6.2297342158315985	2
QID575	2.130359495253054	2
QID576	11.759765631757775	4
QID577	0.4985595983246312	1
QID578	1.0964337588030408	1
QID579	4.692710852771222	1
QID580	0.035958338206699636	1
QID581	6.982076739221102	1
QID582	0.06029582482374684	1
QID583	6.5423792159483805	3
QID584	1.807019773700477	1
QID585	2.9635308351765928	1
QID586	0.4846485538905136	1
QID587	3.905361557436053	1
QID588	6.007602011801557	1
QID589	1.031785967036144	1
QID590	3.420993790759721	1
QID591	11.875655698809414	2
QID592	4.8741333085504746	1
QID593	1.7716977088716064	1
QID594	2.198748756781299	1
QID595	4.113789539417758	1
QID596	2.039111910195076	1
QID597	3.05904659674194	1
QID598	0.8510091154854302	1
QID599	3.552995480701827	2
QID600	4.452618744735396	2
QID601	1.9672145257351508	1
QID602	5.340192161293143	1
QID603	1.3998981125907706	1
QID604	2.012007252337702	1
QID605	1.9173436892265592	1
QID606	3.743729000204516	1
QID607	3.1562366884633732	1
QID608	1.895522905461656	1
QID609	5.380184673194218	1
QID610	10.302187349363994	1
QID611	3.336071998558713	1
QID612	3.934115747377141	1
QID613	2.50492374961479	1
QID614	7.677044402731989	2
QID615	8.54585214712084	1
QID616	0.6275154376867211	1
QID617	1.5555960815225365	1
QID618	5.819682242849567	1
QID619	0.8822359981498628	1
QID620	8.041871095626824	1
QID621	7.0107602480340585	3
QID622	6.6581432967915894	1
QID623	4.890290755148013	2
QID624	7.01673463724654	1
QID625	9.135537473270812	2
QID626	5.865457502099183	1
QID627	5.269145555127126	1
QID628	6.074106604191457	1
QID629	1.030295210494871	1
QID630	9.654105817566897	1
QID631	2.2650070316195343	1
QID632	3.5539050424534926	1
QID633	0.7011172308789807	1
QID634	0.2731065721801475	1
QID635	0.16519071535821578	1
QID636	4.413153287353484	1
QID637	1.304659999963088	1
QID638	9.46717463467849	1
QID639	0.19344936479250915	1
QID640	6.953167744793557	4
QID641	2.2769114696324158	1
QID642	6.114158501806152	1
QID643	0.5726275651739544	1
QID644	2.9139662092032967	1
QID645	4.088705044979478	1
QID646	2.7471124919369485	1
QID647	0.7889638415230895	1
QID648	0.8749120510157791	1
QID649	1.6841453730683529	1
QID650	1.1645324462755948	1
QID651	3.407138466098399	1
QID652	2.4802144052327644	1
QID653	2.155977888997884	1
QID654	1.6504517776372583	1
QID655	2.65411706295489	2
QID656	4.168088959264362	1
QID657	4.857778161556816	1
QID658	3.0891717171702693	1
QID659	1.602485525515916	1
QID660	2.9459153949945787	2
QID661	1.6155050143132323	1
QID662	1.5305994044455242	1
QID663	8.210529927392821	1
QID664	0.466682565579913	1
QID665	1.9164294852835613	1
QID666	1.373241363829757	1
QID667	2.048206871838525	1
QID668	0.8447078989510021	1
QID669	0.5406167492769329	1
QID670	1.1156689035736207	1
QID671	3.914144797567443	1
QID672	5.999638523524179	1
QID673	4.954203393601254	2
QID674	9.584122333843547	2
QID675	2.188637072451757	1
QID676	7.432358029547322	1
QID677	7.453587823548998	2
QID678	0.7768782943729007	1
QID679	8.37397214678944	1
QID680	0.2305995424737815	1
QID681	3.978073837100536	1
QID682	4.719996978516809	1
QID683	10.14699222799201	1
QID684	9.40953553958382	2
QID685	4.629756636232104	1
QID686	12.506246762160107	1
QID687	7.86163788585309	2
QID688	0.8985337970874316	1
QID689	0.9908587892625478	1
QID690	2.9492303728658373	2
QID691	1.9735094543595024	2
QID693	0.7284345455561851	1
QID694	6.416093010878613	2
QID695	0.4847537187626714	1
QID696	0.005580109050299498	1
QID697	1.917103463510548	1
QID698	1.3262326430248004	1
QID699	3.841154311554432	1
QID700	3.278536382384152	1
QID701	11.106712276950843	2
QID702	1.9325119585011792	1
QID703	0.8729374753032276	1
QID704	0.016580515383869832	1
QID705	2.3642761052134618	1
QID706	1.9739417090426308	1
QID707	0.005080662355713589	1
QID708	5.657732018277949	2
QID709	1.0685504432856685	1
QID710	1.0375035090160964	2
QID711	6.982538425496402	2
QID712	10.137590271469996	1
QID713	0.7020105509263989	1
QID714	4.1780378094667014	2
QID715	4.637467019320057	1
QID716	5.94264422122671	1
QID717	12.326777430524967	3
QID718	4.2341009208715645	1
QID719	7.138513238607992	4
QID720	3.175670282011306	1
QID721	1.1504025016353658	1
QID722	8.800610093235601	2
QID723	0.7022243479643385	1
QID724	5.447748619137966	1
QID725	9.221595730487463	3
Q2684	13.813858861297064	1
QID726	10.017451409108554	1
QID727	3.5621598346889014	1
QID728	2.029032058534585	2
QID729	8.62742758265247	1
QID730	3.1618985940410735	1
QID731	6.116606334686201	1
QID732	2.1190070973962967	1
QID733	5.533303775570913	1
QID734	1.5721760308311423	1
QID735	2.7736790768615984	1
QID736	1.3108823337487412	1
QID737	3.3320097614372015	1
QID738	6.868904146215048	1
QID739	10.443654936418387	1
QID740	4.069527778668888	3
QID741	4.478892163389377	1
QID742	1.4532973152927358	1
QID743	3.0212800279172423	1
QID744	1.6051934857863353	1
QID745	0.2304946921600781	1
QID746	5.610458859578325	1
QID747	0.08412514207335277	1
QID748	4.398399634250028	1
QID749	2.8778099345605184	1
QID750	0.8294062318591583	1
QID751	2.0415340840109466	1
QID752	3.1270665907435693	2
QID753	6.699566379881357	1
QID754	5.900100664329359	2
QID755	3.050965551497672	1
QID756	9.195366503717	3
QID757	5.3392639866629095	2
QID758	4.624532268826234	1
QID759	1.1230032346540426	1
QID760	5.99028719071002	1
QID761	2.2188078793531005	1
QID762	0.017767179079068808	1
QID763	0.194468053336779	1
QID764	2.5839321444517767	1
QID765	4.01762408383336	1
QID766	2.8034736341946234	1
QID767	1.5230114382211073	1
QID768	0.038753874525244765	1
QID769	6.427578767022693	1
QID770	5.519197147005137	1
QID771	1.4427844996180597	1
QID772	2.245250614547992	1
QID773	2.291645938728062	1
QID774	3.961453102136167	1
QID775	0.6080272792244593	1
QID776	2.0095553721245683	1
Q2685	6.169798399199684	2
QID777	9.003720144811519	2
QID778	9.28363323957976	1
QID779	2.2094532813904006	1
QID780	3.7499700936948175	1
QID781	4.44638034126899	1
QID782	3.8185246954388985	1
QID783	0.9182487228766851	1
QID784	2.6838622355531525	2
QID785	8.999628121076501	1
QID786	3.1664121078970053	1
QID787	4.388624473644957	2
QID788	1.4249957663898811	1
QID789	5.381218998991447	1
QID790	9.25538646334802	1
QID791	2.717365661114926	1
QID792	0.10620472431952394	1
QID793	2.4532651082432664	1
QID794	1.6521076908135282	2
QID795	3.985204806952461	1
QID796	3.1444932881775083	1
QID797	1.7860942159899569	1
QID798	0.9394422150876024	1
QID799	1.8907122325234704	1
QID800	5.1994199790453015	1
QID801	3.197597846798128	1
QID802	1.0800038454557297	1
QID803	7.146068095115387	1
QID804	7.21222510292804	1
QID805	3.5818850481225715	1
QID806	4.5644592028882505	1
QID807	5.895528358748878	1
QID808	0.2830225357448179	1
QID809	3.628831222546423	2
QID810	3.4194717187033463	1
QID811	2.079114085284127	1
QID812	3.590164193154827	1
QID813	5.521377650704137	1
QID814	3.434672799326068	1
QID815	1.3123164584302005	1
QID816	2.9149633980208915	1
QID817	6.350448435890745	3
QID818	1.4111512926521177	1
QID819	4.5483828402118185	1
QID820	8.940641188520507	1
QID821	6.862095111423312	1
QID822	0.19993143266697164	1
QID823	0.5303414733668023	1
QID824	3.6618542161441145	1
QID825	0.6332725506414164	1
QID826	5.3131580849025815	1
QID827	0.4832884741515276	1
Q2686	0.36027805825774073	2
QID828	8.476335144658606	2
QID829	2.6756742880926203	1
QID830	7.676607185466268	1
QID831	2.1984514495675977	1
QID832	2.4787724929973174	1
QID833	5.037809739047726	1
QID834	0.07749972686483488	1
QID835	3.9868350230783087	1
QID836	5.138450842483848	1
QID837	2.2827973147674525	1
QID838	0.3860411179572801	1
QID839	5.189373950461086	2
QID840	2.20877879140012	1
QID841	3.2648604327539363	1
QID842	6.39047741663905	1
QID843	0.12994302566164093	1
QID844	7.7589652662971975	1
QID845	6.210474135925907	1
QID846	1.3821525977561202	1
QID847	7.6456773923621055	1
QID848	5.02541326873343	1
QID849	0.3477911223147721	1
QID850	3.3596388185997985	1
QID851	3.3003152759067667	2
QID852	2.5990273756869597	1
QID853	5.5029862076978	1
QID854	1.8509022856117607	1
QID855	4.977650665297742	1
QID856	0.010407724450958654	1
QID857	1.91928485805772	1
QID858	4.383099877818888	1
QID859	0.7047760987671355	1
QID860	5.390818799634267	2
QID861	3.427560930678572	2
QID862	2.9016956562285317	2
QID863	1.212941231866462	1
QID864	5.787364948499942	1
QID865	5.1461907302086765	1
QID866	5.743846227183893	1
QID867	5.478951149555547	1
QID868	1.9590647909776289	1
QID869	5.269556720415936	1
QID870	1.43880207158333	1
QID871	3.8546311333694603	1
QID872	2.786488850399972	1
QID873	4.834493383558872	1
QID874	2.715584898941902	1
QID875	4.859902248928341	1
QID876	1.8469350226313392	1
QID877	3.87805513974697	2
QID878	2.7576209322399703	1
QID879	5.554426778736144	1
QID880	5.987120032104729	1
QID881	0.6382309298220361	1
QID882	4.344822946738378	1
QID883	4.986662529781018	1
QID884	6.248954749268553	1
QID885	4.807873624641234	2
QID886	2.930390249010824	1
QID887	0.7847670707345559	1
QID888	4.6177478338676465	1
QID889	4.298341978254798	1
QID890	2.901727285614744	1
QID891	3.1142769845714904	1
QID892	7.4371118222456705	1
QID893	15.568890070439393	2
QID894	6.704980208443298	1
QID895	2.0285191642460267	1
QID896	7.514345065005638	2
QID897	3.617292286255162	1
QID898	5.228357685391439	1
QID899	3.6194177449245664	1
QID900	1.6499412627886534	1
QID901	0.04104797395063976	1
QID902	7.586613879252836	2
QID903	18.59609181351232	2
QID904	5.204819021416354	2
QID905	3.0628520227243325	2
QID906	2.149422957291742	1
QID907	0.6231475317293269	1
QID908	6.157762750267197	1
QID909	5.076023475305644	3
QID910	4.972985760220756	1
QID911	7.1431900859922255	1
QID912	0.5328239680906438	1
QID913	1.208465250369455	1
QID914	1.7513170892445356	1
QID915	0.06827248428236365	1
QID916	0.5524582249937842	1
QID917	1.8589089588304184	1
QID918	1.224371150500488	1
QID919	2.784468691669061	2
QID920	6.524892854116915	1
QID921	0.5766669970713405	1
QID922	5.137952791677481	1
QID923	1.8668973054090052	1
QID924	2.4119586327219964	1
QID925	0.21495760822486928	1
QID926	0.004924913745851653	1
QID927	1.9737231148656396	2
QID928	2.964392145386042	1
QID929	1.1055435158097353	1
QID2687	1.1055435158097353	1
QID929	1.1055435158097353	1
QID2687	1.1055435158097353	1
QID930	7.143030979744818	1
QID931	10.884971129069166	2
QID932	6.374313307181459	1
QID933	0.3791737252532265	1
QID934	8.596998712481192	1
QID935	0.651097558160861	1
QID936	1.1482834787714518	1
QID937	0.4009253006989321	2
QID938	3.7212276006711584	1
QID939	3.965531522402396	1
QID940	0.4361769200767139	1
QID941	2.9796315794145483	1
QID942	0.2724541148821487	1
QID943	7.489228187082543	1
QID944	2.779816071184252	1
QID945	6.442875936863331	1
QID946	6.541266818173357	1
QID947	1.3025569636743168	1
QID948	11.300951035322651	1
QID949	2.983005271089482	1
QID950	0.0835193501964154	1
QID951	2.0285411942902263	1
QID952	1.6198369660314953	1
QID953	2.2502252040457003	1
QID954	1.0802017685406944	1
QID955	0.9876123105776672	2
QID956	3.984613713243771	1
QID957	2.0165637609236478	2
QID958	1.259822044080097	1
QID959	1.8548967984567737	1
QID960	2.6917662532545448	1
QID961	0.1381485055534315	1
QID962	1.7702446537180812	1
QID963	2.3032382332781274	1
QID964	0.19708797252517796	1
QID965	7.536105011219599	1
QID966	0.3495511446364845	1
QID967	0.8567066445792375	1
QID968	0.7064021895413579	2
QID969	2.496463770498132	1
QID970	3.4228636067949485	1
QID971	2.8081281174338972	1
QID972	6.102677146685673	1
QID973	0.2113985852529124	1
QID974	0.05125172459052876	1
QID975	8.655063370297464	1
QID976	0.7462116387389742	1
QID977	1.5895467642642656	1
QID978	10.859232344717066	2
QID979	8.920581504368359	2
QID980	15.150020415599347	2
QID981	0.9510701930912212	1
QID982	4.571947420133932	1
QID983	0.017733173532944676	1
QID984	4.334308812138136	1
QID985	1.6481634770511395	1
QID986	0.003175876125276029	1
QID987	5.703616478418581	2
QID988	4.563855257871978	1
QID989	3.630039937789056	1
QID990	0.589106300743682	1
QID991	12.35532548239009	2
QID992	2.4743745803375585	1
QID993	6.703918427663332	1
QID994	2.5969876888571166	1
QID995	4.548537601846844	2
QID996	3.3615180194483227	1
QID997	12.261546528204429	1
QID998	4.830506977290098	2
QID999	1.9046632348375656	1
QID1000	1.7571463550007127	1
QID1001	3.2871271292811497	1
QID1002	0.6339619728868681	1
QID1003	0.8142523773618124	1
QID1004	9.481916509033047	1
QID1005	0.02647647401470933	1
QID1006	0.6703606482285644	2
QID1007	9.2382511332709	2
QID1008	7.9831131376790925	1
QID1009	4.108745795168558	1
QID1010	2.004437202908068	1
QID1011	2.8697048529316063	1
QID1012	1.0467978845155086	1
QID1013	0.8568076959929203	1
QID1014	1.960967993346538	1
QID1015	3.0024949404002483	1
QID1016	4.85635582941301	1
QID1017	0.5394403983572429	1
QID1018	2.4750095231902307	1
QID1019	3.951702350517402	1
QID1020	7.469806428154763	2
QID1021	1.4883111450817852	2
QID1022	0.4937645457214194	1
QID1023	0.09948501383105413	1
QID1024	2.454313508419105	1
QID1025	1.3129906971501002	1
Q2688	0.7995662077516995	2
QID1026	11.251356596944394	1
QID1027	1.1511179065369357	1
QID1028	4.464808826482621	1
QID1029	4.778096651753458	2
QID1030	0.9670397985129636	1
QID1031	1.0867477365187113	1
QID1032	9.223435513716778	1
QID1033	3.236897383289401	1
QID1034	2.1458284622354507	1
QID1035	4.085488869569305	1
QID1036	1.2843407898801509	1
QID1037	8.13733415399287	2
QID1038	5.36507234139122	1
QID1039	5.335328190588479	1
QID1040	0.1384583605061654	1
QID1041	3.773001928330186	2
QID1042	3.1887382714204597	1
QID1043	0.663042223119376	1
QID1044	1.6793330361177166	1
QID1045	8.097857782756499	2
QID1046	4.423100794991999	2
QID1047	10.515234781380428	1
QID1048	3.455579517650828	1
QID1049	7.462517372079217	3
QID1050	2.031014427618558	2
QID1051	4.353342940375712	1
QID1052	1.6484178697587597	1
QID1053	3.194019146652213	1
QID1054	3.749396642245837	1
QID1055	1.207299979812398	1
QID1056	1.1206698879792607	2
QID1057	4.021900231419815	1
QID1058	4.828123731288949	1
QID1059	1.2711221249365194	1
QID1060	1.2142853607472173	1
QID1061	2.8930167401815563	1
QID1062	1.688749059381521	1
QID1063	2.011992839737861	1
QID1064	7.0628904035652065	1
QID1065	4.987523148066278	1
QID1066	3.605992912101328	2
QID1067	11.1036389407078	1
QID1068	0.6653844326619187	1
QID1069	2.40717263709134	2
QID1070	1.0573417151245932	1
QID1071	2.9022415410750226	1
QID1072	0.7787380699917924	1
QID1073	2.9309153035758237	2
QID1074	3.0268334297203845	2
QID1075	11.130081178869052	2
QID1076	0.852037697821275	1
QID1077	5.640869382286844	1
QID1078	0.0071071812854321655	1
QID1079	4.306053608290843	1
QID1080	0.19616587139136885	1
QID1081	1.7943754112698087	1
QID1082	11.68560049879864	1
QID1083	3.338822982155212	1
QID1084	5.592508780585193	1
QID1085	11.2300758443415	2
QID1086	5.934686890611	1
QID1087	2.0317258272527225	1
QID1088	6.611964481027062	1
QID1089	1.1334376303606093	1
QID1090	0.4187024920216356	1
QID1091	4.065477209577828	1
QID1092	4.408242569452184	2
QID1093	2.5323746125792246	1
QID1094	6.699091659333575	1
QID1095	1.3105888236813916	1
QID1096	3.06477396964058	1
QID1097	3.610099301503133	1
QID1098	0.10442366172316628	1
QID1099	5.031841596889376	1
QID1100	3.4066014745859383	1
QID1101	4.6050662352474765	1
QID1102	0.18633991526098376	1
QID1103	7.599472764703572	2
QID1104	0.7904829990896652	1
QID1105	0.7015506524778322	1
QID1106	2.827932269509403	1
QID1107	6.907081821240488	1
QID1108	1.7796571471494522	1
QID1109	0.8893290938237511	1
QID1110	5.366319251207086	1
QID1111	4.245855898039291	1
QID1112	3.159485533224543	1
QID1113	1.3353419731298732	1
QID1114	7.071603341214964	1
QID1115	3.007116551157496	1
QID1116	3.5391863105538164	1
QID1117	1.9424927639790277	1
QID1118	0.3448656509976549	1
QID1119	2.154067113351688	1
QID1120	3.204258792052649	1
QID1121	1.778791493986567	2
QID1122	3.174565972579916	1
QID1123	12.760597422655591	1
QID1124	9.143820777734742	1
QID1125	0.5954588293935159	1
QID1126	0.4934275725281488	1
QID1127	6.244119172256673	2
QID1128	3.3845751828766883	1
QID1129	7.294883741000367	1
QID1130	2.9852110846540487	1
QID1131	10.833602675822439	2
QID1132	4.393076703609453	2
QID1133	6.404625394747766	1
QID1134	7.195756807837207	1
QID1135	11.163633370027807	1
QID1136	5.527606333517376	1
QID1137	1.4553983902879235	1
QID1138	5.395422474165592	1
QID1139	4.048257639662983	1
QID1140	2.178479778507254	1
QID1141	1.2924756202775196	1
QID1142	5.623412396715629	3
QID1143	2.3587666009386985	1
QID1144	0.4588861312879561	1
QID1145	2.6208136620855638	1
QID1146	11.302547212847118	2
QID1147	6.600776942462633	3
QID1148	2.541535610825129	1
QID1149	8.598036502882735	1
QID1150	4.759221835664495	1
QID1151	9.361975212677198	3
QID1152	1.4013400209571447	1
QID1153	2.494510469512133	1
QID1154	10.430356999904829	1
QID1155	0.4426503258348845	1
QID1156	16.25954729869117	2
QID1157	2.736493848079319	1
QID1158	3.510986422196644	1
QID1159	3.251187820898048	1
QID1160	2.1239027766319944	1
QID1161	2.700209388851312	1
QID1162	6.105054387816826	1
QID1163	1.2462681474976252	1
QID1164	6.3234670953081835	1
QID1165	0.7315604819294664	1
QID1166	0.1085103446619866	1
QID1167	10.573381449196	1
QID1168	3.9592871768971034	2
QID1169	2.8617374937429987	1
QID1170	10.254495049877557	1
QID1171	3.8637600918571615	1
QID1172	8.007674680029549	1
QID1173	1.7672567710652218	1
QID1174	0.3099778077926099	1
QID1175	5.816767359824022	1
QID1176	5.979125035737012	1
QID1177	7.194369715918647	1
QID1178	4.401006000370533	1
QID1179	0.21706812166701372	1
QID1180	10.45587385450926	1
QID1181	3.1247642267419966	1
QID1182	3.1823758183686097	1
QID1183	4.072491387863288	2
QID1184	1.6890706732455965	1
QID1185	12.89729863542242	1
QID1186	4.74351649511356	1
QID1187	5.433995198616714	1
QID1188	3.0648194511750524	1
QID1189	3.409175149001324	1
QID1190	0.19306043066855724	1
QID1191	4.647603921035612	1
QID1192	3.3316104981486765	1
QID1193	1.9113216089121432	1
QID1194	14.35386272723202	1
QID1195	12.924929615329347	1
QID1196	1.318228463444583	1
QID1197	1.64077156326925	1
QID1198	9.681440978705758	1
QID1199	5.3793098564386765	2
QID1200	1.9245143980434858	1
QID1201	0.6813614810997439	1
QID1202	5.2771949027756415	1
QID1203	1.9197140593947293	1
QID1204	4.776418982139767	1
QID1205	3.2810429573490203	1
QID1206	5.39179416292197	1
QID1207	4.59136177254059	1
QID1208	1.8195552646390865	1
QID1209	0.3849697911496634	1
QID1210	6.926634843002285	1
QID1211	1.4338158532216787	1
QID1212	4.7016160323681015	2
QID1213	7.278019275116939	1
QID1214	0.5676551671740419	1
QID1215	1.4221421946456183	2
QID1216	3.7018912307847387	1
QID1217	2.2894630342299465	1
QID1218	2.2362762813494337	1
QID1219	16.791459143998775	1
QID1220	4.437548764519717	1
QID1221	6.387480184353442	1
QID1222	11.609004897898894	1
QID1223	0.6294571038431078	1
QID1224	10.747928064992273	1
QID1225	2.2080243391236247	1
QID1226	6.027715139842317	1
QID1227	4.565508278243895	1
QID1228	1.7830668444890725	1
QID1229	2.9556419932195666	1
QID1230	2.641070484342425	1
QID1231	1.5948285029814753	1
QID1232	4.2525511016479545	1
QID1233	3.56092355939704	1
QID1234	0.8788207199688343	1
QID1235	2.2718695555975823	1
QID1236	1.3266617758943018	1
QID1237	0.10514663427374106	1
QID1238	1.4446554979632085	2
QID1239	3.1410019826519067	1
QID1240	2.370631840522224	1
QID1241	6.115632590668136	1
QID1242	1.7775042209444192	1
QID1243	2.980923974497037	1
QID1244	6.759149829541832	1
QID1245	3.8063705674809487	1
QID1246	2.667054816635194	1
QID1247	1.6095677918740692	1
QID1248	0.8526458355273862	1
QID1249	12.069654214029287	1
QID1250	6.190258872940637	1
QID1251	4.953909191165755	1
QID1252	0.1015011021617125	1
QID1253	0.0628152619327697	2
QID1254	0.04238778612768242	1
QID1255	1.8032798387016329	1
QID1256	8.037879720806878	1
QID1257	3.9159998938773137	2
QID1258	4.0322229811896735	1
QID1259	2.126327831914872	1
QID1260	2.2753435777972664	1
QID1261	0.11403402661296565	2
Q2689	0.21521423703460968	2
QID1262	11.475100733755104	2
QID1263	7.153053728286776	1
QID1264	1.0244320392152977	1
QID1265	7.003799811172152	1
QID1266	11.741047266876302	4
QID1267	10.181228492122584	1
QID1268	2.264892323352941	1
QID1269	3.2157011867496608	1
QID1270	1.744664433733203	2
QID1271	4.703289204392283	1
QID1272	1.2914223917199714	1
QID1273	11.741646038217	1
QID1274	0.3266839102128029	1
QID1275	5.282503588212691	1
QID1276	2.8810246957716834	1
QID1277	3.8530183837873904	1
QID1278	1.3941444039545992	1
QID1279	7.799398380795106	1
QID1280	5.3521229884355215	1
QID1281	3.3363257729925317	1
QID1282	3.5312129303797684	1
QID1283	3.9731385073839127	1
QID1284	0.6599065727205845	1
QID1285	3.3640751222873084	2
QID1286	9.754188032573133	2
QID1287	12.452360042284779	2
QID1288	0.7147248203571024	1
QID1289	3.2073251880124505	1
QID1290	13.46247736695307	3
QID1291	2.3953760860216247	1
QID1292	6.057528774457327	1
QID1293	8.060017989362168	1
QID1294	3.9589688595487873	1
QID1295	4.675814211220171	2
QID1296	1.7493412665115626	1
QID1297	3.040280104346297	1
QID1298	1.3487425076584465	1
QID1299	4.573065627289177	1
QID1300	1.9280200082572665	1
QID1301	1.94759656965588	2
QID1302	0.4674469969750133	1
QID1303	6.946447614699787	1
QID1304	5.814850932791043	1
QID1305	3.0989757839306296	2
QID1306	6.077205593048705	1
QID1307	2.3793030329670435	1
Q2690	2.6739630513143893	2
QID1308	6.078771174207042	1
QID1309	8.87449125815643	1
QID1310	5.961152214109648	1
QID1311	0.22524334857913486	1
QID1312	0.3723099173617999	1
QID1313	4.658416527044492	1
QID1314	1.5264706072882568	1
QID1315	1.87053906999568	1
QID1316	11.656589734823346	2
QID1317	9.053738909102114	1
QID1318	5.648407510121161	1
QID1319	2.647392817488995	1
QID1320	4.524387739092461	1
QID1321	6.353524218099878	1
QID1322	5.316561859091947	1
QID1323	3.9022973648790247	1
QID1324	0.6053686673535298	1
QID1325	1.5823066772786036	1
QID1326	3.439270026145953	1
QID1327	0.3513831977620083	1
QID1328	5.663877446283517	2
QID1329	2.169978090246214	1
QID1330	9.006114656412187	1
QID1331	2.8151811494773664	1
QID1332	9.315986616783515	3
QID1333	3.5288804700288923	1
QID1334	2.547551019193392	1
QID1335	5.935160728992808	1
QID1336	0.14485842608995614	1
QID1337	8.072253496419206	1
QID1338	0.7271063482477744	1
QID1339	5.724130505333627	1
QID1340	0.34381793276918643	1
QID1341	2.3709481839177804	1
QID1342	2.3916813187339367	1
QID1343	2.9324085833629026	1
QID1344	0.7877016153251652	1
QID1345	4.117223120827549	1
QID1346	0.4782587166898316	1
QID1347	5.4718765075118965	1
QID1348	17.771094121950778	5
QID1349	0.9363628085114192	1
QID1350	8.685078843613912	2
QID1351	13.535088881207507	2
QID1352	0.15751394342386724	2
QID1353	9.207008580742873	2
QID1354	0.8222573057031541	1
QID1355	6.886799125903276	1
QID1356	1.2037173296982322	1
QID1357	8.53967928132678	2
QID1358	0.932066824765484	1
QID1359	0.5762344321998067	1
QID1360	7.423237263120476	1
QID1361	2.51157588198446	1
QID1362	13.102091458285534	1
QID1363	4.471418941639174	2
QID1364	4.771613551219418	1
QID1365	3.777763866658409	1
QID1366	13.854942358900454	2
QID1367	2.1480112856271005	1
QID1368	4.149770236598236	1
QID1369	3.320464104684796	1
QID1370	0.5648227872796527	1
QID1371	0.9690752149468332	2
QID1372	4.456698658955169	1
QID1373	1.3275470646085248	1
QID1374	4.027404547798725	1
QID1375	4.550864046124575	1
QID1376	1.8356740200753237	1
QID1377	3.651746888717855	1
QID1378	1.9816965195465392	1
QID1379	5.919122082630555	1
QID1380	5.815742663921293	1
QID1381	1.3410285796853043	1
QID1382	6.040864883704687	1
QID1383	3.1757425751642043	1
QID1384	0.8565901470423917	1
QID1385	5.040030537486013	1
QID1386	4.521805958789557	1
QID1387	1.8655673557038703	1
QID1388	0.11745842196942632	1
QID1389	2.403537175051192	1
QID1390	5.134802493722337	1
QID1391	1.8940741011439624	1
QID1392	1.589251212093311	2
QID1393	4.231784798632349	1
QID1394	2.8445186348208784	1
QID1395	4.0902379763001635	2
QID1396	2.3875964874650264	1
QID1397	0.4618747208997538	2
QID1398	6.971777005561887	1
QID1399	4.8138437314274745	1
QID1400	5.622010545419357	1
QID1401	2.564521096697571	1
QID1402	2.219519984697428	1
QID1403	2.1289046162059564	1
QID1404	4.478188703812832	1
QID1405	7.450846371853862	1
QID1406	1.963976042633128	1
QID1407	3.4068958420860587	1
QID1408	6.598671802204773	1
QID1409	0.2636114432146075	1
QID1410	5.379724209864912	1
QID1411	4.3318348974984415	2
QID1412	4.548462669057923	1
QID1413	0.589153382674056	1
QID1414	5.996829667260113	2
QID1415	6.378085258567225	2
QID1416	2.747137266878265	1
QID1417	6.2663271887115775	2
QID1418	2.0832013854064173	1
QID1419	0.3863371885237301	1
QID1420	5.401794020901859	1
QID1421	0.9583644012120456	1
QID1422	11.099993555761104	1
QID1423	5.074100309847778	1
QID1424	2.5770344386832438	1
QID1425	4.747032499536629	1
QID1426	1.2454698360818421	1
QID1427	1.0066621723101372	1
QID1428	4.089511984207965	1
QID1429	3.0151206872947567	1
QID1430	0.9240214629465358	1
QID1431	4.334096453954339	1
QID1432	2.5451432659322086	1
QID1433	0.2726926058846659	1
QID1434	2.6574455085367656	1
QID1435	2.3847337005818807	1
QID1436	5.158178801691919	1
QID1437	6.399806753483969	1
QID1438	0.2251815739896036	1
QID1439	3.137024342508431	1
QID1440	0.499343990645933	1
QID1441	0.03596087465601646	1
Q2691	1.302397214023596	2
QID1442	9.557307485808428	1
QID1443	7.4045432280712	1
QID1444	3.2696512953043437	1
QID1445	6.706794540880505	1
QID1446	0.6458462089029461	2
QID1447	4.6225755437090195	1
QID1448	8.759754653579419	1
QID1449	5.1333659207353834	1
QID1450	6.619140469534763	1
QID1451	1.1974584755063944	1
QID1452	7.958723074252387	1
QID1453	0.35735608747957764	1
QID1454	2.437523096794481	1
QID1455	1.1551344695899561	1
QID1456	0.005320358829769134	1
QID1457	9.336908439353367	1
QID1458	3.5902522833457913	1
QID1459	1.776495883741308	2
QID1460	4.830954854455472	4
QID1461	0.3077003160631821	1
QID1462	4.266314309083233	3
QID1463	4.552997740859062	1
QID1464	1.060430503403479	1
QID1465	3.724443990309217	1
QID1466	3.016414890805396	1
QID1467	3.195792894554112	1
QID1468	3.1134856093567174	2
QID1469	1.1386371482546334	1
QID1470	4.884382948352023	1
QID1471	7.1499926874817765	1
QID1472	1.0354759596001608	1
QID1473	4.051758318398384	1
QID1474	0.12997213057419024	1
QID1475	1.774395085797236	1
QID1476	2.6640670583755828	1
QID1477	4.167678229710037	2
QID1478	0.6868068058688652	1
QID1479	9.972980414704011	1
QID1480	3.0208902706051712	1
QID1481	1.0330607722536276	1
QID1482	10.256213500275212	1
QID1483	4.161636650218337	1
QID1484	7.550935398550244	1
QID1485	0.8243301478798785	2
QID1486	1.6882390334751491	1
QID1487	4.942830762704882	1
QID1488	3.237767319432616	1
QID1489	4.752422100361827	1
QID1490	6.088976088626722	1
QID1491	5.247680396577433	1
QID1492	3.1010921470258834	1
QID1493	2.71389900565391	1
QID1494	3.5889112594323667	1
QID1495	0.6174739142596865	2
QID1496	4.407261226293353	1
QID1497	5.213536569702679	1
QID1498	1.779420059351794	2
QID1499	1.5511259594830384	1
QID1500	0.6019499094180706	1
QID1501	4.577782995673507	1
QID1502	0.04747637616306367	1
QID1503	0.9408473976790954	2
QID1504	4.794711701837073	1
QID1505	1.3229122949862242	1
QID1506	2.349968585591165	1
QID1507	7.737451154683889	1
QID1508	5.63462307086812	1
QID1509	4.168629006489604	1
QID1510	1.5714035116300111	1
QID1511	0.2571223059557429	1
QID1512	0.15885700851495396	1
QID1513	2.9002040802579065	1
QID1514	4.534076369265798	1
QID1515	7.625296299077983	1
QID1516	0.005008768536352079	1
QID1517	1.8888483475298732	1
QID1518	7.494921082332415	1
QID1519	1.7754382455621025	1
QID1520	4.452009168950603	3
QID1521	0.013947137721177042	1
QID1522	2.0277540634153053	1
QID1523	3.495141926710966	1
QID1524	5.200206561302641	1
QID1525	0.9499588404607588	1
QID1526	1.1628237426524914	1
QID1527	0.22134696710034624	1
QID1528	0.4399207780614676	2
QID1529	7.6933227817907905	1
QID1530	1.9240278428637103	1
QID1531	7.443067221769291	1
QID1532	1.169027099558857	1
QID1533	1.1770256146295996	1
QID1534	4.127522161321059	1
QID1535	1.2699661940056024	1
QID1536	3.1467439168322415	2
QID1537	3.3367196225612665	1
QID1538	8.195770723620079	1
QID1539	0.7930069753782422	1
QID1540	9.987559658953296	1
QID1541	3.342507511898745	1
QID1542	0.7518221281814956	1
QID1543	8.440314857038544	1
QID1544	5.225557807440079	1
QID1545	0.3096900805273113	1
QID1546	2.0727061733628496	1
QID1547	0.555682387839706	1
QID1548	2.284709406109899	1
QID1549	2.8682636050551125	2
QID1550	4.515091112658927	1
QID1551	5.7920136318713125	1
QID1552	2.8702674526494034	1
QID1553	2.394785034063589	1
QID1554	3.369535363498982	1
QID1555	3.2422537912898464	1
QID1556	6.889293027255388	2
QID1557	0.07582331042784811	1
QID1558	3.0965905757198353	2
QID1559	4.90235559282626	1
QID1560	1.6216911829316292	1
QID1561	8.174128470521822	1
QID1562	1.843303600595964	1
QID1563	5.17630721071102	2
QID1564	3.5732510793193284	1
QID1565	4.32271946115969	1
QID1566	0.0392589684006333	1
QID1567	2.297326201590808	1
QID1568	0.9145313981749356	1
QID1569	2.0522900269519684	1
QID1570	1.5810586881907611	1
Q2692	6.545637463015383	2
QID1571	8.581896231267937	1
QID1572	13.448442649443288	2
QID1573	9.208981926892172	2
QID1574	8.624031888012434	3
QID1575	2.9750465900021084	1
QID1576	3.3296681962129764	1
QID1577	3.7558738070497832	1
QID1578	1.8785301301860255	1
QID1579	1.8437855656587596	1
QID1580	4.182226987408867	1
QID1581	0.6474839918260858	1
QID1582	0.741408916350551	1
QID1583	1.2189426723563594	1
QID1584	3.2257751721808416	1
QID1585	3.847091290312069	1
QID1586	1.7160247042229728	1
QID1587	8.877749593521127	1
QID1588	0.030541103773226393	1
QID1589	0.008037591566902997	1
QID1590	3.598443863227778	1
QID1591	13.833416557209263	3
QID1592	4.4061095938119195	1
QID1593	7.967540336032594	3
QID1594	3.5236069966795016	2
QID1595	1.067463294199964	1
QID1596	5.752886909056512	1
QID1597	7.7995338179829945	3
QID1598	4.800093810677267	1
QID1599	11.36958721143342	1
QID1600	1.4161722839665518	1
QID1601	4.1403379326952985	1
QID1602	3.1076914967753764	1
QID1603	1.6652264127900909	1
QID1604	1.036890523827949	1
QID1605	1.251562729339562	1
QID1606	0.10118628250403784	1
QID1607	0.013415003700695134	1
QID1608	1.7406880100963302	1
QID1609	2.386037505502355	1
QID1610	2.7271080060441184	1
QID1611	2.1668417161059264	1
Q2693	11.53219350902585	2
QID1612	12.735375252309279	2
QID1613	2.7370278668261747	1
QID1614	11.714957497129113	3
QID1615	3.477485942193816	1
QID1616	6.041447998785049	1
QID1617	0.0802790881249396	1
QID1618	0.04540281467759881	1
QID1619	4.3617913533932375	1
QID1620	4.362977936221529	2
QID1621	4.463333121234854	2
QID1622	0.5606182414504056	1
QID1623	3.1561068570265935	1
QID1624	1.1074885002456394	1
QID1625	5.202885912174701	1
QID1626	2.7329328905492867	1
QID1627	4.951078780744987	3
QID1628	5.642103957892603	2
QID1629	3.900290797975829	1
QID1630	6.375490735927251	1
QID1631	3.7739632071084017	1
QID1632	2.039542722613721	1
QID1633	0.39491988072200257	2
QID1634	5.815563888157798	1
QID1635	0.905199042506527	1
QID1636	6.564079985266988	1
QID1637	0.6611996288478869	1
QID1638	4.031031616547162	1
QID1639	0.931185939977764	1
QID1640	1.1216977411161757	2
QID1641	0.22849551718391986	1
QID1642	3.342793394748485	2
QID1643	0.7378208015238822	1
QID1644	3.4472150552655	1
QID1645	4.143683750366578	1
QID1646	1.0791901284225869	1
QID1647	3.110735940688513	1
QID1648	7.151290473506162	2
QID1649	6.279413439155368	2
QID1650	0.028474995073881806	2
QID1651	2.686663986214331	1
QID1652	5.182035129699436	2
Q2694	1.5972886830135895	2
QID1653	4.420478709258892	3
QID1654	7.172687140587422	1
QID1655	3.947527839565653	1
QID1656	1.4060389667159074	1
QID1657	2.5010939050880605	1
QID1658	8.567729461660326	2
QID1659	2.0601012403156607	1
QID1660	6.167514231405832	1
QID1661	4.059624261814815	1
QID1662	2.328296469401737	1
QID1663	0.9992448364820364	1
QID1664	6.468692055388222	1
QID1665	0.4546995464857952	1
QID1666	1.624231164695236	1
QID1667	0.028274582505701893	1
QID1668	2.8841920695525367	2
QID1669	6.4609470081713445	1
QID1670	4.863443622279659	1
QID1671	0.5494021448372772	1
QID1672	0.5182142999676175	1
QID1673	1.6431748053917952	2
QID1674	6.986846045018956	1
QID1675	1.610664910847491	2
QID1676	2.0028721994298766	1
QID1677	6.4648555154255565	1
QID1678	7.711450079918015	3
QID1679	3.068855742723509	1
QID1680	5.363149208345188	1
QID1681	0.09058895670793976	1
QID1682	2.511313531357339	2
QID1683	6.2638496328081015	2
QID1684	5.6099844636309175	1
QID1685	3.029686905831003	1
QID1686	0.39676334296759225	1
QID1687	1.8892222819240605	1
QID1688	1.59393636046571	1
QID1689	5.595955163485915	1
QID1690	2.7810527245492582	1
QID1691	4.257561108903015	1
QID1692	1.5164274815952363	2
QID1693	12.260635292972054	2
QID1694	6.1369855542074285	1
QID1695	1.5241750561288347	1
QID1696	12.608751034549456	2
QID1697	4.480244232063964	1
QID1698	0.21025086653482386	1
QID1699	0.4733835781828059	1
QID1700	3.6384834656516447	1
QID1701	0.6389889611983397	1
QID1702	12.667818820448785	3
QID1703	10.812232979850043	3
QID1704	9.446832538409582	1
QID1705	0.14053100289240095	1
QID1706	3.733891184692792	1
QID1707	3.857973763285228	1
QID1708	0.7595741230423426	1
QID1709	0.0481416832172773	1
QID1710	11.605736255668216	1
QID1711	3.7109505535476113	1
QID1712	1.7881016546515716	1
QID1713	1.675559268105276	1
QID1714	4.765252857947515	1
QID1715	3.4120922556359803	1
QID1716	9.167167750243502	2
QID1717	2.9506355204593344	1
QID1718	1.1737426334714656	1
QID1719	2.03994640735442	1
QID1720	3.80913740985022	1
QID1721	5.254644813821949	1
QID1722	11.023892778876151	1
QID1723	0.2899250621393806	1
QID1724	0.7976195640494937	1
QID1725	3.017411171881234	1
QID1726	1.1389266134076204	1
QID1727	3.437660245147905	1
QID1728	2.8846724388584613	2
QID1729	13.929656797246492	2
QID1730	7.892460223543352	1
QID1731	2.016157897177981	2
Q2695	8.164078768696545	2
QID1732	11.492257374005849	1
QID1733	4.587811080064221	1
QID1734	5.071109386393347	1
QID1735	3.9996079738976036	1
QID1736	0.05342775746844597	1
QID1737	10.315697756551737	2
QID1738	6.265604258342129	1
QID1739	8.669880460897836	1
QID1740	2.6251275353473447	1
QID1741	0.037114106213096285	1
QID1742	2.1859527039727897	2
QID1743	3.630895496377737	1
QID1744	7.733884485954741	1
QID1745	3.7086798299573767	1
QID1746	0.7557624590318498	1
QID1747	6.429661742815624	2
QID1748	3.80218526661205	1
QID1749	0.8034172626292346	1
QID1750	2.258154494697901	1
QID1751	8.909295739533636	1
QID1752	0.09353017141698627	1
QID1753	4.427390405747894	1
QID1754	5.033233994107579	1
QID1756	7.122939722171247	1
QID1757	0.962560858941244	1
QID1758	5.651875268528763	2
QID1759	2.0693615493070747	1
QID1760	6.166272504632312	1
QID1761	2.210822817516109	1
QID1762	5.8789148547656165	1
QID1763	6.465086027513835	1
QID1764	3.124504460929225	1
QID1765	6.0949467604250165	1
QID1766	0.9424156052865444	1
QID1767	0.889827261769938	1
QID1768	0.2699335424476472	1
QID1769	7.501202723686244	1
Q2696	0.4511042284418072	1
QID1770	8.516280745014058	1
QID1771	9.385001309891033	1
QID1772	11.719663234029788	1
QID1773	1.3290511729697057	1
QID1774	6.336104930091362	1
QID1775	2.290468128022035	1
QID1776	3.6686994563281767	2
QID1777	1.124794839673006	1
QID1778	1.4851095088433266	1
QID1779	8.441048333121008	3
QID1780	0.714192927836381	1
QID1781	1.2711118324993416	1
QID1782	5.582414176794578	2
QID1783	5.628815347727518	1
QID1784	1.7622395110173026	1
QID1785	5.8276426845330445	1
QID1786	0.01800543093011012	1
QID1787	8.580382608858214	1
QID1788	1.2024342395013994	1
QID1789	0.7773161133536722	1
QID1790	5.857292664120679	1
QID1791	1.6450699776411024	1
QID1792	1.6942824270506247	1
QID1793	9.305383759103083	1
QID1794	0.4097772069664735	1
QID1795	0.3418785508722328	1
QID1796	1.8470980461734807	1
QID1797	0.993029960791861	1
QID1798	9.52207403825482	1
QID1799	6.072647259425348	1
QID1800	0.33530930113169244	1
QID1801	1.7371707967911578	1
QID1802	5.337561859622278	1
QID1803	4.430103701732375	1
QID1804	0.8472257615561253	1
QID1805	0.014752295376353553	1
QID1806	0.19125553563244213	1
QID1807	2.032695796422357	2
QID1808	5.604051049540802	1
QID1809	4.951600860882898	1
QID1810	6.66311297617588	1
QID1811	2.6424734408837884	1
QID1812	0.7486744805439518	1
QID1813	3.243954423302064	1
QID1814	0.13190327715500005	1
QID1815	3.1393831755482045	1
QID1816	9.757519259393076	1
QID1817	9.872931020704872	1
QID1818	4.211170174696451	1
QID1819	1.1345967093110974	1
QID1820	11.503254475342247	1
QID1821	2.934309489765317	1
QID1822	3.6868234990257616	1
QID1823	0.4229651608702672	1
QID1824	2.8475703774516274	2
QID1825	3.3105806354723093	1
QID1826	1.5500455247516542	1
QID1827	4.9013594389516415	1
QID1828	1.9675980991618096	1
QID1829	0.4272073879040538	1
QID1830	0.005384927804856696	1
QID1831	4.210809256388224	1
QID1832	0.459485354676158	1
QID1833	8.552827642765438	1
QID1834	4.267508699849527	1
QID1835	1.4257031214073783	1
QID1836	1.5345818211809377	1
QID1837	3.611180202123903	1
QID1838	5.570898282742322	1
QID1839	0.02879281171053995	1
QID1840	3.1232628022869213	1
QID1841	1.3790066050218015	2
QID1842	1.1133695985240355	1
QID1843	8.566997166364875	1
QID1844	3.47002406713678	1
QID1845	1.58398986090695	1
QID1846	3.9814110949189696	2
QID1847	4.0407275855510765	1
QID1848	4.664680695396962	1
QID1849	10.242194493406368	1
QID1850	3.828213349207592	1
QID1851	4.038311650507215	1
QID1852	2.040380442005096	1
QID1853	5.568289736649484	1
QID1854	0.8802608235313016	1
QID1855	2.906983930097464	1
QID1856	1.739550960992189	1
QID1857	0.3434664389044658	1
QID1858	1.9217398500426408	1
QID1859	8.489119233044569	2
QID1860	0.44452181173690863	1
QID1861	3.3651619212228687	1
QID1862	9.687051312039085	1
QID1863	3.179269237839867	1
QID1864	7.2759342670837475	2
QID1865	2.6151591336153444	1
QID1866	4.075329769952976	1
QID1867	3.1111600754833915	1
QID1868	3.583940810363592	1
QID1869	2.0181727195176498	2
QID1870	9.259519911554689	1
QID1871	2.9051302353621424	1
QID1872	8.158763138234956	2
QID1873	5.136956579469102	1
QID1874	0.5305421518014869	1
QID1875	6.0627579736922925	1
QID1876	2.592630913771907	2
QID1877	3.2400432381006525	1
QID1878	0.5161545508824855	2
QID1879	3.701975358993923	1
QID1880	2.3518515617891578	1
QID1881	2.565435287595965	1
QID1882	3.0686836964391024	2
QID1883	5.060800368811503	1
QID1884	2.7840943286304967	2
QID1885	3.456101224205216	1
QID1886	2.5119147696876385	2
QID1887	2.164564206195737	1
QID1888	4.96402863518158	1
QID1889	1.421996495228081	1
QID1890	6.089868996317	1
QID1891	0.020506197599300408	1
QID1892	0.6815476264799881	1
QID1893	9.496716174685423	2
QID1894	0.023656051775470185	1
QID1895	3.366597324216669	1
QID1896	0.04260015757987764	1
QID1897	4.192363622186127	1
QID1898	2.791645016839872	1
QID1899	7.3245635982191954	1
QID1900	0.006494244791939985	1
QID1901	4.304191631849666	1
QID1902	1.8061631522134836	1
QID1903	0.8288271891186191	1
QID1904	1.8019994656976368	1
QID1905	1.3703827097282797	1
QID1906	0.05939874336132458	1
QID1907	4.54141442146837	1
QID1908	5.973675391605107	1
QID1909	2.487655634286348	2
QID1910	2.3542586760177624	1
QID1911	0.9857177075781696	1
QID1912	4.333574933409412	2
QID1913	0.7527381830632527	1
QID1914	3.2035561655817744	1
QID1915	3.2787294606920363	1
QID1916	0.3060856604576736	1
QID1917	3.6402841341653485	1
QID1918	3.0280045566442686	1
QID1919	2.9045553011001006	1
QID1920	1.3120683731631295	2
QID1921	16.05499921686412	2
QID1922	6.200271728133941	1
QID1923	3.862291971449709	1
QID1924	3.4586004873255765	1
QID1925	5.204472885694462	2
QID1926	4.875595510510831	1
QID1927	2.6678381132509674	1
QID1928	3.56065543648899	1
QID1929	3.8761957195360965	2
QID1930	1.5518390243267777	1
QID1931	2.275769230785839	2
QID1932	8.085779610165304	1
QID1933	0.8542660080646715	1
QID1934	3.5237199832070782	1
QID1935	6.189307784811176	1
QID1936	9.971265864830931	1
QID1937	4.654629746586838	1
QID1938	8.762230474881495	1
QID1939	4.189197988062902	1
QID1940	1.0850593571629807	1
QID1941	3.7148123043500414	1
QID1942	1.4134494978302632	2
QID1943	4.031032294459633	1
QID1944	1.0953736763420334	1
QID1945	1.4047183137571158	1
QID1946	9.937347288609184	2
QID1947	1.9084465794007088	1
QID1948	0.5582505060785479	1
QID1949	1.4992087397308898	1
QID1950	7.108552137586298	1
QID1951	2.682337404342068	1
QID1952	0.4664629823623542	1
QID1953	0.9974466934796348	1
QID1954	5.20812585631553	1
QID1955	6.222873841332699	1
QID1956	14.737200330701148	3
QID1957	2.672800832861974	1
QID1958	4.771180831030303	1
QID1959	1.5151173507042015	1
QID1960	4.657047559924752	1
QID1961	4.157429674511221	1
QID1962	0.8503614414751802	2
QID1963	0.4041967038409666	1
QID1964	1.416949318061732	1
QID1965	4.624327053250076	1
QID1966	2.5521179782600507	1
QID1967	2.9626641448166096	1
QID1968	6.310585343464953	1
QID1969	6.279317966478665	1
QID1970	0.6424077156167926	1
QID1971	3.681993171155451	1
QID1972	0.8698029807083	1
QID1973	3.0632628561804927	1
QID1974	0.8148433710630871	1
QID1975	12.883673497261189	3
QID1976	1.0310009906272624	4
QID1977	9.042230151941666	1
QID1978	3.0776960403211935	1
QID1979	0.04282085775003716	1
QID1980	0.01675927810675358	1
QID1981	3.689935373392169	1
QID1982	12.87921743177937	1
QID1983	1.597540948427998	1
QID1984	4.700604401792797	1
QID1985	0.35632737029811257	1
QID1986	1.3794114792120613	1
QID1987	3.621465051769187	1
QID1988	8.902750382929073	1
QID1989	0.7007543891615421	2
QID1990	13.813118263131877	2
QID1991	7.893635156237991	2
QID1992	5.943239605874656	1
QID1993	2.8657279653052234	1
QID1994	8.185418338303101	1
QID1995	7.084489935258369	2
QID1996	1.7004677586934305	1
QID1997	2.4625535430967127	1
QID1998	0.023556218545161624	1
QID1999	10.50273314837756	1
QID2000	9.225954181060043	1
QID2001	0.8228080444922972	2
QID2002	1.200369401028658	1
QID2003	8.211749466944475	1
QID2004	6.335548897377089	4
QID2005	3.994738397568312	1
QID2006	1.3669701058237085	1
QID2007	13.514602441471867	3
QID2008	3.1516877146454902	1
QID2009	0.024845761682661716	1
QID2010	5.526566362225819	1
QID2011	2.0626790873668317	2
QID2012	2.5536186557639864	1
QID2013	1.4463036648399124	1
QID2014	3.4049134203460683	2
QID2015	12.109589984374356	1
QID2016	1.2684714889051398	1
QID2017	1.8065386791843407	1
QID2018	5.678370489241224	1
QID2019	1.6290592299314814	1
QID2020	2.3211733981604232	2
QID2021	5.5697319446040305	1
QID2022	4.826894330259743	2
QID2023	6.081932883549294	1
QID2024	5.867257503493629	1
QID2025	3.5540466464686586	1
QID2026	2.0658689776697954	1
QID2027	13.420421249263713	2
QID2028	2.9172103465810477	1
QID2029	1.927963041697824	2
QID2030	7.923359473713774	1
QID2031	1.9343353213816392	1
QID2032	6.502645854606395	1
QID2033	3.9437288306369136	1
QID2034	3.616609188286025	1
QID2035	5.714668331879954	1
QID2036	1.4108500473404486	1
QID2037	4.6404790494083965	1
QID2038	0.7074934310677511	1
QID2039	4.585515156277567	1
QID2040	5.714634176660421	1
QID2041	4.7670687165074055	1
QID2042	3.639732758055567	1
QID2043	1.9315297602219816	1
QID2044	0.12358254062699996	1
QID2045	3.241563174000044	1
QID2046	2.824009039655246	1
QID2047	8.015131946557045	2
QID2048	5.344144480266398	2
QID2049	10.21573317488667	1
QID2050	6.725039185564518	1
QID2051	2.7113188986278742	1
QID2052	1.0561656208139798	1
QID2053	1.8350069024528957	1
QID2054	2.1315151313715544	1
QID2055	0.3393370753683865	1
QID2056	0.94228622191614	1
QID2057	2.965052446904929	1
QID2058	2.1248168106641865	1
QID2059	6.108652265536198	2
QID2060	1.5805807276748476	1
QID2061	1.4789363407836325	1
QID2062	2.277640145458109	1
QID2063	5.361397568566148	1
QID2064	0.6302075380846954	1
QID2065	4.252701209477698	1
QID2066	2.334542466655447	2
QID2067	2.6033203878522384	1
QID2068	2.5502687037888068	1
QID2069	0.6156894561896091	2
QID2070	5.110866336237859	1
QID2071	4.094592087734158	1
QID2072	1.9476718885209858	1
QID2073	5.294437102899357	1
QID2074	0.4614828637630719	1
QID2075	1.5846383241027615	1
QID2076	6.385723732738957	1
QID2077	1.1207785703381072	1
QID2078	4.673993556746161	1
QID2079	0.057146067610835315	1
QID2080	4.732754802549613	1
QID2081	1.8705836774267908	1
QID2082	0.3557158541204347	1
QID2083	0.32897851797319605	1
QID2084	6.1775789938377175	1
QID2085	3.5206734840142517	1
QID2086	3.6078977458359214	1
QID2087	2.8305656164432555	1
QID2088	7.123692313116647	1
QID2089	1.4935728255676386	1
QID2090	0.08354428848994636	1
QID2091	1.1090325854821397	1
QID2092	6.573515289139733	1
QID2093	1.8087824703516455	1
QID2094	5.035644294433879	1
QID2095	0.03708135194524068	1
QID2096	0.6139053914795298	1
QID2097	7.62117658303192	1
QID2098	2.1142100238774773	1
QID2099	1.917911245280932	1
QID2100	3.427295236812622	1
QID2101	3.1091053117143908	1
QID2102	0.18485280404567014	1
QID2103	0.6371397071118561	1
QID2104	4.344025022134735	1
QID2105	2.964965399800871	2
QID2106	3.238279335937575	1
QID2107	2.5932845656277217	1
QID2108	1.295214892810579	1
QID2109	2.5487632775866778	1
QID2110	4.15714608039662	1
QID2111	3.3923769017704157	1
QID2112	1.461682496534461	1
QID2113	3.413552154755152	1
QID2114	0.4487851409923664	1
QID2115	2.4375120719542096	2
QID2116	3.862234462744005	2
QID2117	0.9972434793928718	1
QID2118	7.3299969718124744	1
QID2119	4.634272275489161	1
QID2120	6.195260573100102	1
QID2121	0.0399653031675967	1
QID2122	2.3327371980964533	1
QID2123	0.019555763223006957	1
QID2124	0.05419754915470657	1
QID2125	4.969837638245424	1
QID2126	0.026338707090331908	1
QID2127	0.9436247883758004	1
QID2128	1.312871217714455	1
QID2129	0.06071184326219775	1
QID2130	4.985231407533473	1
QID2131	0.8985326846943442	1
QID2132	1.761106910029114	1
QID2133	1.993688783776558	1
QID2134	1.1215950857837114	1
QID2135	3.3337531654205828	2
QID2136	2.465433414424726	1
QID2137	7.30634417071128	1
QID2138	1.7412705156582944	1
QID2139	2.3657391815785203	1
QID2140	5.443439591658668	1
QID2141	0.19417998446528892	1
QID2142	3.065201990128662	2
QID2143	4.055160202947211	2
QID2144	2.5044980889914044	1
QID2145	4.977576349547387	1
QID2146	5.069951767734522	1
QID2147	6.1423806538349215	1
QID2148	0.054144698828745515	1
QID2149	2.4338285668003987	1
QID2150	8.997287605886976	1
QID2151	1.1704761103748598	1
QID2152	4.334414740204834	1
QID2153	2.800301778489284	1
QID2154	4.251295908737911	1
QID2155	0.08835152849421632	1
QID2156	2.8704890086148143	1
QID2157	8.908032697122849	1
QID2158	1.4556888569311788	1
QID2159	2.7664067886170582	1
QID2160	0.8094255907414349	1
QID2161	0.30549366605530776	1
QID2162	0.08927642928505974	1
QID2163	1.3736913049123278	2
QID2164	9.310300657786927	1
QID2165	6.211254616003964	2
QID2166	3.5827334763331686	1
QID2167	0.004875180293276478	1
QID2168	2.709904114568113	1
QID2169	6.240080717037928	4
QID2170	3.827476414121268	1
QID2171	0.007124691865909081	1
QID2172	2.8037650290483	4
QID2173	0.823136269451388	1
QID2174	1.1949089133745592	1
QID2175	0.04790478354176708	1
QID2176	0.2287821971837484	2
QID2177	8.272767636280395	1
QID2178	4.494107937257368	1
QID2179	4.788343145823447	1
QID2180	6.405756311192325	1
QID2181	4.69661154370222	2
QID2182	7.6852014104233035	2
QID2183	1.330200899563345	1
QID2184	0.9159550677956004	1
QID2185	1.6026291024910289	1
QID2186	1.4930020692952577	1
QID2187	2.644706732165912	2
QID2188	2.878132502970689	1
QID2189	7.072886131137206	1
QID2190	0.3812507827968773	1
QID2191	0.6510079303974621	1
QID2192	4.6307240862517824	2
QID2193	6.6921313102661575	2
QID2194	2.1953798170114522	2
QID2195	2.2008534989526107	1
QID2196	4.494814068192408	1
QID2197	1.6299691244219825	2
QID2198	1.2521951122281718	1
QID2199	2.6395479392815098	3
QID2200	1.1351447778468442	1
QID2201	1.5007112876263435	1
QID2202	0.5769854682831421	1
QID2203	1.845334537408539	1
QID2204	1.9116928330940195	1
QID2205	0.3412271944002127	1
QID2206	0.0054660551277988184	1
QID2207	2.4210607882202075	1
QID2208	0.03095530150514977	1
QID2209	0.13676152179195866	1
QID2210	0.7398395985270609	2
QID2211	4.778590047496914	1
QID2212	5.057149846255552	1
QID2213	7.707555546797052	1
QID2214	8.890902345927456	1
QID2215	2.5881985188929733	1
QID2216	1.672589707676699	1
QID2217	3.357764770431906	2
QID2218	2.8705253754285334	1
QID2219	0.4312821943447007	1
QID2220	1.945325952296841	1
QID2221	0.06927528265596447	1
QID2222	0.433120939548388	1
QID2223	0.4759880975844354	1
QID2224	1.913082041437052	1
QID2225	0.5266035852389931	2
QID2226	2.8917284689171434	1
QID2227	1.5667498676229512	1
QID2228	1.5251837325004804	1
QID2229	2.81025723647012	1
QID2230	0.30091228406623965	1
QID2231	0.5236214082655934	2
QID2232	5.687828753576167	2
QID2233	3.50149716124342	1
QID2234	0.1057062454220478	2
QID2235	4.206497571813622	1
QID2236	1.3390052864633153	1
QID2237	0.004163628005699797	1
QID2238	3.2623778471368694	1
QID2239	2.7324170953552325	1
QID2240	3.5697562522734496	1
QID2241	0.8179914814605439	1
QID2242	4.1801095327881255	1
QID2243	6.047087904211137	1
QID2244	1.2597490447055846	1
QID2245	5.642341289164151	2
QID2246	1.6665845747928052	2
QID2247	0.30279745555066484	1
QID2248	3.719884314465464	1
QID2249	0.8636020641662707	2
QID2250	7.004123591449701	2
QID2251	1.4300272793138502	1
QID2252	4.691428500518115	1
QID2253	3.8899793463229466	1
QID2254	4.421320959665668	1
QID2255	0.057309010914300275	1
QID2256	0.010653847056262612	1
QID2257	0.05830872379575554	1
QID2258	6.390031276204738	4
QID2259	6.268136332072816	1
QID2260	1.536271686950681	1
QID2261	4.047064373443011	1
QID2262	0.3310433093714018	2
QID2263	9.617859438968377	2
QID2264	5.868280018723781	1
QID2265	2.8494749191857136	1
QID2266	9.061475960149425	1
QID2267	3.662127928136853	1
QID2268	0.3843865730109156	1
QID2269	0.04925989508697249	1
QID2270	0.5717165585017331	1
QID2271	3.1226301932815934	1
QID2272	5.788397151377428	1
QID2273	2.049571288558791	1
QID2274	2.323522281019999	1
QID2275	0.005378557142683509	1
QID2276	7.561676029986407	1
QID2277	0.5299648675339539	1
QID2278	3.0993201948555487	2
QID2279	12.501655715334946	3
QID2280	3.3173932968564257	1
QID2281	0.3287969707154427	1
QID2282	1.5098607453828794	1
QID2283	1.7146003005616484	1
QID2284	6.509215299376907	1
QID2285	7.760079890831442	1
QID2286	2.0599903145755065	1
QID2287	2.5531330361772557	1
QID2288	3.4325330314548657	1
QID2289	0.31137305218351474	1
QID2290	0.004869218577019853	1
QID2291	0.08121639581900872	1
QID2292	0.029634629459986708	1
QID2293	0.9011948536762772	1
QID2294	0.9295838581700648	1
QID2295	1.1489179784258423	1
QID2296	1.5804203126263394	2
QID2297	0.11518072852665615	1
QID2298	0.9594902408745144	1
QID2299	0.0022256067968608136	1
QID2300	1.7749521570706606	1
QID2301	0.010807039199205578	1
QID2302	0.14199610721712186	1
QID2303	0.11289623093277674	1
QID2304	5.937434578413942	1
QID2305	1.524599746994045	1
QID2306	2.2868047041054704	1
QID2307	0.18522972625216527	2
QID2308	5.764899955186532	2
QID2309	8.113901161674718	1
QID2310	2.3571479961239987	1
QID2311	1.2986759677784645	1
QID2312	0.7812985383639877	1
QID2313	1.0090562790438011	1
QID2314	5.766482220164926	1
QID2315	0.04985632035139858	1
QID2316	0.2022073415710164	1
QID2317	0.5542238468473166	1
QID2318	5.515382959419657	1
QID2319	4.082670295628759	1
QID2320	5.185605694424028	1
QID2321	0.005099113807233468	1
QID2322	2.645896474569267	4
QID2323	14.476646272070575	2
QID2324	1.184007503866901	1
QID2325	6.477899152561809	1
QID2326	5.681873198851241	1
QID2327	0.259777357359245	1
QID2328	0.3111943357975271	1
QID2329	1.045711835418326	1
QID2330	6.190195705455557	1
QID2331	1.6207359415164555	1
QID2332	0.6851026299330719	1
QID2333	0.012168746895865888	1
QID2334	1.8090479497104803	2
QID2335	1.1614068466653242	1
QID2336	10.240248133402543	1
QID2337	3.909337086106397	1
QID2338	3.5525684806674227	1
QID2339	0.9576748788871274	1
QID2340	5.1783106367225065	1
QID2341	2.7990961196593696	1
QID2342	2.3989983604097818	1
QID2343	6.364841103400604	1
QID2344	5.2443646931999846	1
QID2345	5.067253414529536	2
QID2346	3.5635136899784405	1
QID2347	1.217154095757743	1
QID2348	4.471882140216816	1
QID2349	1.2659988584469428	1
QID2350	3.2413834686474616	1
QID2351	5.662470448640366	1
QID2352	1.6639920736074034	1
QID2353	3.751768890664183	1
QID2354	2.9591657610601025	1
QID2355	4.361777828429073	1
QID2356	0.3898987286425899	1
QID2357	2.558660031484425	2
QID2358	2.543398861159381	1
QID2359	4.937635250939871	1
QID2360	6.14495730877942	1
QID2361	2.8788282808506733	1
QID2362	3.338792036350004	1
QID2363	2.9226114474501497	1
QID2364	4.027014715659096	1
QID2365	0.3825800665714493	1
QID2366	4.070400253937366	1
QID2367	0.3811951844047136	1
QID2368	6.114972962800188	2
QID2369	2.822683929159082	1
QID2370	1.185609192210305	1
QID2371	2.7209564728990614	2
QID2372	7.300646003480809	1
QID2373	4.07146935300604	2
QID2374	0.4616762356158393	1
QID2375	4.483317697948666	1
QID2376	0.5552862646931723	1
QID2377	1.8081518480125098	2
QID2378	2.0097166570970875	1
QID2379	3.666470186789247	1
QID2380	0.16378473934137686	1
QID2381	2.043692807495907	1
QID2382	2.3394023818036143	1
QID2383	2.7298377522365334	1
QID2384	4.562383527715848	1
QID2385	2.560038048797947	1
QID2386	1.6287276277005254	1
QID2387	1.4842037566691415	1
QID2388	4.923297548534789	2
QID2389	2.207159562728506	1
QID2390	3.8221340569626028	1
QID2391	2.3220776432145787	1
QID2392	6.887683986486393	1
QID2393	0.3475452993981993	1
QID2394	3.16284348577923	2
QID2395	5.0696653463407335	1
QID2396	1.7431868012650975	1
QID2397	1.8142024979398992	1
QID2398	4.079447448509549	2
QID2399	0.8120800360165019	1
QID2400	3.0678146700094797	1
QID2401	6.8585309770873275	1
QID2402	0.9819422734672324	1
QID2403	0.6829973879683758	1
QID2404	0.8878219847328914	1
QID2405	5.664398944600839	1
QID2406	1.848494755007978	1
QID2407	0.8717313220043953	1
QID2408	0.5503360748119512	1
QID2409	0.48844695703575003	2
QID2410	9.303802900159141	1
QID2411	5.384552504763231	1
QID2412	2.759851833035176	1
QID2413	5.178663730623748	1
QID2414	2.88956805548992	2
QID2415	0.02694447711750632	1
QID2416	11.43204120479579	1
QID2417	3.518381579562768	1
QID2418	1.7903114178954398	1
QID2419	1.0420766858415835	1
QID2420	6.9607914818869805	2
QID2421	0.6341203102852156	1
QID2422	3.4763501911043595	1
QID2423	5.299453338537132	2
QID2424	4.923069703393388	1
QID2425	2.5549845427981266	1
QID2426	3.3087256486242698	1
QID2427	9.024292890056856	1
QID2428	7.5774336569093705	1
QID2429	7.493697902497548	2
QID2430	2.2840187733265283	1
QID2431	0.006490860477039987	1
QID2432	6.6570007787809615	2
QID2433	5.0350447700930925	1
QID2434	3.2322309767032675	1
QID2435	2.937196522140169	1
QID2436	1.704404102469239	1
QID2437	7.132894627770599	1
QID2438	0.7802241600836766	1
QID2439	0.018300576766655457	1
QID2440	6.604951014536695	1
QID2441	0.6048679310153152	1
QID2442	0.4627728205681413	1
QID2443	0.3239883359760713	1
QID2444	3.0903428010903413	1
QID2445	5.1566305388255005	1
QID2446	1.6038412788505654	1
QID2447	0.09657835351251076	1
QID2448	0.4362428915596178	1
QID2449	3.2405827947465813	1
QID2450	3.454741646424308	1
QID2451	0.007186201516830319	1
QID2452	7.571471615144893	2
QID2453	6.887418471521553	1
QID2454	1.4853460860898156	1
QID2455	3.004704562088756	1
QID2456	2.60615856932728	1
QID2457	9.83828104656132	2
QID2458	1.361210507240593	1
QID2459	4.814716476779342	1
QID2460	0.31014034889884834	1
QID2461	0.007474775636353886	1
QID2462	5.046296433468163	2
QID2463	3.5592165132233826	1
QID2464	1.1824677776812411	1
QID2465	4.7891482789522035	1
QID2466	0.04561736449743575	1
QID2467	0.1440625202634977	1
QID2468	5.066170379113911	1
QID2469	2.6802388983893985	1
QID2470	0.03311687230299596	1
QID2471	3.3448911220434314	2
QID2472	7.795965343538402	1
QID2473	1.9168175756087829	2
QID2474	5.264067516937886	2
QID2475	3.2833364341860727	2
QID2476	2.5077936112523322	1
QID2477	4.052220793242578	1
QID2478	1.1707238379752831	1
QID2479	1.5677040336119457	1
QID2480	4.191239796578256	1
QID2481	3.713742420034672	1
QID2482	0.5357142161397472	1
QID2483	1.4817837995295031	1
QID2484	1.054288018944485	1
QID2485	0.053628831308005484	1
QID2486	2.5186038191357545	1
QID2487	3.1376537736577985	1
QID2488	4.4331836879142195	2
QID2489	0.17340797503972336	1
QID2490	1.7816119723497894	1
QID2491	4.226062469050498	1
QID2492	3.8261228945736807	1
QID2493	0.1822546252674931	1
QID2494	10.157317070330512	1
QID2495	1.1053432632933342	1
QID2496	2.645819322110668	1
QID2497	15.972420574063523	2
QID2498	2.3793411295090667	1
QID2499	4.168740342455155	1
QID2500	1.768963466391399	1
QID2501	0.534268822327893	1
QID2502	0.005558211372013918	1
QID2503	0.5396076673221848	1
QID2504	4.012342540996409	1
QID2505	0.8839687332600121	1
QID2506	0.25196561066705553	1
QID2507	0.9945766094436258	1
QID2508	1.0118267095572449	1
QID2509	3.485198301610367	1
QID2510	0.4684730814273206	1
QID2511	0.2339704473369143	1
QID2512	0.004591426718755379	1
QID2513	0.958159176022966	1
QID2514	0.2015067161670831	1
QID2515	2.18357297703786	2
QID2516	2.586886409987505	1
QID2517	0.15968547189654853	1
QID2518	0.016940468211410206	1
QID2519	6.347564486457622	1
QID2520	0.9824832819096024	1
QID2521	7.6947866141517585	1
QID2522	2.8915859080370785	1
QID2523	3.220063423912483	1
QID2524	1.1502017771225688	2
QID2525	9.005644569579813	1
QID2526	2.6604661911264773	1
QID2527	1.4316151321029074	1
QID2528	0.9547788302657432	1
QID2529	8.219586871619732	1
QID2530	3.693998761692148	1
QID2531	0.20390151780796292	1
QID2532	0.916409573810242	1
QID2533	4.932109905534452	1
QID2534	0.028299487818474606	1
QID2535	0.44172949671690187	1
QID2536	4.724406251317847	2
QID2537	1.7380896687364382	1
QID2538	2.86955231881	1
QID2539	0.5105191552304404	1
QID2540	0.20496675160203615	1
QID2541	2.7426688461665143	1
QID2542	0.11660834965183545	1
QID2543	4.465163832583222	2
QID2544	0.8380783140774241	1
QID2545	3.2549940529416435	1
QID2546	1.641264592254711	1
QID2547	0.43083027775596267	1
QID2548	1.8886338975009576	1
QID2549	2.5789916312713483	1
QID2550	1.086884238820648	1
QID2551	2.1031231451812946	2
QID2552	1.671203608705695	2
QID2553	3.438882260365369	1
QID2554	0.6312795214736215	1
QID2555	3.400946191138448	1
QID2556	6.677891723508964	1
QID2557	1.3867138433194506	1
QID2558	0.6021655198062972	1
QID2559	0.6125248491177515	1
QID2560	1.8010783387942988	1
QID2561	0.07447241217659017	1
QID2562	3.791323559155448	2
QID2563	3.9756240281114303	1
QID2564	0.4837088173554666	1
QID2565	3.9154609944025403	2
QID2566	6.382695366519372	1
QID2567	1.3247817175435124	1
QID2568	2.5765186431585145	1
QID2569	1.316381566159052	1
QID2570	0.043859520881523034	2
QID2571	1.668276062868942	1
QID2572	2.685672470901134	1
QID2573	3.4581370803003417	1
QID2574	7.762519946939842	1
QID2575	6.945825778997768	1
QID2576	8.570785063584701	1
QID2577	8.830229371178746	1
QID2578	0.0592348854505264	1
QID2579	2.206770443588321	1
QID2580	7.141247445616324	1
QID2581	2.5107208003606183	1
QID2582	3.5096447124036976	1
QID2583	6.937220804157577	1
QID2584	2.9737888524287053	2
QID2585	2.948468602177989	1
QID2586	9.682093525935707	3
QID2587	4.282106518781114	1
QID2588	1.5615005695831887	1
QID2589	0.022524749700115244	1
QID2590	5.5381578718848266	1
QID2591	1.8732459721108032	2
QID2592	0.6962842473179341	1
QID2593	4.284194338153512	1
QID2594	6.1420184486505685	1
QID2595	1.4128166999017393	1
QID2596	8.326371788772367	2
QID2597	0.922796751085043	1
QID2598	3.318760394246965	2
QID2599	1.75281702420468	1
QID2600	5.354894843523512	1
QID2601	2.9622959209184767	1
QID2602	0.10805872579993042	1
QID2603	1.9023207149005588	1
QID2604	0.1487744172073416	1
QID2605	3.1652451264491823	4
QID2606	0.9778163122042226	1
QID2607	0.9375934505803653	1
QID2608	5.566394798824376	1
QID2609	3.9154360193408118	1
QID2610	5.053392640716541	1
QID2611	0.21175340971550896	1
QID2612	3.1073176169297283	1
QID2613	5.13042746482348	2
QID2614	1.8194453059833051	1
QID2615	2.249896909925833	1
QID2616	3.506279998556093	1
QID2617	2.2374127566373234	1
QID2618	4.244958454821222	1
QID2619	2.4684347242526243	1
QID2620	4.024700889711666	1
QID2621	3.9868854018471622	1
QID2622	1.0713972054499132	1
QID2623	2.222592420801744	1
QID2624	0.7138772183869206	1
QID2625	1.9279224430270043	2
QID2686	9.193070662797297	1
QID2688	5.561777295879172	1
QID2689	15.316695158309276	1
QID2690	3.466549120294266	1
QID2691	1.0798050697402912	1
QID2692	0.3992055270506383	1
QID2693	6.2609117203555975	3
QID2694	3.1512144120227568	1
QID2695	3.5369816386703996	1
QID2696	4.208451470662	2
QID2697	4.388482244352693	1
QID2698	0.978196899129074	1
QID2699	3.5336364187951834	1
QID2700	5.521809513405423	1
QID2701	6.348143200329639	1
QID2702	0.665694628012789	1
QID2703	3.8902626446419286	1
QID2704	2.742306331298483	1
QID2705	2.88701557400038	1
QID2706	0.004456422305777279	1
QID2707	10.711243818506484	2
QID2708	1.5850314612860403	2
QID2709	7.674631988723546	1
QID2710	6.415343930095685	2
QID2711	0.7806399839480014	1
QID2712	2.1785372205141096	1
QID2713	3.866789396648563	1
QID2714	0.6307916699436859	1
QID2715	1.2723237021444904	2
QID2716	5.506862674670104	1
QID2717	0.17286217327521722	1
QID2718	0.22348403826749866	1
QID2719	4.237495277263859	1
QID2720	1.080401527932654	1
QID2721	9.546382122647328	4
QID2722	2.2367699384659314	1
QID2723	0.7814467855103776	1
QID2724	4.729592057035304	1
QID2725	2.548013460999832	1
QID2726	5.110342532400275	2
QID2727	3.379778554928313	1
QID2728	0.013114814123006193	1
QID2729	4.601146057582061	1
QID2730	0.536996822261816	1
QID2731	5.564354532333006	1
QID2732	0.018358238279623563	1
QID2733	1.1167418191334555	1
QID2734	0.10790358181361276	1
QID2735	10.233651532692146	1
QID2736	0.3021897247886347	1
QID2737	5.902248900494103	1
QID2738	4.139386477477924	3
QID2739	0.10384303818433273	1
QID2740	6.330058977790652	1
QID2741	5.397019728316593	1
QID2742	4.364909464157142	1
QID2743	3.419024308117669	1
QID2744	9.973626545407546	3
QID2745	8.584151698427629	2
QID2746	4.826398836118346	2
