Word_Unique_ID	Surprisal	NumTokens
QID1	1.122450359430526	1
QID2	4.502776100672	1
QID3	11.249215581742542	3
QID4	0.7710698140098975	1
QID5	3.7446882983001175	1
QID6	2.9467497688458506	1
QID7	4.589796529199718	1
QID8	9.666143340212304	1
QID9	0.8326502725127182	1
QID10	6.431610536628179	1
QID11	4.908394666360397	1
QID12	6.034529656672963	2
QID13	4.432470400172724	1
QID14	1.9107037191895333	1
QID15	0.965394975733992	1
QID16	1.918647704146328	1
QID17	8.669730855627165	1
QID18	1.546856964375329	1
QID19	8.748712046743469	1
QID20	6.441667033964611	2
QID21	2.124150352456518	1
QID22	3.785577444576012	1
QID23	8.320489752179709	2
QID24	1.7099750012232229	1
QID25	1.0057513287319289	1
QID26	7.699238695964568	1
QID27	2.2384629448997475	1
QID28	3.740049034677587	2
QID29	1.1275314506843042	1
QID30	4.618939876908804	1
QID31	0.5506147044476013	1
QID32	3.0000126003055017	1
QID33	0.9968436657169576	1
QID34	0.6368258077017916	1
QID35	3.0061226081573724	1
QID36	1.1753235032519105	1
QID37	3.934949167877256	1
QID38	2.4611125926692528	1
QID39	0.6543177767310419	1
QID40	2.4502773915863987	2
QID41	3.977834528746845	1
QID42	0.3635309899012879	1
QID43	9.009102889697887	1
QID44	0.3276653821903984	1
QID45	0.853417383061804	1
QID46	1.7571862203432038	1
QID47	3.0353631455354178	1
QID48	2.449624455289522	1
QID49	5.922551983658058	1
QID50	1.1703986951430343	1
QID51	8.607413019002099	1
QID52	2.5377393121499283	1
QID53	7.718836365836655	1
QID54	1.5898228477521277	1
QID55	2.3515150425864366	1
QID56	3.7053253915144975	2
QID58	4.3740777489658065	1
QID59	3.4726204198449064	2
QID60	1.761349259587045	1
QID61	5.872128743048212	1
QID62	11.32189357229791	3
QID63	4.909009177312707	1
QID64	6.7761305627239325	2
QID65	2.2877184485652635	1
QID66	6.803163452148545	1
QID67	1.155061585544464	1
QID68	12.228425269118864	1
QID69	7.516448493474281	2
QID70	3.6914257637322283	1
QID71	6.488848423586	1
QID72	1.5293785817767922	1
QID73	0.900976737088016	1
QID74	4.4898991059715145	1
QID75	0.6071111100333906	1
QID76	2.7928603353684927	1
QID77	3.8845034523283912	1
QID78	1.4361642920857225	1
QID79	3.6230836108505917	1
QID80	0.06795723036318747	1
QID81	7.3209601322426225	2
QID82	6.9548668090390535	1
QID83	0.24961470182386386	1
QID84	8.003128179570224	1
QID85	1.0783546550755478	1
QID86	4.025067191017601	1
QID87	6.562979057897871	1
QID88	2.8147998986564686	2
QID89	3.6260167645653314	1
QID90	0.6154668989340777	1
QID91	9.550966872608656	3
QID92	2.7490389231329138	1
QID93	9.60755071652035	2
QID94	2.4469412167764313	1
QID95	0.5793749588032482	1
QID96	2.3349869487518853	1
QID97	0.42416281724121657	1
QID98	15.767023250348144	3
QID99	9.65053890757068	2
QID100	6.122386873330036	1
QID101	3.815524230347792	1
QID102	5.696569160669903	1
QID103	0.6397394083555052	1
QID104	8.635265764549763	1
QID105	0.37657100015982936	1
QID106	8.15195158660876	1
QID107	0.4087223037814061	1
QID108	0.4238471769126764	1
QID109	7.552763217038031	1
QID110	2.6483465006897005	1
QID111	2.004168169067323	1
QID112	0.9156089692170908	1
QID113	2.4972929861621327	1
QID114	0.3891549255417197	1
QID115	10.788969824011115	3
QID117	5.994987325165477	1
QID118	1.953486406599282	1
QID119	11.616103044249275	2
QID120	11.086178688971223	2
QID121	1.3976928871285803	1
QID122	3.565100765829249	1
QID123	0.9497718340669844	2
QID124	0.6350181383452498	2
QID125	1.9075680410216531	1
QID126	2.5564230265639507	1
QID127	1.4640759712425886	1
QID128	1.9908420160333995	1
QID129	8.62802573079179	1
QID130	0.7201112180267589	1
QID131	0.7489493548297927	1
QID132	5.083153693397032	1
QID133	3.0992248019844384	1
QID134	6.003973370985153	1
QID135	0.4207205118448361	1
QID136	5.104969660569669	1
QID137	1.112043590447518	1
QID138	5.143523916059993	1
QID139	4.572453113870095	1
QID140	2.4637324620497503	2
QID141	1.9207506315158696	1
QID142	2.9248637599761813	2
QID143	4.946482748010207	1
QID144	0.5962392002598517	1
QID145	1.791392208922899	1
QID146	0.3744558159460387	1
QID147	1.6452580557948069	1
QID148	2.4451734247656853	1
QID149	3.7694156239204006	1
QID150	5.531184341438067	1
QID151	0.8364577775678811	1
QID152	8.972040769978149	1
QID153	1.006616755500438	1
QID154	2.827958392755236	1
QID155	4.506464464004827	1
QID156	0.21678875130259934	1
QID157	2.5650922368334754	1
QID158	3.0329657361273483	1
QID159	1.211687152612542	2
QID160	3.1373617570267416	2
QID162	1.0538020729918702	1
QID163	0.06303712767842397	1
QID164	3.2910686767280435	1
QID165	6.122820180863831	1
QID166	1.069889443322226	1
QID167	0.6900231097867088	1
QID168	3.4534047671503654	1
QID169	0.4264422172430953	2
QID170	3.1709734485324717	1
QID171	5.4360850695717975	1
QID172	2.278529302268655	1
QID173	7.031787641446838	2
QID174	12.419124776621954	1
QID175	5.082650713017618	1
QID176	3.6981220733712536	1
QID177	1.9756639366491464	1
QID178	3.3775191072145057	1
QID179	6.976382017322267	2
QID180	6.488710686664701	1
QID181	3.4999588988550423	1
QID182	1.5581347619833674	1
QID183	9.519384891816253	1
QID184	3.0721771981877537	1
QID185	7.838463256851944	1
QID186	9.374774845830158	3
QID187	2.5966682372177683	1
QID188	0.9873779290582156	1
QID189	4.00562214339702	2
QID190	1.0776891147704768	1
QID191	3.5988495043964126	1
QID192	2.578478018928767	1
QID193	9.558682339966255	1
QID194	5.1280513293422	1
QID195	7.485757527646818	2
QID196	4.249517304268165	1
QID197	1.8167541295133367	1
QID198	10.734277614593392	2
QID199	7.727250093566238	1
QID200	1.605916280759809	1
QID201	0.8450869138389626	1
QID202	7.229643162378963	2
QID203	3.9738409066502114	1
QID204	13.669870839682186	3
QID205	10.608742664907377	1
QID206	9.246460418290932	2
QID207	1.970479844461807	1
QID208	4.23720143602825	1
QID209	3.0730296227819385	1
QID210	5.349878079908006	1
QID211	1.443445320274746	1
QID212	3.7493614755165217	1
QID213	1.7360935234350416	1
QID214	4.138559970150098	1
QID215	4.020548212504775	1
QID216	5.4589008730437945	1
QID217	0.5201194017636289	1
QID218	0.2372914057057141	1
QID219	3.86959236195565	1
QID220	3.465387494243405	2
QID221	2.1808557549692456	1
QID222	0.9433048360498444	1
QID223	4.322484278515272	1
QID224	3.476635185624549	1
QID225	1.0911773653031	1
QID226	5.838387988052075	2
QID227	3.1222229631507985	1
QID228	4.95212923681986	1
QID229	13.911169235979425	1
QID230	2.5733140582245753	1
QID231	9.705676598673026	2
QID233	8.679427574570665	2
QID234	14.178662558073313	2
QID235	2.4598693118361736	1
QID236	4.967175363990265	1
QID237	1.06093730444823	1
QID238	0.7844688027985458	1
QID239	3.3489888118524904	2
QID240	4.037300852521526	1
QID241	0.2594092372197789	1
QID242	12.22594934435459	1
QID243	3.5933610191151337	2
QID244	1.6179450285206578	1
QID245	3.0096929713570213	1
QID246	4.721246843282444	2
QID247	1.147691456174564	1
QID248	2.6283421759322905	1
QID249	4.875301352910894	1
QID250	0.9942821865271656	1
QID251	13.097454245074179	3
QID252	0.11915719444563395	1
QID253	2.871491203368844	2
QID254	4.6004396878805975	1
QID255	0.7461722808571114	1
QID256	8.005597059913459	2
QID257	2.3994976423300294	1
QID258	0.9119173439073764	1
QID259	2.589481362780205	2
QID260	4.041956344633589	1
QID261	1.133669292924404	1
QID262	8.908485861227774	1
QID263	0.905036297348866	1
QID264	0.5663278963950885	1
QID265	1.090727813269081	1
QID266	0.9511941251424016	1
QID267	3.1161002656059997	1
QID268	4.520677113648561	1
QID269	0.3970961222561535	1
QID270	4.939109902352602	2
QID271	2.447071434442858	1
QID272	2.1214374849498654	1
QID273	2.0886285724344997	1
QID274	0.020422669735354157	1
QID275	3.6594949936783285	1
QID276	8.036979892434282	2
QID277	3.2620590944036687	1
QID278	5.399200572076861	1
QID279	4.6448529335692985	1
QID280	4.014549105891357	1
QID281	3.0326606843751933	1
QID282	1.7338564508790368	1
QID283	0.8879948112643268	1
QID284	7.299551377399165	1
QID285	1.6338857595722294	1
QID286	11.009091037851997	2
QID287	1.3590793406261643	1
QID288	0.6962278669371341	2
QID290	9.738650451438888	1
QID291	10.280961312877384	1
QID292	7.617194024892992	1
QID293	7.212955105216833	1
QID294	2.081627303853553	1
QID295	4.376478027641015	1
QID296	0.2430886916270445	1
QID297	4.69378767620465	1
QID298	4.555864701107803	1
QID299	10.528426298358925	1
QID300	7.670763819211508	2
QID301	2.893352341499511	1
QID302	8.639575268809294	1
QID303	4.112039957576816	1
QID304	1.248119982607733	1
QID305	13.012374246029761	3
QID306	4.606918923138489	1
QID307	8.211326901904473	1
QID308	2.946968156574589	1
QID309	1.9060879550738277	1
QID310	0.2465305909985404	1
QID311	3.190196927573796	2
QID312	2.4287592693588387	1
QID313	3.605125649161839	1
QID314	1.0929839888713624	1
QID315	2.871366352418541	1
QID316	1.902925451517364	1
QID317	1.6670437019391953	1
QID318	10.106334856674694	3
QID319	1.9566623152772233	1
QID320	4.696467446292912	1
QID321	0.8821132431248888	1
QID322	3.1147507368035514	2
QID323	3.1184398948983967	1
QID324	7.421209992341787	1
QID325	12.390652262066878	2
QID326	5.04553526696159	1
QID327	2.1898840099154206	1
QID328	9.78713640844224	1
QID329	4.507222815205396	1
QID330	7.1322467453241325	1
QID331	8.423042838784799	1
QID332	2.237718557166908	1
QID333	1.5048059125761029	1
QID334	7.177755396315341	1
QID335	7.074501295155304	2
QID336	4.779205950193818	1
QID337	4.110470103302206	1
QID338	9.42121352033126	1
QID339	1.1927415391823142	1
QID340	4.616014581000403	1
QID341	4.4908971886308064	1
QID342	4.505788915566273	1
QID343	5.242006847118064	1
QID344	1.0917391129084295	1
QID345	6.913477933552928	2
QID347	10.383581048210727	2
QID348	6.4108837869659885	2
QID349	1.5426633603402418	1
QID350	4.913991200327083	1
QID351	2.984526733357824	1
QID352	3.1142384734896496	1
QID353	7.974666726195992	2
QID354	3.4984991618117958	1
QID355	3.4045108828454578	1
QID356	7.0281682485392585	1
QID357	11.601023783067053	2
QID358	2.4927443066186936	1
QID359	5.987730034514207	1
QID360	1.0221149800918758	1
QID361	7.299448117838705	2
QID362	8.691465438180643	1
QID363	0.5627597171696302	1
QID364	6.9494369592557055	1
QID365	0.7801747365597421	1
QID366	0.5868887893872159	1
QID367	7.651806231029234	1
QID368	8.762150166496046	1
QID369	4.47429195698792	1
QID370	6.226226787204761	1
QID371	6.042268085710513	2
QID372	1.207970945282279	1
QID373	3.437858087486941	1
QID374	1.9737523105129893	1
QID375	6.029474721048545	2
QID376	1.5133268760020528	1
QID377	3.1264363269476587	2
QID378	3.1608216988157443	1
QID379	2.9313684851635755	1
QID380	1.3925662197403552	2
QID381	1.0773711202635197	1
QID382	2.1191548266643525	1
QID383	10.748810947623005	3
QID384	3.897986933581824	1
QID385	2.4291683902422427	1
QID386	1.0860860616950925	1
QID387	1.0526846959088432	1
QID388	2.5537682772317267	1
QID389	3.3059599281305734	2
QID390	2.9173273242455475	1
QID391	4.240651747201242	1
QID392	3.864470085085885	1
QID393	1.9405031795597207	1
QID394	2.2672189746195475	1
QID395	0.4810164972202262	1
QID396	5.193204293702385	2
QID397	1.8032590078402744	1
QID398	1.2300920298012394	1
QID399	8.53706599817302	3
QID400	6.050259030683158	1
QID401	4.921316167328287	1
QID402	14.541672742786439	3
QID404	6.628087793478353	1
QID405	3.3768708039618867	1
QID406	4.174598477547965	1
QID407	4.742522281903934	1
QID408	5.090949074305713	1
QID409	1.1592036459474646	1
QID410	1.959456647982944	1
QID411	5.036512995091346	1
QID412	0.016973781221205138	1
QID413	6.157409029485057	2
QID414	5.319185137516059	1
QID415	1.7050805519557741	1
QID416	1.827897203459135	1
QID417	4.0021846200851305	1
QID418	0.4093045251505604	1
QID419	5.9591104374961406	1
QID420	0.08072653688959992	1
QID421	4.609624400586738	1
QID422	2.1186518112756167	2
QID423	5.5686689387421815	1
QID424	8.786099401008622	1
QID425	5.763466844800703	1
QID426	0.9772862464589144	1
QID427	1.5441870056339353	1
QID428	6.821566880033187	1
QID429	1.3298675826658246	1
QID430	0.018627824439203168	1
QID431	4.019069882718068	1
QID432	5.217519742515192	3
QID433	4.350794222510612	1
QID434	0.8119537173547234	1
QID435	6.025593732559442	1
QID436	3.657108571482965	1
QID437	6.797720690265275	1
QID438	1.6287026979698098	1
QID439	9.200536138136183	1
QID440	7.734872746185109	3
QID441	1.601604254643049	2
QID442	4.007675133912707	1
QID443	1.279489538963681	1
QID444	1.163392119311634	1
QID445	3.4818894182596654	1
QID446	3.8395220214758	2
QID447	2.9393158852319625	1
QID448	4.789796478088818	1
QID449	6.13442106475942	1
QID450	5.211353129670333	1
QID451	2.2174261940123783	1
QID452	0.6121033133842029	2
QID453	4.098171820171664	1
QID454	3.912400051651165	1
QID455	3.1639074299065135	1
QID456	3.9638761505873177	1
QID457	1.9800736595631918	1
QID458	1.6869087539911771	1
QID459	3.3716427229706656	2
QID460	2.4522470127972835	1
QID461	1.4720425073166146	1
QID462	12.352442442437976	2
QID463	9.243979496381254	2
QID464	2.102091616927515	1
QID465	2.4869874163586063	1
QID466	9.728357143431644	1
QID467	4.358168904586473	1
QID468	1.9835760684306576	1
QID469	16.295229395285855	5
QID470	11.276914373822546	1
QID471	7.878781212771473	2
QID472	4.693457669122591	1
QID473	0.8350736379797171	1
QID474	0.08441073452768601	1
QID475	3.1683190034114075	1
QID476	10.792211784377459	4
QID477	1.2042304386898706	1
QID478	2.3593081227409347	1
QID479	14.333183000801224	3
QID480	7.641557472959526	1
QID481	0.1681375556261053	1
QID482	5.443676460093468	1
QID483	4.663973079628273	2
QID484	5.547600642725303	1
QID485	13.940525334294712	2
QID486	3.467870499327959	1
QID487	1.2417473269400852	1
QID488	0.7320926801735503	1
QID489	1.5597198842348603	1
QID490	6.589735286103372	1
QID491	3.165895240967142	1
QID492	5.9509032833883895	1
QID493	2.7648047525394084	1
QID494	3.835258151776392	1
QID495	6.248109944554662	1
QID496	5.346106015093027	1
QID497	7.410020281798568	2
QID498	2.0627745933067283	1
QID499	10.955149601483905	3
QID500	4.536035156876872	1
QID501	6.524065700520784	1
QID502	4.637732780265812	1
QID503	0.4272220579174313	1
QID504	7.137222239593314	2
QID505	0.9157320300432054	1
QID506	8.614696976693972	1
QID507	1.3983157915675288	1
QID508	1.2135592258963712	1
QID509	2.276925068536364	1
QID510	1.9251334082472105	1
QID511	8.05305822164516	1
QID512	3.393994251004385	1
QID513	6.574751788447063	2
QID515	12.439595373803467	3
QID516	11.338193763241986	1
QID517	2.0089142844780064	1
QID518	6.041209855965367	2
QID519	4.239655329330931	2
QID520	3.4334473325041115	1
QID521	1.7106059389320645	1
QID522	4.228747630675271	1
QID523	1.912618612594637	1
QID524	1.7656402223163326	2
QID525	4.144847073946255	1
QID526	3.1777425370953867	1
QID527	1.8713643836915783	1
QID528	4.698917542375899	1
QID529	0.12432782630824622	1
QID530	4.65997584783117	1
QID531	1.2245295910574994	1
QID532	3.9687290059643483	2
QID533	11.279299096589494	1
QID534	3.729934385521864	2
QID535	11.130925277231011	2
QID536	7.233425007740871	2
QID537	1.8067568384052897	1
QID538	2.949027587468788	1
QID539	1.0843008399761471	1
QID540	1.535127191835607	1
QID541	0.36249908214744136	1
QID542	0.9557540734777398	1
QID543	6.062960790828936	1
QID544	3.3726969489059884	1
QID545	3.8447234107236867	1
QID546	0.91358725938053	1
QID547	0.027315806513715898	1
QID548	1.254577357530979	1
QID549	7.979629059306861	2
QID550	1.7899118846545656	1
QID551	3.5191294840094716	1
QID552	0.446895141873758	1
QID553	3.6704794997505648	1
QID554	8.039986036063375	1
QID555	7.371386979858889	1
QID556	2.400488346390103	1
QID557	4.758359033653363	1
QID558	0.817604186727688	1
QID559	1.423571868447146	1
QID560	6.372532450010188	1
QID561	4.382109391603125	1
QID562	3.4284659577310737	1
QID563	3.283282061209811	1
QID564	1.6009331279212258	1
QID565	4.023541552566804	1
QID566	0.7876211207368363	1
QID567	6.88887159916097	2
QID568	0.9676199864239048	2
QID569	2.6305102672428062	1
QID570	15.86353552105767	2
QID571	0.7561367528773646	2
QID572	6.032967935095012	1
QID573	0.9955426054066576	1
QID574	9.302917531126118	2
QID575	4.057736528782769	2
QID576	19.005468196070954	4
QID577	0.8064896732829042	1
QID578	1.2140592889815895	1
QID579	11.120862148293376	1
QID580	2.537432209061326	1
QID581	6.090698550550468	1
QID582	0.039591136853444835	1
QID583	10.136652611978107	3
QID584	2.5245362273237406	1
QID585	2.8591660033854867	1
QID586	1.0396100604246457	1
QID587	3.994519649971401	1
QID588	7.459999283883183	1
QID589	1.2012187916466213	1
QID590	3.8269817585859327	1
QID591	10.846008076279206	2
QID592	4.466042154481288	1
QID593	3.7688630143930566	1
QID594	2.3769819501289424	1
QID595	3.701421804971813	1
QID596	4.308207614021492	1
QID597	3.005522943548769	1
QID598	0.8861516399059128	1
QID599	3.286379847610339	2
QID600	2.4240417053813417	2
QID601	1.9717708664445737	1
QID602	4.637180796028877	1
QID603	2.0553261724891807	1
QID604	1.049594373906629	1
QID605	2.577950659416549	1
QID606	4.0685941097374005	1
QID607	3.823350080111939	1
QID608	2.45769378050244	1
QID609	5.251949137205528	1
QID610	9.237924652120043	1
QID611	3.956318257647992	1
QID612	3.7116135997724906	1
QID613	2.2310951074692884	1
QID614	13.093326148593615	2
QID615	8.625227762668825	1
QID616	1.0155682448361183	1
QID617	2.3194370596356824	1
QID618	7.493141740899676	1
QID619	0.5044331895402456	1
QID620	8.943090098827945	1
QID621	7.512658597477693	3
QID622	6.462938298185607	1
QID623	4.509439203647913	2
QID624	6.889121638582362	1
QID625	10.61268627083058	2
QID626	5.9134461824897775	1
QID627	4.076778495124929	1
QID628	3.896566138108298	1
QID629	0.7731868387110793	1
QID630	10.83828482190767	1
QID631	1.867639104554504	1
QID632	5.673725254232812	1
QID633	2.417481730610634	1
QID634	1.0509065908765756	1
QID635	0.5329203591636781	1
QID636	2.868317495732202	1
QID637	1.4730386186155136	1
QID638	9.910184574324765	1
QID639	0.5790164929731216	1
QID640	7.7416125286425315	4
QID641	2.0395842578548016	1
QID642	6.377408462543224	1
QID643	1.0936515903807595	1
QID644	3.2795472407297415	1
QID645	5.621972064854529	1
QID646	5.3342806555751165	1
QID647	0.7019385768179943	1
QID648	0.8604286143405772	1
QID649	2.9768376564967647	1
QID650	1.7943481118461653	1
QID651	6.400714480056987	1
QID652	2.020349463573494	1
QID653	4.387853073121847	1
QID654	3.4116614383210613	1
QID655	4.93996944651118	2
QID656	3.160574124453729	1
QID657	5.4081219837525625	1
QID658	3.512066238693395	1
QID659	4.816445355453392	1
QID660	7.6653732293030945	2
QID661	1.8600513703718131	1
QID662	3.217269202997024	1
QID663	7.342350304455893	1
QID664	0.5998371687236623	1
QID665	2.0060075148138354	1
QID666	1.0716408068563217	1
QID667	4.105199944942767	1
QID668	0.6160757248699823	1
QID669	0.4910606920136283	1
QID670	2.90629612814498	1
QID671	4.02706987942598	1
QID672	6.047928775976327	1
QID673	7.607298362596378	2
QID674	8.69309983745626	2
QID675	2.1779102576951845	1
QID676	7.853274139918146	1
QID677	10.793033693867388	2
QID678	0.3524886258929761	1
QID679	6.688912829424506	1
QID680	5.230111488772018	1
QID681	4.131235887060496	1
QID682	5.231584788994909	1
QID683	9.629376766404448	1
QID684	10.732655497777287	2
QID685	4.2773669501483145	1
QID686	12.21591570501983	1
QID687	9.11659359100572	2
QID688	0.5641083942770176	1
QID689	1.4003071819749555	1
QID690	4.038523789267192	2
QID691	1.8730405311084384	2
QID693	0.8305252803073191	1
QID694	5.123723642163338	2
QID695	0.8475664191710065	1
QID696	0.030792409853227818	1
QID697	2.107294626821075	1
QID698	1.2737787066545252	1
QID699	6.06914205471671	1
QID700	3.5499072412714523	1
QID701	10.790457688689107	2
QID702	1.2585158929659193	1
QID703	1.664766338909145	1
QID704	0.0074939049341018376	1
QID705	1.6701491085002167	1
QID706	2.1126595343339	1
QID707	0.00445822666492045	1
QID708	5.02303859565577	2
QID709	1.3245046302865158	1
QID710	0.718117287762582	2
QID711	6.483094094165835	2
QID712	10.444220796397772	1
QID713	1.6279776580445369	1
QID714	2.522293428748036	2
QID715	5.137648146111342	1
QID716	5.365247221838032	1
QID717	13.164968014419824	3
QID718	4.053302051280368	1
QID719	12.246417142756428	4
QID720	3.0587206028613654	1
QID721	0.6715137257382652	1
QID722	6.363516675178204	2
QID723	1.2415814860894248	1
QID724	5.189384531793637	1
QID725	11.700705590936249	3
Q2684	14.786926135268494	1
QID726	10.088452499556306	1
QID727	4.404954465468999	1
QID728	5.245073672125041	2
QID729	8.226064362141816	1
QID730	3.3214422701941717	1
QID731	11.798160342640516	1
QID732	4.409506479271717	1
QID733	5.756557921807785	1
QID734	3.5893663354526724	1
QID735	2.874786618557084	1
QID736	2.688847958099665	1
QID737	2.238334464568045	1
QID738	9.59000475466966	1
QID739	9.479377005272207	1
QID740	5.795863885047907	3
QID741	5.388915098633769	1
QID742	1.0884719621632204	1
QID743	3.5388381802898268	1
QID744	2.337599907247056	1
QID745	0.31793878083506233	1
QID746	7.0416912172202775	1
QID747	0.21993217824744687	1
QID748	3.4819721607032412	1
QID749	3.643933729377109	1
QID750	1.2902201590422382	1
QID751	3.4305417371772524	1
QID752	5.452945901611601	2
QID753	5.4877753554160345	1
QID754	6.885286138680187	2
QID755	2.5660515011606884	1
QID756	11.813897014327495	3
QID757	7.462228956155393	2
QID758	7.642782311514759	1
QID759	1.0997236507367654	1
QID760	5.839847666900137	1
QID761	6.894923081080762	1
QID762	0.0714692501824766	1
QID763	0.3471816034294197	1
QID764	3.2367836229004654	1
QID765	5.709300887820027	1
QID766	2.8354596503927287	1
QID767	2.501929483651185	1
QID768	0.07423280969045921	1
QID769	5.630013299505697	1
QID770	6.923445024390587	1
QID771	9.798952389820077	1
QID772	3.2764582756761005	1
QID773	1.6254385137943492	1
QID774	7.713869210010703	1
QID775	1.7974824765373625	1
QID776	1.6926829639056642	1
Q2685	10.147245108752683	2
QID777	8.304464359368701	2
QID778	10.46397323929387	1
QID779	2.1957088080633103	1
QID780	4.149842362019647	1
QID781	5.909400743953612	1
QID782	4.987963908028539	1
QID783	1.247010582098628	1
QID784	4.463441810153738	2
QID785	8.77713695527345	1
QID786	3.4995984839800443	1
QID787	3.8070037522922253	2
QID788	2.083597921987153	1
QID789	4.873496094737316	1
QID790	10.457736203734887	1
QID791	2.626903417253589	1
QID792	1.6738151341499357	1
QID793	4.506559648066976	1
QID794	1.9128732789482323	2
QID795	4.940879256766202	1
QID796	2.4792871044284848	1
QID797	1.9410624072966225	1
QID798	1.3186229621533283	1
QID799	1.8751472828449285	1
QID800	4.327080320449071	1
QID801	3.5280374612030427	1
QID802	1.090807959689091	1
QID803	6.3809802325997085	1
QID804	9.187359063094537	1
QID805	4.942410073837701	1
QID806	4.328789106292714	1
QID807	8.875072455500696	1
QID808	0.5183364825146627	1
QID809	3.506402330336192	2
QID810	4.427534044005257	1
QID811	2.688001092936808	1
QID812	2.9543681043053214	1
QID813	6.312031386961932	1
QID814	3.736811466079941	1
QID815	2.052157868927005	1
QID816	2.7479275227023665	1
QID817	4.859902527637429	3
QID818	3.2818456846637654	1
QID819	5.161805416490081	1
QID820	8.624709408196162	1
QID821	8.166585561765983	1
QID822	0.522721043766639	1
QID823	1.8121602563812285	1
QID824	5.052149412645526	1
QID825	0.8054096042723848	1
QID826	6.379070750834793	1
QID827	1.3782702007221126	1
Q2686	0.2722347675785151	2
QID828	11.549878146732588	2
QID829	2.0736975526360766	1
QID830	7.901913448079037	1
QID831	2.1973239031075282	1
QID832	1.9199453221897755	1
QID833	6.752523058575204	1
QID834	0.12420096090635095	1
QID835	4.172582360944683	1
QID836	3.892163253694201	1
QID837	4.143926478997302	1
QID838	0.7490158729929093	1
QID839	6.2304565872490025	2
QID840	1.9004658932655707	1
QID841	3.6454670565680583	1
QID842	9.304422508615612	1
QID843	0.4749262495786745	1
QID844	8.153866044615555	1
QID845	7.106024058158122	1
QID846	1.8746347678904536	1
QID847	9.8076384641581	1
QID848	5.409412832374862	1
QID849	0.21356151354741024	1
QID850	3.838628787271333	1
QID851	2.6731681292702123	2
QID852	2.169161290984932	1
QID853	5.710996195766174	1
QID854	1.6939828599281286	1
QID855	5.95694328838184	1
QID856	0.019932514346943483	1
QID857	5.233930616010482	1
QID858	6.420163573039877	1
QID859	1.1305505633426725	1
QID860	8.184168522657124	2
QID861	6.079241620789343	2
QID862	3.7142965242563273	2
QID863	1.0842457307600233	1
QID864	5.939482181631777	1
QID865	4.094051540320488	1
QID866	4.97881487025372	1
QID867	6.679045843961637	1
QID868	1.4455431342844565	1
QID869	8.097391196206804	1
QID870	2.226313634195596	1
QID871	3.164186705351446	1
QID872	1.6315151370911483	1
QID873	7.753112506472283	1
QID874	2.3932713760654907	1
QID875	6.319918822388776	1
QID876	3.106263723097647	1
QID877	5.3236246829300855	2
QID878	2.70982375095486	1
QID879	5.288032066785068	1
QID880	6.1377010176447735	1
QID881	0.654339978549272	1
QID882	2.1648736434523244	1
QID883	3.4045593174137383	1
QID884	6.13875571734635	1
QID885	5.750879480354757	2
QID886	3.0107076239275203	1
QID887	1.3665817491233732	1
QID888	4.129839182038425	1
QID889	7.739868798665987	1
QID890	2.797801676895165	1
QID891	2.5039421515636096	1
QID892	6.500099168861171	1
QID893	14.601047634087616	2
QID894	6.638845609395585	1
QID895	2.7337122220400536	1
QID896	10.536227968725502	2
QID897	4.975446550191513	1
QID898	6.604040003292365	1
QID899	4.690864641556589	1
QID900	1.3271402492551152	1
QID901	0.01211127919460922	1
QID902	13.365995587934165	2
QID903	24.36595323724029	2
QID904	6.007524292365245	2
QID905	3.639448137439578	2
QID906	2.5652884702875567	1
QID907	1.2727396429263458	1
QID908	5.899425311883043	1
QID909	7.693288919167782	3
QID910	4.8937156995327316	1
QID911	7.672101261158062	1
QID912	1.8641482484348304	1
QID913	1.6404113142968446	1
QID914	2.0404905819614	1
QID915	1.1031713005827068	1
QID916	0.5850815822471876	1
QID917	2.326679862292192	1
QID918	1.5363179246265286	1
QID919	4.730027118521499	2
QID920	7.67302811789214	1
QID921	1.4447869697493632	1
QID922	6.3590607788359375	1
QID923	2.155180121788144	1
QID924	4.265237928892038	1
QID925	0.14922644509784275	1
QID926	0.012782388992027912	1
QID927	2.0793124822348434	2
QID928	3.267129358079857	1
QID929	1.018658012437733	1
QID2687	1.018658012437733	1
QID929	1.018658012437733	1
QID2687	1.018658012437733	1
QID930	6.4208310131067075	1
QID931	9.648853823137241	2
QID932	5.751542743088769	1
QID933	1.533922500311545	1
QID934	8.36299898925103	1
QID935	0.9694330275776496	1
QID936	0.6505116647016603	1
QID937	0.4229195533044645	2
QID938	3.6323691878236746	1
QID939	3.5723233236514846	1
QID940	0.16514466956730472	1
QID941	2.7940453549543296	1
QID942	0.2738042026393636	1
QID943	7.017143812157912	1
QID944	2.167614514396518	1
QID945	9.253690650014835	1
QID946	4.876820387159062	1
QID947	1.682581841259574	1
QID948	5.2051995196557765	1
QID949	5.6208843400404405	1
QID950	0.16175296346901485	1
QID951	1.8234651268313649	1
QID952	1.0210410257210456	1
QID953	2.0790359441545747	1
QID954	1.3316659602156622	1
QID955	3.790534918162748	2
QID956	5.522329702615276	1
QID957	2.2839553372254304	2
QID958	3.8139637030627567	1
QID959	3.5169510468005893	1
QID960	4.812845118536977	1
QID961	0.21495729116198475	1
QID962	1.4299237923817625	1
QID963	2.895454070328473	1
QID964	0.297436545278408	1
QID965	7.290426971739488	1
QID966	0.8140624231679027	1
QID967	1.2603849014058903	1
QID968	2.781174695542195	2
QID969	2.592363991326632	1
QID970	5.1924764688470235	1
QID971	3.969067266463105	1
QID972	6.59129190178795	1
QID973	0.27406326601573744	1
QID974	0.07687674107420703	1
QID975	12.550134983711589	1
QID976	0.9685935735556609	1
QID977	1.5325784722282612	1
QID978	10.986862223311762	2
QID979	8.933334700359504	2
QID980	12.273569264472046	2
QID981	0.7629491098928937	1
QID982	5.266300754872557	1
QID983	0.0783052488713816	1
QID984	7.4865182002297725	1
QID985	4.818465415138016	1
QID986	0.01397434088438267	1
QID987	6.462282346039647	2
QID988	7.216055511489271	1
QID989	3.5145340956891813	1
QID990	1.649114027796036	1
QID991	11.354455952451605	2
QID992	3.9726692637008925	1
QID993	10.519663366218513	1
QID994	3.809514278104084	1
QID995	9.463457500540418	2
QID996	3.9182858189972647	1
QID997	11.628428007164624	1
QID998	9.778304247796903	2
QID999	1.950175058441108	1
QID1000	1.5364910051504446	1
QID1001	3.231062212758133	1
QID1002	0.2657715399266216	1
QID1003	0.944567872960548	1
QID1004	10.533164745952837	1
QID1005	0.6101872903223957	1
QID1006	3.1057242490417782	2
QID1007	9.275474067708924	2
QID1008	8.068034871483272	1
QID1009	4.374447417273557	1
QID1010	1.3245888755899855	1
QID1011	5.331585115030512	1
QID1012	1.8681722922626312	1
QID1013	0.7378305556986402	1
QID1014	2.454355351592731	1
QID1015	3.9744353805643504	1
QID1016	5.503931477008396	1
QID1017	0.5578931283544809	1
QID1018	3.956243639332008	1
QID1019	3.709174961218916	1
QID1020	8.873833237202074	2
QID1021	3.9717233703899466	2
QID1022	0.5437062292685134	1
QID1023	1.0233310474297923	1
QID1024	4.1697541063988455	1
QID1025	2.9111420109255803	1
Q2688	0.8634425215156222	2
QID1026	8.620660470021699	1
QID1027	1.1184785385469531	1
QID1028	4.655602430970881	1
QID1029	5.532685873270478	2
QID1030	1.1273399000973297	1
QID1031	1.1122322499945425	1
QID1032	11.919534743442652	1
QID1033	4.042979780781737	1
QID1034	3.665335220776828	1
QID1035	6.419802919459045	1
QID1036	2.368570784942297	1
QID1037	12.142395819804785	2
QID1038	5.665536258679812	1
QID1039	6.554334499853332	1
QID1040	0.1984889699443409	1
QID1041	4.897665801234641	2
QID1042	4.041335374366685	1
QID1043	0.8947958182512585	1
QID1044	1.3651017375133132	1
QID1045	10.44034808941286	2
QID1046	5.213271692359957	2
QID1047	10.120717957304343	1
QID1048	2.6140554010780983	1
QID1049	10.975357777331213	3
QID1050	5.990963606089013	2
QID1051	5.173264549279448	1
QID1052	0.7227147618133735	1
QID1053	6.7805682182993925	1
QID1054	6.205794751833263	1
QID1055	5.746263027489487	1
QID1056	2.1301171281864297	2
QID1057	5.169342293236781	1
QID1058	3.626571181286116	1
QID1059	1.7149407643828656	1
QID1060	2.7728736532415224	1
QID1061	5.77690268087014	1
QID1062	2.516754381629544	1
QID1063	3.229947828146352	1
QID1064	9.172487955114196	1
QID1065	6.134633178117221	1
QID1066	6.339804473879943	2
QID1067	12.075310297933116	1
QID1068	1.1595293600338523	1
QID1069	6.54388474712276	2
QID1070	0.9886910962936716	1
QID1071	4.872233671372995	1
QID1072	0.6192167646623887	1
QID1073	4.377844842414107	2
QID1074	3.3300712378790123	2
QID1075	11.170949451259071	2
QID1076	1.1286594930905278	1
QID1077	4.920829320842847	1
QID1078	0.017177058412789468	1
QID1079	4.1154163039870015	1
QID1080	0.08114987892693963	1
QID1081	1.41128327235645	1
QID1082	10.871419907095325	1
QID1083	3.3488006259531367	1
QID1084	6.491324338981129	1
QID1085	13.529423661326769	2
QID1086	5.935200404038969	1
QID1087	1.9245706354725989	1
QID1088	7.689310174043517	1
QID1089	1.36849796530366	1
QID1090	1.2786229672672416	1
QID1091	4.5852393869049655	1
QID1092	4.256950418562424	2
QID1093	2.1410759641661268	1
QID1094	5.968135882465862	1
QID1095	1.8582146610905808	1
QID1096	2.4515395375245075	1
QID1097	2.9512349650102783	1
QID1098	0.08952967397168729	1
QID1099	5.656131421594747	1
QID1100	5.452946740799893	1
QID1101	3.9989151908955813	1
QID1102	0.37252286972138665	1
QID1103	7.229385477278334	2
QID1104	1.9747411159669352	1
QID1105	0.4433220370316015	1
QID1106	1.8730810740520367	1
QID1107	5.565972987618027	1
QID1108	2.215187933666836	1
QID1109	0.5846590819060637	1
QID1110	7.386298093588071	1
QID1111	6.942152958189789	1
QID1112	5.89577550773359	1
QID1113	1.6459624725136597	1
QID1114	9.363671238805892	1
QID1115	2.5976365397349253	1
QID1116	4.316544946260103	1
QID1117	9.29508946181499	1
QID1118	2.5725855888865667	1
QID1119	4.852063845764853	1
QID1120	6.855931758536704	1
QID1121	4.5252686866250595	2
QID1122	3.1148277626469394	1
QID1123	12.885137511528454	1
QID1124	9.45675269123846	1
QID1125	1.3088660089487276	1
QID1126	0.5900046730887436	1
QID1127	7.692175052242721	2
QID1128	4.349808162235645	1
QID1129	6.927650631836465	1
QID1130	5.71967638389361	1
QID1131	11.079473396875708	2
QID1132	4.681780852684071	2
QID1133	5.952177494967133	1
QID1134	7.332521995883447	1
QID1135	10.867504099136292	1
QID1136	7.322088871071365	1
QID1137	1.5194449594676236	1
QID1138	5.366184938061898	1
QID1139	5.071259649552539	1
QID1140	2.2557484871831446	1
QID1141	1.9311942778420468	1
QID1142	10.45977917429593	3
QID1143	2.3782075472831528	1
QID1144	0.8470051529738307	1
QID1145	2.24510143036757	1
QID1146	13.110798714014955	2
QID1147	9.23779949358811	3
QID1148	2.61200262328838	1
QID1149	9.023656057180931	1
QID1150	7.719975809652863	1
QID1151	8.667317803191457	3
QID1152	1.3834265102862966	1
QID1153	3.2611400163820985	1
QID1154	10.943353918342662	1
QID1155	0.8002586460226906	1
QID1156	16.07215237349251	2
QID1157	2.9878374934102645	1
QID1158	4.112839230365186	1
QID1159	3.6938809087766873	1
QID1160	2.958433258960063	1
QID1161	2.6302808345364257	1
QID1162	5.5969168031192895	1
QID1163	1.5147716087623349	1
QID1164	6.441020415126261	1
QID1165	0.8827932784625343	1
QID1166	0.19395890428571635	1
QID1167	11.424089736525389	1
QID1168	7.697944180737327	2
QID1169	2.907579457461216	1
QID1170	11.194345668617633	1
QID1171	4.114074599425991	1
QID1172	6.9019523540426695	1
QID1173	1.3923561919456384	1
QID1174	0.5463023597667311	1
QID1175	5.549386035329863	1
QID1176	7.150700202578948	1
QID1177	7.116120573878418	1
QID1178	6.388308977230179	1
QID1179	1.4027912568642242	1
QID1180	8.01794664211804	1
QID1181	3.42288462883204	1
QID1182	5.264294579748416	1
QID1183	4.258166654858273	2
QID1184	1.3197034186119512	1
QID1185	9.923406189563037	1
QID1186	4.362497125595627	1
QID1187	7.443433487411705	1
QID1188	2.7250375803250955	1
QID1189	4.378526818863256	1
QID1190	0.35972817479084257	1
QID1191	3.6413757311122352	1
QID1192	3.046973490033578	1
QID1193	1.8298936721860792	1
QID1194	13.280031259985767	1
QID1195	12.456407272152735	1
QID1196	1.461243849928158	1
QID1197	2.328736446640709	1
QID1198	11.98178713824716	1
QID1199	5.51312097032748	2
QID1200	3.2327076824151035	1
QID1201	0.6909039933318173	1
QID1202	5.818710503382928	1
QID1203	3.1774771442575447	1
QID1204	5.750171945745593	1
QID1205	3.01147246254027	1
QID1206	4.719854255677731	1
QID1207	4.257900514007464	1
QID1208	2.6706980053876888	1
QID1209	0.4661975316364682	1
QID1210	7.901220268196343	1
QID1211	1.8319502998251884	1
QID1212	8.595605141620684	2
QID1213	8.807846179551994	1
QID1214	0.5804015087719913	1
QID1215	1.13972784099869	2
QID1216	5.066366254189635	1
QID1217	2.552737555382051	1
QID1218	2.534490570845669	1
QID1219	9.595869943059792	1
QID1220	4.092374994937651	1
QID1221	5.789370745352329	1
QID1222	13.455106337489722	1
QID1223	1.4073006594342174	1
QID1224	11.090791266666601	1
QID1225	1.8331446219223897	1
QID1226	5.603016643923539	1
QID1227	6.642342369964963	1
QID1228	1.1734611126381806	1
QID1229	4.619163981952473	1
QID1230	2.3505900721401334	1
QID1231	2.430903034460352	1
QID1232	2.6123124905066013	1
QID1233	5.045084616324526	1
QID1234	1.4321139030919752	1
QID1235	3.2075769171316795	1
QID1236	4.951549788169606	1
QID1237	1.3802251264539578	1
QID1238	1.6324500290672002	2
QID1239	4.110130986220715	1
QID1240	1.9310042476508504	1
QID1241	7.868957045139124	1
QID1242	1.5098389677365325	1
QID1243	2.1953613493789517	1
QID1244	5.685020292965644	1
QID1245	5.266315952995612	1
QID1246	9.052586267700548	1
QID1247	2.001402153873153	1
QID1248	0.8156136781210633	1
QID1249	8.652419701468688	1
QID1250	9.745373212989415	1
QID1251	8.824376605520479	1
QID1252	1.8507532938162377	1
QID1253	1.3098155815336288	2
QID1254	0.09490021134954822	1
QID1255	3.3221657523272583	1
QID1256	9.680062497675099	1
QID1257	6.162181617250424	2
QID1258	4.509303010146831	1
QID1259	4.107812286754406	1
QID1260	3.234439670440515	1
QID1261	1.9834740886378888	2
Q2689	0.8785063039392166	2
QID1262	11.352964973220706	2
QID1263	7.458977274185853	1
QID1264	1.3347083813611291	1
QID1265	7.417001183370178	1
QID1266	11.456828693952875	4
QID1267	8.849082794862351	1
QID1268	3.4023406077117744	1
QID1269	3.3472041988671406	1
QID1270	3.30427547544867	2
QID1271	4.618592325085798	1
QID1272	1.213773213639383	1
QID1273	10.410373471263807	1
QID1274	0.05546649052066571	1
QID1275	4.953225569509558	1
QID1276	4.1328331185269285	1
QID1277	3.6083934998402323	1
QID1278	1.8727373141964812	1
QID1279	7.194259610877289	1
QID1280	5.166602712644394	1
QID1281	4.870596356378821	1
QID1282	2.7262543489489954	1
QID1283	5.273104442745893	1
QID1284	2.244374967310772	1
QID1285	7.3731175495938786	2
QID1286	10.45916557120924	2
QID1287	13.271473466215385	2
QID1288	0.9092308149705104	1
QID1289	1.0755814383974145	1
QID1290	14.213306108539912	3
QID1291	2.2383240947940606	1
QID1292	7.077149387569737	1
QID1293	8.098443706070649	1
QID1294	2.836074421731996	1
QID1295	10.156612797335505	2
QID1296	2.409605761728372	1
QID1297	1.6191516891256912	1
QID1298	1.7876375125903368	1
QID1299	3.810210628947332	1
QID1300	1.9454690870361853	1
QID1301	2.8464425105317996	2
QID1302	0.7443244258283879	1
QID1303	6.2010671902243315	1
QID1304	4.582254894195786	1
QID1305	4.987499662824122	2
QID1306	8.721032062911961	1
QID1307	2.3570126400612854	1
Q2690	3.7549272787854906	2
QID1308	5.568816373650897	1
QID1309	8.574011929927686	1
QID1310	6.054909826312164	1
QID1311	0.3930631106840932	1
QID1312	0.2702202904421673	1
QID1313	4.094649967720659	1
QID1314	1.8686247839183148	1
QID1315	1.6135663167483651	1
QID1316	13.736965611421507	2
QID1317	8.618892389731965	1
QID1318	5.449359203114538	1
QID1319	1.5166245457168084	1
QID1320	3.5132846829058333	1
QID1321	5.879653222346428	1
QID1322	6.985205178282311	1
QID1323	3.709780161026748	1
QID1324	0.6422456423361489	1
QID1325	4.95529052815129	1
QID1326	6.055316087380778	1
QID1327	0.3253897644242848	1
QID1328	7.4323499220742475	2
QID1329	3.1189555509728986	1
QID1330	9.807125756077467	1
QID1331	2.462763484649962	1
QID1332	10.28713409965852	3
QID1333	3.0711095804567368	1
QID1334	4.195951828070948	1
QID1335	5.766114406720929	1
QID1336	0.0942066423195632	1
QID1337	8.506319694467257	1
QID1338	0.9521364286043492	1
QID1339	6.042725850006575	1
QID1340	0.6903513261356652	1
QID1341	3.3407101274429416	1
QID1342	3.3360162656075545	1
QID1343	2.8240334204852258	1
QID1344	0.8936735898837826	1
QID1345	3.7917623274542787	1
QID1346	0.3904884384290148	1
QID1347	5.944350831479898	1
QID1348	19.08362423250709	5
QID1349	1.077005177295902	1
QID1350	7.422058488555095	2
QID1351	18.0962410375382	2
QID1352	0.3449574225814553	2
QID1353	8.693044952403099	2
QID1354	0.8154410448354658	1
QID1355	5.593394888989175	1
QID1356	0.9087743483796026	1
QID1357	6.834397718594371	2
QID1358	1.0400414114592538	1
QID1359	0.6383051244514814	1
QID1360	6.956657518829285	1
QID1361	2.907983327089865	1
QID1362	12.315480810507983	1
QID1363	5.110182213324256	2
QID1364	4.597485921930351	1
QID1365	3.653323687858202	1
QID1366	15.663846968650207	2
QID1367	2.527385995894815	1
QID1368	5.35107734041151	1
QID1369	5.3286298936963785	1
QID1370	1.3678438753418356	1
QID1371	4.212296077645596	2
QID1372	6.300521155517544	1
QID1373	2.571401441458389	1
QID1374	6.731943538187539	1
QID1375	6.5410986528551245	1
QID1376	2.127784457151241	1
QID1377	3.17019633466944	1
QID1378	1.8038641841927	1
QID1379	4.235898807727824	1
QID1380	7.229665748578622	1
QID1381	1.304574991168317	1
QID1382	5.403907546223172	1
QID1383	2.849198838006729	1
QID1384	4.100180225386006	1
QID1385	3.004311948743162	1
QID1386	4.1086632003205645	1
QID1387	3.1052362562222746	1
QID1388	0.3646756520830541	1
QID1389	6.213391538994666	1
QID1390	6.051789160759289	1
QID1391	1.8223537251308368	1
QID1392	0.5667566458933211	2
QID1393	3.266414472790345	1
QID1394	2.802672794761949	1
QID1395	4.388977709160897	2
QID1396	4.021254402931616	1
QID1397	0.7555449837225228	2
QID1398	7.854601807690924	1
QID1399	4.7380129719365796	1
QID1400	5.572836299488876	1
QID1401	2.9976082859507365	1
QID1402	3.58437018634142	1
QID1403	2.6715102958646346	1
QID1404	6.313091610809	1
QID1405	8.355028143283063	1
QID1406	1.9964864657143555	1
QID1407	3.8982471253300406	1
QID1408	8.368767381074464	1
QID1409	0.5378135301465906	1
QID1410	5.616298092749279	1
QID1411	3.720019272422729	2
QID1412	5.683179275183924	1
QID1413	1.5578272412293217	1
QID1414	6.9756203492205655	2
QID1415	7.821920296118993	2
QID1416	3.743339982037579	1
QID1417	8.581195029881881	2
QID1418	1.5289172300060634	1
QID1419	0.5165374929111083	1
QID1420	5.940054890890505	1
QID1421	0.9527294721363421	1
QID1422	11.128351842133787	1
QID1423	7.044335776402402	1
QID1424	2.907683017005002	1
QID1425	4.377399580197344	1
QID1426	2.047073854098605	1
QID1427	1.4638347149484972	1
QID1428	3.7400240402135294	1
QID1429	4.413402449052851	1
QID1430	0.6769491181848641	1
QID1431	6.448707839112733	1
QID1432	4.130510431676737	1
QID1433	0.6935405549415472	1
QID1434	2.6785673466809112	1
QID1435	2.590564846952692	1
QID1436	6.053570626556356	1
QID1437	5.369154281674193	1
QID1438	0.5733743906768082	1
QID1439	1.9857388533608813	1
QID1440	1.7695342022529066	1
QID1441	0.1860316537980308	1
Q2691	3.621164809747373	2
QID1442	8.945840155779697	1
QID1443	9.482306791450114	1
QID1444	3.5815189008005017	1
QID1445	10.006220469927053	1
QID1446	0.9095203398968336	2
QID1447	7.183073358220698	1
QID1448	11.425028341735382	1
QID1449	5.276182281391092	1
QID1450	6.546132617197322	1
QID1451	2.446628232866835	1
QID1452	7.342334761770602	1
QID1453	0.9247752634075996	1
QID1454	2.104041438328276	1
QID1455	1.6825853699705675	1
QID1456	0.014870884692580775	1
QID1457	8.945580759895119	1
QID1458	4.5751497908309595	1
QID1459	2.358520190493408	2
QID1460	9.141318201802198	4
QID1461	0.34954742292897223	1
QID1462	6.033572830912997	3
QID1463	4.542825596183253	1
QID1464	0.7350917435176962	1
QID1465	4.0443987980294125	1
QID1466	3.611755693609205	1
QID1467	3.2180645532651435	1
QID1468	3.602631229135264	2
QID1469	1.3427090107907689	1
QID1470	4.806665083545782	1
QID1471	6.515056630903362	1
QID1472	2.0984603629139142	1
QID1473	3.2932722051930394	1
QID1474	0.6362110782182332	1
QID1475	2.3964779513489045	1
QID1476	4.02545658442212	1
QID1477	2.548166580902314	2
QID1478	0.8691332923532659	1
QID1479	8.492672900175334	1
QID1480	5.79448530673951	1
QID1481	1.1815003177414174	1
QID1482	10.648592527547166	1
QID1483	3.1602726874050977	1
QID1484	6.426133717062104	1
QID1485	2.056040012146478	2
QID1486	1.4995016396556295	1
QID1487	4.226104023506633	1
QID1488	3.3066327853106183	1
QID1489	4.179719172239474	1
QID1490	5.982819349241392	1
QID1491	4.1612816966827175	1
QID1492	2.8580064135635097	1
QID1493	4.857549383560485	1
QID1494	5.40881326740853	1
QID1495	3.0342654836409806	2
QID1496	4.644859080802764	1
QID1497	8.003784868271334	1
QID1498	2.053070419959443	2
QID1499	4.67377848711406	1
QID1500	0.7514336595639671	1
QID1501	7.4629543532561025	1
QID1502	0.14463300555150566	1
QID1503	1.306206254956562	2
QID1504	6.695965803095082	1
QID1505	2.256258349442238	1
QID1506	5.056062592939959	1
QID1507	8.355341462791698	1
QID1508	4.736239235203608	1
QID1509	7.199122198953898	1
QID1510	1.3746199027849266	1
QID1511	0.3530749070163288	1
QID1512	0.1622747729491499	1
QID1513	2.8954300255101564	1
QID1514	4.980963236908206	1
QID1515	10.497742100081076	1
QID1516	0.02670629326216569	1
QID1517	2.4789651869724647	1
QID1518	10.437757202574485	1
QID1519	2.855777308504668	1
QID1520	7.314220188256054	3
QID1521	0.03164999970997731	1
QID1522	2.436109986194324	1
QID1523	1.9494348707876539	1
QID1524	5.882817300899999	1
QID1525	0.5085732828500104	1
QID1526	3.548791018140992	1
QID1527	0.7209922510099953	1
QID1528	0.5279583326309446	2
QID1529	7.677611863314486	1
QID1530	2.7543104150948983	1
QID1531	7.83502825684549	1
QID1532	1.2615770385184957	1
QID1533	2.9417447262848384	1
QID1534	4.8484560116457	1
QID1535	2.5878083352069194	1
QID1536	2.43074069440746	2
QID1537	4.208918126144666	1
QID1538	8.423073454723763	1
QID1539	0.8446247825102929	1
QID1540	10.52034616271784	1
QID1541	2.6129713073541714	1
QID1542	1.4231607138326443	1
QID1543	8.023121477038421	1
QID1544	5.799383431816474	1
QID1545	0.9981865733487816	1
QID1546	2.9292625905817937	1
QID1547	0.3733477442870431	1
QID1548	2.9802802347310138	1
QID1549	2.890269385458513	2
QID1550	3.5645851459779863	1
QID1551	4.768916302398724	1
QID1552	2.3560523588082583	1
QID1553	1.2306070703012555	1
QID1554	4.645182118805493	1
QID1555	3.6633692631117167	1
QID1556	11.196207937632954	2
QID1557	0.3064853405499764	1
QID1558	4.1761690906706965	2
QID1559	6.420111080418361	1
QID1560	2.6803885586599807	1
QID1561	11.915687372868085	1
QID1562	3.5225956506429332	1
QID1563	7.689719695371346	2
QID1564	3.648070846462424	1
QID1565	5.16184276428249	1
QID1566	0.1593152058935272	1
QID1567	2.0953041058485433	1
QID1568	1.0487817638858967	1
QID1569	3.4287181078127418	1
QID1570	1.9186196448303667	1
Q2692	9.108858789339553	2
QID1571	8.287990827470031	1
QID1572	11.992584050307148	2
QID1573	11.499475368916428	2
QID1574	10.030168670797172	3
QID1575	2.966996800975337	1
QID1576	5.577875021769265	1
QID1577	3.79744840684515	1
QID1578	0.7632395410559818	1
QID1579	2.273433276019554	1
QID1580	3.780169038483002	1
QID1581	2.054835575636364	1
QID1582	0.8403053249318457	1
QID1583	1.316916467802743	1
QID1584	5.390837898040044	1
QID1585	4.984595621873616	1
QID1586	2.0718288371950084	1
QID1587	11.655533644326924	1
QID1588	2.2004774527671387	1
QID1589	0.0180457251204534	1
QID1590	3.0127870209342458	1
QID1591	16.259788288008405	3
QID1592	4.65155922002009	1
QID1593	7.283295412096287	3
QID1594	3.915517896168928	2
QID1595	1.3043016811946522	1
QID1596	6.761035994423745	1
QID1597	10.342471780046226	3
QID1598	7.306970816417357	1
QID1599	10.825237328867832	1
QID1600	1.936911328914683	1
QID1601	2.9786432843015134	1
QID1602	2.709706019701989	1
QID1603	4.292695429983088	1
QID1604	1.692822422852977	1
QID1605	1.7224968266480103	1
QID1606	0.16319723395279234	1
QID1607	0.005559975338793103	1
QID1608	1.6723363342860944	1
QID1609	2.1588685607425715	1
QID1610	3.81210261553338	1
QID1611	1.7440543852530812	1
Q2693	13.882986259429385	2
QID1612	11.611394403938991	2
QID1613	2.1204861157510555	1
QID1614	17.238298078267142	3
QID1615	8.022570460970265	1
QID1616	4.955494703243116	1
QID1617	1.2332347829044048	1
QID1618	0.17402085769440856	1
QID1619	4.55531518709472	1
QID1620	4.523319607644275	2
QID1621	8.595687694255169	2
QID1622	1.6811639109732348	1
QID1623	3.611917860111885	1
QID1624	1.3158130249265698	1
QID1625	6.8415188538244855	1
QID1626	4.124885255035817	1
QID1627	8.542684363552432	3
QID1628	5.162899359368742	2
QID1629	3.6853256850706426	1
QID1630	7.2318348440320674	1
QID1631	4.039165905596524	1
QID1632	2.5618707899070583	1
QID1633	2.0188707457642154	2
QID1634	5.912615039632128	1
QID1635	1.6290167766113774	1
QID1636	3.0972371088778394	1
QID1637	3.0094709923036564	1
QID1638	4.4936898130729075	1
QID1639	1.063749185903568	1
QID1640	5.778975029120928	2
QID1641	0.7903989404148649	1
QID1642	3.076415641400964	2
QID1643	1.3481377956420253	1
QID1644	3.8526225683233912	1
QID1645	6.609330825286799	1
QID1646	1.2918671695718524	1
QID1647	5.809877393130255	1
QID1648	8.529574010779656	2
QID1649	8.567643462826528	2
QID1650	0.30431517891800625	2
QID1651	2.282756719631841	1
QID1652	5.164655581916246	2
Q2694	2.4271772195031898	2
QID1653	3.842112011207165	3
QID1654	7.1905513239605545	1
QID1655	4.513691723880712	1
QID1656	2.5389130248877327	1
QID1657	3.1665688837505366	1
QID1658	8.940521135496844	2
QID1659	2.0597770700198192	1
QID1660	9.064799816490801	1
QID1661	3.933879957579145	1
QID1662	2.870945539574654	1
QID1663	1.491213222132313	1
QID1664	4.934270482155762	1
QID1665	0.9334498729519702	1
QID1666	3.078392164068553	1
QID1667	0.047434547312582745	1
QID1668	7.599857523194015	2
QID1669	7.959397823564244	1
QID1670	5.6200749493623725	1
QID1671	1.1254374425944011	1
QID1672	0.29050840423621593	1
QID1673	2.169968147671789	2
QID1674	2.5194621341876977	1
QID1675	2.5101018035347997	2
QID1676	2.080941474726099	1
QID1677	5.519080763327963	1
QID1678	11.600298338123851	3
QID1679	1.25345324089384	1
QID1680	6.1116310098435465	1
QID1681	0.12299089893652923	1
QID1682	1.0395971526500385	2
QID1683	5.7786509622343525	2
QID1684	8.976784457972215	1
QID1685	5.063491787254032	1
QID1686	0.6030996864776914	1
QID1687	2.839422783468011	1
QID1688	4.061890319563312	1
QID1689	4.835623104935369	1
QID1690	4.061070725444004	1
QID1691	9.553890800356916	1
QID1692	1.0190485745062734	2
QID1693	11.588666594171224	2
QID1694	5.4212035309635285	1
QID1695	1.7722126147424246	1
QID1696	10.51838655375414	2
QID1697	7.779553229163913	1
QID1698	0.6066951142083271	1
QID1699	0.3742247552911291	1
QID1700	3.9002507432924514	1
QID1701	1.4409570213135428	1
QID1702	17.696953674957843	3
QID1703	11.454878542700481	3
QID1704	8.803273812613408	1
QID1705	1.1808671794607837	1
QID1706	7.537879763067554	1
QID1707	3.8241926394968884	1
QID1708	1.7958267562437165	1
QID1709	0.032695870436943934	1
QID1710	6.325824134275688	1
QID1711	3.555357645515272	1
QID1712	2.2931575490016782	1
QID1713	3.925325011156002	1
QID1714	6.104075089334656	1
QID1715	5.713819441716874	1
QID1716	8.669401438347094	2
QID1717	3.6597136995512303	1
QID1718	1.0210415779136477	1
QID1719	2.356691358750719	1
QID1720	4.2809427099175315	1
QID1721	7.432960323680872	1
QID1722	10.805157723193686	1
QID1723	0.7722589856980251	1
QID1724	0.7432446460157736	1
QID1725	4.957596076753664	1
QID1726	3.1763691913768084	1
QID1727	6.413678791597994	1
QID1728	4.74477783728796	2
QID1729	12.369146249775035	2
QID1730	6.008444544936445	1
QID1731	3.0808936498792017	2
Q2695	11.387751506986813	2
QID1732	12.537542898064276	1
QID1733	4.981811969487585	1
QID1734	4.842998964070575	1
QID1735	5.546378018454909	1
QID1736	0.2643451110948247	1
QID1737	14.600338106123662	2
QID1738	5.767536189578749	1
QID1739	7.690189282146081	1
QID1740	5.3819303309892925	1
QID1741	1.4518777735919008	1
QID1742	5.017376061992474	2
QID1743	5.093812380276498	1
QID1744	7.220560268045935	1
QID1745	4.593346497850633	1
QID1746	0.4337891249287816	1
QID1747	10.810171120651678	2
QID1748	4.211179956201424	1
QID1749	0.9132776713792642	1
QID1750	2.676430457849692	1
QID1751	8.830882935818508	1
QID1752	0.3873796841266433	1
QID1753	4.9212197731895815	1
QID1754	5.436721381832679	1
QID1756	8.993027517765233	1
QID1757	0.9876125498051872	1
QID1758	6.245737591762843	2
QID1759	2.2632716554527392	1
QID1760	6.8446249251617415	1
QID1761	1.3525401223709872	1
QID1762	5.806070387869536	1
QID1763	9.598653605063813	1
QID1764	4.81766406477253	1
QID1765	5.8389149434268095	1
QID1766	2.1929873556264767	1
QID1767	3.5877036461363216	1
QID1768	0.4007455457868125	1
QID1769	7.584689614425938	1
Q2696	1.058308498986497	1
QID1770	7.848929288918245	1
QID1771	8.954026128656722	1
QID1772	9.52335953543062	1
QID1773	3.4824560444492683	1
QID1774	9.802998696121724	1
QID1775	4.224891074926023	1
QID1776	5.22826566552821	2
QID1777	1.629726661938978	1
QID1778	1.9796868939038819	1
QID1779	7.711751327807383	3
QID1780	1.1517960095270872	1
QID1781	1.5639859140160923	1
QID1782	5.1121836863717744	2
QID1783	5.566818212542978	1
QID1784	2.0162827233930454	1
QID1785	5.9788777225313305	1
QID1786	0.021379778202284472	1
QID1787	8.60168910675007	1
QID1788	2.2858611885012015	1
QID1789	1.8522031819666285	1
QID1790	7.622936989476331	1
QID1791	1.8840289010624298	1
QID1792	2.468951507034	1
QID1793	7.880213112564415	1
QID1794	1.0033203841628344	1
QID1795	0.6052444291710408	1
QID1796	4.1730729830470095	1
QID1797	1.9641060689419887	1
QID1798	11.563772056432047	1
QID1799	7.639594082126147	1
QID1800	0.35405471698790925	1
QID1801	1.4827554203453337	1
QID1802	5.491427201616343	1
QID1803	4.95225263161419	1
QID1804	1.4810343348064623	1
QID1805	0.013404869274491	1
QID1806	0.460847486658978	1
QID1807	6.882960197480812	2
QID1808	4.636411123646192	1
QID1809	5.0859118437590665	1
QID1810	8.150839684290517	1
QID1811	2.1782962817439846	1
QID1812	0.7871565606581864	1
QID1813	4.738954887324044	1
QID1814	0.5918742895808895	1
QID1815	5.300391179012861	1
QID1816	10.820788335791507	1
QID1817	12.450402942586512	1
QID1818	5.250349032185289	1
QID1819	1.469797812261365	1
QID1820	14.81952841463234	1
QID1821	2.7252681285993225	1
QID1822	4.616811535635164	1
QID1823	0.4975970109473084	1
QID1824	3.685225643953832	2
QID1825	3.2361966807535727	1
QID1826	1.9798395146690917	1
QID1827	5.086276268421928	1
QID1828	2.632019377433904	1
QID1829	5.273082148818269	1
QID1830	0.023072871751266086	1
QID1831	3.4047368365330666	1
QID1832	0.7693283884362524	1
QID1833	7.062610812473132	1
QID1834	4.906380239801426	1
QID1835	2.2699260512382406	1
QID1836	1.620733339342535	1
QID1837	3.5182197152879664	1
QID1838	3.649536592734275	1
QID1839	0.08352491457242055	1
QID1840	5.268259568312728	1
QID1841	2.3256002044102813	2
QID1842	1.44199257283003	1
QID1843	10.957750862544431	1
QID1844	2.7797478276116125	1
QID1845	1.0959876088343328	1
QID1846	4.9121427292114435	2
QID1847	3.717141460688868	1
QID1848	4.805539348216684	1
QID1849	10.939752122542082	1
QID1850	3.1571092563085754	1
QID1851	4.498071834623089	1
QID1852	4.2489160237692	1
QID1853	6.178284838881856	1
QID1854	0.9730028722595476	1
QID1855	4.566104370898133	1
QID1856	1.845490086154524	1
QID1857	1.1919270392345025	1
QID1858	1.1607573208843438	1
QID1859	3.531252860436417	2
QID1860	1.0314017227167416	1
QID1861	5.993348486818148	1
QID1862	10.247705449970178	1
QID1863	1.3889190039368622	1
QID1864	9.58243216697267	2
QID1865	2.168269599641711	1
QID1866	4.608662066165113	1
QID1867	2.8890741608606803	1
QID1868	2.749337860826756	1
QID1869	6.575558841131902	2
QID1870	9.03220645500189	1
QID1871	7.522080372086452	1
QID1872	9.807275181251006	2
QID1873	6.527232802278472	1
QID1874	0.9316751621296704	1
QID1875	6.556128577124657	1
QID1876	7.478139114522699	2
QID1877	4.2875345933480284	1
QID1878	0.8795002134672993	2
QID1879	4.252205460922733	1
QID1880	2.5194084919315087	1
QID1881	2.938216513866565	1
QID1882	8.271574914532234	2
QID1883	5.585946449167546	1
QID1884	2.3910823408723902	2
QID1885	2.6433697919136696	1
QID1886	5.828629127676782	2
QID1887	2.652398535517249	1
QID1888	5.611549729070333	1
QID1889	1.4759628564140759	1
QID1890	5.046688328162512	1
QID1891	0.11246123543453773	1
QID1892	1.4762263866016043	1
QID1893	13.147552599019495	2
QID1894	0.07156972743934811	1
QID1895	6.856098474091543	1
QID1896	0.2661205507489641	1
QID1897	5.341110957285111	1
QID1898	5.072724543412915	1
QID1899	6.259155976452543	1
QID1900	0.012332960229766996	1
QID1901	4.237760291947223	1
QID1902	5.551146213042502	1
QID1903	1.374193228628951	1
QID1904	0.8411145733886288	1
QID1905	3.7221213451576034	1
QID1906	0.16725793204927344	1
QID1907	2.4096688319480646	1
QID1908	6.736228778903255	1
QID1909	2.7058161222686405	2
QID1910	5.325802347558816	1
QID1911	1.0633281840578857	1
QID1912	5.100904304085043	2
QID1913	1.6211337038197768	1
QID1914	2.1293821390091106	1
QID1915	7.380686824102371	1
QID1916	2.6004372340040116	1
QID1917	2.4826036919538668	1
QID1918	3.793259805961436	1
QID1919	3.89517734089491	1
QID1920	1.9862320318209647	2
QID1921	15.612679812862227	2
QID1922	3.935686126857294	1
QID1923	4.580607666061253	1
QID1924	4.786043334154573	1
QID1925	5.120484001625592	2
QID1926	3.1174070621727497	1
QID1927	2.263264381484461	1
QID1928	3.624516390258077	1
QID1929	2.0131487254164093	2
QID1930	4.28727376474226	1
QID1931	3.9018412671236407	2
QID1932	8.096299081850178	1
QID1933	1.0318379328324243	1
QID1934	3.613116235107356	1
QID1935	7.430386382555338	1
QID1936	8.881510172719326	1
QID1937	5.438393159092829	1
QID1938	10.383684491584287	1
QID1939	5.816586366601763	1
QID1940	1.4580479633656422	1
QID1941	5.725131098139203	1
QID1942	12.348870370165244	2
QID1943	3.5393551712699765	1
QID1944	1.088985331334605	1
QID1945	1.7813140416913398	1
QID1946	10.324825193076915	2
QID1947	4.39966359186383	1
QID1948	1.4203947077672925	1
QID1949	1.9104599949589007	1
QID1950	6.458644482167282	1
QID1951	4.9576031153544555	1
QID1952	3.257365964628685	1
QID1953	2.8117383555240987	1
QID1954	5.850255141298184	1
QID1955	4.5467564807044205	1
QID1956	13.781523937618925	3
QID1957	2.497984322987905	1
QID1958	8.168498195422796	1
QID1959	1.9019442560829816	1
QID1960	5.1672164936676594	1
QID1961	4.908535345815043	1
QID1962	4.628473712619579	2
QID1963	0.9242005324104086	1
QID1964	1.0047705501955837	1
QID1965	8.431304103711966	1
QID1966	6.6527120805766655	1
QID1967	3.2210475017075564	1
QID1968	5.425691301655917	1
QID1969	7.376869807249055	1
QID1970	1.621582299528744	1
QID1971	4.097536980306832	1
QID1972	1.6978653910788888	1
QID1973	5.0081658924061205	1
QID1974	2.4973977187845966	1
QID1975	12.553067664632465	3
QID1976	5.960141679021609	4
QID1977	9.544506557550642	1
QID1978	2.4138826205857606	1
QID1979	0.08223380843123672	1
QID1980	0.01500954331006546	1
QID1981	3.6104610708729714	1
QID1982	12.843015512578996	1
QID1983	2.025286381225222	1
QID1984	7.927503862325128	1
QID1985	0.4057681352424916	1
QID1986	0.8244424631460643	1
QID1987	2.404135316842341	1
QID1988	9.49256852822024	1
QID1989	1.8027508752540355	2
QID1990	14.508292112113324	2
QID1991	12.851276873302231	2
QID1992	3.788194733105268	1
QID1993	2.0241669506828583	1
QID1994	7.8713846921537085	1
QID1995	9.581276759038811	2
QID1996	1.798813896004	1
QID1997	3.2846510044138317	1
QID1998	0.08196670393084604	1
QID1999	14.601804796251681	1
QID2000	8.642054509949018	1
QID2001	4.310459107020761	2
QID2002	1.9527058881247377	1
QID2003	8.51576612679159	1
QID2004	7.714876035911393	4
QID2005	5.291121636790966	1
QID2006	2.6615889021939894	1
QID2007	14.814188872342957	3
QID2008	4.537157492680248	1
QID2009	0.09260314318532382	1
QID2010	6.55941038450896	1
QID2011	5.0993409751673635	2
QID2012	2.1340899097298367	1
QID2013	2.1292674934715308	1
QID2014	3.3142444362514047	2
QID2015	12.329894649404464	1
QID2016	2.808785888676179	1
QID2017	2.030161943766217	1
QID2018	5.538022568622815	1
QID2019	1.66927849874778	1
QID2020	7.251464154672103	2
QID2021	4.365843678157817	1
QID2022	10.68118603290565	2
QID2023	6.0188324859482005	1
QID2024	5.419423463391245	1
QID2025	4.330346894633604	1
QID2026	2.340449540356579	1
QID2027	15.581330389073289	2
QID2028	3.4654806809055567	1
QID2029	2.042362622167468	2
QID2030	10.79035103031726	1
QID2031	1.7509415142068208	1
QID2032	5.568995535880475	1
QID2033	3.98607813400051	1
QID2034	2.531212764348989	1
QID2035	5.544736392288583	1
QID2036	1.9545975811479173	1
QID2037	5.7811199795387465	1
QID2038	2.7030721818708416	1
QID2039	5.600060101406615	1
QID2040	9.812149814963783	1
QID2041	5.516730534344509	1
QID2042	3.4521696590814783	1
QID2043	5.431727491992178	1
QID2044	0.2275507728340103	1
QID2045	3.1095029052297565	1
QID2046	3.789851762371838	1
QID2047	10.698527613739568	2
QID2048	4.27407109849346	2
QID2049	11.120243805668263	1
QID2050	7.131743843645258	1
QID2051	2.0442421894710243	1
QID2052	1.95819941980094	1
QID2053	1.2093789640310446	1
QID2054	2.644048061626844	1
QID2055	0.6161949558795252	1
QID2056	1.3578687632137247	1
QID2057	2.8502771735750496	1
QID2058	2.123692555358487	1
QID2059	8.914764499725438	2
QID2060	2.994697569919234	1
QID2061	2.024018621454771	1
QID2062	4.378863166076772	1
QID2063	4.612801120164281	1
QID2064	0.4253114494863937	1
QID2065	5.591863874722158	1
QID2066	3.3610385150559745	2
QID2067	2.610936075274945	1
QID2068	3.5052736700346565	1
QID2069	2.787331195634849	2
QID2070	4.8290146337836815	1
QID2071	3.87850219080604	1
QID2072	2.0383857309566538	1
QID2073	5.991414034208071	1
QID2074	1.2062238023785898	1
QID2075	1.2863901752347853	1
QID2076	6.49729868350076	1
QID2077	0.7844427627174742	1
QID2078	6.371292288643741	1
QID2079	0.17627046866112114	1
QID2080	5.116565136761299	1
QID2081	2.7591112658306587	1
QID2082	0.6854705240715139	1
QID2083	0.3360284640349806	1
QID2084	6.946548399633901	1
QID2085	4.862669104718002	1
QID2086	5.200852884692695	1
QID2087	2.3890614644953887	1
QID2088	6.230983938706949	1
QID2089	5.950944952131138	1
QID2090	0.07377549054015994	1
QID2091	1.0338658090427597	1
QID2092	6.39430497871448	1
QID2093	2.2865083168676343	1
QID2094	5.697901821336484	1
QID2095	0.04283483183877202	1
QID2096	0.8467370624734312	1
QID2097	8.346985965487484	1
QID2098	3.1155954437080333	1
QID2099	2.3710719079598044	1
QID2100	2.9901835733264432	1
QID2101	2.6967609281473908	1
QID2102	0.24775442479498944	1
QID2103	0.8939092274065513	1
QID2104	5.256008552175818	1
QID2105	4.677322454130705	2
QID2106	3.099912577004143	1
QID2107	2.437149981868409	1
QID2108	3.807178607466299	1
QID2109	3.281158896017192	1
QID2110	5.827515711205582	1
QID2111	5.0601228909831	1
QID2112	2.10788868900219	1
QID2113	4.851512784863474	1
QID2114	0.8926889733603752	1
QID2115	2.864013861943516	2
QID2116	4.616463336689363	2
QID2117	2.3882260420739416	1
QID2118	8.88376216568879	1
QID2119	4.169383147748743	1
QID2120	6.975533266089188	1
QID2121	0.2768117037916573	1
QID2122	3.7151935858220537	1
QID2123	0.44277670031075256	1
QID2124	0.1377914530765969	1
QID2125	5.175349268221024	1
QID2126	0.03099584368259705	1
QID2127	1.5292346156127308	1
QID2128	2.6864855298762462	1
QID2129	0.09798404525045294	1
QID2130	4.0326571570981695	1
QID2131	0.2749376830729413	1
QID2132	1.8593314964311336	1
QID2133	2.076797960853244	1
QID2134	1.9885827651340189	1
QID2135	2.065106378850043	2
QID2136	2.8739315841111917	1
QID2137	7.524158180714892	1
QID2138	2.3598465692539423	1
QID2139	1.819023472225529	1
QID2140	6.757618399360847	1
QID2141	0.1324937465457611	1
QID2142	3.805980945014664	2
QID2143	3.6590343044727187	2
QID2144	2.8679855730109534	1
QID2145	6.435610072841286	1
QID2146	4.2018403692825625	1
QID2147	7.562083256150935	1
QID2148	0.11377099738427432	1
QID2149	2.40171186577174	1
QID2150	10.291525174631603	1
QID2151	1.629266815957494	1
QID2152	4.788651249584602	1
QID2153	4.723978451596796	1
QID2154	7.651200750899888	1
QID2155	0.040142787044208636	1
QID2156	2.9025589249801644	1
QID2157	10.194312544792924	1
QID2158	2.1174455052150116	1
QID2159	4.119730357240473	1
QID2160	1.1559364593363908	1
QID2161	0.8956051638509492	1
QID2162	0.21359161236784446	1
QID2163	3.583315378656033	2
QID2164	8.515002159452058	1
QID2165	5.0483101023324135	2
QID2166	6.094489011914033	1
QID2167	0.021156063782414646	1
QID2168	1.180604883416516	1
QID2169	11.192176075170355	4
QID2170	4.9728302197736465	1
QID2171	0.01709743136055459	1
QID2172	9.478108859088273	4
QID2173	0.9785210353004978	1
QID2174	3.851014584655293	1
QID2175	1.4528838920463996	1
QID2176	0.6971708876878984	2
QID2177	9.373704734747506	1
QID2178	5.307415647624251	1
QID2179	7.1845819125537576	1
QID2180	6.013095618465189	1
QID2181	6.1404242622931084	2
QID2182	6.831978223234072	2
QID2183	2.9898568100501723	1
QID2184	4.0449501912723465	1
QID2185	3.4850949393567268	1
QID2186	3.0850895829858804	1
QID2187	1.7185827368709383	2
QID2188	2.574706416282894	1
QID2189	8.311108885821891	1
QID2190	2.137278112928741	1
QID2191	0.2261281650153123	1
QID2192	6.230514552814054	2
QID2193	5.7867113469588265	2
QID2194	4.398504876160787	2
QID2195	3.056339173519943	1
QID2196	5.382213240428763	1
QID2197	2.9064291852925472	2
QID2198	0.8176476548012092	1
QID2199	7.553958211487266	3
QID2200	1.0540498792715849	1
QID2201	3.3278081538764592	1
QID2202	1.4209834156465329	1
QID2203	2.4279786230148455	1
QID2204	2.434049070394675	1
QID2205	2.152649718275573	1
QID2206	0.01671050386884937	1
QID2207	7.03827998359112	1
QID2208	0.15125102055517153	1
QID2209	1.2902293686514104	1
QID2210	0.9820471791939964	2
QID2211	4.809086665911863	1
QID2212	3.7611818655795624	1
QID2213	6.890404923085296	1
QID2214	8.306104519850585	1
QID2215	3.0850320994790534	1
QID2216	2.94960177157672	1
QID2217	4.264607506621903	2
QID2218	4.1934364912249364	1
QID2219	1.2213085924155036	1
QID2220	5.658257880004957	1
QID2221	0.880999835626013	1
QID2222	1.1252882511282374	1
QID2223	0.5975160703768906	1
QID2224	4.295038548425397	1
QID2225	1.1075210378566671	2
QID2226	3.1260829056679826	1
QID2227	4.467358303514475	1
QID2228	1.381979787065098	1
QID2229	4.634666602758156	1
QID2230	0.6728606408880906	1
QID2231	3.7956770018403225	2
QID2232	7.256281172618574	2
QID2233	3.650860179586605	1
QID2234	0.17073373280011378	2
QID2235	5.446440617578053	1
QID2236	2.335063829155935	1
QID2237	0.004353815217788781	1
QID2238	5.473178039270487	1
QID2239	2.496671013321116	1
QID2240	3.0676563480383323	1
QID2241	0.8981144374754211	1
QID2242	1.5898538195720815	1
QID2243	9.578055347130253	1
QID2244	3.1695227063518963	1
QID2245	7.792127674904735	2
QID2246	5.0056508846296515	2
QID2247	0.8070704007394103	1
QID2248	4.628008662343634	1
QID2249	1.8440473260706656	2
QID2250	8.899845253202963	2
QID2251	1.1929569681809853	1
QID2252	6.447133175110826	1
QID2253	4.563372318642994	1
QID2254	4.692611043750056	1
QID2255	0.09564678192816914	1
QID2256	1.3642738513943606	1
QID2257	0.09569127530701617	1
QID2258	6.768215438306054	4
QID2259	5.159788994168854	1
QID2260	1.438115882918036	1
QID2261	4.628486145138724	1
QID2262	0.3421569780860573	2
QID2263	10.103029116483633	2
QID2264	7.6175634845129885	1
QID2265	3.95776612866542	1
QID2266	7.639098482622567	1
QID2267	5.9018531722822765	1
QID2268	0.35024836260704906	1
QID2269	0.7943098312062383	1
QID2270	0.6869788218401748	1
QID2271	4.6164716832277515	1
QID2272	9.496302152863528	1
QID2273	1.7387841400345978	1
QID2274	6.838732935279098	1
QID2275	0.06480135071186041	1
QID2276	6.0283560134682075	1
QID2277	2.400310854527311	1
QID2278	3.1154592392280254	2
QID2279	10.998918129901098	3
QID2280	6.202484812922423	1
QID2281	0.08371814226900867	1
QID2282	3.131296880358516	1
QID2283	1.987040850981528	1
QID2284	5.480646189994833	1
QID2285	7.379107920071188	1
QID2286	4.855596648382454	1
QID2287	4.373632630857772	1
QID2288	5.103147054956317	1
QID2289	0.20596943725153075	1
QID2290	0.020780822391736384	1
QID2291	0.12372557485439968	1
QID2292	0.5125633659902631	1
QID2293	1.6043687494977192	1
QID2294	1.5645713739600184	1
QID2295	2.198083497891308	1
QID2296	1.3713014080283121	2
QID2297	0.08368842793789281	1
QID2298	1.0177701052483488	1
QID2299	0.002115986575452117	1
QID2300	1.541762074123784	1
QID2301	0.023967002787879783	1
QID2302	0.11719771056785233	1
QID2303	0.14213972627430085	1
QID2304	5.6344318534604	1
QID2305	1.606267143930462	1
QID2306	0.3228428730935272	1
QID2307	0.255471867440732	2
QID2308	5.1691884150771035	2
QID2309	7.4820271484862895	1
QID2310	3.257720505869195	1
QID2311	3.1514440421592878	1
QID2312	1.5428943518698972	1
QID2313	0.8323656940318799	1
QID2314	7.0311006109136125	1
QID2315	0.2438942818661281	1
QID2316	1.0483048229354557	1
QID2317	1.9414686631759093	1
QID2318	4.909776453173686	1
QID2319	2.417046535090525	1
QID2320	4.993545283946666	1
QID2321	0.005982812767900004	1
QID2322	9.226568563333807	4
QID2323	15.907574030524199	2
QID2324	1.5398021965919553	1
QID2325	7.709932232441938	1
QID2326	4.310689852863138	1
QID2327	0.6353088373868514	1
QID2328	0.40536254254759096	1
QID2329	1.3411759792995763	1
QID2330	4.28145174519209	1
QID2331	3.4525053108251815	1
QID2332	2.050433701318022	1
QID2333	0.21621872728849414	1
QID2334	1.9671093587340305	2
QID2335	0.9860381610917004	1
QID2336	12.919810262215053	1
QID2337	4.5772001504834625	1
QID2338	3.922497605485405	1
QID2339	1.2258832714681782	1
QID2340	3.8592311920739486	1
QID2341	3.2887717587343195	1
QID2342	3.1372057212213464	1
QID2343	7.75546889799912	1
QID2344	5.597507166376736	1
QID2345	4.095425659819684	2
QID2346	5.07134290036908	1
QID2347	1.0695975491679346	1
QID2348	4.938495278545008	1
QID2349	3.8727013469058793	1
QID2350	3.1897503409286934	1
QID2351	5.6614006426606265	1
QID2352	2.85432173305631	1
QID2353	4.264238335112571	1
QID2354	1.6999420728375958	1
QID2355	4.736232741716027	1
QID2356	1.816120105870636	1
QID2357	3.705283383456857	2
QID2358	2.4303996917599218	1
QID2359	5.400985497883184	1
QID2360	5.5871902480953874	1
QID2361	4.120191189297359	1
QID2362	4.568914014656329	1
QID2363	1.9744282756053195	1
QID2364	4.058759458646148	1
QID2365	0.5921957686940811	1
QID2366	6.1037818049360695	1
QID2367	1.5252784974722409	1
QID2368	6.033262340047807	2
QID2369	5.032528325918436	1
QID2370	1.1534564557053444	1
QID2371	5.342666806142313	2
QID2372	6.949082003156312	1
QID2373	8.427221301691745	2
QID2374	0.879526485575755	1
QID2375	5.6480160755170346	1
QID2376	1.0999806985822835	1
QID2377	2.035366113247951	2
QID2378	2.6529443347215627	1
QID2379	5.1253265152701175	1
QID2380	0.2236109272214518	1
QID2381	1.9938672957614687	1
QID2382	3.810851988919581	1
QID2383	0.7783685897224271	1
QID2384	5.469023921704784	1
QID2385	2.6012885731849065	1
QID2386	2.06440929698875	1
QID2387	3.2935990180754784	1
QID2388	7.461563912590403	2
QID2389	1.3398318119852686	1
QID2390	3.8649107119340615	1
QID2391	2.1535261980196667	1
QID2392	6.749440587321226	1
QID2393	0.8874923894234784	1
QID2394	2.4295706152774432	2
QID2395	5.494534083437633	1
QID2396	2.525978935814297	1
QID2397	1.5196925245487007	1
QID2398	3.497843043487676	2
QID2399	0.7479582064952023	1
QID2400	3.7234583112292263	1
QID2401	7.329486308989526	1
QID2402	4.569572914432286	1
QID2403	1.7669631969798625	1
QID2404	2.6659982424900197	1
QID2405	5.777341323738723	1
QID2406	2.6188586050951006	1
QID2407	0.9603048330893312	1
QID2408	2.277440670086344	1
QID2409	0.8845009482708972	2
QID2410	8.36690480452603	1
QID2411	5.577322887741767	1
QID2412	2.637659447855494	1
QID2413	4.373016059107648	1
QID2414	2.700119855532753	2
QID2415	0.2780158380564056	1
QID2416	11.642991493380235	1
QID2417	4.276096154785374	1
QID2418	2.5063651986903186	1
QID2419	1.6971077117218976	1
QID2420	8.603400446923464	2
QID2421	0.7223102172740521	1
QID2422	2.539781429988268	1
QID2423	5.25138417884045	2
QID2424	4.148311062160908	1
QID2425	5.2605664503491605	1
QID2426	3.717591533969286	1
QID2427	10.60960175578816	1
QID2428	8.20422438413623	1
QID2429	7.686154711480013	2
QID2430	1.3628450839056667	1
QID2431	0.010745251473474307	1
QID2432	5.794623932023256	2
QID2433	4.917078589829145	1
QID2434	1.4144948636572832	1
QID2435	2.9701031207701085	1
QID2436	1.8898511728364868	1
QID2437	9.45510918802736	1
QID2438	2.439582026880601	1
QID2439	0.0503246021809127	1
QID2440	5.959201368438714	1
QID2441	1.3416253812072798	1
QID2442	3.1081071504509308	1
QID2443	1.4158175464304104	1
QID2444	2.6062544434322947	1
QID2445	5.672084951985068	1
QID2446	2.9740744208784915	1
QID2447	0.08231478544963743	1
QID2448	0.6055817357678502	1
QID2449	3.4455558422624333	1
QID2450	4.899066344496172	1
QID2451	0.01459881265107729	1
QID2452	8.864685203177578	2
QID2453	7.457186425641093	1
QID2454	2.0687433369627617	1
QID2455	2.8044539596037703	1
QID2456	3.0539062885632067	1
QID2457	10.99810348575425	2
QID2458	1.4844728587841336	1
QID2459	6.5960181473932495	1
QID2460	3.6923958605412452	1
QID2461	0.002903257880997509	1
QID2462	3.6351926645110426	2
QID2463	3.3201561315573067	1
QID2464	1.1255497812459152	1
QID2465	5.390371362063779	1
QID2466	0.4051312227648673	1
QID2467	0.18281799381490926	1
QID2468	5.4053255585306665	1
QID2469	4.230465951960743	1
QID2470	0.062351595849639826	1
QID2471	3.5806539947865916	2
QID2472	9.461151649960023	1
QID2473	1.8109172665228628	2
QID2474	6.366826548347144	2
QID2475	2.8299583879848944	2
QID2476	2.7355179502699483	1
QID2477	4.794440967818738	1
QID2478	1.2724069515676073	1
QID2479	1.4989379445556017	1
QID2480	4.252915540526549	1
QID2481	3.4721305852607114	1
QID2482	0.7919029287262529	1
QID2483	2.524543465071328	1
QID2484	1.2442149513816674	1
QID2485	0.07564143550145476	1
QID2486	2.2002555079763098	1
QID2487	3.048409873254574	1
QID2488	5.878048263429853	2
QID2489	0.6977129442086734	1
QID2490	1.9106039865873283	1
QID2491	3.336675365617752	1
QID2492	4.9181964719880265	1
QID2493	1.6133531628504616	1
QID2494	8.986226328242887	1
QID2495	1.6878088465457357	1
QID2496	2.3404415138940844	1
QID2497	15.438834306168776	2
QID2498	3.181194355320272	1
QID2499	5.119143462153417	1
QID2500	2.809995474596781	1
QID2501	0.950029826899032	1
QID2502	0.016718519031730748	1
QID2503	0.6599033801223615	1
QID2504	2.8369019287585564	1
QID2505	1.0700916380592558	1
QID2506	0.5369008897627474	1
QID2507	0.8291174977542436	1
QID2508	3.5424843870501435	1
QID2509	5.196889744314457	1
QID2510	1.0923857127543442	1
QID2511	0.4007087461853316	1
QID2512	0.02472388743329203	1
QID2513	0.9985146417266738	1
QID2514	0.939151903030266	1
QID2515	2.3563093941737034	2
QID2516	2.9053798076504247	1
QID2517	0.1901652152967677	1
QID2518	0.020794384334698258	1
QID2519	6.125158544975264	1
QID2520	0.9977435093989204	1
QID2521	7.980081264766898	1
QID2522	3.851440810941928	1
QID2523	4.5216359325009785	1
QID2524	1.769779812372666	2
QID2525	9.451457131556264	1
QID2526	2.904904826607262	1
QID2527	2.32540935263072	1
QID2528	1.289874332220352	1
QID2529	6.090255324493268	1
QID2530	4.943409684615341	1
QID2531	1.0593351204148669	1
QID2532	1.5762177875524903	1
QID2533	6.435549467602344	1
QID2534	0.14631119131402587	1
QID2535	0.7093144638549869	1
QID2536	5.227746088262962	2
QID2537	1.7347278519700529	1
QID2538	3.8312615914117036	1
QID2539	0.8444720127648416	1
QID2540	0.16304603699200101	1
QID2541	2.4509549757431404	1
QID2542	0.19309130923011236	1
QID2543	6.093333306810492	2
QID2544	1.1852147047854875	1
QID2545	6.0466297542194445	1
QID2546	1.8419729183644848	1
QID2547	0.4185387774255387	1
QID2548	2.485264246875148	1
QID2549	1.8826642405294367	1
QID2550	0.4173664116083792	1
QID2551	6.0371480716841885	2
QID2552	2.4153936324936565	2
QID2553	3.0552011053772814	1
QID2554	0.5629601423904441	1
QID2555	2.607283906132242	1
QID2556	5.975050806489604	1
QID2557	0.905247778346081	1
QID2558	0.26551376166076257	1
QID2559	0.5150268638911497	1
QID2560	2.287609948396488	1
QID2561	0.4557982501488338	1
QID2562	4.0430273872504365	2
QID2563	3.52936353330576	1
QID2564	0.3923758396104611	1
QID2565	4.567407217563524	2
QID2566	6.115917242734009	1
QID2567	1.0498628124870633	1
QID2568	8.139349533684879	1
QID2569	2.0634061765630274	1
QID2570	0.09213799457295116	2
QID2571	1.5411214772327742	1
QID2572	2.614545082570813	1
QID2573	3.80745279372338	1
QID2574	7.693350876010487	1
QID2575	7.270965898530098	1
QID2576	6.578554658317965	1
QID2577	8.075645500522803	1
QID2578	0.5319395914701752	1
QID2579	1.225806592527524	1
QID2580	7.054929527026758	1
QID2581	2.4265070714309105	1
QID2582	4.518657331830533	1
QID2583	6.505032978420208	1
QID2584	2.8939205792361307	2
QID2585	2.927672979859796	1
QID2586	10.711632803659924	3
QID2587	4.087776984681066	1
QID2588	3.181649219799504	1
QID2589	0.025628903103242624	1
QID2590	4.620517457402478	1
QID2591	2.343255109944561	2
QID2592	0.7111938552762496	1
QID2593	5.090643186712637	1
QID2594	6.884674460275038	1
QID2595	1.6225632898670344	1
QID2596	8.843803815564831	2
QID2597	2.177265825918127	1
QID2598	4.013792044338334	2
QID2599	1.759214908559344	1
QID2600	5.932488567886818	1
QID2601	3.9581056991413313	1
QID2602	0.1971932469772553	1
QID2603	3.2242964717414044	1
QID2604	0.09627881524791412	1
QID2605	8.246192610589532	4
QID2606	0.9905821345464784	1
QID2607	1.3031244488340608	1
QID2608	3.4255221479388687	1
QID2609	5.144744669298051	1
QID2610	5.8771424447292135	1
QID2611	0.27719965825253723	1
QID2612	6.58294509862581	1
QID2613	4.6472879863874095	2
QID2614	1.906072703606988	1
QID2615	1.5522649316723514	1
QID2616	4.033917803147558	1
QID2617	2.6243811403693806	1
QID2618	4.903282194375248	1
QID2619	2.5137979072110435	1
QID2620	2.7264607596507275	1
QID2621	5.155506260235546	1
QID2622	0.36200969933981103	1
QID2623	2.071410356211047	1
QID2624	4.028689794563752	1
QID2625	3.2703984803231134	2
QID2686	8.443573073994727	1
QID2688	4.939482092642477	1
QID2689	10.932012952863472	1
QID2690	3.723190282080624	1
QID2691	1.6183387691044389	1
QID2692	0.5006297093419824	1
QID2693	9.980841274960627	3
QID2694	3.7758560849886416	1
QID2695	4.551633207350322	1
QID2696	5.257734809621967	2
QID2697	4.195100999914043	1
QID2698	1.2383395092075349	1
QID2699	4.0401536448612045	1
QID2700	4.923523912742527	1
QID2701	6.860663001513263	1
QID2702	3.3987198378217816	1
QID2703	2.717824209210062	1
QID2704	2.8582886515184684	1
QID2705	3.859394960442373	1
QID2706	0.013422172104761008	1
QID2707	7.748718500514028	2
QID2708	5.871745674378612	2
QID2709	7.178600882571832	1
QID2710	6.047203861949103	2
QID2711	1.7113817300117364	1
QID2712	3.0223476789382766	1
QID2713	4.954260984465092	1
QID2714	1.5087139192717138	1
QID2715	0.8849510136236727	2
QID2716	3.145053167806312	1
QID2717	1.813566983186487	1
QID2718	0.1705910520387849	1
QID2719	4.771186812484081	1
QID2720	1.2234919341345076	1
QID2721	8.745195539440676	4
QID2722	4.73610444082555	1
QID2723	1.1999561850402478	1
QID2724	6.448488522075088	1
QID2725	2.985015175525878	1
QID2726	5.323227658470956	2
QID2727	3.62501691195136	1
QID2728	0.4409299278333769	1
QID2729	6.173958829926753	1
QID2730	0.4790311461727137	1
QID2731	6.5142075093282354	1
QID2732	0.07920823665974921	1
QID2733	1.2494224972580827	1
QID2734	0.1869793401173452	1
QID2735	8.349768062870027	1
QID2736	1.2230967214837205	1
QID2737	5.759440389811482	1
QID2738	7.581685938894192	3
QID2739	0.8286125206269093	1
QID2740	5.272065207965521	1
QID2741	6.259188026138256	1
QID2742	8.420888562968736	1
QID2743	2.926080732186206	1
QID2744	7.755812081298262	3
QID2745	10.249184338701001	2
QID2746	8.445917671961308	2
