Word_Unique_ID	Surprisal	NumTokens
QID1	1.03187962035572	1
QID2	5.030179774590157	1
QID3	10.812107844047397	3
QID4	0.8189763632861882	1
QID5	3.835383685305496	1
QID6	2.437377224425649	1
QID7	3.84319546670931	1
QID8	9.666986636973053	1
QID9	0.5131012660099906	1
QID10	5.664607142652786	1
QID11	4.21576303376208	1
QID12	3.886914310983869	2
QID13	4.024060873154151	1
QID14	2.124960596408949	1
QID15	1.5742173795208978	1
QID16	2.114806839701889	1
QID17	8.247771359908066	1
QID18	1.2720175338031798	1
QID19	8.116660191932196	1
QID20	2.9292202400035423	2
QID21	2.433140236612912	1
QID22	5.176034695862095	1
QID23	6.98743954220106	2
QID24	1.874630752272426	1
QID25	0.7913311383398136	1
QID26	7.055661214373764	1
QID27	2.0095458277567317	1
QID28	2.615687575171018	2
QID29	1.4661784568877363	1
QID30	3.9687709233087634	1
QID31	0.4178828046558697	1
QID32	3.1378936138275715	1
QID33	0.9936219303935926	1
QID34	0.5376665871590808	1
QID35	2.28421680415165	1
QID36	1.9246712412484943	1
QID37	3.9569951868431033	1
QID38	2.339010861342793	1
QID39	0.3262273512322106	1
QID40	3.0101708264005462	2
QID41	3.0805440659761123	1
QID42	0.25174547260680963	1
QID43	8.306714899222815	1
QID44	0.4485889069987445	1
QID45	1.2764929004051682	1
QID46	1.4773324807038983	1
QID47	2.7018089221320407	1
QID48	2.2996252920330176	1
QID49	3.9544653313418614	1
QID50	1.6474708925934156	1
QID51	10.150645721159227	1
QID52	2.9070299395470647	1
QID53	5.120662764399618	1
QID54	0.8415609397683017	1
QID55	2.102942394701892	1
QID56	2.377478964459065	2
QID58	4.3207679468557165	1
QID59	3.655612526555328	2
QID60	1.7578004131720455	1
QID61	5.628369400493903	1
QID62	11.86521284017437	3
QID63	3.9764464124253807	1
QID64	5.926441678601033	2
QID65	2.57693666481008	1
QID66	6.62948583127639	1
QID67	0.8357559000210558	1
QID68	10.963763038411761	1
QID69	7.8692568630566075	2
QID70	2.6478049041587948	1
QID71	7.496258833397777	1
QID72	0.9531667091987304	1
QID73	0.5605855788186179	1
QID74	1.8144762286953133	1
QID75	0.4748256123088821	1
QID76	2.0272164871424403	1
QID77	2.75669544752708	1
QID78	1.0749604632142211	1
QID79	2.8236226080644315	1
QID80	0.0706444621955589	1
QID81	5.941261851168777	2
QID82	6.923126067651029	1
QID83	0.096386010753559	1
QID84	5.713375165456319	1
QID85	1.2320438735780657	1
QID86	4.351932782575552	1
QID87	4.8028041552348295	1
QID88	2.055182520631836	2
QID89	4.069582108344924	1
QID90	0.4956151498743361	1
QID91	7.859297148368985	3
QID92	2.3318812299663096	1
QID93	9.288065569490376	2
QID94	3.1406814649235653	1
QID95	0.32759845878390365	1
QID96	2.1408997727920633	1
QID97	0.08396049969647544	1
QID98	14.548014715380702	3
QID99	9.253532350687571	2
QID100	5.712560662959614	1
QID101	2.3139534584886494	1
QID102	6.618093888217242	1
QID103	0.3335204397483939	1
QID104	9.967883448361473	1
QID105	0.6389673167677942	1
QID106	8.916343518391203	1
QID107	0.41693280903755214	1
QID108	0.3928996252784839	1
QID109	4.629862863636468	1
QID110	2.1331007258611785	1
QID111	1.1767374845966971	1
QID112	0.3719503347448411	1
QID113	1.8005479805540583	1
QID114	0.7924281269414114	1
QID115	9.921055047009514	3
QID117	5.680163021769499	1
QID118	2.0973428093043087	1
QID119	11.081829701881436	2
QID120	9.997026844323168	2
QID121	0.27558833921014425	1
QID122	1.9502370746463271	1
QID123	0.09541499797715622	2
QID124	0.050550028703827146	2
QID125	1.2711759648533487	1
QID126	3.651726719762882	1
QID127	1.890848311883828	1
QID128	1.8242322528686843	1
QID129	7.110603546856593	1
QID130	0.666622381559509	1
QID131	0.6380477451408408	1
QID132	3.6383850099824366	1
QID133	4.054039112896424	1
QID134	7.3253901891391475	1
QID135	0.37425080219843415	1
QID136	3.736433013703256	1
QID137	1.8205821670350977	1
QID138	4.905235924707489	1
QID139	2.9208219099399613	1
QID140	2.393695071969576	2
QID141	1.2860295481219657	1
QID142	3.0978220401194956	2
QID143	5.135895247749351	1
QID144	1.4875924627668815	1
QID145	1.6268162123148682	1
QID146	0.3190754089084619	1
QID147	1.3496299900222508	1
QID148	1.898585430005876	1
QID149	4.285530956398617	1
QID150	4.892021346938299	1
QID151	0.825954107792635	1
QID152	8.573199223531022	1
QID153	0.22640484333077354	1
QID154	2.7771685970483566	1
QID155	5.149528832152537	1
QID156	0.13024125796973124	1
QID157	1.7484305321632156	1
QID158	3.727441493841509	1
QID159	2.3483245361866314	2
QID160	2.8561217372649685	2
QID162	0.8702108823681793	1
QID163	0.05610593112858239	1
QID164	2.9750625821779875	1
QID165	5.082234000882865	1
QID166	1.3339528014846944	1
QID167	1.5642203654088942	1
QID168	4.693975140074426	1
QID169	0.5895260419465194	2
QID170	3.1402064768197815	1
QID171	3.3070194051559105	1
QID172	2.8812954577357583	1
QID173	5.0389189174281706	2
QID174	11.160492220583556	1
QID175	6.10027694725277	1
QID176	3.952878825791372	1
QID177	1.9501414805325732	1
QID178	2.4903467943469915	1
QID179	8.38875113095262	2
QID180	6.181643306141582	1
QID181	2.5032647430491908	1
QID182	1.7363025813373467	1
QID183	9.49427737219171	1
QID184	3.0328042536151982	1
QID185	8.911584537341842	1
QID186	5.894868672381056	3
QID187	2.624774381839888	1
QID188	1.1263466616937785	1
QID189	2.758385574713218	2
QID190	1.2765711356647838	1
QID191	3.4896550982377965	1
QID192	3.1652032443083704	1
QID193	8.888903220809592	1
QID194	5.555809903081607	1
QID195	6.220247143352776	2
QID196	3.922162156368322	1
QID197	1.3007571643999856	1
QID198	9.67119537190194	2
QID199	6.941732455036736	1
QID200	3.431776627646069	1
QID201	0.3231714372168246	1
QID202	5.86406316034271	2
QID203	2.8065000427390694	1
QID204	13.764005868156168	3
QID205	10.228950438860423	1
QID206	8.842550228690797	2
QID207	1.9561788134356624	1
QID208	4.555502783655232	1
QID209	2.7357750975774695	1
QID210	4.788132472037637	1
QID211	1.2132461854642027	1
QID212	2.2010586582434772	1
QID213	1.9314495455558645	1
QID214	4.1300385360321	1
QID215	3.3437352781356102	1
QID216	8.109087554802532	1
QID217	1.4457614795523634	1
QID218	0.24469436330735936	1
QID219	3.6335408332659886	1
QID220	3.4452245656911624	2
QID221	1.7500676591204165	1
QID222	0.8903574488912085	1
QID223	4.0333072239167045	1
QID224	3.28906016017043	1
QID225	0.5909038794026721	1
QID226	4.834213973365988	2
QID227	3.3404743788702094	1
QID228	4.6178429259186515	1
QID229	11.08915324259215	1
QID230	2.5079981561646547	1
QID231	9.174402029226489	2
QID233	8.023486311928698	2
QID234	14.024425294242823	2
QID235	2.46916432015864	1
QID236	5.838825323512374	1
QID237	2.2903325037882216	1
QID238	1.5751527567983652	1
QID239	2.4830774663079906	2
QID240	3.1350092792970004	1
QID241	0.27303259944371155	1
QID242	11.738401546185525	1
QID243	2.527346815052802	2
QID244	1.6594851613917156	1
QID245	3.2026312331418776	1
QID246	3.6714481228523663	2
QID247	1.3822468426031616	1
QID248	2.5674704091102702	1
QID249	4.204424912483336	1
QID250	0.5105065225285348	1
QID251	13.253093912958667	3
QID252	0.10088080799570036	1
QID253	1.1592935606744832	2
QID254	4.079779983941686	1
QID255	1.0541362157735186	1
QID256	8.70640447805107	2
QID257	4.866202106753425	1
QID258	0.7734480154343834	1
QID259	2.5148307348915333	2
QID260	3.870672945513973	1
QID261	0.8348411248149047	1
QID262	6.790094296158881	1
QID263	1.0735212745861644	1
QID264	0.5168794519954676	1
QID265	0.9706421816624036	1
QID266	1.2747240470387031	1
QID267	3.3318398690709787	1
QID268	5.047491747741471	1
QID269	0.6057005318999328	1
QID270	6.374765807959986	2
QID271	2.2335836201880563	1
QID272	1.988182203640635	1
QID273	2.002108638255073	1
QID274	0.004852575640288192	1
QID275	3.156179589566301	1
QID276	6.4614076504795905	2
QID277	3.2266034021192636	1
QID278	5.144280675315558	1
QID279	4.906226422329512	1
QID280	3.8978210069796235	1
QID281	0.8434776851169998	1
QID282	2.1349096644961647	1
QID283	0.6211150749928783	1
QID284	5.553470552620636	1
QID285	1.4558375258313518	1
QID286	7.875809109938344	2
QID287	0.8767300856952586	1
QID288	0.9729343012760524	2
QID290	9.493113330337009	1
QID291	12.749394206193841	1
QID292	6.467309736579119	1
QID293	6.195620777764376	1
QID294	2.5210570675672246	1
QID295	4.136019407124653	1
QID296	0.21916935504253435	1
QID297	4.579107167245595	1
QID298	3.4093244618621394	1
QID299	7.899793903502787	1
QID300	4.625319209794387	2
QID301	2.5480820097173416	1
QID302	6.3023349337427685	1
QID303	3.7228695822821547	1
QID304	1.7992469745355553	1
QID305	12.894927702487497	3
QID306	4.332009233606687	1
QID307	6.250722819787607	1
QID308	3.3114422062938726	1
QID309	1.9517123910488	1
QID310	0.2587103673853817	1
QID311	2.25950006064778	2
QID312	2.9584429266480186	1
QID313	3.778686435596232	1
QID314	0.3497817716974907	1
QID315	2.2961297330305763	1
QID316	1.1167384939726517	1
QID317	1.5394974846369345	1
QID318	9.115374451470405	3
QID319	1.4107830635716274	1
QID320	3.7029677097599287	1
QID321	0.7845665076768567	1
QID322	3.1259934676654555	2
QID323	2.679616864234613	1
QID324	8.495852564835616	1
QID325	10.217734189708322	2
QID326	6.796666639941374	1
QID327	2.149764071068951	1
QID328	8.45430334016048	1
QID329	4.344325266796525	1
QID330	6.296451790125429	1
QID331	8.041361449718051	1
QID332	0.8848080360086105	1
QID333	1.5020181835469373	1
QID334	7.291805894319662	1
QID335	7.420592306268673	2
QID336	4.557262160907781	1
QID337	3.8366201612419153	1
QID338	9.20244853282405	1
QID339	0.5421986299321899	1
QID340	2.4383211882748963	1
QID341	3.5868912304692318	1
QID342	3.5896356263200166	1
QID343	5.0285270925198295	1
QID344	1.5542188764656646	1
QID345	6.309324297257044	2
QID347	10.56005890593408	2
QID348	5.955387296707324	2
QID349	1.0837564639755273	1
QID350	5.257335676114804	1
QID351	2.910834923522252	1
QID352	2.7206652787449093	1
QID353	9.36649320875409	2
QID354	2.8199902451170917	1
QID355	3.1876361713258414	1
QID356	5.295406021242691	1
QID357	9.653416327116362	2
QID358	2.265497841052131	1
QID359	5.0242787229026815	1
QID360	0.6130463763376363	1
QID361	6.837519015376518	2
QID362	8.525286240423847	1
QID363	0.5284512329754381	1
QID364	6.531788934905329	1
QID365	0.3066154150529688	1
QID366	0.4545296672400437	1
QID367	8.160059833371163	1
QID368	8.974939283543533	1
QID369	4.090566677162307	1
QID370	5.594548886501394	1
QID371	4.364331461992997	2
QID372	1.4577316758953165	1
QID373	3.183979299981445	1
QID374	2.39692717923261	1
QID375	5.701077507937952	2
QID376	1.9467216214921157	1
QID377	3.1064440467775825	2
QID378	1.3413291004061838	1
QID379	2.644828027116039	1
QID380	1.1028276680518958	2
QID381	0.7603613847118371	1
QID382	2.5256110139976458	1
QID383	11.060262189836648	3
QID384	3.1494014000484656	1
QID385	1.8177022586317877	1
QID386	0.7204157263722543	1
QID387	1.0075373049831913	1
QID388	2.0778782266232185	1
QID389	3.1549557464995264	2
QID390	2.3802794954863997	1
QID391	3.9356602180282394	1
QID392	4.114646985194212	1
QID393	1.5376930990369535	1
QID394	2.130732662669492	1
QID395	0.4109105897160209	1
QID396	4.6281696935674415	2
QID397	1.386974440973458	1
QID398	1.4926916886070498	1
QID399	9.511589831506058	3
QID400	5.6316999289535925	1
QID401	3.3505844025595226	1
QID402	14.230335571168402	3
QID404	6.482897045371637	1
QID405	2.929822595663669	1
QID406	3.948613794835296	1
QID407	3.9065104463537983	1
QID408	4.657879166628675	1
QID409	1.0479005765004092	1
QID410	2.284426976690891	1
QID411	3.2434418165605234	1
QID412	0.021763244363486388	1
QID413	5.399748873747918	2
QID414	4.409470542740327	1
QID415	1.555014625151916	1
QID416	1.712424806803447	1
QID417	3.933901196604848	1
QID418	0.5471129861926188	1
QID419	6.000907307142067	1
QID420	0.019395848806903475	1
QID421	3.2268342162581587	1
QID422	2.935566536026565	2
QID423	4.440087328310294	1
QID424	10.602599936189717	1
QID425	5.22410865108418	1
QID426	0.8471518039459515	1
QID427	1.2402833506344162	1
QID428	5.38568431677125	1
QID429	1.0373848605820692	1
QID430	0.011276573760392185	1
QID431	2.8915866419362413	1
QID432	5.695317161173139	3
QID433	3.39486887206855	1
QID434	0.31895323545304066	1
QID435	5.1040950093622355	1
QID436	2.0555006880534226	1
QID437	7.53255049006376	1
QID438	0.15065502644627235	1
QID439	8.129796033522593	1
QID440	4.299559222857166	3
QID441	1.1534627946139362	2
QID442	3.748616394928384	1
QID443	1.2323874644676271	1
QID444	0.8422356030105278	1
QID445	3.1396219444791873	1
QID446	2.65427278405334	2
QID447	2.621020296820555	1
QID448	4.81578523900133	1
QID449	5.35825650051601	1
QID450	4.702057754552458	1
QID451	0.6921755329442848	1
QID452	0.8434721752112835	2
QID453	3.1753955313305138	1
QID454	3.7626019204035086	1
QID455	1.9740495293131	1
QID456	0.7013359768188605	1
QID457	0.2416463032373273	1
QID458	2.366254765112124	1
QID459	3.100398686461614	2
QID460	2.3598742308031193	1
QID461	1.5097680318773143	1
QID462	11.607159277047725	2
QID463	9.450772402029346	2
QID464	2.3468057419805914	1
QID465	2.4184195792179013	1
QID466	9.569184590240628	1
QID467	2.6225164420940517	1
QID468	2.1897774484739334	1
QID469	17.151360342220343	5
QID470	8.857541218276504	1
QID471	6.701729167255381	2
QID472	5.613864567106017	1
QID473	0.6155585026876562	1
QID474	0.11904644446928547	1
QID475	0.5506110034061157	1
QID476	8.485174862780875	4
QID477	0.13898526275106204	1
QID478	2.4906993034281446	1
QID479	17.083676662898053	3
QID480	6.7080722535832855	1
QID481	0.30071768199246474	1
QID482	5.7082957080364025	1
QID483	5.1313206869408585	2
QID484	5.984361765564227	1
QID485	12.240926219589145	2
QID486	4.725723069477676	1
QID487	0.4385391728953629	1
QID488	0.4979436120373866	1
QID489	0.6361219243383889	1
QID490	6.169544019921764	1
QID491	2.7887787361876404	1
QID492	0.3575345544975703	1
QID493	3.413250728565833	1
QID494	2.9570093401941318	1
QID495	4.86720831755112	1
QID496	3.005861839446039	1
QID497	4.042770897794689	2
QID498	2.4162884390120105	1
QID499	10.561285634070328	3
QID500	3.635752899795389	1
QID501	7.386387538599531	1
QID502	3.473455888510131	1
QID503	0.4200932917927008	1
QID504	6.4826130292719375	2
QID505	0.9735092049784344	1
QID506	6.84971989961598	1
QID507	1.2857721921126453	1
QID508	2.074347490241645	1
QID509	2.3523833333592097	1
QID510	1.889695521576116	1
QID511	6.474939304649262	1
QID512	3.3329683213194667	1
QID513	3.6263659749768684	2
QID515	13.170833452945375	3
QID516	11.05072490778382	1
QID517	2.155486764893682	1
QID518	6.009821448422674	2
QID519	4.411374139158934	2
QID520	2.666112122353284	1
QID521	1.7826032514451309	1
QID522	4.242611398793604	1
QID523	1.5504255976301091	1
QID524	1.5234199095018677	2
QID525	4.224476046316044	1
QID526	4.537502305703809	1
QID527	2.2747778119684496	1
QID528	5.6232651846827855	1
QID529	0.14764363541555448	1
QID530	5.18610593460247	1
QID531	1.0237592481900843	1
QID532	4.22479902087041	2
QID533	9.969376189121943	1
QID534	5.246944725505481	2
QID535	9.414270811616184	2
QID536	7.0916139735730495	2
QID537	1.9605463740930285	1
QID538	2.142228866198598	1
QID539	0.9379802063130348	1
QID540	1.410304012692907	1
QID541	0.4989511280448027	1
QID542	0.5858814370825419	1
QID543	4.463001504823966	1
QID544	0.892999465869913	1
QID545	3.4087248430561328	1
QID546	0.04608325680971232	1
QID547	0.02138394538500577	1
QID548	1.2203622020562244	1
QID549	5.552691517216625	2
QID550	2.9409683766908965	1
QID551	3.5986152382403365	1
QID552	0.5193673801356893	1
QID553	3.7397424552854	1
QID554	5.436147975157449	1
QID555	5.099283086448323	1
QID556	3.1236374250905405	1
QID557	2.041972484078622	1
QID558	0.5397182446635613	1
QID559	2.4868845923896568	1
QID560	5.8881558513632735	1
QID561	5.798828986187911	1
QID562	2.0942642116118666	1
QID563	3.3343082290265538	1
QID564	1.3600031474233238	1
QID565	3.1212686315866693	1
QID566	0.34652917346687684	1
QID567	5.602442309464143	2
QID568	1.2042562532862675	2
QID569	2.4711145698463683	1
QID570	14.438154893802546	2
QID571	0.5555414727356297	2
QID572	4.574354118708163	1
QID573	0.461503899540571	1
QID574	8.546884996660117	2
QID575	1.9576299805805677	2
QID576	12.661602940825643	4
QID577	0.7528834261345901	1
QID578	1.4463667267489018	1
QID579	12.022309440773125	1
QID580	0.5584619170601007	1
QID581	6.688454146925035	1
QID582	0.06554659938297587	1
QID583	8.87844320440865	3
QID584	2.028225454125963	1
QID585	2.561123295887884	1
QID586	0.8901303448602471	1
QID587	3.7415401725662787	1
QID588	8.156265729678971	1
QID589	1.4412136051988826	1
QID590	4.249556042226266	1
QID591	12.569030031054835	2
QID592	5.221970885635703	1
QID593	2.2636434707532267	1
QID594	2.3450729657017324	1
QID595	3.565036131820458	1
QID596	2.3485801658657195	1
QID597	3.0841964256925176	1
QID598	0.9184996402505125	1
QID599	3.4902961417555587	2
QID600	4.2439476745691085	2
QID601	1.924039267535311	1
QID602	5.072090461860826	1
QID603	0.7570618141222104	1
QID604	0.4855244583059143	1
QID605	2.4958114181972326	1
QID606	3.9953894860372055	1
QID607	3.5462526863370223	1
QID608	1.7172527298482398	1
QID609	4.405318198153936	1
QID610	9.713247855863523	1
QID611	1.9745950906858485	1
QID612	3.1228566208611195	1
QID613	1.798090915676681	1
QID614	10.700175849588174	2
QID615	7.903299289316112	1
QID616	0.7823318440570561	1
QID617	1.7892426916795634	1
QID618	7.234485698851047	1
QID619	0.4623937678494635	1
QID620	7.224641005825402	1
QID621	7.877292275006492	3
QID622	6.270772875886334	1
QID623	4.335783847380078	2
QID624	7.122135209619963	1
QID625	10.339094424659084	2
QID626	5.953820640558944	1
QID627	4.4194007016667785	1
QID628	5.524903302263275	1
QID629	0.6482755334961208	1
QID630	9.529483662804918	1
QID631	1.6597262883499644	1
QID632	4.5871612009221705	1
QID633	0.7573560075877709	1
QID634	0.17376868115961844	1
QID635	0.234544872165048	1
QID636	3.7129265408024352	1
QID637	0.9498453138133706	1
QID638	9.55111727709833	1
QID639	0.1677775118082346	1
QID640	7.551365218775769	4
QID641	1.6415756278134537	1
QID642	5.508698804566488	1
QID643	0.8727217812961877	1
QID644	2.6981925078811755	1
QID645	4.552074515539432	1
QID646	4.776127288245474	1
QID647	1.0710773062260324	1
QID648	0.8554852875531067	1
QID649	2.1264927878386377	1
QID650	1.553860804534801	1
QID651	3.465279164867895	1
QID652	2.9387476742385905	1
QID653	2.8664222232776946	1
QID654	2.491952554084917	1
QID655	3.312541333170163	2
QID656	3.3794324299310925	1
QID657	5.408284967025504	1
QID658	3.7983555772221695	1
QID659	3.4656469995800068	1
QID660	4.580862175485306	2
QID661	1.730928954517346	1
QID662	2.8779818185345816	1
QID663	7.084327946374737	1
QID664	0.4114014336289841	1
QID665	1.206179060427208	1
QID666	0.9636485149023803	1
QID667	2.7417168311034907	1
QID668	0.19792365889350289	1
QID669	0.6458397387539228	1
QID670	2.268215455019125	1
QID671	3.6505238296187112	1
QID672	5.334912094791675	1
QID673	6.081865256722812	2
QID674	9.100525641289638	2
QID675	1.9960457791658837	1
QID676	7.8174225902855135	1
QID677	9.44658681859848	2
QID678	0.3264563165707232	1
QID679	9.597198993087703	1
QID680	2.080113666945048	1
QID681	3.6505881155667863	1
QID682	5.026888011778827	1
QID683	8.48648486522821	1
QID684	6.5075061433745205	2
QID685	4.093946089274213	1
QID686	11.490258760599241	1
QID687	8.127169809573147	2
QID688	0.7590761460317498	1
QID689	1.218724898343751	1
QID690	2.931109887945529	2
QID691	1.5583390941120174	2
QID693	0.7139391285606039	1
QID694	5.792544619462188	2
QID695	0.6523526980566692	1
QID696	0.013844391134525449	1
QID697	2.435897632545453	1
QID698	1.2972992793920477	1
QID699	4.611426411052255	1
QID700	3.606258460152273	1
QID701	9.965762607962034	2
QID702	1.8459990083708813	1
QID703	2.044968332773751	1
QID704	0.011729472891499077	1
QID705	2.0443041649796325	1
QID706	2.018897655984059	1
QID707	0.004699897686907611	1
QID708	5.576958493024415	2
QID709	0.929965028145636	1
QID710	1.047348219379228	2
QID711	6.09754052424375	2
QID712	9.462419557039688	1
QID713	1.5819716937578847	1
QID714	4.423863430350009	2
QID715	5.302814564884487	1
QID716	4.6738254908023	1
QID717	11.135101168443349	3
QID718	3.6080807713552727	1
QID719	10.294549689033555	4
QID720	3.0181778916541764	1
QID721	1.1970944895121467	1
QID722	6.62833759596045	2
QID723	1.5669652504924658	1
QID724	6.1980987104382015	1
QID725	11.25401510922328	3
Q2684	15.239928607345412	1
QID726	9.713796765533036	1
QID727	4.554138875532927	1
QID728	3.0091489501067143	2
QID729	8.194489221767745	1
QID730	2.0102854119681424	1
QID731	8.334202027548065	1
QID732	1.934884155249022	1
QID733	4.830514730104944	1
QID734	0.9937206569597692	1
QID735	1.9326478255194088	1
QID736	2.8367287541195667	1
QID737	2.398947682231513	1
QID738	8.675661535410294	1
QID739	7.941074087171644	1
QID740	6.3284987432584785	3
QID741	5.135451221027789	1
QID742	1.5624741711164267	1
QID743	3.87130400232774	1
QID744	1.9905253855992924	1
QID745	0.2999872571932012	1
QID746	6.799219821991872	1
QID747	0.08889006054702588	1
QID748	3.7916998814078187	1
QID749	0.6715832279895817	1
QID750	0.8550246410309741	1
QID751	1.9446515616599667	1
QID752	4.395399077331199	2
QID753	5.6749959902366856	1
QID754	6.855031323913116	2
QID755	2.730241499963712	1
QID756	9.072618345493458	3
QID757	5.6913994283199765	2
QID758	8.189849740046906	1
QID759	1.0913128393589693	1
QID760	6.317370924579186	1
QID761	3.45107892292728	1
QID762	0.03227714909659543	1
QID763	0.2354213978984916	1
QID764	2.663807866427834	1
QID765	5.975220742981299	1
QID766	2.961500345771156	1
QID767	1.9807788090624492	1
QID768	0.050989256190917036	1
QID769	5.8698857822902335	1
QID770	5.706863945187428	1
QID771	1.9009534257955096	1
QID772	1.95381363789699	1
QID773	1.23742130899279	1
QID774	4.406598970729593	1
QID775	1.0713793370651716	1
QID776	1.3987158664081532	1
Q2685	8.606903960188426	2
QID777	8.826819348441521	2
QID778	9.239362932321725	1
QID779	2.472347357672503	1
QID780	4.388019344484256	1
QID781	5.023789712645204	1
QID782	3.862356675723558	1
QID783	0.6641578442228181	1
QID784	3.82846786984954	2
QID785	10.341513846793255	1
QID786	3.2606111956067934	1
QID787	3.636997320039004	2
QID788	0.994148464431265	1
QID789	5.304557495868644	1
QID790	9.95483389238322	1
QID791	2.7070645922209597	1
QID792	0.1906534915377453	1
QID793	3.4377418522109626	1
QID794	1.6719438806385651	2
QID795	4.586104782263289	1
QID796	2.3057486835667875	1
QID797	1.9152221551792308	1
QID798	1.2187831666257969	1
QID799	1.7992402041107691	1
QID800	4.28343732341217	1
QID801	2.9885004535952984	1
QID802	1.603258335357728	1
QID803	8.765666145517251	1
QID804	7.612136557147025	1
QID805	3.5039602214832484	1
QID806	4.119845459278564	1
QID807	7.085832550903352	1
QID808	0.3643971247338781	1
QID809	7.381330720684504	2
QID810	3.395411664833532	1
QID811	2.3879836259406	1
QID812	2.9059724197128984	1
QID813	6.456044948170468	1
QID814	3.576826008343073	1
QID815	1.3569592720380594	1
QID816	2.2311572685124785	1
QID817	4.967021733913513	3
QID818	2.4885093732288333	1
QID819	4.648058527901871	1
QID820	8.609329646839875	1
QID821	8.143949035351588	1
QID822	0.3805392773551468	1
QID823	0.4842202281620704	1
QID824	3.1375198071151336	1
QID825	0.9659366270956988	1
QID826	8.326459014034352	1
QID827	1.016488339683607	1
Q2686	0.3898648636313846	2
QID828	10.194502280413637	2
QID829	1.697165048385728	1
QID830	9.353548505764751	1
QID831	2.1170603462151214	1
QID832	2.341745211114265	1
QID833	4.8069482883949455	1
QID834	0.08136136709356959	1
QID835	3.9210727043664284	1
QID836	4.2033439001105295	1
QID837	2.625497347322202	1
QID838	0.17895567791550532	1
QID839	4.814303153743712	2
QID840	2.545030980583713	1
QID841	3.263789451004641	1
QID842	7.446133659269682	1
QID843	0.15297304383699514	1
QID844	8.238536872203506	1
QID845	6.142614850230818	1
QID846	1.3754494583309471	1
QID847	8.998478781665654	1
QID848	7.6240217409167945	1
QID849	0.5191906072811202	1
QID850	3.322599076734776	1
QID851	2.6683779988505703	2
QID852	2.3242669624737435	1
QID853	5.152192759848523	1
QID854	1.6734831153204113	1
QID855	5.454252911861	1
QID856	0.026893291034868844	1
QID857	2.304676871725058	1
QID858	4.816098682837781	1
QID859	0.7895762112672428	1
QID860	6.592387341990977	2
QID861	3.6797955276880097	2
QID862	3.7769079141070248	2
QID863	1.0881816791044	1
QID864	5.803975765710344	1
QID865	4.992194623707077	1
QID866	4.966985313106846	1
QID867	4.542131200433311	1
QID868	2.3674042951921157	1
QID869	5.852498714650945	1
QID870	1.6135736579659772	1
QID871	3.124560899539002	1
QID872	2.3430248602099466	1
QID873	5.765438911246786	1
QID874	2.39831639616907	1
QID875	6.896229170603077	1
QID876	2.7622950552141066	1
QID877	4.737834710855688	2
QID878	3.1910628719379215	1
QID879	5.699611191131983	1
QID880	6.283505091913455	1
QID881	0.40439262892425787	1
QID882	3.530282016562316	1
QID883	4.450141607244429	1
QID884	6.506479376764164	1
QID885	3.844807327150162	2
QID886	3.7779802311341077	1
QID887	0.8391946526818641	1
QID888	4.719490484473614	1
QID889	7.156409588162122	1
QID890	2.6521375495488937	1
QID891	2.9874214689789933	1
QID892	6.708643606438284	1
QID893	14.952487170119152	2
QID894	7.250279185535527	1
QID895	2.5123937052338774	1
QID896	9.340481916096357	2
QID897	3.7875525085969977	1
QID898	7.443720445845112	1
QID899	4.5238074490043845	1
QID900	1.2823571372163185	1
QID901	0.02251426148768779	1
QID902	7.4022039340778845	2
QID903	21.074035776011826	2
QID904	5.8834501958145005	2
QID905	3.4336406255326777	2
QID906	2.3069230248752275	1
QID907	0.6929647255427304	1
QID908	6.035891346551982	1
QID909	5.586245819830041	3
QID910	4.709683440096557	1
QID911	6.187881262685437	1
QID912	1.052833672946391	1
QID913	1.4630718323727574	1
QID914	2.355521320298696	1
QID915	0.3007379063166753	1
QID916	0.7538223257068536	1
QID917	3.4379172462806413	1
QID918	1.8781734286474	1
QID919	3.4535636591401677	2
QID920	5.589854524205745	1
QID921	0.8978140276376271	1
QID922	5.993188838606303	1
QID923	2.0555573122509982	1
QID924	3.238441007929453	1
QID925	0.17740229134552032	1
QID926	0.006081280811001808	1
QID927	2.313393279831537	2
QID928	2.885064204282396	1
QID929	0.9982950322002814	1
QID2687	0.9982950322002814	1
QID929	0.9982950322002814	1
QID2687	0.9982950322002814	1
QID930	6.4469202585520975	1
QID931	10.725559988881226	2
QID932	6.648465154382932	1
QID933	1.1863705238306692	1
QID934	7.587707207540418	1
QID935	0.8702663332238204	1
QID936	0.8824701123442533	1
QID937	0.34180660700911336	2
QID938	3.830216849560901	1
QID939	5.4042919365597974	1
QID940	0.29322132023349684	1
QID941	2.928283202853108	1
QID942	0.21538632424853674	1
QID943	7.899646168540442	1
QID944	2.302827435140005	1
QID945	8.427633291246806	1
QID946	6.625532342876233	1
QID947	1.038849155974621	1
QID948	8.914304625527487	1
QID949	4.760293991416878	1
QID950	0.11721834343666555	1
QID951	2.018180371479806	1
QID952	1.7927281316217376	1
QID953	2.4685913411821927	1
QID954	1.037231717705435	1
QID955	1.8931824931227792	2
QID956	4.510569079457993	1
QID957	2.9438284329716544	2
QID958	1.5884499548951538	1
QID959	0.9808354959044218	1
QID960	2.9835506267072818	1
QID961	0.16480472298386836	1
QID962	1.32991622847581	1
QID963	2.9261305961704425	1
QID964	0.3069255123287015	1
QID965	6.5591142510150435	1
QID966	0.9385590696206948	1
QID967	0.7720834893959213	1
QID968	0.9287596711765492	2
QID969	2.3255900035447503	1
QID970	4.16620894232452	1
QID971	3.505519624845538	1
QID972	5.583183739473755	1
QID973	0.1515945221771087	1
QID974	0.11922075740110663	1
QID975	9.174659511691422	1
QID976	0.8267347173936579	1
QID977	1.5167701536885416	1
QID978	11.034571269128914	2
QID979	9.09117615843283	2
QID980	12.597271627523607	2
QID981	0.8981205120293495	1
QID982	4.266848714267167	1
QID983	0.2466361269104797	1
QID984	5.708990371230013	1
QID985	2.07645922531634	1
QID986	0.004629001549377847	1
QID987	7.5726398699689925	2
QID988	5.408688439593963	1
QID989	3.0853270153883656	1
QID990	0.7322847829827098	1
QID991	12.114565870070873	2
QID992	3.35997210668352	1
QID993	7.947091477566997	1
QID994	2.1647910889312354	1
QID995	5.12627847571014	2
QID996	3.973903403990717	1
QID997	12.775909273319408	1
QID998	7.675861273593156	2
QID999	1.9468403199579796	1
QID1000	1.4427319396838418	1
QID1001	2.8346650118874086	1
QID1002	0.3804065839271911	1
QID1003	0.6614296504224383	1
QID1004	10.29614964950058	1
QID1005	0.19400475328808944	1
QID1006	3.8536830069334935	2
QID1007	9.559858631695914	2
QID1008	8.076702375286454	1
QID1009	3.887721141460747	1
QID1010	1.3074810611698968	1
QID1011	5.5821108406404365	1
QID1012	1.7792701846590973	1
QID1013	1.021436883261726	1
QID1014	2.2948223456136674	1
QID1015	3.04238992575982	1
QID1016	5.491137616173678	1
QID1017	0.3988293863711437	1
QID1018	2.965879219188357	1
QID1019	2.179466373780943	1
QID1020	8.371302737010932	2
QID1021	1.0954064940448676	2
QID1022	0.3609225202056828	1
QID1023	1.0149869247360532	1
QID1024	2.9713661487125	1
QID1025	1.5543406641265642	1
Q2688	0.5732040557681671	2
QID1026	9.446645682982107	1
QID1027	1.1276299534358476	1
QID1028	4.6923427324170985	1
QID1029	4.378786597330119	2
QID1030	0.9083290248376495	1
QID1031	1.3221565975851108	1
QID1032	10.36483965930086	1
QID1033	2.744398172039156	1
QID1034	3.0847811348142464	1
QID1035	3.0652491748909254	1
QID1036	0.9104350502119516	1
QID1037	7.758055936406668	2
QID1038	6.161221641497978	1
QID1039	5.240691706408447	1
QID1040	0.21970474361806855	1
QID1041	3.1949639877049716	2
QID1042	3.3988122615710044	1
QID1043	0.6237537352250283	1
QID1044	1.5052325337440908	1
QID1045	9.089806950225727	2
QID1046	3.975674156299775	2
QID1047	9.34711460809902	1
QID1048	3.2886263582619333	1
QID1049	11.407517803217695	3
QID1050	4.095439844147618	2
QID1051	4.715080302980722	1
QID1052	1.0275348565454814	1
QID1053	6.245960636072548	1
QID1054	5.538187924943698	1
QID1055	4.286512684911579	1
QID1056	1.8321690494980956	2
QID1057	3.779081027510768	1
QID1058	4.266750283884905	1
QID1059	0.8903312790627502	1
QID1060	2.2606292171490803	1
QID1061	3.2806126082632012	1
QID1062	2.364955799729893	1
QID1063	2.55620065402636	1
QID1064	8.755315920742115	1
QID1065	5.351941716540472	1
QID1066	5.723563764266807	2
QID1067	11.650458899646894	1
QID1068	0.6888058898048763	1
QID1069	3.8336398071250537	2
QID1070	0.9609630451973842	1
QID1071	3.7274008531800176	1
QID1072	0.5561846237273894	1
QID1073	3.4839530002649584	2
QID1074	3.4855578639552225	2
QID1075	10.980797847339344	2
QID1076	1.0325078245880497	1
QID1077	6.115678831843632	1
QID1078	0.016268870884397067	1
QID1079	4.960482462119369	1
QID1080	0.1203048943150943	1
QID1081	1.5655300779193368	1
QID1082	12.267359737900069	1
QID1083	3.775509799160584	1
QID1084	5.459340160756876	1
QID1085	11.26705173724142	2
QID1086	5.894202425252007	1
QID1087	2.139456055169697	1
QID1088	6.5933189239641425	1
QID1089	1.072768336250138	1
QID1090	0.8170217850520051	1
QID1091	4.409277777027066	1
QID1092	5.568566118317578	2
QID1093	2.2910908640973457	1
QID1094	6.343784003016127	1
QID1095	2.103177059688164	1
QID1096	2.6136926373186347	1
QID1097	1.944691934918695	1
QID1098	0.12987949815754754	1
QID1099	5.523375343992416	1
QID1100	4.023948531741348	1
QID1101	5.085742551488206	1
QID1102	0.29054339218524705	1
QID1103	7.969552083960044	2
QID1104	1.2311533362682152	1
QID1105	0.5331120384580622	1
QID1106	2.170025890672012	1
QID1107	6.252288861482983	1
QID1108	1.645004409280037	1
QID1109	0.5771953111367827	1
QID1110	5.197738382660022	1
QID1111	4.057755341295493	1
QID1112	5.389919978231922	1
QID1113	1.583686788074874	1
QID1114	7.429064441607236	1
QID1115	4.16836208399747	1
QID1116	4.382549340113573	1
QID1117	6.775433463940063	1
QID1118	2.1930758368538568	1
QID1119	3.72928612324932	1
QID1120	2.9345799303384297	1
QID1121	4.081124366204174	2
QID1122	3.2699108678525524	1
QID1123	13.100352265863831	1
QID1124	8.818121214136296	1
QID1125	0.651927781690213	1
QID1126	0.3503159954372049	1
QID1127	5.437960538313384	2
QID1128	4.140657256199028	1
QID1129	6.826485027811468	1
QID1130	3.653223795062266	1
QID1131	12.232302327904858	2
QID1132	5.329271813344596	2
QID1133	6.173391762036951	1
QID1134	6.029519221852367	1
QID1135	9.9512153928443	1
QID1136	6.886090418920628	1
QID1137	1.6305853176652432	1
QID1138	5.478325811004635	1
QID1139	5.208377293232947	1
QID1140	2.2874981939736347	1
QID1141	2.5697845771990218	1
QID1142	9.273917835579644	3
QID1143	2.348649357828417	1
QID1144	0.7352783209521896	1
QID1145	2.1659618248481323	1
QID1146	11.850864626335087	2
QID1147	7.226948635552768	3
QID1148	2.5685702530122327	1
QID1149	8.525542900275958	1
QID1150	5.9576560022709915	1
QID1151	10.17985760319659	3
QID1152	1.450932348619195	1
QID1153	3.116086856368664	1
QID1154	10.019911196016963	1
QID1155	0.9255958188587434	1
QID1156	14.629047578296467	2
QID1157	2.80748605691657	1
QID1158	3.9470303518809615	1
QID1159	2.7764140336106395	1
QID1160	1.964090546460017	1
QID1161	2.4257853578173885	1
QID1162	6.203062095912608	1
QID1163	1.1533930241360604	1
QID1164	7.633705819150057	1
QID1165	1.0126432282621038	1
QID1166	0.08665649482002816	1
QID1167	12.000350380798713	1
QID1168	6.485865415002956	2
QID1169	2.9938982749964085	1
QID1170	9.996713954142088	1
QID1171	4.001986423039322	1
QID1172	6.477349752674384	1
QID1173	1.918687123452236	1
QID1174	0.3912551698707609	1
QID1175	7.2302667945307535	1
QID1176	2.4329730127547347	1
QID1177	6.314701609505067	1
QID1178	5.299370674513714	1
QID1179	0.08680965627448439	1
QID1180	7.882040917225914	1
QID1181	3.2536564074498795	1
QID1182	2.656990926551136	1
QID1183	2.2733789326156604	2
QID1184	1.3830613112387258	1
QID1185	10.913156530982118	1
QID1186	3.103895230433822	1
QID1187	6.56620585512367	1
QID1188	3.914370230835504	1
QID1189	4.311360024505344	1
QID1190	0.28374942059277325	1
QID1191	4.6340549725760765	1
QID1192	3.5950057511040723	1
QID1193	1.3795161186154101	1
QID1194	14.497107639971313	1
QID1195	12.486088020025482	1
QID1196	3.261922301559101	1
QID1197	1.1734599688086529	1
QID1198	12.21876032875516	1
QID1199	4.159036634127474	2
QID1200	2.4358240832969447	1
QID1201	0.3863185830932627	1
QID1202	5.014361150030396	1
QID1203	2.4102933441703183	1
QID1204	4.365892422764155	1
QID1205	3.113982598937953	1
QID1206	4.713560060254598	1
QID1207	3.506017332842674	1
QID1208	1.6564300374260958	1
QID1209	0.4985650960471469	1
QID1210	9.228669546137509	1
QID1211	1.9951624734470157	1
QID1212	7.711962738138106	2
QID1213	8.866937423219266	1
QID1214	1.0127334156582168	1
QID1215	0.8958606796968686	2
QID1216	3.999719860152633	1
QID1217	2.7928713414950845	1
QID1218	2.691544082224367	1
QID1219	12.868667729183107	1
QID1220	3.976494891116609	1
QID1221	5.612295099609062	1
QID1222	11.931874120394795	1
QID1223	0.8502829132015991	1
QID1224	11.558073164826169	1
QID1225	2.382503625391416	1
QID1226	5.722709875233438	1
QID1227	4.467719022020604	1
QID1228	0.9643553799512056	1
QID1229	2.965513012189468	1
QID1230	1.8709573841204807	1
QID1231	1.6458685562737343	1
QID1232	2.970110652422412	1
QID1233	3.035441740093082	1
QID1234	0.2453905369733544	1
QID1235	1.5763931490090888	1
QID1236	3.567471735326719	1
QID1237	0.53524318743056	1
QID1238	0.9493483595486772	2
QID1239	4.906554171629684	1
QID1240	2.209327465570498	1
QID1241	7.381952801720656	1
QID1242	1.8819492210592517	1
QID1243	2.697753577882394	1
QID1244	6.723973160658368	1
QID1245	4.168638875550298	1
QID1246	4.032989624855067	1
QID1247	1.4275901083697575	1
QID1248	0.936454328717636	1
QID1249	10.72738386612532	1
QID1250	4.7118926494729205	1
QID1251	6.665195452775108	1
QID1252	0.276016888195932	1
QID1253	1.4029727134385157	2
QID1254	0.0021621338258775115	1
QID1255	2.081073619908711	1
QID1256	10.402807883969023	1
QID1257	5.3628274003533	2
QID1258	3.701942624935503	1
QID1259	3.9335230875007117	1
QID1260	2.8550940399711773	1
QID1261	0.7528922205491984	2
Q2689	0.38703792201777704	2
QID1262	11.493730452017648	2
QID1263	7.729193659750815	1
QID1264	1.0059115369678813	1
QID1265	6.277777343332289	1
QID1266	11.879224451274354	4
QID1267	8.826724715673565	1
QID1268	2.4908939415103704	1
QID1269	5.850515315246718	1
QID1270	2.3846896388916363	2
QID1271	4.115186133970136	1
QID1272	1.0672272593711964	1
QID1273	12.13193495337088	1
QID1274	0.07922041416689353	1
QID1275	4.422852347504158	1
QID1276	3.360948611035901	1
QID1277	3.664473090427104	1
QID1278	1.4887541279870855	1
QID1279	7.353836340676095	1
QID1280	4.763836279510491	1
QID1281	4.505250928806609	1
QID1282	2.852937599272405	1
QID1283	4.6791887208965735	1
QID1284	1.1252173592667931	1
QID1285	4.582076899885398	2
QID1286	9.276694961799123	2
QID1287	12.617675893366394	2
QID1288	0.7101677993013337	1
QID1289	1.1225491813895545	1
QID1290	11.26752229731082	3
QID1291	2.3625001900837304	1
QID1292	7.173460449373716	1
QID1293	9.778058987530056	1
QID1294	3.3977963262282747	1
QID1295	7.9207838940269255	2
QID1296	1.8006389177946367	1
QID1297	1.8786655158454952	1
QID1298	1.7952710658758018	1
QID1299	4.329881526542756	1
QID1300	1.92391877469762	1
QID1301	2.2607140747294605	2
QID1302	0.7884830033854245	1
QID1303	6.866416386471538	1
QID1304	6.227268491759095	1
QID1305	3.8602692066035456	2
QID1306	6.522334704382423	1
QID1307	1.9297418738655159	1
Q2690	3.063983695453628	2
QID1308	5.622540714515604	1
QID1309	8.254266938421642	1
QID1310	5.810211762680493	1
QID1311	0.24264007335866386	1
QID1312	0.4042040242008879	1
QID1313	4.504931449887816	1
QID1314	1.8518187591814337	1
QID1315	1.814116695862045	1
QID1316	12.10542342736781	2
QID1317	8.094386509976133	1
QID1318	5.007557529171753	1
QID1319	2.048142599090539	1
QID1320	3.5628889137640654	1
QID1321	6.130513976561486	1
QID1322	7.1463399588330665	1
QID1323	4.51130499296868	1
QID1324	0.6739684636234452	1
QID1325	3.858407451652488	1
QID1326	5.192509906955332	1
QID1327	0.3711611329826451	1
QID1328	6.859355180043004	2
QID1329	2.083519419177095	1
QID1330	9.631449859680329	1
QID1331	2.789793198503527	1
QID1332	9.81503141491254	3
QID1333	4.9017203466488475	1
QID1334	3.2201115427981697	1
QID1335	5.302361041472647	1
QID1336	0.2297978254442433	1
QID1337	8.824287115481507	1
QID1338	1.3034947207851977	1
QID1339	5.276170762015663	1
QID1340	0.4797938180362997	1
QID1341	2.4149112569170392	1
QID1342	3.5442546387567124	1
QID1343	3.248167606003145	1
QID1344	1.0124782142042053	1
QID1345	2.944763761004561	1
QID1346	0.6987391314459388	1
QID1347	5.453380168223507	1
QID1348	17.399907877703956	5
QID1349	1.2458779874021408	1
QID1350	8.154844228695591	2
QID1351	15.006377105850301	2
QID1352	0.19276060524943733	2
QID1353	8.443842318036436	2
QID1354	0.9810798361133805	1
QID1355	6.482665845759777	1
QID1356	1.1383207901324082	1
QID1357	7.913455857615885	2
QID1358	0.6634856167590503	1
QID1359	0.4655357369513966	1
QID1360	5.923124925352282	1
QID1361	2.753419768980545	1
QID1362	12.250354506640205	1
QID1363	4.932528560776975	2
QID1364	4.3077077918592845	1
QID1365	4.167082229225234	1
QID1366	13.799879823260614	2
QID1367	1.8526211416970548	1
QID1368	5.965044815993354	1
QID1369	4.84004729758839	1
QID1370	1.643366986520674	1
QID1371	2.5150395237937193	2
QID1372	5.7540116431667805	1
QID1373	1.9570422576513025	1
QID1374	4.30746765588197	1
QID1375	6.212922464918683	1
QID1376	2.2459021943570834	1
QID1377	3.617457107711352	1
QID1378	1.7061643272822626	1
QID1379	5.54531758896414	1
QID1380	5.774531884862468	1
QID1381	1.3089467943605209	1
QID1382	5.6084075770403965	1
QID1383	2.824795119915158	1
QID1384	0.9976115943029656	1
QID1385	3.351410590206405	1
QID1386	3.666531736417442	1
QID1387	2.5825710031604574	1
QID1388	0.07837897305069437	1
QID1389	3.9512390558625934	1
QID1390	5.844635853278612	1
QID1391	1.7257755622662667	1
QID1392	0.8190339684595195	2
QID1393	4.2114990986173115	1
QID1394	2.6571138695115057	1
QID1395	3.92775099005508	2
QID1396	3.1360953668425333	1
QID1397	0.4952379786207124	2
QID1398	7.350530431876018	1
QID1399	4.35034740587556	1
QID1400	5.435803433036712	1
QID1401	3.2794922515106206	1
QID1402	2.0380753036473416	1
QID1403	2.3620947229015	1
QID1404	4.539068931011284	1
QID1405	8.049907947330698	1
QID1406	2.5735704385603424	1
QID1407	4.665775602947315	1
QID1408	7.822943273986176	1
QID1409	0.7629632439828963	1
QID1410	6.7313392526227025	1
QID1411	3.277505320149185	2
QID1412	5.115954978288179	1
QID1413	0.971400762632442	1
QID1414	6.136063473982452	2
QID1415	8.002057515465049	2
QID1416	2.9523460279402127	1
QID1417	7.579737816806464	2
QID1418	1.7778327252279964	1
QID1419	0.4402435681056069	1
QID1420	5.853427730502801	1
QID1421	1.2745427084483874	1
QID1422	10.577819295508279	1
QID1423	6.650858697512136	1
QID1424	2.3717524193646438	1
QID1425	4.524065903663527	1
QID1426	2.3055248923761145	1
QID1427	1.3416586337288563	1
QID1428	3.041417002779633	1
QID1429	3.03651180537477	1
QID1430	0.8122551454522569	1
QID1431	5.2156089848747085	1
QID1432	3.23095382069978	1
QID1433	0.5285994010913233	1
QID1434	3.8587129646473737	1
QID1435	2.4298559973079183	1
QID1436	5.361584821523749	1
QID1437	3.9924631231094376	1
QID1438	1.1406097576310352	1
QID1439	1.5310481630259252	1
QID1440	1.0841298845415368	1
QID1441	0.2405217194262732	1
Q2691	1.4803608613762969	2
QID1442	10.277628424265512	1
QID1443	7.690293735116713	1
QID1444	2.6323928468441	1
QID1445	7.457360860326535	1
QID1446	0.6399724432830074	2
QID1447	5.52489227109234	1
QID1448	10.475147167245767	1
QID1449	3.9806085915717646	1
QID1450	6.771429387946055	1
QID1451	1.453984573092447	1
QID1452	8.679737481151076	1
QID1453	0.5220786135637892	1
QID1454	2.2041728794420257	1
QID1455	1.6202385278318892	1
QID1456	0.0037739669935282	1
QID1457	9.012469563285237	1
QID1458	3.764955240043756	1
QID1459	2.301102203882477	2
QID1460	6.949970575492826	4
QID1461	0.3816516454282407	1
QID1462	5.406398353552025	3
QID1463	4.605196153413628	1
QID1464	0.8845307506372371	1
QID1465	3.1076091332048392	1
QID1466	3.7811322903980944	1
QID1467	2.9410402230628736	1
QID1468	3.4826671727159457	2
QID1469	0.9019940588322212	1
QID1470	5.270771089515233	1
QID1471	5.698652703706343	1
QID1472	1.872977942621541	1
QID1473	4.80271820003646	1
QID1474	0.4941137289682501	1
QID1475	2.1449590143936983	1
QID1476	3.1225386341988552	1
QID1477	4.417694545607555	2
QID1478	1.0208412055638088	1
QID1479	8.518403568252584	1
QID1480	3.5101159818905003	1
QID1481	0.7423591110415917	1
QID1482	11.425476351626381	1
QID1483	4.9147714367355535	1
QID1484	7.757435460275889	1
QID1485	1.4215224906975834	2
QID1486	1.0212472519185976	1
QID1487	4.554436855450606	1
QID1488	3.148481726276249	1
QID1489	4.424343214129041	1
QID1490	6.48373643573099	1
QID1491	5.168600297368184	1
QID1492	2.6866019531296903	1
QID1493	4.558753759058278	1
QID1494	3.656183815387279	1
QID1495	1.0614489779770215	2
QID1496	4.3602059776267765	1
QID1497	7.067305890112117	1
QID1498	2.0713320202940126	2
QID1499	3.1585241538431457	1
QID1500	0.5740412841728092	1
QID1501	7.335996903716586	1
QID1502	0.07436404653691121	1
QID1503	0.7954225599711761	2
QID1504	4.080796394978491	1
QID1505	1.306244060894282	1
QID1506	4.7408953795736934	1
QID1507	7.8087532725982225	1
QID1508	4.764537492393948	1
QID1509	5.776212099356684	1
QID1510	1.615963252567428	1
QID1511	0.20937490147877644	1
QID1512	0.06611571310640213	1
QID1513	2.825410025358913	1
QID1514	4.944053894381835	1
QID1515	7.819057026458719	1
QID1516	0.008696058058915887	1
QID1517	2.4557666609475417	1
QID1518	7.778999726869249	1
QID1519	2.764412302298209	1
QID1520	6.246769483781173	3
QID1521	0.009580080574664905	1
QID1522	1.6693858609148953	1
QID1523	2.8057300572327617	1
QID1524	10.182051606601222	1
QID1525	0.8616465213591629	1
QID1526	3.4863399924641185	1
QID1527	0.37285231068227703	1
QID1528	1.0906452935528836	2
QID1529	7.884398582079537	1
QID1530	1.483015629703451	1
QID1531	7.224601555442195	1
QID1532	1.1061361252759652	1
QID1533	1.7385260359203392	1
QID1534	5.6777132386275175	1
QID1535	1.458439641148721	1
QID1536	2.5160115584132403	2
QID1537	4.497089122948125	1
QID1538	8.207700871174087	1
QID1539	1.05720097321826	1
QID1540	8.356815302337736	1
QID1541	2.9381690267516203	1
QID1542	1.4376976523132785	1
QID1543	9.543350180934523	1
QID1544	6.013095232243552	1
QID1545	0.7380083572971096	1
QID1546	2.4153732254502174	1
QID1547	0.4089529176136434	1
QID1548	3.67218181179856	1
QID1549	1.8995701923137795	2
QID1550	3.6627649019692834	1
QID1551	5.033836580136693	1
QID1552	2.884695865881259	1
QID1553	3.0756317289299653	1
QID1554	5.11316427163964	1
QID1555	4.091835207908116	1
QID1556	10.093036261374532	2
QID1557	0.14641380102043933	1
QID1558	2.9605854467195574	2
QID1559	6.054743923290966	1
QID1560	1.642802042190097	1
QID1561	9.606432809684184	1
QID1562	3.947140927338856	1
QID1563	6.676899369637773	2
QID1564	4.154309793747414	1
QID1565	4.439513905986846	1
QID1566	0.10321723184498452	1
QID1567	1.855109671063076	1
QID1568	1.2288028821796115	1
QID1569	1.7866004736465144	1
QID1570	1.4540084084576481	1
Q2692	6.447203934139867	2
QID1571	8.334719782313595	1
QID1572	16.518400387965304	2
QID1573	9.078435558269119	2
QID1574	10.394928455122026	3
QID1575	2.4693912244322043	1
QID1576	3.5597018222146537	1
QID1577	2.694299440908851	1
QID1578	1.0125779131599428	1
QID1579	3.0665697769354705	1
QID1580	4.18068245916196	1
QID1581	0.8753071419080765	1
QID1582	0.6842363739792634	1
QID1583	1.2372362345983638	1
QID1584	4.474153681320653	1
QID1585	5.136317204229342	1
QID1586	1.6380562540801082	1
QID1587	10.408256447637925	1
QID1588	0.08686619278796788	1
QID1589	0.016898528694220958	1
QID1590	2.2995530324382596	1
QID1591	12.250201721280902	3
QID1592	4.170461494941816	1
QID1593	9.673427790555726	3
QID1594	3.1958164196981382	2
QID1595	1.1997457305989634	1
QID1596	6.49681737226345	1
QID1597	8.785408080581384	3
QID1598	5.3863655580943	1
QID1599	15.009919290379043	1
QID1600	2.0602849225776887	1
QID1601	2.818321446723388	1
QID1602	3.0857237442168586	1
QID1603	3.5556300444895954	1
QID1604	0.9445507188949704	1
QID1605	1.4858268619996742	1
QID1606	0.15876863013960035	1
QID1607	0.004281696030358224	1
QID1608	1.9671701578054384	1
QID1609	2.494530088144649	1
QID1610	2.898520976083052	1
QID1611	2.292758662744809	1
Q2693	10.896874281543727	2
QID1612	12.261936030168679	2
QID1613	3.1284333819483887	1
QID1614	11.404548909774745	3
QID1615	5.360018289969744	1
QID1616	6.520025434281491	1
QID1617	0.11244187645986677	1
QID1618	0.04658980675545027	1
QID1619	4.86971959327374	1
QID1620	4.097411856300488	2
QID1621	4.685633130812263	2
QID1622	0.8745696743109055	1
QID1623	4.287638685132398	1
QID1624	0.6517814338773952	1
QID1625	5.706303099230484	1
QID1626	2.797594583199988	1
QID1627	7.939364099102958	3
QID1628	5.737518070008079	2
QID1629	4.008296152803138	1
QID1630	7.1424414711218445	1
QID1631	4.630857502872031	1
QID1632	2.5277804920724174	1
QID1633	0.716941763066927	2
QID1634	7.312471529396333	1
QID1635	1.0523575721441436	1
QID1636	5.726638635145321	1
QID1637	0.6262110829308439	1
QID1638	4.408623094398406	1
QID1639	0.9663166091727836	1
QID1640	1.5457370736911569	2
QID1641	0.5999358312472589	1
QID1642	2.538197705678161	2
QID1643	1.2665048353647799	1
QID1644	3.0135992407478938	1
QID1645	5.0115552463473545	1
QID1646	0.8383317325667179	1
QID1647	2.3971167891020766	1
QID1648	8.376400668136823	2
QID1649	4.8894554188017025	2
QID1650	0.0846628627755481	2
QID1651	2.399898989800206	1
QID1652	4.717572151634406	2
Q2694	1.8229743614329437	2
QID1653	4.6979461482082625	3
QID1654	6.459091300732343	1
QID1655	4.664699221224585	1
QID1656	2.171604585647628	1
QID1657	3.6699369744248673	1
QID1658	7.575339758090212	2
QID1659	2.288068455065634	1
QID1660	7.8959603824636995	1
QID1661	4.098624833300904	1
QID1662	2.3465516852041057	1
QID1663	1.4202328674979898	1
QID1664	8.894964398958715	1
QID1665	0.7021962785867919	1
QID1666	2.1932337091275094	1
QID1667	0.04572461800644264	1
QID1668	4.10668407734442	2
QID1669	7.754268044302218	1
QID1670	6.490751774904589	1
QID1671	0.3384786032087673	1
QID1672	0.62468191950626	1
QID1673	1.2568032087540129	2
QID1674	5.3577379473864175	1
QID1675	1.7579811358137465	2
QID1676	1.97245686509546	1
QID1677	7.921510310359912	1
QID1678	8.808019120094992	3
QID1679	1.0794235432853654	1
QID1680	5.873368391587576	1
QID1681	0.18646573781136555	1
QID1682	1.3503206124431508	2
QID1683	6.947854210694205	2
QID1684	8.566906240005348	1
QID1685	5.158995575821731	1
QID1686	2.4249851433167477	1
QID1687	3.2037497031087585	1
QID1688	2.830624344564149	1
QID1689	3.7995521938497454	1
QID1690	3.070967634293039	1
QID1691	8.332378703849635	1
QID1692	1.5533263909703767	2
QID1693	11.927956091929953	2
QID1694	5.809047066042361	1
QID1695	1.5892818267173126	1
QID1696	11.138107727183527	2
QID1697	4.432990556233472	1
QID1698	0.3196038231819378	1
QID1699	0.4935468441409374	1
QID1700	3.083134544952729	1
QID1701	0.9577308264382548	1
QID1702	15.59513574477381	3
QID1703	12.49240046911474	3
QID1704	6.846437419719607	1
QID1705	0.2291160785343821	1
QID1706	5.008187898748357	1
QID1707	3.8373219891359702	1
QID1708	1.2714511451797341	1
QID1709	0.039604118197580425	1
QID1710	8.255251282431146	1
QID1711	1.568666815065346	1
QID1712	2.030097299084417	1
QID1713	3.2076752874450296	1
QID1714	4.931330425852011	1
QID1715	6.131719670436009	1
QID1716	9.409865770068263	2
QID1717	3.0427164424064443	1
QID1718	1.022823301212554	1
QID1719	2.2209720047131625	1
QID1720	2.827673909149212	1
QID1721	6.825261464959352	1
QID1722	10.29194691993321	1
QID1723	0.6555066539086222	1
QID1724	1.7002132888003498	1
QID1725	3.709483808199185	1
QID1726	3.993818178418855	1
QID1727	5.364023100760586	1
QID1728	3.1817047922159043	2
QID1729	11.754090904515893	2
QID1730	7.171540567473228	1
QID1731	3.307201228715922	2
Q2695	8.020650462800269	2
QID1732	9.157140861327528	1
QID1733	5.070595286495374	1
QID1734	4.876942115198784	1
QID1735	4.254373964620334	1
QID1736	0.017952713553479792	1
QID1737	12.5269858683483	2
QID1738	5.953873433984759	1
QID1739	7.890119104004648	1
QID1740	3.564634299399489	1
QID1741	0.2168429598209154	1
QID1742	3.017081321487491	2
QID1743	3.437802846381123	1
QID1744	7.835764515918216	1
QID1745	4.181462048330557	1
QID1746	0.6022892307261556	1
QID1747	7.66366007773454	2
QID1748	4.2469997972050235	1
QID1749	1.1351770306695863	1
QID1750	2.3020495459086368	1
QID1751	7.9831296828716445	1
QID1752	0.22756140414607026	1
QID1753	5.94400042068466	1
QID1754	5.720502079642259	1
QID1756	10.654752291732358	1
QID1757	0.8689934932455076	1
QID1758	5.441466595870788	2
QID1759	2.9988247724554618	1
QID1760	7.2410034057269765	1
QID1761	1.6101325699966642	1
QID1762	4.962854484056967	1
QID1763	7.933453506182373	1
QID1764	4.5181746758632615	1
QID1765	5.884571229171883	1
QID1766	1.1082202291217504	1
QID1767	2.4469064027250718	1
QID1768	1.321593828415452	1
QID1769	8.132037523180564	1
Q2696	0.4318140922384931	1
QID1770	7.95981245027842	1
QID1771	10.28225509194196	1
QID1772	9.819427325435733	1
QID1773	0.6943881030216525	1
QID1774	8.811916809903751	1
QID1775	3.4127615405320215	1
QID1776	4.9548585648122785	2
QID1777	1.2095240615132468	1
QID1778	1.412841153404349	1
QID1779	8.732988139801774	3
QID1780	0.8821155697989908	1
QID1781	1.5769293475042838	1
QID1782	5.23653529710898	2
QID1783	5.485231458148307	1
QID1784	1.9466915575698251	1
QID1785	6.87051536246392	1
QID1786	0.02770353098655421	1
QID1787	7.315785806335312	1
QID1788	2.2739187120695745	1
QID1789	1.3729363401263652	1
QID1790	5.433408797199501	1
QID1791	1.9670416164447213	1
QID1792	2.963237426529405	1
QID1793	8.033964456384032	1
QID1794	0.8562018973281477	1
QID1795	0.5490929515477172	1
QID1796	3.3938430540105724	1
QID1797	1.4276939535971624	1
QID1798	11.6258445328854	1
QID1799	9.037713227039065	1
QID1800	0.555039638655849	1
QID1801	1.2142101977670017	1
QID1802	4.7904445013298895	1
QID1803	5.257301276391632	1
QID1804	1.7556168636116507	1
QID1805	0.00645616078044069	1
QID1806	0.3415150752695842	1
QID1807	8.350448400840422	2
QID1808	5.4810951401844585	1
QID1809	4.665457553293315	1
QID1810	7.7225390896012485	1
QID1811	2.338831828012629	1
QID1812	0.6057273017582083	1
QID1813	2.872220887038569	1
QID1814	0.17310914105244052	1
QID1815	4.640078422433941	1
QID1816	9.691927690597991	1
QID1817	12.669797371590038	1
QID1818	4.3096890671781125	1
QID1819	0.8070012447475178	1
QID1820	13.596152371115688	1
QID1821	2.8926569919641247	1
QID1822	5.312535778446478	1
QID1823	0.2904133422162504	1
QID1824	3.7998756998889536	2
QID1825	3.1777199098518008	1
QID1826	1.7279268194612485	1
QID1827	4.139559762731124	1
QID1828	2.1174368990205674	1
QID1829	0.8140048425340201	1
QID1830	0.008961644323237017	1
QID1831	3.565146000331608	1
QID1832	0.5104772172209864	1
QID1833	6.957589225299162	1
QID1834	3.1709227138519727	1
QID1835	1.6903632949078795	1
QID1836	1.919230271397476	1
QID1837	4.030845671570751	1
QID1838	3.2091134935317838	1
QID1839	0.09452002903840703	1
QID1840	4.765069769777481	1
QID1841	1.7820374876363778	2
QID1842	1.1130628435805334	1
QID1843	9.130647434997103	1
QID1844	2.3190922145590043	1
QID1845	0.6007679757109711	1
QID1846	4.5854432476253	2
QID1847	3.5639477791749035	1
QID1848	4.757386420773188	1
QID1849	10.136528872386133	1
QID1850	3.038988518631317	1
QID1851	4.427439831332426	1
QID1852	2.1051538590667787	1
QID1853	5.604211913903539	1
QID1854	1.0583821865174103	1
QID1855	3.2912626839351597	1
QID1856	1.2623553250445498	1
QID1857	0.4942834677678512	1
QID1858	1.5153894893929516	1
QID1859	7.399626597933547	2
QID1860	0.8672272626628249	1
QID1861	4.332434345094942	1
QID1862	8.932956894798822	1
QID1863	3.8106260359045963	1
QID1864	8.428138290677131	2
QID1865	3.242434453493762	1
QID1866	3.873365491742076	1
QID1867	2.9389425146747072	1
QID1868	3.0181537503820826	1
QID1869	4.590107093657432	2
QID1870	7.662222555130423	1
QID1871	3.281229728353088	1
QID1872	10.058075080750708	2
QID1873	6.366471168483299	1
QID1874	0.6150864102529405	1
QID1875	7.318688836116147	1
QID1876	4.794562111081171	2
QID1877	3.762303818807324	1
QID1878	0.5761691997765905	2
QID1879	4.05618871838454	1
QID1880	2.387043687097516	1
QID1881	3.026398670775666	1
QID1882	4.658246127472849	2
QID1883	6.0409587143878385	1
QID1884	3.0951207225407096	2
QID1885	2.5692975511630145	1
QID1886	5.284993954230588	2
QID1887	2.4386456240676297	1
QID1888	6.1971577160636295	1
QID1889	1.1462210726917068	1
QID1890	6.3512107110783065	1
QID1891	0.03334541883363487	1
QID1892	1.026658128125274	1
QID1893	10.858699980271748	2
QID1894	0.05374251443661698	1
QID1895	4.698238092654078	1
QID1896	0.01810661876901496	1
QID1897	5.102126960553007	1
QID1898	5.8499424286828265	1
QID1899	7.420142476271	1
QID1900	0.00900659503468605	1
QID1901	3.4701656507622887	1
QID1902	5.986598136948202	1
QID1903	1.5573781687572432	1
QID1904	0.9241855113876644	1
QID1905	1.78202975635855	1
QID1906	0.14830488949477766	1
QID1907	3.4449697184472288	1
QID1908	6.7451912079302545	1
QID1909	2.670670599329975	2
QID1910	2.651782198807188	1
QID1911	0.8457973961045017	1
QID1912	4.487859031384581	2
QID1913	1.005540442515386	1
QID1914	3.853846988586008	1
QID1915	6.362038566107384	1
QID1916	0.5523743342067639	1
QID1917	3.4504534845220096	1
QID1918	3.431405632578345	1
QID1919	2.943213369366125	1
QID1920	2.231134837620283	2
QID1921	17.967131652719683	2
QID1922	5.251904843518422	1
QID1923	3.406277274659576	1
QID1924	5.081932442573087	1
QID1925	5.642524436078102	2
QID1926	3.206106225130444	1
QID1927	2.758252720824436	1
QID1928	3.0948774803531127	1
QID1929	5.5149090417160025	2
QID1930	5.10817850663567	1
QID1931	2.0889179129733604	2
QID1932	7.0601408763107525	1
QID1933	0.7547091050359586	1
QID1934	3.6851085471808	1
QID1935	5.914994529622451	1
QID1936	7.972121738617814	1
QID1937	6.0937063864428564	1
QID1938	9.704249336445132	1
QID1939	3.247192290531326	1
QID1940	1.3866033567963276	1
QID1941	4.665673114089448	1
QID1942	6.7747829239332535	2
QID1943	2.8984918252737177	1
QID1944	1.0081792509206169	1
QID1945	1.6875686838111312	1
QID1946	11.654938494437964	2
QID1947	3.2707736369468496	1
QID1948	1.4904642813573483	1
QID1949	1.97422274020326	1
QID1950	6.481797788412335	1
QID1951	3.609678470522321	1
QID1952	1.4341856517502745	1
QID1953	1.0772352076605691	1
QID1954	5.788650368501357	1
QID1955	6.105677816373007	1
QID1956	11.813855994944415	3
QID1957	2.273815445361554	1
QID1958	6.240367993700428	1
QID1959	1.4972067101700046	1
QID1960	4.613517113511562	1
QID1961	4.543659152431033	1
QID1962	2.1226966978226507	2
QID1963	0.3508021466688297	1
QID1964	1.1196512556376734	1
QID1965	7.071122152494472	1
QID1966	5.038919309349646	1
QID1967	3.1273649077462147	1
QID1968	5.902549922378499	1
QID1969	4.269556698575148	1
QID1970	0.9694543345557144	1
QID1971	3.2707917931555133	1
QID1972	1.0272598400633377	1
QID1973	4.414128049946496	1
QID1974	1.2151170014762445	1
QID1975	11.733350106690068	3
QID1976	1.4203023457018893	4
QID1977	9.650043206018562	1
QID1978	1.9620844121295848	1
QID1979	0.061097208182949274	1
QID1980	0.02624851181029302	1
QID1981	3.8676148220475066	1
QID1982	12.042631894322787	1
QID1983	1.8657981819553668	1
QID1984	9.449679115442922	1
QID1985	0.42856967876112295	1
QID1986	1.2267872557587995	1
QID1987	3.2975046839616056	1
QID1988	9.945787298583527	1
QID1989	0.7547057347154909	2
QID1990	15.115087383569861	2
QID1991	11.361183734875176	2
QID1992	5.363323697480602	1
QID1993	2.0550477421462534	1
QID1994	7.927360519052337	1
QID1995	7.744108372205073	2
QID1996	1.4162768420243308	1
QID1997	2.6247025503052104	1
QID1998	0.039547037086338964	1
QID1999	13.014270765284815	1
QID2000	9.321350410735096	1
QID2001	1.9660983454722425	2
QID2002	1.5592548151182344	1
QID2003	8.563093955243215	1
QID2004	7.740199902270858	4
QID2005	4.8420642361643775	1
QID2006	2.66855323731277	1
QID2007	12.607477122753739	3
QID2008	4.980109668993798	1
QID2009	0.05433302209087089	1
QID2010	6.486431250426012	1
QID2011	3.698675352637632	2
QID2012	3.2988631989476858	1
QID2013	2.2718944281532254	1
QID2014	3.3857362856489823	2
QID2015	10.869156232632566	1
QID2016	3.384961109993087	1
QID2017	2.7583703840255818	1
QID2018	6.265732221019924	1
QID2019	1.86404057655068	1
QID2020	6.918374494394747	2
QID2021	4.589225175477053	1
QID2022	9.635578277625989	2
QID2023	6.291103531665661	1
QID2024	5.262464818295903	1
QID2025	4.154129284413573	1
QID2026	2.192228788190026	1
QID2027	18.33389418944411	2
QID2028	1.6629817885204092	1
QID2029	2.2898629352695896	2
QID2030	9.071466075010484	1
QID2031	1.7384332672443978	1
QID2032	6.052851876650119	1
QID2033	3.3263463350559634	1
QID2034	3.1299576625255856	1
QID2035	4.948890482194399	1
QID2036	1.4652885981097137	1
QID2037	5.469498573965118	1
QID2038	1.863572130159648	1
QID2039	4.252825470630192	1
QID2040	8.024722729739793	1
QID2041	6.900994719716742	1
QID2042	3.1605005737905945	1
QID2043	4.549657570082261	1
QID2044	0.1567734522702865	1
QID2045	2.5317808239392914	1
QID2046	3.364213524285708	1
QID2047	9.286422406976977	2
QID2048	5.0843411622395775	2
QID2049	11.4715446912605	1
QID2050	6.100485929156504	1
QID2051	2.026821274521033	1
QID2052	1.1963764885570811	1
QID2053	1.268832095508297	1
QID2054	2.740440302671693	1
QID2055	0.28635957070875234	1
QID2056	0.2805849007805367	1
QID2057	2.527251501981524	1
QID2058	1.7421965062183407	1
QID2059	8.262428399969359	2
QID2060	2.1333842649715637	1
QID2061	1.6806520705027634	1
QID2062	3.561806771467713	1
QID2063	5.762904420648608	1
QID2064	0.6910752817486279	1
QID2065	3.3241111491310744	1
QID2066	2.6138901603746993	2
QID2067	2.103652493063444	1
QID2068	2.9799688938611286	1
QID2069	2.147397326330863	2
QID2070	4.831726314780815	1
QID2071	4.1462478502773115	1
QID2072	1.7385018135332917	1
QID2073	5.329034154952955	1
QID2074	1.139937773898034	1
QID2075	1.2300024563030163	1
QID2076	6.556843196649793	1
QID2077	1.025181702214795	1
QID2078	5.575787488167438	1
QID2079	0.127438240495279	1
QID2080	4.523964983308197	1
QID2081	1.9205206382446112	1
QID2082	0.3740136467695944	1
QID2083	0.15551369032457535	1
QID2084	7.591370626693971	1
QID2085	3.1754113273077387	1
QID2086	4.251178856444566	1
QID2087	2.3176252485786017	1
QID2088	5.789769224513256	1
QID2089	3.1706595218305136	1
QID2090	0.10905377491359516	1
QID2091	0.9125921918326292	1
QID2092	6.669320855569925	1
QID2093	1.9795028802734924	1
QID2094	4.92522498176822	1
QID2095	0.030243147525951964	1
QID2096	0.7521920906391455	1
QID2097	7.890796024027058	1
QID2098	2.7629963074648938	1
QID2099	2.3061518002235304	1
QID2100	1.8745203717489032	1
QID2101	2.8509932108467977	1
QID2102	0.11740428975267801	1
QID2103	0.632397109747411	1
QID2104	4.166694354040979	1
QID2105	3.729507848921451	2
QID2106	2.8382221938110046	1
QID2107	2.419374515075672	1
QID2108	1.9560950692241457	1
QID2109	2.4834500406220705	1
QID2110	6.945373057061595	1
QID2111	3.3695490111109363	1
QID2112	1.970255238928848	1
QID2113	2.3783396495288085	1
QID2114	0.7322488568729181	1
QID2115	2.5696551048509293	2
QID2116	4.238475348826576	2
QID2117	0.7515341658305897	1
QID2118	9.068467813382039	1
QID2119	4.0777686180817545	1
QID2120	6.125764069142128	1
QID2121	0.09312146072414657	1
QID2122	2.7755041077033296	1
QID2123	0.046996316220963015	1
QID2124	0.15141638591142526	1
QID2125	5.711145192350893	1
QID2126	0.03319289696281617	1
QID2127	1.3158146094426002	1
QID2128	0.9466478509506012	1
QID2129	0.09696515363462244	1
QID2130	3.0262252774514	1
QID2131	0.2683670197931365	1
QID2132	1.6314840253889833	1
QID2133	1.4863629285453468	1
QID2134	1.3663629708972174	1
QID2135	2.050015686270906	2
QID2136	2.700977160523494	1
QID2137	6.9981126587556926	1
QID2138	2.5811623393704637	1
QID2139	1.67602062967683	1
QID2140	6.7526365327021205	1
QID2141	0.1180040349899448	1
QID2142	3.874063995654119	2
QID2143	3.9199159414969222	2
QID2144	2.872296008766523	1
QID2145	5.1124939702689245	1
QID2146	4.5764850614726695	1
QID2147	5.917920348762901	1
QID2148	0.08403416115447014	1
QID2149	1.2265982168955465	1
QID2150	8.59415871379105	1
QID2151	1.5091571261868082	1
QID2152	4.491442647197977	1
QID2153	3.1311881755403106	1
QID2154	6.699224512810838	1
QID2155	0.05530154281580483	1
QID2156	3.726609151690964	1
QID2157	9.394883062836492	1
QID2158	1.7703493526150205	1
QID2159	3.3681521896233058	1
QID2160	1.232100361746645	1
QID2161	0.44761066657966464	1
QID2162	0.13311695824223627	1
QID2163	1.2932923523778177	2
QID2164	8.84525195306003	1
QID2165	5.375448591996079	2
QID2166	4.787153475624921	1
QID2167	0.012026422364302463	1
QID2168	2.323600977271444	1
QID2169	6.903079913919699	4
QID2170	5.152508389183914	1
QID2171	0.01112856910325858	1
QID2172	3.9008729193996965	4
QID2173	0.5416338347744508	1
QID2174	2.9900403455819533	1
QID2175	0.13806474789087395	1
QID2176	0.20740859649229446	2
QID2177	9.248724676850953	1
QID2178	4.758077216072959	1
QID2179	3.0799573162228904	1
QID2180	6.345485225158516	1
QID2181	4.7591643674763615	2
QID2182	8.697015749653492	2
QID2183	2.26093158114914	1
QID2184	2.008846285011245	1
QID2185	2.3422056143486523	1
QID2186	1.4626888319848517	1
QID2187	2.1870400695835737	2
QID2188	2.321874887278292	1
QID2189	7.980118247948562	1
QID2190	1.277077302467028	1
QID2191	0.35915278484107604	1
QID2192	5.9876988029250215	2
QID2193	6.402773893498501	2
QID2194	2.605891632542764	2
QID2195	2.086849523173208	1
QID2196	5.699257407141662	1
QID2197	2.2493901946679324	2
QID2198	0.9869605829704904	1
QID2199	7.280672833427433	3
QID2200	0.591195726957418	1
QID2201	2.2811985298599917	1
QID2202	0.4689981967626563	1
QID2203	2.0613022692952168	1
QID2204	1.3959032783028524	1
QID2205	1.7364013687703492	1
QID2206	0.007074987518035138	1
QID2207	3.1737595195433683	1
QID2208	0.1125706893766334	1
QID2209	0.7339561704619109	1
QID2210	0.9747290834978458	2
QID2211	4.860014687262692	1
QID2212	4.387211077799982	1
QID2213	7.3349395399215345	1
QID2214	9.517735232298305	1
QID2215	2.5304615579576653	1
QID2216	2.700789950825039	1
QID2217	3.877712127835917	2
QID2218	3.1287077254087152	1
QID2219	0.539274354279339	1
QID2220	4.284486587517389	1
QID2221	0.16210909952200692	1
QID2222	0.8087994578679384	1
QID2223	0.6504701264034896	1
QID2224	2.1095810572359674	1
QID2225	0.7933514081023992	2
QID2226	3.0992193751500388	1
QID2227	1.439085755721503	1
QID2228	2.1334901111747584	1
QID2229	2.567116568264474	1
QID2230	0.3232350484425979	1
QID2231	0.3686025921845647	2
QID2232	6.2366644621107135	2
QID2233	3.35220856396984	1
QID2234	0.05994292419177843	2
QID2235	4.3987632379494	1
QID2236	0.9168902738623866	1
QID2237	0.00391265919895759	1
QID2238	5.098570939305425	1
QID2239	2.6343215196912517	1
QID2240	3.2537033699490765	1
QID2241	0.8982064774265955	1
QID2242	2.6044136044925894	1
QID2243	6.5085131322260485	1
QID2244	2.213444332857492	1
QID2245	6.257703334540745	2
QID2246	2.214229660285103	2
QID2247	0.7035011776876233	1
QID2248	3.2325620375435458	1
QID2249	0.5654922641130646	2
QID2250	8.252675096990144	2
QID2251	1.4365959137196698	1
QID2252	4.560359316128663	1
QID2253	5.195269014143942	1
QID2254	4.79055286117513	1
QID2255	0.10448080077946846	1
QID2256	0.2502142269491892	1
QID2257	0.059161360136862774	1
QID2258	6.431704972923669	4
QID2259	5.9437640065497135	1
QID2260	1.4240740547766284	1
QID2261	4.681139653430294	1
QID2262	0.2590482592120613	2
QID2263	9.674975603856636	2
QID2264	7.265711046917852	1
QID2265	4.2576154386327225	1
QID2266	7.582458817365098	1
QID2267	4.655791887122851	1
QID2268	1.0079436857599535	1
QID2269	0.1386475837870872	1
QID2270	0.2584437966263769	1
QID2271	3.7606123083557863	1
QID2272	7.96656904618531	1
QID2273	2.8114581695271443	1
QID2274	5.783607908449776	1
QID2275	0.0209026971166311	1
QID2276	6.4980921843525765	1
QID2277	2.1580570161912367	1
QID2278	3.3398557235902984	2
QID2279	13.271662730323786	3
QID2280	5.507615777031634	1
QID2281	0.7661963680157675	1
QID2282	3.2420868927710287	1
QID2283	0.9067492041223778	1
QID2284	6.043347554377919	1
QID2285	8.131410000980706	1
QID2286	5.737309720883262	1
QID2287	3.691868383066788	1
QID2288	6.125384258670458	1
QID2289	0.4844512272628395	1
QID2290	0.02434844176242077	1
QID2291	0.4861712103324573	1
QID2292	0.026992949800898475	1
QID2293	1.1453936808334113	1
QID2294	1.273992100235539	1
QID2295	1.2033257425541253	1
QID2296	1.1538718907474474	2
QID2297	0.09056579466295918	1
QID2298	0.6114397986146021	1
QID2299	0.0014337674373360555	1
QID2300	1.3736660922103736	1
QID2301	0.01180895686889792	1
QID2302	0.3005710611580951	1
QID2303	0.16811334396588756	1
QID2304	5.987621350813417	1
QID2305	1.7685555243215891	1
QID2306	0.8795570632426633	1
QID2307	0.36144899819182497	2
QID2308	5.134702594410305	2
QID2309	8.531807632632107	1
QID2310	2.6175665484039907	1
QID2311	3.067466056821775	1
QID2312	1.2477196266904391	1
QID2313	0.6858538070229274	1
QID2314	5.448653886622148	1
QID2315	0.13342551608145986	1
QID2316	0.4893709272214442	1
QID2317	0.5812707908391431	1
QID2318	5.510588388015148	1
QID2319	3.138777113766668	1
QID2320	7.062424881960986	1
QID2321	0.00789426475287658	1
QID2322	6.568415707836343	4
QID2323	14.405346902886286	2
QID2324	1.3717597138623825	1
QID2325	5.7199255969170375	1
QID2326	6.818073962486254	1
QID2327	0.5944742087037961	1
QID2328	0.3728679241182581	1
QID2329	1.3493836743287309	1
QID2330	5.267881010905304	1
QID2331	2.4000875926975973	1
QID2332	1.5852084418446657	1
QID2333	0.059105806809272174	1
QID2334	1.4022312603854838	2
QID2335	0.9358538808090182	1
QID2336	13.074865607236092	1
QID2337	3.690871419284455	1
QID2338	4.0299550803880875	1
QID2339	1.8063373451086329	1
QID2340	3.6407221893177484	1
QID2341	3.0271145704005136	1
QID2342	2.5600338010673536	1
QID2343	7.047125812538668	1
QID2344	7.479471313410062	1
QID2345	3.8495575798307606	2
QID2346	4.141005470972411	1
QID2347	0.5124777029493286	1
QID2348	5.049859984683888	1
QID2349	2.8653856585347124	1
QID2350	3.464417600227415	1
QID2351	6.785376942802758	1
QID2352	2.050273196767439	1
QID2353	3.7007062945624214	1
QID2354	3.1996624391177484	1
QID2355	5.350032424861294	1
QID2356	1.2591884031802958	1
QID2357	2.443653223991421	2
QID2358	2.415279748537668	1
QID2359	5.121298354628874	1
QID2360	5.75912805457302	1
QID2361	3.3486147058870874	1
QID2362	3.117149241775143	1
QID2363	3.1034327854078136	1
QID2364	3.881704839708336	1
QID2365	0.534608837261552	1
QID2366	4.378687696217469	1
QID2367	1.4771323040002362	1
QID2368	6.452086773167344	2
QID2369	4.035380138080337	1
QID2370	1.7930988594541828	1
QID2371	5.145850528614842	2
QID2372	7.490981430270144	1
QID2373	7.269086948758331	2
QID2374	1.7522905359350731	1
QID2375	6.1254230137888594	1
QID2376	0.733356847941249	1
QID2377	1.7549676744736478	2
QID2378	1.9856253506197836	1
QID2379	4.496640338621472	1
QID2380	0.15150276054935	1
QID2381	2.346982975255596	1
QID2382	3.1323890742959133	1
QID2383	1.3686456478470612	1
QID2384	6.582660829695589	1
QID2385	2.5049697220352622	1
QID2386	1.3967722882358211	1
QID2387	2.0216350236467915	1
QID2388	5.691983651091464	2
QID2389	1.1526145811806143	1
QID2390	4.548530481882342	1
QID2391	2.2790006814093493	1
QID2392	6.556641525825278	1
QID2393	0.4480426380339351	1
QID2394	2.9479545058881937	2
QID2395	4.978475393620578	1
QID2396	2.5437933724517805	1
QID2397	2.3329835776844363	1
QID2398	2.4407435872220957	2
QID2399	0.5159664839205057	1
QID2400	2.8210474963395025	1
QID2401	6.761421305898648	1
QID2402	2.6633843340466994	1
QID2403	1.2598026640840807	1
QID2404	2.65415661394697	1
QID2405	6.8928860224100585	1
QID2406	2.2465834453285924	1
QID2407	0.5556216278318764	1
QID2408	0.9672109254142259	1
QID2409	0.5689416498943906	2
QID2410	8.047556951945818	1
QID2411	4.7545249317640765	1
QID2412	3.2147782713381923	1
QID2413	3.2774468579004004	1
QID2414	1.7557233456861772	2
QID2415	0.025268024134789173	1
QID2416	11.315022876867031	1
QID2417	3.4189020098119447	1
QID2418	1.5964575533851686	1
QID2419	1.2531283918153744	1
QID2420	7.3556908438016055	2
QID2421	0.625840483490848	1
QID2422	3.4007687890841782	1
QID2423	4.518776459162969	2
QID2424	4.8816593747786	1
QID2425	3.905129955458287	1
QID2426	3.675823942419919	1
QID2427	11.09975194187115	1
QID2428	6.374411148444456	1
QID2429	7.131330961182702	2
QID2430	1.674007260917423	1
QID2431	0.006534233058670993	1
QID2432	5.288236446781291	2
QID2433	4.689979149892119	1
QID2434	2.183111519881657	1
QID2435	3.0601180894844715	1
QID2436	1.4818262175786787	1
QID2437	8.367045256354643	1
QID2438	1.0318523025846575	1
QID2439	0.046458670049251236	1
QID2440	5.778368723728428	1
QID2441	0.5949710852715545	1
QID2442	1.4036864949659036	1
QID2443	0.20022450899052893	1
QID2444	4.070778893519481	1
QID2445	4.805066115461448	1
QID2446	4.873124804108251	1
QID2447	0.07636001771688374	1
QID2448	0.43919039648523184	1
QID2449	3.719204715842252	1
QID2450	4.284665678572593	1
QID2451	0.004552940768610418	1
QID2452	7.7344322958384115	2
QID2453	6.925248349728487	1
QID2454	2.3825082995919113	1
QID2455	3.318944455926677	1
QID2456	3.220814474550864	1
QID2457	10.517935457596217	2
QID2458	1.2855935073103408	1
QID2459	5.703117086546674	1
QID2460	0.5932372854173171	1
QID2461	0.0034422649011363856	1
QID2462	3.3199962902520035	2
QID2463	3.3148606634431315	1
QID2464	1.2114327152833395	1
QID2465	4.928156569305743	1
QID2466	0.06756801979433046	1
QID2467	0.10358225104858468	1
QID2468	4.745610553732912	1
QID2469	3.142989679289041	1
QID2470	0.02141797077883292	1
QID2471	3.10673953642742	2
QID2472	9.984950816849567	1
QID2473	2.2425218307928723	2
QID2474	5.46720937432888	2
QID2475	3.017867108670706	2
QID2476	2.790412306464402	1
QID2477	5.111502622141958	1
QID2478	1.3582067150374189	1
QID2479	1.5611436995023116	1
QID2480	4.153613865706292	1
QID2481	2.3873979321029233	1
QID2482	0.5883422726206916	1
QID2483	1.4684826205025532	1
QID2484	0.5804512655061167	1
QID2485	0.04328344575298505	1
QID2486	2.5394161925251	1
QID2487	3.389550523617268	1
QID2488	3.378445559632896	2
QID2489	0.21770862184456166	1
QID2490	1.86072097114899	1
QID2491	3.659537928502992	1
QID2492	3.41443948422582	1
QID2493	0.2493402489748253	1
QID2494	11.297226818206411	1
QID2495	0.7408792702200151	1
QID2496	3.2146934958419693	1
QID2497	15.567358954228773	2
QID2498	2.6410788109008423	1
QID2499	4.59039451902421	1
QID2500	2.3357772557396785	1
QID2501	0.3153062908511935	1
QID2502	0.009559164021996034	1
QID2503	0.4361749799398335	1
QID2504	4.029704890503476	1
QID2505	0.5340917104870399	1
QID2506	0.5090077875544556	1
QID2507	0.7996253400235075	1
QID2508	2.7605799051221016	1
QID2509	5.359222115081724	1
QID2510	0.6994379207798417	1
QID2511	0.2521521284145928	1
QID2512	0.00661646017289351	1
QID2513	1.4424327312570866	1
QID2514	0.5063792874938796	1
QID2515	1.9884997669960784	2
QID2516	2.6295474792505593	1
QID2517	0.2171197671911436	1
QID2518	0.016774616569320073	1
QID2519	6.3166251431104925	1
QID2520	1.0378629747409716	1
QID2521	7.50068760505096	1
QID2522	4.005171209346861	1
QID2523	3.255450451277617	1
QID2524	0.9598920420620468	2
QID2525	9.608375672670826	1
QID2526	4.102165149852681	1
QID2527	1.625924905443194	1
QID2528	0.9256553773856478	1
QID2529	8.061867315261829	1
QID2530	3.809625287579205	1
QID2531	0.5013614782409159	1
QID2532	1.5646103829286575	1
QID2533	6.475440985998302	1
QID2534	0.06568246729846737	1
QID2535	0.6593454748903926	1
QID2536	5.699190533234372	2
QID2537	1.9503541771667368	1
QID2538	4.045350910093513	1
QID2539	0.9700125273225008	1
QID2540	0.25666869785101754	1
QID2541	2.6558074995960887	1
QID2542	0.16586400273005136	1
QID2543	5.139992563548269	2
QID2544	1.1023153981771852	1
QID2545	5.562529570698068	1
QID2546	1.1118749657628382	1
QID2547	0.42519011400407625	1
QID2548	1.012638356775866	1
QID2549	4.071562340202555	1
QID2550	0.5697712115338192	1
QID2551	4.435386759554891	2
QID2552	2.2430250530991565	2
QID2553	3.9472035580608447	1
QID2554	0.6532271299576007	1
QID2555	3.3634489274873545	1
QID2556	6.463560465483552	1
QID2557	1.4220325368416944	1
QID2558	0.6100780066026509	1
QID2559	0.3507071027474392	1
QID2560	2.009147248174679	1
QID2561	0.23210901461284986	1
QID2562	3.5732210158310425	2
QID2563	3.166807685403648	1
QID2564	0.8047222603832177	1
QID2565	3.7536468848825413	2
QID2566	6.4447680204151085	1
QID2567	1.6259759581452862	1
QID2568	5.318899878991967	1
QID2569	0.9276314870445749	1
QID2570	0.07593467970980995	2
QID2571	1.6367980599548364	1
QID2572	2.9855292438458134	1
QID2573	3.1898640871218653	1
QID2574	7.074550326636995	1
QID2575	8.980112996593965	1
QID2576	7.611029554632366	1
QID2577	8.661244003712453	1
QID2578	0.245903555132566	1
QID2579	2.88073593997826	1
QID2580	6.0344650683394425	1
QID2581	2.560665052740396	1
QID2582	3.43289485854372	1
QID2583	6.2864543385730505	1
QID2584	2.875891242988033	2
QID2585	3.1530432854999444	1
QID2586	8.8033554869243	3
QID2587	4.571546063029138	1
QID2588	2.3087841975692327	1
QID2589	0.018453797460761426	1
QID2590	5.2637592968370965	1
QID2591	1.991227064158412	2
QID2592	0.6309394672834113	1
QID2593	3.6810952052660433	1
QID2594	5.816026861720308	1
QID2595	1.562328683868845	1
QID2596	7.848604061232443	2
QID2597	1.182157284056753	1
QID2598	3.026713423599953	2
QID2599	1.90546824138614	1
QID2600	5.959172833949759	1
QID2601	3.227854644271764	1
QID2602	0.11412243732121795	1
QID2603	2.4817744865458424	1
QID2604	0.09036360324568607	1
QID2605	5.150291680182781	4
QID2606	0.9452854164977312	1
QID2607	1.2061828669488517	1
QID2608	4.05576752992129	1
QID2609	4.586102741287842	1
QID2610	5.7650711627890185	1
QID2611	0.3885172654894743	1
QID2612	4.653265141799613	1
QID2613	5.019373758769702	2
QID2614	1.8384049393315105	1
QID2615	2.0056287479005306	1
QID2616	3.635080830743739	1
QID2617	2.5378809505767825	1
QID2618	4.537672336577899	1
QID2619	3.2176638925148366	1
QID2620	2.2674954761376696	1
QID2621	2.391974761999804	1
QID2622	0.7724138901352889	1
QID2623	2.6553653866254527	1
QID2624	2.847149004280203	1
QID2625	2.53795728386051	2
QID2686	6.579899402240389	1
QID2688	4.179523339743051	1
QID2689	14.793345696401675	1
QID2690	4.266752999632358	1
QID2691	2.0579316925949933	1
QID2692	0.4155077708307422	1
QID2693	12.465272740955465	3
QID2694	3.613989515454668	1
QID2695	4.8481752413268655	1
QID2696	4.6073325539095356	2
QID2697	4.320995731680234	1
QID2698	1.3286660456203594	1
QID2699	4.270430090934089	1
QID2700	5.2904857322076735	1
QID2701	7.075951437517215	1
QID2702	2.465981164693749	1
QID2703	3.1128677724829386	1
QID2704	2.8180788545163806	1
QID2705	3.779847613363315	1
QID2706	0.00469785878478136	1
QID2707	8.712701178882066	2
QID2708	3.637891277644627	2
QID2709	7.263080080506621	1
QID2710	5.905745798565563	2
QID2711	1.0134724980412728	1
QID2712	2.6597530775925664	1
QID2713	3.6041283765190255	1
QID2714	1.1677468895310017	1
QID2715	1.1851947738226505	2
QID2716	5.654305659047053	1
QID2717	1.2202984480598522	1
QID2718	0.2630896036925637	1
QID2719	5.483081254608598	1
QID2720	1.3742769639199948	1
QID2721	7.847623740112827	4
QID2722	4.371120692085125	1
QID2723	0.8933861393767262	1
QID2724	7.191040944476242	1
QID2725	2.502772596360649	1
QID2726	5.153608144377161	2
QID2727	4.184496635421171	1
QID2728	0.011849952473737432	1
QID2729	4.606601400491746	1
QID2730	0.4223497675240333	1
QID2731	6.292385185339848	1
QID2732	0.06165017616868412	1
QID2733	1.6055849773993245	1
QID2734	0.3247422323138562	1
QID2735	9.369613964509892	1
QID2736	0.39987472939262897	1
QID2737	5.887621465694179	1
QID2738	4.850344294104769	3
QID2739	0.2913782319460827	1
QID2740	6.297477918474059	1
QID2741	4.7838060888276175	1
QID2742	6.077294319914265	1
QID2743	2.5910348267001297	1
QID2744	9.543214194557828	3
QID2745	6.546243355965822	2
QID2746	3.3153977150462004	2
