Word_Unique_ID	Surprisal	NumTokens
QID1	1.0940868185547974	1
QID2	5.27431587838048	1
QID3	8.004793968798102	3
QID4	0.8520127310677134	1
QID5	4.2157243821279415	1
QID6	3.0210505115280357	1
QID7	4.194314044852046	1
QID8	9.082715324682283	1
QID9	0.6535419714901538	1
QID10	3.943438784300634	1
QID11	3.0917467934288685	1
QID12	4.5192125981154385	2
QID13	4.128298968166528	1
QID14	2.03449957961007	1
QID15	0.8945968749611943	1
QID16	2.1286794459726264	1
QID17	6.641217883661086	1
QID18	1.7525009732611625	1
QID19	6.737076457832334	1
QID20	1.5086268126156233	2
QID21	2.40511911277743	1
QID22	5.4840321519517	1
QID23	7.4440973893378475	2
QID24	1.3870720168784745	1
QID25	1.3207762104830367	1
QID26	6.239350038258512	1
QID27	1.536674676809007	1
QID28	2.272849154930692	2
QID29	1.3091271648267542	1
QID30	4.488695849262792	1
QID31	0.5421720696621862	1
QID32	2.3464752520371444	1
QID33	1.936387715797244	1
QID34	0.6414040256574519	1
QID35	2.881426342662827	1
QID36	2.8887442110986887	1
QID37	3.1151657801174415	1
QID38	1.261069784858583	1
QID39	0.15991618979359784	1
QID40	3.5536972682879666	2
QID41	3.2841710746156876	1
QID42	0.4378363616620788	1
QID43	8.126744624980885	1
QID44	0.17749546361529667	1
QID45	1.093463946184306	1
QID46	1.0149723422158796	1
QID47	2.7634334182704845	1
QID48	0.8989508839485145	1
QID49	5.234292410918392	1
QID50	1.6924947005048645	1
QID51	7.208023575512795	1
QID52	2.1439021588958287	1
QID53	2.8424492392273124	1
QID54	0.5702103833319419	1
QID55	1.7259673973324825	1
QID56	3.1799674236679984	2
QID58	4.193980332880821	1
QID59	3.549750878935189	2
QID60	1.7717232336170037	1
QID61	6.320954318661362	1
QID62	10.064215221794324	3
QID63	4.810955248442818	1
QID64	4.213121964129859	2
QID65	2.6024146931724674	1
QID66	4.323934893838637	1
QID67	0.8395864336070794	1
QID68	10.081119298372316	1
QID69	5.534331435009083	2
QID70	1.6909188376683328	1
QID71	7.59522753174232	1
QID72	0.8961663366729898	1
QID73	0.7376938540605665	1
QID74	1.5964235344776965	1
QID75	0.412535652925465	1
QID76	2.0451071549686484	1
QID77	2.9405181680480568	1
QID78	1.3495398344538694	1
QID79	1.6005566561622655	1
QID80	0.0848520790938581	1
QID81	5.177145484367967	2
QID82	7.8475095285667695	1
QID83	0.15725738977567408	1
QID84	6.080805145328943	1
QID85	1.3212311015157492	1
QID86	3.370436404226111	1
QID87	4.445018773975263	1
QID88	1.6062352403786258	2
QID89	5.7045219787029104	1
QID90	0.4405978817631453	1
QID91	5.690170752295997	3
QID92	2.168019964468007	1
QID93	9.52062698856918	2
QID94	3.2131957367149453	1
QID95	0.5166955965657447	1
QID96	2.329509398401354	1
QID97	0.0697799554657307	1
QID98	12.154535229999668	3
QID99	8.818107475672507	2
QID100	5.020691144170054	1
QID101	2.071891670626409	1
QID102	6.490320551336701	1
QID103	0.2790341325198223	1
QID104	9.56091002099532	1
QID105	0.4841891408066973	1
QID106	9.278483286436208	1
QID107	0.5680981574459598	1
QID108	0.12638047727989168	1
QID109	4.574133764776408	1
QID110	1.8514409727125507	1
QID111	0.6820409284062859	1
QID112	0.17790831783863187	1
QID113	1.4956786120506664	1
QID114	0.31842892531243355	1
QID115	9.434455891971844	3
QID117	5.384999582766284	1
QID118	2.0217959290560854	1
QID119	11.369210820028155	2
QID120	9.311615422057402	2
QID121	0.21214873139043666	1
QID122	1.6894825455211808	1
QID123	0.15893669873749589	2
QID124	0.08508319034966921	2
QID125	0.627151188942343	1
QID126	4.965332905027205	1
QID127	1.867045736118018	1
QID128	1.2995243818957367	1
QID129	6.538678329106622	1
QID130	0.8269938832710795	1
QID131	0.3783657717926098	1
QID132	4.713179032750864	1
QID133	4.39766961272876	1
QID134	5.691708899212853	1
QID135	0.3623942854607398	1
QID136	3.123669256478259	1
QID137	1.983649116412113	1
QID138	4.689416031115678	1
QID139	3.0997696456636388	1
QID140	1.2283867497684282	2
QID141	1.9689202867597189	1
QID142	2.9223935001092682	2
QID143	5.2430542218213345	1
QID144	0.6404590143078592	1
QID145	2.1402201351487142	1
QID146	0.2771945066415644	1
QID147	1.232148477326491	1
QID148	1.5783576784940403	1
QID149	3.727599389193817	1
QID150	3.6934110718918727	1
QID151	0.3265566199627061	1
QID152	8.258836563080362	1
QID153	0.235221234789198	1
QID154	3.1274876971194328	1
QID155	3.799407574564553	1
QID156	0.061551446030427275	1
QID157	0.9423133095158291	1
QID158	3.3277358829575814	1
QID159	1.6719768645899429	2
QID160	3.4758605975237074	2
QID162	0.41924975141848375	1
QID163	0.030429823243186757	1
QID164	2.9507443865143417	1
QID165	4.774405073592685	1
QID166	1.405352436067554	1
QID167	0.9079497764506568	1
QID168	4.439150052193138	1
QID169	0.4946661073927847	2
QID170	3.4024535832458978	1
QID171	3.651307084425132	1
QID172	2.8572576878808422	1
QID173	3.5728692875957813	2
QID174	12.883184998897095	1
QID175	6.000653479867308	1
QID176	3.6557051039359156	1
QID177	1.789426579482729	1
QID178	3.604760120112529	1
QID179	8.799850558647023	2
QID180	5.0529778861958325	1
QID181	1.074065399040611	1
QID182	1.3590277806915014	1
QID183	10.303875625126821	1
QID184	2.834495069215475	1
QID185	8.59408126980378	1
QID186	5.381013637057222	3
QID187	2.5676584008667884	1
QID188	1.1872397763938185	1
QID189	3.089208606609037	2
QID190	0.931386432944724	1
QID191	2.9640123549950563	1
QID192	2.6747113094447448	1
QID193	9.32343665452124	1
QID194	2.674680106350848	1
QID195	7.28837120087338	2
QID196	3.3219433380014918	1
QID197	1.4330167296644227	1
QID198	11.117217158915539	2
QID199	7.352238332084567	1
QID200	3.2793096946825786	1
QID201	0.33835601393530723	1
QID202	4.566703580259213	2
QID203	1.2162369509635904	1
QID204	12.538773955806375	3
QID205	9.01053865162231	1
QID206	8.283442638358741	2
QID207	1.7597686084500563	1
QID208	4.592672850538067	1
QID209	2.7381781535565914	1
QID210	5.360275466939019	1
QID211	0.8745472155054287	1
QID212	1.484452178075082	1
QID213	2.2457725388461807	1
QID214	5.484949188754004	1
QID215	2.2954260907831654	1
QID216	4.901149574086012	1
QID217	1.5983173235004389	1
QID218	0.12489192367004524	1
QID219	3.6038407885641517	1
QID220	3.6654894764111488	2
QID221	1.969295948839784	1
QID222	0.9168807618333288	1
QID223	3.769419428619885	1
QID224	2.9334196652432576	1
QID225	0.5352782446393868	1
QID226	5.4976776346549405	2
QID227	3.12072981443826	1
QID228	4.567003891253968	1
QID229	11.710633893470444	1
QID230	0.7329810382833876	1
QID231	6.663046567386237	2
QID233	8.622956458858745	2
QID234	13.760952522637815	2
QID235	2.655797906463919	1
QID236	4.992616188006814	1
QID237	2.2493623710932216	1
QID238	1.0592019198839748	1
QID239	2.4988967361306202	2
QID240	3.3080960240473014	1
QID241	0.19346284945981665	1
QID242	10.36752452592328	1
QID243	2.6708517313157807	2
QID244	1.4522935656500822	1
QID245	2.5365416790266537	1
QID246	3.615388225946541	2
QID247	1.229668998498894	1
QID248	3.0574344827404576	1
QID249	3.9863320250455945	1
QID250	0.5923303315508817	1
QID251	13.524196089633767	3
QID252	0.058682064322685676	1
QID253	1.2530202429878678	2
QID254	3.9581947058524274	1
QID255	1.2883583850618578	1
QID256	8.692132483689415	2
QID257	3.308210128170761	1
QID258	0.5166537270682983	1
QID259	5.508669810114377	2
QID260	3.0431626126496307	1
QID261	0.5146711177275053	1
QID262	5.9390097972516775	1
QID263	0.4778136946852709	1
QID264	0.7134570879823557	1
QID265	0.8465988515707141	1
QID266	1.0460389986702348	1
QID267	3.3656964150141584	1
QID268	4.410330695947311	1
QID269	0.01085060518638049	1
QID270	5.1546609936001015	2
QID271	2.247166755467332	1
QID272	2.5404246465852616	1
QID273	2.032168918277995	1
QID274	0.0017013732576957614	1
QID275	3.836318592899668	1
QID276	5.5034059595240725	2
QID277	2.7845285073373294	1
QID278	4.8164757301601435	1
QID279	4.825596113556383	1
QID280	3.3651202701496743	1
QID281	0.03250363882662306	1
QID282	1.4463495825915686	1
QID283	0.9993865139224088	1
QID284	3.7964529562248823	1
QID285	0.4791124814052677	1
QID286	5.9508258392121895	2
QID287	0.7639104125342167	1
QID288	1.0521659866878237	2
QID290	7.906143541862872	1
QID291	10.278304861439734	1
QID292	7.617220252992857	1
QID293	4.49264616485221	1
QID294	3.838966834411349	1
QID295	4.262429239572826	1
QID296	0.2486619971083052	1
QID297	4.478531277273513	1
QID298	3.0482577393684807	1
QID299	7.628084835937256	1
QID300	5.838878274241082	2
QID301	2.8602480954668503	1
QID302	6.314874902659862	1
QID303	3.5124639790174044	1
QID304	0.9747442819333876	1
QID305	12.454827140115295	3
QID306	4.137670119520055	1
QID307	7.010193433072216	1
QID308	0.7657776735404158	1
QID309	2.033348058794327	1
QID310	0.09690757577015152	1
QID311	1.5464805102067398	2
QID312	2.225785426085113	1
QID313	3.3683730864092745	1
QID314	0.25342651353958484	1
QID315	2.047240167473611	1
QID316	1.6409401988354002	1
QID317	1.4692624923740385	1
QID318	8.937526299854666	3
QID319	1.3843631686046458	1
QID320	3.4447009081881026	1
QID321	0.9356373704822302	1
QID322	4.056642126298431	2
QID323	4.011024539394468	1
QID324	8.764195803092491	1
QID325	10.569265449829402	2
QID326	6.011951021872598	1
QID327	0.9365578251904648	1
QID328	6.2314390798762735	1
QID329	4.81509239219714	1
QID330	6.752954094700607	1
QID331	7.50594350319438	1
QID332	0.8886789465115972	1
QID333	1.6255194999511418	1
QID334	6.537350087850323	1
QID335	6.03164721663435	2
QID336	4.6089436468941685	1
QID337	3.910458303286779	1
QID338	8.556463120821213	1
QID339	0.8936618368615133	1
QID340	3.9013253420374383	1
QID341	4.8577825865665725	1
QID342	1.8325078982553793	1
QID343	6.395187180929706	1
QID344	1.1398029136924852	1
QID345	4.502783605665902	2
QID347	9.693641633070268	2
QID348	6.6464095902268845	2
QID349	0.6178682175103045	1
QID350	4.32306121382042	1
QID351	2.4144985710193825	1
QID352	2.8257413993275344	1
QID353	8.063476825869467	2
QID354	3.614513934644113	1
QID355	2.936371084167781	1
QID356	4.697506715550281	1
QID357	8.836550113327666	2
QID358	2.125272067415686	1
QID359	3.1035305432832665	1
QID360	0.9661210045515972	1
QID361	3.683205568798377	2
QID362	8.747526452223111	1
QID363	0.5845240955330125	1
QID364	6.980402626903365	1
QID365	0.276390949609898	1
QID366	0.2764372771924637	1
QID367	6.744919322732542	1
QID368	10.985374212418094	1
QID369	3.168655264556895	1
QID370	5.770534626340091	1
QID371	4.0946114335224335	2
QID372	1.5441215636595305	1
QID373	3.7397797990234762	1
QID374	2.2807791859131776	1
QID375	6.30265709639598	2
QID376	2.1509850531142285	1
QID377	2.38969841322057	2
QID378	1.2733750181081889	1
QID379	3.1878481335541085	1
QID380	1.3357698085069132	2
QID381	1.2595227110509066	1
QID382	1.4238244478195057	1
QID383	9.152678702730883	3
QID384	2.434734234125784	1
QID385	1.695144228996183	1
QID386	0.4705072989416944	1
QID387	0.5906160152864771	1
QID388	3.2632075026557468	1
QID389	2.737254569651961	2
QID390	2.0083280289835086	1
QID391	4.098238299489848	1
QID392	4.241816768597117	1
QID393	1.307417300749843	1
QID394	1.239026646728179	1
QID395	0.8413899773303118	1
QID396	3.578540239334996	2
QID397	1.6014509090743458	1
QID398	0.9826209837560844	1
QID399	9.929377766331406	3
QID400	4.109373716870587	1
QID401	2.538860261962578	1
QID402	10.500357121588257	3
QID404	6.558606658107912	1
QID405	2.83957878886382	1
QID406	3.7347213399544086	1
QID407	4.997804404586849	1
QID408	2.5094638150065087	1
QID409	0.6095612298340691	1
QID410	2.0171313632132066	1
QID411	4.526531711819744	1
QID412	0.045694940346911066	1
QID413	4.888528613710455	2
QID414	5.363152497935731	1
QID415	1.7262205677705678	1
QID416	1.2662291605746958	1
QID417	4.224260968323684	1
QID418	0.20836477185104246	1
QID419	4.038017700323252	1
QID420	0.009599354687666218	1
QID421	3.5342194654956267	1
QID422	1.7459943169695278	2
QID423	5.777638322462107	1
QID424	10.604015135576908	1
QID425	5.045344026140907	1
QID426	0.9214532817019682	1
QID427	0.8816736308822679	1
QID428	7.760086927380002	1
QID429	0.8886573105488365	1
QID430	0.0039685054188475614	1
QID431	3.826702613113445	1
QID432	4.956469195276509	3
QID433	3.4268437345437635	1
QID434	0.4262189218934989	1
QID435	1.4925087107980848	1
QID436	1.7309646536556464	1
QID437	4.6723227494983	1
QID438	0.43659089340857465	1
QID439	9.083136327546567	1
QID440	2.085315749667334	3
QID441	1.6719619577545897	2
QID442	3.170115252511428	1
QID443	1.043160371419435	1
QID444	0.9307246340581004	1
QID445	2.714254495290464	1
QID446	1.5174937803977055	2
QID447	3.113241329056669	1
QID448	4.395381384035336	1
QID449	4.966177801294591	1
QID450	4.247062115086882	1
QID451	1.186173605752893	1
QID452	1.5664605821042783	2
QID453	3.2314735791129396	1
QID454	1.5241190969267209	1
QID455	1.4636630059064335	1
QID456	0.2288531142771987	1
QID457	0.2558327539418485	1
QID458	2.7286381764999503	1
QID459	2.872143984089345	2
QID460	2.3321568172549587	1
QID461	1.3746922989239831	1
QID462	12.55435192786603	2
QID463	9.30203726207294	2
QID464	2.3568454942842547	1
QID465	2.3743095567227748	1
QID466	7.796023370398286	1
QID467	2.1026134508147383	1
QID468	2.2736611501014377	1
QID469	14.674478883786614	5
QID470	7.0835421375327465	1
QID471	6.9815483374769505	2
QID472	4.557073483527171	1
QID473	0.3460861552483631	1
QID474	0.08211163106369015	1
QID475	0.4453602472167201	1
QID476	6.143670510062427	4
QID477	0.031680711177600095	1
QID478	3.1330254336335206	1
QID479	12.282945227473586	3
QID480	5.29946494686862	1
QID481	0.3864885549073225	1
QID482	5.506149014031163	1
QID483	3.2113799418072606	2
QID484	6.0226841550597845	1
QID485	12.767341009891432	2
QID486	2.39935135119807	1
QID487	0.6997162880229004	1
QID488	0.30268447058558473	1
QID489	0.8094451120503503	1
QID490	6.068136711462795	1
QID491	2.2494948628631652	1
QID492	0.13164237471213902	1
QID493	3.0651723633809898	1
QID494	3.2441469714727003	1
QID495	4.056820261371741	1
QID496	1.7088402504757925	1
QID497	5.1097901922744375	2
QID498	2.3197659953959033	1
QID499	9.373663904159578	3
QID500	4.415755587401115	1
QID501	6.554034902982638	1
QID502	3.8269423560052154	1
QID503	0.2444556788493128	1
QID504	9.03039269441523	2
QID505	1.0300245716195842	1
QID506	6.990247012737775	1
QID507	0.9459940282311338	1
QID508	0.8078627561380934	1
QID509	2.144076171115181	1
QID510	1.641192431660308	1
QID511	7.824522048662062	1
QID512	1.8938620708201197	1
QID513	3.371779475199925	2
QID515	13.089284617117224	3
QID516	11.045202895951288	1
QID517	2.0594601787804816	1
QID518	5.79115744788991	2
QID519	4.5896124740942845	2
QID520	2.501086239732276	1
QID521	1.924750386342192	1
QID522	3.7052218443376472	1
QID523	1.0395042763143203	1
QID524	1.460815655262117	2
QID525	4.7809722244647626	1
QID526	4.222229938955695	1
QID527	1.5403710958759538	1
QID528	3.906277013937773	1
QID529	0.12275263312053153	1
QID530	4.9524987729836605	1
QID531	0.6918867548917244	1
QID532	2.3534160122888093	2
QID533	2.2732976057045438	1
QID534	4.413875819764064	2
QID535	6.1000394756953975	2
QID536	6.6896795333992936	2
QID537	1.6591216172529073	1
QID538	2.0999328794065355	1
QID539	0.8584612603442909	1
QID540	1.6882702649218695	1
QID541	0.12764541833877086	1
QID542	0.5603822815602931	1
QID543	1.63074076128754	1
QID544	0.37782988016804414	1
QID545	0.7559410912608183	1
QID546	0.08436977518508336	1
QID547	0.009127823441809846	1
QID548	0.07812542875168603	1
QID549	4.8167178314757715	2
QID550	2.4750761668039267	1
QID551	3.2259230249832656	1
QID552	0.6693939285019226	1
QID553	3.640966121557919	1
QID554	4.295070087787959	1
QID555	4.37368113664798	1
QID556	2.6248337926539613	1
QID557	0.4682870205933421	1
QID558	0.32078653797210355	1
QID559	1.598016026184378	1
QID560	4.837334111643707	1
QID561	1.7034260871744822	1
QID562	1.1193079720008847	1
QID563	2.637724496004055	1
QID564	0.6544905548489863	1
QID565	0.8484705127990233	1
QID566	0.08781150782641921	1
QID567	2.272620879583223	2
QID568	0.7706601116254609	2
QID569	2.1331341073908536	1
QID570	13.41830145592731	2
QID571	0.4443950178502182	2
QID572	3.661413393597812	1
QID573	0.6190620248124915	1
QID574	5.873521179233871	2
QID575	3.7781615226054686	2
QID576	7.702719591392745	4
QID577	0.8455809627008422	1
QID578	1.0225148243915223	1
QID579	6.267619322405287	1
QID580	0.21880517865119567	1
QID581	5.629216165514783	1
QID582	0.044378478642021865	1
QID583	6.702123945084814	3
QID584	1.5910037265204158	1
QID585	2.909578412721672	1
QID586	0.5208998233639341	1
QID587	3.639078817277246	1
QID588	4.395885658041162	1
QID589	0.656568955441874	1
QID590	4.417304637345045	1
QID591	10.23871784099986	2
QID592	5.128205721397955	1
QID593	1.4698106631473289	1
QID594	2.0957121694882304	1
QID595	3.9185367514326335	1
QID596	2.948713024138993	1
QID597	2.6681793728059984	1
QID598	0.6515447885349511	1
QID599	3.015557125227186	2
QID600	4.199882326561991	2
QID601	1.817287363293248	1
QID602	5.187757097089168	1
QID603	1.8812071311046348	1
QID604	1.346612448035042	1
QID605	1.9136786403819344	1
QID606	3.597781114322826	1
QID607	4.044776706794154	1
QID608	2.0438931138895287	1
QID609	4.583368934199667	1
QID610	9.347845227360855	1
QID611	2.1273904243394224	1
QID612	2.312667369748464	1
QID613	1.9474912675116092	1
QID614	6.750626391394113	2
QID615	8.709130801933396	1
QID616	0.1624961301698217	1
QID617	1.4688307454282379	1
QID618	6.727139617657853	1
QID619	1.0189388399491879	1
QID620	6.875526081181133	1
QID621	6.949264180247996	3
QID622	6.313079197566433	1
QID623	5.064188301732509	2
QID624	7.4629252953438545	1
QID625	10.170746945439683	2
QID626	5.555829452452817	1
QID627	4.04642456243615	1
QID628	4.406180363621884	1
QID629	0.5846439472470827	1
QID630	10.682466909509488	1
QID631	0.7072471619062635	1
QID632	3.774578485371053	1
QID633	0.603363519876514	1
QID634	0.6107610313955512	1
QID635	0.09678515756168256	1
QID636	4.5883000072652305	1
QID637	1.2666485725386272	1
QID638	7.743779017373772	1
QID639	1.2277870142564598	1
QID640	6.212271719281112	4
QID641	2.216635162371273	1
QID642	5.6138095316129135	1
QID643	0.4795266991392906	1
QID644	2.9002832714973787	1
QID645	4.034324448668453	1
QID646	3.779430025920812	1
QID647	0.6050580140435212	1
QID648	0.7065361250142951	1
QID649	1.5566217584255468	1
QID650	1.6213228085499405	1
QID651	2.206866173255713	1
QID652	2.2668158522783526	1
QID653	1.9313652732109687	1
QID654	1.911420636317968	1
QID655	2.7708396529383905	2
QID656	4.082964421663952	1
QID657	2.433642179211853	1
QID658	2.902482319616186	1
QID659	2.091059987869893	1
QID660	3.1629628747426217	2
QID661	1.1883202670688782	1
QID662	0.7452264552882523	1
QID663	7.428052157250008	1
QID664	0.3436587092777363	1
QID665	1.158401984363596	1
QID666	1.0601202156328375	1
QID667	1.8523697209464767	1
QID668	0.13645016583651726	1
QID669	0.64623705544265	1
QID670	1.356594587484545	1
QID671	2.417547650437398	1
QID672	5.827244998996135	1
QID673	8.200666747789239	2
QID674	9.359213402464857	2
QID675	1.8242413957538977	1
QID676	7.939076915826825	1
QID677	7.506084142972204	2
QID678	1.2104701057121992	1
QID679	9.247652248500463	1
QID680	0.2911323343601233	1
QID681	4.057535558159583	1
QID682	6.917700978761972	1
QID683	9.102842452645797	1
QID684	7.859541329669472	2
QID685	4.39108637220224	1
QID686	12.826702427284285	1
QID687	8.364043441911452	2
QID688	0.6586063853062444	1
QID689	0.5803190160296448	1
QID690	2.8661434102673757	2
QID691	1.7456751896945912	2
QID693	0.8696676764872828	1
QID694	5.323954578296295	2
QID695	0.4226034855299736	1
QID696	0.004942782248342052	1
QID697	1.8370555108201927	1
QID698	1.2064160595426228	1
QID699	4.597109548073515	1
QID700	1.7564820163748083	1
QID701	10.968235679271896	2
QID702	1.916564275522308	1
QID703	0.9125226862884132	1
QID704	0.023040770434190776	1
QID705	2.1166073071166505	1
QID706	1.50796828265661	1
QID707	0.004840758009547278	1
QID708	5.23819250005876	2
QID709	0.6020333719645947	1
QID710	1.0866372012290073	2
QID711	6.605930646083728	2
QID712	8.728140575801001	1
QID713	0.5627900263338956	1
QID714	2.5347124627076667	2
QID715	4.284587881066181	1
QID716	4.540325252703033	1
QID717	12.353827106318946	3
QID718	3.887319405958192	1
QID719	7.142711355456313	4
QID720	3.2395437948375885	1
QID721	0.7862574058602728	1
QID722	6.641922236738	2
QID723	1.1323271750114732	1
QID724	5.993701678694607	1
QID725	9.075673384154797	3
Q2684	15.378060148478925	1
QID726	9.359006854706688	1
QID727	4.560445817286773	1
QID728	2.585110667158834	2
QID729	9.492907544477768	1
QID730	3.007369129779371	1
QID731	7.642796607914401	1
QID732	1.6198765274690219	1
QID733	5.9737919993854485	1
QID734	0.7887425124856514	1
QID735	3.3251753244940465	1
QID736	2.219023202324532	1
QID737	3.3454613901448846	1
QID738	7.60860841107887	1
QID739	9.821306980553958	1
QID740	3.9142062118554177	3
QID741	5.03209221955456	1
QID742	1.6829134700579464	1
QID743	3.1071452043386345	1
QID744	2.145202068631942	1
QID745	0.2450567440438102	1
QID746	5.789527157971933	1
QID747	0.036094549168541316	1
QID748	4.510762199973115	1
QID749	1.4325507799771475	1
QID750	0.712002725330538	1
QID751	1.5593373961310195	1
QID752	4.064506234672553	2
QID753	5.434140556861607	1
QID754	7.021165302788229	2
QID755	2.9714119289015826	1
QID756	7.304943926059562	3
QID757	5.089170134762159	2
QID758	5.397346009425673	1
QID759	0.8809669407317957	1
QID760	6.008470405975148	1
QID761	0.5810991887210644	1
QID762	0.017357584900864958	1
QID763	0.1686388738703523	1
QID764	2.4089805537377944	1
QID765	3.455759557552688	1
QID766	2.6946106329349018	1
QID767	0.9472613148883136	1
QID768	0.06801070838279441	1
QID769	5.585984535086117	1
QID770	4.226414306581112	1
QID771	1.1523184203862498	1
QID772	1.941129000033168	1
QID773	1.88231458443682	1
QID774	4.6114631134038815	1
QID775	0.3636031596277782	1
QID776	2.4839707204869867	1
Q2685	5.831041935619535	2
QID777	9.45254345513634	2
QID778	9.604723806052126	1
QID779	2.1358943637740664	1
QID780	3.623384784719308	1
QID781	5.470056249621136	1
QID782	4.291641067447447	1
QID783	0.9765723277478726	1
QID784	2.497961027482572	2
QID785	10.240103474158614	1
QID786	3.2368537871169054	1
QID787	4.6275009387153325	2
QID788	1.5116975668294874	1
QID789	5.541146228336025	1
QID790	9.15226616403715	1
QID791	2.29674771932527	1
QID792	0.06235871444091452	1
QID793	2.7919395100154114	1
QID794	1.4910607982534865	2
QID795	4.643731857649487	1
QID796	2.404845256355028	1
QID797	1.9726495722024355	1
QID798	0.7243516416326076	1
QID799	1.93041818465774	1
QID800	4.862088788016268	1
QID801	4.432584512074317	1
QID802	1.0770177389559663	1
QID803	6.360512665685867	1
QID804	7.3981256027194595	1
QID805	3.9017045672978936	1
QID806	4.4412539766520185	1
QID807	5.532926306007942	1
QID808	0.2675929595144652	1
QID809	5.164396521304387	2
QID810	3.3927572633320437	1
QID811	2.0287554670250603	1
QID812	3.1428178790031063	1
QID813	6.263460416511282	1
QID814	3.4732803455826318	1
QID815	1.4708949606841224	1
QID816	2.7552149237073094	1
QID817	5.646399668745284	3
QID818	0.8718792019459219	1
QID819	3.6708128213381386	1
QID820	9.751622107118235	1
QID821	6.4340139969078205	1
QID822	0.0789728669336197	1
QID823	0.5775231219641022	1
QID824	3.4066011648992247	1
QID825	0.6986689525047978	1
QID826	7.393201322931996	1
QID827	0.09356067171096133	1
Q2686	0.4424368016337715	2
QID828	9.582254981822654	2
QID829	2.3736583078399502	1
QID830	8.063037107337854	1
QID831	2.495565936969179	1
QID832	2.3446890842940933	1
QID833	4.709720153640157	1
QID834	0.0842030523387747	1
QID835	4.142070200411975	1
QID836	5.539610101189256	1
QID837	1.814872644625372	1
QID838	0.21451722843257684	1
QID839	4.449929210200055	2
QID840	2.5093844577997197	1
QID841	4.6363229953059495	1
QID842	7.353651199733576	1
QID843	0.21515214801191015	1
QID844	5.91300246577745	1
QID845	5.979688081375749	1
QID846	1.3137737176054198	1
QID847	8.724808805753826	1
QID848	6.037238816158353	1
QID849	0.5083635862903436	1
QID850	2.417960689188003	1
QID851	3.4637968518024427	2
QID852	2.5790592455285943	1
QID853	5.176577494840887	1
QID854	1.2666037449728955	1
QID855	5.0913029701492025	1
QID856	0.011041926307368305	1
QID857	1.5994842127717732	1
QID858	3.3639001901858885	1
QID859	0.44654227366930815	1
QID860	5.6191481972196735	2
QID861	3.385705969310615	2
QID862	3.3289381437425467	2
QID863	1.168580588544431	1
QID864	5.493527831684105	1
QID865	4.914845654335428	1
QID866	5.641832467377533	1
QID867	4.197391906468668	1
QID868	2.1425406376868628	1
QID869	3.5204680472980154	1
QID870	1.391786128876487	1
QID871	3.9475547727171616	1
QID872	2.5603779860001152	1
QID873	3.7369170356672834	1
QID874	2.9031195875247224	1
QID875	4.928619099869231	1
QID876	2.111253266014907	1
QID877	4.5050457498208685	2
QID878	2.8297652983362807	1
QID879	5.281099541644027	1
QID880	6.346177765133043	1
QID881	0.7150523549522951	1
QID882	3.424904328155408	1
QID883	4.053222316513518	1
QID884	5.843598520374937	1
QID885	2.7716481616891286	2
QID886	3.3922352885471723	1
QID887	0.7439759532632098	1
QID888	5.1733673652671275	1
QID889	3.321322325468884	1
QID890	2.289389329802196	1
QID891	3.636035620997564	1
QID892	7.385589110909693	1
QID893	14.156565267091846	2
QID894	7.2598230112468825	1
QID895	0.8843892103779387	1
QID896	5.165043246775434	2
QID897	2.365095783373957	1
QID898	4.160032956513233	1
QID899	3.452210008909164	1
QID900	1.7586250922385185	1
QID901	0.017056445113045018	1
QID902	5.832363542507615	2
QID903	21.007488046943546	2
QID904	5.270849722139224	2
QID905	3.5443244085477232	2
QID906	1.9709561971368803	1
QID907	0.4024868969937839	1
QID908	5.941121321063624	1
QID909	5.0996884594194345	3
QID910	4.992362078526217	1
QID911	6.722547013277812	1
QID912	0.3025787035122215	1
QID913	0.7029914563761541	1
QID914	1.8292128631801068	1
QID915	0.06757786410019638	1
QID916	0.5248462861927402	1
QID917	2.944977016223515	1
QID918	1.144702575402863	1
QID919	2.381209827225629	2
QID920	6.084606658380526	1
QID921	0.9023681872801688	1
QID922	4.901519365901993	1
QID923	1.672194523183071	1
QID924	3.959066048652892	1
QID925	0.19352746610162386	1
QID926	0.0048543481413220995	1
QID927	1.9179974851208927	2
QID928	3.00327559053291	1
QID929	0.9961862103256852	1
QID2687	0.9961862103256852	1
QID929	0.9961862103256852	1
QID2687	0.9961862103256852	1
QID930	6.227135299121096	1
QID931	10.005452165905774	2
QID932	5.368908884912289	1
QID933	0.5445389238558621	1
QID934	7.812328272303504	1
QID935	0.3378303598646384	1
QID936	1.5632301895517566	1
QID937	0.3129344843160833	2
QID938	4.056206630613948	1
QID939	3.6155485866946013	1
QID940	0.25786588914179137	1
QID941	2.770330839053136	1
QID942	0.19815489204993786	1
QID943	7.725687534874931	1
QID944	2.6652758512119776	1
QID945	6.902959279019183	1
QID946	6.613025181533747	1
QID947	0.8167595347654917	1
QID948	9.31765346808786	1
QID949	3.379813529510842	1
QID950	0.12359116142586735	1
QID951	2.064781963772329	1
QID952	1.2200865365515825	1
QID953	2.456138290797232	1
QID954	0.7732953781920354	1
QID955	1.6566949701717797	2
QID956	4.773126728517481	1
QID957	2.192758881437915	2
QID958	1.063765897078693	1
QID959	2.197422438845634	1
QID960	2.7329177603295025	1
QID961	0.12861616562585776	1
QID962	1.5600153656860538	1
QID963	1.7108166165411234	1
QID964	0.20134977312185887	1
QID965	7.434301176038053	1
QID966	0.1908308503123038	1
QID967	0.8589040720254313	1
QID968	0.5634259818856132	2
QID969	2.288655215720869	1
QID970	2.2852304126905025	1
QID971	3.297033091678884	1
QID972	6.1273681784538585	1
QID973	0.26810897457996785	1
QID974	0.08767199854932603	1
QID975	7.285231954665555	1
QID976	0.9246035038466796	1
QID977	1.5544867436959449	1
QID978	11.593212112505677	2
QID979	7.805319309136378	2
QID980	13.221913032516227	2
QID981	1.0425869192300872	1
QID982	4.30543938654128	1
QID983	0.023539140171157703	1
QID984	3.411643215139305	1
QID985	1.6179307767470206	1
QID986	0.0005117542571032242	1
QID987	6.521699539971165	2
QID988	4.6024770756122315	1
QID989	2.243663044280752	1
QID990	0.7759477221199209	1
QID991	12.869446827977107	2
QID992	4.408263494625651	1
QID993	5.519844349381796	1
QID994	2.7489363327399965	1
QID995	3.9902920297416378	2
QID996	4.001088933227451	1
QID997	11.317135894769025	1
QID998	6.901069229597787	2
QID999	1.9930455516622148	1
QID1000	1.7967700823518111	1
QID1001	3.2774775589029783	1
QID1002	0.630935807805203	1
QID1003	0.7599122863657819	1
QID1004	10.112844284439802	1
QID1005	0.007956402108557017	1
QID1006	1.3421300388088038	2
QID1007	9.197202875887694	2
QID1008	6.939379823634436	1
QID1009	4.532499210451422	1
QID1010	2.4100853549339627	1
QID1011	3.4143043377739515	1
QID1012	1.7908031682877052	1
QID1013	0.6649335003526945	1
QID1014	2.4577243173848293	1
QID1015	4.113296680900033	1
QID1016	4.859578363711523	1
QID1017	0.7779101836316447	1
QID1018	1.7913033660658306	1
QID1019	3.8421619076142752	1
QID1020	7.572711148186912	2
QID1021	0.9976792527659236	2
QID1022	0.5735939384838881	1
QID1023	0.07610908853680927	1
QID1024	3.0196765897592592	1
QID1025	0.9378061696208416	1
Q2688	0.6383128301275147	2
QID1026	8.976373702341158	1
QID1027	1.098244018791413	1
QID1028	4.534128655384174	1
QID1029	4.610323252694553	2
QID1030	1.1952749240821192	1
QID1031	1.0923260289823775	1
QID1032	7.699982250675813	1
QID1033	3.2289495988446277	1
QID1034	3.1831542040240777	1
QID1035	3.695769809773664	1
QID1036	0.7490860367413562	1
QID1037	8.982435065687747	2
QID1038	5.2412897654328665	1
QID1039	4.9826400036076	1
QID1040	0.14417199036382342	1
QID1041	4.1427462867084195	2
QID1042	3.334856327486579	1
QID1043	0.5619899207629114	1
QID1044	1.572999657114329	1
QID1045	9.333716229586175	2
QID1046	4.483541547373329	2
QID1047	9.793793122031524	1
QID1048	4.255127905920303	1
QID1049	9.395110737078141	3
QID1050	2.679058209325539	2
QID1051	5.204114149141491	1
QID1052	1.3485140926787818	1
QID1053	4.271701805940928	1
QID1054	3.9364253189952283	1
QID1055	1.599041556265098	1
QID1056	1.5691513089354094	2
QID1057	4.047617008736967	1
QID1058	4.6388549952720854	1
QID1059	0.752707662863184	1
QID1060	1.599182761950126	1
QID1061	2.2890917791544605	1
QID1062	1.4230983558449832	1
QID1063	2.7474578495363446	1
QID1064	8.52919685119097	1
QID1065	4.822739633482426	1
QID1066	3.507117308089959	2
QID1067	10.213479863611962	1
QID1068	0.3782032977339788	1
QID1069	2.2541898961553755	2
QID1070	1.0438245438953488	1
QID1071	2.7842185329706166	1
QID1072	0.5158494663401678	1
QID1073	3.76679251457732	2
QID1074	3.232561646328042	2
QID1075	11.611575223035866	2
QID1076	0.9121981567893852	1
QID1077	5.395670381249155	1
QID1078	0.00889207479244515	1
QID1079	4.197629929883625	1
QID1080	0.03429767956564172	1
QID1081	1.4130278742370614	1
QID1082	10.863990532669627	1
QID1083	3.0252533591813138	1
QID1084	6.553918184380787	1
QID1085	9.428952270470988	2
QID1086	5.763364924240327	1
QID1087	2.2162958296173882	1
QID1088	6.802282953653132	1
QID1089	1.4713531147785566	1
QID1090	0.42130672242348827	1
QID1091	3.733916387363312	1
QID1092	4.294714648455945	2
QID1093	2.3247058245518297	1
QID1094	6.450315212250175	1
QID1095	1.9810233423998267	1
QID1096	2.776875189090236	1
QID1097	3.421975105648812	1
QID1098	0.14485791763560166	1
QID1099	3.636843874213216	1
QID1100	7.3496177990238	1
QID1101	5.039967510369959	1
QID1102	0.21744181182836889	1
QID1103	5.350080412859802	2
QID1104	1.350047498043507	1
QID1105	0.621154715418427	1
QID1106	1.9655464994062228	1
QID1107	6.6119637050922275	1
QID1108	1.3104219499809309	1
QID1109	1.2112707167946095	1
QID1110	5.475507740019583	1
QID1111	3.855633174690112	1
QID1112	4.010884531617165	1
QID1113	1.6120520860908385	1
QID1114	7.675554759491428	1
QID1115	2.1261215599234093	1
QID1116	4.210470223549696	1
QID1117	1.6458865554779587	1
QID1118	0.19904482046016386	1
QID1119	1.712376650590397	1
QID1120	3.5068273041666083	1
QID1121	1.4337170570475406	2
QID1122	3.0709342524359005	1
QID1123	12.574579989587773	1
QID1124	7.960702616143703	1
QID1125	0.8808361702981096	1
QID1126	0.3129415710938954	1
QID1127	6.005432426583483	2
QID1128	4.609843292129875	1
QID1129	6.828720231584684	1
QID1130	3.7735981662600895	1
QID1131	11.015736892741243	2
QID1132	2.7221090412965716	2
QID1133	6.646746823042292	1
QID1134	6.697985930632564	1
QID1135	10.644901990809302	1
QID1136	4.910841132847051	1
QID1137	1.0876829559880852	1
QID1138	5.044629069463828	1
QID1139	1.9432063757712248	1
QID1140	1.3875990043748705	1
QID1141	1.4645556356820175	1
QID1142	5.19783188619358	3
QID1143	0.920921512257566	1
QID1144	0.5349430179634674	1
QID1145	2.2911149673545688	1
QID1146	10.197311462800936	2
QID1147	5.7721674559735945	3
QID1148	2.525673591017018	1
QID1149	7.498088867289339	1
QID1150	5.617151454720164	1
QID1151	9.065795215658245	3
QID1152	1.343506539313041	1
QID1153	2.8717168959947776	1
QID1154	9.587095792472653	1
QID1155	0.3650120360860943	1
QID1156	13.137819707427258	2
QID1157	2.7409884350248714	1
QID1158	4.0035963943638935	1
QID1159	3.5811594722652247	1
QID1160	1.8724794646312208	1
QID1161	2.534667049151116	1
QID1162	5.3962888593856215	1
QID1163	1.416134884034072	1
QID1164	6.950453416009019	1
QID1165	0.8946982043708659	1
QID1166	0.141056475237083	1
QID1167	10.007492618011321	1
QID1168	5.4491824738597	2
QID1169	2.8185002559942736	1
QID1170	10.732440320850005	1
QID1171	4.348235468327959	1
QID1172	5.684507400785593	1
QID1173	1.4149897688819535	1
QID1174	0.2889804865301285	1
QID1175	5.941076945537843	1
QID1176	2.975077449341458	1
QID1177	6.2637446279915725	1
QID1178	2.2639687761957497	1
QID1179	0.03961026084706983	1
QID1180	8.573715632522653	1
QID1181	4.201748422655672	1
QID1182	3.0608841146383146	1
QID1183	1.4298441754835505	2
QID1184	1.7881776246965548	1
QID1185	12.066669457089885	1
QID1186	4.5737512439853845	1
QID1187	8.027962374127696	1
QID1188	3.1576691696275896	1
QID1189	4.214115554942485	1
QID1190	0.2858375535715265	1
QID1191	5.128838010956417	1
QID1192	3.2980155180520243	1
QID1193	2.221751929475521	1
QID1194	13.419268087492714	1
QID1195	9.801432193384878	1
QID1196	1.3832139768471432	1
QID1197	1.2353648826342318	1
QID1198	9.559341196535769	1
QID1199	3.9713664453971047	2
QID1200	2.7792774832091007	1
QID1201	0.4701000123074589	1
QID1202	5.768022115583317	1
QID1203	2.902617418798376	1
QID1204	5.2356573377036115	1
QID1205	3.502644521673516	1
QID1206	5.3894525382816125	1
QID1207	4.690840723521132	1
QID1208	1.042705667483156	1
QID1209	0.23108023129804198	1
QID1210	7.0468849515029195	1
QID1211	1.070663880434379	1
QID1212	3.6085420111120645	2
QID1213	6.9709309496998655	1
QID1214	1.2282869080718477	1
QID1215	0.4023078027226303	2
QID1216	4.215471245907694	1
QID1217	2.4181264394404334	1
QID1218	2.3027808095297004	1
QID1219	13.973472580541834	1
QID1220	3.9537229380402543	1
QID1221	6.177918075718602	1
QID1222	13.993342290328776	1
QID1223	1.2481559074404769	1
QID1224	12.130400325264144	1
QID1225	2.3364315281624592	1
QID1226	5.300851426012177	1
QID1227	4.860939783754977	1
QID1228	1.4118807527824784	1
QID1229	1.2316360823192722	1
QID1230	2.5794099794057894	1
QID1231	1.6972609221040824	1
QID1232	4.34250604312637	1
QID1233	3.904708702305869	1
QID1234	0.3287113794227937	1
QID1235	2.8412369988435353	1
QID1236	2.0092870543497763	1
QID1237	0.2639135213977046	1
QID1238	1.004950695513597	2
QID1239	3.168434749712988	1
QID1240	1.7637675453394703	1
QID1241	3.824626732563409	1
QID1242	1.1945894596689002	1
QID1243	3.3614897840951845	1
QID1244	6.33952814981054	1
QID1245	4.494007505485777	1
QID1246	3.5150829101539487	1
QID1247	1.828260936997136	1
QID1248	0.5998197572023717	1
QID1249	13.096003141463795	1
QID1250	5.204387850734233	1
QID1251	4.03781343915846	1
QID1252	0.0060991781206477	1
QID1253	0.010783950844410473	2
QID1254	0.007255164050623069	1
QID1255	1.5502431448713363	1
QID1256	7.793398286732099	1
QID1257	4.330344020186296	2
QID1258	4.15195049907298	1
QID1259	2.109253350209892	1
QID1260	2.084961227464211	1
QID1261	0.21081751744344016	2
Q2689	0.2284421123160687	2
QID1262	11.442473555950382	2
QID1263	7.175799276635259	1
QID1264	0.8359419627905559	1
QID1265	6.497574160618105	1
QID1266	12.657723228913245	4
QID1267	10.991187879670484	1
QID1268	1.4474017354048967	1
QID1269	3.713599486167226	1
QID1270	1.4899992519572898	2
QID1271	5.111387782014526	1
QID1272	1.2190162670833402	1
QID1273	13.141270113731384	1
QID1274	0.1051284603181375	1
QID1275	4.147083121979578	1
QID1276	3.983137744181596	1
QID1277	4.14065293342884	1
QID1278	1.3820071399589162	1
QID1279	5.9179707172508245	1
QID1280	5.309038203563584	1
QID1281	2.8991363163538124	1
QID1282	3.038691558489235	1
QID1283	4.994733165658481	1
QID1284	1.4567336840521563	1
QID1285	3.655256490365836	2
QID1286	9.05899709038728	2
QID1287	12.76180166416566	2
QID1288	0.2568158781361689	1
QID1289	1.1278993205237222	1
QID1290	11.40208017413396	3
QID1291	2.4389065876168434	1
QID1292	5.889437146869807	1
QID1293	7.575732980090213	1
QID1294	3.954966099934166	1
QID1295	3.5037705749455936	2
QID1296	2.638275008050673	1
QID1297	2.8707528373975157	1
QID1298	1.8090472951539849	1
QID1299	3.8487504682279754	1
QID1300	1.3917922904816846	1
QID1301	2.478770646381013	2
QID1302	0.8204668043078067	1
QID1303	6.462911976437063	1
QID1304	5.736428923940314	1
QID1305	3.5504336373626337	2
QID1306	6.103662653349859	1
QID1307	1.8885695310488355	1
Q2690	1.6666625470302978	2
QID1308	5.95555430201559	1
QID1309	10.341875987999504	1
QID1310	4.983346184018687	1
QID1311	0.14054670480782436	1
QID1312	0.3015879862139413	1
QID1313	4.118615961352226	1
QID1314	1.0726327883635924	1
QID1315	1.6514438007349137	1
QID1316	10.37095765999431	2
QID1317	8.744769490111912	1
QID1318	7.365126843294402	1
QID1319	1.2989921804855415	1
QID1320	3.813998675326632	1
QID1321	5.568014477783653	1
QID1322	4.971918953011834	1
QID1323	2.7088794402622924	1
QID1324	0.6880873785985174	1
QID1325	1.413811660349189	1
QID1326	4.6884842662039565	1
QID1327	0.22183032668101704	1
QID1328	6.768715811143228	2
QID1329	1.976623577042804	1
QID1330	10.574181348470633	1
QID1331	2.22480507885814	1
QID1332	10.997316220735199	3
QID1333	3.4873469176791687	1
QID1334	1.9602435319924123	1
QID1335	5.766000507578451	1
QID1336	0.05427319509193265	1
QID1337	8.572590711143995	1
QID1338	0.7011858258572174	1
QID1339	5.730105246872188	1
QID1340	0.4542472343050266	1
QID1341	2.901298196291611	1
QID1342	3.3146743804858305	1
QID1343	2.4761334466063527	1
QID1344	0.6220145247018105	1
QID1345	2.8090530939873988	1
QID1346	0.6688781366776354	1
QID1347	4.799116211487043	1
QID1348	17.401696792345778	5
QID1349	1.3076137563634966	1
QID1350	8.613334027096728	2
QID1351	11.708669778228733	2
QID1352	0.1768487452094631	2
QID1353	9.515403361975142	2
QID1354	1.0864467023618398	1
QID1355	6.220860446711877	1
QID1356	0.6815053765876758	1
QID1357	7.691647191966393	2
QID1358	0.8916698567627676	1
QID1359	0.40583607307756175	1
QID1360	6.12590904046115	1
QID1361	2.5489978782137293	1
QID1362	11.682421932804267	1
QID1363	3.034327819914359	2
QID1364	4.140881870020756	1
QID1365	3.1142158180462416	1
QID1366	13.007116065701814	2
QID1367	2.8265839811577096	1
QID1368	2.9580590044635207	1
QID1369	3.8663620209849134	1
QID1370	0.3704862879202652	1
QID1371	0.5099955769877087	2
QID1372	4.01555654630988	1
QID1373	1.4924900978806732	1
QID1374	4.899638971428342	1
QID1375	3.672338649918357	1
QID1376	2.3589342015050367	1
QID1377	4.0160417170557245	1
QID1378	1.1943692553941747	1
QID1379	7.493506616248361	1
QID1380	6.9374610854923615	1
QID1381	1.3544976551869587	1
QID1382	5.429908966597769	1
QID1383	2.5327336168908574	1
QID1384	0.5598003880943491	1
QID1385	4.919927625507081	1
QID1386	3.217718783543255	1
QID1387	1.7212981045930749	1
QID1388	0.08456875982947311	1
QID1389	2.431555565118434	1
QID1390	5.149497331451833	1
QID1391	1.2168225006161757	1
QID1392	1.0377917265834884	2
QID1393	4.507395885030649	1
QID1394	2.9081597773228722	1
QID1395	3.860650468790157	2
QID1396	3.0381481137062134	1
QID1397	0.3707043777732967	2
QID1398	6.813072198819532	1
QID1399	4.9871482261968625	1
QID1400	6.227451535882034	1
QID1401	2.658921210887609	1
QID1402	1.8894070225191095	1
QID1403	2.352011180077192	1
QID1404	4.744398667647653	1
QID1405	6.757847094508714	1
QID1406	2.6399559982363447	1
QID1407	3.8169119342889815	1
QID1408	6.82270779279164	1
QID1409	0.647679245892261	1
QID1410	5.165312609967883	1
QID1411	3.7521553706426585	2
QID1412	3.784798443229504	1
QID1413	0.6473387685446398	1
QID1414	6.959775522581133	2
QID1415	6.787974812387008	2
QID1416	2.7240334128769748	1
QID1417	6.82390493665883	2
QID1418	2.2809567191846924	1
QID1419	0.2609768291117856	1
QID1420	4.233122047487426	1
QID1421	1.109733398433513	1
QID1422	11.968531255114947	1
QID1423	5.194145416431467	1
QID1424	1.6297452587501715	1
QID1425	3.8309259663474906	1
QID1426	1.4471764357801822	1
QID1427	1.0119019829694935	1
QID1428	4.561209724326716	1
QID1429	3.601765509604372	1
QID1430	0.5304834489916312	1
QID1431	5.308092531469977	1
QID1432	2.3242814759377226	1
QID1433	0.3343416339397867	1
QID1434	1.942790326960828	1
QID1435	2.074145868576489	1
QID1436	6.718349250659928	1
QID1437	6.131378456632977	1
QID1438	0.2776875027312388	1
QID1439	0.914432050572226	1
QID1440	1.6648745092707429	1
QID1441	0.03852520686405773	1
Q2691	0.6143905001485486	2
QID1442	10.103656505994273	1
QID1443	7.703871485446726	1
QID1444	3.5667181110986355	1
QID1445	7.0163866554069205	1
QID1446	0.7258125040152432	2
QID1447	4.744962083806867	1
QID1448	10.144813639804964	1
QID1449	3.944020010468552	1
QID1450	8.039685242287465	1
QID1451	1.2034380102520943	1
QID1452	6.810142108051486	1
QID1453	0.2788548382763526	1
QID1454	2.6402313812754397	1
QID1455	1.3115051022821635	1
QID1456	0.004166568904614701	1
QID1457	9.220795084543047	1
QID1458	3.966839458410848	1
QID1459	1.8310316727722336	2
QID1460	4.996039427640535	4
QID1461	0.40973730014294135	1
QID1462	3.0827038575868064	3
QID1463	4.831558784160091	1
QID1464	0.997326212500816	1
QID1465	3.570746186973005	1
QID1466	2.5447582579729526	1
QID1467	2.9547741734721362	1
QID1468	2.713877295102324	2
QID1469	1.1588319059440266	1
QID1470	4.405041591279467	1
QID1471	7.984558720814369	1
QID1472	0.2934079030177498	1
QID1473	3.6906274508945383	1
QID1474	0.05739909400966783	1
QID1475	1.9097560662372464	1
QID1476	3.6035765463430978	1
QID1477	5.1339745252236595	2
QID1478	1.108695278435708	1
QID1479	6.9199540000611375	1
QID1480	2.2835508676911447	1
QID1481	0.9475678493326442	1
QID1482	9.78468443451463	1
QID1483	4.104916605645837	1
QID1484	5.092881332316013	1
QID1485	1.0964211208844268	2
QID1486	1.480405853066454	1
QID1487	4.063822239629986	1
QID1488	2.7391494035239488	1
QID1489	4.806488749285005	1
QID1490	5.502029824323663	1
QID1491	5.8876649880439125	1
QID1492	3.0287927476628598	1
QID1493	4.506674925815156	1
QID1494	4.354528961316222	1
QID1495	0.9528690328704488	2
QID1496	4.263901990673413	1
QID1497	4.967244264629828	1
QID1498	1.6318270810780198	2
QID1499	1.7784452533099198	1
QID1500	0.4225271362928239	1
QID1501	4.9411409800945805	1
QID1502	0.058188146688176325	1
QID1503	0.9605173985975122	2
QID1504	5.649618942651689	1
QID1505	1.1613988392743224	1
QID1506	1.855352996007096	1
QID1507	7.448839589166813	1
QID1508	4.7017187831587455	1
QID1509	4.691234749686738	1
QID1510	1.4262745163446706	1
QID1511	0.32882738588897764	1
QID1512	0.22535013418696176	1
QID1513	2.9151834864493216	1
QID1514	3.8711513110772837	1
QID1515	6.370703544918424	1
QID1516	0.008444747182120255	1
QID1517	1.731297061633618	1
QID1518	6.367340518365749	1
QID1519	1.4519793382460817	1
QID1520	4.161706990561248	3
QID1521	0.009673897815664096	1
QID1522	2.567248947651636	1
QID1523	3.3639628136570936	1
QID1524	5.475583556543677	1
QID1525	0.5324088824779154	1
QID1526	1.1313724923750077	1
QID1527	0.3632217249927429	1
QID1528	0.5241277704784122	2
QID1529	7.634906505994273	1
QID1530	2.23471342370731	1
QID1531	7.763817908308108	1
QID1532	0.995593367107359	1
QID1533	1.7901734198126251	1
QID1534	4.896937571413224	1
QID1535	0.9294844290360558	1
QID1536	2.3781196303603758	2
QID1537	4.256710030080103	1
QID1538	7.160854067146005	1
QID1539	0.6499631756846695	1
QID1540	9.433290417226752	1
QID1541	2.0755014626818804	1
QID1542	0.7408587063260287	1
QID1543	6.06950588250646	1
QID1544	4.829030349560639	1
QID1545	0.48396961283001094	1
QID1546	2.214843160320586	1
QID1547	0.5830467293631919	1
QID1548	2.2299481414264246	1
QID1549	2.271992565033357	2
QID1550	3.968770727894371	1
QID1551	5.316749976144319	1
QID1552	2.5083036693556453	1
QID1553	3.4936015116074266	1
QID1554	2.6178556616853097	1
QID1555	3.9791100465983225	1
QID1556	7.756643605994648	2
QID1557	0.08595873182437096	1
QID1558	3.272112128378209	2
QID1559	7.0063890927382255	1
QID1560	0.6090463383461637	1
QID1561	7.778906571621026	1
QID1562	1.180460258675918	1
QID1563	7.938072738522703	2
QID1564	3.305912832625391	1
QID1565	3.8152473179083466	1
QID1566	0.07270178051891656	1
QID1567	2.7669319444312346	1
QID1568	1.0373504394472184	1
QID1569	1.0509727610696653	1
QID1570	0.7939556919413701	1
Q2692	7.184729335608719	2
QID1571	8.474567322386727	1
QID1572	15.809415685119937	2
QID1573	10.24044825726922	2
QID1574	9.660367740945393	3
QID1575	2.8027879477286013	1
QID1576	3.5738956779429247	1
QID1577	2.9877042333655606	1
QID1578	1.6070327231367159	1
QID1579	2.8233896733760173	1
QID1580	3.299186841527737	1
QID1581	1.0271152031947008	1
QID1582	0.3741784790730701	1
QID1583	0.32000914150643295	1
QID1584	1.6381721007321441	1
QID1585	4.082489726273439	1
QID1586	1.6771689807138903	1
QID1587	8.952714486844842	1
QID1588	0.06322189322936138	1
QID1589	0.020556283124764336	1
QID1590	3.2230367333400283	1
QID1591	14.539620574316174	3
QID1592	4.368164679945232	1
QID1593	8.256008372768893	3
QID1594	3.917714266417284	2
QID1595	1.2777404712537028	1
QID1596	5.509360510640999	1
QID1597	8.205993470164591	3
QID1598	2.153795003079312	1
QID1599	5.686105508720554	1
QID1600	1.661077031043625	1
QID1601	3.757394335287258	1
QID1602	2.887471357269007	1
QID1603	0.3914736449400483	1
QID1604	0.7935237332574246	1
QID1605	1.030762279326718	1
QID1606	0.049962342439235176	1
QID1607	0.0109527627289764	1
QID1608	1.9907262559554768	1
QID1609	2.6580476870298053	1
QID1610	3.0516010724568887	1
QID1611	2.287958805311792	1
Q2693	12.06834174354858	2
QID1612	12.412388377812894	2
QID1613	2.7316718951901118	1
QID1614	11.297301871199188	3
QID1615	3.431499284189349	1
QID1616	3.5108270996091737	1
QID1617	0.06697322030958425	1
QID1618	0.027037102525983767	1
QID1619	4.23774850784078	1
QID1620	4.774950688538997	2
QID1621	4.99944162088916	2
QID1622	1.026174426787927	1
QID1623	4.644432419439413	1
QID1624	1.076714021549716	1
QID1625	3.648635696014833	1
QID1626	2.664916751886186	1
QID1627	4.31601441962577	3
QID1628	4.021848426280071	2
QID1629	4.539690080015786	1
QID1630	6.318128839749352	1
QID1631	3.479568614170562	1
QID1632	3.2408132534491405	1
QID1633	0.7372044239691159	2
QID1634	4.988537866230519	1
QID1635	1.252725212229283	1
QID1636	6.184667673087653	1
QID1637	0.4065725160237951	1
QID1638	5.573808597689627	1
QID1639	0.2671757918744229	1
QID1640	1.064714251561984	2
QID1641	0.30035049110039325	1
QID1642	2.816126821527265	2
QID1643	0.8247858727062138	1
QID1644	3.6903726238109416	1
QID1645	2.9229974758591437	1
QID1646	0.6755265212775091	1
QID1647	3.159982543994765	1
QID1648	6.63087261818048	2
QID1649	6.458543792687278	2
QID1650	0.07527063499959598	2
QID1651	2.285420405694088	1
QID1652	6.815743140972541	2
Q2694	1.5111180111804583	2
QID1653	4.253656413249218	3
QID1654	8.480088025974979	1
QID1655	4.479219747421414	1
QID1656	1.4474843230207768	1
QID1657	2.3261373592590715	1
QID1658	8.27785555751462	2
QID1659	2.297027591900937	1
QID1660	8.610348282100714	1
QID1661	3.99444081211218	1
QID1662	2.8191722529047687	1
QID1663	0.6829125309665857	1
QID1664	5.25455749729553	1
QID1665	0.3677993261306187	1
QID1666	1.02565199731361	1
QID1667	0.024923826146647003	1
QID1668	3.944397530769707	2
QID1669	2.5917033541525574	1
QID1670	1.207263475445209	1
QID1671	0.11819930662604128	1
QID1672	0.4641415400228456	1
QID1673	1.1988595226815486	2
QID1674	5.376192444558392	1
QID1675	1.4963398845842664	2
QID1676	2.0362548720651232	1
QID1677	7.901661340159202	1
QID1678	9.580200450393257	3
QID1679	4.623854235591623	1
QID1680	5.026071365137598	1
QID1681	0.12929177922826351	1
QID1682	1.1608471943295633	2
QID1683	7.0637675971027605	2
QID1684	7.86869251086261	1
QID1685	2.9306323097516103	1
QID1686	6.062552606232119	1
QID1687	2.2429994374787245	1
QID1688	1.473783827191168	1
QID1689	3.5578177395091504	1
QID1690	2.3849232179671445	1
QID1691	3.6956207988457774	1
QID1692	2.6920018063106856	2
QID1693	12.118070194167462	2
QID1694	6.297261318976327	1
QID1695	1.5125562829156398	1
QID1696	10.347400791846985	2
QID1697	6.459228296831987	1
QID1698	0.12462213483524374	1
QID1699	0.33765135529077234	1
QID1700	3.2221990060635592	1
QID1701	0.8313736339448741	1
QID1702	13.790712271650046	3
QID1703	9.430295447682179	3
QID1704	8.746176079400229	1
QID1705	0.10804959730670664	1
QID1706	4.8121789459324775	1
QID1707	3.635166363722608	1
QID1708	0.601201895080979	1
QID1709	0.021869711278348497	1
QID1710	11.041391444370673	1
QID1711	2.3184288177534094	1
QID1712	1.8665099796939235	1
QID1713	2.514413915905794	1
QID1714	4.738220324972994	1
QID1715	4.364740003503397	1
QID1716	9.446212603323216	2
QID1717	3.0312883927224377	1
QID1718	0.9644039290903008	1
QID1719	1.9688022602424984	1
QID1720	3.7607979125688416	1
QID1721	5.089989155384932	1
QID1722	12.040527086506891	1
QID1723	0.5636231872711812	1
QID1724	0.801061519355015	1
QID1725	4.0388923394584335	1
QID1726	2.369694641345266	1
QID1727	2.6060544340106437	1
QID1728	2.837471456381072	2
QID1729	13.056806093216865	2
QID1730	5.87743336443201	1
QID1731	2.959098799770449	2
Q2695	5.247974859797372	2
QID1732	9.705891244262485	1
QID1733	5.090776960833309	1
QID1734	4.36149191995194	1
QID1735	3.671869458595157	1
QID1736	0.03773431779918947	1
QID1737	11.736671174488206	2
QID1738	5.018605588497642	1
QID1739	7.830417459976514	1
QID1740	0.27788042115684514	1
QID1741	0.030745822769372117	1
QID1742	2.002565163081626	2
QID1743	3.088625631122388	1
QID1744	8.446975768222222	1
QID1745	3.0985348744027674	1
QID1746	0.7730824908584389	1
QID1747	6.2641292609987556	2
QID1748	3.388652749518872	1
QID1749	0.880137758564507	1
QID1750	2.9075778758348285	1
QID1751	8.922723965653695	1
QID1752	0.6790665625816823	1
QID1753	3.8158304479171683	1
QID1754	4.8970526175365565	1
QID1756	9.009144523377492	1
QID1757	1.2318253164338584	1
QID1758	5.6185641134048065	2
QID1759	2.476406162469928	1
QID1760	5.428767763721355	1
QID1761	1.2041652696469216	1
QID1762	4.554531640272168	1
QID1763	6.663614051871531	1
QID1764	2.2698272337018834	1
QID1765	6.078472711357299	1
QID1766	0.8975959764459258	1
QID1767	1.0495339363386258	1
QID1768	0.29056652317212955	1
QID1769	7.3469367703102195	1
Q2696	0.03199543003743203	1
QID1770	8.8077756090777	1
QID1771	9.88524422554388	1
QID1772	10.729885262279986	1
QID1773	2.0138639724638048	1
QID1774	8.056942853182301	1
QID1775	2.582609252087208	1
QID1776	3.1046558287608987	2
QID1777	1.350191147087182	1
QID1778	1.6304875363102038	1
QID1779	7.816890189100316	3
QID1780	0.7802164642330273	1
QID1781	1.290996428943035	1
QID1782	5.444324663727175	2
QID1783	5.487851626915152	1
QID1784	1.6695968785226505	1
QID1785	6.646134061804952	1
QID1786	0.009414554201502934	1
QID1787	8.265968264818513	1
QID1788	1.6539772182019592	1
QID1789	1.3855249088931612	1
QID1790	5.983817532176036	1
QID1791	1.6918440306418094	1
QID1792	2.4721598325624603	1
QID1793	9.161880886257688	1
QID1794	0.9187269137764263	1
QID1795	0.5909120674060601	1
QID1796	2.470601310559209	1
QID1797	0.7180215973623334	1
QID1798	8.007704340248967	1
QID1799	8.507532127496594	1
QID1800	1.1751807872680125	1
QID1801	1.768025889661907	1
QID1802	5.734588646748388	1
QID1803	4.586466760644654	1
QID1804	1.0036384362716604	1
QID1805	0.012303685695572079	1
QID1806	0.1908420566427898	1
QID1807	6.7485398824864875	2
QID1808	5.387225193273591	1
QID1809	4.124420731759133	1
QID1810	6.839885242423928	1
QID1811	3.2776141427467644	1
QID1812	0.9818987977824482	1
QID1813	2.914167845169845	1
QID1814	0.19142313761115112	1
QID1815	3.2696691592355087	1
QID1816	8.513492244790188	1
QID1817	8.897997762239212	1
QID1818	5.301941163457917	1
QID1819	1.5111995511053593	1
QID1820	12.704476916780514	1
QID1821	2.426584244715177	1
QID1822	4.444951198045233	1
QID1823	0.4986567436102956	1
QID1824	3.66009896901646	2
QID1825	2.854464684005142	1
QID1826	1.986001274096029	1
QID1827	4.375902012176997	1
QID1828	1.1605651520663187	1
QID1829	0.436197879893089	1
QID1830	0.0020808480175577818	1
QID1831	4.501771283032888	1
QID1832	0.3725200490542808	1
QID1833	7.7692925606017935	1
QID1834	3.9905340837077583	1
QID1835	1.0643052976154237	1
QID1836	1.7400821596141338	1
QID1837	2.348283504648082	1
QID1838	3.709128067043282	1
QID1839	0.00672115470926293	1
QID1840	2.4629949999122704	1
QID1841	1.3040758050872254	2
QID1842	1.1258742233367771	1
QID1843	8.976698960050172	1
QID1844	3.264536911082449	1
QID1845	1.3401485457147664	1
QID1846	3.5083645573518454	2
QID1847	3.6666671962211	1
QID1848	4.509628947929254	1
QID1849	10.440283444978393	1
QID1850	4.102662060563214	1
QID1851	4.899690433383603	1
QID1852	2.595398050883138	1
QID1853	6.398461213028902	1
QID1854	0.6926982933910647	1
QID1855	2.790489480425836	1
QID1856	1.7990823822373925	1
QID1857	0.6017733848509484	1
QID1858	1.7502708206367414	1
QID1859	8.555533481225464	2
QID1860	0.6380019033721273	1
QID1861	2.565106104644888	1
QID1862	8.957989199310434	1
QID1863	3.8452879237332063	1
QID1864	7.781864116657872	2
QID1865	2.9251338646997724	1
QID1866	3.2343197929760925	1
QID1867	3.3545783971590186	1
QID1868	3.60501843335498	1
QID1869	1.4405439771221598	2
QID1870	10.274527088092126	1
QID1871	2.6954744642313013	1
QID1872	9.211063072045189	2
QID1873	4.701409774769017	1
QID1874	0.16114607044881032	1
QID1875	5.0136876859476285	1
QID1876	3.2933602691028843	2
QID1877	2.0934382834855247	1
QID1878	0.27001126294886074	2
QID1879	3.6285450745746783	1
QID1880	2.1942131665335944	1
QID1881	2.2055654024388605	1
QID1882	3.6333693354573913	2
QID1883	2.945349163714816	1
QID1884	3.120245142957716	2
QID1885	3.133478143722877	1
QID1886	2.0562400610314744	2
QID1887	2.0324755700064965	1
QID1888	5.487557573599554	1
QID1889	1.3855325431175594	1
QID1890	6.044964038262943	1
QID1891	0.03817056025840861	1
QID1892	0.5872719877176771	1
QID1893	9.211033443159234	2
QID1894	0.026052649970861125	1
QID1895	2.3049236535646247	1
QID1896	0.035949380782396505	1
QID1897	4.029906257761312	1
QID1898	3.4948392039349634	1
QID1899	6.653306762241683	1
QID1900	0.008488485344139419	1
QID1901	3.970404034595017	1
QID1902	1.6251328796914613	1
QID1903	0.5863180148200219	1
QID1904	0.7722125568510979	1
QID1905	1.8505195200555835	1
QID1906	0.057997310789011575	1
QID1907	4.894135923343246	1
QID1908	4.499817128010459	1
QID1909	2.159393255465901	2
QID1910	2.961912988625842	1
QID1911	1.0177670931396914	1
QID1912	4.050772492951478	2
QID1913	0.5053130111967328	1
QID1914	2.6377457838212903	1
QID1915	4.4774280522450285	1
QID1916	0.8471991729016303	1
QID1917	3.2752405897228636	1
QID1918	3.095921132280649	1
QID1919	2.7554844635130955	1
QID1920	1.6461732226920402	2
QID1921	16.32336049189534	2
QID1922	5.101788450974258	1
QID1923	4.066742256767461	1
QID1924	3.4762882983230567	1
QID1925	4.59469931901088	2
QID1926	2.382178229861163	1
QID1927	2.826055996143489	1
QID1928	2.189722619706972	1
QID1929	4.090434076207294	2
QID1930	1.6540518231810897	1
QID1931	1.9403850734207384	2
QID1932	8.114349823466322	1
QID1933	0.8350538963510565	1
QID1934	3.2983647383579933	1
QID1935	5.899550054313496	1
QID1936	9.089663566668236	1
QID1937	5.399433295159531	1
QID1938	9.526102590806877	1
QID1939	2.849646276343382	1
QID1940	1.987329612028652	1
QID1941	3.5394090030094802	1
QID1942	2.705671738270427	2
QID1943	4.0761266961026354	1
QID1944	1.1908973389866806	1
QID1945	2.08953592518161	1
QID1946	11.16130744985716	2
QID1947	1.569033916214181	1
QID1948	0.7400542294703786	1
QID1949	1.5717819120370524	1
QID1950	7.288822332723027	1
QID1951	1.589565634225871	1
QID1952	0.6314407161594299	1
QID1953	0.9119191341289966	1
QID1954	6.738980304147281	1
QID1955	6.806225936023772	1
QID1956	13.097524925483446	3
QID1957	2.6967198035878117	1
QID1958	4.161127138228017	1
QID1959	1.6962415263954096	1
QID1960	4.1295699327430215	1
QID1961	4.09617266459599	1
QID1962	0.6518376212496837	2
QID1963	0.2610965620635801	1
QID1964	1.0196934562729896	1
QID1965	5.33480456468505	1
QID1966	2.721476617200582	1
QID1967	3.213114869494761	1
QID1968	4.683637667499902	1
QID1969	5.488719064569417	1
QID1970	0.6881185094578022	1
QID1971	3.9674627897303423	1
QID1972	0.63083509283265	1
QID1973	2.161122662277627	1
QID1974	0.6732345046044435	1
QID1975	12.778431975981901	3
QID1976	1.2104296219581	4
QID1977	9.922211818554798	1
QID1978	2.593759440016104	1
QID1979	0.06734629476909806	1
QID1980	0.02097993120332305	1
QID1981	4.254823011893883	1
QID1982	13.25305697288167	1
QID1983	1.575427110521224	1
QID1984	8.043859824504256	1
QID1985	0.5464620226712135	1
QID1986	1.2957343463354036	1
QID1987	2.2825856322605054	1
QID1988	10.460992331820485	1
QID1989	0.8734538235366174	2
QID1990	16.810346996785377	2
QID1991	10.063715611675233	2
QID1992	4.592406802096977	1
QID1993	2.5353977076823817	1
QID1994	7.314180181811973	1
QID1995	5.738184115259393	2
QID1996	0.8374156542957529	1
QID1997	2.4512882658826705	1
QID1998	0.02791784404492967	1
QID1999	13.06430881572173	1
QID2000	7.324633355222878	1
QID2001	0.1827865114235728	2
QID2002	1.5955260282340744	1
QID2003	8.182017984420808	1
QID2004	4.7487704556702965	4
QID2005	5.011693306953359	1
QID2006	1.6179034693424188	1
QID2007	13.09079628253513	3
QID2008	3.243149231067024	1
QID2009	0.018574877422516938	1
QID2010	6.469452721762343	1
QID2011	2.153113634087209	2
QID2012	2.9703187542633263	1
QID2013	1.7578452175435382	1
QID2014	3.3691714952670324	2
QID2015	12.790189933277311	1
QID2016	2.257031845255764	1
QID2017	1.392823548556333	1
QID2018	6.113054166991037	1
QID2019	1.2568317067699966	1
QID2020	3.0799238141442515	2
QID2021	5.621804465571556	1
QID2022	4.7362563575221515	2
QID2023	7.774964480821255	1
QID2024	5.999477058134572	1
QID2025	4.742525767321701	1
QID2026	1.7962166309179928	1
QID2027	15.360109552383392	2
QID2028	2.6064104661521554	1
QID2029	1.6593646311790506	2
QID2030	10.17821007553725	1
QID2031	1.584693893522091	1
QID2032	6.6046636838672415	1
QID2033	2.8216211217006464	1
QID2034	2.7823782953880096	1
QID2035	4.395260298305076	1
QID2036	0.5236576091859692	1
QID2037	6.686233509652367	1
QID2038	1.4142959025886983	1
QID2039	5.187739861172507	1
QID2040	6.298217618096464	1
QID2041	6.086149939391322	1
QID2042	3.2094597194031373	1
QID2043	2.522391811530444	1
QID2044	0.09744862354460596	1
QID2045	2.615579939259621	1
QID2046	3.212412158744084	1
QID2047	7.556160549693386	2
QID2048	5.4016201489089815	2
QID2049	10.745114897110293	1
QID2050	6.128108958866362	1
QID2051	1.3922499435231108	1
QID2052	0.43902048593134985	1
QID2053	1.2620630187489092	1
QID2054	1.0661238187910176	1
QID2055	0.3759102892947348	1
QID2056	0.2296820017206505	1
QID2057	3.390925861608622	1
QID2058	1.82349977675126	1
QID2059	8.586304551034956	2
QID2060	1.5678295298108749	1
QID2061	2.110003528525989	1
QID2062	2.6901015748551527	1
QID2063	4.434439714915834	1
QID2064	0.5446748413293616	1
QID2065	1.5756369176598433	1
QID2066	2.07723700562946	2
QID2067	2.2849546847596134	1
QID2068	2.646835651569356	1
QID2069	0.927813822065823	2
QID2070	4.992200408107913	1
QID2071	3.878302092275797	1
QID2072	1.8823356471889556	1
QID2073	5.35477802340297	1
QID2074	1.0224189104968493	1
QID2075	1.6731226768013685	1
QID2076	6.735354262312617	1
QID2077	0.9155255944004964	1
QID2078	4.344029518102623	1
QID2079	0.06682368778835777	1
QID2080	4.70138880428684	1
QID2081	1.99011012206641	1
QID2082	0.4344294967699901	1
QID2083	0.2221406587496878	1
QID2084	6.598326911144362	1
QID2085	2.6454901531482604	1
QID2086	2.8176508960232383	1
QID2087	1.80565023165939	1
QID2088	5.853613318370723	1
QID2089	3.6797225293971847	1
QID2090	0.04900440354025573	1
QID2091	0.751113891273255	1
QID2092	6.0678126188037025	1
QID2093	1.9668283299992173	1
QID2094	5.620029069700483	1
QID2095	0.045184983491914944	1
QID2096	0.6346525168475625	1
QID2097	6.817071784625241	1
QID2098	1.5639421354459055	1
QID2099	2.187751880849354	1
QID2100	2.590423475796424	1
QID2101	4.02852605919703	1
QID2102	0.12255635659573068	1
QID2103	0.234004201736985	1
QID2104	3.246933192780692	1
QID2105	3.76390187767532	2
QID2106	2.754370572735536	1
QID2107	2.410541999860941	1
QID2108	1.7158226436911022	1
QID2109	2.85894080060046	1
QID2110	4.33214610762565	1
QID2111	1.1037852327447315	1
QID2112	1.5987200605856284	1
QID2113	3.5494933551644268	1
QID2114	0.27754740563133456	1
QID2115	1.8997909751898148	2
QID2116	4.347441589199817	2
QID2117	2.699142789138648	1
QID2118	11.228216471319422	1
QID2119	3.5587633287345213	1
QID2120	7.260788529178432	1
QID2121	0.12054023746949535	1
QID2122	2.655287517924507	1
QID2123	0.02393477580265264	1
QID2124	0.040566604588859516	1
QID2125	4.402038676964294	1
QID2126	0.02315784385250548	1
QID2127	1.19977226949981	1
QID2128	1.292809615770439	1
QID2129	0.06560143305788327	1
QID2130	4.961034083625497	1
QID2131	0.6545205357517282	1
QID2132	1.831720857678488	1
QID2133	2.668566131810409	1
QID2134	1.1021211431690303	1
QID2135	2.752951441098955	2
QID2136	2.251559763606878	1
QID2137	6.324849935497991	1
QID2138	2.172898741669404	1
QID2139	2.003638472566021	1
QID2140	5.864964940508583	1
QID2141	0.1153650181702779	1
QID2142	2.4212065036301813	2
QID2143	2.9434063566452413	2
QID2144	2.4599177153680407	1
QID2145	5.211186185228674	1
QID2146	4.34286637076622	1
QID2147	8.11738012599932	1
QID2148	0.06275385986862113	1
QID2149	2.2672468303400684	1
QID2150	9.145045704986822	1
QID2151	1.7032639423489235	1
QID2152	4.0746832444580035	1
QID2153	1.2218035338432676	1
QID2154	3.4857261606501235	1
QID2155	0.1167286098872528	1
QID2156	4.517650395700967	1
QID2157	9.453039868773644	1
QID2158	1.210218283760066	1
QID2159	2.7382500672051053	1
QID2160	0.5821247236664314	1
QID2161	0.2808136590150906	1
QID2162	0.062446362156077385	1
QID2163	0.9907354897707941	2
QID2164	9.765351842439248	1
QID2165	4.840297898282679	2
QID2166	3.299424927829864	1
QID2167	0.009569892911056841	1
QID2168	2.10647829912433	1
QID2169	5.482360992740206	4
QID2170	2.7967335113729046	1
QID2171	0.003793916645107475	1
QID2172	3.206688609651037	4
QID2173	1.0237223732732197	1
QID2174	1.1497596732675903	1
QID2175	0.02650347430770995	1
QID2176	0.11420677178290588	2
QID2177	8.896430476546678	1
QID2178	3.7337347322906433	1
QID2179	5.659982574139022	1
QID2180	7.173762755018492	1
QID2181	3.04600232658916	2
QID2182	4.991408126055808	2
QID2183	3.5409805987896203	1
QID2184	1.40298749269162	1
QID2185	2.9882917968590794	1
QID2186	1.178818092400965	1
QID2187	3.461693656567607	2
QID2188	2.7171589718283964	1
QID2189	6.7148708252162965	1
QID2190	0.4873311519934656	1
QID2191	0.3234059522163815	1
QID2192	5.373975839054572	2
QID2193	6.821487172730549	2
QID2194	2.383307167899384	2
QID2195	2.1631639272645318	1
QID2196	4.306922694622757	1
QID2197	1.9697852700361125	2
QID2198	0.6820183772016335	1
QID2199	0.7502643853799096	3
QID2200	0.382408523785916	1
QID2201	1.7015131629524136	1
QID2202	0.4897173770230136	1
QID2203	2.053783664659259	1
QID2204	1.3474960209473463	1
QID2205	0.2355431686736941	1
QID2206	0.0042539329098178185	1
QID2207	2.9647576403004856	1
QID2208	0.007934301155329386	1
QID2209	0.17303348074043629	1
QID2210	0.7431860444702949	2
QID2211	4.6084120253836165	1
QID2212	5.10506446690438	1
QID2213	7.047616476931268	1
QID2214	8.866803572198476	1
QID2215	2.170082507198233	1
QID2216	2.8015887568107423	1
QID2217	3.793034754079243	2
QID2218	1.706184006201554	1
QID2219	0.53517526873714	1
QID2220	2.8111113126850027	1
QID2221	0.12484325775839855	1
QID2222	0.7270130394053208	1
QID2223	0.5634064358014198	1
QID2224	2.1955955939317544	1
QID2225	0.3892088906290141	2
QID2226	2.9053882937451063	1
QID2227	1.2654066253584149	1
QID2228	1.3958682981319823	1
QID2229	3.5072555547597637	1
QID2230	0.37805234114772096	1
QID2231	1.0081302006246635	2
QID2232	5.065512296508829	2
QID2233	3.3404551909231035	1
QID2234	0.09649538524255308	2
QID2235	5.739720001329904	1
QID2236	1.0051931940635517	1
QID2237	0.0040739829212789866	1
QID2238	2.862169817394599	1
QID2239	2.7503827429816003	1
QID2240	1.9316932276445744	1
QID2241	0.6809019804396705	1
QID2242	5.971352494548289	1
QID2243	3.3712291973621755	1
QID2244	0.7285765211350239	1
QID2245	5.764771681093137	2
QID2246	1.1988746621259216	2
QID2247	0.4303460107989734	1
QID2248	3.0068356744079563	1
QID2249	0.5647000548283699	2
QID2250	6.502726580842936	2
QID2251	1.0563836666629434	1
QID2252	4.7009551568610055	1
QID2253	4.632697925931104	1
QID2254	3.8631485916409773	1
QID2255	0.12279858348563752	1
QID2256	0.028820035360220087	1
QID2257	0.058434326218655165	1
QID2258	5.7779633634082375	4
QID2259	6.070039342439247	1
QID2260	1.494124374860378	1
QID2261	4.86361922789911	1
QID2262	0.25234944245264457	2
QID2263	9.92782499653179	2
QID2264	5.371499908024753	1
QID2265	2.8546877838330773	1
QID2266	9.048505507307457	1
QID2267	3.563642894455902	1
QID2268	0.33149268165100804	1
QID2269	0.04890742476671535	1
QID2270	0.3494785570870492	1
QID2271	2.4604335868895246	1
QID2272	4.9397190822297325	1
QID2273	2.9124929650776403	1
QID2274	1.0487220606858598	1
QID2275	0.003588305617470655	1
QID2276	5.849628138920214	1
QID2277	0.16873206517284214	1
QID2278	3.1988924038580353	2
QID2279	11.8331595433284	3
QID2280	2.6566032891330966	1
QID2281	0.08976939250120533	1
QID2282	1.457623197322933	1
QID2283	0.7164978675709045	1
QID2284	7.0333921540230895	1
QID2285	6.4189357115084515	1
QID2286	0.6121772914033335	1
QID2287	2.366927115536665	1
QID2288	2.9856536539865615	1
QID2289	0.1976178806175903	1
QID2290	0.006329225306583804	1
QID2291	0.0917376757690445	1
QID2292	0.014220768267553162	1
QID2293	0.8398351805922544	1
QID2294	0.7114825342347132	1
QID2295	1.2674867680286768	1
QID2296	1.4778999067924967	2
QID2297	0.13074066393422634	1
QID2298	0.9190430329807252	1
QID2299	0.001564190764869674	1
QID2300	3.0796565876042092	1
QID2301	0.012417154666566723	1
QID2302	0.18855963116970775	1
QID2303	0.10956646504462243	1
QID2304	5.561948319800177	1
QID2305	1.909796106341608	1
QID2306	0.5469485437468683	1
QID2307	0.4936068378432499	2
QID2308	5.4648936724667525	2
QID2309	7.990938097605138	1
QID2310	2.2077602746294924	1
QID2311	2.2305196386290738	1
QID2312	0.7420194231510355	1
QID2313	0.6796505621595937	1
QID2314	4.03826554060655	1
QID2315	0.04077769667263517	1
QID2316	0.13987600891730653	1
QID2317	0.4275080279602815	1
QID2318	5.123208118883042	1
QID2319	2.303719274355231	1
QID2320	4.5836625222527	1
QID2321	0.004980148824157305	1
QID2322	2.35735888643147	4
QID2323	13.488757211474464	2
QID2324	0.6389491996760392	1
QID2325	5.8740374769647685	1
QID2326	4.058063406273919	1
QID2327	0.15626300862559306	1
QID2328	0.441054553777612	1
QID2329	1.116549949423497	1
QID2330	5.678169292995793	1
QID2331	0.2996674428727626	1
QID2332	1.8045562349900823	1
QID2333	0.02803163746048373	1
QID2334	1.744282490282557	2
QID2335	1.3485362820476572	1
QID2336	11.071970917234138	1
QID2337	3.3395267665915487	1
QID2338	3.346680723485245	1
QID2339	0.4299360415759473	1
QID2340	5.890844623229738	1
QID2341	2.877571848773436	1
QID2342	2.1974730298845757	1
QID2343	7.767850600552098	1
QID2344	5.8683163020721825	1
QID2345	4.7259427805619625	2
QID2346	2.8440463630295265	1
QID2347	1.0236868886342536	1
QID2348	5.47510051988721	1
QID2349	2.4338595591850707	1
QID2350	2.2409680973543984	1
QID2351	5.405048245831408	1
QID2352	1.8039117130458688	1
QID2353	3.82522750703014	1
QID2354	3.189651401732565	1
QID2355	5.550287126983366	1
QID2356	0.0866063201706341	1
QID2357	2.91508661862711	2
QID2358	2.3966252559942736	1
QID2359	5.191595426966781	1
QID2360	6.12799938332542	1
QID2361	3.410217931098415	1
QID2362	3.4832784970074733	1
QID2363	1.9410264193162787	1
QID2364	4.155545053894363	1
QID2365	0.3233109370359941	1
QID2366	3.9727361758993767	1
QID2367	0.3507891022792788	1
QID2368	6.3333342067346825	2
QID2369	3.660962835346016	1
QID2370	0.7278833747246146	1
QID2371	2.113498043670041	2
QID2372	6.593847334030608	1
QID2373	4.011709005329469	2
QID2374	0.2912363249712717	1
QID2375	5.114845053645942	1
QID2376	0.8485660937448041	1
QID2377	2.104494941628221	2
QID2378	1.4900315099853696	1
QID2379	5.103796213675752	1
QID2380	0.1189779762015612	1
QID2381	1.900775661170656	1
QID2382	3.126843089346794	1
QID2383	1.9878441587461952	1
QID2384	3.3995551173140734	1
QID2385	2.8740816742408173	1
QID2386	0.5922275763907994	1
QID2387	3.4764908266263834	1
QID2388	4.912256848191944	2
QID2389	1.6672403963519586	1
QID2390	4.805908801348681	1
QID2391	2.3067511580145887	1
QID2392	6.933260248583497	1
QID2393	0.2762549335115521	1
QID2394	2.461810216650077	2
QID2395	5.403716029994097	1
QID2396	2.322476978897023	1
QID2397	2.6732815234553455	1
QID2398	1.6091789099368967	2
QID2399	0.6868074928185499	1
QID2400	2.1785518161880173	1
QID2401	7.807589882778845	1
QID2402	2.8722938655298083	1
QID2403	0.5269661571055528	1
QID2404	1.0634993347790942	1
QID2405	4.190263435699172	1
QID2406	1.3904387217908372	1
QID2407	0.3921049670509869	1
QID2408	0.8098049734442125	1
QID2409	0.4319389548428065	2
QID2410	8.59459022338658	1
QID2411	4.751028798299505	1
QID2412	2.6857340452547653	1
QID2413	4.559468408882547	1
QID2414	2.4734531123523733	2
QID2415	0.026239459849867787	1
QID2416	12.365532118481092	1
QID2417	3.7100361776665856	1
QID2418	3.09985601745976	1
QID2419	1.1572705819154696	1
QID2420	7.166117235026764	2
QID2421	0.6114866928903292	1
QID2422	3.794420094672218	1
QID2423	3.844481346048246	2
QID2424	3.2831735885795132	1
QID2425	3.481700138652203	1
QID2426	3.659729361042466	1
QID2427	8.754262454891276	1
QID2428	7.14920018209268	1
QID2429	8.145666939632909	2
QID2430	1.7947283136499637	1
QID2431	0.01192657116725736	1
QID2432	7.397130167723597	2
QID2433	4.601831361768227	1
QID2434	3.2098342751024753	1
QID2435	2.8257380430551704	1
QID2436	1.6733871078451996	1
QID2437	8.678871999337327	1
QID2438	0.8081544373097682	1
QID2439	0.029409835099482636	1
QID2440	6.347048680893762	1
QID2441	0.2757150965108393	1
QID2442	0.04027366546921063	1
QID2443	0.2209401848116751	1
QID2444	3.1614819785668837	1
QID2445	5.293055451630809	1
QID2446	1.3470842636052776	1
QID2447	0.193594891384543	1
QID2448	0.4792041799025632	1
QID2449	4.243541226350869	1
QID2450	4.511701641316048	1
QID2451	0.006664227218301872	1
QID2452	6.168023353109782	2
QID2453	7.95632264466452	1
QID2454	2.1562224047726932	1
QID2455	2.851828018561524	1
QID2456	3.062177341447088	1
QID2457	7.402346190787818	2
QID2458	1.246795170071288	1
QID2459	5.529181133220466	1
QID2460	0.5208837757259948	1
QID2461	0.001977397514962372	1
QID2462	4.535910940745247	2
QID2463	3.534744108896778	1
QID2464	1.1296113107693408	1
QID2465	3.925024412732437	1
QID2466	0.0304681154188387	1
QID2467	0.09511244043101648	1
QID2468	5.3718158435080126	1
QID2469	3.255974041539901	1
QID2470	0.019017743471719285	1
QID2471	3.297682417309603	2
QID2472	10.807554556424623	1
QID2473	2.1697213494395355	2
QID2474	5.182707186960767	2
QID2475	3.4723824884218004	2
QID2476	2.3022177327723017	1
QID2477	3.8354393675383913	1
QID2478	1.2960636140983488	1
QID2479	1.587271897685605	1
QID2480	4.418043083030212	1
QID2481	3.1941727131931845	1
QID2482	0.4083447515590991	1
QID2483	1.6595249203078717	1
QID2484	0.9668825474098802	1
QID2485	0.05476430054483259	1
QID2486	2.8237961125956925	1
QID2487	2.5015428961920207	1
QID2488	3.6710573388388656	2
QID2489	0.21523652767277146	1
QID2490	1.8860469888778968	1
QID2491	3.4273514699805374	1
QID2492	3.1536997605727177	1
QID2493	0.1269880978993781	1
QID2494	8.540946163889789	1
QID2495	1.0099364384209621	1
QID2496	2.853200244557172	1
QID2497	14.36402721359068	2
QID2498	2.128577521172045	1
QID2499	4.424701815169749	1
QID2500	1.8502855527977085	1
QID2501	0.5110062396846708	1
QID2502	0.005036272501100185	1
QID2503	0.3264198792134537	1
QID2504	3.982045336535953	1
QID2505	0.7002134614313662	1
QID2506	0.25138084548729883	1
QID2507	0.8536998323302214	1
QID2508	1.4939245314364755	1
QID2509	3.129780845490523	1
QID2510	0.4310654363005839	1
QID2511	0.3919898163538344	1
QID2512	0.005896967880102919	1
QID2513	0.678425685144075	1
QID2514	0.0910979282836362	1
QID2515	2.0231812697369578	2
QID2516	2.8028752559942736	1
QID2517	0.19603924639131032	1
QID2518	0.017868500518658167	1
QID2519	6.558751427367477	1
QID2520	0.9413276287509555	1
QID2521	7.906723076351545	1
QID2522	3.6141624269953208	1
QID2523	3.549867508938044	1
QID2524	1.0400568332835882	2
QID2525	8.603923865702097	1
QID2526	4.084816200537518	1
QID2527	1.0264069672513243	1
QID2528	0.8333802650919294	1
QID2529	9.14205381916798	1
QID2530	3.5704866576177015	1
QID2531	0.4933875156047158	1
QID2532	1.154070530911924	1
QID2533	3.911334203254505	1
QID2534	0.05465477007029189	1
QID2535	0.4265972062785723	1
QID2536	4.532870775163682	2
QID2537	2.3116280672391167	1
QID2538	2.657368630600573	1
QID2539	0.3132106309166953	1
QID2540	0.23445362543181106	1
QID2541	2.3729511500695626	1
QID2542	0.1296134326344982	1
QID2543	4.437083592805363	2
QID2544	0.6641227636170566	1
QID2545	4.4951146649381695	1
QID2546	1.2900592985718722	1
QID2547	0.3346897818100844	1
QID2548	0.5749965923559415	1
QID2549	2.274578071823084	1
QID2550	0.4491170129501648	1
QID2551	2.3314746802903605	2
QID2552	1.5381314241458408	2
QID2553	3.4194769829600697	1
QID2554	0.6138337117253065	1
QID2555	3.3395876204599433	1
QID2556	5.498289147924581	1
QID2557	0.6801086673633113	1
QID2558	0.7294647079551029	1
QID2559	0.8653270180019736	1
QID2560	2.0671426843447502	1
QID2561	0.15229172640898075	1
QID2562	3.649140514614164	2
QID2563	4.743558106778318	1
QID2564	0.5033155977548536	1
QID2565	4.917106953783675	2
QID2566	7.271906016321527	1
QID2567	1.8922350257263905	1
QID2568	2.3550418406777456	1
QID2569	0.1807420038386421	1
QID2570	0.05502867992283597	2
QID2571	1.4563499638080497	1
QID2572	3.016563567577768	1
QID2573	3.491000422533084	1
QID2574	6.722693411255583	1
QID2575	7.430673674558243	1
QID2576	9.013919979892886	1
QID2577	7.453129381799742	1
QID2578	0.13131442563791265	1
QID2579	1.9576650795025716	1
QID2580	6.339373339489423	1
QID2581	2.9711494612310787	1
QID2582	4.535189676664375	1
QID2583	5.7710472929165295	1
QID2584	3.628995820629993	2
QID2585	2.7779093576025056	1
QID2586	7.848294097140522	3
QID2587	4.5960852756987824	1
QID2588	2.007419716494045	1
QID2589	0.010314390008173777	1
QID2590	5.0971510389428865	1
QID2591	1.454410041957746	2
QID2592	0.8489279649514329	1
QID2593	4.015448610624975	1
QID2594	6.292810964848548	1
QID2595	1.0997198155501446	1
QID2596	6.710858120356699	2
QID2597	1.2218767209380612	1
QID2598	2.910836996516131	2
QID2599	1.7152386581979804	1
QID2600	5.06418503328079	1
QID2601	5.340613762602484	1
QID2602	0.058455920267116226	1
QID2603	2.3421505871974726	1
QID2604	0.22362860357612135	1
QID2605	3.1855074488670807	4
QID2606	0.8945672871683394	1
QID2607	0.8100047394001946	1
QID2608	6.328033818518263	1
QID2609	3.379983350833497	1
QID2610	4.966393392020375	1
QID2611	0.2712942994651792	1
QID2612	3.3831423913863286	1
QID2613	4.75605682369029	2
QID2614	1.7339565564057533	1
QID2615	2.0927001645318275	1
QID2616	2.7375575000988537	1
QID2617	2.268375253786839	1
QID2618	4.142996198004748	1
QID2619	2.998369576181063	1
QID2620	3.0674505053784085	1
QID2621	2.4316092884941964	1
QID2622	0.6217658387343334	1
QID2623	2.909033710654138	1
QID2624	0.39568853573224255	1
QID2625	2.0025574911607475	2
QID2686	7.575357276834116	1
QID2688	5.945412178876027	1
QID2689	12.47315795373743	1
QID2690	3.3672421639694745	1
QID2691	1.9397086929488945	1
QID2692	0.5621910070061723	1
QID2693	10.047360440512337	3
QID2694	3.164754053916415	1
QID2695	3.3319504890862266	1
QID2696	5.630255716987388	2
QID2697	3.151403743433302	1
QID2698	0.7551914709936659	1
QID2699	4.199090273263933	1
QID2700	4.782784326377542	1
QID2701	2.707623962409485	1
QID2702	0.3033154425813778	1
QID2703	3.9141186134156194	1
QID2704	2.5901154046712205	1
QID2705	1.4215470718490932	1
QID2706	0.001248639278503744	1
QID2707	10.123437318574489	2
QID2708	1.5056221690038596	2
QID2709	6.955374179881988	1
QID2710	5.9737701058729815	2
QID2711	0.8134741747317976	1
QID2712	2.2891016857960382	1
QID2713	2.438979346354881	1
QID2714	0.7469356139985832	1
QID2715	1.3375760338118243	2
QID2716	5.419745324586949	1
QID2717	0.10444006656409978	1
QID2718	0.2408188330007394	1
QID2719	4.549812797427174	1
QID2720	0.9137914424343516	1
QID2721	8.205483356826008	4
QID2722	1.811036976745962	1
QID2723	1.0035948157167878	1
QID2724	5.553316154033442	1
QID2725	2.0038808998763424	1
QID2726	5.3090986506067495	2
QID2727	3.7749402669941747	1
QID2728	0.008391524835424132	1
QID2729	3.273339651962062	1
QID2730	0.7857985971265248	1
QID2731	4.759860918367005	1
QID2732	0.0104798270984831	1
QID2733	1.1316030187568624	1
QID2734	0.12013113036756988	1
QID2735	9.955955497697692	1
QID2736	0.5006030018658794	1
QID2737	6.030968923801675	1
QID2738	4.582840889179532	3
QID2739	0.1761517353960498	1
QID2740	6.13781133862028	1
QID2741	3.7822879490675785	1
QID2742	3.792154535565795	1
QID2743	3.0923742276675505	1
QID2744	8.50042569198295	3
QID2745	7.687009923767103	2
QID2746	3.2581602575639708	2
