Word_Unique_ID	Surprisal	NumTokens
QID1	1.113481501994371	1
QID2	5.071422936513047	1
QID3	10.84497879043885	3
QID4	1.133737644951772	1
QID5	3.680021181414544	1
QID6	2.5400867925137995	1
QID7	4.850441407022483	1
QID8	9.289887158712592	1
QID9	0.5884885376986155	1
QID10	6.759854684375732	1
QID11	4.020235704660278	1
QID12	3.338156691022203	2
QID13	4.726308539005862	1
QID14	1.945834081390145	1
QID15	1.5673768909738484	1
QID16	2.4874335419888123	1
QID17	7.220256512157569	1
QID18	2.0811672809162842	1
QID19	8.213895511111541	1
QID20	3.150241735998895	2
QID21	2.711932470205763	1
QID22	4.188297095019412	1
QID23	6.386270462883616	2
QID24	1.9205623694113156	1
QID25	1.029479997378328	1
QID26	7.257941873245077	1
QID27	1.8038035234750824	1
QID28	3.3425658121798616	2
QID29	1.9325279201542467	1
QID30	3.282113242720933	1
QID31	0.3488226411986932	1
QID32	2.6494731610521423	1
QID33	2.346079622477811	1
QID34	0.4864477804508017	1
QID35	2.037112279672748	1
QID36	1.8611987160671244	1
QID37	4.228157341436936	1
QID38	3.136521792435764	1
QID39	0.4180213428341245	1
QID40	2.5446470428441472	2
QID41	2.8540302334301453	1
QID42	0.2387129053021449	1
QID43	9.19564780805586	1
QID44	0.4331514000383115	1
QID45	0.6000704452548327	1
QID46	1.4537640712348296	1
QID47	1.374982279965311	1
QID48	1.2403446888012155	1
QID49	5.724900537130061	1
QID50	1.235043746091231	1
QID51	7.698785299273386	1
QID52	2.4623183774319504	1
QID53	4.421270389931004	1
QID54	1.4275794834212978	1
QID55	3.2190458688983368	1
QID56	1.9837696664184972	2
QID58	4.477836754228618	1
QID59	3.4871381476492296	2
QID60	1.8142638986854076	1
QID61	6.275089659124521	1
QID62	9.939912126551832	3
QID63	4.471239070014703	1
QID64	6.303695384798419	2
QID65	2.11032186115305	1
QID66	6.32739455396628	1
QID67	0.9928044044785032	1
QID68	12.457948031855235	1
QID69	6.929437945301303	2
QID70	2.801854986327151	1
QID71	7.125880093206772	1
QID72	1.1503435925329364	1
QID73	0.34443291329832965	1
QID74	1.8380852347364556	1
QID75	0.6111931213438688	1
QID76	2.1876356758059146	1
QID77	3.274565626412422	1
QID78	0.7245798546136629	1
QID79	3.4476601123423287	1
QID80	0.12151409309846214	1
QID81	7.199509559105799	2
QID82	7.312950164384289	1
QID83	0.3770502941385198	1
QID84	6.76316007964262	1
QID85	0.6785986513511235	1
QID86	3.2042633144432555	1
QID87	5.3906453432379555	1
QID88	2.510309412650715	2
QID89	4.7792829638539835	1
QID90	0.4666135621355464	1
QID91	7.54771559212146	3
QID92	2.278178157337724	1
QID93	8.123171857413954	2
QID94	3.47646287565637	1
QID95	1.0334493812936605	1
QID96	2.754604059572031	1
QID97	0.16248240652930554	1
QID98	12.38415792732908	3
QID99	8.355765303540068	2
QID100	5.368832525462367	1
QID101	3.6721233718944326	1
QID102	6.939128883084838	1
QID103	0.4744331039254546	1
QID104	10.571834784661661	1
QID105	0.5932750730034346	1
QID106	7.563843720001722	1
QID107	0.5856992511921338	1
QID108	0.08321196395774502	1
QID109	6.276637709141999	1
QID110	3.02113073204992	1
QID111	1.0657278661850098	1
QID112	0.6691453945279472	1
QID113	2.2259112428731456	1
QID114	0.7213361868601862	1
QID115	10.242621199221269	3
QID117	5.285475963276032	1
QID118	2.3877695741473937	1
QID119	11.640384282539944	2
QID120	10.174786332749248	2
QID121	0.4267727999426331	1
QID122	0.2774559056042565	1
QID123	0.2256789890369545	2
QID124	0.053182932997208915	2
QID125	0.7355683418075122	1
QID126	4.244533105962091	1
QID127	1.31254904887879	1
QID128	2.5643388419569244	1
QID129	8.759194481051752	1
QID130	1.2757600180490158	1
QID131	0.6424677919907572	1
QID132	4.475989255381776	1
QID133	4.438103885861712	1
QID134	7.196771088661325	1
QID135	0.4043726213574701	1
QID136	4.962106640425635	1
QID137	1.510194078276354	1
QID138	4.008028042262399	1
QID139	3.96426488698327	1
QID140	2.779804849189269	2
QID141	1.5629156160248692	1
QID142	3.5851523598534456	2
QID143	4.785062993516665	1
QID144	1.0477426988305671	1
QID145	0.915707419606944	1
QID146	0.44784848795243776	1
QID147	1.3667586077505918	1
QID148	2.305534577877181	1
QID149	4.4224627022712335	1
QID150	4.0505490149419385	1
QID151	0.40601154527782624	1
QID152	8.523637133451526	1
QID153	0.755708812845982	1
QID154	2.8252039463401126	1
QID155	3.3329157002949734	1
QID156	0.08466713492864535	1
QID157	4.092615074118415	1
QID158	2.905306697708612	1
QID159	1.6639534154242124	2
QID160	3.777843807247815	2
QID162	0.799403649303984	1
QID163	0.04877197795708105	1
QID164	2.15438865283627	1
QID165	4.480983769632744	1
QID166	0.9736829854922237	1
QID167	1.40595350361865	1
QID168	4.020646709036609	1
QID169	0.4026431901824528	2
QID170	2.385525252432468	1
QID171	4.232032416737718	1
QID172	4.886317688709805	1
QID173	4.75771139713164	2
QID174	11.154065741781185	1
QID175	5.152193616909528	1
QID176	3.509787257511825	1
QID177	2.0298684460279057	1
QID178	3.1796314189241404	1
QID179	8.330668810180015	2
QID180	5.504544723391217	1
QID181	2.3242265650788605	1
QID182	1.355505167202686	1
QID183	9.729748972497418	1
QID184	2.8557910481798907	1
QID185	8.843887891429366	1
QID186	7.341840795395135	3
QID187	3.158410266397765	1
QID188	0.9047384334594488	1
QID189	2.7004668534510468	2
QID190	0.997787213867636	1
QID191	3.5555892720922406	1
QID192	3.0304953691206755	1
QID193	9.011686842893194	1
QID194	5.688828721121927	1
QID195	6.858720746684988	2
QID196	2.9224446321648228	1
QID197	1.5868601532592048	1
QID198	8.408853079057566	2
QID199	7.986086326782732	1
QID200	2.3153975107017253	1
QID201	1.1797191132589018	1
QID202	4.8958927400260785	2
QID203	2.0666309630639086	1
QID204	12.624838913072416	3
QID205	7.9835164172049655	1
QID206	8.231563868974218	2
QID207	1.6743709392818733	1
QID208	4.4778473023807495	1
QID209	2.8986938529634902	1
QID210	4.43469262532974	1
QID211	0.8186075408889528	1
QID212	1.7536461089235498	1
QID213	2.1364398016071666	1
QID214	3.956627442625495	1
QID215	2.1712942452272963	1
QID216	5.135408968353417	1
QID217	0.6524685617998888	1
QID218	0.1804684688263824	1
QID219	3.205044531931302	1
QID220	3.935518904539386	2
QID221	2.2618692188450025	1
QID222	0.7922724171006432	1
QID223	5.236478283914892	1
QID224	3.6882497857209198	1
QID225	0.5470145906703494	1
QID226	5.931371761340536	2
QID227	3.3984881522358203	1
QID228	4.567064910690367	1
QID229	12.547950924414724	1
QID230	3.2638153510098187	1
QID231	8.647242264391444	2
QID233	8.881750579311959	2
QID234	14.260649765804613	2
QID235	2.426442681509561	1
QID236	5.438507149933258	1
QID237	1.86557560382882	1
QID238	1.4846435579325408	1
QID239	2.973385893371991	2
QID240	3.068020216992507	1
QID241	0.3042532427942067	1
QID242	10.844000762820606	1
QID243	4.8744358504275285	2
QID244	1.6337988246253643	1
QID245	2.676793067145494	1
QID246	3.1926735619338458	2
QID247	1.4528107102147296	1
QID248	3.106577520147172	1
QID249	4.355248491945002	1
QID250	1.1189674413772814	1
QID251	10.886261493427194	3
QID252	0.06529670940835608	1
QID253	2.2177506376562817	2
QID254	4.142000239234323	1
QID255	1.1455210783656296	1
QID256	8.250254235837456	2
QID257	5.311763711147249	1
QID258	0.7538861844335092	1
QID259	5.006847182071744	2
QID260	4.1393333008646165	1
QID261	1.0574770912439369	1
QID262	8.128696628618817	1
QID263	0.8395544937838385	1
QID264	0.8748576127181913	1
QID265	0.8988894063010063	1
QID266	1.1436556617895517	1
QID267	3.7597502730147654	1
QID268	4.3732875839108285	1
QID269	0.942508321075454	1
QID270	6.023800610275089	2
QID271	1.9949595269069864	1
QID272	2.305028712539824	1
QID273	2.7315886050039904	1
QID274	0.015261601897979846	1
QID275	4.575005455665252	1
QID276	6.53232216095654	2
QID277	2.8348976772221564	1
QID278	4.674076124373755	1
QID279	4.601549914312157	1
QID280	3.637948497591563	1
QID281	0.2815848748467918	1
QID282	1.2556716652943989	1
QID283	0.8097158976793264	1
QID284	5.085840618883677	1
QID285	2.5796992118602047	1
QID286	7.7749088866947975	2
QID287	0.8848553346336598	1
QID288	0.9977421658251436	2
QID290	8.419053807920827	1
QID291	12.89438638661749	1
QID292	7.723545420590884	1
QID293	6.51788025603567	1
QID294	3.3044207873165625	1
QID295	4.046750308951792	1
QID296	0.3272869601224771	1
QID297	4.004206384301447	1
QID298	4.2116258378514315	1
QID299	9.574003262461598	1
QID300	9.193263324299446	2
QID301	2.5202831632159626	1
QID302	7.345431160633661	1
QID303	4.407356256151378	1
QID304	1.7870018042008822	1
QID305	13.036818897221622	3
QID306	3.3078976970459624	1
QID307	6.066494665810678	1
QID308	3.903841124354687	1
QID309	2.4287990120674783	1
QID310	0.3844497458050649	1
QID311	3.669232113716837	2
QID312	2.4196334604307763	1
QID313	3.503310876206654	1
QID314	0.6417944658595649	1
QID315	2.716423117615647	1
QID316	1.9447953533111817	1
QID317	1.676585829282586	1
QID318	9.732608451731672	3
QID319	1.5910450246915488	1
QID320	3.9269057357736727	1
QID321	0.8547354862874385	1
QID322	4.299090070592056	2
QID323	3.579207829932362	1
QID324	8.370372125574207	1
QID325	12.319345135884062	2
QID326	5.841679270095566	1
QID327	2.412406825390581	1
QID328	7.031202326719654	1
QID329	4.401185946066891	1
QID330	5.576237147874094	1
QID331	9.337792546816836	1
QID332	1.0903155263094866	1
QID333	1.2311741162895162	1
QID334	8.019820579301049	1
QID335	7.684001878656788	2
QID336	4.356199842907728	1
QID337	4.463884422489478	1
QID338	10.116201098034242	1
QID339	1.4931449961095968	1
QID340	4.073598297305588	1
QID341	2.9481969329596507	1
QID342	3.610701693058968	1
QID343	5.244170678011531	1
QID344	1.2702460123658113	1
QID345	5.7108540032302715	2
QID347	9.215626130974726	2
QID348	6.699837136198674	2
QID349	1.6034617181490751	1
QID350	5.3985358643687125	1
QID351	2.3261890090675594	1
QID352	3.301926328769107	1
QID353	9.754110428584221	2
QID354	3.186006694769555	1
QID355	3.062595064707467	1
QID356	5.787384666619982	1
QID357	10.662466295890727	2
QID358	2.675691649695896	1
QID359	5.738892882687582	1
QID360	0.7826633445420083	1
QID361	6.577906508364978	2
QID362	8.037118228171769	1
QID363	0.55052184722754	1
QID364	6.3213008513703945	1
QID365	0.28658666866064136	1
QID366	0.5903474214672556	1
QID367	7.582563145059173	1
QID368	8.713800189353789	1
QID369	4.264508297534524	1
QID370	6.3807266293566025	1
QID371	5.7442662944259055	2
QID372	1.6621029737950246	1
QID373	2.9593704703135457	1
QID374	4.264540505595662	1
QID375	7.020469454832674	2
QID376	2.336768382018376	1
QID377	3.16125200721746	2
QID378	1.8004145745035007	1
QID379	2.5046798124748517	1
QID380	0.7964324264353276	2
QID381	0.9550548056179562	1
QID382	2.067493982630105	1
QID383	10.357424558485873	3
QID384	3.1623461833055537	1
QID385	2.6617348075046348	1
QID386	0.8197751395604509	1
QID387	0.6966856537506811	1
QID388	1.7251453305463	1
QID389	3.2614276149267645	2
QID390	1.4396010760089049	1
QID391	4.371112428374012	1
QID392	3.016525225417806	1
QID393	1.8127798300700932	1
QID394	1.2660764687928798	1
QID395	0.21213577362878336	1
QID396	4.027760265865608	2
QID397	1.4156820187730899	1
QID398	1.194361128116224	1
QID399	9.488744642109182	3
QID400	4.7903919436585145	1
QID401	2.982404047775367	1
QID402	16.237620911316988	3
QID404	6.649451940915169	1
QID405	2.5577769154415044	1
QID406	3.564415902185241	1
QID407	5.239821975790845	1
QID408	4.546770474143126	1
QID409	0.5931699346267724	1
QID410	1.7058669656063363	1
QID411	4.7485028534377465	1
QID412	0.013076054579606951	1
QID413	5.221425740820516	2
QID414	5.175134726709639	1
QID415	1.8704860619270387	1
QID416	1.6788436703755432	1
QID417	4.196475800010728	1
QID418	0.2584697238573241	1
QID419	6.259125940441238	1
QID420	0.03380074976827053	1
QID421	2.2446274915219377	1
QID422	2.3367412674670147	2
QID423	4.930164007277753	1
QID424	9.372562115682546	1
QID425	5.266334575280595	1
QID426	1.2622829795722088	1
QID427	1.7208580439926522	1
QID428	6.99112275768485	1
QID429	1.0717364932959317	1
QID430	0.010787189224100959	1
QID431	3.2412759287359827	1
QID432	4.577967607312407	3
QID433	4.550078991178519	1
QID434	0.16733812045053956	1
QID435	6.0609273662472205	1
QID436	2.0384093855561787	1
QID437	6.570913983495813	1
QID438	0.26987582167361224	1
QID439	10.433434761184909	1
QID440	5.868956868119645	3
QID441	1.216050721498978	2
QID442	3.5132721916594485	1
QID443	1.2546426304107399	1
QID444	0.8275950912375918	1
QID445	3.5324295228937648	1
QID446	2.2615153642494548	2
QID447	2.8871078705316333	1
QID448	4.578695648839742	1
QID449	6.08475059110665	1
QID450	4.240088579954254	1
QID451	2.5697526307846257	1
QID452	1.024641096892149	2
QID453	3.1260123342139137	1
QID454	2.4816769870751223	1
QID455	2.256389202736312	1
QID456	0.5232332675238909	1
QID457	1.0264269550123253	1
QID458	1.2154055975012543	1
QID459	3.604674651358741	2
QID460	2.5045863038441305	1
QID461	1.4997772895735997	1
QID462	11.075585841601887	2
QID463	9.369805358014892	2
QID464	2.106908017547988	1
QID465	2.4089262832109792	1
QID466	8.320474776773388	1
QID467	2.9352410895414143	1
QID468	2.6022192432993547	1
QID469	18.52355395054712	5
QID470	10.750663214915583	1
QID471	5.8371408438983226	2
QID472	4.1660897575204965	1
QID473	1.1506644078383348	1
QID474	0.3476768414122001	1
QID475	0.6368873944028259	1
QID476	8.238555268185163	4
QID477	0.20246480471600145	1
QID478	2.615254957458749	1
QID479	18.312864075544844	3
QID480	6.067894152275401	1
QID481	0.4463275669301112	1
QID482	5.9413346778370455	1
QID483	4.978044330239404	2
QID484	5.769964193279115	1
QID485	13.106689018972466	2
QID486	2.730318906346809	1
QID487	1.3264896096951082	1
QID488	0.7910301346152636	1
QID489	1.299813970826314	1
QID490	6.076095259952876	1
QID491	3.017999121391232	1
QID492	0.7326824070750204	1
QID493	3.246389011696756	1
QID494	3.3930895260528304	1
QID495	5.6538478548748365	1
QID496	2.1489863422778925	1
QID497	6.505702448551215	2
QID498	1.9401653123764848	1
QID499	11.299498304575794	3
QID500	4.3065033013974565	1
QID501	7.02919184641311	1
QID502	4.027247891150206	1
QID503	0.3332380919426091	1
QID504	9.256149362043708	2
QID505	1.0812413060114634	1
QID506	8.075850482739233	1
QID507	1.5292196927562145	1
QID508	1.2986359966560272	1
QID509	2.3858096496641976	1
QID510	1.501501411433101	1
QID511	7.532182959630691	1
QID512	2.666477996205708	1
QID513	4.445971688911946	2
QID515	13.570176062093248	3
QID516	11.081794698149643	1
QID517	1.6432146838404385	1
QID518	5.665381473337924	2
QID519	4.762540222865464	2
QID520	1.9981009492980897	1
QID521	1.6100456329036192	1
QID522	4.5344234396333984	1
QID523	1.7253788754971005	1
QID524	1.1004731223451525	2
QID525	5.21154179451711	1
QID526	3.341333412768147	1
QID527	1.7300497948123368	1
QID528	4.2938607372357325	1
QID529	0.18567907092643648	1
QID530	5.503747593085048	1
QID531	1.4475598706576258	1
QID532	4.731328584264898	2
QID533	8.708823333395213	1
QID534	3.1951928413744994	2
QID535	9.34758560887908	2
QID536	5.32020568003167	2
QID537	1.6195896367989826	1
QID538	2.3906186015285362	1
QID539	0.8273151664597455	1
QID540	1.1905843727251937	1
QID541	0.15668527587239714	1
QID542	0.551345479038638	1
QID543	4.654634927352828	1
QID544	1.2186954354970512	1
QID545	2.200158577676388	1
QID546	0.021975197872252883	1
QID547	0.0035332712393551704	1
QID548	0.6880452672335752	1
QID549	4.808009943082827	2
QID550	3.3170597663682564	1
QID551	3.2159007366701653	1
QID552	0.4639659455780747	1
QID553	3.892303674026362	1
QID554	5.545768664075839	1
QID555	5.3714928878788015	1
QID556	3.0886859600436964	1
QID557	3.9115387410855673	1
QID558	0.6859338784113349	1
QID559	1.6413457448906146	1
QID560	7.203161283566053	1
QID561	5.770756110188991	1
QID562	2.508440306579107	1
QID563	1.6551055979669187	1
QID564	1.1233846456692271	1
QID565	3.301741828725321	1
QID566	0.3639918137867345	1
QID567	5.509080538279517	2
QID568	0.9692059452205718	2
QID569	1.7117026138967908	1
QID570	13.518559375442035	2
QID571	3.5558677122823843	2
QID572	6.46304553149183	1
QID573	0.8262909273318068	1
QID574	7.837464789097482	2
QID575	2.75971556173903	2
QID576	11.184606077639128	4
QID577	0.962191559335317	1
QID578	1.089824963765185	1
QID579	13.224955197191884	1
QID580	3.1489374412164617	1
QID581	6.612203865246822	1
QID582	0.06058136168329532	1
QID583	9.96278135593897	3
QID584	2.799471580283108	1
QID585	2.7488981755470587	1
QID586	1.1058389344475636	1
QID587	3.8760527939227303	1
QID588	8.64833611078773	1
QID589	1.2403549219140966	1
QID590	4.165094896401993	1
QID591	11.242607080405532	2
QID592	4.949566348977237	1
QID593	3.4603369971542457	1
QID594	2.2878700418562783	1
QID595	4.528462439132581	1
QID596	3.2554871514102293	1
QID597	3.2627714913815766	1
QID598	0.5494891114341625	1
QID599	2.9442736382050865	2
QID600	4.04926435945206	2
QID601	2.004694849575531	1
QID602	4.7958569059994645	1
QID603	1.520159631096888	1
QID604	1.2866959148217818	1
QID605	2.1500094205622746	1
QID606	3.49699619582915	1
QID607	3.782013547138485	1
QID608	1.1529040094257683	1
QID609	4.29937069454369	1
QID610	8.464030138850594	1
QID611	3.613666501811752	1
QID612	3.492406025351332	1
QID613	2.0150016634703034	1
QID614	10.638938574291137	2
QID615	8.705985115169762	1
QID616	0.6337852470418236	1
QID617	1.7681672941788624	1
QID618	6.963794444840379	1
QID619	0.5650604502650367	1
QID620	7.5991313003364365	1
QID621	8.178175871224653	3
QID622	7.056734301198881	1
QID623	4.107428083999462	2
QID624	6.8659440852065545	1
QID625	11.195106177713251	2
QID626	7.073484964732903	1
QID627	4.852751099988062	1
QID628	4.030626393709797	1
QID629	0.8787542162359551	1
QID630	9.628058232621044	1
QID631	1.2407363355165235	1
QID632	3.74517264349136	1
QID633	1.2409561609124582	1
QID634	0.5358494953855647	1
QID635	0.15021128347724888	1
QID636	3.27484984085769	1
QID637	1.0503687559300972	1
QID638	11.106202149765492	1
QID639	0.3151389756226162	1
QID640	8.494859088058508	4
QID641	1.8048099252780023	1
QID642	5.764068127021442	1
QID643	0.4196519695631738	1
QID644	2.919042370122728	1
QID645	4.221192462051657	1
QID646	5.2477857450029965	1
QID647	0.9353105213161496	1
QID648	0.8555595889556072	1
QID649	2.028196363672643	1
QID650	2.489339322111126	1
QID651	2.5761915161436453	1
QID652	3.665851314804349	1
QID653	3.369591198342619	1
QID654	1.9056960721331504	1
QID655	2.4545708252572007	2
QID656	3.870155136746501	1
QID657	6.031443268729387	1
QID658	3.476606030032583	1
QID659	4.018574004923194	1
QID660	5.323446184826032	2
QID661	2.301107430794516	1
QID662	2.7096187214721703	1
QID663	6.945445761590119	1
QID664	1.4824019339040226	1
QID665	1.4221086222917876	1
QID666	1.0474463829611669	1
QID667	2.922276613882945	1
QID668	0.471191244222392	1
QID669	0.8078112104530277	1
QID670	2.520990953593641	1
QID671	2.12077172408429	1
QID672	5.139076646320773	1
QID673	7.312468685482186	2
QID674	9.604219316302643	2
QID675	1.901792387626772	1
QID676	7.820642763980538	1
QID677	11.028417634075362	2
QID678	0.6772895783818172	1
QID679	8.995200820453878	1
QID680	3.906702458843576	1
QID681	5.224271457564916	1
QID682	5.400301059054782	1
QID683	8.449224570858673	1
QID684	5.675719613374807	2
QID685	4.271713004608162	1
QID686	12.943805625415203	1
QID687	8.85953277649878	2
QID688	0.5001806323650545	1
QID689	0.9090887002420192	1
QID690	3.8708322978166776	2
QID691	1.781114510175664	2
QID693	0.6423453948544782	1
QID694	5.088275875281239	2
QID695	0.7924210180632627	1
QID696	0.01958900419735229	1
QID697	2.1232740137233104	1
QID698	1.1738021389323647	1
QID699	5.429260489391799	1
QID700	2.714315104269164	1
QID701	9.704529935848011	2
QID702	3.136969467333744	1
QID703	0.8890720905534713	1
QID704	0.014721815543918368	1
QID705	1.2168317744278023	1
QID706	2.145000717689895	1
QID707	0.00813177388902107	1
QID708	2.5752445413638942	2
QID709	0.5682674064867408	1
QID710	1.3238981919552129	2
QID711	6.8847839741601256	2
QID712	9.755679149072128	1
QID713	0.4676351458997172	1
QID714	2.3413328020486786	2
QID715	4.906356253944376	1
QID716	4.957180672603087	1
QID717	11.698950118868776	3
QID718	3.6512339886866094	1
QID719	9.218425150340584	4
QID720	3.411357598672317	1
QID721	0.647822184434141	1
QID722	7.3938492584666475	2
QID723	0.7313749288269118	1
QID724	5.800076749305256	1
QID725	13.14526964969784	3
Q2684	15.046077520361454	1
QID726	9.818228625731868	1
QID727	4.436176900292095	1
QID728	4.645092199675362	2
QID729	8.528388115983295	1
QID730	1.4903090251699638	1
QID731	7.297475909384309	1
QID732	2.2217342443767008	1
QID733	5.270814633155708	1
QID734	0.5687215419975775	1
QID735	2.8944210096116225	1
QID736	2.3274626936565506	1
QID737	1.9117452369843728	1
QID738	8.73980111398339	1
QID739	8.547254309893638	1
QID740	4.080973003039162	3
QID741	5.099300777090644	1
QID742	1.6149963325687648	1
QID743	3.8764244591365697	1
QID744	2.645520769424732	1
QID745	0.18863475502775695	1
QID746	6.857817112494445	1
QID747	0.04705514028558218	1
QID748	3.924661006209764	1
QID749	2.43950281588195	1
QID750	1.1862861015115576	1
QID751	2.718534269458868	1
QID752	4.541515725784586	2
QID753	5.329163941409621	1
QID754	6.37909919999611	2
QID755	2.81269896248014	1
QID756	8.688857794093693	3
QID757	7.362766370896853	2
QID758	5.698631922827891	1
QID759	1.103512486074296	1
QID760	6.866422609550255	1
QID761	2.0110747442548065	1
QID762	0.048151880964956886	1
QID763	0.2857175531539972	1
QID764	2.8808093774363868	1
QID765	6.24272244612458	1
QID766	2.9473182306665917	1
QID767	1.2175977403887832	1
QID768	0.05558444363915334	1
QID769	5.714420783336629	1
QID770	5.09126260315443	1
QID771	3.6301141916326913	1
QID772	2.8779588718955202	1
QID773	1.286526116142109	1
QID774	6.147304925049488	1
QID775	1.1150417765514484	1
QID776	1.7087318190137346	1
Q2685	9.593315863348844	2
QID777	8.281389534487749	2
QID778	9.785824617295411	1
QID779	1.7545699174030414	1
QID780	4.2264096405613145	1
QID781	7.460293738538555	1
QID782	4.820452877267343	1
QID783	0.8489995102485479	1
QID784	2.6927149318207158	2
QID785	9.70816705786216	1
QID786	2.9529704647889288	1
QID787	3.1920932384337464	2
QID788	2.6916107646015037	1
QID789	5.316588648463114	1
QID790	10.378235380519863	1
QID791	2.2825335441445698	1
QID792	0.4463936660113431	1
QID793	3.948910625444932	1
QID794	1.5009185414587558	2
QID795	4.591773966976393	1
QID796	3.393624763064057	1
QID797	2.3132356470266107	1
QID798	0.8191689021720822	1
QID799	2.028703409874712	1
QID800	4.0933770363827655	1
QID801	3.2723689660242075	1
QID802	1.7008843566512957	1
QID803	7.1412475583248085	1
QID804	8.48641353964131	1
QID805	4.500571431215733	1
QID806	4.706308800983961	1
QID807	6.78589716665716	1
QID808	0.3457521662442784	1
QID809	5.157752356995443	2
QID810	3.2460113245171884	1
QID811	2.188891943249186	1
QID812	2.8260764804003387	1
QID813	6.394843046039567	1
QID814	3.609934916314292	1
QID815	1.4356980314446073	1
QID816	2.9635630568109335	1
QID817	4.815221505262482	3
QID818	1.581749875956333	1
QID819	4.4371743212149495	1
QID820	10.219312169365226	1
QID821	10.031929538867821	1
QID822	1.4487999578170703	1
QID823	0.8083761925579622	1
QID824	3.3431908893037456	1
QID825	0.8193489961737119	1
QID826	7.971346778322323	1
QID827	0.8115359884354519	1
Q2686	0.31207638584906594	2
QID828	13.382836874913584	2
QID829	2.7398476351041	1
QID830	8.009526276544484	1
QID831	2.3310998845974638	1
QID832	2.0875220737519466	1
QID833	4.90859873760382	1
QID834	0.051457328634117186	1
QID835	5.036980622396452	1
QID836	4.42049830956018	1
QID837	1.2905864443847728	1
QID838	0.10438585654932048	1
QID839	6.32532406704622	2
QID840	2.026103076782475	1
QID841	4.434767623431384	1
QID842	9.084739364668831	1
QID843	0.3107122973159245	1
QID844	7.0098042607681155	1
QID845	8.317501626697558	1
QID846	1.7220663758918802	1
QID847	9.516512565893695	1
QID848	4.669864608779285	1
QID849	0.2641502895920483	1
QID850	3.6287318401722337	1
QID851	3.043894607000566	2
QID852	2.634407762181385	1
QID853	5.326503381551558	1
QID854	2.1316856507012605	1
QID855	6.514213907262644	1
QID856	0.0161595312109173	1
QID857	3.4927933222132865	1
QID858	5.463775927143281	1
QID859	0.6631108557515091	1
QID860	8.2544005788025	2
QID861	2.7870400480544144	2
QID862	3.5304253883984344	2
QID863	1.4330991257330523	1
QID864	5.106655865243472	1
QID865	3.830880953988608	1
QID866	6.425184884005911	1
QID867	4.425105415551809	1
QID868	1.4848977660598113	1
QID869	6.7532619714223925	1
QID870	2.2740627116646532	1
QID871	3.8749973576262167	1
QID872	1.4190166642303683	1
QID873	3.8818381734684535	1
QID874	2.96201087228546	1
QID875	7.161027329844668	1
QID876	3.0381556102714904	1
QID877	4.717713039262005	2
QID878	3.09980435221466	1
QID879	5.4614439815014615	1
QID880	7.046517492556491	1
QID881	0.3767303853798736	1
QID882	4.206660124199436	1
QID883	4.292055125719745	1
QID884	5.850534456064424	1
QID885	5.159714374013698	2
QID886	4.43093495886947	1
QID887	1.0706807994484608	1
QID888	4.561406030531162	1
QID889	6.827468393394492	1
QID890	2.718611719877885	1
QID891	3.386744513581301	1
QID892	5.191998561407842	1
QID893	17.37847670169487	2
QID894	7.163621656288555	1
QID895	2.436263218370909	1
QID896	7.798683555018182	2
QID897	3.692027848332239	1
QID898	6.319183408041698	1
QID899	5.3674677887713935	1
QID900	1.1313074805403605	1
QID901	0.024612356739136518	1
QID902	8.12668984287731	2
QID903	20.83356217377905	2
QID904	7.542144606027482	2
QID905	3.9854646067020543	2
QID906	2.2603224263455366	1
QID907	0.8418092853618332	1
QID908	6.197207510003159	1
QID909	7.23507122238751	3
QID910	3.9305364419828273	1
QID911	7.3653941553624955	1
QID912	1.1748084905796443	1
QID913	0.9533584435285872	1
QID914	2.7054718612747206	1
QID915	0.4080014443625136	1
QID916	0.4903162640039799	1
QID917	3.837863108765275	1
QID918	1.001549994365284	1
QID919	5.908610052605908	2
QID920	6.821902513847281	1
QID921	0.6578608695746898	1
QID922	6.535852206739914	1
QID923	1.6836486180119434	1
QID924	2.675708588774391	1
QID925	0.40142124931269196	1
QID926	0.0073055260928895985	1
QID927	1.8102718977286536	2
QID928	3.296221315348701	1
QID929	1.0380610269083743	1
QID2687	1.0380610269083743	1
QID929	1.0380610269083743	1
QID2687	1.0380610269083743	1
QID930	5.511086906232244	1
QID931	9.648360644460112	2
QID932	5.184948316050262	1
QID933	1.7581012031717682	1
QID934	7.092144377557839	1
QID935	0.6606063397677835	1
QID936	1.0376381291447745	1
QID937	0.2587747028041037	2
QID938	3.075498516827736	1
QID939	3.220518491527971	1
QID940	0.27315316564589115	1
QID941	2.6618017324304963	1
QID942	0.22039590318601168	1
QID943	7.336423710272403	1
QID944	2.8376856859136206	1
QID945	8.147298325341113	1
QID946	5.377986196406561	1
QID947	1.1318495748594637	1
QID948	7.995015098625664	1
QID949	5.25355679902713	1
QID950	0.10660804529485016	1
QID951	2.6743489021337465	1
QID952	1.0379204620710347	1
QID953	2.5794782055041043	1
QID954	1.0453396478658723	1
QID955	2.3971483277689525	2
QID956	3.7324646743436873	1
QID957	1.944663070341888	2
QID958	0.9479425002659654	1
QID959	2.666634505977928	1
QID960	3.8611124161726202	1
QID961	0.20055546758695086	1
QID962	1.2992933119217518	1
QID963	2.021565936343284	1
QID964	0.1419261688312185	1
QID965	7.413418934810996	1
QID966	0.6042744314519295	1
QID967	0.7153528075648057	1
QID968	2.200320050295581	2
QID969	2.5638856485872927	1
QID970	4.902429218910075	1
QID971	3.4280108406360967	1
QID972	6.498859373916254	1
QID973	0.21505437261135615	1
QID974	0.12233213797145726	1
QID975	10.176673407147364	1
QID976	1.0041849516418724	1
QID977	1.7000357894464333	1
QID978	11.58847474138008	2
QID979	11.534633097431698	2
QID980	12.53025487400632	2
QID981	0.7872543544123547	1
QID982	5.621553240521005	1
QID983	0.07798273127294156	1
QID984	3.31435135543883	1
QID985	2.1226903065158518	1
QID986	0.0016039047069174538	1
QID987	6.3402398900515	2
QID988	5.294740282346415	1
QID989	3.2377987998456086	1
QID990	0.5725953518930081	1
QID991	13.014704973074114	2
QID992	3.6096795511099535	1
QID993	7.759409942568816	1
QID994	2.5924381558710228	1
QID995	11.324518409551885	2
QID996	3.885354501606336	1
QID997	12.04471294700727	1
QID998	6.854945374467751	2
QID999	2.7795518851367795	1
QID1000	1.4466016100405736	1
QID1001	3.859421942446205	1
QID1002	0.8136236705313605	1
QID1003	0.6813833870339964	1
QID1004	9.792459253800168	1
QID1005	0.22820065557741054	1
QID1006	4.387096337005649	2
QID1007	8.943953112781243	2
QID1008	7.025582428812169	1
QID1009	3.798857182077116	1
QID1010	2.9119522339013746	1
QID1011	4.573045487808629	1
QID1012	1.333688884087407	1
QID1013	0.8831574182082232	1
QID1014	1.5937904052530802	1
QID1015	3.108800972097028	1
QID1016	5.324721048346942	1
QID1017	0.5010747277081808	1
QID1018	2.998789455536908	1
QID1019	3.5453950643691123	1
QID1020	9.815658199531018	2
QID1021	4.709953914109072	2
QID1022	0.5141654042189153	1
QID1023	0.5621727976250296	1
QID1024	3.2533724081978352	1
QID1025	2.3566708557877702	1
Q2688	0.7338514510965515	2
QID1026	9.946326301924344	1
QID1027	1.1427631578171589	1
QID1028	3.3912916070777945	1
QID1029	4.6553163370455755	2
QID1030	1.2690041015282263	1
QID1031	1.403654242559122	1
QID1032	9.655370179294724	1
QID1033	4.779921254252389	1
QID1034	4.374617571040382	1
QID1035	4.269545518316422	1
QID1036	1.0006847902667075	1
QID1037	10.342321947874119	2
QID1038	5.270628406439076	1
QID1039	3.879190764646944	1
QID1040	0.14827740452257485	1
QID1041	4.146314948595583	2
QID1042	3.468948405923552	1
QID1043	0.6079838768088148	1
QID1044	1.6216686777874958	1
QID1045	9.282501217350276	2
QID1046	5.294564058970109	2
QID1047	9.921985798334793	1
QID1048	3.674385545840922	1
QID1049	11.779377769906368	3
QID1050	3.977987271394938	2
QID1051	4.8305772604739206	1
QID1052	0.8022199902628349	1
QID1053	7.712844229277923	1
QID1054	5.205478691800493	1
QID1055	3.923585563731493	1
QID1056	2.072560801515845	2
QID1057	4.009283989357225	1
QID1058	3.919048799812352	1
QID1059	1.320706758557329	1
QID1060	1.871926211406848	1
QID1061	4.4267472631342	1
QID1062	3.0279049432434424	1
QID1063	2.4551023542530137	1
QID1064	10.203914200309775	1
QID1065	5.641774417652079	1
QID1066	6.199026249378044	2
QID1067	11.049447459682877	1
QID1068	1.5431788599996774	1
QID1069	3.0423287369830803	2
QID1070	1.1518285884678865	1
QID1071	5.830904003788771	1
QID1072	0.6118713723093846	1
QID1073	3.6363274684027433	2
QID1074	3.633841012500069	2
QID1075	10.680723184971663	2
QID1076	1.003816370015719	1
QID1077	5.383380188232424	1
QID1078	0.023690445958340613	1
QID1079	4.3037587391627445	1
QID1080	0.052331751383394326	1
QID1081	2.4575292813878304	1
QID1082	12.287190667226353	1
QID1083	4.166197394374032	1
QID1084	5.914498644768496	1
QID1085	10.657945260755982	2
QID1086	6.141412527578305	1
QID1087	2.2092885225974253	1
QID1088	6.281468326395828	1
QID1089	1.470214419925019	1
QID1090	1.117631170232857	1
QID1091	4.533657601332473	1
QID1092	4.096655886256878	2
QID1093	2.098816249830138	1
QID1094	4.988459272281991	1
QID1095	2.1254235032283275	1
QID1096	2.176174828598347	1
QID1097	2.6474755228244726	1
QID1098	0.16232171497964748	1
QID1099	5.237258390466807	1
QID1100	5.5153666171674125	1
QID1101	5.15400192575488	1
QID1102	0.40953257187780173	1
QID1103	5.332293539216988	2
QID1104	1.2528466528992883	1
QID1105	0.4238201436024401	1
QID1106	1.6818970318087805	1
QID1107	6.166945582090154	1
QID1108	1.0325263161102192	1
QID1109	0.5081250859990032	1
QID1110	7.093994480807912	1
QID1111	5.286700522573317	1
QID1112	5.757945904229901	1
QID1113	1.4364694149641009	1
QID1114	6.815081410215394	1
QID1115	2.1488395193036247	1
QID1116	2.2066518384253127	1
QID1117	6.598271552489019	1
QID1118	2.369517686668686	1
QID1119	1.7512373476636809	1
QID1120	4.094760225662079	1
QID1121	2.459083464527856	2
QID1122	3.0047318088875383	1
QID1123	13.896003680803375	1
QID1124	8.412123079526625	1
QID1125	1.4386980911912386	1
QID1126	0.9002124215634918	1
QID1127	7.01423655094573	2
QID1128	4.005352773793601	1
QID1129	6.338471241659717	1
QID1130	5.3860796510604185	1
QID1131	12.770162916333588	2
QID1132	5.167487814080841	2
QID1133	5.844579641728916	1
QID1134	6.553253028877264	1
QID1135	11.35057496854002	1
QID1136	5.326184626417461	1
QID1137	1.5712098203566085	1
QID1138	5.1524658308711	1
QID1139	4.3106839275781095	1
QID1140	3.096121626903785	1
QID1141	1.1115345925702271	1
QID1142	11.955987236256973	3
QID1143	2.0192381346990373	1
QID1144	0.4149930923405978	1
QID1145	2.8667401985034298	1
QID1146	10.691470553794117	2
QID1147	8.970808184874134	3
QID1148	2.6309928098948587	1
QID1149	9.79067840470906	1
QID1150	5.896267084125255	1
QID1151	10.534490216674264	3
QID1152	1.1651895751003312	1
QID1153	3.1881451565864896	1
QID1154	10.145396486473656	1
QID1155	0.7238275707739225	1
QID1156	15.316918478234046	2
QID1157	2.5085391621387707	1
QID1158	4.415578964810332	1
QID1159	3.4318338124848524	1
QID1160	2.8243286605969535	1
QID1161	2.4053015530775834	1
QID1162	6.541092863063855	1
QID1163	1.8834512892151185	1
QID1164	6.7904537852692615	1
QID1165	0.9938823451554872	1
QID1166	0.1789237178179803	1
QID1167	10.666012115675137	1
QID1168	7.0716476641980135	2
QID1169	2.8565939425211284	1
QID1170	10.596647511313263	1
QID1171	4.5570917172604215	1
QID1172	7.3404836714864246	1
QID1173	1.300156126135226	1
QID1174	0.7909243471548735	1
QID1175	7.909417318419073	1
QID1176	5.932715712090503	1
QID1177	5.998580536025042	1
QID1178	5.595722211062074	1
QID1179	0.07972413578024855	1
QID1180	5.997930089346486	1
QID1181	3.752139052520583	1
QID1182	3.088913417878983	1
QID1183	2.2030572741638847	2
QID1184	1.1701270157677726	1
QID1185	9.807324774547242	1
QID1186	3.60760235344928	1
QID1187	7.7203081340357915	1
QID1188	3.9501205732912017	1
QID1189	5.142586877219387	1
QID1190	0.27398418871510033	1
QID1191	4.836006022755748	1
QID1192	3.092479204329233	1
QID1193	1.761164355684759	1
QID1194	13.194295197045836	1
QID1195	11.990675508365278	1
QID1196	3.14029983416488	1
QID1197	2.087960944274392	1
QID1198	12.20791678656512	1
QID1199	4.827684626871632	2
QID1200	2.9450910761025333	1
QID1201	0.3411673314824787	1
QID1202	6.0165535718964245	1
QID1203	3.903094392939349	1
QID1204	4.288818059523399	1
QID1205	3.6765415200673512	1
QID1206	5.525754393444076	1
QID1207	3.3601404405106634	1
QID1208	1.409453424537271	1
QID1209	0.36556241340310375	1
QID1210	8.224866703767756	1
QID1211	3.0650462550438147	1
QID1212	6.367739039323597	2
QID1213	6.978388180684825	1
QID1214	1.4000968517154704	1
QID1215	2.43687224962261	2
QID1216	4.039400226220065	1
QID1217	2.682653441716578	1
QID1218	2.2618579968839283	1
QID1219	11.622157050495543	1
QID1220	3.5197109498410373	1
QID1221	5.530866458273769	1
QID1222	13.230290610249051	1
QID1223	0.925568183187158	1
QID1224	10.579602328458757	1
QID1225	1.5662554620711449	1
QID1226	6.079157551270846	1
QID1227	3.9146338628282766	1
QID1228	0.9872846529767371	1
QID1229	2.0732188018590927	1
QID1230	3.4069591417588545	1
QID1231	2.370901932335225	1
QID1232	3.178943359391293	1
QID1233	2.9767058793382923	1
QID1234	1.1150438261318536	1
QID1235	2.3569618893629576	1
QID1236	4.422302251754449	1
QID1237	0.8442919061457781	1
QID1238	1.7383897388505052	2
QID1239	4.213111785673681	1
QID1240	2.2451346179352893	1
QID1241	5.038772293168762	1
QID1242	1.1720579879334736	1
QID1243	2.63893027353233	1
QID1244	6.496311556630727	1
QID1245	4.593663680570008	1
QID1246	4.376476987109593	1
QID1247	1.9311648424514936	1
QID1248	0.7380734835022623	1
QID1249	10.96692720083634	1
QID1250	5.1347280458653035	1
QID1251	9.836092380498322	1
QID1252	1.5638925891013462	1
QID1253	1.9913953023744588	2
QID1254	0.09764902060665537	1
QID1255	1.7614296237721836	1
QID1256	9.60985130498622	1
QID1257	5.130416549967143	2
QID1258	4.156919733919987	1
QID1259	2.9191153532101315	1
QID1260	3.0282323840817376	1
QID1261	1.7786049712173666	2
Q2689	0.32611699346711204	2
QID1262	11.725992650252357	2
QID1263	7.966674781933702	1
QID1264	1.2576094181959518	1
QID1265	6.902756600832343	1
QID1266	11.985625244393015	4
QID1267	10.639465462409028	1
QID1268	3.3154088781897304	1
QID1269	2.7176810533801854	1
QID1270	1.6204513322475789	2
QID1271	6.930640925993135	1
QID1272	1.3920820867763966	1
QID1273	10.954689018364954	1
QID1274	0.14617166208214846	1
QID1275	4.88819431640714	1
QID1276	3.6522187706202436	1
QID1277	3.9031662192555516	1
QID1278	1.7227045842605433	1
QID1279	7.203581306611702	1
QID1280	5.290939946311061	1
QID1281	3.6167008113029016	1
QID1282	3.515380546764555	1
QID1283	4.657714279110537	1
QID1284	1.4761182119271803	1
QID1285	5.014191839589955	2
QID1286	9.59986774003458	2
QID1287	12.954419906787322	2
QID1288	0.7450596100467309	1
QID1289	1.0759061645574524	1
QID1290	11.562961811887277	3
QID1291	2.0670725446431693	1
QID1292	6.5794203396921125	1
QID1293	10.174648818377024	1
QID1294	3.2524748100603773	1
QID1295	7.1493819446834825	2
QID1296	2.3379940696486328	1
QID1297	2.2847430405260925	1
QID1298	1.810324498380776	1
QID1299	3.735631135173791	1
QID1300	1.6520706682662836	1
QID1301	2.2318235536262403	2
QID1302	1.422759465731864	1
QID1303	6.509846196169836	1
QID1304	4.1613048861047215	1
QID1305	5.2084950168378805	2
QID1306	7.480975261932271	1
QID1307	1.7675769830182233	1
Q2690	3.9764740100041625	2
QID1308	5.6390164214697025	1
QID1309	9.944667990720099	1
QID1310	5.222192613773222	1
QID1311	0.17182988629941684	1
QID1312	0.3435904115129925	1
QID1313	4.712273252018081	1
QID1314	1.19264311388113	1
QID1315	1.8483903600578035	1
QID1316	12.382556713710878	2
QID1317	11.608244832760985	1
QID1318	5.346302037879129	1
QID1319	1.5301577163784557	1
QID1320	3.4281184010970867	1
QID1321	5.767780638388232	1
QID1322	6.33684724501055	1
QID1323	2.877767172109268	1
QID1324	0.5571817144020607	1
QID1325	4.909719203984401	1
QID1326	7.607554616900106	1
QID1327	0.3632823530357052	1
QID1328	5.007285020623238	2
QID1329	2.856335021102103	1
QID1330	9.308076288190342	1
QID1331	2.557890365292662	1
QID1332	12.055793909165006	3
QID1333	4.58129211211047	1
QID1334	3.398802345094841	1
QID1335	5.8784957987520485	1
QID1336	0.1637100329617609	1
QID1337	7.777765770207429	1
QID1338	1.3005947793679882	1
QID1339	5.356043441869597	1
QID1340	0.4919151486822232	1
QID1341	2.9117801931104283	1
QID1342	2.5452553187242803	1
QID1343	2.8040319579051567	1
QID1344	0.6534419640010547	1
QID1345	3.284842697835748	1
QID1346	1.018528389163225	1
QID1347	4.936085378919776	1
QID1348	19.13702682856016	5
QID1349	2.2123760182978263	1
QID1350	9.101400036545973	2
QID1351	16.78066672990882	2
QID1352	0.22365291046863112	2
QID1353	8.391067181419526	2
QID1354	0.8829416385813843	1
QID1355	5.821609096667709	1
QID1356	0.9611098564970136	1
QID1357	8.607933164503232	2
QID1358	2.04707562821478	1
QID1359	0.499677291934423	1
QID1360	7.6312215961893894	1
QID1361	3.7178257589642	1
QID1362	12.010132081079615	1
QID1363	6.820536454977442	2
QID1364	4.30100610891564	1
QID1365	3.4953135094213685	1
QID1366	14.379255772256913	2
QID1367	2.1831025116582574	1
QID1368	3.564689175179089	1
QID1369	5.155037012915818	1
QID1370	1.3298211990479922	1
QID1371	2.396778052039405	2
QID1372	5.0280550196730855	1
QID1373	1.0573966684669422	1
QID1374	6.1811637500511285	1
QID1375	4.812836371345099	1
QID1376	2.250933789738188	1
QID1377	3.1792233605294538	1
QID1378	1.4802723914101432	1
QID1379	8.083820725593947	1
QID1380	6.484156068467084	1
QID1381	1.0608891883888167	1
QID1382	5.847615853473044	1
QID1383	2.6812280811977187	1
QID1384	1.9848612335171416	1
QID1385	3.9712221122042184	1
QID1386	4.612981286161182	1
QID1387	3.500315257436642	1
QID1388	0.06690482691239856	1
QID1389	4.808085014114662	1
QID1390	7.195567132328295	1
QID1391	1.9569916725328709	1
QID1392	0.5696968120538763	2
QID1393	3.7070064105380154	1
QID1394	2.776068032347571	1
QID1395	4.1711802374205025	2
QID1396	3.079500327013956	1
QID1397	0.5060336802853191	2
QID1398	7.271706114149432	1
QID1399	4.936249722699719	1
QID1400	6.2346251427491834	1
QID1401	3.403249104086492	1
QID1402	1.82528087801782	1
QID1403	2.8579682623314437	1
QID1404	5.112792187697424	1
QID1405	8.498772997104277	1
QID1406	2.2729030377032715	1
QID1407	4.241923502335998	1
QID1408	6.87314531119531	1
QID1409	0.4526375716295726	1
QID1410	5.391405105845204	1
QID1411	3.364485754024756	2
QID1412	4.522296131120612	1
QID1413	0.7501341048371877	1
QID1414	7.345584810057737	2
QID1415	6.775638095632638	2
QID1416	3.0657868246584146	1
QID1417	7.456302104528775	2
QID1418	2.0999579847949703	1
QID1419	0.3822153337330164	1
QID1420	4.344222582943631	1
QID1421	0.7873846109565984	1
QID1422	11.829676851514106	1
QID1423	6.603007040821858	1
QID1424	1.2272560269820143	1
QID1425	4.361345128559961	1
QID1426	1.8478939842615143	1
QID1427	1.411619100673356	1
QID1428	3.346396016291884	1
QID1429	3.767089948032501	1
QID1430	0.6390858670589495	1
QID1431	5.467708912573004	1
QID1432	3.3668536558701816	1
QID1433	0.4660977722823975	1
QID1434	2.8732957651700954	1
QID1435	2.6939462382315917	1
QID1436	6.087611426503779	1
QID1437	4.319128190919279	1
QID1438	0.7314636042221413	1
QID1439	1.8981670293003807	1
QID1440	0.5233103170306092	1
QID1441	0.17718975570936304	1
Q2691	1.8437858650379924	2
QID1442	9.399562692521128	1
QID1443	8.370218687529656	1
QID1444	2.6440705783675917	1
QID1445	8.15939044650586	1
QID1446	1.6950929781537414	2
QID1447	5.9985978517561325	1
QID1448	9.469226793012927	1
QID1449	4.425081190267067	1
QID1450	7.8912153432965875	1
QID1451	1.4166482790070298	1
QID1452	8.379217208954364	1
QID1453	0.34482370288244896	1
QID1454	2.691087488001654	1
QID1455	1.4384202231340213	1
QID1456	0.009479518065238394	1
QID1457	7.3177115513131215	1
QID1458	3.8195261793569326	1
QID1459	2.493465482374994	2
QID1460	6.7609239470373605	4
QID1461	0.3935434873702385	1
QID1462	5.342380288544947	3
QID1463	4.60057122332779	1
QID1464	1.1102916297160024	1
QID1465	3.4446125103892187	1
QID1466	4.060828494677654	1
QID1467	2.571454405624701	1
QID1468	2.573070717043884	2
QID1469	1.011258316953828	1
QID1470	4.386682920979782	1
QID1471	6.837861351920979	1
QID1472	1.2172997268346717	1
QID1473	4.042270753538318	1
QID1474	0.33115219395341866	1
QID1475	3.2136608308402876	1
QID1476	3.669144513749028	1
QID1477	4.989994059816366	2
QID1478	1.3683311985017994	1
QID1479	10.077342557120208	1
QID1480	5.4920199733123205	1
QID1481	0.9536370429914336	1
QID1482	10.627295900265931	1
QID1483	4.373528075413214	1
QID1484	6.019256951047188	1
QID1485	1.391412477871112	2
QID1486	1.1470288585929829	1
QID1487	4.695773610878616	1
QID1488	3.4716726844727246	1
QID1489	5.554635536304317	1
QID1490	8.220728909885876	1
QID1491	4.144093600955456	1
QID1492	3.7409759050409086	1
QID1493	5.211028894827104	1
QID1494	3.188174405314121	1
QID1495	1.4225009056378757	2
QID1496	4.133003720266602	1
QID1497	6.747041870100879	1
QID1498	2.9332345372192465	2
QID1499	2.912840335469699	1
QID1500	0.4719173894703824	1
QID1501	7.225576703500278	1
QID1502	0.3126145137141793	1
QID1503	1.16984894945419	2
QID1504	6.798851805123365	1
QID1505	1.367624367875452	1
QID1506	2.331616265836743	1
QID1507	5.847093962066896	1
QID1508	5.729279137928527	1
QID1509	5.262667118327036	1
QID1510	2.1691035689371643	1
QID1511	0.2694953411436768	1
QID1512	0.12426157006715932	1
QID1513	2.674703336490393	1
QID1514	4.166467039553586	1
QID1515	8.43368857823458	1
QID1516	0.01471359292906301	1
QID1517	1.6457152100478702	1
QID1518	7.023140882659459	1
QID1519	2.16092996168878	1
QID1520	6.839524903646398	3
QID1521	0.015551298305057975	1
QID1522	2.305324365749529	1
QID1523	2.913911963043148	1
QID1524	7.175333698686023	1
QID1525	0.47886141533531895	1
QID1526	1.863887087869536	1
QID1527	0.15825133770725675	1
QID1528	0.3914438465887719	2
QID1529	7.809718942521127	1
QID1530	2.439657222635752	1
QID1531	7.707520357393094	1
QID1532	1.3814793987520029	1
QID1533	3.2930648960055464	1
QID1534	5.4177760484169415	1
QID1535	1.805499639796018	1
QID1536	2.539094980308336	2
QID1537	4.682467031391168	1
QID1538	7.744922632492613	1
QID1539	2.618546234599016	1
QID1540	8.846986226740682	1
QID1541	3.5193789990324977	1
QID1542	0.9841420754096432	1
QID1543	9.215944183647713	1
QID1544	7.0003487707782615	1
QID1545	0.9450117024397902	1
QID1546	2.4617198311079047	1
QID1547	0.4154348774200721	1
QID1548	3.073171046483744	1
QID1549	3.2457555311503885	2
QID1550	3.700773959701805	1
QID1551	5.101024708935543	1
QID1552	2.9764534591081295	1
QID1553	2.6390065576439348	1
QID1554	3.1301901560427905	1
QID1555	2.6757856184158464	1
QID1556	9.535363495827342	2
QID1557	0.13257620161978784	1
QID1558	5.549703000848867	2
QID1559	5.7233087708591555	1
QID1560	1.3086052066681313	1
QID1561	9.456313665013427	1
QID1562	3.8249210382354097	1
QID1563	6.005693176744138	2
QID1564	3.613070838393551	1
QID1565	4.140201796641205	1
QID1566	0.09853117837562496	1
QID1567	2.3680581493129544	1
QID1568	0.8478213677212154	1
QID1569	2.9044461203609533	1
QID1570	0.8917045554795948	1
Q2692	7.193660310397125	2
QID1571	8.386487376118902	1
QID1572	13.727164065348168	2
QID1573	10.412340633528904	2
QID1574	8.903485204285625	3
QID1575	2.957440279802801	1
QID1576	3.718933900381785	1
QID1577	3.6688126563026455	1
QID1578	2.178260600909514	1
QID1579	2.9594836677412126	1
QID1580	3.946637642607224	1
QID1581	1.1698576109082677	1
QID1582	0.3576389319518212	1
QID1583	0.9482996998856708	1
QID1584	5.190791474875406	1
QID1585	4.503920564067875	1
QID1586	2.6040949458769918	1
QID1587	8.282418059396623	1
QID1588	1.961681212128048	1
QID1589	0.0479850387151983	1
QID1590	2.761459351961668	1
QID1591	13.983652330798886	3
QID1592	4.5269094595039645	1
QID1593	11.149410205830801	3
QID1594	3.4488123306482215	2
QID1595	1.0096801716554444	1
QID1596	5.964032379570093	1
QID1597	8.887388059856486	3
QID1598	6.770564194913465	1
QID1599	10.263094330553631	1
QID1600	1.5506997541258312	1
QID1601	2.6232377642303373	1
QID1602	3.53448740772363	1
QID1603	3.7198233669954015	1
QID1604	1.1786459237089055	1
QID1605	1.650319415138645	1
QID1606	0.14093097590093548	1
QID1607	0.007775082563349445	1
QID1608	1.8713114268764444	1
QID1609	1.954538599250347	1
QID1610	3.8090368388567764	1
QID1611	1.0732656340564384	1
Q2693	11.546817976941572	2
QID1612	13.379233018921957	2
QID1613	2.8740559386935263	1
QID1614	13.82312393751106	3
QID1615	5.790930853440527	1
QID1616	5.530179639603278	1
QID1617	0.3898507575501428	1
QID1618	0.07385023579911944	1
QID1619	4.57180669960779	1
QID1620	5.322046853760612	2
QID1621	5.472930391601516	2
QID1622	1.9015925328475327	1
QID1623	4.036029155318375	1
QID1624	0.9255308393791584	1
QID1625	5.873385240935041	1
QID1626	3.458036677812464	1
QID1627	6.861318150891923	3
QID1628	6.217297372783549	2
QID1629	3.7995638182976337	1
QID1630	7.3662970277242525	1
QID1631	3.649696782487677	1
QID1632	2.6735423534125413	1
QID1633	1.8660146211063195	2
QID1634	8.072818491526816	1
QID1635	0.9823684020596769	1
QID1636	7.210271216722791	1
QID1637	0.4714066870606734	1
QID1638	4.8721893170888535	1
QID1639	0.8027005676939932	1
QID1640	1.0041605228869548	2
QID1641	0.426470150753989	1
QID1642	2.6810542805267863	2
QID1643	0.993324317745501	1
QID1644	3.0235954583643827	1
QID1645	5.687135495389534	1
QID1646	0.4580631110217626	1
QID1647	4.443915265142385	1
QID1648	8.626211577614521	2
QID1649	5.985720079487404	2
QID1650	0.28483148990409585	2
QID1651	2.082449428019604	1
QID1652	6.7441032154392495	2
Q2694	2.698598533689987	2
QID1653	5.469327648236512	3
QID1654	7.407376858930711	1
QID1655	3.445013942582408	1
QID1656	2.4268204128522277	1
QID1657	2.225445694371786	1
QID1658	7.871597035831367	2
QID1659	1.9225937262960648	1
QID1660	7.90317326042786	1
QID1661	3.3999642085898105	1
QID1662	2.5349297733037597	1
QID1663	0.8878703308873779	1
QID1664	7.630348295564301	1
QID1665	0.7523805796740767	1
QID1666	1.7074664425994766	1
QID1667	0.04632986470864652	1
QID1668	6.062979281660504	2
QID1669	9.121444862845118	1
QID1670	3.6764955858471104	1
QID1671	0.5472924818179555	1
QID1672	0.6563913740041201	1
QID1673	2.029243372771477	2
QID1674	5.761030008027941	1
QID1675	2.237427511185926	2
QID1676	1.816955378530456	1
QID1677	6.576507076721617	1
QID1678	8.312930066526818	3
QID1679	1.9875160723698184	1
QID1680	3.8169831307139326	1
QID1681	0.07055626170345743	1
QID1682	1.279908974583905	2
QID1683	7.094584822528369	2
QID1684	6.124708176874943	1
QID1685	3.0974973230929552	1
QID1686	6.442436220256322	1
QID1687	3.027726233764246	1
QID1688	2.363045863249118	1
QID1689	4.170008549916311	1
QID1690	4.0947035649603984	1
QID1691	9.175496980732088	1
QID1692	1.7509882069397509	2
QID1693	11.828084526246275	2
QID1694	4.8168363057930055	1
QID1695	1.455974737476294	1
QID1696	11.973073072562537	2
QID1697	7.282356018709173	1
QID1698	0.23089571974990894	1
QID1699	0.3491218464618491	1
QID1700	2.692929710509393	1
QID1701	0.846546878616021	1
QID1702	17.24135629858572	3
QID1703	10.369514436794065	3
QID1704	9.635469038324333	1
QID1705	0.3166509499864017	1
QID1706	5.614435044623474	1
QID1707	3.6459226020677846	1
QID1708	1.6216474185367322	1
QID1709	0.01845604587230136	1
QID1710	8.456257327955015	1
QID1711	4.164706718089722	1
QID1712	2.501718565383221	1
QID1713	3.531621716379393	1
QID1714	6.513801072797061	1
QID1715	9.24552839049655	1
QID1716	8.955132324407204	2
QID1717	3.355061089596592	1
QID1718	1.3627224998601664	1
QID1719	2.235886304264384	1
QID1720	3.545638179197582	1
QID1721	7.766076080285387	1
QID1722	9.470589025801836	1
QID1723	0.5619768856129327	1
QID1724	0.7240627084360224	1
QID1725	5.275442444597329	1
QID1726	2.3623056355813468	1
QID1727	6.856545208825704	1
QID1728	3.0247670015455466	2
QID1729	13.287440153796286	2
QID1730	7.907733520417553	1
QID1731	2.497461563623365	2
Q2695	8.154786571280109	2
QID1732	9.505211078775977	1
QID1733	4.221247629552313	1
QID1734	3.8825159400198137	1
QID1735	6.362975109150046	1
QID1736	0.13172711285444652	1
QID1737	11.863985111366361	2
QID1738	4.233747668249752	1
QID1739	6.18457908259041	1
QID1740	3.808286130370948	1
QID1741	0.07621302674113521	1
QID1742	2.148355811969142	2
QID1743	3.5049464998187414	1
QID1744	8.890543042074054	1
QID1745	4.22312221172972	1
QID1746	0.4032188340173993	1
QID1747	8.782909564206163	2
QID1748	3.1484548611620675	1
QID1749	0.4384726522597111	1
QID1750	1.534498504701238	1
QID1751	9.15638471193286	1
QID1752	0.40892793756465895	1
QID1753	5.615576561406433	1
QID1754	4.943760300387108	1
QID1756	9.767551271258483	1
QID1757	1.1343373951332614	1
QID1758	4.560706129807379	2
QID1759	2.1976683945234288	1
QID1760	8.108160819768223	1
QID1761	1.1167819421630072	1
QID1762	5.808884493729508	1
QID1763	9.324375818810099	1
QID1764	2.9908023497318275	1
QID1765	6.0874953937005545	1
QID1766	2.2497149978497015	1
QID1767	2.5128337179514	1
QID1768	0.5625970140259179	1
QID1769	8.500067954722633	1
Q2696	0.17057199323735664	1
QID1770	8.168064229249273	1
QID1771	10.317117127972491	1
QID1772	10.147340775187569	1
QID1773	5.8779855340459335	1
QID1774	8.8641447215876	1
QID1775	4.42577844738091	1
QID1776	8.306322143868984	2
QID1777	1.4532548608512794	1
QID1778	1.4113224401181133	1
QID1779	9.69383164051376	3
QID1780	1.15308950647375	1
QID1781	1.256175043864242	1
QID1782	6.094212066242727	2
QID1783	5.122190985487213	1
QID1784	1.6499004270483408	1
QID1785	6.598049332594007	1
QID1786	0.021506072879189844	1
QID1787	7.838941172882185	1
QID1788	1.8005361985910853	1
QID1789	2.3689228801410698	1
QID1790	6.752934788568468	1
QID1791	2.072976966870652	1
QID1792	2.3098406608486277	1
QID1793	6.872843155939418	1
QID1794	1.0355482808145502	1
QID1795	0.6489848652133023	1
QID1796	2.8368677222402687	1
QID1797	1.3590656917483503	1
QID1798	11.455498207906134	1
QID1799	9.727086745317242	1
QID1800	0.7450358901399402	1
QID1801	1.240126192693655	1
QID1802	5.320121080101226	1
QID1803	4.551639903542268	1
QID1804	1.0111926367051285	1
QID1805	0.015985798592739325	1
QID1806	0.34338697527246764	1
QID1807	3.918190119323576	2
QID1808	4.621505762443494	1
QID1809	4.844425489904771	1
QID1810	6.8432678078678935	1
QID1811	2.900351408369433	1
QID1812	0.42991586085941336	1
QID1813	3.6013494431741764	1
QID1814	2.086795382164534	1
QID1815	4.054964494860489	1
QID1816	11.521881351075061	1
QID1817	14.09848783981218	1
QID1818	5.2579467073710235	1
QID1819	1.7228330800244591	1
QID1820	13.34287472265666	1
QID1821	2.6794490053797677	1
QID1822	5.251057448915828	1
QID1823	0.3146689407962693	1
QID1824	3.801322579215938	2
QID1825	3.4681498408086777	1
QID1826	2.1837490229161	1
QID1827	4.610247979834576	1
QID1828	2.1116139878295943	1
QID1829	5.108290319434151	1
QID1830	0.011889412088542623	1
QID1831	3.965836048556648	1
QID1832	0.3824396321253312	1
QID1833	6.255289116258693	1
QID1834	5.294655792382329	1
QID1835	1.7554330709930068	1
QID1836	0.8671870893125531	1
QID1837	4.001264472075717	1
QID1838	3.0652585105949512	1
QID1839	0.03720037243226439	1
QID1840	6.6579567800072725	1
QID1841	3.0131511267207682	2
QID1842	1.756730656316429	1
QID1843	9.494495537986477	1
QID1844	3.596819203958667	1
QID1845	0.5272364258058322	1
QID1846	4.278723945538808	2
QID1847	3.613187460582336	1
QID1848	4.0030045920553015	1
QID1849	10.26636527266806	1
QID1850	2.7363876354527097	1
QID1851	4.387011410130921	1
QID1852	3.209290898653244	1
QID1853	6.7307532399382755	1
QID1854	0.5026591063682148	1
QID1855	4.222944858256789	1
QID1856	1.2948199517742254	1
QID1857	0.7501244092443122	1
QID1858	1.1762090670493253	1
QID1859	8.394231770087082	2
QID1860	0.9652329455777672	1
QID1861	4.925985021193337	1
QID1862	8.135463491215189	1
QID1863	4.378966773089449	1
QID1864	7.262432765564834	2
QID1865	2.559946898886948	1
QID1866	3.429066672135399	1
QID1867	2.75764586785878	1
QID1868	2.820669305687865	1
QID1869	4.2621339811076835	2
QID1870	9.571784090893665	1
QID1871	4.37390405256589	1
QID1872	10.649263019678019	2
QID1873	7.053572912320893	1
QID1874	0.7261064045353051	1
QID1875	5.861100447130339	1
QID1876	4.8188604979284175	2
QID1877	3.0971559495948378	1
QID1878	0.8319013713140747	2
QID1879	3.8085290580424473	1
QID1880	2.323412125311502	1
QID1881	2.27015228045989	1
QID1882	3.638411613113688	2
QID1883	5.233895580639755	1
QID1884	2.605584527627334	2
QID1885	2.50329192774726	1
QID1886	3.2940899336889458	2
QID1887	2.2096766820245084	1
QID1888	5.334956541128323	1
QID1889	1.4886253193597376	1
QID1890	4.97188665660922	1
QID1891	0.054783894759936086	1
QID1892	0.7174118762611609	1
QID1893	10.788159905872376	2
QID1894	0.33222438087568346	1
QID1895	4.0125278410630285	1
QID1896	0.03377155152487057	1
QID1897	5.992345911277733	1
QID1898	4.838638073871134	1
QID1899	6.884100388648252	1
QID1900	0.01889420831869981	1
QID1901	5.7057171342255195	1
QID1902	2.9476694873895344	1
QID1903	1.4163894247618936	1
QID1904	0.7637806545523194	1
QID1905	2.16770985357256	1
QID1906	0.13060636263457126	1
QID1907	4.0482658804758325	1
QID1908	6.036714035049398	1
QID1909	1.9606323669728123	2
QID1910	4.18309462023029	1
QID1911	1.0117426704961543	1
QID1912	4.3163747515506845	2
QID1913	1.6826079618771923	1
QID1914	3.197209327257943	1
QID1915	4.450123439521754	1
QID1916	0.23682408001226854	1
QID1917	3.3633661804223376	1
QID1918	3.2672067566771825	1
QID1919	3.967114165136997	1
QID1920	1.859852783229012	2
QID1921	15.95360791877074	2
QID1922	6.632970878059031	1
QID1923	2.6981440343575036	1
QID1924	4.5094398371769975	1
QID1925	5.931909855961968	2
QID1926	3.0457779487981105	1
QID1927	2.5601373436644965	1
QID1928	1.5847918568721018	1
QID1929	3.978758139507901	2
QID1930	2.43979023994851	1
QID1931	3.6313382783280472	2
QID1932	8.427443802881664	1
QID1933	1.0776950958436993	1
QID1934	3.5215852048161502	1
QID1935	6.2278892991029915	1
QID1936	8.001668480276644	1
QID1937	7.369987568604039	1
QID1938	9.577908492477226	1
QID1939	4.258883731194564	1
QID1940	1.8120925832789925	1
QID1941	4.642525602669892	1
QID1942	8.897304829480063	2
QID1943	3.1170450802508998	1
QID1944	0.8919784475051529	1
QID1945	2.47029797971276	1
QID1946	10.794464662020042	2
QID1947	2.793873310375851	1
QID1948	1.3887306778757995	1
QID1949	1.8639411512910156	1
QID1950	7.850002741004113	1
QID1951	2.6335633112476438	1
QID1952	3.7830477092291614	1
QID1953	2.163575688247952	1
QID1954	7.152473265434635	1
QID1955	6.687429894878227	1
QID1956	14.369450455160846	3
QID1957	2.7410607670862177	1
QID1958	5.189689102201044	1
QID1959	1.8215377447390269	1
QID1960	5.356991457665414	1
QID1961	5.3955568012101205	1
QID1962	2.846076400117381	2
QID1963	0.4449813629129272	1
QID1964	1.1958874972881728	1
QID1965	7.357951814715356	1
QID1966	4.9486399417385165	1
QID1967	2.818990036690852	1
QID1968	6.289967025507963	1
QID1969	6.878306002382659	1
QID1970	0.8087482998106522	1
QID1971	3.917009063800968	1
QID1972	1.61277766568309	1
QID1973	4.677377796756523	1
QID1974	1.4631295065612735	1
QID1975	11.567865804756586	3
QID1976	1.7896563251521505	4
QID1977	8.855669001994373	1
QID1978	1.8102584331403653	1
QID1979	0.07390286345777371	1
QID1980	0.013056580288154436	1
QID1981	3.908302899898523	1
QID1982	13.422524443865266	1
QID1983	1.8845724841156035	1
QID1984	9.282185025989538	1
QID1985	0.6720297862987376	1
QID1986	1.1066447266969648	1
QID1987	2.4446496365339585	1
QID1988	10.770632526047928	1
QID1989	0.6769096632092215	2
QID1990	13.813018524189598	2
QID1991	15.647047420105784	2
QID1992	4.344680899599187	1
QID1993	2.2102613180226545	1
QID1994	7.324813890156242	1
QID1995	7.387743224567963	2
QID1996	1.1832649963304651	1
QID1997	2.69238487553554	1
QID1998	0.0661149134641959	1
QID1999	11.680088432678161	1
QID2000	7.849050442248844	1
QID2001	1.4355493661667746	2
QID2002	1.269227884156896	1
QID2003	7.8810893302269	1
QID2004	9.710474052621526	4
QID2005	6.345952873274572	1
QID2006	3.5880682544387983	1
QID2007	14.60690396576785	3
QID2008	3.430267990623872	1
QID2009	0.05387798391016575	1
QID2010	7.121052790437946	1
QID2011	3.1208162160352053	2
QID2012	3.5059147195130516	1
QID2013	2.0641598724843684	1
QID2014	3.9425890665638064	2
QID2015	11.871832962299495	1
QID2016	5.1686702649272425	1
QID2017	3.116356077108416	1
QID2018	5.820351700018482	1
QID2019	1.3759756100596077	1
QID2020	4.666119785842644	2
QID2021	5.158339955288077	1
QID2022	8.530312293588878	2
QID2023	6.2300295705889255	1
QID2024	5.502208331278032	1
QID2025	5.387713713125203	1
QID2026	2.0483337088324447	1
QID2027	19.25620537856036	2
QID2028	2.6113082247793327	1
QID2029	1.6436342505509751	2
QID2030	9.485494122323	1
QID2031	1.7356631614901723	1
QID2032	6.720155183942213	1
QID2033	3.2612786527164146	1
QID2034	3.4230198639494374	1
QID2035	4.588612188060384	1
QID2036	2.50990590967505	1
QID2037	6.135719237219365	1
QID2038	2.0187300764370697	1
QID2039	4.787535645511057	1
QID2040	9.813452729083863	1
QID2041	6.172189700339089	1
QID2042	2.8767611195034863	1
QID2043	3.6373719953425985	1
QID2044	0.2705373157606141	1
QID2045	2.595111722770878	1
QID2046	2.9732016796945016	1
QID2047	8.695844497083224	2
QID2048	4.564317840666853	2
QID2049	9.353816611073297	1
QID2050	6.944621906298808	1
QID2051	1.5501076207035718	1
QID2052	1.1136997991434847	1
QID2053	1.157062959966258	1
QID2054	1.7186356287276492	1
QID2055	0.2387112550023358	1
QID2056	0.2559630896973559	1
QID2057	3.598468864343621	1
QID2058	1.6034191643292781	1
QID2059	9.164496077449137	2
QID2060	2.8799293398466927	1
QID2061	2.065232938282009	1
QID2062	4.101035558026114	1
QID2063	6.162141591933135	1
QID2064	1.0173522332064844	1
QID2065	2.7357567967702665	1
QID2066	3.3527734910088998	2
QID2067	2.312671105178624	1
QID2068	2.9424351052895545	1
QID2069	3.046417403131965	2
QID2070	5.051795690915169	1
QID2071	3.7292446215574855	1
QID2072	2.3169101489546926	1
QID2073	5.5981320479325305	1
QID2074	0.7512280043713397	1
QID2075	2.1965417081771226	1
QID2076	6.452949031853277	1
QID2077	1.347500830692122	1
QID2078	5.555718948605891	1
QID2079	0.1063028352690436	1
QID2080	4.873604417693348	1
QID2081	1.6447960159811983	1
QID2082	0.7397151718979353	1
QID2083	0.19925263031518645	1
QID2084	7.694160196583947	1
QID2085	4.995082559819111	1
QID2086	3.741103556095344	1
QID2087	1.56666756730637	1
QID2088	5.973358926284652	1
QID2089	5.2643073758215095	1
QID2090	0.17810883786300422	1
QID2091	0.9363772617358728	1
QID2092	6.700151450428133	1
QID2093	1.6683971078645718	1
QID2094	5.999903827242861	1
QID2095	0.06002893301502715	1
QID2096	0.9276845509334498	1
QID2097	5.1519921246875615	1
QID2098	2.6840209160804744	1
QID2099	2.1237283639243176	1
QID2100	2.595426483499489	1
QID2101	4.500265419214606	1
QID2102	0.2938939518402338	1
QID2103	0.6414436471227078	1
QID2104	3.961731269815825	1
QID2105	4.1140583576292284	2
QID2106	2.926844527477792	1
QID2107	2.4761659679205543	1
QID2108	1.585720343478796	1
QID2109	3.018827588329917	1
QID2110	4.975349147896247	1
QID2111	3.9034814404022073	1
QID2112	2.131599595948475	1
QID2113	5.120651022379028	1
QID2114	0.9775103343241568	1
QID2115	4.441663737158036	2
QID2116	4.112651950961743	2
QID2117	0.5216667742246729	1
QID2118	9.42584202837968	1
QID2119	3.081569630031273	1
QID2120	6.627607064966336	1
QID2121	0.11797850957268065	1
QID2122	2.9952507433532594	1
QID2123	0.07426561550064151	1
QID2124	0.1877633284967561	1
QID2125	5.518447325879621	1
QID2126	0.06291700973368082	1
QID2127	1.4182664347216172	1
QID2128	2.1114028128452964	1
QID2129	0.10660004540237047	1
QID2130	3.6560211270263117	1
QID2131	0.7140376560013119	1
QID2132	1.8327659973902983	1
QID2133	3.1185495272158743	1
QID2134	1.546346809149424	1
QID2135	1.8369052102322465	2
QID2136	2.4812128537939264	1
QID2137	6.676216032224008	1
QID2138	2.6943410966466668	1
QID2139	2.4527691435592565	1
QID2140	6.5452727478130805	1
QID2141	0.1714092627554489	1
QID2142	4.249808876657719	2
QID2143	5.108794840504791	2
QID2144	2.4451915926068004	1
QID2145	5.568631642140588	1
QID2146	5.522996152636072	1
QID2147	8.391558983956822	1
QID2148	0.06608735128521287	1
QID2149	1.455230130034278	1
QID2150	9.985603974204178	1
QID2151	1.4832280515774536	1
QID2152	4.495422834580814	1
QID2153	3.94653013632478	1
QID2154	7.7965869166046655	1
QID2155	0.05767061165417753	1
QID2156	3.656557517553864	1
QID2157	9.396638805641619	1
QID2158	1.716412790717825	1
QID2159	4.2690168606526635	1
QID2160	0.5557014914260346	1
QID2161	0.44021984115234175	1
QID2162	0.09454982370423744	1
QID2163	2.1986297362942513	2
QID2164	9.073517277951403	1
QID2165	6.771237722840043	2
QID2166	5.281945649322954	1
QID2167	0.03497498239633125	1
QID2168	2.436425279334635	1
QID2169	9.599688101237916	4
QID2170	7.123862693218957	1
QID2171	0.02023034150494545	1
QID2172	6.424908575917251	4
QID2173	1.096639778235276	1
QID2174	2.7255356785177045	1
QID2175	0.05781418533316779	1
QID2176	0.3753068338452662	2
QID2177	9.629091344509318	1
QID2178	3.5000492536437817	1
QID2179	5.969503411853522	1
QID2180	6.406585045452923	1
QID2181	5.146325939184633	2
QID2182	8.104679201325585	2
QID2183	2.543689115492127	1
QID2184	1.688798615569863	1
QID2185	2.8594281616147916	1
QID2186	2.5402833134819183	1
QID2187	2.1376396644090088	2
QID2188	2.65275075403156	1
QID2189	7.097837902536472	1
QID2190	0.8802748091873909	1
QID2191	0.2695191518787677	1
QID2192	5.398038917470549	2
QID2193	6.326982174862896	2
QID2194	1.988710857686098	2
QID2195	2.8062738516042502	1
QID2196	5.4458221720353475	1
QID2197	2.211748596973353	2
QID2198	1.0148764215056902	1
QID2199	6.699690706438737	3
QID2200	0.5638212997048436	1
QID2201	1.3397489192594707	1
QID2202	1.1848464023772711	1
QID2203	2.138943569704137	1
QID2204	1.7611514858544708	1
QID2205	0.3539843594095833	1
QID2206	0.015703259957553752	1
QID2207	5.454866885060596	1
QID2208	0.023465903506135772	1
QID2209	0.2724052360897537	1
QID2210	0.7054115960957115	2
QID2211	4.520614010101347	1
QID2212	4.6389551053535465	1
QID2213	7.083780414902682	1
QID2214	8.734268097008025	1
QID2215	1.554279288218956	1
QID2216	3.061094710705437	1
QID2217	4.30086505949921	2
QID2218	4.329321536135036	1
QID2219	0.8886252443703846	1
QID2220	6.49680352504737	1
QID2221	0.1574265233340141	1
QID2222	0.8538364055789284	1
QID2223	0.7242081582790995	1
QID2224	2.3958539374464483	1
QID2225	1.7016203716191483	2
QID2226	3.212298559416288	1
QID2227	3.24222427811368	1
QID2228	1.2927765834678686	1
QID2229	4.7083808856109055	1
QID2230	0.38814156444411546	1
QID2231	1.670802148357731	2
QID2232	5.320812462433187	2
QID2233	3.69323316649814	1
QID2234	0.16062814488926208	2
QID2235	5.591684641952783	1
QID2236	1.206122118491498	1
QID2237	0.0009474060563298836	1
QID2238	3.161333986629408	1
QID2239	1.7198935505326507	1
QID2240	3.9010073192779178	1
QID2241	0.7719072802969174	1
QID2242	4.0452489016347215	1
QID2243	7.7515691745942785	1
QID2244	2.104413890408996	1
QID2245	7.6840075752491375	2
QID2246	2.1104769883844017	2
QID2247	0.5484803527132965	1
QID2248	3.662793955994768	1
QID2249	0.8172985902966755	2
QID2250	7.882536229095233	2
QID2251	0.9545522645509849	1
QID2252	5.323888298296124	1
QID2253	4.881100310212485	1
QID2254	5.800328907314758	1
QID2255	0.07007535102872531	1
QID2256	0.28477168867415026	1
QID2257	0.09889610808478826	1
QID2258	6.909185173250602	4
QID2259	5.565704777951404	1
QID2260	1.2946424679077877	1
QID2261	5.189821753512417	1
QID2262	0.2626477419209192	2
QID2263	9.683534790789961	2
QID2264	6.647847322361055	1
QID2265	3.5107082605505084	1
QID2266	8.547329293495318	1
QID2267	4.636976210287462	1
QID2268	0.6266717752740305	1
QID2269	0.12962843037112884	1
QID2270	0.6160680700044843	1
QID2271	3.619046603249637	1
QID2272	9.402601073056868	1
QID2273	3.34879231892133	1
QID2274	5.8312743640196665	1
QID2275	0.00910024886925101	1
QID2276	5.844817078572477	1
QID2277	0.7268775331022216	1
QID2278	3.0507624151654955	2
QID2279	14.867313602834187	3
QID2280	5.484253915186306	1
QID2281	0.2706419882824269	1
QID2282	1.238862116893847	1
QID2283	3.4329091961167046	1
QID2284	5.754309285578362	1
QID2285	7.486494021714962	1
QID2286	6.8688335107227685	1
QID2287	3.820760887217943	1
QID2288	6.371194606523843	1
QID2289	0.9854337658077807	1
QID2290	0.027703788548068417	1
QID2291	0.2659862207015965	1
QID2292	0.06439533891513702	1
QID2293	1.1718147666775758	1
QID2294	1.5980095411989832	1
QID2295	1.3163474224621958	1
QID2296	1.658427568777975	2
QID2297	0.128685847736908	1
QID2298	0.5796245181755605	1
QID2299	0.0011638837570561618	1
QID2300	1.7509588261553573	1
QID2301	0.012387887648465537	1
QID2302	0.10852031137589893	1
QID2303	0.3285334429380488	1
QID2304	5.915105642323232	1
QID2305	0.8895031657440708	1
QID2306	0.6893157941324286	1
QID2307	0.4229522659438373	2
QID2308	5.573749510431863	2
QID2309	8.267263757013287	1
QID2310	1.895458581092453	1
QID2311	1.4203909632587701	1
QID2312	1.4301172884149476	1
QID2313	0.8439032517517941	1
QID2314	7.6772427973191055	1
QID2315	0.1378775207298608	1
QID2316	0.7032624306218932	1
QID2317	0.20613323729098898	1
QID2318	4.765609018785918	1
QID2319	4.042382529098199	1
QID2320	5.339983675743778	1
QID2321	0.0026216713148409327	1
QID2322	6.227170374022176	4
QID2323	14.217138234489234	2
QID2324	1.2681081245481214	1
QID2325	6.733895246443758	1
QID2326	6.478777254380957	1
QID2327	0.4384588658884269	1
QID2328	0.3917517391740242	1
QID2329	1.531838954475006	1
QID2330	5.062428828473533	1
QID2331	2.043766735186668	1
QID2332	2.3750639775464304	1
QID2333	0.03418621540704586	1
QID2334	1.3272292298893311	2
QID2335	1.4421464362621623	1
QID2336	11.145311878259461	1
QID2337	3.53395690810852	1
QID2338	3.0387827241874588	1
QID2339	1.4954235564369736	1
QID2340	5.179276705470737	1
QID2341	2.9017804899202164	1
QID2342	3.3858354238648456	1
QID2343	8.041933122144446	1
QID2344	7.010904692748111	1
QID2345	4.4387438891627715	2
QID2346	3.7583277551314436	1
QID2347	1.2368381319537491	1
QID2348	5.306358570966443	1
QID2349	3.002030601574872	1
QID2350	2.5060864210141984	1
QID2351	7.036710983337293	1
QID2352	2.060540272786106	1
QID2353	3.695624469548687	1
QID2354	1.8213480967655749	1
QID2355	4.733080833652407	1
QID2356	0.6054687702837521	1
QID2357	2.7697523147453698	2
QID2358	2.2784689425211284	1
QID2359	5.169478943191733	1
QID2360	6.183221505132559	1
QID2361	2.8721072590218832	1
QID2362	2.7340704473429978	1
QID2363	3.090816396435585	1
QID2364	3.692047461087833	1
QID2365	0.5600731129064159	1
QID2366	4.249342587114986	1
QID2367	0.6159470807107582	1
QID2368	6.620930933652373	2
QID2369	3.9843717875810616	1
QID2370	1.6819764489575095	1
QID2371	5.982037197406776	2
QID2372	6.252750631515805	1
QID2373	6.642709472031817	2
QID2374	2.4084020662571803	1
QID2375	7.958132416046549	1
QID2376	0.9142107924765692	1
QID2377	1.7406996834850932	2
QID2378	1.6697575147317858	1
QID2379	8.022604092775358	1
QID2380	0.1084568999775359	1
QID2381	1.817676251327894	1
QID2382	3.780444533907022	1
QID2383	0.8844227159039294	1
QID2384	3.8264887518437134	1
QID2385	1.9816015483865743	1
QID2386	2.026072012272972	1
QID2387	3.3003177514963693	1
QID2388	6.860286363985059	2
QID2389	1.1121128677202965	1
QID2390	5.1471791272443586	1
QID2391	2.287552846799024	1
QID2392	8.100846457911661	1
QID2393	0.6300742676410853	1
QID2394	2.459382399197625	2
QID2395	5.334101407781589	1
QID2396	2.254345896978444	1
QID2397	1.804656490971028	1
QID2398	1.7577352711428174	2
QID2399	0.6737405517319259	1
QID2400	2.757250141883964	1
QID2401	8.345987753728236	1
QID2402	3.0495897534638763	1
QID2403	0.9984857345656284	1
QID2404	1.2953876947040288	1
QID2405	5.384477183386384	1
QID2406	2.3168363154254124	1
QID2407	0.5754862707307471	1
QID2408	0.6835334133563818	1
QID2409	0.7219197076249695	2
QID2410	8.198853112850506	1
QID2411	4.87964126536496	1
QID2412	2.8284455496603704	1
QID2413	5.184186974483255	1
QID2414	4.4868245049973	2
QID2415	0.14700181009143487	1
QID2416	11.606176524320299	1
QID2417	3.2919552719435714	1
QID2418	2.5043438966959486	1
QID2419	0.8432243622395268	1
QID2420	8.398742426301107	2
QID2421	0.6591414442007713	1
QID2422	3.2918254700724363	1
QID2423	4.341633358755525	2
QID2424	3.6580589515867272	1
QID2425	3.3862754453785144	1
QID2426	3.643710142664186	1
QID2427	9.625859033362474	1
QID2428	8.323572590779538	1
QID2429	7.466876276474701	2
QID2430	1.9613760069750463	1
QID2431	0.007916387791614694	1
QID2432	6.575673790546149	2
QID2433	4.987454179626744	1
QID2434	2.35487849005996	1
QID2435	3.2671727183646535	1
QID2436	2.3153642493440976	1
QID2437	8.673218448970704	1
QID2438	0.6113113320993802	1
QID2439	0.04248102832159655	1
QID2440	4.662689134773666	1
QID2441	0.6817095684262955	1
QID2442	1.1864854621769625	1
QID2443	0.421775366893056	1
QID2444	2.964493957437044	1
QID2445	4.848023977489032	1
QID2446	2.3417306421032653	1
QID2447	0.07271516983524609	1
QID2448	0.3517858303771439	1
QID2449	3.819280551309641	1
QID2450	5.903876743112475	1
QID2451	0.001337686000424766	1
QID2452	7.979383446551987	2
QID2453	7.099024854926692	1
QID2454	1.9581087945991096	1
QID2455	3.8515272677168815	1
QID2456	3.1395682488513925	1
QID2457	10.408554196190368	2
QID2458	1.3484510793562852	1
QID2459	5.5613399162516055	1
QID2460	3.2821661920018688	1
QID2461	0.019474528280353943	1
QID2462	3.360132342167484	2
QID2463	3.620515630515408	1
QID2464	1.0657073049169306	1
QID2465	4.922774608383358	1
QID2466	0.10515893737432673	1
QID2467	0.27197829120264616	1
QID2468	5.299554074708012	1
QID2469	4.052022533407874	1
QID2470	0.04394166720934504	1
QID2471	3.532681665781821	2
QID2472	11.281778650725323	1
QID2473	2.5295400154340992	2
QID2474	6.5355598763730605	2
QID2475	3.02539648365454	2
QID2476	2.185067124202952	1
QID2477	4.7746793460748425	1
QID2478	1.08159979632932	1
QID2479	1.4403880585202236	1
QID2480	4.5741063360515275	1
QID2481	3.2425187304557235	1
QID2482	0.4319573938084965	1
QID2483	1.376098079401565	1
QID2484	0.6488596847536698	1
QID2485	0.1587741967771788	1
QID2486	2.930090352283508	1
QID2487	2.6008838850190967	1
QID2488	7.438839879758885	2
QID2489	0.3273232831139748	1
QID2490	1.7569607427442944	1
QID2491	3.0592632928705865	1
QID2492	5.0650084222523954	1
QID2493	0.92452855696274	1
QID2494	8.668857432839099	1
QID2495	0.8480406148904207	1
QID2496	3.22725652907588	1
QID2497	15.92425130102214	2
QID2498	3.260634736775313	1
QID2499	4.417314933435071	1
QID2500	2.224009515426955	1
QID2501	0.42018609405539736	1
QID2502	0.009613722590651292	1
QID2503	0.18998920960257995	1
QID2504	3.614703486609945	1
QID2505	1.0285508469762876	1
QID2506	0.5976983457556053	1
QID2507	0.8987000515350175	1
QID2508	2.0271622768118016	1
QID2509	5.2503346553330745	1
QID2510	1.2039537175487445	1
QID2511	0.28150603235228955	1
QID2512	0.010175023509858423	1
QID2513	0.5124755242092016	1
QID2514	0.3420695448164047	1
QID2515	2.0077386748775865	2
QID2516	3.0519064425211284	1
QID2517	0.29746911039584656	1
QID2518	0.02440193501952812	1
QID2519	6.491391555890861	1
QID2520	0.8429397715299343	1
QID2521	7.994093071926679	1
QID2522	3.3980655127833237	1
QID2523	3.2549841808100273	1
QID2524	1.116761591586438	2
QID2525	9.423177518807249	1
QID2526	3.1123030018906097	1
QID2527	1.5432898887500115	1
QID2528	0.8668699158788462	1
QID2529	8.21461500438329	1
QID2530	4.95124549174155	1
QID2531	0.3481096663718314	1
QID2532	1.6606703155447462	1
QID2533	5.066830287967237	1
QID2534	0.13637346092930427	1
QID2535	0.7126243824999603	1
QID2536	5.671081419586464	2
QID2537	1.802807730169675	1
QID2538	3.7756493722589557	1
QID2539	0.6074810804921671	1
QID2540	0.19247769203915785	1
QID2541	2.8324617042378666	1
QID2542	0.18394394491426225	1
QID2543	5.05752155533582	2
QID2544	1.112251479343487	1
QID2545	5.747705161240744	1
QID2546	1.2235294565882755	1
QID2547	0.3220086505299241	1
QID2548	2.0499239856374447	1
QID2549	1.6289770755750577	1
QID2550	1.0580514289535004	1
QID2551	3.882960200280365	2
QID2552	1.7402482716424594	2
QID2553	3.698357668019415	1
QID2554	0.3647777329241743	1
QID2555	3.355360851728588	1
QID2556	5.8141085973217885	1
QID2557	0.9079893847853464	1
QID2558	0.27676229702240995	1
QID2559	0.5362298485022654	1
QID2560	1.6858446988741689	1
QID2561	0.15440795716537994	1
QID2562	3.5952825262817587	2
QID2563	3.614263619017275	1
QID2564	0.5638285468020009	1
QID2565	3.9007215904996886	2
QID2566	5.565339414962391	1
QID2567	1.6531709767256773	1
QID2568	3.279973872573684	1
QID2569	0.5339714474466053	1
QID2570	0.06749158843911444	2
QID2571	1.5298790014529002	1
QID2572	3.048372845823243	1
QID2573	3.968905576534971	1
QID2574	7.585636335551574	1
QID2575	7.527638583349179	1
QID2576	9.425382914926082	1
QID2577	8.277483831611258	1
QID2578	0.3221453563308045	1
QID2579	2.7635940108827017	1
QID2580	7.027079082565177	1
QID2581	2.836754648415372	1
QID2582	3.95711525850768	1
QID2583	5.803158902623108	1
QID2584	2.0247900702381982	2
QID2585	2.8854012389278942	1
QID2586	9.034958418153039	3
QID2587	3.8787610653102838	1
QID2588	2.9962549281649142	1
QID2589	0.0206290270734926	1
QID2590	5.150382056120829	1
QID2591	2.104308565581409	2
QID2592	0.7784781074428164	1
QID2593	4.249225287240476	1
QID2594	7.1927896834228875	1
QID2595	1.69003729143688	1
QID2596	5.66110256124777	2
QID2597	0.6926510121622206	1
QID2598	2.850766138356364	2
QID2599	1.8257551495624884	1
QID2600	5.975783226330246	1
QID2601	4.105551312536635	1
QID2602	0.12520875855381708	1
QID2603	2.150337895081517	1
QID2604	0.1995382530415218	1
QID2605	5.289531356378497	4
QID2606	0.9380810261862872	1
QID2607	1.1175013090098749	1
QID2608	5.1304100308722935	1
QID2609	4.249600689024853	1
QID2610	6.414930676692474	1
QID2611	0.4873155865198261	1
QID2612	5.007388546643777	1
QID2613	5.783419516753108	2
QID2614	1.9334399469328305	1
QID2615	1.192249242544227	1
QID2616	3.6630778174348406	1
QID2617	2.5613183655976384	1
QID2618	3.7555215687390016	1
QID2619	3.559001057183436	1
QID2620	2.8644406609785755	1
QID2621	3.3660957026872813	1
QID2622	1.443169905758074	1
QID2623	3.136311228332516	1
QID2624	3.2241122954792667	1
QID2625	1.4276265845754963	2
QID2686	8.365880645004108	1
QID2688	5.601844523723357	1
QID2689	12.780109550797894	1
QID2690	4.291935573440553	1
QID2691	2.0294814691306886	1
QID2692	0.6944058970100069	1
QID2693	8.585126940578151	3
QID2694	3.8359646009125647	1
QID2695	3.8352256333011634	1
QID2696	5.067043450794118	2
QID2697	3.3481613254097384	1
QID2698	1.554403767453176	1
QID2699	3.851071047306231	1
QID2700	4.7201728378262136	1
QID2701	6.5672968841027375	1
QID2702	2.744217604483869	1
QID2703	2.914513070776372	1
QID2704	2.9657136386979883	1
QID2705	2.3341974468934055	1
QID2706	0.020452216330406198	1
QID2707	9.452803222696843	2
QID2708	3.124028846953295	2
QID2709	7.5095054908103505	1
QID2710	6.0736965136685175	2
QID2711	1.2175360039149628	1
QID2712	3.0759533422743908	1
QID2713	3.620029206456302	1
QID2714	0.7030456878671193	1
QID2715	1.2366065901081142	2
QID2716	5.629555381409371	1
QID2717	0.9541432237693724	1
QID2718	0.27608232678519345	1
QID2719	5.342549996046274	1
QID2720	0.9889677829706672	1
QID2721	8.69279854489986	4
QID2722	3.5240678980906166	1
QID2723	1.8276486475121383	1
QID2724	7.124664524003801	1
QID2725	2.5006491012870096	1
QID2726	6.390148226358159	2
QID2727	3.8150406409329993	1
QID2728	0.003764451689924394	1
QID2729	3.9618136296536672	1
QID2730	0.7248063151851749	1
QID2731	6.2168626935249565	1
QID2732	0.05634940964722535	1
QID2733	0.8396969049878745	1
QID2734	0.1515625940799827	1
QID2735	9.945884493441435	1
QID2736	0.9745548846976952	1
QID2737	5.939082997504655	1
QID2738	4.9891141714806535	3
QID2739	0.3021412361491905	1
QID2740	6.3978322894624124	1
QID2741	6.361755049456027	1
QID2742	7.215047339403702	1
QID2743	2.9290942435044247	1
QID2744	9.087318693703118	3
QID2745	9.752368533859034	2
QID2746	6.443746849170602	2
