Word_Unique_ID	Surprisal	NumTokens
QID1	0.9659878054507738	1
QID2	5.72365963507734	1
QID3	13.612930254762535	3
QID4	1.8569702174829927	1
QID5	5.603510602919623	1
QID6	4.004107516090167	1
QID7	4.344121008620974	1
QID8	8.761741226566857	1
QID9	0.5616780067545991	1
QID10	7.4591817012897135	1
QID11	3.484869388922508	1
QID12	4.958850549145987	2
QID13	4.62093050211797	1
QID14	2.221300536118695	1
QID15	2.131572296954773	1
QID16	1.9411684717324769	1
QID17	8.10166969172169	1
QID18	1.8505630741707808	1
QID19	8.341264907441802	1
QID20	6.7013000037689805	2
QID21	3.319494317928114	1
QID22	4.703312156872824	1
QID23	7.595285272307527	2
QID24	1.7155576364275582	1
QID25	1.6606419952302944	1
QID26	5.985169019183142	1
QID27	2.7283954282038985	1
QID28	3.2594009987559662	2
QID29	1.0480111225656554	1
QID30	4.220736968128575	1
QID31	0.3445133014671449	1
QID32	2.8056036369162185	1
QID33	1.159171962020353	1
QID34	0.5918630197165038	1
QID35	4.59619381950396	1
QID36	1.5746074479536862	1
QID37	3.6676190090633063	1
QID38	3.3825129189558303	1
QID39	1.5646095420256778	1
QID40	2.9716223088739264	2
QID41	4.082163397106998	1
QID42	0.2964083713255263	1
QID43	10.440769092583189	1
QID44	0.5473370458596906	1
QID45	0.7968649193490261	1
QID46	1.2291478142157557	1
QID47	4.790728851697763	1
QID48	1.9828582918543798	1
QID49	4.722693969392792	1
QID50	0.8264764131397142	1
QID51	7.636581386243508	1
QID52	3.225736257034114	1
QID53	5.75307842103472	1
QID54	1.9764254650283608	1
QID55	3.352820045485274	1
QID56	3.078834747740273	2
QID58	4.165081984591509	1
QID59	3.824722619181813	2
QID60	1.8827107359355244	1
QID61	5.639743863034508	1
QID62	10.347560937289556	3
QID63	3.607469634737579	1
QID64	9.676674593238753	2
QID65	2.58411267406157	1
QID66	8.002704871831899	1
QID67	1.0316439171762746	1
QID68	9.269021140774672	1
QID69	8.345930056935384	2
QID70	5.226091196419174	1
QID71	6.95889466388067	1
QID72	1.3863221285503209	1
QID73	1.24966588704891	1
QID74	4.371726891995529	1
QID75	0.5262388857381527	1
QID76	2.169976008328211	1
QID77	4.577170503047424	1
QID78	1.0303399831927154	1
QID79	3.630313981479002	1
QID80	0.16781999417124055	1
QID81	6.885691878268282	2
QID82	6.6453422329331735	1
QID83	0.44621360174917984	1
QID84	8.123792469024439	1
QID85	1.5564347990313916	1
QID86	3.1832316773288176	1
QID87	5.637048730476142	1
QID88	2.743744036852287	2
QID89	5.5234795292647645	1
QID90	0.7224156585232245	1
QID91	9.374991980599546	3
QID92	3.3432025804535077	1
QID93	9.817406734486001	2
QID94	2.2947347888639147	1
QID95	2.474566930508688	1
QID96	1.9162539605759965	1
QID97	0.9501217922999436	1
QID98	12.259285642797195	3
QID99	9.850759642545846	2
QID100	5.369918095409099	1
QID101	2.943829949905436	1
QID102	7.7726649699733255	1
QID103	0.4524047291216553	1
QID104	8.262402459000409	1
QID105	0.557561752412302	1
QID106	6.28062643768165	1
QID107	1.9637568580334317	1
QID108	0.14095513350659444	1
QID109	6.333775358643191	1
QID110	4.608553159000711	1
QID111	2.0334934454793543	1
QID112	1.0309751821704838	1
QID113	4.458839838927972	1
QID114	0.6673552704628658	1
QID115	13.072561237607596	3
QID117	6.519432173779237	1
QID118	2.5258431801843857	1
QID119	11.656058943067546	2
QID120	12.19840900305796	2
QID121	3.1664227916559136	1
QID122	0.6596612189691623	1
QID123	1.0763220425330142	2
QID124	0.6367268362529099	2
QID125	1.839907451059235	1
QID126	2.6187493306201644	1
QID127	1.8144585222065572	1
QID128	2.7660323708985413	1
QID129	8.667871766933827	1
QID130	1.2081858086190986	1
QID131	1.3239861587841764	1
QID132	5.591627571260898	1
QID133	4.78685968156908	1
QID134	5.534723259881053	1
QID135	0.4920436793338331	1
QID136	6.136803769218969	1
QID137	1.2660215724539456	1
QID138	5.120367135809416	1
QID139	4.5053582330504085	1
QID140	2.3860863509243497	2
QID141	4.561692370665209	1
QID142	3.9560642161626367	2
QID143	5.417936651500146	1
QID144	0.5214886569845388	1
QID145	2.579251761014676	1
QID146	0.9002226987520859	1
QID147	1.5319032396735948	1
QID148	2.783707879780741	1
QID149	4.139113982280901	1
QID150	5.804839281731873	1
QID151	1.0966880333694151	1
QID152	8.364601133661537	1
QID153	1.3551165566905696	1
QID154	3.054936277794413	1
QID155	5.4659214188601375	1
QID156	0.2324467696273952	1
QID157	3.5937961484080927	1
QID158	2.0829370108221523	1
QID159	1.5810492250741994	2
QID160	3.489456239933122	2
QID162	1.3320872095195353	1
QID163	0.1288398800608728	1
QID164	3.3398817725892047	1
QID165	6.511271486372262	1
QID166	1.1122927034645338	1
QID167	0.7163262773233001	1
QID168	3.1926590271504267	1
QID169	0.4223157172200467	2
QID170	5.221628694783694	1
QID171	5.728692377811228	1
QID172	2.9686079105699066	1
QID173	7.641076419981394	2
QID174	11.968841739009266	1
QID175	6.036138606122294	1
QID176	3.987379826055665	1
QID177	1.8727840563984013	1
QID178	3.812409261429881	1
QID179	7.239858322689789	2
QID180	5.884520398091517	1
QID181	2.8946637214719613	1
QID182	1.681244685537189	1
QID183	10.135439794624727	1
QID184	2.8066571123014508	1
QID185	8.682862016954283	1
QID186	7.407740089300642	3
QID187	2.5079203754272505	1
QID188	1.1469271159787942	1
QID189	3.9085793366741415	2
QID190	0.8876168206168975	1
QID191	3.478376156079015	1
QID192	3.551073916087202	1
QID193	8.424612162113004	1
QID194	4.026397193333299	1
QID195	8.884719306175825	2
QID196	3.7665064409981146	1
QID197	1.728055203906946	1
QID198	8.453019100739148	2
QID199	8.521804704359282	1
QID200	1.8084620752030292	1
QID201	1.833587026728874	1
QID202	7.522260559104621	2
QID203	4.609458409401794	1
QID204	14.27567289686876	3
QID205	10.525245886588898	1
QID206	10.213483689797675	2
QID207	1.8519046524537701	1
QID208	3.781527618230016	1
QID209	2.6942049265094754	1
QID210	6.612243259926991	1
QID211	1.219922439358544	1
QID212	3.1797631900093437	1
QID213	2.173944625186639	1
QID214	2.8751157986840803	1
QID215	3.727600136153657	1
QID216	7.615007015378628	1
QID217	0.8273053179871257	1
QID218	0.2588635350373973	1
QID219	3.21804817123475	1
QID220	5.666533737827032	2
QID221	2.2121223760457487	1
QID222	1.0759274528955851	1
QID223	4.33701390030957	1
QID224	3.5038599983412064	1
QID225	0.8959439236319308	1
QID226	5.649820835929737	2
QID227	3.704792075550608	1
QID228	4.601676639717022	1
QID229	13.92645734187076	1
QID230	2.3752080122330352	1
QID231	12.051096314368529	2
QID233	9.694643343754317	2
QID234	13.956990381961528	2
QID235	3.334501515538628	1
QID236	5.9669609581803265	1
QID237	1.3040455888936324	1
QID238	1.5830454596583932	1
QID239	5.294486608524517	2
QID240	3.436996746159321	1
QID241	0.2905528175103295	1
QID242	12.572974529926979	1
QID243	3.481703117489221	2
QID244	1.8926603993993667	1
QID245	3.2017869675487765	1
QID246	4.471206039247759	2
QID247	1.1089448712098129	1
QID248	2.8391996988089883	1
QID249	5.704227097871032	1
QID250	1.4331580824078898	1
QID251	9.710116224261062	3
QID252	0.1607442910076661	1
QID253	3.121706549714266	2
QID254	4.800585685241309	1
QID255	0.95764027868458	1
QID256	8.651004535699844	2
QID257	4.611931618381343	1
QID258	0.7049862235742722	1
QID259	4.783272091770816	2
QID260	4.4208013835644575	1
QID261	0.9533148903706464	1
QID262	8.839568048615266	1
QID263	2.0145638549922333	1
QID264	0.5032064651355747	1
QID265	1.5525872823828566	1
QID266	0.9631824756710996	1
QID267	4.7316570368084765	1
QID268	6.13427884179574	1
QID269	0.639056030558585	1
QID270	6.3358413902956405	2
QID271	2.3866415536485346	1
QID272	2.6553087942659688	1
QID273	2.740511910549205	1
QID274	0.0525363721222612	1
QID275	2.3717469176614694	1
QID276	8.436818307609709	2
QID277	2.768462502358896	1
QID278	4.766358009818945	1
QID279	4.6192529384556416	1
QID280	3.587033914617357	1
QID281	0.4297481687969358	1
QID282	1.0842582699533938	1
QID283	0.8534894084754922	1
QID284	6.520958683537577	1
QID285	2.2863745252398053	1
QID286	9.312358508376214	2
QID287	0.9764560327382932	1
QID288	0.8617219499050557	2
QID290	9.531308214058058	1
QID291	11.284320008248146	1
QID292	8.154840193600338	1
QID293	7.049748058802714	1
QID294	2.844580790743323	1
QID295	5.338907788357087	1
QID296	0.9604692646558404	1
QID297	5.4127263985930885	1
QID298	4.028370645300926	1
QID299	12.601571526911965	1
QID300	10.44652156375867	2
QID301	2.283526258708744	1
QID302	7.544618870217374	1
QID303	4.385149831980405	1
QID304	1.3844158700377063	1
QID305	12.703144992961779	3
QID306	4.561168112836938	1
QID307	7.352427213515829	1
QID308	4.236674247577011	1
QID309	2.209213198527973	1
QID310	0.4463920656671622	1
QID311	5.473206154369586	2
QID312	1.8290206094316501	1
QID313	4.150555598914859	1
QID314	1.6958080525293635	1
QID315	2.690573352317537	1
QID316	2.078448866293384	1
QID317	1.8000097670759734	1
QID318	10.279604933805102	3
QID319	1.6061160383233646	1
QID320	5.235392121197458	1
QID321	0.7420787793647391	1
QID322	3.5988606419817715	2
QID323	3.711817277652208	1
QID324	7.354824983282674	1
QID325	12.25091413905086	2
QID326	6.118847791178758	1
QID327	2.5687982274744496	1
QID328	9.090862193775118	1
QID329	4.172792381044709	1
QID330	7.803085106223947	1
QID331	9.091327991632467	1
QID332	2.6643406976057933	1
QID333	1.8156585152325249	1
QID334	9.747413470184975	1
QID335	9.347691841867553	2
QID336	4.2162651517120695	1
QID337	4.4347657427052685	1
QID338	8.481712375409744	1
QID339	1.812761967101002	1
QID340	4.668970704513546	1
QID341	3.468415389684888	1
QID342	5.753675556029815	1
QID343	4.421942414487112	1
QID344	1.04201266458232	1
QID345	6.59983674379367	2
QID347	10.605640922999267	2
QID348	6.387583541931804	2
QID349	1.1108507356231605	1
QID350	5.8199423489757445	1
QID351	3.599443613950991	1
QID352	3.2874172820925183	1
QID353	9.788411654896104	2
QID354	2.448892028578189	1
QID355	3.5192577477303497	1
QID356	6.847461886630657	1
QID357	11.488324407130776	2
QID358	3.355347861124581	1
QID359	6.392692797758638	1
QID360	1.596912240973115	1
QID361	5.856179606887454	2
QID362	7.941799572069277	1
QID363	0.9927259265450312	1
QID364	10.070834091822467	1
QID365	0.5882795230340199	1
QID366	0.7770132327798833	1
QID367	7.505489847078451	1
QID368	6.542605713883012	1
QID369	7.200963749237193	1
QID370	7.4978623133237186	1
QID371	7.3276470542988825	2
QID372	1.6425070313671013	1
QID373	2.6595219946756705	1
QID374	3.3096362559883072	1
QID375	5.508189753031896	2
QID376	2.142179491288099	1
QID377	3.426562727785799	2
QID378	2.4231826479810143	1
QID379	2.74783138460924	1
QID380	1.4944825181442358	2
QID381	1.4296728516883652	1
QID382	2.7177804972590143	1
QID383	12.95989812065298	3
QID384	4.364795736994939	1
QID385	3.1151426723971025	1
QID386	0.3936466567311934	1
QID387	1.6646382390045649	1
QID388	3.627538008603296	1
QID389	3.8332350288437165	2
QID390	2.7022949215602203	1
QID391	5.06725584993479	1
QID392	4.4649458475468515	1
QID393	2.721360121165362	1
QID394	1.7768976901486409	1
QID395	0.3046101283362067	1
QID396	3.462808307053587	2
QID397	2.3521337651595675	1
QID398	1.8597046808027309	1
QID399	8.110653410343506	3
QID400	5.55460634945621	1
QID401	3.935206130573023	1
QID402	15.635003151658726	3
QID404	7.0235501690056905	1
QID405	2.2720342394322905	1
QID406	3.722511030996364	1
QID407	6.080018698250189	1
QID408	5.267177777808902	1
QID409	0.8508076330690277	1
QID410	0.9699347842784516	1
QID411	3.55887657617144	1
QID412	0.01687785573167054	1
QID413	6.737844945092758	2
QID414	4.957699942060249	1
QID415	1.6433068575886292	1
QID416	2.013029894683588	1
QID417	4.938686403861485	1
QID418	0.3677480237629289	1
QID419	6.39617467133767	1
QID420	0.11761251526570468	1
QID421	4.342799583549598	1
QID422	1.81950978721547	2
QID423	8.967393043509926	1
QID424	9.334815189473572	1
QID425	5.994650497532581	1
QID426	0.9001084840104273	1
QID427	1.9639810989706656	1
QID428	6.94600168162088	1
QID429	1.0150277069934246	1
QID430	0.014086523857222153	1
QID431	2.3934079648066144	1
QID432	5.797319183566843	3
QID433	4.10294090245334	1
QID434	0.6850190371957218	1
QID435	5.567836203320216	1
QID436	3.643769302835037	1
QID437	4.738497551638856	1
QID438	1.9232450890632715	1
QID439	7.69306391944084	1
QID440	7.691075414109299	3
QID441	1.1244454781814461	2
QID442	3.870932328426347	1
QID443	1.7190327422902838	1
QID444	1.1878617758616572	1
QID445	3.671473220911282	1
QID446	2.904729717787292	2
QID447	2.43267835811438	1
QID448	5.165158139086722	1
QID449	7.458158702197701	1
QID450	5.154264187892942	1
QID451	4.266596464992866	1
QID452	0.6221413536409356	2
QID453	4.421658557090552	1
QID454	3.998650085837382	1
QID455	3.712975926263216	1
QID456	2.1522996111783463	1
QID457	0.5947811999572468	1
QID458	1.8115811613106103	1
QID459	4.4813001358935365	2
QID460	2.3390532829417494	1
QID461	1.4541563645875375	1
QID462	12.240296915907589	2
QID463	10.768287563734011	2
QID464	1.9231959943564148	1
QID465	2.1633180651103943	1
QID466	9.4432856859437	1
QID467	4.339416824763322	1
QID468	3.622470153317551	1
QID469	19.716195745176414	5
QID470	12.121719229648333	1
QID471	5.071586489823885	2
QID472	4.4137244184371545	1
QID473	1.6322906544346794	1
QID474	0.23090641768107786	1
QID475	0.9598649324006412	1
QID476	10.165913089568123	4
QID477	1.8263248007400477	1
QID478	2.141289566796872	1
QID479	15.131267408128554	3
QID480	6.746798346085353	1
QID481	0.7115633795035606	1
QID482	6.476888839004237	1
QID483	5.969691260635178	2
QID484	6.524090547459763	1
QID485	14.728661602430757	2
QID486	3.9864889532647294	1
QID487	1.5419358332845674	1
QID488	0.8058908509968704	1
QID489	0.8012876341957975	1
QID490	6.023319947864644	1
QID491	3.886493514835851	1
QID492	4.867862379560992	1
QID493	4.095512486616678	1
QID494	4.05629733312829	1
QID495	5.890825833372621	1
QID496	5.689628291119198	1
QID497	7.669588724860826	2
QID498	2.3086811582114635	1
QID499	11.363269838458805	3
QID500	4.8410386264368634	1
QID501	7.3774227021036305	1
QID502	4.414220018735223	1
QID503	1.3100671089265694	1
QID504	10.221526396738149	2
QID505	1.2537577061638614	1
QID506	11.139074507053136	1
QID507	1.6452495694882416	1
QID508	1.6302171214589594	1
QID509	1.6356649234884508	1
QID510	1.821935528793999	1
QID511	8.388268381214337	1
QID512	2.481865619395444	1
QID513	7.685249886355296	2
QID515	14.876915966120345	3
QID516	9.532454591943603	1
QID517	1.79097368473537	1
QID518	7.77374552331402	2
QID519	4.011631813530391	2
QID520	3.899566435364768	1
QID521	0.982055730867988	1
QID522	5.161097735526538	1
QID523	2.2639057525297748	1
QID524	1.4533113731026943	2
QID525	4.240024026599412	1
QID526	2.002846762180091	1
QID527	2.0364233669127407	1
QID528	4.90066780458593	1
QID529	1.2944058945480734	1
QID530	3.8875738930711634	1
QID531	1.136028921874617	1
QID532	4.957971129651932	2
QID533	11.59329918058436	1
QID534	3.7031411207760336	2
QID535	11.331441363521073	2
QID536	9.991370778857313	2
QID537	1.8842272057423373	1
QID538	2.503862543555766	1
QID539	1.1999872650649877	1
QID540	1.943015610434574	1
QID541	0.16117570674435286	1
QID542	0.3419557642756578	1
QID543	5.9900183037612225	1
QID544	0.8101332728872122	1
QID545	3.1228043858023486	1
QID546	0.05450301277043193	1
QID547	0.3259595876408158	1
QID548	1.5262174731891252	1
QID549	7.379517688978293	2
QID550	2.484168334032291	1
QID551	3.3032563733864686	1
QID552	0.3653673909448104	1
QID553	3.5218395779785467	1
QID554	6.337051223623218	1
QID555	7.460693435787692	1
QID556	3.1862484443163615	1
QID557	4.730182364343475	1
QID558	0.671996788737479	1
QID559	2.1746923837157053	1
QID560	6.3675459197991415	1
QID561	5.866567102238834	1
QID562	6.098060816044838	1
QID563	2.58869442836588	1
QID564	1.4220703059438964	1
QID565	4.534860517284481	1
QID566	0.6402919903913654	1
QID567	5.8427067894648514	2
QID568	1.1386095119902009	2
QID569	2.6174373577495373	1
QID570	13.227053951793915	2
QID571	1.7246926658515975	2
QID572	5.437188496529545	1
QID573	1.6055360367244882	1
QID574	10.778461210086489	2
QID575	3.880656691632681	2
QID576	24.473131329647103	4
QID577	1.2314739315703789	1
QID578	1.271052287403691	1
QID579	11.644828746281204	1
QID580	3.5517067960827546	1
QID581	6.999588969946878	1
QID582	0.036335277556122716	1
QID583	14.227195346062913	3
QID584	4.039241854293098	1
QID585	2.3762584933032267	1
QID586	1.1757514999325205	1
QID587	4.08886394755448	1
QID588	10.02007154073226	1
QID589	0.9690051938145252	1
QID590	4.094928832557619	1
QID591	10.548490814855976	2
QID592	5.240768292437643	1
QID593	3.98776600118098	1
QID594	2.095387568851979	1
QID595	3.9996917060409127	1
QID596	3.5087929123356516	1
QID597	3.0088904158164635	1
QID598	0.9284241765426338	1
QID599	3.363374205385341	2
QID600	3.4589992537331757	2
QID601	1.545768512704787	1
QID602	4.048100389276333	1
QID603	3.6974021071315457	1
QID604	2.109165177311174	1
QID605	3.285800876688096	1
QID606	3.843946330248531	1
QID607	3.344480742856656	1
QID608	3.0130652567735337	1
QID609	3.8380544278203774	1
QID610	9.437980147538061	1
QID611	3.6117341741635562	1
QID612	3.7964941461635897	1
QID613	2.076907593307662	1
QID614	15.015254806588015	2
QID615	9.262024558022556	1
QID616	0.9223096443531366	1
QID617	1.6507867725914631	1
QID618	8.038458527211287	1
QID619	0.38942377491952623	1
QID620	8.348355765433308	1
QID621	8.744717206874986	3
QID622	6.3846598379637465	1
QID623	4.376045330706541	2
QID624	6.690039809538508	1
QID625	9.68765642460034	2
QID626	6.213569514879688	1
QID627	5.050932408321541	1
QID628	3.297177196919817	1
QID629	1.2955583069740484	1
QID630	9.528525807002149	1
QID631	1.4413074431248838	1
QID632	6.236212595826112	1
QID633	2.0537290077140016	1
QID634	1.5433374329058511	1
QID635	1.2478203020698015	1
QID636	2.745394287627937	1
QID637	2.641957777086596	1
QID638	10.239206759088725	1
QID639	0.2371962377955385	1
QID640	8.544948647531433	4
QID641	2.6392378494365576	1
QID642	6.47031861622021	1
QID643	1.5332468232483578	1
QID644	3.217896004105236	1
QID645	7.687384779628289	1
QID646	6.344152429767077	1
QID647	0.4203550740521601	1
QID648	0.6767786969073061	1
QID649	3.6281923029991168	1
QID650	3.172712023388824	1
QID651	6.459010887073663	1
QID652	2.1082946557779	1
QID653	4.053938027767505	1
QID654	2.4194109797172523	1
QID655	7.834800594208863	2
QID656	2.666807834507724	1
QID657	4.772833408952493	1
QID658	3.468516405774904	1
QID659	5.6719728645423295	1
QID660	8.27372730785861	2
QID661	3.0164117268942148	1
QID662	3.5987495565675487	1
QID663	7.757570316183929	1
QID664	0.5779975313559333	1
QID665	1.5725267248464194	1
QID666	0.9923277618676816	1
QID667	3.040712896081788	1
QID668	0.6186444224594241	1
QID669	1.4039073475530546	1
QID670	3.5022705800460696	1
QID671	4.998170588900748	1
QID672	4.471988409251331	1
QID673	10.830308475408382	2
QID674	8.893280217615581	2
QID675	1.712337954464073	1
QID676	8.838654144962717	1
QID677	11.065642862569085	2
QID678	0.5077109381012405	1
QID679	9.214829273787183	1
QID680	5.131856057371814	1
QID681	4.07651477783829	1
QID682	6.097574674646451	1
QID683	6.926167281366495	1
QID684	8.290753775812908	2
QID685	5.830286925901752	1
QID686	12.169872069730033	1
QID687	7.880107065633128	2
QID688	0.7640453172502936	1
QID689	2.3533844897458707	1
QID690	3.5699611017065647	2
QID691	1.6152759537666987	2
QID693	0.8227673138574009	1
QID694	5.092941250030822	2
QID695	1.4931210403451425	1
QID696	0.057146339899334174	1
QID697	2.325808783226827	1
QID698	1.5644064903777617	1
QID699	3.05254787903037	1
QID700	2.5833327204632948	1
QID701	10.214653417988869	2
QID702	1.90212054471432	1
QID703	0.8133840620927124	1
QID704	0.015399102898935157	1
QID705	2.6627953717754385	1
QID706	1.4396185877622452	1
QID707	0.009511835629958386	1
QID708	3.8639470634441393	2
QID709	0.32095397616867977	1
QID710	0.8290822708318633	2
QID711	6.3327972684619835	2
QID712	9.732310071877466	1
QID713	2.7396293853975626	1
QID714	3.7365892310816458	2
QID715	5.9381690557464255	1
QID716	5.7118603356082	1
QID717	14.703841496880035	3
QID718	3.6481061719501993	1
QID719	11.579197378410974	4
QID720	1.9035608805442377	1
QID721	1.5501756149851165	1
QID722	7.1338725460393055	2
QID723	0.8965997205032259	1
QID724	6.9074191022376725	1
QID725	14.409536926338887	3
Q2684	13.231566444336456	1
QID726	10.016892451259695	1
QID727	4.64124094116695	1
QID728	5.552842818699889	2
QID729	8.954805978668409	1
QID730	3.23748863808721	1
QID731	11.077037495423887	1
QID732	4.020594958379784	1
QID733	5.9995812456459525	1
QID734	1.893890702360065	1
QID735	4.1800558543177715	1
QID736	2.583261327743083	1
QID737	3.241202660719468	1
QID738	9.961985751313131	1
QID739	10.67605230874474	1
QID740	8.31691986117691	3
QID741	6.319338554249892	1
QID742	1.3583226850702128	1
QID743	3.8854722493606633	1
QID744	3.077753777568645	1
QID745	0.14313123984734696	1
QID746	6.085605107123407	1
QID747	0.27517868976050314	1
QID748	2.0000285710795653	1
QID749	4.0557051508592314	1
QID750	0.7078458551500549	1
QID751	4.1160861405901805	1
QID752	5.243619145463604	2
QID753	6.17376101377028	1
QID754	7.24587306170744	2
QID755	2.3391686806702823	1
QID756	11.078921768892224	3
QID757	9.631765836670745	2
QID758	8.04381931898296	1
QID759	1.5411432851164246	1
QID760	5.37478979561149	1
QID761	6.457379015308862	1
QID762	0.1021931611440062	1
QID763	0.30536011111411976	1
QID764	3.175887746770089	1
QID765	5.464667061005124	1
QID766	2.660420806246913	1
QID767	2.7728105191756174	1
QID768	0.1020078008920402	1
QID769	5.161095018615011	1
QID770	6.457770213807999	1
QID771	6.4114804572021535	1
QID772	3.2092905345670126	1
QID773	2.2243528208280434	1
QID774	8.812246384260549	1
QID775	2.664668795077481	1
QID776	0.9928153110185578	1
Q2685	14.411646003206695	2
QID777	9.495141085954321	2
QID778	10.080965878432604	1
QID779	2.0535681582982352	1
QID780	4.412367985918251	1
QID781	5.9384134376319775	1
QID782	4.327945215603053	1
QID783	0.5264304600407766	1
QID784	5.332064085504504	2
QID785	8.191637391148332	1
QID786	3.309551148941623	1
QID787	4.795894382313347	2
QID788	2.86456444645588	1
QID789	5.663132535055166	1
QID790	9.778457886319696	1
QID791	3.5646691137434665	1
QID792	1.142575896584923	1
QID793	5.171438453473545	1
QID794	1.8484404542081427	2
QID795	4.831232471043868	1
QID796	3.912075017866976	1
QID797	2.3568680736704217	1
QID798	0.8799501309104993	1
QID799	2.6774681473036197	1
QID800	3.563531144849555	1
QID801	2.6355230244383616	1
QID802	1.551024013639745	1
QID803	5.539779080807039	1
QID804	8.617840987508062	1
QID805	5.051194361467097	1
QID806	4.2848995129700285	1
QID807	8.314015009129603	1
QID808	0.9701773586136356	1
QID809	4.457949042403841	2
QID810	4.978997435982405	1
QID811	2.4944983718603844	1
QID812	3.516971237009403	1
QID813	6.242231534002478	1
QID814	3.4708577167349035	1
QID815	2.2437168808167107	1
QID816	2.118751248005411	1
QID817	5.6493891411874975	3
QID818	2.676078487813414	1
QID819	4.3222494633962185	1
QID820	8.100974514266714	1
QID821	11.4943043927476	1
QID822	0.9458324457024568	1
QID823	0.8530858797253198	1
QID824	2.5707028438444293	1
QID825	0.9955962823261736	1
QID826	6.4648517832258525	1
QID827	2.166107100755269	1
Q2686	0.5259027799415739	2
QID828	16.194194902313	2
QID829	2.278172420161014	1
QID830	9.450937315656363	1
QID831	1.4770145503239207	1
QID832	1.5794321322088292	1
QID833	5.515275449975129	1
QID834	0.2322357988958766	1
QID835	6.096730915651798	1
QID836	5.295127663325007	1
QID837	4.346627003695582	1
QID838	1.816784675923781	1
QID839	7.602438440739343	2
QID840	2.1393376929898094	1
QID841	2.8203272304802884	1
QID842	7.5352963870212815	1
QID843	0.8775342467037472	1
QID844	7.711676093876934	1
QID845	6.7027868991811825	1
QID846	1.4833060444100434	1
QID847	9.495316469585001	1
QID848	5.0445103233844035	1
QID849	0.2265197270794829	1
QID850	5.534913337922727	1
QID851	2.663616731606635	2
QID852	2.196369193459846	1
QID853	6.4725165439107695	1
QID854	1.689308308011686	1
QID855	5.843637488760004	1
QID856	0.019835070555076724	1
QID857	4.399927652495966	1
QID858	8.527718794317845	1
QID859	1.0054044671539026	1
QID860	9.096596511694086	2
QID861	5.235597184156164	2
QID862	4.191325384098539	2
QID863	0.9456411059439759	1
QID864	5.767873406122235	1
QID865	4.583446681131644	1
QID866	5.8077562045064965	1
QID867	5.1521294087952105	1
QID868	1.815882286526801	1
QID869	6.158059805208015	1
QID870	2.591901779412145	1
QID871	3.8250664771685656	1
QID872	1.08402073639247	1
QID873	7.288201920808972	1
QID874	2.7072040657295178	1
QID875	5.79084057173335	1
QID876	4.9890180395925965	1
QID877	5.5755093749226	2
QID878	2.433553178056106	1
QID879	4.872750086605525	1
QID880	6.274160377505607	1
QID881	0.3731619198142277	1
QID882	4.1177844212513	1
QID883	4.175800716997113	1
QID884	5.228066658343203	1
QID885	8.870995914834273	2
QID886	2.9574451514366284	1
QID887	1.433431813173502	1
QID888	5.200749505662452	1
QID889	8.244461024590837	1
QID890	3.1235067409022617	1
QID891	3.6796900617678547	1
QID892	5.903190610450766	1
QID893	13.271510708477075	2
QID894	10.347091122228116	1
QID895	2.596750273053809	1
QID896	9.406674265670855	2
QID897	4.245666187196201	1
QID898	9.139179710211039	1
QID899	7.182071426790088	1
QID900	1.1793580141433728	1
QID901	0.0231338668479224	1
QID902	12.20988130539834	2
QID903	24.24896707098269	2
QID904	7.339754328508625	2
QID905	3.7825498318854534	2
QID906	3.4996336807017983	1
QID907	1.2558460731948784	1
QID908	4.321218404759128	1
QID909	12.005372382782106	3
QID910	4.443319246821039	1
QID911	6.69646628600298	1
QID912	1.7887711890268765	1
QID913	1.5688137752104283	1
QID914	2.725322404751845	1
QID915	0.5415435814955357	1
QID916	0.6840256947797057	1
QID917	4.604100573821916	1
QID918	1.6681182889094142	1
QID919	4.640467340746171	2
QID920	7.604276676003284	1
QID921	2.59747375513597	1
QID922	6.08916388073013	1
QID923	1.8264324683187818	1
QID924	3.886533574641687	1
QID925	0.2692964832529088	1
QID926	0.012199077984133994	1
QID927	3.813261227401649	2
QID928	3.0081544274554592	1
QID929	0.6879186307665274	1
QID2687	0.6879186307665274	1
QID929	0.6879186307665274	1
QID2687	0.6879186307665274	1
QID930	6.0302090820074215	1
QID931	11.20660280621089	2
QID932	5.212679896545924	1
QID933	2.764746734460044	1
QID934	8.969740793765368	1
QID935	1.0157937782282904	1
QID936	2.0183515238586884	1
QID937	0.6586931650877522	2
QID938	4.648773510487743	1
QID939	4.990645036739767	1
QID940	0.6583166276747512	1
QID941	3.4217874911282538	1
QID942	0.23407564150332835	1
QID943	7.427316730990253	1
QID944	1.9280949030274697	1
QID945	8.388501095542559	1
QID946	4.646005405825283	1
QID947	1.9487988187713652	1
QID948	4.923592307424053	1
QID949	5.813749700796236	1
QID950	0.15356377293741913	1
QID951	2.8054465863240035	1
QID952	1.4589651621801882	1
QID953	1.5798207100695307	1
QID954	1.6950686046599883	1
QID955	2.672156757632025	2
QID956	4.9185447796895865	1
QID957	2.5644849329325075	2
QID958	2.005635367767729	1
QID959	6.33640996441656	1
QID960	2.9311105336404566	1
QID961	0.211876228756576	1
QID962	0.9614878269977192	1
QID963	2.1886196327394667	1
QID964	0.20376156152142189	1
QID965	5.384567734320488	1
QID966	0.96827831387025	1
QID967	0.6230328578845179	1
QID968	8.117118295719061	2
QID969	2.8445177833598136	1
QID970	4.345743228619	1
QID971	3.5142219582016514	1
QID972	6.107045778799226	1
QID973	0.6023163147728534	1
QID974	0.134950443102545	1
QID975	8.519826876340648	1
QID976	0.9910856824255224	1
QID977	1.7780808673367472	1
QID978	10.725535185134776	2
QID979	12.14571127510646	2
QID980	14.12671492268075	2
QID981	1.9786731761407912	1
QID982	5.70093945542078	1
QID983	0.048227942705829474	1
QID984	6.347894159100938	1
QID985	5.314625814469032	1
QID986	1.0242618314581688	1
QID987	8.799040215217142	2
QID988	7.550917662034659	1
QID989	4.214377825177751	1
QID990	1.2273351837544784	1
QID991	12.747960726073993	2
QID992	4.070667222180302	1
QID993	10.211657748326676	1
QID994	3.3891740389864267	1
QID995	9.701273058897373	2
QID996	2.999603497389055	1
QID997	11.126877950367847	1
QID998	10.24149988135825	2
QID999	4.0187000745575645	1
QID1000	1.4551079505018745	1
QID1001	3.597343595876501	1
QID1002	0.3585451881422239	1
QID1003	1.1916014239814758	1
QID1004	8.138559129759463	1
QID1005	1.2423886624051612	1
QID1006	6.416968225080584	2
QID1007	10.507901112926916	2
QID1008	6.1638013894900725	1
QID1009	4.765783545067071	1
QID1010	1.5329242456360468	1
QID1011	5.3235523697389535	1
QID1012	3.0740378128832835	1
QID1013	1.3759046224475993	1
QID1014	2.3562169443167598	1
QID1015	3.9180869735618455	1
QID1016	6.686519260928183	1
QID1017	0.8973930623047726	1
QID1018	4.74721429398631	1
QID1019	4.013804275729353	1
QID1020	10.326975552583567	2
QID1021	4.7056457004625525	2
QID1022	0.4460388673554331	1
QID1023	0.8786091600294249	1
QID1024	4.0042030448710415	1
QID1025	4.689744837761012	1
Q2688	0.6949999683590192	2
QID1026	9.16002157705441	1
QID1027	1.1193995921751705	1
QID1028	4.844026335327304	1
QID1029	5.666175438302008	2
QID1030	1.2882474193427	1
QID1031	1.3803248305314064	1
QID1032	10.645273159404658	1
QID1033	5.436966799672309	1
QID1034	4.210013226582705	1
QID1035	3.807952866883244	1
QID1036	1.8397052991684928	1
QID1037	11.343279951075544	2
QID1038	5.510050308122399	1
QID1039	6.022785682798227	1
QID1040	0.3663065336714143	1
QID1041	4.104557966912959	2
QID1042	4.472843327438267	1
QID1043	0.9373079043878164	1
QID1044	1.4143873524504833	1
QID1045	9.762520669157103	2
QID1046	6.24305967779468	2
QID1047	11.048629546990774	1
QID1048	3.0640021617345194	1
QID1049	13.995502527077765	3
QID1050	6.1606218764680625	2
QID1051	5.116442759526915	1
QID1052	0.9450617561147756	1
QID1053	6.909656769997617	1
QID1054	4.764852304947251	1
QID1055	6.804888478654907	1
QID1056	4.042135559511534	2
QID1057	5.479047899072665	1
QID1058	3.893798910453397	1
QID1059	2.6451638058014417	1
QID1060	1.8392483535048465	1
QID1061	7.390239077790798	1
QID1062	4.763047568857656	1
QID1063	2.8749566922784444	1
QID1064	9.501940836440351	1
QID1065	6.1675513499617995	1
QID1066	6.224987769320622	2
QID1067	10.449730710127962	1
QID1068	1.4506063175947292	1
QID1069	7.317116735833758	2
QID1070	1.1434192600681012	1
QID1071	7.006536838865157	1
QID1072	0.6013646592554824	1
QID1073	4.137812036636583	2
QID1074	4.288886992625298	2
QID1075	12.039676932527845	2
QID1076	1.7101522644030227	1
QID1077	6.824288711541299	1
QID1078	0.05496092924593965	1
QID1079	4.860305019145364	1
QID1080	0.5402221182755695	1
QID1081	1.3153834898796728	1
QID1082	11.569906956179226	1
QID1083	2.2893461183988344	1
QID1084	7.119401475053195	1
QID1085	9.339620152244905	2
QID1086	6.59733993737254	1
QID1087	2.2714829743677645	1
QID1088	7.677124424135384	1
QID1089	1.2929611206714575	1
QID1090	1.6874188727820794	1
QID1091	4.8998453499128445	1
QID1092	4.1188295351628845	2
QID1093	2.0308431819145683	1
QID1094	6.1632296324882025	1
QID1095	1.393751165011107	1
QID1096	2.490353018874881	1
QID1097	2.200178719468968	1
QID1098	0.057503981145567484	1
QID1099	6.3851196373144194	1
QID1100	3.9453050984156937	1
QID1101	5.7436907220379965	1
QID1102	0.5708474821283168	1
QID1103	6.498572240994017	2
QID1104	2.533686125077045	1
QID1105	0.5251986681147228	1
QID1106	1.894422106498114	1
QID1107	6.280628463185343	1
QID1108	1.5979258805865435	1
QID1109	0.6258839662791166	1
QID1110	7.172284753376207	1
QID1111	6.776143087241491	1
QID1112	6.668775603034535	1
QID1113	1.2984259476530016	1
QID1114	8.621106321622385	1
QID1115	3.0035822479884904	1
QID1116	4.484784569984528	1
QID1117	8.116196117856388	1
QID1118	2.7404643205970545	1
QID1119	8.14420198117578	1
QID1120	5.973164163458593	1
QID1121	3.34916229203108	2
QID1122	3.6063175463111095	1
QID1123	12.000353236289465	1
QID1124	10.097041492178649	1
QID1125	3.6519605410729628	1
QID1126	0.2606795103813855	1
QID1127	9.901112638736839	2
QID1128	4.922808794445975	1
QID1129	7.437554417850228	1
QID1130	6.649176142018685	1
QID1131	9.642647217787069	2
QID1132	6.214855930767193	2
QID1133	5.354955402755509	1
QID1134	6.104900196952066	1
QID1135	10.980967504580569	1
QID1136	8.986372230555329	1
QID1137	1.5646512416667209	1
QID1138	6.103608070751907	1
QID1139	3.871779066359165	1
QID1140	3.344129946433433	1
QID1141	0.8353107582155793	1
QID1142	13.482723489677348	3
QID1143	5.92990314505854	1
QID1144	1.0451338914899233	1
QID1145	1.9269740586613304	1
QID1146	13.580246638080506	2
QID1147	9.20382164028226	3
QID1148	2.6353726695455397	1
QID1149	11.283621398279688	1
QID1150	7.024230176773157	1
QID1151	10.462358293287815	3
QID1152	1.4100621855821476	1
QID1153	3.0046812710049986	1
QID1154	9.136065558142354	1
QID1155	0.9881814133446882	1
QID1156	14.894966084646097	2
QID1157	3.018413594218241	1
QID1158	4.6267176774439225	1
QID1159	3.8886975845480336	1
QID1160	3.5469028792659687	1
QID1161	2.272464250816914	1
QID1162	6.278817459318859	1
QID1163	1.3571327668316735	1
QID1164	5.848748461508046	1
QID1165	0.745713352921633	1
QID1166	0.3459611897261709	1
QID1167	11.409674952898376	1
QID1168	7.470816088278832	2
QID1169	2.9465665836075843	1
QID1170	11.131328736624052	1
QID1171	4.12097117770938	1
QID1172	7.052482726504994	1
QID1173	1.9672397980581484	1
QID1174	0.4647204774877713	1
QID1175	10.894068236044722	1
QID1176	6.958289182236295	1
QID1177	6.213350656972224	1
QID1178	6.916542482664888	1
QID1179	0.7744521474197859	1
QID1180	6.459849580514098	1
QID1181	3.99051640897534	1
QID1182	6.621226869493395	1
QID1183	3.988672391110189	2
QID1184	1.5192027139242374	1
QID1185	12.216685050977686	1
QID1186	3.3345790255812915	1
QID1187	9.008366918260853	1
QID1188	4.01279935089846	1
QID1189	4.9785250424097685	1
QID1190	0.22350858432138926	1
QID1191	4.352759443767522	1
QID1192	1.8779691273743064	1
QID1193	1.2554389141652509	1
QID1194	11.731730036436806	1
QID1195	12.752403761314149	1
QID1196	4.56045013800378	1
QID1197	1.4046217620145272	1
QID1198	10.11163445989784	1
QID1199	7.032252908323282	2
QID1200	4.271103601872179	1
QID1201	0.5131577681882916	1
QID1202	5.229059404523756	1
QID1203	3.1610553608171625	1
QID1204	6.772553098138771	1
QID1205	4.383692074303103	1
QID1206	4.7238547000382045	1
QID1207	3.6257470141138084	1
QID1208	2.844055010984888	1
QID1209	0.3938138769970366	1
QID1210	9.208401834102117	1
QID1211	2.5930174528722256	1
QID1212	7.630964730084155	2
QID1213	7.679199137681866	1
QID1214	0.2766032674250504	1
QID1215	4.033277584733865	2
QID1216	4.916321745279961	1
QID1217	2.849587618968985	1
QID1218	2.5233257734875085	1
QID1219	10.724776520626358	1
QID1220	3.284252179311293	1
QID1221	5.066746768213172	1
QID1222	10.837611717115747	1
QID1223	1.2865283664651124	1
QID1224	10.550244538914626	1
QID1225	1.5840242192264566	1
QID1226	4.752996207925284	1
QID1227	5.6031629255808335	1
QID1228	0.29869378423223764	1
QID1229	4.509743009533113	1
QID1230	3.0594283140037644	1
QID1231	1.4283136201822664	1
QID1232	2.8882750197196048	1
QID1233	4.536780343566682	1
QID1234	2.1029122738828323	1
QID1235	2.0861470406461944	1
QID1236	3.397074773269977	1
QID1237	1.3593471273383797	1
QID1238	4.98695986157683	2
QID1239	3.6794856656776913	1
QID1240	1.0931646272099134	1
QID1241	8.55663145228695	1
QID1242	1.349936777115729	1
QID1243	2.779020334162164	1
QID1244	6.004308449533634	1
QID1245	5.254219474806258	1
QID1246	7.937186889371798	1
QID1247	1.6427303649326468	1
QID1248	1.0739674848361085	1
QID1249	10.599043222688506	1
QID1250	8.507243351739467	1
QID1251	8.903248006121359	1
QID1252	1.6562058435434923	1
QID1253	5.425155246722895	2
QID1254	0.0991301819247948	1
QID1255	2.3744620810295842	1
QID1256	7.50696847982689	1
QID1257	5.7550826097461485	2
QID1258	3.6799568018528177	1
QID1259	4.063609590766544	1
QID1260	2.8773570024350748	1
QID1261	1.8029135231331381	2
Q2689	0.734690671340407	2
QID1262	12.413077422635016	2
QID1263	6.7942044000803445	1
QID1264	1.6494672847544205	1
QID1265	7.1232540650991485	1
QID1266	14.555178904970415	4
QID1267	9.203156894836178	1
QID1268	5.21861320678786	1
QID1269	2.342559644160471	1
QID1270	2.9530819964108086	2
QID1271	5.767343122940227	1
QID1272	1.2849772972546325	1
QID1273	10.920325626769461	1
QID1274	0.1139255708940548	1
QID1275	3.9546225271201254	1
QID1276	4.044848232258989	1
QID1277	3.251713754387024	1
QID1278	1.8562318280919028	1
QID1279	5.977498215175861	1
QID1280	5.354261430783988	1
QID1281	5.80466097514601	1
QID1282	2.0195677126936915	1
QID1283	3.088873232242266	1
QID1284	1.963849952320733	1
QID1285	5.506907329891381	2
QID1286	11.445719916863695	2
QID1287	12.656900296890717	2
QID1288	0.4385084106927584	1
QID1289	1.0880698696256157	1
QID1290	9.953846577470694	3
QID1291	2.0933836393793017	1
QID1292	7.380871052354815	1
QID1293	9.419651891101667	1
QID1294	2.9704970235147266	1
QID1295	8.17317587448937	2
QID1296	2.7752844543587973	1
QID1297	1.2471627917298131	1
QID1298	2.478847808134414	1
QID1299	3.873354541947276	1
QID1300	1.6389180891865545	1
QID1301	4.47417543943941	2
QID1302	0.9535058623343314	1
QID1303	6.642055618480038	1
QID1304	4.918037846490059	1
QID1305	5.597377025067575	2
QID1306	7.135281756056358	1
QID1307	3.1068242297961213	1
Q2690	3.971319367504397	2
QID1308	6.3273005288292445	1
QID1309	8.387281316590624	1
QID1310	7.327539551108577	1
QID1311	0.7819722180940457	1
QID1312	1.245246302723171	1
QID1313	4.272905295261221	1
QID1314	2.340743530747322	1
QID1315	2.0784500457772093	1
QID1316	14.241744331398838	2
QID1317	12.816937031574499	1
QID1318	5.145304892011742	1
QID1319	2.025142498105252	1
QID1320	4.078150494285691	1
QID1321	6.3438352073352995	1
QID1322	7.3645408686873575	1
QID1323	4.7472072019661375	1
QID1324	0.5575341851984107	1
QID1325	6.438906050312148	1
QID1326	6.055470724640827	1
QID1327	0.27481909967365303	1
QID1328	6.0833394367401015	2
QID1329	2.9370727311161757	1
QID1330	9.757933890110946	1
QID1331	2.4605881452657217	1
QID1332	11.553174364043038	3
QID1333	2.943111054424279	1
QID1334	3.0993004245949014	1
QID1335	5.640730157464832	1
QID1336	0.18114314246283744	1
QID1337	6.763244198453034	1
QID1338	0.6436802225865983	1
QID1339	5.5704883898742015	1
QID1340	0.2948028193242575	1
QID1341	4.766681260918684	1
QID1342	3.6978089893990482	1
QID1343	3.165701185554336	1
QID1344	0.9634595242182596	1
QID1345	3.5451174807458345	1
QID1346	1.276967364172953	1
QID1347	5.253358781523052	1
QID1348	17.09468123463258	5
QID1349	3.367989248994081	1
QID1350	7.691959426562733	2
QID1351	16.97668948584215	2
QID1352	1.4565506843338087	2
QID1353	9.731641238656902	2
QID1354	0.5128396269699078	1
QID1355	5.4517136715627075	1
QID1356	0.9258934415464612	1
QID1357	6.3604767951146615	2
QID1358	3.4960769043059106	1
QID1359	0.3624902512079052	1
QID1360	6.591215642331213	1
QID1361	4.262497399496757	1
QID1362	11.307792079040839	1
QID1363	5.757830787634948	2
QID1364	5.659263239031353	1
QID1365	3.652171589792709	1
QID1366	14.98737793583133	2
QID1367	4.400191431628897	1
QID1368	7.050907203141294	1
QID1369	4.391008720145726	1
QID1370	1.308174189442482	1
QID1371	7.512114056202772	2
QID1372	8.894114817102777	1
QID1373	2.2836520371787263	1
QID1374	7.327850066970714	1
QID1375	5.9334007220525375	1
QID1376	1.8764902868470097	1
QID1377	3.039206595166188	1
QID1378	1.4919166217884463	1
QID1379	6.277708316344162	1
QID1380	6.9474547121958885	1
QID1381	1.845373479472904	1
QID1382	6.75759097466011	1
QID1383	1.9425442562697737	1
QID1384	1.4682699975809608	1
QID1385	4.325533423809911	1
QID1386	4.810375233965887	1
QID1387	3.5846657181622748	1
QID1388	0.5265618304125484	1
QID1389	6.522030918118251	1
QID1390	6.858469346114338	1
QID1391	3.078676539734832	1
QID1392	0.7968792280012685	2
QID1393	4.3206952302775665	1
QID1394	2.5898740105290803	1
QID1395	4.687736852295858	2
QID1396	4.367124282882918	1
QID1397	0.5764596273223535	2
QID1398	9.498452478209582	1
QID1399	4.431605412099049	1
QID1400	5.474875107958481	1
QID1401	4.409581028577106	1
QID1402	2.5541113735039764	1
QID1403	3.9184916231644795	1
QID1404	5.2613583876339405	1
QID1405	8.267815440078245	1
QID1406	4.2277587478051855	1
QID1407	5.0574726593760095	1
QID1408	8.603074315197071	1
QID1409	0.6804795040270075	1
QID1410	4.427625932166189	1
QID1411	3.675048764734156	2
QID1412	4.601641118760667	1
QID1413	0.9072518033131652	1
QID1414	8.616560549359855	2
QID1415	10.58469100813293	2
QID1416	4.8825890537705865	1
QID1417	7.862916051121958	2
QID1418	1.5596346983158538	1
QID1419	0.33976865516854515	1
QID1420	5.745451475432741	1
QID1421	0.6103575181322843	1
QID1422	11.31909637100664	1
QID1423	5.542458319166631	1
QID1424	2.6937086049542276	1
QID1425	4.7584886125021155	1
QID1426	3.4892159202638964	1
QID1427	1.5535970134597847	1
QID1428	3.752084777829863	1
QID1429	4.854553991824163	1
QID1430	0.36296951789068016	1
QID1431	6.868829066038094	1
QID1432	5.340024909066375	1
QID1433	0.5681102662246694	1
QID1434	2.519855417817048	1
QID1435	2.8757163243149853	1
QID1436	5.221848958273268	1
QID1437	5.267813083365493	1
QID1438	1.0299904771991355	1
QID1439	1.5899590823679433	1
QID1440	1.914199969980373	1
QID1441	0.4908173228623495	1
Q2691	3.8178392090822846	2
QID1442	8.946566583607584	1
QID1443	8.478810326463254	1
QID1444	4.135843929222067	1
QID1445	8.158818973803765	1
QID1446	1.81050448125394	2
QID1447	5.069679452366092	1
QID1448	10.701556911256976	1
QID1449	5.994026533959199	1
QID1450	7.777610637311044	1
QID1451	1.3424048985765262	1
QID1452	8.831322242177984	1
QID1453	0.5081907822265523	1
QID1454	2.5837580809094827	1
QID1455	2.4057717966634966	1
QID1456	0.03877945430669883	1
QID1457	8.373873255957196	1
QID1458	4.086971168954288	1
QID1459	1.9334711631052142	2
QID1460	8.973472007682616	4
QID1461	0.3497265368122888	1
QID1462	5.801373561555604	3
QID1463	7.425537760010212	1
QID1464	1.072659551746883	1
QID1465	3.842842157286312	1
QID1466	3.204382093829844	1
QID1467	3.649905762596117	1
QID1468	4.410757146984548	2
QID1469	1.2323600938104764	1
QID1470	4.331152190495291	1
QID1471	6.294675834713803	1
QID1472	2.5505747105808703	1
QID1473	4.055346246035438	1
QID1474	0.5987742050117315	1
QID1475	2.1233133446679004	1
QID1476	5.242674632298323	1
QID1477	4.497105422	2
QID1478	0.8185284001971664	1
QID1479	8.973049557975353	1
QID1480	6.1415793304226955	1
QID1481	1.7509970879856225	1
QID1482	10.527857323942762	1
QID1483	3.7689958737679135	1
QID1484	5.40298996556028	1
QID1485	2.9658302940327657	2
QID1486	1.8563157566400084	1
QID1487	4.619260984889378	1
QID1488	3.8761557241860713	1
QID1489	4.469820709002638	1
QID1490	5.455978963354659	1
QID1491	4.947244829216586	1
QID1492	3.774461715499157	1
QID1493	5.253621564443378	1
QID1494	4.916762859007122	1
QID1495	2.597664221422864	2
QID1496	3.9694400969828347	1
QID1497	8.549711890396441	1
QID1498	5.386070176627585	2
QID1499	4.90765042936876	1
QID1500	4.876563963975987	1
QID1501	7.141999912564232	1
QID1502	0.5761071499552634	1
QID1503	1.4847746839670428	2
QID1504	5.841133390213073	1
QID1505	2.124998828291273	1
QID1506	2.287893184831565	1
QID1507	8.290719107593482	1
QID1508	5.98943088342658	1
QID1509	5.3574371386608215	1
QID1510	2.02732274053116	1
QID1511	0.46391771358382	1
QID1512	0.19878614097700897	1
QID1513	2.4792895760580893	1
QID1514	5.044179717972883	1
QID1515	7.305600551657602	1
QID1516	0.07074877811853604	1
QID1517	2.453349792902395	1
QID1518	8.028730819809061	1
QID1519	2.176474855845571	1
QID1520	7.69763047205234	3
QID1521	0.014409549543960974	1
QID1522	2.3501402441090766	1
QID1523	3.101954254818604	1
QID1524	8.244348836187749	1
QID1525	0.9956587847372032	1
QID1526	3.926634602092596	1
QID1527	0.6607047873543763	1
QID1528	0.4633699974942859	2
QID1529	7.946566583607584	1
QID1530	1.520195398447126	1
QID1531	7.949188079578166	1
QID1532	1.125417752722632	1
QID1533	4.2545536381509415	1
QID1534	6.6232480923243	1
QID1535	3.9828446408645024	1
QID1536	2.1854486246668983	2
QID1537	6.329395100682678	1
QID1538	8.718063266043401	1
QID1539	1.2478888372125163	1
QID1540	9.422584371013784	1
QID1541	1.7658735607905631	1
QID1542	1.5378489532669388	1
QID1543	9.94534024765851	1
QID1544	8.432457991768686	1
QID1545	1.5526625589084937	1
QID1546	2.4541657279755174	1
QID1547	0.6283888218460504	1
QID1548	3.755833056305349	1
QID1549	3.5263234658851768	2
QID1550	3.251544011972682	1
QID1551	5.5400505151329895	1
QID1552	2.887159545212872	1
QID1553	1.3588898942179772	1
QID1554	6.515388259295299	1
QID1555	2.407889832203652	1
QID1556	10.298105496278948	2
QID1557	0.11670349903642364	1
QID1558	5.105802796129022	2
QID1559	7.918289280749098	1
QID1560	1.9809486845380904	1
QID1561	10.072428180453006	1
QID1562	5.445009855792017	1
QID1563	7.201768816897963	2
QID1564	3.8401714956731263	1
QID1565	5.851691741878193	1
QID1566	0.18983748282336416	1
QID1567	2.736839310055249	1
QID1568	1.0054619049145697	1
QID1569	3.1520451909008167	1
QID1570	2.3824962244588264	1
Q2692	8.722758990392608	2
QID1571	9.726811206180695	1
QID1572	14.323887365672611	2
QID1573	11.807562348397957	2
QID1574	10.31302944502494	3
QID1575	3.5635787646854205	1
QID1576	3.9645805630510598	1
QID1577	3.6255734783135516	1
QID1578	3.2151998925472207	1
QID1579	2.7250550192399943	1
QID1580	5.150787871184775	1
QID1581	2.711667052890832	1
QID1582	0.6993264445005508	1
QID1583	1.7504487805581608	1
QID1584	6.399701916330893	1
QID1585	5.149844268958706	1
QID1586	3.042532088722532	1
QID1587	11.833889422181823	1
QID1588	0.3814982080303584	1
QID1589	0.06275880255451903	1
QID1590	2.380991014913377	1
QID1591	11.78149604715168	3
QID1592	5.792469862949058	1
QID1593	10.10959927506654	3
QID1594	3.557238079214115	2
QID1595	1.3744186937428828	1
QID1596	7.294175799891808	1
QID1597	11.951820868896439	3
QID1598	8.382814137133051	1
QID1599	11.056053557197966	1
QID1600	2.002914345362465	1
QID1601	2.5109603418537145	1
QID1602	2.492756632354611	1
QID1603	3.2126890091793077	1
QID1604	1.7554317405525603	1
QID1605	2.4591429683753643	1
QID1606	0.7636884033373287	1
QID1607	0.008213072880410606	1
QID1608	2.6791673168729147	1
QID1609	2.0295747238855983	1
QID1610	2.3590314395730654	1
QID1611	1.8544503786532769	1
Q2693	13.044395501807585	2
QID1612	12.635522772367175	2
QID1613	2.4037121413290863	1
QID1614	16.015910713704113	3
QID1615	6.151613468870601	1
QID1616	7.441709507741554	1
QID1617	0.8611698381858013	1
QID1618	0.16125405259700654	1
QID1619	3.905792243464407	1
QID1620	4.30335805328717	2
QID1621	9.043905601279407	2
QID1622	2.5711249243822594	1
QID1623	3.935702611143101	1
QID1624	2.2069715174753783	1
QID1625	7.650257548205508	1
QID1626	2.783280501710428	1
QID1627	8.957572285184883	3
QID1628	6.617136168349767	2
QID1629	6.29235960448697	1
QID1630	9.075482866388652	1
QID1631	4.800232575576174	1
QID1632	2.5152715307295326	1
QID1633	1.5136966356111246	2
QID1634	7.682391444174072	1
QID1635	1.3007655994534426	1
QID1636	4.5107374374397216	1
QID1637	2.4004290866159663	1
QID1638	3.3593403953909533	1
QID1639	1.1351790080324244	1
QID1640	4.30346006776777	2
QID1641	1.337698460094532	1
QID1642	3.0435090555223865	2
QID1643	1.5430434544665756	1
QID1644	4.205812618443841	1
QID1645	6.917282454851736	1
QID1646	1.4698763114336215	1
QID1647	5.90505529950112	1
QID1648	8.583494375538727	2
QID1649	8.70981903874037	2
QID1650	0.7914719074681256	2
QID1651	2.3343385631226568	1
QID1652	5.2154747888088515	2
Q2694	3.369093237003256	2
QID1653	7.837917995734119	3
QID1654	8.074260175621458	1
QID1655	4.88257202761546	1
QID1656	3.266909882306372	1
QID1657	4.021195740628485	1
QID1658	7.662691348005095	2
QID1659	3.81037746255872	1
QID1660	9.39904273188256	1
QID1661	4.470687588503845	1
QID1662	1.4510205902272066	1
QID1663	0.946819910384032	1
QID1664	9.816716233626382	1
QID1665	0.8768958528412882	1
QID1666	2.199734617749717	1
QID1667	0.0636256874133981	1
QID1668	8.13194310963476	2
QID1669	7.1501498976334155	1
QID1670	4.436862483941468	1
QID1671	2.1324024760747293	1
QID1672	0.9585876116654616	1
QID1673	3.795204036129397	2
QID1674	4.944568549736054	1
QID1675	3.497420996739593	2
QID1676	1.841212645914111	1
QID1677	7.0976265804261285	1
QID1678	9.93295654512044	3
QID1679	1.1843953757024204	1
QID1680	7.485834754758753	1
QID1681	0.16275013353870854	1
QID1682	1.5067005330200705	2
QID1683	6.932179278638673	2
QID1684	10.691455119527536	1
QID1685	7.524532615907336	1
QID1686	3.3399186091575896	1
QID1687	2.9852621524772087	1
QID1688	5.215630620997231	1
QID1689	5.022502044852303	1
QID1690	4.033689193586548	1
QID1691	9.691290100357788	1
QID1692	1.4627660060758687	2
QID1693	11.104810974075868	2
QID1694	5.824327042430069	1
QID1695	2.0668112761940693	1
QID1696	11.88243279345821	2
QID1697	5.681607089123451	1
QID1698	0.9668929956694442	1
QID1699	0.7629519219307695	1
QID1700	3.2942860301657637	1
QID1701	1.221748847455186	1
QID1702	18.804538479017037	3
QID1703	14.705578358743574	3
QID1704	8.747121265226589	1
QID1705	0.9056180296871876	1
QID1706	6.501375133060953	1
QID1707	3.739914517983655	1
QID1708	1.4315741677558689	1
QID1709	0.035530431608537374	1
QID1710	6.550631114157888	1
QID1711	9.431602706926077	1
QID1712	1.8654249104112488	1
QID1713	4.069592738152753	1
QID1714	6.27173781983496	1
QID1715	8.693605764354222	1
QID1716	7.883470674068913	2
QID1717	4.514870478635956	1
QID1718	1.1193333617258956	1
QID1719	2.680558394801664	1
QID1720	4.419692155904337	1
QID1721	7.26078175256855	1
QID1722	9.58696092451532	1
QID1723	0.4782024933906142	1
QID1724	0.914567023471936	1
QID1725	4.297632959374332	1
QID1726	2.899804702531368	1
QID1727	8.905447439965949	1
QID1728	7.118985337905352	2
QID1729	11.763307954890983	2
QID1730	6.171921324159004	1
QID1731	2.297014134694635	2
Q2695	8.593368250720314	2
QID1732	11.041533882079008	1
QID1733	3.7461024190958847	1
QID1734	4.258582331975872	1
QID1735	4.492203968750731	1
QID1736	0.22453339505686687	1
QID1737	12.219419896833324	2
QID1738	5.591414581653364	1
QID1739	8.12364987050828	1
QID1740	4.393809662806676	1
QID1741	0.8432374767518879	1
QID1742	5.259963297869173	2
QID1743	5.2138047700130725	1
QID1744	6.889136027242548	1
QID1745	4.7562615430055075	1
QID1746	0.3120980882064739	1
QID1747	11.952636045553648	2
QID1748	6.5265449919797325	1
QID1749	2.401796912840128	1
QID1750	2.6411509420920516	1
QID1751	8.52457208605144	1
QID1752	0.3524470779396736	1
QID1753	5.1896667013326665	1
QID1754	6.3085854850688525	1
QID1756	10.783540746549386	1
QID1757	1.639904252806259	1
QID1758	6.639201114991593	2
QID1759	1.484258779922783	1
QID1760	6.6387153107575365	1
QID1761	2.4849061718099845	1
QID1762	6.171850193711357	1
QID1763	7.970122131628837	1
QID1764	3.7750026927872335	1
QID1765	6.402689698987197	1
QID1766	1.4758068626205172	1
QID1767	2.9874039689676737	1
QID1768	0.5539901702676359	1
QID1769	7.4761001317877165	1
Q2696	0.23576940260707896	1
QID1770	8.621596610517349	1
QID1771	9.086022387447636	1
QID1772	10.75678018952693	1
QID1773	1.8000586050839482	1
QID1774	9.832061106627727	1
QID1775	5.37991723046703	1
QID1776	8.669503057911452	2
QID1777	2.037382531479331	1
QID1778	1.6993850086864593	1
QID1779	9.245568717805421	3
QID1780	1.5245461593856298	1
QID1781	1.8866005758436384	1
QID1782	6.570312726717062	2
QID1783	6.038297159665621	1
QID1784	1.984814576236612	1
QID1785	6.414779995462817	1
QID1786	0.040783288772102834	1
QID1787	7.6328933720461825	1
QID1788	2.559157677138879	1
QID1789	3.3736398953475963	1
QID1790	7.550570069523571	1
QID1791	2.3160518687148683	1
QID1792	2.298475446404606	1
QID1793	8.068320429310797	1
QID1794	1.7674859803317449	1
QID1795	0.5873191559253325	1
QID1796	4.991825473380376	1
QID1797	2.1879671928261475	1
QID1798	11.286131466225418	1
QID1799	7.219996318925246	1
QID1800	0.2069685448199595	1
QID1801	1.1266969390026738	1
QID1802	5.156580688382666	1
QID1803	4.48400914187018	1
QID1804	1.5115166646512672	1
QID1805	0.02906290620587232	1
QID1806	0.3892082344842179	1
QID1807	4.766882568496952	2
QID1808	5.969558190996474	1
QID1809	3.4883711674690896	1
QID1810	8.620544775984103	1
QID1811	2.9020083057994563	1
QID1812	0.7984818950839243	1
QID1813	5.420253579783585	1
QID1814	1.6980365969375557	1
QID1815	5.891010422765969	1
QID1816	10.293690586607966	1
QID1817	13.550091555110095	1
QID1818	6.397891704936991	1
QID1819	1.0956171563342574	1
QID1820	11.440205462022659	1
QID1821	3.322945302017883	1
QID1822	4.961012025338062	1
QID1823	0.4213077638547652	1
QID1824	4.099010956643451	2
QID1825	4.288282417811938	1
QID1826	1.7714070408669575	1
QID1827	5.120256577977663	1
QID1828	2.7393944657364315	1
QID1829	4.8744695305414565	1
QID1830	0.1587423071147087	1
QID1831	6.923755846950503	1
QID1832	0.11841440137516827	1
QID1833	6.962502703184757	1
QID1834	4.636570809126324	1
QID1835	1.850829395941107	1
QID1836	1.8450152336977497	1
QID1837	3.0303360091447686	1
QID1838	4.890289486143973	1
QID1839	0.10141861770607964	1
QID1840	6.432729877970318	1
QID1841	5.2609821003344495	2
QID1842	1.5256305777959895	1
QID1843	9.083880565522627	1
QID1844	3.2447995307146478	1
QID1845	0.8992813197384752	1
QID1846	5.319386485466298	2
QID1847	5.672387501274965	1
QID1848	4.561798883668351	1
QID1849	11.415925443533725	1
QID1850	3.1487882444581765	1
QID1851	4.755390755770962	1
QID1852	2.562373615916879	1
QID1853	5.973012645176183	1
QID1854	1.216501753131374	1
QID1855	4.624328969572502	1
QID1856	1.9304121522384257	1
QID1857	2.078781223560787	1
QID1858	1.2946475324105615	1
QID1859	4.88564019742042	2
QID1860	0.8135340569357845	1
QID1861	6.0670135574203305	1
QID1862	10.046728874982591	1
QID1863	2.178301097089136	1
QID1864	8.055415769213113	2
QID1865	2.78060407471339	1
QID1866	4.486242264364645	1
QID1867	3.422978159669602	1
QID1868	2.7533031066465408	1
QID1869	6.560063031296727	2
QID1870	5.7489716308868255	1
QID1871	6.606572042697918	1
QID1872	11.74016850816978	2
QID1873	8.298033805389068	1
QID1874	2.3142932955926208	1
QID1875	6.416104408504598	1
QID1876	8.550661117639624	2
QID1877	5.399811116403493	1
QID1878	1.962505653934577	2
QID1879	4.699304433464597	1
QID1880	2.6484097369284885	1
QID1881	2.3694643726265534	1
QID1882	3.9519221089512473	2
QID1883	6.926102454642741	1
QID1884	3.0133556795779226	2
QID1885	2.187084155691464	1
QID1886	6.088713516672553	2
QID1887	1.8976270324068372	1
QID1888	6.445179304894527	1
QID1889	1.61547624508576	1
QID1890	6.303497771461776	1
QID1891	0.17517384568916694	1
QID1892	1.4837007147384509	1
QID1893	12.054549556518287	2
QID1894	0.06399566578685509	1
QID1895	7.634854015380613	1
QID1896	0.12633737360489256	1
QID1897	6.142472819045856	1
QID1898	5.120405873844927	1
QID1899	5.996054412465278	1
QID1900	0.012039070779927635	1
QID1901	3.6597103582831205	1
QID1902	6.720449629799893	1
QID1903	1.8393630579123688	1
QID1904	1.0937834182988495	1
QID1905	3.9965550510841745	1
QID1906	0.3470452054406872	1
QID1907	1.9438006614438441	1
QID1908	6.905379925521094	1
QID1909	3.5038661921495784	2
QID1910	5.05830852168699	1
QID1911	1.3213869808293957	1
QID1912	5.143614172888526	2
QID1913	2.438118131909792	1
QID1914	2.075636867519927	1
QID1915	7.412139042238531	1
QID1916	3.663213546155317	1
QID1917	2.991905028025092	1
QID1918	4.160473246542007	1
QID1919	3.7564174213165766	1
QID1920	3.619495883923656	2
QID1921	16.978118147071847	2
QID1922	2.988986087243089	1
QID1923	4.892467819673868	1
QID1924	6.502476894026451	1
QID1925	5.808321373203117	2
QID1926	3.616105042920557	1
QID1927	2.692702410444259	1
QID1928	2.8337653361489283	1
QID1929	5.081588396101361	2
QID1930	1.4704467591688353	1
QID1931	4.608080042808531	2
QID1932	9.067022115992836	1
QID1933	0.7766712226721201	1
QID1934	3.774781939383159	1
QID1935	7.1278150205747375	1
QID1936	9.778416279064269	1
QID1937	6.900501385097136	1
QID1938	10.413420758711569	1
QID1939	4.9273333655762235	1
QID1940	2.9346145774555605	1
QID1941	6.422891771945233	1
QID1942	15.046910628640044	2
QID1943	4.988136148743451	1
QID1944	1.5313231152292273	1
QID1945	2.016015525387206	1
QID1946	11.232734408132849	2
QID1947	4.830327163212342	1
QID1948	1.7315292335647008	1
QID1949	2.4405439272827567	1
QID1950	5.3852555264156745	1
QID1951	2.9309116925721788	1
QID1952	3.606805324026317	1
QID1953	5.676887109520223	1
QID1954	6.5112353890628105	1
QID1955	4.299759885318261	1
QID1956	14.698166327743087	3
QID1957	2.746429952413129	1
QID1958	8.247117433007949	1
QID1959	1.728252602017559	1
QID1960	4.8957664145715025	1
QID1961	4.9856261720320285	1
QID1962	5.0042187586721525	2
QID1963	0.8237016026709688	1
QID1964	1.0438702576973442	1
QID1965	7.623819062765938	1
QID1966	6.646594559187691	1
QID1967	3.626865096972861	1
QID1968	6.051178191894356	1
QID1969	8.036118784918814	1
QID1970	1.3773022960277157	1
QID1971	3.5109431155823687	1
QID1972	1.736814798479484	1
QID1973	5.286220553706372	1
QID1974	2.7096855017725576	1
QID1975	11.934961671226064	3
QID1976	6.617199505847509	4
QID1977	9.465987805450773	1
QID1978	2.971436448087406	1
QID1979	0.15793915614408216	1
QID1980	0.051524250682053366	1
QID1981	4.194226060726861	1
QID1982	12.940299430474624	1
QID1983	2.189282449049541	1
QID1984	8.094116790339779	1
QID1985	1.5436820226341748	1
QID1986	1.2760033808620657	1
QID1987	2.788575023604135	1
QID1988	11.7809021098923	1
QID1989	2.496271454276968	2
QID1990	14.083049237722257	2
QID1991	11.995602546237269	2
QID1992	2.718350829655625	1
QID1993	2.471245376066662	1
QID1994	7.547204191571907	1
QID1995	7.146728890203044	2
QID1996	2.0099592383218283	1
QID1997	3.0203121536467794	1
QID1998	0.04246264531333768	1
QID1999	12.974674717481186	1
QID2000	9.314660635402324	1
QID2001	4.905570416534217	2
QID2002	1.45310402118923	1
QID2003	8.927196330113196	1
QID2004	11.088124396163444	4
QID2005	6.9015626171951565	1
QID2006	3.837121656188581	1
QID2007	15.087498653611595	3
QID2008	4.978553468723517	1
QID2009	0.08516662719810851	1
QID2010	7.841214600396068	1
QID2011	6.74290844445192	2
QID2012	3.3680847532703084	1
QID2013	2.3905267519661426	1
QID2014	4.74200860302717	2
QID2015	10.81221647210768	1
QID2016	5.171604781693428	1
QID2017	3.2754037198721067	1
QID2018	5.3746801830416215	1
QID2019	1.6268551308940076	1
QID2020	9.675834988089075	2
QID2021	4.254235699316408	1
QID2022	9.832266928728293	2
QID2023	8.061383430970764	1
QID2024	6.485689831065142	1
QID2025	4.839069815710942	1
QID2026	3.0807082428276664	1
QID2027	15.879135350345486	2
QID2028	5.72212167388939	1
QID2029	2.685571174545132	2
QID2030	10.96623118238898	1
QID2031	2.0391429096443088	1
QID2032	5.089772929116097	1
QID2033	3.0771160906229147	1
QID2034	4.02779180010955	1
QID2035	5.290882933905778	1
QID2036	1.3808847688986643	1
QID2037	4.6744053847183915	1
QID2038	3.086135543830685	1
QID2039	6.386095423597332	1
QID2040	10.3915429290905	1
QID2041	5.292740410913997	1
QID2042	3.3109722179813112	1
QID2043	5.8818120933046565	1
QID2044	0.34232753424841794	1
QID2045	2.1370322380371816	1
QID2046	2.850224078793914	1
QID2047	10.473330986929216	2
QID2048	4.956282135053804	2
QID2049	10.228669537335888	1
QID2050	8.060484318787575	1
QID2051	2.492112211847	1
QID2052	3.0400873442642165	1
QID2053	1.381102147332157	1
QID2054	2.0333243378594825	1
QID2055	0.4714905325972987	1
QID2056	0.5743984504195075	1
QID2057	2.7248361302292343	1
QID2058	1.6729487308468982	1
QID2059	8.438737836711374	2
QID2060	3.6190351811275554	1
QID2061	2.3497383431837555	1
QID2062	3.444873893652355	1
QID2063	4.4879311245515	1
QID2064	0.5687857221378095	1
QID2065	5.770630363242209	1
QID2066	4.807310392518389	2
QID2067	2.543614425736292	1
QID2068	3.18128950152784	1
QID2069	4.0929374411183534	2
QID2070	5.0235501690056905	1
QID2071	3.4510770665210573	1
QID2072	1.9854891111467925	1
QID2073	4.571481306397994	1
QID2074	2.404519742962185	1
QID2075	2.480203210150512	1
QID2076	6.234205738827798	1
QID2077	0.8734614506544566	1
QID2078	5.810762182367322	1
QID2079	0.046522631835893904	1
QID2080	5.375102588745994	1
QID2081	3.7741978040142596	1
QID2082	0.8466081975579557	1
QID2083	0.4005090479384747	1
QID2084	7.634268158774552	1
QID2085	4.559584899147149	1
QID2086	5.003395072149063	1
QID2087	1.8524818009996264	1
QID2088	7.410983159384414	1
QID2089	9.66511013347932	1
QID2090	0.11922142226551904	1
QID2091	1.033161022267426	1
QID2092	7.0310698531147535	1
QID2093	2.3773557302404447	1
QID2094	7.145518546263647	1
QID2095	0.12480658865100702	1
QID2096	0.9233237716672088	1
QID2097	7.170382674314839	1
QID2098	2.7898288291819497	1
QID2099	2.4070026046980044	1
QID2100	3.53422190942657	1
QID2101	3.36359409773919	1
QID2102	0.2478861019522099	1
QID2103	0.7211307941729791	1
QID2104	3.813846935945555	1
QID2105	3.511651824001268	2
QID2106	2.750208623757836	1
QID2107	3.3216544987573884	1
QID2108	2.098294914433989	1
QID2109	3.07112985238859	1
QID2110	6.796728549861764	1
QID2111	5.50386283235927	1
QID2112	2.10542766196402	1
QID2113	5.711127793220014	1
QID2114	0.9579827329822332	1
QID2115	3.152395407995777	2
QID2116	5.3714853224640535	2
QID2117	4.311322701919711	1
QID2118	9.604648893147688	1
QID2119	4.392721850419097	1
QID2120	7.497982698814757	1
QID2121	0.4273247321283241	1
QID2122	4.1824803110116635	1
QID2123	0.42995947674576535	1
QID2124	0.08295883948055861	1
QID2125	6.536256085471474	1
QID2126	0.07720533055568599	1
QID2127	1.6202514352288844	1
QID2128	2.174704626662032	1
QID2129	0.09296264342551296	1
QID2130	4.344711442297227	1
QID2131	0.3168466470920979	1
QID2132	1.7646480571107694	1
QID2133	3.496394442979253	1
QID2134	3.08426238535793	1
QID2135	1.5246192401259568	2
QID2136	2.32575313304332	1
QID2137	7.067102424659102	1
QID2138	1.4827422601708995	1
QID2139	2.0607233326292653	1
QID2140	7.7152109498733425	1
QID2141	0.06187922535912085	1
QID2142	6.407832029244928	2
QID2143	4.289916535053956	2
QID2144	2.5214954966708434	1
QID2145	5.788743084483308	1
QID2146	5.976045852612228	1
QID2147	7.863309024245035	1
QID2148	0.03473507752644632	1
QID2149	1.7298614783410666	1
QID2150	7.567686295947045	1
QID2151	2.116538298881803	1
QID2152	5.029004864517309	1
QID2153	4.571811461876343	1
QID2154	7.816145550936844	1
QID2155	0.05582285964836181	1
QID2156	2.675899353514405	1
QID2157	9.330951337255467	1
QID2158	1.7712451004313012	1
QID2159	3.9372765068707687	1
QID2160	1.1013009055109308	1
QID2161	0.621022539141589	1
QID2162	0.12419575733825924	1
QID2163	1.735830258137387	2
QID2164	10.405395539717693	1
QID2165	8.670418114906932	2
QID2166	7.1127366599602535	1
QID2167	0.03078078651323133	1
QID2168	2.4805563399246133	1
QID2169	11.482111357845461	4
QID2170	5.738372200521081	1
QID2171	0.05559047116248187	1
QID2172	13.014340748819995	4
QID2173	1.2125531574371522	1
QID2174	2.661796508484118	1
QID2175	0.25231723963747704	1
QID2176	0.406996695466708	2
QID2177	9.921087338974989	1
QID2178	8.059947652772651	1
QID2179	6.99247322624512	1
QID2180	5.166943357448272	1
QID2181	8.696336637100442	2
QID2182	9.008753778491835	2
QID2183	2.8066628276384886	1
QID2184	2.7661864349172096	1
QID2185	3.3291892853846234	1
QID2186	4.5646097834314014	1
QID2187	3.205811063948152	2
QID2188	2.508138873293575	1
QID2189	7.747686149426618	1
QID2190	1.892614634423476	1
QID2191	0.19672673101763502	1
QID2192	6.999454174547193	2
QID2193	5.490348549616705	2
QID2194	4.0444183607880895	2
QID2195	2.47867843730718	1
QID2196	5.430429121833286	1
QID2197	3.0397044258616384	2
QID2198	0.9378477678526368	1
QID2199	8.685316678889652	3
QID2200	0.4296922301857409	1
QID2201	3.266345993483663	1
QID2202	0.7549851801677523	1
QID2203	2.2663678726348846	1
QID2204	2.6120891732363547	1
QID2205	0.7582364244970647	1
QID2206	0.027847211706185784	1
QID2207	7.382310068539628	1
QID2208	0.34674232692728113	1
QID2209	0.4776422203029483	1
QID2210	1.0288975595642171	2
QID2211	4.963008097007091	1
QID2212	4.281327876321318	1
QID2213	6.2587805741438265	1
QID2214	10.493484731562393	1
QID2215	2.206949737082088	1
QID2216	3.8201587959083665	1
QID2217	3.5101459760966	2
QID2218	4.202190135680368	1
QID2219	1.1645996444109523	1
QID2220	6.0288589747032155	1
QID2221	0.9758031485540508	1
QID2222	0.8760288350701315	1
QID2223	0.8721279464802884	1
QID2224	5.5563012637299725	1
QID2225	2.328150597942083	2
QID2226	2.4699277480378363	1
QID2227	3.1131719760820182	1
QID2228	0.9813291977101588	1
QID2229	4.2984368615967545	1
QID2230	0.683601680871644	1
QID2231	6.518884179368326	2
QID2232	8.629336612038799	2
QID2233	4.371292441064239	1
QID2234	0.2876222327419164	2
QID2235	4.301474221760331	1
QID2236	2.9961871521430945	1
QID2237	0.007843400206969362	1
QID2238	5.017998656753154	1
QID2239	1.9805472311485717	1
QID2240	3.5100267813897137	1
QID2241	0.6677639866279855	1
QID2242	3.776695605904922	1
QID2243	7.060718956074298	1
QID2244	4.041600397782698	1
QID2245	7.438939283903703	2
QID2246	3.0239865411908293	2
QID2247	0.9003533031638805	1
QID2248	4.0625873006505655	1
QID2249	1.7302831697460703	2
QID2250	9.109199395272586	2
QID2251	0.8993183332104586	1
QID2252	6.463863519163776	1
QID2253	4.921189906208122	1
QID2254	6.5018728655151605	1
QID2255	0.14242001727959666	1
QID2256	1.9904010894361932	1
QID2257	0.1165598719107925	1
QID2258	8.020968667860933	4
QID2259	5.405395539717691	1
QID2260	1.1820624586932402	1
QID2261	5.160830284167067	1
QID2262	0.2614615787358612	2
QID2263	11.756542771707885	2
QID2264	7.2871814615055746	1
QID2265	3.2087120225618238	1
QID2266	6.445970125082227	1
QID2267	6.428177351903435	1
QID2268	0.707452147567977	1
QID2269	1.68690719437199	1
QID2270	0.29269341880585803	1
QID2271	6.8444246624012886	1
QID2272	9.817458669569623	1
QID2273	1.7038334196166431	1
QID2274	6.4697718007011815	1
QID2275	0.012382199352425495	1
QID2276	5.4272348311347045	1
QID2277	1.122300108791075	1
QID2278	1.2410754073182262	2
QID2279	15.691648567234376	3
QID2280	6.008799820612675	1
QID2281	0.4389777375417048	1
QID2282	4.4593188637191945	1
QID2283	0.768286830797718	1
QID2284	4.741515093748579	1
QID2285	7.4783122787519885	1
QID2286	5.529681205542212	1
QID2287	2.8176439691642794	1
QID2288	6.326194967299276	1
QID2289	1.0106564244287335	1
QID2290	0.029231221361633343	1
QID2291	0.5193852915747853	1
QID2292	0.16711246618006148	1
QID2293	1.247571691613654	1
QID2294	1.404133820605472	1
QID2295	2.000202288287792	1
QID2296	3.2734605612695247	2
QID2297	0.201653827344406	1
QID2298	1.2991636877436339	1
QID2299	0.0007796801856734988	1
QID2300	1.9474897575425083	1
QID2301	0.13698007315905922	1
QID2302	0.13939423668072212	1
QID2303	0.09609206936711397	1
QID2304	4.488463294076529	1
QID2305	1.3431848704537916	1
QID2306	1.2295132856969475	1
QID2307	0.31740078998552346	2
QID2308	5.743117844792327	2
QID2309	8.09868722905094	1
QID2310	2.19351167663495	1
QID2311	6.287329002410708	1
QID2312	1.251035330467034	1
QID2313	1.3216999994507543	1
QID2314	8.142732864611101	1
QID2315	0.28723992502169704	1
QID2316	1.0777743040644017	1
QID2317	3.2555252354438187	1
QID2318	5.407395112175196	1
QID2319	1.3334968913333105	1
QID2320	6.298261251448977	1
QID2321	0.01238073016392117	1
QID2322	13.723828099952874	4
QID2323	14.312262607103575	2
QID2324	2.091186443199094	1
QID2325	7.513993511205096	1
QID2326	5.411183135708703	1
QID2327	0.9898237122652372	1
QID2328	0.8981752047935486	1
QID2329	0.8337497004423536	1
QID2330	4.713103245535116	1
QID2331	4.342088098351201	1
QID2332	2.5641941857720734	1
QID2333	0.3370708372516395	1
QID2334	2.344335942246288	2
QID2335	0.9798012000374992	1
QID2336	10.35312412061246	1
QID2337	5.052716047550533	1
QID2338	4.389287073862871	1
QID2339	1.731466234852184	1
QID2340	5.0794614328811125	1
QID2341	3.046102397026258	1
QID2342	4.889452354852537	1
QID2343	7.37910649069039	1
QID2344	5.405664891535605	1
QID2345	6.547689488751319	2
QID2346	4.514066928699376	1
QID2347	1.2960320313024882	1
QID2348	4.428333508097274	1
QID2349	1.9830366697256216	1
QID2350	2.6189291752225587	1
QID2351	7.405021896119687	1
QID2352	2.6492923174084493	1
QID2353	4.310284463169054	1
QID2354	2.2748651135371523	1
QID2355	5.727850307415074	1
QID2356	1.6261002068926251	1
QID2357	3.9507277110417984	2
QID2358	2.446566583607584	1
QID2359	4.519894927362238	1
QID2360	5.5817949709367145	1
QID2361	3.0727372998882347	1
QID2362	2.9573308791416224	1
QID2363	3.3559359371348307	1
QID2364	4.6740108881885	1
QID2365	0.4940614391960215	1
QID2366	6.154040808186552	1
QID2367	2.2995854984762603	1
QID2368	6.090095280145524	2
QID2369	4.1186941235506005	1
QID2370	2.008931922789204	1
QID2371	4.364125611230735	2
QID2372	6.799093817046785	1
QID2373	7.5822305062175825	2
QID2374	3.6350493054992574	1
QID2375	6.604727986996565	1
QID2376	0.8102757383982669	1
QID2377	2.464287400815322	2
QID2378	2.000415016205	1
QID2379	7.908538978989581	1
QID2380	0.19486293121095136	1
QID2381	2.160883306153361	1
QID2382	3.90791909924134	1
QID2383	1.1991780241512997	1
QID2384	4.151324102390775	1
QID2385	1.5095814047811975	1
QID2386	2.9965266954060934	1
QID2387	3.039182366439388	1
QID2388	8.864224866951641	2
QID2389	1.0522426990447749	1
QID2390	3.652607567495177	1
QID2391	2.355049660389608	1
QID2392	6.637489731105101	1
QID2393	0.7786059115950303	1
QID2394	3.058140544339809	2
QID2395	5.24358772481398	1
QID2396	2.1469557066889915	1
QID2397	2.116364829829199	1
QID2398	5.209620138595635	2
QID2399	1.34401903987722	1
QID2400	4.105783123579614	1
QID2401	7.443718466135593	1
QID2402	4.323440106292908	1
QID2403	1.015539908174411	1
QID2404	1.8467853428671708	1
QID2405	5.011084818234078	1
QID2406	2.1702036386294066	1
QID2407	0.6694931003303851	1
QID2408	1.2907172452586568	1
QID2409	0.9881524196695768	2
QID2410	8.117275348954164	1
QID2411	6.800252622876122	1
QID2412	2.6921867888755444	1
QID2413	3.78947357601332	1
QID2414	3.5583646758309646	2
QID2415	0.3825601412701508	1
QID2416	11.60092287607191	1
QID2417	3.115240696412552	1
QID2418	2.2372219716629558	1
QID2419	1.272578321966595	1
QID2420	9.580977586560802	2
QID2421	0.7955171493440601	1
QID2422	2.9550800151619803	1
QID2423	3.4617061487436245	2
QID2424	2.784180453870185	1
QID2425	6.121703159489452	1
QID2426	3.2725943656154044	1
QID2427	10.396149757710297	1
QID2428	6.6978341396962575	1
QID2429	6.552127017228763	2
QID2430	2.4565917170594	1
QID2431	0.008258427331664412	1
QID2432	6.610354394027112	2
QID2433	4.873789604730125	1
QID2434	3.81497371102641	1
QID2435	3.4560242574307143	1
QID2436	1.9067807108885584	1
QID2437	9.346745284509911	1
QID2438	2.8203760424003472	1
QID2439	0.04799390517021275	1
QID2440	6.079354913667263	1
QID2441	0.9963157106618018	1
QID2442	3.0759348952223213	1
QID2443	1.4158946787770108	1
QID2444	2.1398610601748005	1
QID2445	6.8696323540803075	1
QID2446	4.092074273319138	1
QID2447	0.2757298684153791	1
QID2448	0.4880305815382658	1
QID2449	4.971865677225297	1
QID2450	4.789877724800276	1
QID2451	0.01341355494946171	1
QID2452	8.98560576078007	2
QID2453	6.748367227942095	1
QID2454	1.7587638124292462	1
QID2455	2.1815227652450515	1
QID2456	2.6347926666243797	1
QID2457	12.781463950551501	2
QID2458	1.5496139790253192	1
QID2459	6.59632699329835	1
QID2460	8.125750986800595	1
QID2461	0.01717776991015333	1
QID2462	3.3266390647753936	2
QID2463	3.102839444032943	1
QID2464	1.2825830313019388	1
QID2465	6.1332913415639885	1
QID2466	0.1375559789484849	1
QID2467	0.3071982167732371	1
QID2468	5.733288703336245	1
QID2469	3.5186021765841335	1
QID2470	0.06479897368968708	1
QID2471	2.7277232300490297	2
QID2472	8.404437321648121	1
QID2473	2.2020235589006902	2
QID2474	7.903597856109703	2
QID2475	3.490212839916209	2
QID2476	2.4019849344659256	1
QID2477	6.396090050845699	1
QID2478	0.9936286772084432	1
QID2479	1.7776336097739902	1
QID2480	4.897658749146187	1
QID2481	3.664698107515144	1
QID2482	0.3629756083513388	1
QID2483	0.6861612027521479	1
QID2484	0.9668254402972032	1
QID2485	0.09143455662328442	1
QID2486	3.109193787302876	1
QID2487	2.7410240649311404	1
QID2488	4.67059028026225	2
QID2489	0.6661973984745565	1
QID2490	2.0009225633646417	1
QID2491	4.182413301392404	1
QID2492	3.669714304304276	1
QID2493	1.0670323481999462	1
QID2494	12.444211216953775	1
QID2495	2.165075296416117	1
QID2496	2.8536497938132186	1
QID2497	14.566704902152331	2
QID2498	2.8639889219316297	1
QID2499	5.688209843732116	1
QID2500	2.8240966846719346	1
QID2501	0.7160183863049675	1
QID2502	0.01536711443461257	1
QID2503	0.499286185650662	1
QID2504	2.28059912308291	1
QID2505	1.6285299819495433	1
QID2506	0.8631244274610729	1
QID2507	1.2750328272025109	1
QID2508	3.8538941543115968	1
QID2509	5.682397751180316	1
QID2510	0.6465158154980488	1
QID2511	0.1264920826693115	1
QID2512	0.0076855396839454184	1
QID2513	1.8971965926863876	1
QID2514	0.7722742274539006	1
QID2515	1.5358560984844485	2
QID2516	2.9465665836075843	1
QID2517	0.7001960953028757	1
QID2518	0.039561030756789885	1
QID2519	6.302970962796199	1
QID2520	0.8345478296399446	1
QID2521	9.371430720514024	1
QID2522	3.288188334034257	1
QID2523	4.496461740317816	1
QID2524	1.8975027061340932	2
QID2525	9.111223637214472	1
QID2526	5.251907156697498	1
QID2527	2.1008037046742642	1
QID2528	0.8239364629104927	1
QID2529	7.706854483265393	1
QID2530	5.30756673981251	1
QID2531	0.5976487810287328	1
QID2532	1.9737134491547503	1
QID2533	6.767747512408829	1
QID2534	0.1682144424329329	1
QID2535	0.9733010647429109	1
QID2536	7.3334531506818115	2
QID2537	5.810602407495316	1
QID2538	4.0229863423883065	1
QID2539	2.9791601449551863	1
QID2540	0.2634754449063774	1
QID2541	2.4511171795114057	1
QID2542	0.3677777099757071	1
QID2543	4.456779565019401	2
QID2544	1.2796926726920026	1
QID2545	7.693039082406384	1
QID2546	2.787421944973539	1
QID2547	0.6621715915249289	1
QID2548	2.091228040985208	1
QID2549	2.3706604309435657	1
QID2550	1.100305927698155	1
QID2551	6.007698556466918	2
QID2552	3.4740603816229507	2
QID2553	3.4560206830289717	1
QID2554	0.7069917558101175	1
QID2555	2.444811415282305	1
QID2556	4.785681370432103	1
QID2557	0.5453931532908501	1
QID2558	1.0369875661616597	1
QID2559	0.8282842169307479	1
QID2560	3.2514027142387443	1
QID2561	0.13552141044523305	1
QID2562	3.6847045820697537	2
QID2563	3.0411991017871456	1
QID2564	0.5668700543846622	1
QID2565	5.419352717694781	2
QID2566	6.225404570868496	1
QID2567	2.031166716053684	1
QID2568	6.838631387191796	1
QID2569	1.5452404409587954	1
QID2570	0.1254366173720462	2
QID2571	1.6698412117252424	1
QID2572	2.3114232374587416	1
QID2573	3.4822894933075257	1
QID2574	7.5496921854575945	1
QID2575	7.944293242864089	1
QID2576	7.3444273630337324	1
QID2577	6.872300003636561	1
QID2578	0.5755401614789589	1
QID2579	1.962035628024945	1
QID2580	5.0190214094697865	1
QID2581	3.8171585860666313	1
QID2582	5.102190300986477	1
QID2583	6.597415760193265	1
QID2584	2.7046266654982745	2
QID2585	3.8760362743595587	1
QID2586	10.4030704240361	3
QID2587	4.370723201406844	1
QID2588	2.841040240060737	1
QID2589	0.10354166243469808	1
QID2590	5.404753792815354	1
QID2591	3.1620445202899905	2
QID2592	0.6153395302657081	1
QID2593	5.678060104030128	1
QID2594	6.851337868243129	1
QID2595	1.996052491512729	1
QID2596	11.594834877739773	2
QID2597	2.006828438469511	1
QID2598	3.4795445905915128	2
QID2599	1.895752975529058	1
QID2600	6.795651825548751	1
QID2601	4.688046300459299	1
QID2602	0.2640598537072103	1
QID2603	2.8174236838403686	1
QID2604	0.19153495840986814	1
QID2605	9.19079104185552	4
QID2606	1.1792417161440074	1
QID2607	1.2439354901051736	1
QID2608	4.232421889867475	1
QID2609	6.171643144184445	1
QID2610	7.792578496075293	1
QID2611	0.2661944067655861	1
QID2612	5.618484693894053	1
QID2613	7.206093891122715	2
QID2614	2.1324443352035134	1
QID2615	0.8832605602754123	1
QID2616	4.5313585689929745	1
QID2617	2.7575710436008416	1
QID2618	5.836031253404506	1
QID2619	3.039491246986604	1
QID2620	3.1618931688406895	1
QID2621	4.561880904610852	1
QID2622	1.6994359223199882	1
QID2623	2.045530006222994	1
QID2624	4.480032975656943	1
QID2625	3.3907637766545085	2
QID2686	8.47549902531901	1
QID2688	3.672574742751364	1
QID2689	10.312595218906996	1
QID2690	4.464250938945703	1
QID2691	1.281263831600411	1
QID2692	0.5238600256135345	1
QID2693	8.176385804120164	3
QID2694	4.109717504745744	1
QID2695	5.4311934013858565	1
QID2696	5.236992481240676	2
QID2697	6.6978626402506745	1
QID2698	1.5797303361808193	1
QID2699	4.745933345376288	1
QID2700	3.556661453479404	1
QID2701	6.179571554468768	1
QID2702	4.206121724472734	1
QID2703	2.7615276163977622	1
QID2704	2.7228428017110264	1
QID2705	3.727896297575695	1
QID2706	0.032166522246001535	1
QID2707	10.90520923736934	2
QID2708	6.267377036959728	2
QID2709	7.29643788069239	1
QID2710	10.342845100608066	2
QID2711	1.6268678118431028	1
QID2712	2.9761449474842694	1
QID2713	5.252271492583046	1
QID2714	2.51346518490323	1
QID2715	0.994012389649765	2
QID2716	3.956547914418485	1
QID2717	2.291537179266255	1
QID2718	0.3917678671320973	1
QID2719	4.5814328071039645	1
QID2720	1.2474933462082187	1
QID2721	9.91089270027755	4
QID2722	4.55944314983153	1
QID2723	1.0969741325425078	1
QID2724	6.4776800212083305	1
QID2725	2.424767306259918	1
QID2726	6.125955101474508	2
QID2727	4.017110254037553	1
QID2728	0.026344154737332183	1
QID2729	5.0620069641640315	1
QID2730	0.3904943538955506	1
QID2731	7.509419156437267	1
QID2732	0.0546042152352097	1
QID2733	1.2925765050535394	1
QID2734	0.3801889677796188	1
QID2735	8.221889590738655	1
QID2736	0.4947033922926825	1
QID2737	7.024661879220284	1
QID2738	6.639478013382366	3
QID2739	0.9196691746973632	1
QID2740	4.3645615761646095	1
QID2741	5.755270422299678	1
QID2742	10.525744143795864	1
QID2743	2.138267484690961	1
QID2744	8.35011291211883	3
QID2745	8.805332313796551	2
QID2746	11.760770338343566	2
