Word_Unique_ID	Surprisal	NumTokens
QID1	1.0175521279819326	1
QID2	5.2046735389107575	1
QID3	9.180698552924936	3
QID4	0.7346440479945331	1
QID5	3.1793252695296257	1
QID6	2.6255652744778826	1
QID7	4.307684437683943	1
QID8	9.863909069361288	1
QID9	0.5064251788985363	1
QID10	3.9274860342483553	1
QID11	3.3441277318211693	1
QID12	3.7967376392191534	2
QID13	4.701292732782134	1
QID14	1.8658403685920149	1
QID15	1.2382156748339646	1
QID16	1.8457032239497968	1
QID17	6.055490794069693	1
QID18	1.9715077312024545	1
QID19	6.727108714357853	1
QID20	1.5567354132586293	2
QID21	2.8126034375075624	1
QID22	5.934044890132357	1
QID23	7.8558309528838075	2
QID24	1.3817500688092503	1
QID25	1.3412443360231443	1
QID26	7.918237355777755	1
QID27	1.7002391641175794	1
QID28	2.603373245691597	2
QID29	1.528050670621992	1
QID30	4.207049499921757	1
QID31	0.91284861829042	1
QID32	2.3124481394597183	1
QID33	1.2681730111437648	1
QID34	0.5720491760032798	1
QID35	2.2733454173001544	1
QID36	3.156510869121916	1
QID37	1.4612122490170552	1
QID38	0.8069445535240125	1
QID39	0.18221078498567106	1
QID40	3.648327290740089	2
QID41	2.787400219028481	1
QID42	0.3975561136661191	1
QID43	8.650049730472308	1
QID44	0.06957385920173659	1
QID45	1.5809329391266815	1
QID46	1.624023035718435	1
QID47	3.8806036164966544	1
QID48	0.5476127355061059	1
QID49	4.054022570167802	1
QID50	1.4836045028824587	1
QID51	9.227971304051453	1
QID52	2.1955155594705267	1
QID53	2.3582775764945594	1
QID54	0.6217539311673689	1
QID55	1.1957844958447437	1
QID56	2.225871710268461	2
QID58	4.133880584713784	1
QID59	4.132385965959409	2
QID60	1.9285412422825607	1
QID61	6.399489851583509	1
QID62	9.887761461550614	3
QID63	3.712130725676471	1
QID64	2.153214248963241	2
QID65	2.8847827001970687	1
QID66	2.638277439517783	1
QID67	0.5124375528885791	1
QID68	11.128132839380177	1
QID69	3.581541058179245	2
QID70	1.926065173585236	1
QID71	4.208883635207777	1
QID72	0.4267484477157396	1
QID73	1.288642592700482	1
QID74	1.1791271823695928	1
QID75	0.2747483353415757	1
QID76	1.879128233821988	1
QID77	2.428481463292853	1
QID78	0.9413887586785732	1
QID79	2.352572683791494	1
QID80	0.06995007366529933	1
QID81	4.5464800084157435	2
QID82	5.4096900098495135	1
QID83	0.2680338489505285	1
QID84	5.064930899851824	1
QID85	2.0242958500660984	1
QID86	4.049026979850448	1
QID87	3.3039648558758024	1
QID88	1.7629574898785223	2
QID89	4.961005076464539	1
QID90	0.5433217269379552	1
QID91	4.384286817199281	3
QID92	1.6923998110687168	1
QID93	7.236934777539773	2
QID94	3.8365083947015073	1
QID95	1.5242322140312154	1
QID96	1.5726108881900092	1
QID97	0.0816193198743232	1
QID98	11.911148094177832	3
QID99	11.276069060308016	2
QID100	5.120683466704807	1
QID101	1.95220363715832	1
QID102	6.108484454410881	1
QID103	0.3048863888077746	1
QID104	10.185818576852554	1
QID105	0.6480906572045464	1
QID106	9.141478490049627	1
QID107	0.23182479684262944	1
QID108	0.08245463428279555	1
QID109	5.526059070346488	1
QID110	1.3779877242216745	1
QID111	1.0272868016836785	1
QID112	0.07331616326064129	1
QID113	2.418172476134297	1
QID114	0.44877694087599057	1
QID115	7.876417502995392	3
QID117	5.418525463840363	1
QID118	2.265180312625256	1
QID119	10.806079729361665	2
QID120	11.254869726726069	2
QID121	0.8015480165448007	1
QID122	2.8029039362226307	1
QID123	0.1604548917674175	2
QID124	0.051958248355535634	2
QID125	0.9771788165477304	1
QID126	4.535494452735271	1
QID127	1.8420348755089968	1
QID128	1.5335849605548129	1
QID129	5.287372992374932	1
QID130	1.6723619686968465	1
QID131	0.8734887265540532	1
QID132	5.02946588452892	1
QID133	4.226123835317054	1
QID134	6.749589235323922	1
QID135	0.6049086428550043	1
QID136	3.2504655963896165	1
QID137	1.4178007976799518	1
QID138	3.609737604072702	1
QID139	2.732266640202914	1
QID140	1.176679110881068	2
QID141	1.872402312618308	1
QID142	3.5642791919666568	2
QID143	4.7325708092462735	1
QID144	1.228013246075563	1
QID145	0.7895399721874652	1
QID146	0.3455654182017721	1
QID147	1.3386838298094743	1
QID148	1.6747183674939483	1
QID149	4.593384222218496	1
QID150	4.735550483636672	1
QID151	0.6458285459781489	1
QID152	9.430909808572775	1
QID153	0.264907893445578	1
QID154	3.6236373152790655	1
QID155	2.8790463530446715	1
QID156	0.12182036183287795	1
QID157	1.6144890793691633	1
QID158	3.00251358072052	1
QID159	1.8369689949324592	2
QID160	3.4249155732796384	2
QID162	0.4329169463000743	1
QID163	0.04483411374986105	1
QID164	2.96284618006885	1
QID165	3.8353599226386472	1
QID166	1.2577987706742644	1
QID167	0.8839485906151097	1
QID168	6.019542708053563	1
QID169	0.4832869093954391	2
QID170	4.4715331229284105	1
QID171	4.556973555374337	1
QID172	3.383131261703665	1
QID173	4.2427412707268575	2
QID174	12.271379417370515	1
QID175	5.677352205827596	1
QID176	3.6475854018623264	1
QID177	1.8365806898113837	1
QID178	2.9601688975462364	1
QID179	8.468071977588234	2
QID180	3.717652596623373	1
QID181	1.048211181937002	1
QID182	1.9065361016975841	1
QID183	9.958508849248947	1
QID184	1.895885439619499	1
QID185	6.556510174046368	1
QID186	3.625939022610913	3
QID187	3.2711239792937743	1
QID188	0.5913479919729923	1
QID189	3.275219086821415	2
QID190	0.8262944514861127	1
QID191	2.4687278073745054	1
QID192	2.127808682312587	1
QID193	9.763085766599461	1
QID194	3.9426003345590894	1
QID195	7.222530497530847	2
QID196	3.275140978543166	1
QID197	1.3287127596231187	1
QID198	11.15386459133917	2
QID199	5.1599903777669605	1
QID200	1.6097019790264837	1
QID201	0.7558990102505515	1
QID202	4.7486594234414605	2
QID203	1.302887783097039	1
QID204	11.764121157744643	3
QID205	8.905388895133179	1
QID206	8.194338750261482	2
QID207	2.0154190347910568	1
QID208	5.257119169197853	1
QID209	2.9204759625289136	1
QID210	5.876780710953275	1
QID211	1.1474916616111748	1
QID212	1.0088728528502762	1
QID213	2.000106239439557	1
QID214	5.072072319343213	1
QID215	1.9992443211449884	1
QID216	2.5276568933039103	1
QID217	0.7248669657601317	1
QID218	0.08462157592684423	1
QID219	3.05275568130868	1
QID220	4.940716020132808	2
QID221	2.4464355454786832	1
QID222	0.6869280534545951	1
QID223	3.285793191097937	1
QID224	3.49239979586505	1
QID225	0.393966870886	1
QID226	4.960839379955185	2
QID227	2.431948488572359	1
QID228	4.473287219330443	1
QID229	13.572255665319464	1
QID230	0.6007046921947271	1
QID231	8.533132271290658	2
QID233	7.78748685437648	2
QID234	14.466677120189026	2
QID235	2.891420991099139	1
QID236	5.5272295232015916	1
QID237	2.6201913850256133	1
QID238	1.516575040168627	1
QID239	2.6701250792591265	2
QID240	3.2149984068940167	1
QID241	0.2251847157409237	1
QID242	12.01534704682401	1
QID243	2.5450977416003973	2
QID244	1.6537192324764838	1
QID245	2.5710734626993146	1
QID246	3.3750559922323617	2
QID247	0.7427582153072272	1
QID248	3.215219253302781	1
QID249	4.640932007951483	1
QID250	0.6892161147054173	1
QID251	11.919496660026144	3
QID252	0.07344019831486506	1
QID253	1.3026631219718798	2
QID254	4.130235390850835	1
QID255	1.2781354166073184	1
QID256	8.114457307061931	2
QID257	2.9026352982680024	1
QID258	0.8334580997359413	1
QID259	3.2398049978425525	2
QID260	2.8671420004390464	1
QID261	0.3935989309912881	1
QID262	6.29233648538917	1
QID263	0.4967902810300474	1
QID264	0.6166229028207636	1
QID265	1.013840369941016	1
QID266	1.2125380748548211	1
QID267	3.4926356818877653	1
QID268	3.583108706068804	1
QID269	0.0066039777309114785	1
QID270	5.728253495441128	2
QID271	2.886497087948843	1
QID272	2.412292203589204	1
QID273	1.7746964551985045	1
QID274	0.0010980894932130008	1
QID275	3.2026499355025018	1
QID276	5.671329320047471	2
QID277	1.9038221911565705	1
QID278	4.44451942857602	1
QID279	4.089765722310336	1
QID280	2.54634182590477	1
QID281	0.030847520092236413	1
QID282	1.2138407902196164	1
QID283	0.6598543267719743	1
QID284	4.075059062333496	1
QID285	1.4011203720331074	1
QID286	8.654701836038305	2
QID287	0.6716230075794994	1
QID288	0.9452739592249106	2
QID290	8.88572977862067	1
QID291	13.233624121497266	1
QID292	7.500925348109861	1
QID293	3.3453029418101834	1
QID294	1.4147213828255052	1
QID295	4.119440303103392	1
QID296	0.12152711482336355	1
QID297	6.243679922368594	1
QID298	3.1858316802624267	1
QID299	7.108312950511719	1
QID300	4.834798573135191	2
QID301	2.9738370806642096	1
QID302	5.023786851659208	1
QID303	3.666344674684592	1
QID304	1.5103584843893183	1
QID305	9.985615019700687	3
QID306	3.4882586739684736	1
QID307	6.405667007259001	1
QID308	0.5378925537054174	1
QID309	1.006158238194214	1
QID310	0.06262826234566747	1
QID311	1.0181260382094552	2
QID312	3.2203724729942635	1
QID313	3.8701854601747088	1
QID314	0.2637268328985103	1
QID315	2.7501641093877107	1
QID316	0.7290340682319897	1
QID317	1.3152046742446457	1
QID318	9.004857763431538	3
QID319	1.3012038455318804	1
QID320	4.049711572624243	1
QID321	0.8435718737240636	1
QID322	2.6301074344598665	2
QID323	3.4821916926386978	1
QID324	6.747938286829347	1
QID325	10.599912584813854	2
QID326	4.830754455846059	1
QID327	2.323349651710927	1
QID328	6.6836924729877945	1
QID329	3.9164268891026777	1
QID330	6.368979712664465	1
QID331	7.6848759307080075	1
QID332	0.14841921216878798	1
QID333	1.8520667303346177	1
QID334	4.921570185802157	1
QID335	5.4838291850241845	2
QID336	4.501100847534294	1
QID337	4.185051370478079	1
QID338	9.48141827546251	1
QID339	1.2858195266890948	1
QID340	3.8785050236467615	1
QID341	3.6065376392470543	1
QID342	3.4108801841948613	1
QID343	5.951004987309204	1
QID344	1.5416295987319006	1
QID345	4.006708177343216	2
QID347	10.222066600894019	2
QID348	7.461243890097507	2
QID349	1.6742660985689888	1
QID350	4.8035498891825785	1
QID351	2.66200990178566	1
QID352	2.7041568754150886	1
QID353	8.274663136629517	2
QID354	3.0636650317976035	1
QID355	2.101216390036511	1
QID356	4.179267354984467	1
QID357	7.166251314561944	2
QID358	0.7440180602988914	1
QID359	3.682843897155042	1
QID360	0.6331104354992232	1
QID361	3.2372438181824217	2
QID362	8.85725355228129	1
QID363	0.5721714139693423	1
QID364	5.340468658972196	1
QID365	0.25426224030704386	1
QID366	0.3542380343331516	1
QID367	6.699410419847473	1
QID368	8.07476809152636	1
QID369	4.412105381801612	1
QID370	5.071426828895254	1
QID371	2.885432481618095	2
QID372	1.6904136051384056	1
QID373	5.167675010456817	1
QID374	3.011258029067568	1
QID375	6.631310797916885	2
QID376	1.951939979518332	1
QID377	1.4865365568995328	2
QID378	0.5144695949676031	1
QID379	3.5107637319560916	1
QID380	2.067866280535231	2
QID381	1.5047863349310042	1
QID382	1.6498205609101861	1
QID383	8.477381624700268	3
QID384	3.15132321654668	1
QID385	0.4883589152972038	1
QID386	0.8545199565388916	1
QID387	0.4233552734850352	1
QID388	2.25771729178904	1
QID389	2.3112815653031342	2
QID390	1.9411760162849008	1
QID391	3.369506186313843	1
QID392	4.992310398753141	1
QID393	1.2083290651204832	1
QID394	1.1166382890056603	1
QID395	0.4879623830590008	1
QID396	3.053012295842359	2
QID397	1.0903552217042038	1
QID398	0.8521441149478969	1
QID399	9.825755196546762	3
QID400	5.055744463347682	1
QID401	1.9830058116077875	1
QID402	6.382424498663305	3
QID404	6.4607440261193085	1
QID405	2.7435107933254006	1
QID406	3.58657599642904	1
QID407	5.406263046064428	1
QID408	2.586854608859108	1
QID409	0.5119657499335254	1
QID410	2.6810021193878986	1
QID411	4.449830113173597	1
QID412	0.02197162506596704	1
QID413	5.107693856921428	2
QID414	5.033565832823094	1
QID415	1.6888022258590822	1
QID416	1.7545789403001972	1
QID417	3.909921969964375	1
QID418	0.3198885096826041	1
QID419	3.8143849025814998	1
QID420	0.011902057446346613	1
QID421	3.7219991463757567	1
QID422	1.9536990109108137	2
QID423	4.582783971779176	1
QID424	11.351062145084141	1
QID425	6.011887354455989	1
QID426	1.2743673511094018	1
QID427	1.2911413650574473	1
QID428	6.7770923491120865	1
QID429	0.6171004805831755	1
QID430	0.005552219823608793	1
QID431	4.106232423257718	1
QID432	7.133835108972026	3
QID433	1.9842300283649164	1
QID434	0.2893399546349128	1
QID435	0.7749146944350321	1
QID436	2.189424115997083	1
QID437	5.919730770703424	1
QID438	0.9882860202897242	1
QID439	7.048693698005987	1
QID440	2.484027037132583	3
QID441	1.965249811733809	2
QID442	3.2661887295684395	1
QID443	1.159912561266764	1
QID444	0.6819281093337853	1
QID445	3.2281377242521296	1
QID446	2.2818017559717814	2
QID447	2.8436343825735664	1
QID448	3.811806070000359	1
QID449	4.111657849230092	1
QID450	3.061752848587122	1
QID451	1.3897870867308906	1
QID452	0.841573473943334	2
QID453	1.9218850603985336	1
QID454	2.387044844141692	1
QID455	2.7492216768506195	1
QID456	0.3788064946370592	1
QID457	0.1933361514477216	1
QID458	2.360889320252645	1
QID459	1.670470554001018	2
QID460	2.4088973870112	1
QID461	1.3924817275700296	1
QID462	12.648959015043745	2
QID463	9.902123339436926	2
QID464	2.231160578647005	1
QID465	2.4549476148683644	1
QID466	8.404895218503556	1
QID467	2.0749485155442766	1
QID468	1.53926578189872	1
QID469	15.162442096497704	5
QID470	7.862770467688716	1
QID471	7.882659230429222	2
QID472	3.979258089622266	1
QID473	0.3421276333933963	1
QID474	0.04222198582609927	1
QID475	0.4633678772138979	1
QID476	7.518564689131103	4
QID477	0.03865756510062412	1
QID478	3.276219156129496	1
QID479	10.95819297348721	3
QID480	2.9372705996929227	1
QID481	0.10185627233841572	1
QID482	3.770356975495426	1
QID483	3.4636713135620303	2
QID484	5.981664859382132	1
QID485	11.366972830881933	2
QID486	2.0787122701830567	1
QID487	0.6661268919446084	1
QID488	0.27863977376706606	1
QID489	0.459287286054947	1
QID490	5.4585696738074105	1
QID491	2.084180784413782	1
QID492	0.08730449697353225	1
QID493	4.1118787142782685	1
QID494	3.679243224642933	1
QID495	2.8768050681658184	1
QID496	1.4285740803689622	1
QID497	2.825408804186588	2
QID498	2.053670476913404	1
QID499	8.262970967767451	3
QID500	2.7106087742202085	1
QID501	6.399789831615005	1
QID502	1.91762021950676	1
QID503	0.3272528570472983	1
QID504	9.751818269952516	2
QID505	1.2414013818931875	1
QID506	8.282797119581621	1
QID507	0.617672785140878	1
QID508	0.6859399297122952	1
QID509	2.0743848446251096	1
QID510	1.6363539853986542	1
QID511	6.854632663564282	1
QID512	1.38390271625369	1
QID513	2.6462526492095955	2
QID515	12.550068432273545	3
QID516	11.368572596917875	1
QID517	1.0897947214441872	1
QID518	5.807619747496637	2
QID519	4.984841124107471	2
QID520	3.239520186855632	1
QID521	1.8673365547346048	1
QID522	4.54571234403374	1
QID523	1.3623949071503136	1
QID524	1.3775049305440674	2
QID525	5.785211752672494	1
QID526	4.345275060543198	1
QID527	1.8201066487728237	1
QID528	4.013388614412284	1
QID529	0.13755819461599153	1
QID530	5.736642481205491	1
QID531	0.6843387419454199	1
QID532	3.406508732375186	2
QID533	2.3123038545166037	1
QID534	3.4443113698832706	2
QID535	7.358261425823574	2
QID536	6.96993876784409	2
QID537	1.4791326003978154	1
QID538	2.1098512892038905	1
QID539	1.0341314085287543	1
QID540	1.239694460432614	1
QID541	0.1254958784898925	1
QID542	0.6208115967715209	1
QID543	3.782563213070512	1
QID544	0.16368636655688154	1
QID545	0.1021022943144678	1
QID546	0.08088131986268329	1
QID547	0.018593652507576174	1
QID548	0.07009558041144155	1
QID549	3.6102513668338094	2
QID550	2.817978472868752	1
QID551	2.9433364424737216	1
QID552	0.6604271495208484	1
QID553	3.739698178292039	1
QID554	4.320036435711397	1
QID555	1.7235277552504125	1
QID556	2.6341153218416538	1
QID557	0.26191538583323515	1
QID558	0.5026284793525296	1
QID559	1.444674993390208	1
QID560	4.564630418663284	1
QID561	1.444949689483194	1
QID562	1.041605314529229	1
QID563	2.5725518506291585	1
QID564	0.5934703762667229	1
QID565	0.11248902078608657	1
QID566	0.34678965391192323	1
QID567	0.10965559302095504	2
QID568	0.3965702252428047	2
QID569	2.3445534162071366	1
QID570	13.447764837380486	2
QID571	0.5718579015073929	2
QID572	4.047045345226779	1
QID573	0.5737104863085668	1
QID574	4.5887320530562965	2
QID575	2.2215416133521337	2
QID576	9.452781392659936	4
QID577	0.6538036657476621	1
QID578	1.0816119580592272	1
QID579	3.680281565286679	1
QID580	0.1060242832483686	1
QID581	6.640274119640166	1
QID582	0.09137180645776828	1
QID583	7.757878738583225	3
QID584	1.948178088580773	1
QID585	2.7973837706884708	1
QID586	0.4054199791099448	1
QID587	3.2620425562540984	1
QID588	4.8492654802586035	1
QID589	0.8464035528202961	1
QID590	4.193446320799408	1
QID591	11.104343493861187	2
QID592	4.512134690487788	1
QID593	0.8583025694515546	1
QID594	2.505936958002353	1
QID595	4.271071067492168	1
QID596	1.688910565024145	1
QID597	2.2382856085959046	1
QID598	0.65514688287554	1
QID599	3.3513270380850644	2
QID600	4.883797705187882	2
QID601	1.8100475945859136	1
QID602	5.512338207095586	1
QID603	2.6688787969246595	1
QID604	1.5394635512887471	1
QID605	1.7697729892629972	1
QID606	3.283631034798844	1
QID607	3.201606461390845	1
QID608	2.6081446868383398	1
QID609	4.205767473628912	1
QID610	8.517639497143401	1
QID611	1.8536944866732856	1
QID612	2.3137579493100344	1
QID613	1.9760715985376027	1
QID614	7.700014877061847	2
QID615	8.554019259217567	1
QID616	0.2587802063922733	1
QID617	1.5314010451757538	1
QID618	8.211673829847545	1
QID619	0.6099224996141734	1
QID620	8.492413061851972	1
QID621	4.939621151604143	3
QID622	6.408949827980663	1
QID623	5.432040361817206	2
QID624	7.3447787319847855	1
QID625	9.072760186727676	2
QID626	5.222756933658308	1
QID627	4.149578897186089	1
QID628	4.742235334611128	1
QID629	0.7510299425163544	1
QID630	10.191979379594267	1
QID631	1.0659201077799128	1
QID632	3.4850376843553703	1
QID633	0.7495742962816533	1
QID634	0.1651401525588183	1
QID635	0.14391643015120822	1
QID636	3.9359368426467047	1
QID637	1.3717081807588878	1
QID638	8.897319938866449	1
QID639	0.13379257314683055	1
QID640	4.779372040729759	4
QID641	1.2452193468149504	1
QID642	4.928928593687236	1
QID643	0.696697985115035	1
QID644	2.485023185328144	1
QID645	3.250670893643924	1
QID646	3.3142385011618014	1
QID647	0.6505205702677107	1
QID648	0.6388071894834517	1
QID649	1.4425635376057997	1
QID650	1.3094645904892794	1
QID651	3.685009306937511	1
QID652	2.2540454854325227	1
QID653	1.5170944280692142	1
QID654	1.5341911525739542	1
QID655	2.535293805125101	2
QID656	4.931845649915097	1
QID657	3.0571977566287987	1
QID658	3.0167635309366307	1
QID659	1.9975150375527009	1
QID660	3.482745894100406	2
QID661	1.0516057487244477	1
QID662	0.4644097322997821	1
QID663	6.954815865944536	1
QID664	0.26725911152898524	1
QID665	0.8102608227056577	1
QID666	1.0520390776209487	1
QID667	1.6217059654041632	1
QID668	0.3891162219451321	1
QID669	0.5826746295911646	1
QID670	2.3597060461402823	1
QID671	2.70710881017156	1
QID672	4.353789441211236	1
QID673	6.696341567948444	2
QID674	10.24124002169891	2
QID675	1.918997736275756	1
QID676	8.299531281715671	1
QID677	7.467169403748916	2
QID678	0.3217003887290918	1
QID679	7.563762511447513	1
QID680	0.26876416040669404	1
QID681	3.2857276913502345	1
QID682	5.874205647207887	1
QID683	8.609549854386481	1
QID684	6.7704940721646105	2
QID685	4.0962107460580155	1
QID686	12.85624220763057	1
QID687	9.61072388833384	2
QID688	0.384721995682368	1
QID689	0.7259519732839682	1
QID690	2.56407110475323	2
QID691	2.081080100724205	2
QID693	0.9379457308337452	1
QID694	5.317260351963298	2
QID695	0.2735478182237508	1
QID696	0.005037292229530074	1
QID697	1.4415696743921969	1
QID698	1.370442004369116	1
QID699	2.841298947206917	1
QID700	0.9727154634841746	1
QID701	10.089558193002317	2
QID702	2.3492818104969064	1
QID703	1.1765396213975243	1
QID704	0.02024129165580214	1
QID705	1.3930644455712144	1
QID706	0.8604242556579151	1
QID707	0.0050181444315179746	1
QID708	3.2854460851075498	2
QID709	0.5822748326214721	1
QID710	0.9394518007367648	2
QID711	6.604196341612459	2
QID712	8.584067651389313	1
QID713	0.7034318474183042	1
QID714	3.3760086125791413	2
QID715	3.875960340653304	1
QID716	6.286221847769528	1
QID717	11.862357844142444	3
QID718	4.052191584658931	1
QID719	6.650057301518422	4
QID720	4.076635822331959	1
QID721	0.9112492356968404	1
QID722	7.657185666824052	2
QID723	1.8718905858190893	1
QID724	6.191454079645393	1
QID725	6.281750782632973	3
Q2684	15.345425037729356	1
QID726	8.605032223275135	1
QID727	3.9225901665980465	1
QID728	2.170463305945256	2
QID729	9.53181980766032	1
QID730	1.4537538264218226	1
QID731	6.688083200092969	1
QID732	1.3161780725902514	1
QID733	4.468387086325516	1
QID734	0.3795296119995201	1
QID735	3.4073536172463816	1
QID736	1.646891835648546	1
QID737	3.4415752338258567	1
QID738	7.898683418917606	1
QID739	10.309017614503162	1
QID740	3.1599623360766147	3
QID741	4.746202437592181	1
QID742	1.4784924469934868	1
QID743	2.9614884111517616	1
QID744	2.062924217035308	1
QID745	0.2116606278356445	1
QID746	6.5862961451128985	1
QID747	0.06907981258539654	1
QID748	3.691361097998176	1
QID749	3.6254638955968987	1
QID750	0.614296394099381	1
QID751	1.4153070776564605	1
QID752	3.3460217982886187	2
QID753	6.252972161417498	1
QID754	5.594930114940118	2
QID755	3.11774184309208	1
QID756	7.380890008422448	3
QID757	4.772291747967999	2
QID758	3.4542366661195985	1
QID759	1.0405295875786311	1
QID760	6.0157986422104655	1
QID761	3.272763017502448	1
QID762	0.020329509979964445	1
QID763	0.12502035641420253	1
QID764	2.1101207535793027	1
QID765	3.4886416279081947	1
QID766	3.1021736046699884	1
QID767	1.896688529547988	1
QID768	0.06354964945956679	1
QID769	6.494123893252253	1
QID770	5.3063711688835165	1
QID771	1.8647718958758863	1
QID772	2.9660621692661704	1
QID773	2.661032926710136	1
QID774	5.200957575132378	1
QID775	0.31987043416208355	1
QID776	1.7663688051993196	1
Q2685	6.979947104999678	2
QID777	8.924922436576894	2
QID778	9.391935036353427	1
QID779	2.396551508203803	1
QID780	4.712043477262977	1
QID781	4.7473865407293045	1
QID782	2.4486216334800948	1
QID783	0.9249108685938184	1
QID784	2.568962328931934	2
QID785	9.768074191262988	1
QID786	2.832567389365962	1
QID787	3.842108484743768	2
QID788	1.557499434834094	1
QID789	5.175405348627572	1
QID790	8.15083527344855	1
QID791	2.351499700763985	1
QID792	0.4909839821488579	1
QID793	2.427973429327453	1
QID794	1.5454868679968574	2
QID795	3.868264082230697	1
QID796	2.55219149694572	1
QID797	1.8279619801682032	1
QID798	1.0593280353934624	1
QID799	1.5689880889319108	1
QID800	5.920545415044212	1
QID801	4.055702206377852	1
QID802	1.3232686149746449	1
QID803	6.3650156525386254	1
QID804	6.478944566413817	1
QID805	2.89454118595941	1
QID806	3.532363001963327	1
QID807	6.967065538986592	1
QID808	0.3402722713962791	1
QID809	2.0264703990603805	2
QID810	3.48609733062961	1
QID811	2.132785131571556	1
QID812	3.1851551203913355	1
QID813	6.15132632989367	1
QID814	3.6072816556494773	1
QID815	1.189629814616265	1
QID816	2.790495164914983	1
QID817	6.326056486574362	3
QID818	1.095787493217834	1
QID819	3.933562247918636	1
QID820	9.046749026161693	1
QID821	4.9233414462541205	1
QID822	0.2470056919902988	1
QID823	0.3830470588857149	1
QID824	3.2721994020166214	1
QID825	0.4757101854749782	1
QID826	5.977949508473984	1
QID827	0.4275515230344953	1
Q2686	0.4181137376895119	2
QID828	7.381450561580133	2
QID829	2.763036752828248	1
QID830	8.35266632546752	1
QID831	1.5692419652259044	1
QID832	1.8347346170219496	1
QID833	2.9437735752386605	1
QID834	0.10880628162782208	1
QID835	2.8438165598427907	1
QID836	6.631092162195546	1
QID837	1.3804537703769764	1
QID838	0.2768196121753069	1
QID839	5.104614933445344	2
QID840	2.784447219321628	1
QID841	3.59701037877792	1
QID842	6.383288243084339	1
QID843	0.12361555933180902	1
QID844	8.731914298074217	1
QID845	4.555518649553203	1
QID846	1.1553100579288051	1
QID847	8.58028680650558	1
QID848	5.780572680073759	1
QID849	0.3666285850994895	1
QID850	3.2327411888273585	1
QID851	2.3671189149475764	2
QID852	2.4524759876698847	1
QID853	5.0206289896923115	1
QID854	1.6038205564272685	1
QID855	4.097314351197216	1
QID856	0.012181056370358968	1
QID857	3.0095828604658816	1
QID858	3.0887536507541835	1
QID859	0.5472436158989864	1
QID860	4.783206611400057	2
QID861	2.6383878951505237	2
QID862	2.4153440775676938	2
QID863	1.0013052686972146	1
QID864	5.237891994624446	1
QID865	4.6466312732310575	1
QID866	6.0876326254450985	1
QID867	4.776028899824468	1
QID868	1.8118710407722096	1
QID869	4.402627324343472	1
QID870	2.104082271600151	1
QID871	3.944795219607301	1
QID872	3.0467563961113004	1
QID873	2.7941607168975686	1
QID874	2.1005777708153217	1
QID875	5.582004570349525	1
QID876	1.967877866562776	1
QID877	5.204409173741476	2
QID878	2.7976132806599883	1
QID879	5.941694296026476	1
QID880	6.8561057703618715	1
QID881	0.5510580604265043	1
QID882	5.491231582833615	1
QID883	5.575190311141498	1
QID884	6.181599366206776	1
QID885	4.5847864132412885	2
QID886	3.034170111778415	1
QID887	0.962391884262241	1
QID888	5.2340037241336725	1
QID889	4.374199997486087	1
QID890	2.6151232911281337	1
QID891	3.3816430341414394	1
QID892	6.687367227185595	1
QID893	14.66346429944523	2
QID894	6.206916193062477	1
QID895	1.1588225921780204	1
QID896	3.2921893109307017	2
QID897	1.7769835696166234	1
QID898	5.4715300045132045	1
QID899	3.2529103471143013	1
QID900	1.0436390042906054	1
QID901	0.028913655044183532	1
QID902	7.104710579502269	2
QID903	21.653457336397	2
QID904	4.6698038417552485	2
QID905	2.607159397720093	2
QID906	1.8764064837679453	1
QID907	0.5554740784426705	1
QID908	6.769050413928205	1
QID909	5.790740904063183	3
QID910	5.222751659714788	1
QID911	6.376966195956893	1
QID912	0.2435364187275782	1
QID913	0.6671816555054473	1
QID914	1.0084285060378706	1
QID915	0.0546212503173256	1
QID916	0.8188432937159699	1
QID917	4.325161834709396	1
QID918	1.0319537827782468	1
QID919	2.1841592412876425	2
QID920	5.6798530597940395	1
QID921	1.0221930994247592	1
QID922	5.041081241348229	1
QID923	1.4588995367397533	1
QID924	2.8376870934727125	1
QID925	0.15214691658371685	1
QID926	0.00398037556045815	1
QID927	1.8829307461485405	2
QID928	3.0875103467102383	1
QID929	1.1288554015803491	1
QID2687	1.1288554015803491	1
QID929	1.1288554015803491	1
QID2687	1.1288554015803491	1
QID930	7.43538807602326	1
QID931	8.632067084610055	2
QID932	5.6272120482916375	1
QID933	0.2815908744147067	1
QID934	8.551903922243552	1
QID935	0.7769581298092189	1
QID936	1.993834284081448	1
QID937	0.3118368623985089	2
QID938	3.4442665124853264	1
QID939	4.159687995846443	1
QID940	0.2366374225153171	1
QID941	2.8335524770220286	1
QID942	0.30276039422175416	1
QID943	8.567023232308108	1
QID944	2.098970608569354	1
QID945	5.870452897470614	1
QID946	5.649864506500737	1
QID947	1.2589820892137744	1
QID948	9.183494347232283	1
QID949	4.496360438036074	1
QID950	0.10732089102431627	1
QID951	1.952158504457502	1
QID952	1.730676374232187	1
QID953	1.3236908458934644	1
QID954	0.6947860534462459	1
QID955	1.2645359311001718	2
QID956	4.680975347137502	1
QID957	1.9217840080697792	2
QID958	0.28231373429421946	1
QID959	0.8482584744040571	1
QID960	1.9438616775556268	1
QID961	0.3308209512608393	1
QID962	1.253624729883001	1
QID963	2.843057897116726	1
QID964	0.17337031749120804	1
QID965	7.26502039062642	1
QID966	0.4263542155226245	1
QID967	0.4526559746483355	1
QID968	0.8941630221065019	2
QID969	2.141419309158586	1
QID970	2.720379273536131	1
QID971	2.3517117233625338	1
QID972	6.243626251327728	1
QID973	0.1866178610627334	1
QID974	0.05407524870633666	1
QID975	8.632226213115883	1
QID976	0.5951695348103331	1
QID977	1.4490637931040933	1
QID978	10.747382553316825	2
QID979	9.477646439135194	2
QID980	14.416460025620985	2
QID981	1.4278876761249333	1
QID982	3.4225957614764817	1
QID983	0.03192955649349432	1
QID984	4.069534736475447	1
QID985	1.5592494637366685	1
QID986	0.004663203878028562	1
QID987	7.403640617680975	2
QID988	4.780509388923652	1
QID989	3.003164138651353	1
QID990	0.7971642837791268	1
QID991	15.19271503970194	2
QID992	3.88333399490498	1
QID993	5.609230886307543	1
QID994	1.3654637577059754	1
QID995	3.938953964108448	2
QID996	3.5621901837980188	1
QID997	11.770211516548764	1
QID998	4.2168998242965845	2
QID999	1.849328860284725	1
QID1000	1.6011078781719532	1
QID1001	2.9179442989824733	1
QID1002	0.5746570471695871	1
QID1003	0.9626042343212132	1
QID1004	7.900857552822718	1
QID1005	0.05588596885238635	1
QID1006	0.2553102860916272	2
QID1007	8.769554554065003	2
QID1008	7.833707801729307	1
QID1009	3.6710900322469344	1
QID1010	1.270901776018993	1
QID1011	2.8253256839162373	1
QID1012	1.4286105452715667	1
QID1013	0.6324522537211626	1
QID1014	2.1816017651512225	1
QID1015	2.5774994149311627	1
QID1016	5.852926468279041	1
QID1017	0.4987801248296719	1
QID1018	3.1596687808986434	1
QID1019	2.4548235770212203	1
QID1020	6.071923033000988	2
QID1021	0.9784088250140496	2
QID1022	0.3961482423956197	1
QID1023	0.09244843399377824	1
QID1024	3.24530922318845	1
QID1025	1.2449593300624913	1
Q2688	0.6991876263266932	2
QID1026	9.689897182847783	1
QID1027	0.9778757575485614	1
QID1028	4.025703609048452	1
QID1029	4.853729830956666	2
QID1030	0.9713353391365736	1
QID1031	1.1454767519252766	1
QID1032	8.241458292995857	1
QID1033	2.7092018205893824	1
QID1034	1.9028643208051608	1
QID1035	4.013555111406023	1
QID1036	1.148802734331127	1
QID1037	6.988920713792466	2
QID1038	5.671536758485553	1
QID1039	6.711520041090788	1
QID1040	0.1715681647207509	1
QID1041	3.921969016288735	2
QID1042	3.3124728038476454	1
QID1043	0.5133047548490072	1
QID1044	1.7046882893646376	1
QID1045	8.535366440569923	2
QID1046	4.196172675288657	2
QID1047	11.645581995108927	1
QID1048	4.189710335698878	1
QID1049	8.054587753449722	3
QID1050	2.053944188165248	2
QID1051	4.097724924892993	1
QID1052	1.4566038008842004	1
QID1053	3.0689565096653233	1
QID1054	3.8110062704987615	1
QID1055	1.22804173032198	1
QID1056	1.336032836929701	2
QID1057	3.985848409482037	1
QID1058	4.337845772592591	1
QID1059	1.1645901405294061	1
QID1060	1.475656900134154	1
QID1061	2.775125803492746	1
QID1062	1.3945059442559478	1
QID1063	1.6637367000938248	1
QID1064	8.304808507543706	1
QID1065	5.219263755214381	1
QID1066	2.854480490145537	2
QID1067	10.129811009835633	1
QID1068	0.08763818048827103	1
QID1069	2.5797157446030674	2
QID1070	1.6590817263969269	1
QID1071	1.6628481795603292	1
QID1072	0.905222281707458	1
QID1073	3.5701115644084718	2
QID1074	3.3506518189673056	2
QID1075	11.80408094948558	2
QID1076	0.8382517048332954	1
QID1077	5.386846793529377	1
QID1078	0.005871895239812222	1
QID1079	3.768218125779105	1
QID1080	0.090096305031864	1
QID1081	1.228189785254005	1
QID1082	9.8441574682818	1
QID1083	3.357448572356476	1
QID1084	5.600214230400763	1
QID1085	9.612371851045072	2
QID1086	5.713430065986303	1
QID1087	2.064702157495536	1
QID1088	5.459404875785958	1
QID1089	0.9972475778788552	1
QID1090	0.5139416854897869	1
QID1091	4.021563355448999	1
QID1092	3.93713384300071	2
QID1093	2.4515634197354235	1
QID1094	6.49490601073032	1
QID1095	1.3560894551613782	1
QID1096	3.5879906278631464	1
QID1097	3.2373093181567314	1
QID1098	0.1305347812574168	1
QID1099	4.1223695148878186	1
QID1100	5.242225928645402	1
QID1101	4.365589215024784	1
QID1102	0.20001746454207356	1
QID1103	5.627607874507244	2
QID1104	1.5325325486172658	1
QID1105	0.9677029071142328	1
QID1106	1.9359376936186252	1
QID1107	7.1143790279576615	1
QID1108	1.1341051061946967	1
QID1109	0.8087495317930166	1
QID1110	5.415809558440701	1
QID1111	5.070443211152613	1
QID1112	4.887474010107645	1
QID1113	1.1624216162592762	1
QID1114	7.35563746368264	1
QID1115	2.4686087623418964	1
QID1116	2.2711670553411736	1
QID1117	2.241193815819059	1
QID1118	0.23527233701333436	1
QID1119	1.2796605577373996	1
QID1120	2.0528181681808912	1
QID1121	1.5293489118198238	2
QID1122	2.996166533421205	1
QID1123	12.151841559017939	1
QID1124	7.089478515766191	1
QID1125	0.5622142717678402	1
QID1126	0.4425891421710774	1
QID1127	5.285457607691146	2
QID1128	3.565843485080189	1
QID1129	6.053098717943128	1
QID1130	2.4577025766949485	1
QID1131	11.943798795668366	2
QID1132	2.724249373728054	2
QID1133	6.9360154633969975	1
QID1134	6.564349369313973	1
QID1135	11.489993562218011	1
QID1136	4.315367237074889	1
QID1137	1.5380491514348125	1
QID1138	5.634561780524429	1
QID1139	1.5261666197761308	1
QID1140	0.9566607413237648	1
QID1141	1.8318510164458977	1
QID1142	5.146180332285609	3
QID1143	0.9896140129648371	1
QID1144	0.3033475883486817	1
QID1145	2.2898845050687813	1
QID1146	7.8998945544790375	2
QID1147	6.028108544956924	3
QID1148	2.7931930800817932	1
QID1149	7.596714749340414	1
QID1150	3.9779938457238297	1
QID1151	9.808829447088216	3
QID1152	1.1627194881004421	1
QID1153	2.44575561743887	1
QID1154	10.287075378571872	1
QID1155	0.5893434938588054	1
QID1156	13.618097462763222	2
QID1157	3.1149617516410912	1
QID1158	4.346210714218493	1
QID1159	3.8216096694140496	1
QID1160	1.8397061484358648	1
QID1161	2.547192458282341	1
QID1162	6.453619784306631	1
QID1163	1.4951576978190455	1
QID1164	6.4564001068064005	1
QID1165	0.6813890695893899	1
QID1166	0.12389696879971487	1
QID1167	12.014575316248596	1
QID1168	4.444635803746293	2
QID1169	2.709415087858146	1
QID1170	11.395477316212375	1
QID1171	3.984016866776986	1
QID1172	6.980389704581772	1
QID1173	1.364921643839612	1
QID1174	0.1870817860861426	1
QID1175	6.6800887708042564	1
QID1176	6.886105386633461	1
QID1177	5.926023450843835	1
QID1178	1.4953021719862698	1
QID1179	0.02092778754939533	1
QID1180	8.56599561562719	1
QID1181	3.72683346495842	1
QID1182	2.082986875601987	1
QID1183	0.6524550728146945	2
QID1184	1.5699972576215977	1
QID1185	10.865145194205406	1
QID1186	4.74677554269801	1
QID1187	6.841737420288074	1
QID1188	4.153976980352103	1
QID1189	6.3295201234056755	1
QID1190	0.5408945301301012	1
QID1191	4.738375258779814	1
QID1192	2.9686087408383512	1
QID1193	2.540119550057013	1
QID1194	13.823581262213896	1
QID1195	8.81253384251227	1
QID1196	1.3105975869487896	1
QID1197	1.033520355868923	1
QID1198	10.758267787360813	1
QID1199	5.228774389449446	2
QID1200	2.1076203555906017	1
QID1201	0.7577905600394301	1
QID1202	6.338908646809503	1
QID1203	3.064601420239672	1
QID1204	3.74557982575976	1
QID1205	3.2530583376898288	1
QID1206	5.208142316816089	1
QID1207	4.6877184800566605	1
QID1208	1.4382024006051446	1
QID1209	0.4632983883128685	1
QID1210	7.452845958469148	1
QID1211	1.5582092573529065	1
QID1212	2.3915063499466083	2
QID1213	6.828550006789023	1
QID1214	0.6660491095458949	1
QID1215	1.6028298940857069	2
QID1216	3.5403199649074164	1
QID1217	2.5912199506616806	1
QID1218	2.008967258040657	1
QID1219	14.020912743334684	1
QID1220	5.83971157262317	1
QID1221	5.95989983740854	1
QID1222	10.154523145631462	1
QID1223	0.8370901914413019	1
QID1224	8.879635317407917	1
QID1225	2.356712855026787	1
QID1226	5.854093211118553	1
QID1227	3.520823514611277	1
QID1228	2.8573314871304163	1
QID1229	2.4029817671914278	1
QID1230	3.4158665006127213	1
QID1231	1.633680797829504	1
QID1232	4.169976303497148	1
QID1233	3.5698513407459886	1
QID1234	0.0922009389136976	1
QID1235	2.023724252738109	1
QID1236	2.275228618106484	1
QID1237	0.10990402352828492	1
QID1238	1.6313405372318417	2
QID1239	4.257319990248016	1
QID1240	2.5401894578966213	1
QID1241	5.894122751117938	1
QID1242	1.2675333589702196	1
QID1243	2.99323792563401	1
QID1244	5.960559586065897	1
QID1245	2.6203790835647482	1
QID1246	1.8214065161698776	1
QID1247	1.5055691971840832	1
QID1248	1.182830571752446	1
QID1249	10.339960797262675	1
QID1250	3.2213711960561917	1
QID1251	2.6013316424172266	1
QID1252	0.0075116720616989876	1
QID1253	0.024454886740128454	2
QID1254	0.007122917639549468	1
QID1255	1.7157243777682554	1
QID1256	4.588965519468372	1
QID1257	5.520227975879843	2
QID1258	4.414853783915227	1
QID1259	0.9128344590179616	1
QID1260	2.7151003673015435	1
QID1261	0.12558498590757625	2
Q2689	0.197337423191454	2
QID1262	11.574216381848082	2
QID1263	7.698942308555147	1
QID1264	1.048936568167481	1
QID1265	6.232730686972582	1
QID1266	11.904984544444174	4
QID1267	10.102440280897843	1
QID1268	1.9539103629008705	1
QID1269	3.1156200364761726	1
QID1270	1.4651463313538926	2
QID1271	3.9253412572851056	1
QID1272	1.1674787401021094	1
QID1273	14.2948270040007	1
QID1274	0.08304764705313859	1
QID1275	4.4629343146504885	1
QID1276	3.4630804813459566	1
QID1277	4.255581886102261	1
QID1278	1.3115529458608233	1
QID1279	6.615413070635138	1
QID1280	4.918370497983291	1
QID1281	3.6668300771022513	1
QID1282	3.291786945538664	1
QID1283	4.120495659075368	1
QID1284	0.7939641689279006	1
QID1285	3.8751396799784916	2
QID1286	9.483307299743254	2
QID1287	12.503232480091931	2
QID1288	0.2258184869071362	1
QID1289	4.031952014286879	1
QID1290	12.855729426686803	3
QID1291	2.060781287075338	1
QID1292	7.0793542823550215	1
QID1293	4.374791791664139	1
QID1294	4.2695452144956585	1
QID1295	3.5788064737228598	2
QID1296	2.4070887979625026	1
QID1297	2.3671871186057416	1
QID1298	2.040488664647905	1
QID1299	3.0182227920012568	1
QID1300	2.7456074795635224	1
QID1301	3.942323650169529	2
QID1302	0.5405835860280432	1
QID1303	6.080670624389996	1
QID1304	5.4997670277258415	1
QID1305	2.9843308760988347	2
QID1306	4.8576183458034805	1
QID1307	2.536603799703934	1
Q2690	2.542027014985103	2
QID1308	6.040795152605712	1
QID1309	9.470826000073307	1
QID1310	6.166913850910945	1
QID1311	0.16020395333113524	1
QID1312	0.3327625613564544	1
QID1313	4.052107473659018	1
QID1314	1.486862656049085	1
QID1315	1.6305057432563168	1
QID1316	12.602855951332796	2
QID1317	7.123572613499007	1
QID1318	6.2680414038281285	1
QID1319	2.1077085515569216	1
QID1320	2.9440377853498148	1
QID1321	6.155432156483807	1
QID1322	5.5798066654177045	1
QID1323	4.0584439357766895	1
QID1324	0.5621187565444565	1
QID1325	1.8835518257695865	1
QID1326	4.485189981285206	1
QID1327	0.27577406332439003	1
QID1328	4.301943258581675	2
QID1329	1.8011306508443754	1
QID1330	9.644776574714239	1
QID1331	2.780504331463576	1
QID1332	8.039093212230632	3
QID1333	1.8570147479222257	1
QID1334	1.7261148743027714	1
QID1335	5.863833088481179	1
QID1336	0.08400360380993056	1
QID1337	8.791598751217062	1
QID1338	0.4782469338284808	1
QID1339	5.88532839219013	1
QID1340	0.21613301621272726	1
QID1341	2.7702832753625732	1
QID1342	1.8302693797884109	1
QID1343	3.5240454624808826	1
QID1344	0.6014178492609742	1
QID1345	2.6840665157622756	1
QID1346	0.4211631662130308	1
QID1347	4.634737026830446	1
QID1348	20.3391383544109	5
QID1349	0.5885576152837574	1
QID1350	8.32147712650594	2
QID1351	11.363578807363336	2
QID1352	0.12103242224834312	2
QID1353	9.452168717372585	2
QID1354	1.1550306713958114	1
QID1355	6.324208851220463	1
QID1356	0.9986475656617833	1
QID1357	9.001703704265365	2
QID1358	1.202828389444113	1
QID1359	0.5861229810112836	1
QID1360	7.740766977665152	1
QID1361	2.6042383520426515	1
QID1362	12.549492618487756	1
QID1363	5.580763627787429	2
QID1364	4.380756670452471	1
QID1365	4.0268720619283815	1
QID1366	13.431496349919527	2
QID1367	1.7994823047511304	1
QID1368	4.2218981070770765	1
QID1369	2.9703767348816363	1
QID1370	0.578651896252669	1
QID1371	0.8961934918812291	2
QID1372	3.909302393286045	1
QID1373	1.5161863624781329	1
QID1374	4.07223923287305	1
QID1375	4.367538993290608	1
QID1376	1.7538718184652842	1
QID1377	3.806013514130026	1
QID1378	1.8178012431960804	1
QID1379	2.371824060721317	1
QID1380	6.6622329016397925	1
QID1381	1.9332356893319973	1
QID1382	5.7188038178283085	1
QID1383	1.0742514668591672	1
QID1384	0.5376375496146848	1
QID1385	4.393923463953375	1
QID1386	3.3673089890239503	1
QID1387	1.2229820282421515	1
QID1388	0.10372480183401513	1
QID1389	1.811581914278335	1
QID1390	4.878937362782441	1
QID1391	0.8897040098952157	1
QID1392	0.8645429324559935	2
QID1393	4.470972724083729	1
QID1394	2.7030803122945977	1
QID1395	4.121267828854856	2
QID1396	1.8564727805316923	1
QID1397	0.4096916017825504	2
QID1398	6.902740434477319	1
QID1399	5.072658293578686	1
QID1400	6.2244090469564926	1
QID1401	2.318201838683485	1
QID1402	1.9076012720569573	1
QID1403	2.3835286821280177	1
QID1404	3.3126862905984886	1
QID1405	6.890738347451588	1
QID1406	2.369119851324912	1
QID1407	3.184091401847001	1
QID1408	6.88032730157243	1
QID1409	0.3697542150589582	1
QID1410	4.716816652275623	1
QID1411	3.970383394101256	2
QID1412	3.867246635455672	1
QID1413	0.4595087730113946	1
QID1414	5.012563631342053	2
QID1415	5.999164034554191	2
QID1416	2.665672723962026	1
QID1417	7.343798152961592	2
QID1418	1.8286562531231232	1
QID1419	0.3357280823165321	1
QID1420	5.066392980905023	1
QID1421	0.7904105548677658	1
QID1422	11.261531781276949	1
QID1423	5.0342615762116365	1
QID1424	1.45852376504047	1
QID1425	2.981493912776892	1
QID1426	0.6722261979585845	1
QID1427	1.334482957188126	1
QID1428	5.112659003085866	1
QID1429	3.8281413831606126	1
QID1430	0.3973134474936324	1
QID1431	4.1080777795578305	1
QID1432	2.5223765091279247	1
QID1433	0.2046913446274173	1
QID1434	2.368834593185504	1
QID1435	1.933538546683658	1
QID1436	6.101736661842708	1
QID1437	4.7892790763322735	1
QID1438	0.348657286681249	1
QID1439	1.6289356331489877	1
QID1440	0.7963786879653358	1
QID1441	0.034079323377735934	1
Q2691	0.9109380022988236	2
QID1442	9.217705378690663	1
QID1443	7.88950381823411	1
QID1444	3.0904562102266984	1
QID1445	7.576971096218275	1
QID1446	0.553651554711033	2
QID1447	4.78002555052109	1
QID1448	8.772299141192082	1
QID1449	3.4003446694640536	1
QID1450	6.6273195902110675	1
QID1451	1.1592085615587528	1
QID1452	6.318598438560878	1
QID1453	0.4936785725073226	1
QID1454	2.8138757418574882	1
QID1455	2.162959000469594	1
QID1456	0.00556946956702587	1
QID1457	8.664400520016407	1
QID1458	4.124106912608443	1
QID1459	1.9507780861589763	2
QID1460	3.83288386743912	4
QID1461	0.4365808502058666	1
QID1462	4.294490328305685	3
QID1463	4.279245571131372	1
QID1464	1.0273985735329834	1
QID1465	3.1447013444691434	1
QID1466	3.3510680109454625	1
QID1467	2.9533245361724787	1
QID1468	3.2589201704435453	2
QID1469	0.8681556170451608	1
QID1470	3.7263286761027854	1
QID1471	6.652755160366602	1
QID1472	0.3766104532317547	1
QID1473	4.7220232792638805	1
QID1474	0.059272357613828236	1
QID1475	2.8099717450646087	1
QID1476	3.4570918105435786	1
QID1477	5.185748099958929	2
QID1478	0.6942576841402878	1
QID1479	7.508242192341375	1
QID1480	3.193714255374452	1
QID1481	0.9699256561295976	1
QID1482	11.114611385810713	1
QID1483	4.077002088729772	1
QID1484	6.986602119287532	1
QID1485	1.0662759842233849	2
QID1486	1.3290293418277697	1
QID1487	4.386774119412867	1
QID1488	3.419028974991863	1
QID1489	5.029963492752519	1
QID1490	5.0846919395375485	1
QID1491	4.926335557292525	1
QID1492	2.4194673905929296	1
QID1493	3.362470155389024	1
QID1494	2.502594262430069	1
QID1495	0.6890258800421036	2
QID1496	3.6603953471321615	1
QID1497	4.903208254738857	1
QID1498	1.64586464362868	2
QID1499	1.5727669682508427	1
QID1500	0.5369337980566773	1
QID1501	4.4257126265066455	1
QID1502	0.07717386694108408	1
QID1503	1.0075680458766043	2
QID1504	4.7753390881031335	1
QID1505	1.6294451198824251	1
QID1506	1.5876242907079412	1
QID1507	9.583200301332885	1
QID1508	4.802270893249627	1
QID1509	2.99280917008098	1
QID1510	0.8189259934315121	1
QID1511	0.3373382789490458	1
QID1512	0.13408467870034066	1
QID1513	2.8572363109721297	1
QID1514	4.204908147485783	1
QID1515	7.481708987811079	1
QID1516	0.007114445581083173	1
QID1517	2.0561722285874424	1
QID1518	8.20106411060964	1
QID1519	1.523255497072525	1
QID1520	4.555820484300254	3
QID1521	0.006632091316841435	1
QID1522	2.8101027004838124	1
QID1523	3.6939511640265317	1
QID1524	6.569886495457755	1
QID1525	0.8334464797674638	1
QID1526	1.4567951969157498	1
QID1527	0.253394135944599	1
QID1528	0.7518147336607901	2
QID1529	7.518263468900626	1
QID1530	1.8475713076675195	1
QID1531	7.82151217875516	1
QID1532	0.9651108843079584	1
QID1533	1.9809381408520037	1
QID1534	4.941164187289671	1
QID1535	1.1656972378432569	1
QID1536	1.8841917199949725	2
QID1537	3.8459853660446184	1
QID1538	7.578538862512041	1
QID1539	0.990464515542274	1
QID1540	10.399235085845117	1
QID1541	2.866724304329776	1
QID1542	0.8276773258237874	1
QID1543	4.765456762899587	1
QID1544	3.5242526838620605	1
QID1545	0.4885229759051581	1
QID1546	2.1452537856582468	1
QID1547	0.5897233297008356	1
QID1548	2.3628086423407155	1
QID1549	2.1751821547827936	2
QID1550	3.82678636398875	1
QID1551	5.959617127052804	1
QID1552	3.5574941722712023	1
QID1553	4.081478265374652	1
QID1554	2.4409746496948346	1
QID1555	2.508752226551529	1
QID1556	5.349851736521571	2
QID1557	0.08163380549761245	1
QID1558	3.0700366299157102	2
QID1559	4.655565146909064	1
QID1560	1.221892584277534	1
QID1561	7.926327132882802	1
QID1562	1.4957587952335003	1
QID1563	4.757512740566281	2
QID1564	4.146851629611826	1
QID1565	3.706762539709052	1
QID1566	0.031353472194379194	1
QID1567	2.470465919686044	1
QID1568	0.9111157193547283	1
QID1569	1.1956948388066826	1
QID1570	1.238242220830314	1
Q2692	7.427060957423339	2
QID1571	9.167060497928588	1
QID1572	13.944746520093734	2
QID1573	9.572063453262428	2
QID1574	9.073853960080434	3
QID1575	2.846877938459301	1
QID1576	3.9747231992364367	1
QID1577	3.6595876150325632	1
QID1578	1.1725559787126936	1
QID1579	2.5777000964293264	1
QID1580	3.09607388607161	1
QID1581	1.2479311733970868	1
QID1582	0.2097827719474351	1
QID1583	0.6289726892284672	1
QID1584	2.0439941310369893	1
QID1585	3.632202469716988	1
QID1586	2.1016456828463594	1
QID1587	8.19861044201002	1
QID1588	0.013964505730035505	1
QID1589	0.011237646047747057	1
QID1590	2.6930436823858237	1
QID1591	14.375056386780466	3
QID1592	4.139683094336058	1
QID1593	8.867224920422947	3
QID1594	3.3473282535826767	2
QID1595	1.3197248265374684	1
QID1596	6.4579347076713285	1
QID1597	5.476173451123091	3
QID1598	3.5204390320816534	1
QID1599	7.031345239082421	1
QID1600	1.4824856723248552	1
QID1601	3.2151318846855013	1
QID1602	2.4462358720652326	1
QID1603	0.9249854663855662	1
QID1604	1.7411348328494958	1
QID1605	1.1146430826516196	1
QID1606	0.09805211711777156	1
QID1607	0.0037112639550510133	1
QID1608	1.7083267503109203	1
QID1609	2.201110113432796	1
QID1610	2.3972872263326086	1
QID1611	1.8167307527848917	1
Q2693	10.960200047971098	2
QID1612	12.700526895697626	2
QID1613	2.8660896116767027	1
QID1614	9.985651609903217	3
QID1615	3.1036475370038703	1
QID1616	4.69260380669241	1
QID1617	0.0502719398785504	1
QID1618	0.02864176262162285	1
QID1619	5.063166782773352	1
QID1620	5.012178078137073	2
QID1621	5.60461591617617	2
QID1622	0.3957566393184976	1
QID1623	3.7725004825985473	1
QID1624	0.9172537692643558	1
QID1625	5.691078576004447	1
QID1626	2.7885825193075444	1
QID1627	4.323109035099506	3
QID1628	6.221526802467	2
QID1629	3.6247884187858452	1
QID1630	6.309544512588386	1
QID1631	3.87233642820974	1
QID1632	2.6694022701884923	1
QID1633	1.1891505262668478	2
QID1634	5.309352598493307	1
QID1635	0.8111491315085495	1
QID1636	4.3173968111900045	1
QID1637	0.5932391601675183	1
QID1638	5.641394577467338	1
QID1639	0.7028826095824627	1
QID1640	0.8158848828079265	2
QID1641	0.4820257597125483	1
QID1642	3.2078614263306866	2
QID1643	0.8990532809026518	1
QID1644	3.07173571318097	1
QID1645	4.331643432277351	1
QID1646	0.7544961648540869	1
QID1647	2.975331550199161	1
QID1648	8.552481402315236	2
QID1649	5.665752300952541	2
QID1650	0.07910793442906287	2
QID1651	2.224318116650076	1
QID1652	6.197825423240838	2
Q2694	2.330269255046702	2
QID1653	3.94493709772273	3
QID1654	7.755701355614148	1
QID1655	4.564987441283366	1
QID1656	1.4713017089324922	1
QID1657	1.6403089136298556	1
QID1658	7.945538849129075	2
QID1659	2.1024138211181644	1
QID1660	8.119728059307528	1
QID1661	4.597768992902153	1
QID1662	2.5117477848604466	1
QID1663	1.0467260883239498	1
QID1664	6.5827100474721325	1
QID1665	0.3998683946822848	1
QID1666	1.157941206693727	1
QID1667	0.015356466137674288	1
QID1668	2.829510725307768	2
QID1669	1.0221410436971168	1
QID1670	0.07027251758745467	1
QID1671	0.09930318006842782	1
QID1672	0.3065749022332803	1
QID1673	0.4235466977236903	2
QID1674	7.823375543835382	1
QID1675	0.38367842639065297	2
QID1676	1.9418163945205773	1
QID1677	7.911895455729147	1
QID1678	7.943434465632509	3
QID1679	3.3168052855627503	1
QID1680	3.8213044324108925	1
QID1681	0.10946503080474844	1
QID1682	2.9702933419477677	2
QID1683	5.6101855169063	2
QID1684	7.571881200694441	1
QID1685	3.0642770386078086	1
QID1686	0.3395617209063257	1
QID1687	2.2722505709801726	1
QID1688	2.3840153687001058	1
QID1689	3.988897605973679	1
QID1690	1.5770890504285962	1
QID1691	1.5651781328736103	1
QID1692	3.2885049090794016	2
QID1693	11.811779946459934	2
QID1694	6.5641960005697335	1
QID1695	1.5081672271300088	1
QID1696	9.529085515795156	2
QID1697	5.578729746968808	1
QID1698	0.16851067892227958	1
QID1699	0.5086127471561049	1
QID1700	3.459180758068766	1
QID1701	0.9550726485568892	1
QID1702	10.71730768592218	3
QID1703	10.275284038037752	3
QID1704	8.835482939496716	1
QID1705	0.13787704954625615	1
QID1706	3.8391815966179	1
QID1707	3.4064733508814564	1
QID1708	0.7074286750989862	1
QID1709	0.01875633543563885	1
QID1710	11.539419079137087	1
QID1711	1.1333013801977516	1
QID1712	1.587255993330057	1
QID1713	2.146112875699939	1
QID1714	3.5592840738371967	1
QID1715	3.1901366324473823	1
QID1716	9.301251778263481	2
QID1717	2.5721639136409347	1
QID1718	1.1462054301078708	1
QID1719	1.2198162603112064	1
QID1720	3.825123247207965	1
QID1721	6.1710031255486415	1
QID1722	10.522687689629524	1
QID1723	0.1734439870636664	1
QID1724	0.9218968788820914	1
QID1725	2.8992874325412537	1
QID1726	1.159312181676845	1
QID1727	3.3475919377637657	1
QID1728	2.265252099909868	2
QID1729	13.195001093293069	2
QID1730	7.607880173028207	1
QID1731	1.4371150376694108	2
Q2695	7.4977562076758	2
QID1732	11.144689167995102	1
QID1733	4.172761990900802	1
QID1734	4.978408680940512	1
QID1735	4.5524391455790045	1
QID1736	0.036804310878416915	1
QID1737	10.221265969649343	2
QID1738	4.134209376477213	1
QID1739	8.142643831850531	1
QID1740	1.844082659048748	1
QID1741	0.0615585359708658	1
QID1742	2.7073640503783483	2
QID1743	3.008012363085222	1
QID1744	8.31747858343327	1
QID1745	3.102890016574876	1
QID1746	0.6779986570351839	1
QID1747	5.915059209211833	2
QID1748	3.228009736530153	1
QID1749	1.3016951592400579	1
QID1750	2.2985614281333486	1
QID1751	8.619261757508728	1
QID1752	0.029668818603250137	1
QID1753	3.6957314300769197	1
QID1754	4.757191363365095	1
QID1756	6.146877994571228	1
QID1757	1.4021913843200828	1
QID1758	6.805380139548388	2
QID1759	2.9644230430288143	1
QID1760	5.600830383639363	1
QID1761	1.525239202117115	1
QID1762	5.276375600003107	1
QID1763	5.958983873838477	1
QID1764	3.205468745266579	1
QID1765	5.125453758356321	1
QID1766	0.34051835293241284	1
QID1767	0.2773743917646993	1
QID1768	0.1475932888663107	1
QID1769	6.6828380610369775	1
Q2696	0.3488684866640666	1
QID1770	8.742833847188582	1
QID1771	10.167693358432514	1
QID1772	10.415564067272888	1
QID1773	1.4315659352142376	1
QID1774	6.9227610496442065	1
QID1775	2.5546211376299905	1
QID1776	2.9284200558036177	2
QID1777	1.0611321275372851	1
QID1778	1.802649593404512	1
QID1779	8.119931980731751	3
QID1780	0.5847644224304094	1
QID1781	1.3645664589615014	1
QID1782	5.673303549804468	2
QID1783	5.783286855973818	1
QID1784	1.739864595853279	1
QID1785	5.641513123929727	1
QID1786	0.004387585193315597	1
QID1787	7.781827580642663	1
QID1788	0.9874759895907708	1
QID1789	1.10959275783003	1
QID1790	4.630389327491842	1
QID1791	2.0477177546790597	1
QID1792	1.6745035169321725	1
QID1793	7.682367835334089	1
QID1794	0.3216088983961313	1
QID1795	0.4689553519060006	1
QID1796	1.8598242664797064	1
QID1797	0.9569225374687692	1
QID1798	8.865316379669132	1
QID1799	6.568454677926039	1
QID1800	0.6217471575140681	1
QID1801	0.9469955284326136	1
QID1802	5.1364708357286535	1
QID1803	4.735752699433072	1
QID1804	1.7192992455285918	1
QID1805	0.008826686005438905	1
QID1806	0.12571096398116846	1
QID1807	0.490851043641258	2
QID1808	5.478506956715356	1
QID1809	5.183854551433262	1
QID1810	7.279715069172099	1
QID1811	3.4221479835113247	1
QID1812	1.4068211045442314	1
QID1813	4.319790032777061	1
QID1814	0.4035596190840852	1
QID1815	3.35414904480273	1
QID1816	8.270229674376317	1
QID1817	8.607029036828951	1
QID1818	6.4705615075889025	1
QID1819	1.8132309324102176	1
QID1820	13.679539524663602	1
QID1821	1.9938464213242253	1
QID1822	3.806593247623392	1
QID1823	0.3126824660270832	1
QID1824	3.4162170801152114	2
QID1825	2.5120217035220542	1
QID1826	2.1392199528312488	1
QID1827	3.4843105512986767	1
QID1828	2.740088739409145	1
QID1829	1.0211212209710965	1
QID1830	0.011682109207282744	1
QID1831	4.816869195082722	1
QID1832	0.2710219632874881	1
QID1833	8.496261588887746	1
QID1834	3.632064094673988	1
QID1835	1.2579211480622314	1
QID1836	1.276253069151131	1
QID1837	3.0161114778295097	1
QID1838	5.249061625216275	1
QID1839	0.016551324936009578	1
QID1840	3.8970527349390216	1
QID1841	1.5657406774308134	2
QID1842	1.0692940697329298	1
QID1843	8.236394782181161	1
QID1844	2.913366773586988	1
QID1845	0.7374879971225049	1
QID1846	3.2413668793948913	2
QID1847	3.8700711900965516	1
QID1848	4.924799042692624	1
QID1849	10.297262070936359	1
QID1850	3.169833252003312	1
QID1851	4.43813218648871	1
QID1852	3.3254284893974737	1
QID1853	5.3679620194950495	1
QID1854	0.9067220770142536	1
QID1855	3.002703852042017	1
QID1856	1.0158980018006167	1
QID1857	0.41071178258485896	1
QID1858	1.5309422591677486	1
QID1859	7.492419795697169	2
QID1860	0.6308076218099221	1
QID1861	3.246508121990675	1
QID1862	10.177458041898095	1
QID1863	1.5883031123235054	1
QID1864	8.071495184053184	2
QID1865	2.912424951797895	1
QID1866	3.2435417646780986	1
QID1867	1.8050022337752905	1
QID1868	3.123319840480012	1
QID1869	3.3865819789295597	2
QID1870	8.341175821051893	1
QID1871	2.3037203392309706	1
QID1872	10.257629729242874	2
QID1873	4.988344036860131	1
QID1874	0.3746784781269748	1
QID1875	6.455394465109228	1
QID1876	2.1153302540123216	2
QID1877	3.3479822419570846	1
QID1878	0.4207648567742189	2
QID1879	3.729512341519389	1
QID1880	2.363536165357792	1
QID1881	2.3340667123757783	1
QID1882	3.6251324584041114	2
QID1883	4.254761301170678	1
QID1884	2.931809061250928	2
QID1885	2.5906714211341155	1
QID1886	1.9064186519577275	2
QID1887	2.09275514605222	1
QID1888	5.437833243797922	1
QID1889	1.5022075143324591	1
QID1890	5.948284327530378	1
QID1891	0.04527965194760503	1
QID1892	0.6279593282451778	1
QID1893	9.627530044119702	2
QID1894	0.02969427014756437	1
QID1895	2.816968118804051	1
QID1896	0.02141103642441826	1
QID1897	3.972233497062155	1
QID1898	2.9313651111757144	1
QID1899	7.61116390152896	1
QID1900	0.004737136618438942	1
QID1901	4.343924288504936	1
QID1902	2.3001156824507523	1
QID1903	1.1771931544916736	1
QID1904	0.8237104522107817	1
QID1905	0.7511568960312797	1
QID1906	0.06506740747234664	1
QID1907	5.022262857738092	1
QID1908	4.441160846739728	1
QID1909	2.0602422929544604	2
QID1910	2.6112843754941237	1
QID1911	1.092342181070342	1
QID1912	3.390738046989888	2
QID1913	0.21456715290373912	1
QID1914	1.4892123205386425	1
QID1915	2.989164667225942	1
QID1916	0.13082384223990234	1
QID1917	3.7428398858329968	1
QID1918	2.908869502727514	1
QID1919	2.9164343925859364	1
QID1920	0.9810988934564469	2
QID1921	17.918917944926573	2
QID1922	7.12484175518849	1
QID1923	4.451340699142123	1
QID1924	2.7915219472300614	1
QID1925	5.587814959439363	2
QID1926	3.1296710042052083	1
QID1927	3.0338314615353905	1
QID1928	3.836483399602254	1
QID1929	2.5191129755779715	2
QID1930	0.8753243561198757	1
QID1931	2.2641887730740238	2
QID1932	7.675097659696543	1
QID1933	0.7929945559948484	1
QID1934	3.1171638069538283	1
QID1935	5.733751268438259	1
QID1936	8.638806193485335	1
QID1937	5.135981072650953	1
QID1938	7.8498409452925895	1
QID1939	4.821791275280226	1
QID1940	0.8533734196933301	1
QID1941	3.032695539015923	1
QID1942	1.0245868993004013	2
QID1943	3.0660669203826085	1
QID1944	0.9831629133041472	1
QID1945	2.0580942211920625	1
QID1946	8.261037692203827	2
QID1947	1.2165579441815435	1
QID1948	0.7217592939342458	1
QID1949	1.1979757248797536	1
QID1950	6.826890440808168	1
QID1951	2.7984757320359868	1
QID1952	0.07288257629668747	1
QID1953	0.7355126089927482	1
QID1954	6.7177601817601325	1
QID1955	5.294373066734752	1
QID1956	12.544447166295669	3
QID1957	2.5940455356714454	1
QID1958	3.8257042790221143	1
QID1959	1.7284668303155075	1
QID1960	5.215538851543259	1
QID1961	4.432244298563356	1
QID1962	1.0292452405175163	2
QID1963	0.32302063427327704	1
QID1964	1.3205360062683853	1
QID1965	3.1372108737974065	1
QID1966	2.75862771438161	1
QID1967	3.1723553610631288	1
QID1968	5.023737213025052	1
QID1969	6.578276027792059	1
QID1970	0.8939624200877694	1
QID1971	3.1623600600624813	1
QID1972	0.6955140895964992	1
QID1973	2.8595872403996263	1
QID1974	0.4902289546361257	1
QID1975	10.49665007000864	3
QID1976	1.0721948771826846	4
QID1977	9.570564499045165	1
QID1978	2.226088823908725	1
QID1979	0.07268380893872524	1
QID1980	0.020664688012734755	1
QID1981	2.9336221950087062	1
QID1982	11.54928023968541	1
QID1983	2.4214354435962053	1
QID1984	9.346068300593505	1
QID1985	0.4017072129383151	1
QID1986	0.8685314344337566	1
QID1987	2.891212749293306	1
QID1988	9.84810617877234	1
QID1989	1.0384153504564957	2
QID1990	14.868565785819314	2
QID1991	7.828986318576656	2
QID1992	6.769771803937546	1
QID1993	2.8109823492536523	1
QID1994	7.261888261723598	1
QID1995	5.2240335576401415	2
QID1996	1.0885287319468022	1
QID1997	2.3121492388994165	1
QID1998	0.022391602686315758	1
QID1999	11.738727504122036	1
QID2000	7.837686434315707	1
QID2001	0.4348875508137808	2
QID2002	1.6417716039210009	1
QID2003	7.4137141128459385	1
QID2004	4.2137849576400095	4
QID2005	3.792143220380879	1
QID2006	1.4163776967799266	1
QID2007	14.872539935390805	3
QID2008	3.548357816624507	1
QID2009	0.040022039516930764	1
QID2010	5.797036096637165	1
QID2011	1.6500773503691346	2
QID2012	3.682066704425226	1
QID2013	1.4670829335733933	1
QID2014	3.5263969729372646	2
QID2015	12.183961288773814	1
QID2016	0.496770115251444	1
QID2017	2.3012303373086045	1
QID2018	5.185431404946214	1
QID2019	0.9366654003207406	1
QID2020	1.522087927248604	2
QID2021	6.2023846510937055	1
QID2022	4.304923858500946	2
QID2023	6.2082169634771125	1
QID2024	5.738536771242492	1
QID2025	3.727573892389568	1
QID2026	1.6224922157484831	1
QID2027	15.728976809752748	2
QID2028	2.1152408334881656	1
QID2029	1.3614367766910394	2
QID2030	6.681829661750376	1
QID2031	1.737387913957811	1
QID2032	7.004028351549651	1
QID2033	3.2064633522505246	1
QID2034	2.6679958403925297	1
QID2035	4.346122187877502	1
QID2036	0.9060356659374044	1
QID2037	5.3818516177276665	1
QID2038	0.5566063180429959	1
QID2039	3.725651297648258	1
QID2040	6.441354500007619	1
QID2041	5.365674855954556	1
QID2042	2.852980416370164	1
QID2043	1.2312019642583354	1
QID2044	0.07836775249423944	1
QID2045	2.8870291181730057	1
QID2046	2.4243676932274623	1
QID2047	8.27649035952018	2
QID2048	5.274778249071816	2
QID2049	10.431528416431373	1
QID2050	6.176877058921941	1
QID2051	1.2203098860392771	1
QID2052	0.7928405767105423	1
QID2053	1.5191033612140656	1
QID2054	2.1030757252072747	1
QID2055	0.41101132176245175	1
QID2056	0.13462989448965698	1
QID2057	3.404026640961165	1
QID2058	2.0855556106409843	1
QID2059	7.0062753965854405	2
QID2060	2.0762584203540317	1
QID2061	0.8289671935977339	1
QID2062	2.195057080303037	1
QID2063	4.316610944018446	1
QID2064	0.576995028715692	1
QID2065	2.5558901569967434	1
QID2066	2.8531874729055287	2
QID2067	3.2750664896211736	1
QID2068	2.3938404176419352	1
QID2069	0.8151396841867358	2
QID2070	5.115200164730148	1
QID2071	4.062428825755161	1
QID2072	1.8596369197273277	1
QID2073	5.2973177852459905	1
QID2074	1.3940856101561403	1
QID2075	1.541976454693181	1
QID2076	6.9820810939027975	1
QID2077	1.0774050118215746	1
QID2078	4.326433161676613	1
QID2079	0.0744110432713219	1
QID2080	4.5834135063703565	1
QID2081	1.9775137341702127	1
QID2082	0.5167547559096973	1
QID2083	0.2798693318532945	1
QID2084	6.458896945258986	1
QID2085	3.6328757860038823	1
QID2086	2.5886930945953703	1
QID2087	2.1724399969941874	1
QID2088	5.748654654642106	1
QID2089	1.9423132398883245	1
QID2090	0.062326987181368636	1
QID2091	0.6988361432481679	1
QID2092	5.865201868881006	1
QID2093	1.8695612378074282	1
QID2094	4.460946351149408	1
QID2095	0.04170669024879467	1
QID2096	0.7178443143868378	1
QID2097	6.457711388619032	1
QID2098	1.842484941296219	1
QID2099	2.1965252937125417	1
QID2100	0.9322443845122992	1
QID2101	4.648815827801066	1
QID2102	0.08220116907346835	1
QID2103	0.7032485332975695	1
QID2104	4.410402857098995	1
QID2105	2.7547097063798134	2
QID2106	2.8317745273737573	1
QID2107	2.7056249945916386	1
QID2108	1.451576662409615	1
QID2109	2.278512455134051	1
QID2110	4.1341646506574286	1
QID2111	2.4274948253674724	1
QID2112	1.6482602124600898	1
QID2113	3.159548491998136	1
QID2114	0.6954079679121509	1
QID2115	2.3199637539225133	2
QID2116	3.9929146900697767	2
QID2117	0.3981309597134095	1
QID2118	7.489144930600759	1
QID2119	4.1251262020891275	1
QID2120	5.842473606449167	1
QID2121	0.052693666842070185	1
QID2122	2.391621750648574	1
QID2123	0.07422576325031625	1
QID2124	0.11936088539732305	1
QID2125	5.969061975828751	1
QID2126	0.03544468527132268	1
QID2127	1.0685760853074644	1
QID2128	0.7290627676856262	1
QID2129	0.04662117546583112	1
QID2130	5.54101061001985	1
QID2131	0.4941424322326594	1
QID2132	1.4852657485262193	1
QID2133	1.7185723691175223	1
QID2134	0.5148078879934036	1
QID2135	2.9240892940056837	2
QID2136	2.7891148477527583	1
QID2137	6.773000194401004	1
QID2138	2.010725972639377	1
QID2139	1.7192380117780368	1
QID2140	5.620112873596885	1
QID2141	0.13124820248801627	1
QID2142	2.5183253066494458	2
QID2143	3.2035802423965247	2
QID2144	2.5967744283158973	1
QID2145	4.282002661171238	1
QID2146	4.398356434568608	1
QID2147	6.013743387334893	1
QID2148	0.03777896333479781	1
QID2149	1.8891633803897567	1
QID2150	8.918730584002052	1
QID2151	1.5766417300440565	1
QID2152	3.751327943716558	1
QID2153	2.200273989762489	1
QID2154	4.140309273110174	1
QID2155	0.09917919086399722	1
QID2156	3.4153702473626666	1
QID2157	9.201966415522831	1
QID2158	1.184038322889102	1
QID2159	2.9668883285790755	1
QID2160	0.8350021335364167	1
QID2161	0.22071438921433867	1
QID2162	0.0826656154929398	1
QID2163	0.7017723163929978	2
QID2164	9.772069788362687	1
QID2165	6.664762391545576	2
QID2166	3.429547141238187	1
QID2167	0.0087965605786545	1
QID2168	2.9892518174753797	1
QID2169	5.092302230349785	4
QID2170	2.6056839363144904	1
QID2171	0.0050804800761429965	1
QID2172	2.7634472802613343	4
QID2173	0.8429222826588635	1
QID2174	1.090754851638547	1
QID2175	0.058777404088663575	1
QID2176	0.13808591876072973	2
QID2177	8.136940587784991	1
QID2178	3.134177571649777	1
QID2179	3.3197807995281554	1
QID2180	7.248831482706847	1
QID2181	3.661658545296585	2
QID2182	5.2261276325561585	2
QID2183	1.671244102651038	1
QID2184	1.2847400862400242	1
QID2185	2.0434579778440325	1
QID2186	0.9878032970061332	1
QID2187	2.557293015579724	2
QID2188	2.5585705425709944	1
QID2189	5.701198697185119	1
QID2190	0.43399273639555785	1
QID2191	0.7937087267933358	1
QID2192	4.5528452245285616	2
QID2193	6.658229858274968	2
QID2194	1.7843177327589546	2
QID2195	2.1344290360142004	1
QID2196	2.65717390099579	1
QID2197	1.0475707752820114	2
QID2198	0.4217051188573952	1
QID2199	2.7541154357267676	3
QID2200	0.9392534721794868	1
QID2201	2.094753553106844	1
QID2202	0.8476636406113826	1
QID2203	2.1689714264689792	1
QID2204	1.409261627304478	1
QID2205	0.5452097061617907	1
QID2206	0.015552736351344612	1
QID2207	2.0662023590011382	1
QID2208	0.00784372616497228	1
QID2209	0.20023505646602352	1
QID2210	0.5468476700745302	2
QID2211	5.107598794222215	1
QID2212	4.691160560028243	1
QID2213	6.493579187845178	1
QID2214	9.00913664435009	1
QID2215	2.369503029413955	1
QID2216	1.9504815340419648	1
QID2217	3.1402139781496348	2
QID2218	1.9712032489850089	1
QID2219	0.4445829905386465	1
QID2220	2.5697998382589677	1
QID2221	0.10654427245923084	1
QID2222	0.8206871979674569	1
QID2223	0.7593140443318118	1
QID2224	0.2382244988235565	1
QID2225	0.6470085170933269	2
QID2226	2.8031216773661263	1
QID2227	1.6538498445923233	1
QID2228	2.1160127742506445	1
QID2229	2.7407840317613226	1
QID2230	0.1510910670335684	1
QID2231	0.6696443609681046	2
QID2232	6.0138266362112365	2
QID2233	3.3799180748581734	1
QID2234	0.10559544555180253	2
QID2235	4.024632817127081	1
QID2236	0.9069867744304804	1
QID2237	0.007356951489046089	1
QID2238	3.0963673262498634	1
QID2239	2.4086397268020603	1
QID2240	2.422977078697146	1
QID2241	0.4273467330647123	1
QID2242	5.038936926914636	1
QID2243	4.2582461601075074	1
QID2244	0.9347412276958788	1
QID2245	5.605692372204956	2
QID2246	1.8896094219730184	2
QID2247	0.2490379646585308	1
QID2248	3.0334028906830954	1
QID2249	0.3669150636620141	2
QID2250	6.018337386111583	2
QID2251	1.5809807768108664	1
QID2252	3.124550512010399	1
QID2253	5.251783057044434	1
QID2254	4.219213729984362	1
QID2255	0.17373366828714065	1
QID2256	0.02065888734991155	1
QID2257	0.039040887562328784	1
QID2258	7.181837348000298	4
QID2259	6.260622835542866	1
QID2260	1.6734497491079083	1
QID2261	4.5120278723602585	1
QID2262	0.2471015434378539	2
QID2263	10.9356436273428	2
QID2264	5.327750059435575	1
QID2265	3.0929326923210216	1
QID2266	9.394153442497512	1
QID2267	3.666996483498001	1
QID2268	0.29104420403725245	1
QID2269	0.024960759248725317	1
QID2270	0.3586941698403035	1
QID2271	1.290731885475305	1
QID2272	6.402478752718487	1
QID2273	2.7499458117387805	1
QID2274	0.4081901014747626	1
QID2275	0.0030213301671570564	1
QID2276	6.134176776693858	1
QID2277	0.6176432910003539	1
QID2278	2.5348884224037285	2
QID2279	11.101851735872048	3
QID2280	2.194698962848108	1
QID2281	0.03572957275812291	1
QID2282	1.9662587751221652	1
QID2283	1.0430200805416658	1
QID2284	7.851530863644217	1
QID2285	5.703784003042072	1
QID2286	2.9788241979238195	1
QID2287	1.9691005751666455	1
QID2288	3.033497836679159	1
QID2289	0.3062519831759569	1
QID2290	0.006237578357346095	1
QID2291	0.15796010299892388	1
QID2292	0.014970831905451863	1
QID2293	0.7766257576769947	1
QID2294	1.0289109120183344	1
QID2295	0.9397184828404752	1
QID2296	1.779900962667762	2
QID2297	0.09196393893090124	1
QID2298	0.9649915688286856	1
QID2299	0.003619687844701777	1
QID2300	1.3336051043803985	1
QID2301	0.01690530734331526	1
QID2302	0.2843527858672627	1
QID2303	0.14790942729993192	1
QID2304	5.2733717591900495	1
QID2305	2.4012251093625365	1
QID2306	0.7484833293930996	1
QID2307	0.4377111983452492	2
QID2308	5.625227844548434	2
QID2309	8.354869973138465	1
QID2310	3.015917275332405	1
QID2311	1.4986029976839514	1
QID2312	0.7083305473421353	1
QID2313	0.7688573734673962	1
QID2314	5.151384532554136	1
QID2315	0.03139349563485907	1
QID2316	0.2682987523200175	1
QID2317	0.3901271380400028	1
QID2318	5.352692355094742	1
QID2319	1.9554662229575568	1
QID2320	5.351377495506249	1
QID2321	0.0063296281235615	1
QID2322	1.918493593446064	4
QID2323	12.245391021193855	2
QID2324	0.6497229458789647	1
QID2325	5.823754091527581	1
QID2326	3.811752137511437	1
QID2327	0.10726127980435912	1
QID2328	1.2052829115038812	1
QID2329	0.8756661518138739	1
QID2330	5.86109197130924	1
QID2331	0.5546125563406593	1
QID2332	0.9151206459717895	1
QID2333	0.021492796753935797	1
QID2334	1.7969448357510578	2
QID2335	0.9883359996350451	1
QID2336	10.595213616995874	1
QID2337	3.148238695495295	1
QID2338	3.173907628447748	1
QID2339	1.463268075045877	1
QID2340	3.7912072061936177	1
QID2341	1.902107099639456	1
QID2342	2.6433894664231525	1
QID2343	5.443548234946575	1
QID2344	4.428752946806124	1
QID2345	4.271118859069368	2
QID2346	4.5245777237313165	1
QID2347	1.0627248667421776	1
QID2348	5.581788705570396	1
QID2349	2.1724752052349827	1
QID2350	2.668534093655351	1
QID2351	5.46064162022164	1
QID2352	1.471013031250057	1
QID2353	4.379318130908311	1
QID2354	2.871763760324256	1
QID2355	4.348837984791329	1
QID2356	0.3199521866105448	1
QID2357	3.9527565958274256	2
QID2358	2.4605943061503823	1
QID2359	4.89594903315583	1
QID2360	6.063796561497437	1
QID2361	3.094394870171295	1
QID2362	4.0865028685463365	1
QID2363	2.1681759720347435	1
QID2364	3.920598870321375	1
QID2365	0.33031848625309645	1
QID2366	4.016389249106183	1
QID2367	0.4071398046907946	1
QID2368	7.286610836536436	2
QID2369	2.81631705324378	1
QID2370	1.1850101025702475	1
QID2371	1.7832893144217	2
QID2372	6.83707637782521	1
QID2373	2.473173424982944	2
QID2374	0.1303137435483397	1
QID2375	5.135165518522376	1
QID2376	0.8049773848535864	1
QID2377	1.7678657594944378	2
QID2378	1.6182278848693787	1
QID2379	5.599077248128944	1
QID2380	0.11944923952738662	1
QID2381	1.5814850418026525	1
QID2382	2.2984389497539284	1
QID2383	2.355596669835683	1
QID2384	3.7584158571793775	1
QID2385	2.7458670189557584	1
QID2386	0.7486155614747046	1
QID2387	1.391873450542375	1
QID2388	5.608987045451754	2
QID2389	1.6371154374701773	1
QID2390	4.912611733360129	1
QID2391	2.3350328471463855	1
QID2392	5.54893821484788	1
QID2393	0.4261127152202242	1
QID2394	2.525580445151013	2
QID2395	5.7090000160148815	1
QID2396	2.2170835766872035	1
QID2397	1.6173038393967414	1
QID2398	0.9666342333448006	2
QID2399	0.9760847600614097	1
QID2400	2.457685520808888	1
QID2401	6.507870527060341	1
QID2402	2.025546656885407	1
QID2403	0.289345482341106	1
QID2404	0.4635678988976537	1
QID2405	4.59938730692003	1
QID2406	1.5812711661943704	1
QID2407	0.8221204630367802	1
QID2408	0.671956983412431	1
QID2409	0.4733543507816702	2
QID2410	8.926500664702711	1
QID2411	5.246249688095091	1
QID2412	3.1043225256909293	1
QID2413	4.7193192862600375	1
QID2414	3.115118159870572	2
QID2415	0.03219995301208133	1
QID2416	12.049279586047664	1
QID2417	3.2451788783318345	1
QID2418	1.9100092475002035	1
QID2419	0.7884481822799329	1
QID2420	6.698054548796878	2
QID2421	0.5948244129024981	1
QID2422	4.023181564386202	1
QID2423	3.899597115288994	2
QID2424	5.6123854103044275	1
QID2425	2.719987102363929	1
QID2426	2.9964499889589047	1
QID2427	8.42383359050905	1
QID2428	6.492657464818058	1
QID2429	6.50372293249978	2
QID2430	1.038486557879985	1
QID2431	0.00843413215095871	1
QID2432	7.163210324378191	2
QID2433	4.176633014866352	1
QID2434	3.0794264143949763	1
QID2435	2.524455434065061	1
QID2436	1.3095316085940256	1
QID2437	7.769793972026623	1
QID2438	1.2118501703085711	1
QID2439	0.019394731056675225	1
QID2440	6.193921693949018	1
QID2441	0.3800408638634036	1
QID2442	0.0750406642116596	1
QID2443	0.2963744864667045	1
QID2444	2.9865178410964157	1
QID2445	4.710271387811267	1
QID2446	1.1511836118872127	1
QID2447	0.0813979111225105	1
QID2448	0.5017760140971605	1
QID2449	4.62499249035228	1
QID2450	4.4800246758500615	1
QID2451	0.008406079100195746	1
QID2452	6.7930044601389525	2
QID2453	6.463922190273691	1
QID2454	2.049086063779496	1
QID2455	2.867648170406336	1
QID2456	3.3867977439518935	1
QID2457	8.430505508812853	2
QID2458	2.0118022318315774	1
QID2459	3.769702576754983	1
QID2460	0.168158752546657	1
QID2461	0.004564816551935526	1
QID2462	4.066779949448049	2
QID2463	3.6253753807719136	1
QID2464	1.114175834885887	1
QID2465	3.686408043666287	1
QID2466	0.026941385460103905	1
QID2467	0.12586664051399332	1
QID2468	5.131475345518612	1
QID2469	3.3857541411672063	1
QID2470	0.049018162572718994	1
QID2471	4.690422014699003	2
QID2472	10.664775762771447	1
QID2473	1.868257479504976	2
QID2474	5.025304710032404	2
QID2475	2.848372093390089	2
QID2476	2.162596009261601	1
QID2477	4.304646381662327	1
QID2478	1.0192708177063603	1
QID2479	1.583953201813221	1
QID2480	4.545363912331087	1
QID2481	4.3310458626974135	1
QID2482	0.3448642420043206	1
QID2483	1.853311321250852	1
QID2484	1.1980657814734836	1
QID2485	0.04631895659622496	1
QID2486	1.9066003647903145	1
QID2487	3.1384642974347945	1
QID2488	4.444950824770473	2
QID2489	0.2303736877252479	1
QID2490	1.944442754812979	1
QID2491	3.7090411409828494	1
QID2492	3.6790116396533836	1
QID2493	0.08093763784341307	1
QID2494	10.647361024981821	1
QID2495	0.4703908155651333	1
QID2496	2.7825669203280783	1
QID2497	14.902257878939714	2
QID2498	2.0299612762335992	1
QID2499	4.101137125446215	1
QID2500	2.2082268507328147	1
QID2501	0.4996870907140438	1
QID2502	0.0049803182759221645	1
QID2503	0.5502922201517435	1
QID2504	3.90965574986059	1
QID2505	0.6620774077267921	1
QID2506	0.44095562408551336	1
QID2507	0.9702306250368768	1
QID2508	1.111284536939585	1
QID2509	3.237319540852257	1
QID2510	0.4404552101467503	1
QID2511	0.2700071575495259	1
QID2512	0.005771109183346414	1
QID2513	0.37135132177004904	1
QID2514	0.08683155145839845	1
QID2515	2.3426763771313266	2
QID2516	2.831043372312492	1
QID2517	0.1588361232441553	1
QID2518	0.013732078373271348	1
QID2519	6.443362217927027	1
QID2520	0.8410840474735641	1
QID2521	7.123919104889576	1
QID2522	2.8030706216201096	1
QID2523	3.1637836779679023	1
QID2524	0.8866657870598317	2
QID2525	7.858967196451875	1
QID2526	2.147949801658382	1
QID2527	1.3098892008690188	1
QID2528	0.8367573138766655	1
QID2529	9.026292638853224	1
QID2530	3.637178498282464	1
QID2531	0.4912953879132853	1
QID2532	0.9761044356707212	1
QID2533	5.218603595008847	1
QID2534	0.022508145025442086	1
QID2535	0.3296717444396781	1
QID2536	4.410472754957623	2
QID2537	1.3670716615236669	1
QID2538	2.1134558068457445	1
QID2539	0.32522556686331106	1
QID2540	0.1177118191450464	1
QID2541	2.4648937892480864	1
QID2542	0.1332612519298063	1
QID2543	4.409560804254942	2
QID2544	0.9282898323303652	1
QID2545	2.5469789122398168	1
QID2546	1.1461877712470676	1
QID2547	0.4184248715217699	1
QID2548	0.9400049997882622	1
QID2549	2.5275690738782832	1
QID2550	0.6378415974641541	1
QID2551	2.446105606353321	2
QID2552	1.5920815919694409	2
QID2553	3.4514766387822644	1
QID2554	0.3016268996084157	1
QID2555	3.5696215806448914	1
QID2556	6.572274216623028	1
QID2557	2.9721225496489465	1
QID2558	0.5930584899045451	1
QID2559	0.3269689157916685	1
QID2560	2.6533852125855053	1
QID2561	0.042894111511294485	1
QID2562	3.7506964789925448	2
QID2563	4.646242105639612	1
QID2564	0.3710662108937756	1
QID2565	4.528394662047631	2
QID2566	6.957547574228956	1
QID2567	2.576394526125766	1
QID2568	1.8772136274155415	1
QID2569	0.486326016550626	1
QID2570	0.04991573041021323	2
QID2571	1.6011771251098046	1
QID2572	2.591600555649572	1
QID2573	3.401377693572332	1
QID2574	6.8442318617067075	1
QID2575	8.207171923803202	1
QID2576	8.311946790842411	1
QID2577	7.2478325587842845	1
QID2578	0.16916962826782905	1
QID2579	0.6493051042409314	1
QID2580	4.325006504490706	1
QID2581	2.5122789825846756	1
QID2582	5.086820958159366	1
QID2583	6.2901503408685775	1
QID2584	2.68835824944522	2
QID2585	2.794591337479377	1
QID2586	7.5954005235162425	3
QID2587	4.274739900125382	1
QID2588	1.568788957817968	1
QID2589	0.008460919449144965	1
QID2590	5.34859826899061	1
QID2591	2.3448806508877684	2
QID2592	0.8417626600887947	1
QID2593	3.8901729661473192	1
QID2594	5.134372886065732	1
QID2595	1.134291585633353	1
QID2596	5.012610493672909	2
QID2597	0.8018684583529587	1
QID2598	2.2708128007066963	2
QID2599	1.792863996333307	1
QID2600	4.340739524866812	1
QID2601	3.2375264679507003	1
QID2602	0.08438323499730199	1
QID2603	2.6057253088569245	1
QID2604	0.5221717903889677	1
QID2605	3.4809246370043905	4
QID2606	1.0123842632086029	1
QID2607	1.3088276260476557	1
QID2608	4.137379572717917	1
QID2609	3.2014747066995857	1
QID2610	6.812624816226489	1
QID2611	0.22150151208309252	1
QID2612	2.3381658767779805	1
QID2613	5.389302552073816	2
QID2614	1.973361426523515	1
QID2615	1.9729293896308224	1
QID2616	2.897628359157885	1
QID2617	2.074246623236762	1
QID2618	3.5812291296492953	1
QID2619	3.0462118546780914	1
QID2620	3.117666226739449	1
QID2621	2.6744737311467786	1
QID2622	0.488889495239809	1
QID2623	2.4281793735958312	1
QID2624	1.1726128521493036	1
QID2625	1.5945099504958171	2
QID2686	9.159629992798855	1
QID2688	6.620624488875648	1
QID2689	13.309768433723931	1
QID2690	2.9841235050258352	1
QID2691	1.7443540871148089	1
QID2692	0.876064076251698	1
QID2693	5.882171147017263	3
QID2694	3.108898824723156	1
QID2695	3.849406764467468	1
QID2696	4.567531208448587	2
QID2697	3.3271558328779025	1
QID2698	0.6507001575398239	1
QID2699	3.797700877060625	1
QID2700	5.787100229472842	1
QID2701	3.9036514415959003	1
QID2702	1.5024632362624843	1
QID2703	3.6014380363549328	1
QID2704	2.480720133342813	1
QID2705	2.0459671144130085	1
QID2706	0.0020499951353938604	1
QID2707	9.546243901828124	2
QID2708	1.8271464899746281	2
QID2709	7.182000239868728	1
QID2710	6.290357002983183	2
QID2711	0.9244258009037584	1
QID2712	2.7740033825485675	1
QID2713	3.168110379748393	1
QID2714	0.4299430687331434	1
QID2715	1.197317553570511	2
QID2716	5.275226656599783	1
QID2717	0.15899934980914493	1
QID2718	0.2766566691206361	1
QID2719	4.33558393702416	1
QID2720	0.7442528343272606	1
QID2721	8.516491025355652	4
QID2722	2.3948242513323263	1
QID2723	0.8578667489760667	1
QID2724	5.741472988608866	1
QID2725	1.6958204658085885	1
QID2726	4.410039955056137	2
QID2727	5.334314786550607	1
QID2728	0.03095703517891778	1
QID2729	3.162536186425581	1
QID2730	0.6378101708265139	1
QID2731	5.889031627773539	1
QID2732	0.019146658998060583	1
QID2733	0.9642360600476261	1
QID2734	0.0939732329002082	1
QID2735	9.069420513698637	1
QID2736	0.6180795713698898	1
QID2737	6.4985534003046705	1
QID2738	5.567167900474188	3
QID2739	0.12160752088654116	1
QID2740	7.497924833051669	1
QID2741	3.1712965523595886	1
QID2742	1.9446068922591901	1
QID2743	2.992442597043917	1
QID2744	11.45409278358902	3
QID2745	8.499878036994089	2
QID2746	4.515339823768183	2
