Word_Unique_ID	Surprisal	NumTokens
QID1	1.181539971641253	1
QID2	5.2678860459160495	1
QID3	9.668202781140874	3
QID4	0.9276437413170714	1
QID5	3.2361833206694075	1
QID6	3.2113335359492736	1
QID7	3.796062130430085	1
QID8	9.833167088935912	1
QID9	0.499600299589416	1
QID10	3.426093332050553	1
QID11	3.0713066255897643	1
QID12	3.5023117128080767	2
QID13	4.427383122522282	1
QID14	2.163920634664372	1
QID15	1.4204754798486292	1
QID16	2.016424104338602	1
QID17	7.648080138212403	1
QID18	1.8440839426276467	1
QID19	10.017341543796167	1
QID20	3.378958541267731	2
QID21	2.9507914565802458	1
QID22	5.578371432050316	1
QID23	7.388955823964917	2
QID24	1.4645646371957828	1
QID25	2.172352839291392	1
QID26	6.968536695239727	1
QID27	1.6918578305847976	1
QID28	3.6852336871300397	2
QID29	1.2238858863829154	1
QID30	4.544103593889549	1
QID31	0.5189147755634289	1
QID32	2.3940399511678008	1
QID33	1.4191965849949963	1
QID34	0.4928642143072352	1
QID35	1.6277612141755586	1
QID36	2.8363052427233364	1
QID37	2.417213782873569	1
QID38	1.3531116777568295	1
QID39	0.160993847187715	1
QID40	2.9468639078553265	2
QID41	3.7442139914566748	1
QID42	0.378390039006428	1
QID43	7.354670579252776	1
QID44	0.15953561228501525	1
QID45	0.8570322772457973	1
QID46	1.3253134744159547	1
QID47	2.4661977134425666	1
QID48	0.8009526311943548	1
QID49	4.767919952875913	1
QID50	1.2746217796561912	1
QID51	10.913285593919987	1
QID52	2.83338168793393	1
QID53	3.344364346750022	1
QID54	0.1837686974832555	1
QID55	1.0331163854497876	1
QID56	2.091023471727231	2
QID58	4.329875951501718	1
QID59	4.067829857365502	2
QID60	1.8939330903127447	1
QID61	6.240647291835822	1
QID62	9.534113012265543	3
QID63	4.072150595666275	1
QID64	4.184852099940087	2
QID65	2.838206552571368	1
QID66	5.551584463082457	1
QID67	1.0201211905447614	1
QID68	12.537739408445873	1
QID69	4.350421748656668	2
QID70	2.568361049043533	1
QID71	6.031089533775504	1
QID72	0.7609481616717423	1
QID73	0.4606652207475218	1
QID74	1.3081987474445695	1
QID75	0.5257024622331037	1
QID76	1.6071450041679378	1
QID77	3.2798382552012617	1
QID78	1.1016153589934587	1
QID79	2.2378255255571933	1
QID80	0.1516454807607422	1
QID81	5.4566109306218875	2
QID82	8.298157998867497	1
QID83	0.16223269411290006	1
QID84	5.3484492281345615	1
QID85	1.7568392709574336	1
QID86	3.4955555463146646	1
QID87	4.5614228273179105	1
QID88	2.3264066971261537	2
QID89	4.4519195514635355	1
QID90	0.5117127188193329	1
QID91	5.3182044953107805	3
QID92	1.6637145138126208	1
QID93	7.444287961073062	2
QID94	3.3402351140338684	1
QID95	0.7251746348609722	1
QID96	1.045321327542733	1
QID97	0.08686534635897138	1
QID98	12.826128311916008	3
QID99	10.465194607888384	2
QID100	5.167601342460895	1
QID101	2.603657406450908	1
QID102	6.3532574660151555	1
QID103	0.3235114575700976	1
QID104	10.331430923332892	1
QID105	0.4846148528948557	1
QID106	6.151027905758308	1
QID107	0.3586682421573372	1
QID108	0.054585425661747136	1
QID109	3.856108610225151	1
QID110	1.2227200774067042	1
QID111	0.8674412863824367	1
QID112	0.09582176845521742	1
QID113	1.4590859793256947	1
QID114	0.4690595880197504	1
QID115	7.461395991931162	3
QID117	5.552939567517224	1
QID118	1.918313254440753	1
QID119	10.708396352089128	2
QID120	10.301002902624065	2
QID121	0.22838723026527286	1
QID122	2.0125901746729395	1
QID123	0.16722455033145914	2
QID124	0.07455325529544066	2
QID125	0.8720163074397422	1
QID126	4.370559280777564	1
QID127	2.0882776309975	1
QID128	1.3662878079819394	1
QID129	7.185190188289171	1
QID130	1.226660655676093	1
QID131	0.4548878888989506	1
QID132	6.150217051178207	1
QID133	4.27103296622594	1
QID134	6.020451433317184	1
QID135	0.5287343019446786	1
QID136	4.095000621710005	1
QID137	1.5162133459275224	1
QID138	5.328402985113368	1
QID139	3.6138238284239055	1
QID140	2.3991702295417743	2
QID141	2.1221692952274296	1
QID142	3.6305107578470786	2
QID143	5.0504697767935856	1
QID144	1.126839758061351	1
QID145	1.4644455274434205	1
QID146	0.34906580451085073	1
QID147	1.5458446071073664	1
QID148	2.544160596330036	1
QID149	4.533848246945434	1
QID150	3.9263620218007302	1
QID151	0.6379282568993639	1
QID152	8.203350103642018	1
QID153	0.24961956575279004	1
QID154	3.780740247791423	1
QID155	2.7782123951684814	1
QID156	0.07813110674980814	1
QID157	0.8744762569215829	1
QID158	4.099541497610935	1
QID159	1.3829228842004304	2
QID160	3.58334154322147	2
QID162	0.4188473269810551	1
QID163	0.042722707946363125	1
QID164	2.8660175046775813	1
QID165	5.057198006733026	1
QID166	0.965780077987982	1
QID167	1.4324860811970357	1
QID168	4.716425438610929	1
QID169	0.3541216169486138	2
QID170	3.0082181208998198	1
QID171	3.3727517636962383	1
QID172	2.9892844113728456	1
QID173	4.414817541643918	2
QID174	11.23775467131535	1
QID175	6.75224102741321	1
QID176	3.641251480824751	1
QID177	1.8359110551753552	1
QID178	2.9401752637594094	1
QID179	9.029041458173593	2
QID180	5.172579628782321	1
QID181	1.3754980383145707	1
QID182	1.5789080537574098	1
QID183	10.834395897592046	1
QID184	2.181172899842972	1
QID185	9.169835123188935	1
QID186	5.035238798203328	3
QID187	3.2416969116324097	1
QID188	0.7811672584305736	1
QID189	3.4871454501015697	2
QID190	0.7017794233013044	1
QID191	2.8369362430814284	1
QID192	2.432490582109073	1
QID193	9.508114401544574	1
QID194	4.6653365272624905	1
QID195	6.793577788168181	2
QID196	2.6318721745582487	1
QID197	1.3359852445767204	1
QID198	9.875323520296153	2
QID199	6.275908297553903	1
QID200	3.3853748878953485	1
QID201	0.7506221134868032	1
QID202	5.537238887484253	2
QID203	1.4662981183688706	1
QID204	12.052071437840569	3
QID205	9.35395140294154	1
QID206	8.346736502412059	2
QID207	2.0756108428601943	1
QID208	4.590244176719883	1
QID209	2.7212120052955098	1
QID210	5.342720466921135	1
QID211	1.1109758339807787	1
QID212	1.2432272208946942	1
QID213	2.084357962931533	1
QID214	5.318973424625686	1
QID215	2.393000502850803	1
QID216	5.439133462805163	1
QID217	0.9381171199039816	1
QID218	0.14804742860910935	1
QID219	3.209484775111648	1
QID220	3.217039653521334	2
QID221	1.848341139728093	1
QID222	0.794968485912301	1
QID223	3.6321727816912484	1
QID224	3.976475377690336	1
QID225	0.3816341049489628	1
QID226	5.937136594907615	2
QID227	2.5721235040926724	1
QID228	4.458063087395288	1
QID229	13.802816682316164	1
QID230	0.2598569361575159	1
QID231	12.438191422116091	2
QID233	8.9129377921135	2
QID234	15.981128372142749	2
QID235	2.4839231530337704	1
QID236	6.3312855030553035	1
QID237	2.0912761424561506	1
QID238	1.1362607650427323	1
QID239	2.6784056124342674	2
QID240	3.4675121571514267	1
QID241	0.23824449851184745	1
QID242	12.253254769179485	1
QID243	2.4445839905496847	2
QID244	1.1497035122468588	1
QID245	2.6501544483829056	1
QID246	3.4224800373163102	2
QID247	1.040717434191207	1
QID248	3.36093172847011	1
QID249	4.663626576300311	1
QID250	0.5782932194581843	1
QID251	14.097056526364007	3
QID252	0.09847420004529003	1
QID253	1.494650595338916	2
QID254	4.099112634599359	1
QID255	1.6060463424199	1
QID256	8.911724631950742	2
QID257	3.226051415606469	1
QID258	0.7302825735215555	1
QID259	3.34999408659344	2
QID260	3.456207808423507	1
QID261	0.5422092344769343	1
QID262	6.742958871063856	1
QID263	0.4670860893638152	1
QID264	0.641033261276614	1
QID265	1.3261971294981572	1
QID266	1.2502174349296065	1
QID267	4.476932681747162	1
QID268	3.952350119725145	1
QID269	0.013483799860384386	1
QID270	7.255943680839612	2
QID271	3.075458465934368	1
QID272	3.075746885889036	1
QID273	1.9524677591417212	1
QID274	0.0045081486465141495	1
QID275	3.401937093344612	1
QID276	4.246826113000044	2
QID277	2.9310562669382914	1
QID278	5.304204209880363	1
QID279	4.311187292839829	1
QID280	3.2161444231499825	1
QID281	0.05487334807365473	1
QID282	1.099949525440654	1
QID283	1.4639040404737846	1
QID284	4.361392360620016	1
QID285	1.1090918695793488	1
QID286	6.532455867289789	2
QID287	0.5784612789758966	1
QID288	1.6281182666975331	2
QID290	8.134372912196488	1
QID291	12.2294712972219	1
QID292	8.576597850554059	1
QID293	4.472408786037077	1
QID294	3.285256422077276	1
QID295	3.9116520595905473	1
QID296	0.1627470156146529	1
QID297	6.0631232992649045	1
QID298	3.9566074013642254	1
QID299	9.62730765748596	1
QID300	5.103499112375816	2
QID301	2.761125489674579	1
QID302	6.157628695182238	1
QID303	4.395281621587304	1
QID304	1.323842928073964	1
QID305	14.259038814390776	3
QID306	3.395313913323431	1
QID307	7.088769306948455	1
QID308	1.5213344543130425	1
QID309	2.1995983823672782	1
QID310	0.1241995303579943	1
QID311	1.5500462268872477	2
QID312	3.001602398357523	1
QID313	3.779833595142936	1
QID314	0.684970304876778	1
QID315	2.651911799639806	1
QID316	1.1761145536901645	1
QID317	1.1738552975176366	1
QID318	8.749215820906558	3
QID319	1.4070747079495547	1
QID320	4.747754376180115	1
QID321	0.8458169104048531	1
QID322	2.9045604215536187	2
QID323	3.686028729868765	1
QID324	6.7682390642591095	1
QID325	13.819364911616617	2
QID326	7.008598042815268	1
QID327	1.3723557596688456	1
QID328	6.5586686675573524	1
QID329	3.605435667367212	1
QID330	5.521548889353632	1
QID331	7.606420247756798	1
QID332	0.20122684856018447	1
QID333	1.335575696897711	1
QID334	5.788801621187817	1
QID335	6.688119117394493	2
QID336	4.427003534774975	1
QID337	4.1663169109475175	1
QID338	8.764692089659256	1
QID339	1.038742119585063	1
QID340	4.150599257543776	1
QID341	4.5053242561523135	1
QID342	1.8357250014918056	1
QID343	5.114823665176912	1
QID344	1.207455978846386	1
QID345	4.8818536157236405	2
QID347	10.364445801062327	2
QID348	7.197194478054099	2
QID349	1.0997559793360128	1
QID350	4.403006210930552	1
QID351	2.4510233306838822	1
QID352	2.8912334692979167	1
QID353	9.457128877195712	2
QID354	3.35131600384371	1
QID355	3.192290075075465	1
QID356	5.492136814523363	1
QID357	9.942737988780557	2
QID358	2.8156298476904613	1
QID359	4.440095770100045	1
QID360	0.6342737582438193	1
QID361	5.331697083936286	2
QID362	7.831002137969367	1
QID363	0.4835272115624974	1
QID364	6.652976840341928	1
QID365	0.2098373662321469	1
QID366	0.25946195585002385	1
QID367	5.8696004219674345	1
QID368	9.704041712948179	1
QID369	3.720754804883095	1
QID370	5.721496831823843	1
QID371	4.449335049374769	2
QID372	1.5612191768279997	1
QID373	4.352711098399775	1
QID374	1.834033407265381	1
QID375	6.182226055224375	2
QID376	2.5684833725533833	1
QID377	2.100856124490809	2
QID378	0.8768478288350502	1
QID379	3.311734117986412	1
QID380	2.444049900523085	2
QID381	1.2911592316268108	1
QID382	1.4134069707098689	1
QID383	9.807113040593503	3
QID384	3.4621865876072797	1
QID385	0.7384318698344182	1
QID386	0.7072450830705785	1
QID387	0.41297485698975506	1
QID388	3.0124230558533216	1
QID389	2.356139537515967	2
QID390	1.2028499424385601	1
QID391	2.9353577331856866	1
QID392	4.4375146715201215	1
QID393	2.2737262995892187	1
QID394	1.4111578798236666	1
QID395	0.4557334916579315	1
QID396	4.297992045971915	2
QID397	1.7477199455617576	1
QID398	0.8309867898404145	1
QID399	8.985800444476023	3
QID400	5.378022650964295	1
QID401	2.1607970352226524	1
QID402	11.097534225636013	3
QID404	6.3768211560686066	1
QID405	2.959167255322573	1
QID406	3.3876121325891586	1
QID407	4.4852374532212265	1
QID408	3.0317712084395416	1
QID409	0.8399972952393469	1
QID410	2.7176215197498936	1
QID411	5.004201505893437	1
QID412	0.012832628247952328	1
QID413	4.967063001670461	2
QID414	6.1047812745988494	1
QID415	1.6948962764439246	1
QID416	1.6114386405910963	1
QID417	4.470491475599016	1
QID418	0.2032199381344028	1
QID419	4.946778131893534	1
QID420	0.0175633028056251	1
QID421	4.290968742503671	1
QID422	1.6884328045914525	2
QID423	5.410797129003936	1
QID424	10.11673719171294	1
QID425	5.228301029324334	1
QID426	1.2388003977584454	1
QID427	1.4044867166678356	1
QID428	6.280226587901479	1
QID429	0.8360273485906853	1
QID430	0.006419198920402388	1
QID431	4.308298146683356	1
QID432	5.776556789736025	3
QID433	3.1843491684072784	1
QID434	0.4550858623389093	1
QID435	2.2405782648636268	1
QID436	1.808124805699344	1
QID437	6.420337606922997	1
QID438	0.27351921344310315	1
QID439	9.01568057363694	1
QID440	2.0414504530571533	3
QID441	1.6485497453627675	2
QID442	3.1032635307078964	1
QID443	1.2343186673829083	1
QID444	0.9135288941374324	1
QID445	3.5798805904068387	1
QID446	1.9448041359887211	2
QID447	3.267521018744331	1
QID448	4.096212639506456	1
QID449	4.676316113448563	1
QID450	3.006287388372596	1
QID451	0.6385297026818499	1
QID452	1.4644330725478552	2
QID453	2.8525951545769805	1
QID454	2.6448497662933383	1
QID455	1.8570571939081864	1
QID456	0.13554685085824905	1
QID457	0.14162667032174256	1
QID458	2.829201077093072	1
QID459	2.751751781851558	2
QID460	2.4085001746018007	1
QID461	1.5176820016777712	1
QID462	12.972435796822893	2
QID463	9.24240849241067	2
QID464	2.390930062712371	1
QID465	2.4448181911311453	1
QID466	8.531672966940594	1
QID467	2.2795144067653723	1
QID468	1.626087557485303	1
QID469	14.71817969062535	5
QID470	7.875404838344173	1
QID471	6.477213015367186	2
QID472	4.535902130843448	1
QID473	1.0523320582826097	1
QID474	0.033616621477974326	1
QID475	0.5654870814652795	1
QID476	7.431966225225374	4
QID477	0.05427530031311161	1
QID478	2.2268669863281447	1
QID479	11.39758709375926	3
QID480	3.768614398752628	1
QID481	0.30039208000483986	1
QID482	3.502897420137616	1
QID483	4.6480148016592455	2
QID484	6.2608484841743675	1
QID485	10.291309832367373	2
QID486	1.913453300338434	1
QID487	0.6252166294655839	1
QID488	0.2783454588464764	1
QID489	0.7231977672340258	1
QID490	6.079248927320162	1
QID491	2.493764325566528	1
QID492	0.08225763776434418	1
QID493	3.699060964232801	1
QID494	3.0675885147995903	1
QID495	3.795187899260072	1
QID496	2.053814066042837	1
QID497	3.061049440715008	2
QID498	1.9432038454808165	1
QID499	9.061025788246088	3
QID500	3.727118091908329	1
QID501	7.36611879389574	1
QID502	4.675703119476053	1
QID503	0.06414353747787456	1
QID504	8.199851350988721	2
QID505	1.1167248722313812	1
QID506	7.517478578323193	1
QID507	1.2517469671403054	1
QID508	0.5146736973835346	1
QID509	0.9285429754702984	1
QID510	1.41857411056078	1
QID511	7.445640247055477	1
QID512	1.4003170922013841	1
QID513	2.8325406671218802	2
QID515	12.986667892269216	3
QID516	12.59359293727491	1
QID517	2.2150135350798297	1
QID518	7.0960627060043775	2
QID519	4.735039535691296	2
QID520	3.0938308185097494	1
QID521	1.9558656970910748	1
QID522	5.630497423237232	1
QID523	2.1587976942995066	1
QID524	1.320445775750271	2
QID525	5.6400863281612414	1
QID526	3.6771964713481657	1
QID527	1.9382403893645328	1
QID528	4.711214206455702	1
QID529	0.1754808714742891	1
QID530	5.417751713396295	1
QID531	0.746215708558114	1
QID532	3.892579348122556	2
QID533	4.447551697388215	1
QID534	3.7855868846050367	2
QID535	7.9823670543282	2
QID536	4.978054726524731	2
QID537	1.9188626240343136	1
QID538	2.2853769683459357	1
QID539	1.4393912142680485	1
QID540	1.6578639034642322	1
QID541	0.07510442271803462	1
QID542	0.3816273729263206	1
QID543	3.3334657557164724	1
QID544	0.16709820566324404	1
QID545	1.6124547232762825	1
QID546	0.10670184362921	1
QID547	0.012712929041700046	1
QID548	0.2787294697939148	1
QID549	4.948747998976573	2
QID550	1.27779596164137	1
QID551	3.4530707633113407	1
QID552	0.658884023910324	1
QID553	4.1585071452372775	1
QID554	6.645610394015378	1
QID555	2.43243393133235	1
QID556	4.09238260109236	1
QID557	1.907456006821616	1
QID558	0.4941209648196658	1
QID559	3.9110337612954793	1
QID560	4.497711101257962	1
QID561	4.420129676693851	1
QID562	2.319745341075902	1
QID563	5.5762095396018765	1
QID564	0.8269798085378952	1
QID565	1.0970674579012938	1
QID566	0.15660901410620748	1
QID567	8.788331248738183	2
QID568	1.1729909249279629	2
QID569	2.854364508231973	1
QID570	15.646947519403152	2
QID571	1.6523842209989636	2
QID572	5.719706572665203	1
QID573	0.8155626479908087	1
QID574	6.819651429123143	2
QID575	2.313555168661704	2
QID576	7.82497649710885	4
QID577	0.4750231918095181	1
QID578	0.9619013114397816	1
QID579	7.074499838670793	1
QID580	0.12743515810349135	1
QID581	5.857903978219942	1
QID582	0.0608145442380919	1
QID583	11.25122474096946	3
QID584	2.301540344698937	1
QID585	2.9371359289003904	1
QID586	0.5422793196785808	1
QID587	2.9081971358729257	1
QID588	5.288981253177176	1
QID589	0.8614826681440316	1
QID590	4.0400939129589055	1
QID591	13.274565900150714	2
QID592	7.159569938278559	1
QID593	2.8180186210146334	1
QID594	2.3890181506640897	1
QID595	4.056141055393149	1
QID596	2.682367251968216	1
QID597	3.343478598613701	1
QID598	0.870216979760703	1
QID599	3.750160291556043	2
QID600	3.315380232508366	2
QID601	1.821645703006008	1
QID602	4.815735090571415	1
QID603	2.388305745955728	1
QID604	1.695778876323748	1
QID605	2.3542528213215888	1
QID606	3.4236378100392635	1
QID607	3.7291102457319885	1
QID608	1.3994786754678905	1
QID609	5.4065331066421685	1
QID610	6.65612207916321	1
QID611	2.7654804012966205	1
QID612	3.202964758670939	1
QID613	1.6722369245374111	1
QID614	7.640901437698675	2
QID615	9.43047897869873	1
QID616	0.19146690839986996	1
QID617	1.557337526761655	1
QID618	7.659674977370974	1
QID619	0.9649080881818424	1
QID620	5.058618044482431	1
QID621	7.587715788560812	3
QID622	7.126867194163867	1
QID623	5.864546413798887	2
QID624	7.25383723777156	1
QID625	9.393612765262409	2
QID626	6.011433755882652	1
QID627	3.805917538338981	1
QID628	4.309948496740488	1
QID629	0.8407646326811958	1
QID630	10.067621527719062	1
QID631	0.5290098540326772	1
QID632	4.017534813073504	1
QID633	0.7472304040861272	1
QID634	0.2169729023207255	1
QID635	0.23131797684651625	1
QID636	5.008124739678097	1
QID637	1.0769712397298268	1
QID638	7.571173646580918	1
QID639	0.1289459574085577	1
QID640	5.295239305528813	4
QID641	1.6764187077951287	1
QID642	5.6422031816493865	1
QID643	0.47164299601654003	1
QID644	2.7521908882603023	1
QID645	4.4918353224154455	1
QID646	2.508447730343621	1
QID647	0.6152435278851203	1
QID648	0.9560564109134894	1
QID649	1.2703494687015495	1
QID650	1.5171939302228163	1
QID651	3.6219705752144886	1
QID652	2.9769057906183494	1
QID653	2.8265679720050447	1
QID654	1.4435979618833619	1
QID655	2.554826917655606	2
QID656	4.049887599483268	1
QID657	2.8252729693492014	1
QID658	2.954430979877524	1
QID659	2.4411647473663067	1
QID660	2.5347146695126956	2
QID661	1.7354425128245592	1
QID662	0.6063766622946329	1
QID663	8.244621147842695	1
QID664	0.4196304854469766	1
QID665	1.0707207349035477	1
QID666	0.9441683331814404	1
QID667	1.9176706889258583	1
QID668	0.5377855454867665	1
QID669	0.3787192883480871	1
QID670	1.6834604884974398	1
QID671	2.7200309245380256	1
QID672	7.3959033658722015	1
QID673	5.686855021307366	2
QID674	9.143526766147707	2
QID675	2.419877758701696	1
QID676	7.290063644943338	1
QID677	9.32657001779564	2
QID678	0.8103252231281565	1
QID679	8.955103128705309	1
QID680	1.6473116266474543	1
QID681	3.6203773449802927	1
QID682	6.094939927018983	1
QID683	10.552378368441948	1
QID684	5.622732822076794	2
QID685	5.100079018432281	1
QID686	13.14622025441968	1
QID687	8.300630847794563	2
QID688	0.5177822217264849	1
QID689	1.207573869254959	1
QID690	2.6283223784911454	2
QID691	1.6217741683865916	2
QID693	0.6896791071338267	1
QID694	5.76964412633047	2
QID695	0.479900669989132	1
QID696	0.009500253616175508	1
QID697	2.050511433599098	1
QID698	1.4605535357683908	1
QID699	3.2211377175771068	1
QID700	1.390363043320343	1
QID701	10.717050141693058	2
QID702	2.312735395833132	1
QID703	0.9678066610009802	1
QID704	0.012401909703321808	1
QID705	1.595409906302785	1
QID706	1.9250788057630102	1
QID707	0.007179830419661633	1
QID708	2.8351718767473817	2
QID709	0.8216297697376601	1
QID710	0.9384222845849848	2
QID711	6.440817980349364	2
QID712	9.24293608615086	1
QID713	0.7241393870154345	1
QID714	2.256959420172316	2
QID715	4.4605511605131225	1
QID716	4.792481702004756	1
QID717	10.574638010173892	3
QID718	3.803037065740109	1
QID719	7.46287357576192	4
QID720	3.0122913876418127	1
QID721	0.610729701637753	1
QID722	8.873402616318828	2
QID723	0.766430462662821	1
QID724	6.1787839191771505	1
QID725	8.165220152892902	3
Q2684	14.60633486479959	1
QID726	10.159286122736727	1
QID727	4.225838125152824	1
QID728	3.3500991673330613	2
QID729	9.200937860509596	1
QID730	2.7917461186265564	1
QID731	8.325414623195782	1
QID732	2.4388556538516006	1
QID733	5.355482824012903	1
QID734	1.1004725545966385	1
QID735	3.74078072373224	1
QID736	1.766939786164473	1
QID737	2.6268988341058312	1
QID738	6.9505298391494295	1
QID739	9.115128218429797	1
QID740	2.3369081927284565	3
QID741	5.451083617540356	1
QID742	1.5407453003404534	1
QID743	2.867567692966916	1
QID744	2.0293384723992167	1
QID745	0.3135188996024351	1
QID746	6.350861928983426	1
QID747	0.13179149811671362	1
QID748	4.150775258923279	1
QID749	1.7305517852735777	1
QID750	0.8343673129509307	1
QID751	2.6613148423723807	1
QID752	4.8645385143546465	2
QID753	5.41131114215775	1
QID754	5.167369133650394	2
QID755	3.243583875337217	1
QID756	7.8768581000169275	3
QID757	4.759808053603415	2
QID758	4.844798768494812	1
QID759	0.8610535725180328	1
QID760	5.4488435465747385	1
QID761	1.763931028703513	1
QID762	0.041065447815817405	1
QID763	0.17446068891427216	1
QID764	2.3189396694145774	1
QID765	4.7398681651375405	1
QID766	3.0141589225330025	1
QID767	0.7357809527684468	1
QID768	0.04300924891390501	1
QID769	5.725563341584268	1
QID770	4.70411317723575	1
QID771	1.223272915307504	1
QID772	1.8994990647191807	1
QID773	2.8332989483278244	1
QID774	5.821354864019143	1
QID775	0.7362360165028471	1
QID776	1.5176378699283173	1
Q2685	9.379287610014618	2
QID777	8.314767527419669	2
QID778	9.018958546852843	1
QID779	1.763438698734971	1
QID780	4.1314080922205365	1
QID781	5.542875760480026	1
QID782	2.9819108006658563	1
QID783	0.9396515875002056	1
QID784	2.8765791886760503	2
QID785	9.743529139394195	1
QID786	3.496253776091426	1
QID787	4.054413597248564	2
QID788	1.8702511043361711	1
QID789	5.001692837554665	1
QID790	10.384642729326767	1
QID791	2.4050840225015926	1
QID792	0.13217090051725267	1
QID793	2.4671111887317623	1
QID794	1.4316702163680493	2
QID795	3.674990292274976	1
QID796	2.1587674995912143	1
QID797	1.77637388064151	1
QID798	1.014105987155927	1
QID799	1.6726739990704875	1
QID800	6.0456674216823165	1
QID801	4.11872616517929	1
QID802	1.2407233016953494	1
QID803	7.6842269868741075	1
QID804	6.456766487637963	1
QID805	5.103117426327897	1
QID806	5.214329254335885	1
QID807	7.463243104228572	1
QID808	0.13714208910812115	1
QID809	3.7495227592255183	2
QID810	3.80585126026888	1
QID811	2.2500413506984196	1
QID812	3.451749738034537	1
QID813	6.5441436064103655	1
QID814	3.496924260808959	1
QID815	1.117912577757826	1
QID816	2.5586769515415373	1
QID817	6.165811349299989	3
QID818	1.0996158273476258	1
QID819	3.8085563076145963	1
QID820	9.497220004984962	1
QID821	8.163855297247101	1
QID822	0.2303233472251054	1
QID823	0.3028714649838154	1
QID824	3.4042065549653144	1
QID825	0.6868856562959226	1
QID826	6.533745864756228	1
QID827	0.4477747261619625	1
Q2686	0.3977291645754059	2
QID828	9.003866290510679	2
QID829	2.744065998797504	1
QID830	9.664291389533119	1
QID831	1.8562291986207904	1
QID832	2.1647132414044963	1
QID833	6.197596749483536	1
QID834	0.12065840437675307	1
QID835	4.4942058863817085	1
QID836	4.572786824089418	1
QID837	1.6017255281840417	1
QID838	0.33021322226132044	1
QID839	3.5929823374113488	2
QID840	2.727587690656094	1
QID841	3.894445333218783	1
QID842	7.344681005784628	1
QID843	0.09567858771672018	1
QID844	7.353766497003682	1
QID845	5.751615894087322	1
QID846	1.0160114229734725	1
QID847	8.586194618822399	1
QID848	5.69808662294448	1
QID849	0.2498991127584123	1
QID850	3.2358282173948316	1
QID851	3.390786550378462	2
QID852	2.8179111473906797	1
QID853	5.983241324020638	1
QID854	1.6934463647695372	1
QID855	4.309889602926718	1
QID856	0.01476947913916269	1
QID857	1.7037402381241955	1
QID858	3.5101716920893686	1
QID859	0.42216780503171103	1
QID860	6.4451437293388665	2
QID861	2.837786035991816	2
QID862	2.558178727582558	2
QID863	1.2055921248428905	1
QID864	5.804834711776157	1
QID865	4.6653640366010105	1
QID866	4.760325621963389	1
QID867	5.014489435287175	1
QID868	2.659634314554024	1
QID869	1.8746478780129228	1
QID870	1.0305904150146004	1
QID871	3.5856732032447676	1
QID872	2.8831633245232386	1
QID873	5.04434562793708	1
QID874	2.2621301968654177	1
QID875	5.964630102236731	1
QID876	2.313576728666232	1
QID877	4.972566633286255	2
QID878	3.1547412616440327	1
QID879	5.267774574662322	1
QID880	6.478026795692883	1
QID881	0.9893516195740629	1
QID882	4.3931969771542665	1
QID883	4.661450534366111	1
QID884	5.921309044953826	1
QID885	5.023605972444045	2
QID886	3.304415818403057	1
QID887	0.9581202782826346	1
QID888	4.428259932996312	1
QID889	5.45178437834784	1
QID890	2.2290828975568986	1
QID891	3.4544858525412847	1
QID892	7.615014364459918	1
QID893	16.57234190460094	2
QID894	6.348268377776064	1
QID895	1.7105637160157503	1
QID896	5.629707548817699	2
QID897	1.8102323191597525	1
QID898	4.310168489599232	1
QID899	2.6641223579321798	1
QID900	1.6458234401558658	1
QID901	0.02522735137539297	1
QID902	7.002387703216332	2
QID903	22.332714211246053	2
QID904	5.782446266297785	2
QID905	5.106249806301106	2
QID906	3.0193316092859463	1
QID907	0.4780501015849262	1
QID908	6.242147070629801	1
QID909	7.5060333506968675	3
QID910	4.584276722877822	1
QID911	5.4880991923612665	1
QID912	0.620705449393439	1
QID913	0.6949303244925842	1
QID914	1.4056250971674609	1
QID915	0.043799419515745536	1
QID916	0.5055811942407298	1
QID917	3.882217632148168	1
QID918	1.3640918540831954	1
QID919	1.9252813465408003	2
QID920	5.991717593767791	1
QID921	0.6157889242254273	1
QID922	5.616178528221357	1
QID923	1.6772299203832497	1
QID924	2.797437785551296	1
QID925	0.20381289067663652	1
QID926	0.007103467447295772	1
QID927	2.195802290822224	2
QID928	2.9053094928581578	1
QID929	1.2088225468594878	1
QID2687	1.2088225468594878	1
QID929	1.2088225468594878	1
QID2687	1.2088225468594878	1
QID930	7.510885378956629	1
QID931	10.794596702111091	2
QID932	6.221067372193643	1
QID933	0.5101218146574871	1
QID934	9.735381633179335	1
QID935	0.8060350850097738	1
QID936	1.0259375007663711	1
QID937	0.31893244850055513	2
QID938	3.2696416244456064	1
QID939	2.2924838817143147	1
QID940	0.2341687926952757	1
QID941	2.6913784798967826	1
QID942	0.2561159729091059	1
QID943	7.718126780149706	1
QID944	2.8297293433199244	1
QID945	6.921319631392103	1
QID946	6.808799628515325	1
QID947	1.0342326152876251	1
QID948	7.984490476143218	1
QID949	3.478039356552239	1
QID950	0.08126264005771751	1
QID951	2.598739936413052	1
QID952	1.1578522819641943	1
QID953	2.09886699939404	1
QID954	1.176999603868493	1
QID955	0.8008228708075935	2
QID956	4.6186186002718586	1
QID957	2.1820584848856632	2
QID958	0.498477965063035	1
QID959	0.6531201582795877	1
QID960	2.67541344631604	1
QID961	0.22943206018593956	1
QID962	1.3593750224032723	1
QID963	2.5457621014945544	1
QID964	0.14885662793197174	1
QID965	7.9509010783252725	1
QID966	0.8367747409631866	1
QID967	0.4034720175439258	1
QID968	0.8883154030834031	2
QID969	2.4491402534729945	1
QID970	3.2314939199202306	1
QID971	2.919787452776885	1
QID972	6.771456830409795	1
QID973	0.09731960658075957	1
QID974	0.04639716443491977	1
QID975	7.601773671916693	1
QID976	0.7818345569294045	1
QID977	1.7150279634483192	1
QID978	10.20841237532193	2
QID979	9.606885123723805	2
QID980	12.958302083809054	2
QID981	0.5828252620891123	1
QID982	4.621276496580234	1
QID983	0.03301897383024357	1
QID984	4.377636745328978	1
QID985	2.112746839865874	1
QID986	0.005638556033820218	1
QID987	6.773201001344176	2
QID988	4.928540865884335	1
QID989	3.6184180916134636	1
QID990	1.0246515278139487	1
QID991	13.732055106681711	2
QID992	3.0019023788679844	1
QID993	6.598196484146844	1
QID994	2.2809136105658627	1
QID995	4.046577434754493	2
QID996	4.8269208870509965	1
QID997	12.43550082807351	1
QID998	6.055127760447802	2
QID999	2.5324335822915183	1
QID1000	1.5766534503897496	1
QID1001	3.163502928776567	1
QID1002	0.4841969906142419	1
QID1003	0.8164889790010577	1
QID1004	9.188178641769946	1
QID1005	0.011146306492933793	1
QID1006	1.8684002421018069	2
QID1007	9.101956767486406	2
QID1008	7.887210160381542	1
QID1009	4.43187916165821	1
QID1010	1.7254322921666403	1
QID1011	3.502208988488092	1
QID1012	1.1552290788650674	1
QID1013	0.976881208757447	1
QID1014	1.9272902450950289	1
QID1015	2.9675842970338464	1
QID1016	5.266748029793624	1
QID1017	0.5308779436093366	1
QID1018	2.5652921805600992	1
QID1019	2.6353440170301994	1
QID1020	7.4949824777932825	2
QID1021	0.95806162271252	2
QID1022	0.4337745232594058	1
QID1023	0.04252072531438167	1
QID1024	2.5407477513834658	1
QID1025	0.8436231445985658	1
Q2688	0.6351187060634104	2
QID1026	11.688063187984564	1
QID1027	1.0575606965204547	1
QID1028	4.984719999744838	1
QID1029	4.958534857154215	2
QID1030	1.0521001225800404	1
QID1031	1.2546529808447702	1
QID1032	9.101621522597322	1
QID1033	3.0382068981082964	1
QID1034	3.808247573255428	1
QID1035	5.767258082408823	1
QID1036	1.008375603437527	1
QID1037	9.651188901263783	2
QID1038	5.521030798916383	1
QID1039	5.783244669435903	1
QID1040	0.2533504274824377	1
QID1041	4.466036018400554	2
QID1042	3.28201320159956	1
QID1043	0.573320799356265	1
QID1044	1.6790769730310895	1
QID1045	8.865739621616713	2
QID1046	3.263336639334208	2
QID1047	11.124696762491288	1
QID1048	4.107408581111133	1
QID1049	11.225497443193305	3
QID1050	3.128762249704073	2
QID1051	4.318659583945661	1
QID1052	1.4168400660773608	1
QID1053	3.582351860079564	1
QID1054	5.446747013630059	1
QID1055	0.3399863927004267	1
QID1056	1.4541575872176544	2
QID1057	4.042105797175531	1
QID1058	4.117460361229084	1
QID1059	1.2120473866759884	1
QID1060	1.2773758241415063	1
QID1061	2.2016396862708483	1
QID1062	1.9232546678781917	1
QID1063	1.7426998295370395	1
QID1064	7.906885776288743	1
QID1065	5.546653421925191	1
QID1066	3.430199354801842	2
QID1067	11.372814951836753	1
QID1068	0.24880485240479205	1
QID1069	3.423908081983741	2
QID1070	1.3522561159690454	1
QID1071	3.5822400614264547	1
QID1072	0.9138596213991196	1
QID1073	3.9300334397318446	2
QID1074	3.2918307699754017	2
QID1075	10.67841491609719	2
QID1076	0.9716830880761396	1
QID1077	5.927166329962825	1
QID1078	0.008435156312946696	1
QID1079	4.27672364020812	1
QID1080	0.16215876811265034	1
QID1081	1.4927484013105543	1
QID1082	12.8520218641396	1
QID1083	4.3085677390430375	1
QID1084	7.266884489745219	1
QID1085	11.739503863158726	2
QID1086	5.40138610284888	1
QID1087	1.9213928878685234	1
QID1088	6.602399346891249	1
QID1089	1.2331013798113808	1
QID1090	0.4336676848934092	1
QID1091	3.6812844003661875	1
QID1092	3.940793402444376	2
QID1093	2.287598627403685	1
QID1094	5.772531954567063	1
QID1095	1.4234193892561802	1
QID1096	2.9166631711753763	1
QID1097	2.7499510937548814	1
QID1098	0.1853117249787662	1
QID1099	3.9588090740606536	1
QID1100	4.838540012772691	1
QID1101	5.690110427365607	1
QID1102	0.19554331628911206	1
QID1103	6.2948659800225935	2
QID1104	0.9439740582905244	1
QID1105	0.9266113641529604	1
QID1106	2.23942281174627	1
QID1107	6.807575762608521	1
QID1108	0.9591572535040164	1
QID1109	1.0495130532368666	1
QID1110	4.758451841147173	1
QID1111	4.750056124892421	1
QID1112	4.798708592130009	1
QID1113	1.8038124960520223	1
QID1114	8.039926908314271	1
QID1115	2.82906775815437	1
QID1116	3.3734502260862977	1
QID1117	3.12638635881728	1
QID1118	0.616481810321843	1
QID1119	0.9055727318918032	1
QID1120	2.5962300008539034	1
QID1121	1.7287352732327446	2
QID1122	3.0846261470670804	1
QID1123	12.352914635545194	1
QID1124	7.1106669399744895	1
QID1125	0.7425899590883492	1
QID1126	0.4165085192384096	1
QID1127	6.472273391409598	2
QID1128	3.1519110690900805	1
QID1129	5.504331369422246	1
QID1130	3.4040241733859906	1
QID1131	12.35793232870424	2
QID1132	3.8902850502464967	2
QID1133	5.9589460117237305	1
QID1134	5.152573577570504	1
QID1135	12.039761086714707	1
QID1136	4.575617100887429	1
QID1137	1.275578132541198	1
QID1138	5.639854327327543	1
QID1139	2.1054506514621782	1
QID1140	1.7550923959828748	1
QID1141	1.4836832642101585	1
QID1142	5.141972379376796	3
QID1143	1.3499158433913594	1
QID1144	0.2933456862245657	1
QID1145	2.3434373010613685	1
QID1146	7.5962088599573665	2
QID1147	7.6378297816532195	3
QID1148	2.5035111467047635	1
QID1149	7.7631457034809825	1
QID1150	5.724733502211769	1
QID1151	8.535699377690975	3
QID1152	1.3829165356316226	1
QID1153	3.2397236887596037	1
QID1154	10.527101842024257	1
QID1155	0.8009725018186314	1
QID1156	15.311686060008533	2
QID1157	2.4317322681453257	1
QID1158	3.5298341093348813	1
QID1159	3.1259186743503884	1
QID1160	1.6183808573162826	1
QID1161	2.8549636175540507	1
QID1162	5.815733656289082	1
QID1163	1.147861840582916	1
QID1164	6.261593626535793	1
QID1165	0.7570199155634139	1
QID1166	0.09618865826446706	1
QID1167	10.855100651277096	1
QID1168	4.578482054827428	2
QID1169	2.948556559280896	1
QID1170	11.446531779632581	1
QID1171	3.9081313959343738	1
QID1172	7.2375943551954665	1
QID1173	1.98229631490042	1
QID1174	0.6455315568918553	1
QID1175	5.886128285888949	1
QID1176	2.8955360203636107	1
QID1177	7.281794851415492	1
QID1178	4.316836715518846	1
QID1179	0.02189032816924056	1
QID1180	7.630968315938892	1
QID1181	3.888160236996345	1
QID1182	2.9831196237711857	1
QID1183	2.0654140949352064	2
QID1184	1.1926663784828893	1
QID1185	11.452941974744398	1
QID1186	3.8378379735070975	1
QID1187	7.799553071030222	1
QID1188	4.003747880313888	1
QID1189	4.311693739894183	1
QID1190	0.3813198198174441	1
QID1191	3.8526712918226487	1
QID1192	2.7215647796666507	1
QID1193	2.355955735085564	1
QID1194	14.846013900457649	1
QID1195	11.53523979286777	1
QID1196	0.8483477010285475	1
QID1197	1.8529482586372967	1
QID1198	12.44459516391394	1
QID1199	3.1547179543317516	2
QID1200	2.5374017125311967	1
QID1201	0.4490469169662116	1
QID1202	5.997232018963999	1
QID1203	2.0237638556456394	1
QID1204	4.221504757378395	1
QID1205	3.0070992366942537	1
QID1206	4.428168326319415	1
QID1207	5.343777067438001	1
QID1208	1.516544811762753	1
QID1209	0.3034416211507143	1
QID1210	6.24939960986905	1
QID1211	1.5273868806153423	1
QID1212	4.362252656278711	2
QID1213	8.387104637328143	1
QID1214	0.22674392127312695	1
QID1215	2.1918895570284707	2
QID1216	5.046054336981209	1
QID1217	2.3067795163759834	1
QID1218	2.6698763632882416	1
QID1219	13.79686468316164	1
QID1220	5.513168451641351	1
QID1221	5.39272911382704	1
QID1222	10.615637753374132	1
QID1223	0.872244329860273	1
QID1224	9.70254483269884	1
QID1225	2.2933064579874123	1
QID1226	5.4507555204882525	1
QID1227	4.205581391567083	1
QID1228	1.6632944571918244	1
QID1229	3.1135214665010853	1
QID1230	3.3652419784612038	1
QID1231	1.1731176658461604	1
QID1232	3.6172756844533236	1
QID1233	3.554860521573153	1
QID1234	0.40388038904075546	1
QID1235	2.2774206124845753	1
QID1236	2.0228750103347326	1
QID1237	0.047590205036448216	1
QID1238	1.0576330179517746	2
QID1239	4.092730391073	1
QID1240	1.8587634908270063	1
QID1241	4.348440417063287	1
QID1242	1.2573954438123711	1
QID1243	2.9854435001381554	1
QID1244	6.8126230269547365	1
QID1245	3.5658107690474625	1
QID1246	2.706708266206564	1
QID1247	1.9220499136373248	1
QID1248	0.7446477335411317	1
QID1249	11.55434168182521	1
QID1250	3.9504132103308183	1
QID1251	5.319610254806037	1
QID1252	0.03752793936139275	1
QID1253	0.11122336102573713	2
QID1254	0.00918555740991442	1
QID1255	1.839412560920991	1
QID1256	6.793412430568385	1
QID1257	4.1800992238237145	2
QID1258	5.853607944336204	1
QID1259	0.8870387390718534	1
QID1260	1.948638252219312	1
QID1261	0.2006474538762341	2
Q2689	0.21683735897101453	2
QID1262	12.006362031907127	2
QID1263	6.370751112586781	1
QID1264	0.9951188211412872	1
QID1265	5.654841514107928	1
QID1266	10.759387680310008	4
QID1267	10.373364560350133	1
QID1268	1.2100756590847326	1
QID1269	3.4233449329758634	1
QID1270	1.9311941099633647	2
QID1271	5.1447735213593395	1
QID1272	1.0054372019936118	1
QID1273	11.67437703219512	1
QID1274	0.07975154232286692	1
QID1275	4.5427823202965065	1
QID1276	3.1142746174769314	1
QID1277	3.849088000487964	1
QID1278	1.3859700543193474	1
QID1279	7.272777679916566	1
QID1280	4.888854801792905	1
QID1281	3.2817667763286935	1
QID1282	3.780150363640152	1
QID1283	4.15343620011201	1
QID1284	1.7511166631427022	1
QID1285	4.492348515310453	2
QID1286	10.022558520164749	2
QID1287	12.745734438988125	2
QID1288	0.7042473977710466	1
QID1289	1.7023004913453397	1
QID1290	9.234119995697966	3
QID1291	1.9486223902696265	1
QID1292	6.7164771598727775	1
QID1293	8.02626230579846	1
QID1294	4.496132064315288	1
QID1295	4.676240030035364	2
QID1296	2.288713698196529	1
QID1297	2.1398822694642554	1
QID1298	1.6038916371392056	1
QID1299	3.8671824179872663	1
QID1300	1.9051909750388998	1
QID1301	5.871172201041984	2
QID1302	0.6376093564713221	1
QID1303	7.2732861594357345	1
QID1304	5.647966496084428	1
QID1305	4.119816655676973	2
QID1306	3.100786528745429	1
QID1307	1.840356737366776	1
Q2690	2.9777530792979365	2
QID1308	6.257276311056148	1
QID1309	10.105787700402566	1
QID1310	7.550363537576188	1
QID1311	0.3239435627781036	1
QID1312	0.4321461698932476	1
QID1313	4.279859316629808	1
QID1314	1.277326662054581	1
QID1315	1.3828112473593412	1
QID1316	10.54752946226449	2
QID1317	12.279148822110855	1
QID1318	5.8884435806866735	1
QID1319	1.4399544300615919	1
QID1320	2.0736565713067767	1
QID1321	5.47002478382311	1
QID1322	6.218476638348769	1
QID1323	3.46132684648494	1
QID1324	0.4688755754127921	1
QID1325	2.391539229234347	1
QID1326	5.619088726928512	1
QID1327	0.14951170904396008	1
QID1328	5.556744915916611	2
QID1329	2.085342983705076	1
QID1330	9.272383473680039	1
QID1331	1.6369192781298278	1
QID1332	8.435111971301602	3
QID1333	4.0442444591788975	1
QID1334	2.4191052629532623	1
QID1335	5.2313056226873815	1
QID1336	0.1909505271157129	1
QID1337	8.455901918043697	1
QID1338	0.8952778071475158	1
QID1339	6.108064793210581	1
QID1340	0.44242930545871867	1
QID1341	2.803061332316344	1
QID1342	2.476553788075575	1
QID1343	3.5981976655827217	1
QID1344	0.5914782499160981	1
QID1345	3.807469851507433	1
QID1346	0.2803343962082749	1
QID1347	4.799334883916902	1
QID1348	19.039453832679435	5
QID1349	1.4992511405872868	1
QID1350	7.470756555206346	2
QID1351	14.224882589534161	2
QID1352	0.1856618243710596	2
QID1353	10.750420091621194	2
QID1354	1.2134345150434438	1
QID1355	6.71502145226413	1
QID1356	1.33171262146045	1
QID1357	8.06379713588546	2
QID1358	1.2275713843975369	1
QID1359	0.5969810722252626	1
QID1360	8.902441552618589	1
QID1361	2.790127695667777	1
QID1362	12.954734493999993	1
QID1363	4.568961153861556	2
QID1364	4.494576727977129	1
QID1365	3.384783962549257	1
QID1366	13.516836765711348	2
QID1367	1.8480413191184055	1
QID1368	2.745451929721721	1
QID1369	4.9496427279919955	1
QID1370	0.6190558472574017	1
QID1371	0.7575262705835327	2
QID1372	5.221722361484042	1
QID1373	1.6908646322198304	1
QID1374	3.3911599313815377	1
QID1375	4.503052077060615	1
QID1376	2.257966626774355	1
QID1377	3.661961782283321	1
QID1378	1.6131384837720093	1
QID1379	4.434116551856771	1
QID1380	6.698338793062319	1
QID1381	1.5056223445473826	1
QID1382	5.352412071065708	1
QID1383	1.7876638571100418	1
QID1384	0.7801182615012641	1
QID1385	4.708413843583383	1
QID1386	4.110806288531398	1
QID1387	2.273098480236457	1
QID1388	0.16957641820905345	1
QID1389	2.4321549713330395	1
QID1390	7.262808235848169	1
QID1391	2.233062080743204	1
QID1392	0.9342492463306208	2
QID1393	4.6166005730702215	1
QID1394	3.19770596380395	1
QID1395	4.455039432369514	2
QID1396	2.644610350704803	1
QID1397	0.4904270655280689	2
QID1398	7.2245069798193295	1
QID1399	4.529559724599864	1
QID1400	5.137402716350468	1
QID1401	3.148166131741239	1
QID1402	1.7957684760147743	1
QID1403	1.9845495711646282	1
QID1404	5.628437891741638	1
QID1405	7.367476809595169	1
QID1406	2.9684606669224447	1
QID1407	3.8595843700146655	1
QID1408	8.029336939791467	1
QID1409	0.4570796865031892	1
QID1410	5.042397336979763	1
QID1411	3.3280222789034006	2
QID1412	4.52714613410182	1
QID1413	0.6680929150032083	1
QID1414	5.967448858730456	2
QID1415	6.873136881919151	2
QID1416	1.7917695219881893	1
QID1417	6.323265392765454	2
QID1418	2.011566607292583	1
QID1419	0.14787966385866605	1
QID1420	3.725226088847913	1
QID1421	0.7973417638580615	1
QID1422	12.110368194459118	1
QID1423	5.700872925489635	1
QID1424	1.827331700547124	1
QID1425	3.154090835870195	1
QID1426	2.103295879020397	1
QID1427	0.40533396277719697	1
QID1428	4.563259306751891	1
QID1429	3.1120513978180884	1
QID1430	0.2830333492875908	1
QID1431	5.9548709728184726	1
QID1432	3.651467429646941	1
QID1433	0.2761620843608956	1
QID1434	2.611049406730371	1
QID1435	2.643768074247328	1
QID1436	6.289205699183661	1
QID1437	5.4448883660250065	1
QID1438	1.205486547344245	1
QID1439	1.3341566450751114	1
QID1440	1.0834508860595675	1
QID1441	0.09096852507689404	1
Q2691	1.0488250674020008	2
QID1442	8.900666849808239	1
QID1443	7.308728010059293	1
QID1444	3.4866041322972565	1
QID1445	6.287037970005872	1
QID1446	0.8169102378497276	2
QID1447	6.090177150808897	1
QID1448	9.298640212569838	1
QID1449	2.9020079062706965	1
QID1450	8.809417230903364	1
QID1451	2.1182496548649365	1
QID1452	7.0476263542571065	1
QID1453	0.4096526483676735	1
QID1454	2.1376731436004635	1
QID1455	1.1977367934557752	1
QID1456	0.004893131441219207	1
QID1457	7.517517974520977	1
QID1458	3.2044806758857427	1
QID1459	1.9308153597011681	2
QID1460	4.475518898001316	4
QID1461	0.4585760049335936	1
QID1462	3.7218361768355774	3
QID1463	5.014417048026752	1
QID1464	0.9252152851679804	1
QID1465	3.728644158548056	1
QID1466	4.338619855184429	1
QID1467	3.2991647709692518	1
QID1468	3.2911364771436156	2
QID1469	0.8032149866855365	1
QID1470	4.025947915904284	1
QID1471	6.303657879832298	1
QID1472	1.107742953864586	1
QID1473	5.607343826450556	1
QID1474	0.1183974690297468	1
QID1475	2.7276314160728607	1
QID1476	2.927188679958576	1
QID1477	5.470440844955242	2
QID1478	1.0369396914820124	1
QID1479	9.027287080410558	1
QID1480	3.49069096745582	1
QID1481	0.74978409610283	1
QID1482	7.219455970255207	1
QID1483	3.5511192676639403	1
QID1484	6.746959554052883	1
QID1485	1.8402024174436875	2
QID1486	1.5460176774711931	1
QID1487	4.4861769240649245	1
QID1488	2.4939908110043683	1
QID1489	5.116127170570851	1
QID1490	5.566558046389124	1
QID1491	5.2729681663893615	1
QID1492	2.530733511666876	1
QID1493	2.1989420190934514	1
QID1494	3.715306642729204	1
QID1495	0.9828082935471254	2
QID1496	4.119078363491949	1
QID1497	5.354683921984443	1
QID1498	1.570457807635492	2
QID1499	1.7068635409490267	1
QID1500	0.6322260622350214	1
QID1501	5.266972774593165	1
QID1502	0.1104586199339084	1
QID1503	0.7799368901140582	2
QID1504	4.524917244432749	1
QID1505	1.309410309495678	1
QID1506	2.650559440312519	1
QID1507	6.777726889719911	1
QID1508	5.769449198442513	1
QID1509	3.866927174009912	1
QID1510	2.2575860441333933	1
QID1511	0.3488187868421464	1
QID1512	0.16051436137878106	1
QID1513	3.0840256959253374	1
QID1514	4.064974263321823	1
QID1515	8.628454029074973	1
QID1516	0.012837462052252332	1
QID1517	1.75571605146743	1
QID1518	7.472934629582052	1
QID1519	1.914434012361196	1
QID1520	5.506994183158501	3
QID1521	0.008647462600931426	1
QID1522	2.315640333719756	1
QID1523	3.345182633271509	1
QID1524	5.102892590191848	1
QID1525	0.7451871306207448	1
QID1526	0.954350850937548	1
QID1527	0.2822313819729245	1
QID1528	0.5717577954870059	2
QID1529	7.3705917765660525	1
QID1530	2.3775024545009544	1
QID1531	8.37298662385148	1
QID1532	1.3591014325677842	1
QID1533	1.9493183060353148	1
QID1534	5.146123771076899	1
QID1535	0.6800090461310943	1
QID1536	1.8169657313051597	2
QID1537	2.5173791521672038	1
QID1538	7.418889238347568	1
QID1539	0.7806885274296128	1
QID1540	9.007155962471547	1
QID1541	1.9363096250772756	1
QID1542	1.2009761760356936	1
QID1543	7.240000356271455	1
QID1544	5.291096900916764	1
QID1545	0.999699671962916	1
QID1546	1.2917622423869883	1
QID1547	0.528420102273669	1
QID1548	1.0998338969843051	1
QID1549	2.270681171105412	2
QID1550	3.862079629534028	1
QID1551	6.017538588336389	1
QID1552	2.8767249874150598	1
QID1553	2.1965388976712155	1
QID1554	2.993911016247188	1
QID1555	2.7620939477295767	1
QID1556	8.23224588406864	2
QID1557	0.09239840890352087	1
QID1558	4.494679144087269	2
QID1559	4.6844878267814725	1
QID1560	0.6527824675783328	1
QID1561	8.554218854122409	1
QID1562	2.362899801051837	1
QID1563	6.002030605449193	2
QID1564	3.4908161899944004	1
QID1565	3.4033666782236525	1
QID1566	0.04562612255667781	1
QID1567	2.182559402011476	1
QID1568	0.8130015897845024	1
QID1569	1.6229226784039608	1
QID1570	1.6192073082687035	1
Q2692	8.579453543061637	2
QID1571	8.172057615897678	1
QID1572	14.110969869150065	2
QID1573	11.419934827252906	2
QID1574	7.976568235717517	3
QID1575	2.416396750646885	1
QID1576	4.086147938044726	1
QID1577	3.099163657076033	1
QID1578	1.0124191089113528	1
QID1579	3.3542554840335166	1
QID1580	2.922935627081133	1
QID1581	0.9105774208383196	1
QID1582	0.3312574762174183	1
QID1583	0.7063777980391279	1
QID1584	2.159489001121216	1
QID1585	3.2019560913371623	1
QID1586	0.6129839950551065	1
QID1587	10.154697094095471	1
QID1588	0.03227239166924965	1
QID1589	0.009906203402990615	1
QID1590	3.0437988705596943	1
QID1591	14.566538689121339	3
QID1592	4.0638533322732435	1
QID1593	8.327961101541685	3
QID1594	2.2993237637371764	2
QID1595	1.2362475089229452	1
QID1596	6.428064414261497	1
QID1597	7.846648487346593	3
QID1598	4.07541406481677	1
QID1599	6.3892799381185545	1
QID1600	1.520756686985656	1
QID1601	3.2348022266710355	1
QID1602	2.7972472707133633	1
QID1603	0.9053962388792348	1
QID1604	1.0297923525464956	1
QID1605	1.2214571898630464	1
QID1606	0.16099051180885035	1
QID1607	0.00654973977767458	1
QID1608	1.7910814791261818	1
QID1609	2.8309408803650666	1
QID1610	0.9224130669995232	1
QID1611	2.6596158410761537	1
Q2693	9.870992065470496	2
QID1612	13.941512289160752	2
QID1613	3.523000010239067	1
QID1614	11.979081501331143	3
QID1615	4.919754627787907	1
QID1616	5.8115069569794455	1
QID1617	0.08144865399341256	1
QID1618	0.051565980116349656	1
QID1619	4.00431278885251	1
QID1620	5.281912928425192	2
QID1621	6.04347040676663	2
QID1622	1.373058995928835	1
QID1623	2.436596193628473	1
QID1624	0.9051771902171626	1
QID1625	6.5712596486352135	1
QID1626	2.3428407621690552	1
QID1627	6.459316108134722	3
QID1628	6.124742952591635	2
QID1629	3.422951678061862	1
QID1630	6.144175495995821	1
QID1631	3.8657475819443023	1
QID1632	2.721335666376815	1
QID1633	2.5577639962105376	2
QID1634	4.702689230489018	1
QID1635	1.329298917336602	1
QID1636	7.353175041634161	1
QID1637	0.3881567130757927	1
QID1638	4.867660478970964	1
QID1639	0.6987607225624712	1
QID1640	1.6638455274638333	2
QID1641	0.3656330656003596	1
QID1642	3.383122253502817	2
QID1643	1.0511789492846946	1
QID1644	3.513023606897647	1
QID1645	3.779106469597242	1
QID1646	0.7336236880045495	1
QID1647	3.62923465719681	1
QID1648	6.691048620687598	2
QID1649	5.36266534003234	2
QID1650	0.04161791797748916	2
QID1651	2.434441757204634	1
QID1652	5.3513585464991005	2
Q2694	1.5118681450261071	2
QID1653	4.674452266527784	3
QID1654	9.398399738170891	1
QID1655	4.318429161920121	1
QID1656	1.4592842107133774	1
QID1657	1.9663297966929008	1
QID1658	8.055926123735691	2
QID1659	1.5039068924165666	1
QID1660	7.395186071686616	1
QID1661	2.4776974425293754	1
QID1662	2.6114767487994044	1
QID1663	0.8883053774459302	1
QID1664	5.983721161379157	1
QID1665	0.4232384467390269	1
QID1666	1.3724113091833865	1
QID1667	0.02031980387647249	1
QID1668	6.102744481344883	2
QID1669	9.442045299181263	1
QID1670	4.8217106341030505	1
QID1671	0.5164019865353724	1
QID1672	0.5327990792921767	1
QID1673	1.7008054560601036	2
QID1674	5.95569953962413	1
QID1675	1.499405459554895	2
QID1676	1.8157173834082256	1
QID1677	7.6048942495057865	1
QID1678	9.971146562565568	3
QID1679	4.168434984587694	1
QID1680	4.959941999321961	1
QID1681	0.10073075946699477	1
QID1682	1.272935988863665	2
QID1683	6.1358899165991865	2
QID1684	8.312128383888457	1
QID1685	1.7477428787999851	1
QID1686	0.964855721126106	1
QID1687	2.4178420436944608	1
QID1688	2.5032649520748453	1
QID1689	4.1688033209262905	1
QID1690	2.2895356280802117	1
QID1691	2.467853420388176	1
QID1692	1.7044925324511166	2
QID1693	12.0843994877129	2
QID1694	5.609528401315224	1
QID1695	1.5398428341160881	1
QID1696	9.45169937411778	2
QID1697	4.853586295449007	1
QID1698	0.3506065278462117	1
QID1699	0.3891344612107661	1
QID1700	3.7581118785444056	1
QID1701	0.901283526624734	1
QID1702	13.604238152606785	3
QID1703	9.944610537905515	3
QID1704	7.755475653759935	1
QID1705	0.1594330087862932	1
QID1706	4.630743689616335	1
QID1707	3.7703895816199715	1
QID1708	0.9146244898487522	1
QID1709	0.04509619253168528	1
QID1710	9.266094175854963	1
QID1711	1.8645132961324429	1
QID1712	1.3023701457377417	1
QID1713	2.61581041144257	1
QID1714	6.161390668143864	1
QID1715	3.0816324319797013	1
QID1716	10.044887808967458	2
QID1717	3.0272837768947527	1
QID1718	1.3000197272352214	1
QID1719	2.479316133469591	1
QID1720	3.1872317931095933	1
QID1721	6.887966924304608	1
QID1722	12.06665613880898	1
QID1723	0.3857101431155857	1
QID1724	0.8395293799424084	1
QID1725	4.956729267608617	1
QID1726	2.1128131670987496	1
QID1727	3.515829347780225	1
QID1728	1.8348232079492492	2
QID1729	13.081856710578366	2
QID1730	7.36544217703524	1
QID1731	3.0275720287590597	2
Q2695	5.38921176362071	2
QID1732	11.908266532022756	1
QID1733	4.707939604790746	1
QID1734	5.103393750021515	1
QID1735	5.706220328712495	1
QID1736	0.06846076328848866	1
QID1737	12.161302918574435	2
QID1738	4.535509703555976	1
QID1739	8.345857002288605	1
QID1740	3.3176627126735467	1
QID1741	0.1566508681910196	1
QID1742	1.7912733398285066	2
QID1743	2.4198511742488864	1
QID1744	8.011962504390903	1
QID1745	2.9626989092666447	1
QID1746	0.5758965184880315	1
QID1747	6.326548526712594	2
QID1748	3.5183214254914668	1
QID1749	1.1913003206296429	1
QID1750	2.086803349597687	1
QID1751	7.901290278903664	1
QID1752	0.1270032009767948	1
QID1753	4.070577591417209	1
QID1754	5.207914836063488	1
QID1756	7.013681337541852	1
QID1757	1.1315892096713238	1
QID1758	6.820402982208671	2
QID1759	2.5354315230344606	1
QID1760	6.4540098635443846	1
QID1761	1.2551889818997544	1
QID1762	3.784618290697895	1
QID1763	7.279960136674812	1
QID1764	2.02475246927083	1
QID1765	5.552857982251637	1
QID1766	0.8923169777978809	1
QID1767	0.8540960125376037	1
QID1768	0.1985732852302127	1
QID1769	7.566544764278432	1
Q2696	0.05692342576713725	1
QID1770	7.38810366214279	1
QID1771	8.960387780375244	1
QID1772	10.25956263652968	1
QID1773	3.5069708047182053	1
QID1774	7.832280894429338	1
QID1775	3.851786677050951	1
QID1776	3.9461426479683133	2
QID1777	1.1295622190375585	1
QID1778	1.411654538483571	1
QID1779	8.564567841654563	3
QID1780	0.7519286378390121	1
QID1781	1.0919298773074415	1
QID1782	5.088161649368733	2
QID1783	5.15125478749256	1
QID1784	1.4968484842850882	1
QID1785	7.061652653914336	1
QID1786	0.0045786904590162615	1
QID1787	7.6505837338366875	1
QID1788	1.1328271066899136	1
QID1789	0.9766726920672336	1
QID1790	6.7077966939252125	1
QID1791	2.0630417709445212	1
QID1792	2.197080128893317	1
QID1793	7.450295002531992	1
QID1794	0.5763938147007274	1
QID1795	0.5672427627062918	1
QID1796	3.6919462858335064	1
QID1797	0.8569078804165883	1
QID1798	9.458612635475554	1
QID1799	8.089106942126307	1
QID1800	1.5918232279885032	1
QID1801	1.3560293071340952	1
QID1802	5.310158051476474	1
QID1803	3.4733303093252847	1
QID1804	1.624607072479683	1
QID1805	0.008883281323269014	1
QID1806	0.20720271676506502	1
QID1807	0.4069166119958094	2
QID1808	5.05219919412263	1
QID1809	4.325023890748724	1
QID1810	6.866455889907902	1
QID1811	2.6306839293821858	1
QID1812	0.7692824219380308	1
QID1813	3.7360643921672154	1
QID1814	0.3937400585297858	1
QID1815	2.8147346198000114	1
QID1816	9.322094615447881	1
QID1817	9.35424563129986	1
QID1818	6.508158204281782	1
QID1819	1.8452933068104909	1
QID1820	14.736368064149795	1
QID1821	3.2083716836189806	1
QID1822	5.519120554726856	1
QID1823	0.3041724872507944	1
QID1824	3.0899680657571658	2
QID1825	2.7804457702972027	1
QID1826	2.098955023015624	1
QID1827	3.7369132493535084	1
QID1828	2.2594322916974123	1
QID1829	0.5533150403646316	1
QID1830	0.003731914076485348	1
QID1831	3.9042540665765118	1
QID1832	0.4752693726169493	1
QID1833	6.94407260562256	1
QID1834	4.228962256535138	1
QID1835	1.176603930512618	1
QID1836	1.5861763252711532	1
QID1837	3.4794063942538567	1
QID1838	3.7379822274214543	1
QID1839	0.00906358076218072	1
QID1840	3.9816243451761	1
QID1841	1.4752168350117785	2
QID1842	1.1489955360177069	1
QID1843	10.089808328737627	1
QID1844	3.9416511758819857	1
QID1845	1.1201299306519268	1
QID1846	4.1922785508491165	2
QID1847	3.684422079056632	1
QID1848	4.800983182615976	1
QID1849	9.417061294700087	1
QID1850	4.3002801074162695	1
QID1851	3.847865707109989	1
QID1852	1.7612708117688698	1
QID1853	5.9306154883089235	1
QID1854	1.144608992928967	1
QID1855	2.558541891033757	1
QID1856	1.4174202498760857	1
QID1857	0.4853596141528544	1
QID1858	0.9472859582696099	1
QID1859	8.769088893017539	2
QID1860	0.655391207092949	1
QID1861	3.3683271656061784	1
QID1862	9.756192217644942	1
QID1863	3.1892112716369727	1
QID1864	6.973672834763918	2
QID1865	2.7039674919175534	1
QID1866	3.313140147104178	1
QID1867	3.6200697380517184	1
QID1868	3.62305022814992	1
QID1869	2.498624732536044	2
QID1870	8.436129722575254	1
QID1871	3.7220847766699454	1
QID1872	11.149578282666893	2
QID1873	4.658029431881054	1
QID1874	0.3880054260047325	1
QID1875	6.3637065246853535	1
QID1876	3.396192988541872	2
QID1877	3.625348980086801	1
QID1878	0.5361695423689208	2
QID1879	3.594497191454202	1
QID1880	2.239987155432104	1
QID1881	2.855206828155424	1
QID1882	3.454129346898676	2
QID1883	5.634785499932375	1
QID1884	2.1698339576404786	2
QID1885	4.7242315368099215	1
QID1886	1.8904081446146224	2
QID1887	2.5301489129806334	1
QID1888	5.136419422522239	1
QID1889	1.7938565214815951	1
QID1890	5.955870014309433	1
QID1891	0.04771487535935437	1
QID1892	0.6232189716425446	1
QID1893	8.822963589958903	2
QID1894	0.09074402292830183	1
QID1895	2.143173002372924	1
QID1896	0.07958902807180374	1
QID1897	4.841406278713313	1
QID1898	3.2365374394513617	1
QID1899	6.949814464900192	1
QID1900	0.0057168168306580775	1
QID1901	5.182827515831772	1
QID1902	5.3761415534147625	1
QID1903	1.0904935413023422	1
QID1904	2.0274299683725583	1
QID1905	1.985524530600124	1
QID1906	0.06347395024430663	1
QID1907	3.6676765659040336	1
QID1908	6.704155402383112	1
QID1909	3.025599961020425	2
QID1910	3.4613900806311912	1
QID1911	1.3709992749181634	1
QID1912	4.310421837512854	2
QID1913	0.4769468918237333	1
QID1914	3.0154503405748203	1
QID1915	2.0194596273555474	1
QID1916	0.0900984464183324	1
QID1917	2.434224376016328	1
QID1918	2.591757508662294	1
QID1919	2.9457648581952545	1
QID1920	1.638812145994215	2
QID1921	16.889976151636866	2
QID1922	5.312770181733642	1
QID1923	4.05041284112728	1
QID1924	3.614878360074976	1
QID1925	5.957123864918175	2
QID1926	3.712306195791885	1
QID1927	2.955243703070021	1
QID1928	1.880984967931012	1
QID1929	3.2197072705734664	2
QID1930	1.3662916404976828	1
QID1931	2.0683915200218514	2
QID1932	7.841686721761394	1
QID1933	0.9356014048601384	1
QID1934	3.682489680254149	1
QID1935	6.0227229638251245	1
QID1936	8.765723307240574	1
QID1937	5.715824375243438	1
QID1938	8.496019616893276	1
QID1939	3.632652565770244	1
QID1940	1.1385774236087345	1
QID1941	4.3551327359103436	1
QID1942	4.26981719047929	2
QID1943	3.213964053229682	1
QID1944	0.8153999527489029	1
QID1945	1.8747596137450595	1
QID1946	10.31751465996806	2
QID1947	3.4314301133951624	1
QID1948	0.6698594118118995	1
QID1949	1.4003573926842594	1
QID1950	7.7364181993874475	1
QID1951	3.243295551143182	1
QID1952	0.4175317801983199	1
QID1953	1.1175937448768891	1
QID1954	5.823361971864077	1
QID1955	7.325462687830415	1
QID1956	16.097461172846092	3
QID1957	2.450830083940052	1
QID1958	4.104962071082035	1
QID1959	1.5626417711802458	1
QID1960	4.86317906343325	1
QID1961	3.8541725728237863	1
QID1962	0.748233457434953	2
QID1963	0.44549450850848143	1
QID1964	1.5451378736371597	1
QID1965	5.472927550247288	1
QID1966	3.4261518427450715	1
QID1967	2.6440080153509222	1
QID1968	5.107534509215264	1
QID1969	4.113136917319675	1
QID1970	0.839660443025671	1
QID1971	4.4200011919619415	1
QID1972	0.7384936426168067	1
QID1973	2.6956571538929204	1
QID1974	0.2706224610789821	1
QID1975	13.226340170179824	3
QID1976	1.0343171920742984	4
QID1977	7.905981499961566	1
QID1978	4.127285163762707	1
QID1979	0.12968839087529202	1
QID1980	0.04562933818294601	1
QID1981	3.8646236392529394	1
QID1982	11.920413927761299	1
QID1983	1.6866087093725526	1
QID1984	7.542067759247272	1
QID1985	0.4467636238876616	1
QID1986	1.1758660684942173	1
QID1987	2.608636540750964	1
QID1988	8.094136276129204	1
QID1989	0.6420444991876856	2
QID1990	13.470324690495765	2
QID1991	9.120991197669268	2
QID1992	5.626162177520492	1
QID1993	2.6484300015772533	1
QID1994	7.405310691161801	1
QID1995	8.029157816077158	2
QID1996	1.3756152965797401	1
QID1997	2.2814067411451098	1
QID1998	0.02702042667689682	1
QID1999	12.817648850121207	1
QID2000	7.036363174487928	1
QID2001	0.3283386192616801	2
QID2002	1.3543606563838932	1
QID2003	8.556896862401034	1
QID2004	6.984210717398042	4
QID2005	4.425169491632347	1
QID2006	1.5783219456217352	1
QID2007	14.450513961427292	3
QID2008	2.9742018487741104	1
QID2009	0.030396896660464863	1
QID2010	6.499970627718004	1
QID2011	4.325107914242642	2
QID2012	2.362772605725355	1
QID2013	1.9300182674104644	1
QID2014	3.8792594825087887	2
QID2015	12.517333910666478	1
QID2016	1.8927563541046613	1
QID2017	1.3091554004185115	1
QID2018	6.289863977826784	1
QID2019	1.4984034063629792	1
QID2020	4.202982555744397	2
QID2021	5.378221821378741	1
QID2022	5.443889393851436	2
QID2023	6.824922006814607	1
QID2024	6.5525089831102905	1
QID2025	3.5779660215424207	1
QID2026	2.3696344295205582	1
QID2027	15.692607812963702	2
QID2028	2.8215574837942587	1
QID2029	2.1933797783110327	2
QID2030	7.835308833975497	1
QID2031	1.9560412306720865	1
QID2032	6.104325672852994	1
QID2033	3.8798291638797764	1
QID2034	3.0202478841555918	1
QID2035	5.630542980572863	1
QID2036	1.5243993150592232	1
QID2037	5.556315986567284	1
QID2038	0.7108118847665567	1
QID2039	4.946002016037314	1
QID2040	6.134171288592572	1
QID2041	5.478513884200213	1
QID2042	3.48780514242808	1
QID2043	3.2612815201892205	1
QID2044	0.14758732852155185	1
QID2045	2.641774374750111	1
QID2046	2.451138049031366	1
QID2047	9.874254920614003	2
QID2048	5.100060749129015	2
QID2049	10.03212950658636	1
QID2050	6.5185368627979745	1
QID2051	2.216163451250372	1
QID2052	2.5472431248776366	1
QID2053	1.217998446182441	1
QID2054	1.2944778780781452	1
QID2055	0.4420228635759152	1
QID2056	0.3201106370311125	1
QID2057	2.969999862868995	1
QID2058	1.6119229933531094	1
QID2059	7.0994835878147065	2
QID2060	1.7291942371924218	1
QID2061	1.423472011691713	1
QID2062	3.5904163702477727	1
QID2063	5.840759282946316	1
QID2064	0.9280520479120824	1
QID2065	2.6834871757775143	1
QID2066	2.9484259118780614	2
QID2067	2.571474436688542	1
QID2068	2.662398806013777	1
QID2069	2.146780900146819	2
QID2070	5.137273426576417	1
QID2071	4.3210984662555045	1
QID2072	1.5971682151749838	1
QID2073	4.866466005943004	1
QID2074	2.3062849755729364	1
QID2075	1.5223720839170132	1
QID2076	7.253048280611588	1
QID2077	1.092673133994525	1
QID2078	5.096961080874628	1
QID2079	0.0669940796852589	1
QID2080	5.115513835703899	1
QID2081	2.4384702724967893	1
QID2082	0.3843233314768887	1
QID2083	0.2739854877769371	1
QID2084	6.768200716451628	1
QID2085	2.9855494481875597	1
QID2086	3.7964490666004296	1
QID2087	1.9090497519904368	1
QID2088	5.8526994699320145	1
QID2089	2.4758425025868345	1
QID2090	0.0766954160675404	1
QID2091	1.0100926096760086	1
QID2092	6.491230009246434	1
QID2093	1.666490295771994	1
QID2094	4.599596566847412	1
QID2095	0.058299150225083564	1
QID2096	0.698428573436219	1
QID2097	7.092870402478145	1
QID2098	2.284764237127389	1
QID2099	1.9331181864844076	1
QID2100	2.7240053303050598	1
QID2101	2.7992756412105835	1
QID2102	0.21580668370772013	1
QID2103	0.7422172610416559	1
QID2104	3.5089379666649143	1
QID2105	3.046182367482777	2
QID2106	2.9345098902107782	1
QID2107	2.4873138240478156	1
QID2108	1.200635532758948	1
QID2109	2.5758750778586577	1
QID2110	5.1199450127531145	1
QID2111	1.8715272852665947	1
QID2112	1.396436441030435	1
QID2113	2.13080053685705	1
QID2114	0.4188072569870549	1
QID2115	1.692713300208971	2
QID2116	4.7871521851496395	2
QID2117	0.6436914099670676	1
QID2118	9.034072099771514	1
QID2119	4.035006919671114	1
QID2120	5.876218009483293	1
QID2121	0.09895054042254453	1
QID2122	2.125448426748768	1
QID2123	0.03450395603917387	1
QID2124	0.15528262224340242	1
QID2125	5.080587332085316	1
QID2126	0.01949052874973372	1
QID2127	0.603968173977332	1
QID2128	0.7874490146547314	1
QID2129	0.05561342373851346	1
QID2130	4.955975421931896	1
QID2131	0.8202591535851113	1
QID2132	1.399674491789195	1
QID2133	1.1587851106819023	1
QID2134	1.0375277711005513	1
QID2135	2.70155553020001	2
QID2136	2.5540929374850307	1
QID2137	6.957254143095741	1
QID2138	2.2338329761183284	1
QID2139	1.9946449529643064	1
QID2140	5.416467154346658	1
QID2141	0.21887254738137216	1
QID2142	3.850167880412055	2
QID2143	2.9803714861187878	2
QID2144	2.720542778444113	1
QID2145	4.486106162961886	1
QID2146	4.5130872581393096	1
QID2147	6.2103334689616965	1
QID2148	0.07907454374183027	1
QID2149	1.999705738412008	1
QID2150	8.295553877166878	1
QID2151	1.6365542448654709	1
QID2152	4.441428274838304	1
QID2153	2.1811761839887347	1
QID2154	2.938255332574225	1
QID2155	0.06719014391011094	1
QID2156	4.066151378929155	1
QID2157	9.110484707197838	1
QID2158	1.4491526599867297	1
QID2159	3.2392912381229806	1
QID2160	0.7057800643586372	1
QID2161	0.41784250209695895	1
QID2162	0.1244985772781802	1
QID2163	1.26618493189881	2
QID2164	9.304358115947505	1
QID2165	6.326108244841382	2
QID2166	3.517799433776167	1
QID2167	0.009627022860053623	1
QID2168	2.2714435172380862	1
QID2169	5.9777297857584815	4
QID2170	0.8725882209163339	1
QID2171	0.0032215302159157464	1
QID2172	2.660391100275316	4
QID2173	0.7267817318257755	1
QID2174	1.482017413172353	1
QID2175	0.0865778212920393	1
QID2176	0.1559956290598833	2
QID2177	8.451554182947506	1
QID2178	3.4551481811972278	1
QID2179	4.190961860251125	1
QID2180	6.4101565754995775	1
QID2181	4.014237747674772	2
QID2182	6.28797989705617	2
QID2183	1.8580469034619345	1
QID2184	2.1393565431522665	1
QID2185	2.109547106992874	1
QID2186	0.8080503380999666	1
QID2187	2.516329498152112	2
QID2188	2.469047664327604	1
QID2189	5.863920708741393	1
QID2190	0.404355714237206	1
QID2191	0.3099256878863129	1
QID2192	6.0405123376315855	2
QID2193	6.949205073768662	2
QID2194	2.160089888351232	2
QID2195	2.2468322024924317	1
QID2196	4.867792520605329	1
QID2197	2.8917012045770685	2
QID2198	0.5340124841237309	1
QID2199	1.9265828987966265	3
QID2200	0.8494755897785484	1
QID2201	2.497442663727076	1
QID2202	0.3393495953474146	1
QID2203	2.1110606314249067	1
QID2204	1.175766282185626	1
QID2205	0.381557093562581	1
QID2206	0.010303469776899594	1
QID2207	1.8901234940422584	1
QID2208	0.016114374712393232	1
QID2209	0.2211287678988533	1
QID2210	0.5765617897352656	2
QID2211	5.238275238290135	1
QID2212	4.876216549912389	1
QID2213	7.2018564271218475	1
QID2214	10.027464564489067	1
QID2215	2.5392984013802056	1
QID2216	2.407967908353104	1
QID2217	3.4099000117290683	2
QID2218	2.4104824000277847	1
QID2219	0.7583664789884105	1
QID2220	2.4381567095566057	1
QID2221	0.07880960162525316	1
QID2222	0.7132331258856965	1
QID2223	0.38943783934566667	1
QID2224	2.4083140768379434	1
QID2225	0.5218773592422389	2
QID2226	2.522386032460596	1
QID2227	1.2553967077730477	1
QID2228	2.0050070405943288	1
QID2229	4.694941490875278	1
QID2230	0.41030793585838976	1
QID2231	0.8193592977820909	2
QID2232	5.476103944485415	2
QID2233	3.113202967020659	1
QID2234	0.10593806422499284	2
QID2235	5.12239024881634	1
QID2236	1.1082044782701699	1
QID2237	0.003268073477142813	1
QID2238	2.5654375491109445	1
QID2239	3.3217381246532223	1
QID2240	3.1442591595298466	1
QID2241	0.7184925173460766	1
QID2242	5.868521948260553	1
QID2243	6.341088313529098	1
QID2244	1.2316980338883106	1
QID2245	5.635780829339566	2
QID2246	1.9750551679980397	2
QID2247	0.3677669435098311	1
QID2248	3.604679452249131	1
QID2249	0.7025908587501412	2
QID2250	6.909566518705502	2
QID2251	1.6881999574804596	1
QID2252	4.170648495768452	1
QID2253	4.832281940835053	1
QID2254	5.847813438673093	1
QID2255	0.07323528150257001	1
QID2256	0.07553648431410102	1
QID2257	0.03617304521417772	1
QID2258	7.375096152209188	4
QID2259	6.14235555247094	1
QID2260	1.4777044425846808	1
QID2261	4.64692194164895	1
QID2262	0.42244191699886136	2
QID2263	9.75694491697655	2
QID2264	6.256484259056079	1
QID2265	2.9095019420510075	1
QID2266	7.968248297965299	1
QID2267	3.5221285303189616	1
QID2268	0.3689548599082129	1
QID2269	0.03817429093976234	1
QID2270	0.25266091712718725	1
QID2271	2.9182610638115003	1
QID2272	7.030759667561672	1
QID2273	2.6543631350428387	1
QID2274	1.484083152399167	1
QID2275	0.0030801193126380514	1
QID2276	6.9187977905432865	1
QID2277	0.4448885975476113	1
QID2278	1.6842113408680155	2
QID2279	11.62175914049732	3
QID2280	4.245879493170532	1
QID2281	0.0746987341759424	1
QID2282	3.4463709848140827	1
QID2283	0.899307941623358	1
QID2284	7.62294454996208	1
QID2285	7.493009548884901	1
QID2286	1.455970239770756	1
QID2287	1.9030743960923973	1
QID2288	4.398656459083411	1
QID2289	0.4862380859585385	1
QID2290	0.007428205569198603	1
QID2291	0.18518484555439052	1
QID2292	0.02191798029896355	1
QID2293	0.6124815334069337	1
QID2294	1.028922982014246	1
QID2295	0.8691077868886905	1
QID2296	1.101222882989948	2
QID2297	0.12286502922983375	1
QID2298	0.7564233391205981	1
QID2299	0.003043143305296366	1
QID2300	1.4034210046497204	1
QID2301	0.021840281128134274	1
QID2302	0.1772207891357902	1
QID2303	0.1737651791446925	1
QID2304	5.998023149996222	1
QID2305	1.4212544606306623	1
QID2306	0.4184905093618785	1
QID2307	0.42651558858864813	2
QID2308	6.191996280055361	2
QID2309	8.089164786694553	1
QID2310	2.6669815301262725	1
QID2311	1.9268155708454389	1
QID2312	0.8053611163722636	1
QID2313	0.6519215446972627	1
QID2314	5.962170736538867	1
QID2315	0.08086500098390925	1
QID2316	0.13688305357605945	1
QID2317	0.34179205533489465	1
QID2318	6.074623044679914	1
QID2319	1.86066295205039	1
QID2320	3.934663046673985	1
QID2321	0.004755912118274301	1
QID2322	4.022936746365892	4
QID2323	15.88631084113814	2
QID2324	0.9066120502500324	1
QID2325	7.338119916971056	1
QID2326	4.539528224680279	1
QID2327	0.194276568672553	1
QID2328	0.3987356285013271	1
QID2329	0.9511359224201401	1
QID2330	7.564293015870817	1
QID2331	1.0257281169595651	1
QID2332	1.6818031326387792	1
QID2333	0.04923196931030968	1
QID2334	1.5247082060268182	2
QID2335	1.058630633386079	1
QID2336	11.48418958955018	1
QID2337	3.49230577122896	1
QID2338	2.46193754261518	1
QID2339	1.292652142637245	1
QID2340	3.576246233536513	1
QID2341	1.362135155428771	1
QID2342	2.207608438557203	1
QID2343	5.52438251215492	1
QID2344	5.435466634979177	1
QID2345	4.6782231591102015	2
QID2346	3.454881096785038	1
QID2347	1.0813061504761785	1
QID2348	5.42892079758705	1
QID2349	1.99048260466551	1
QID2350	2.543189694992356	1
QID2351	5.111164656983231	1
QID2352	2.2247896835099428	1
QID2353	4.069639177014596	1
QID2354	2.9677949117718	1
QID2355	4.261109361512998	1
QID2356	0.2083068760751354	1
QID2357	4.816900523202209	2
QID2358	2.5920730998082395	1
QID2359	5.335266210467626	1
QID2360	6.767580983309267	1
QID2361	2.5422639154724123	1
QID2362	3.0266314794080498	1
QID2363	1.634031629354386	1
QID2364	3.703202850814248	1
QID2365	0.2162620914616689	1
QID2366	4.233584249010256	1
QID2367	0.2092635513775361	1
QID2368	6.8834785590463134	2
QID2369	3.3739044383592303	1
QID2370	1.1851047433160704	1
QID2371	3.1542417935209603	2
QID2372	6.260296778104911	1
QID2373	3.6462164636278662	2
QID2374	0.5547757399663591	1
QID2375	5.002468275457794	1
QID2376	0.8055190645897319	1
QID2377	2.4370248354211603	2
QID2378	1.5288252753560938	1
QID2379	4.47659185282224	1
QID2380	0.12455329091780094	1
QID2381	2.06235208347324	1
QID2382	2.9826061552930376	1
QID2383	2.5615903062470773	1
QID2384	2.6194217345647672	1
QID2385	3.1128109594743	1
QID2386	1.8256897147542428	1
QID2387	1.678259225940362	1
QID2388	4.958867215701115	2
QID2389	1.7118052001170347	1
QID2390	5.101788364446444	1
QID2391	2.5792972241131435	1
QID2392	7.662311649485793	1
QID2393	0.6011813185901205	1
QID2394	2.658067703426932	2
QID2395	5.227132328272412	1
QID2396	2.3202564759529234	1
QID2397	1.9784300824126009	1
QID2398	1.8128881167481632	2
QID2399	0.7336493626599409	1
QID2400	2.2403500739526536	1
QID2401	7.913003556531158	1
QID2402	1.7332823012336507	1
QID2403	0.5227167530858731	1
QID2404	0.7168722020871974	1
QID2405	5.439298265939014	1
QID2406	1.519638947212724	1
QID2407	0.6386014256671144	1
QID2408	0.686539747315682	1
QID2409	0.6486680692005992	2
QID2410	7.75184834015511	1
QID2411	4.35988550870547	1
QID2412	2.6916405560792405	1
QID2413	4.366827914721926	1
QID2414	3.1953935096147315	2
QID2415	0.03208335831980542	1
QID2416	12.019076682738786	1
QID2417	3.982724207903079	1
QID2418	1.7396690705203888	1
QID2419	0.8588845645601799	1
QID2420	6.433225006583741	2
QID2421	0.5790242764247969	1
QID2422	4.218263742321343	1
QID2423	4.393357110903828	2
QID2424	4.0418989784114885	1
QID2425	3.232346028436797	1
QID2426	3.111982574118517	1
QID2427	9.232553090003604	1
QID2428	7.3032373451914525	1
QID2429	7.379337827994786	2
QID2430	1.526517208698421	1
QID2431	0.00641271618929858	1
QID2432	6.356028414219133	2
QID2433	4.4727770586237625	1
QID2434	2.7901519259149743	1
QID2435	2.715833206833308	1
QID2436	1.3719437244686337	1
QID2437	9.266213472988678	1
QID2438	0.8910378812483342	1
QID2439	0.03410966349654218	1
QID2440	6.726816592130415	1
QID2441	0.3802474001338956	1
QID2442	0.2258624372487205	1
QID2443	0.5013093093314214	1
QID2444	3.4252422706927863	1
QID2445	4.341183171768637	1
QID2446	0.6873320223615007	1
QID2447	0.15746301090383086	1
QID2448	0.40159762935300586	1
QID2449	3.1743375492173245	1
QID2450	3.8437569626370576	1
QID2451	0.009441259567750602	1
QID2452	8.298055384523588	2
QID2453	7.122983055144355	1
QID2454	2.1335951112901768	1
QID2455	3.6086622320935446	1
QID2456	2.8877385105541	1
QID2457	10.780639952264332	2
QID2458	1.0945966424804954	1
QID2459	5.457329272273339	1
QID2460	0.22022535624464354	1
QID2461	0.009078800048240273	1
QID2462	4.926535968608489	2
QID2463	3.259518679412732	1
QID2464	1.0492180245009886	1
QID2465	4.572609753717531	1
QID2466	0.0658668958073315	1
QID2467	0.15695968698476462	1
QID2468	4.728267084165629	1
QID2469	3.115256730957281	1
QID2470	0.05539383443027713	1
QID2471	3.99338918352017	2
QID2472	9.971516234989485	1
QID2473	2.1383540077569414	2
QID2474	5.294239865964983	2
QID2475	3.076722726914625	2
QID2476	2.6420404921699143	1
QID2477	5.0002808415924225	1
QID2478	1.2079242062066855	1
QID2479	1.1926691599204375	1
QID2480	4.302386789020116	1
QID2481	4.338368165741995	1
QID2482	0.3027279441430256	1
QID2483	2.140787858920661	1
QID2484	0.7978794425224677	1
QID2485	0.040811479429278034	1
QID2486	1.8919801956615248	1
QID2487	3.5018323765635446	1
QID2488	4.071133254007502	2
QID2489	0.2052967174996276	1
QID2490	1.93671238899437	1
QID2491	3.6737510451282387	1
QID2492	3.8946339387249176	1
QID2493	0.11511138477511032	1
QID2494	9.71329083796717	1
QID2495	0.6757442442848332	1
QID2496	2.3468067040280007	1
QID2497	13.604252876134137	2
QID2498	1.938743020072037	1
QID2499	4.110029619472075	1
QID2500	2.9809781169119054	1
QID2501	0.4210329994061186	1
QID2502	0.0075676999943129685	1
QID2503	0.36349937921038	1
QID2504	3.6187248011023376	1
QID2505	0.9028780423650268	1
QID2506	0.2445797723455559	1
QID2507	1.0974205314721988	1
QID2508	1.4472411857991196	1
QID2509	4.7655473067545255	1
QID2510	0.6223425010140492	1
QID2511	0.26424758586022745	1
QID2512	0.013640493538475166	1
QID2513	0.9251048804727218	1
QID2514	0.1001546731935393	1
QID2515	2.214220009446375	2
QID2516	3.005830424026989	1
QID2517	0.3441078311083406	1
QID2518	0.011532708101196706	1
QID2519	6.515578976759713	1
QID2520	0.8812606426791177	1
QID2521	7.678151214703567	1
QID2522	2.6237190204691507	1
QID2523	3.8194326615297065	1
QID2524	1.8139894317100391	2
QID2525	7.629217484879006	1
QID2526	2.697847603155477	1
QID2527	1.049687406872467	1
QID2528	0.8380914305558084	1
QID2529	7.661872304771924	1
QID2530	4.889700746533926	1
QID2531	0.41587877012224417	1
QID2532	0.9908236767198298	1
QID2533	5.536519944957907	1
QID2534	0.015688197007049667	1
QID2535	0.3467263673736241	1
QID2536	4.420385692510428	2
QID2537	1.5650349927774545	1
QID2538	3.0656632890391036	1
QID2539	0.4140771202922833	1
QID2540	0.21135111733996234	1
QID2541	3.3418911967037817	1
QID2542	0.12879973978437398	1
QID2543	4.595712588929444	2
QID2544	1.2024471483814843	1
QID2545	4.741773989313861	1
QID2546	0.7251116987876137	1
QID2547	0.374994918960649	1
QID2548	2.5153873276997243	1
QID2549	2.7294940877291634	1
QID2550	0.5893910535970774	1
QID2551	2.6815601341431345	2
QID2552	2.301000338900011	2
QID2553	2.5172559569796005	1
QID2554	0.3645104666288774	1
QID2555	3.0218260818179794	1
QID2556	6.313690588934328	1
QID2557	1.9829053999280781	1
QID2558	0.7106305807955516	1
QID2559	0.6394839363392948	1
QID2560	1.9445949740146105	1
QID2561	0.12794156645024787	1
QID2562	3.6618464736296574	2
QID2563	3.6764109593146777	1
QID2564	0.5791401610524419	1
QID2565	3.804451540789393	2
QID2566	6.166634301109233	1
QID2567	1.2975733793872724	1
QID2568	4.528198147826734	1
QID2569	0.2851658368063893	1
QID2570	0.049015376700004484	2
QID2571	1.8035277601992208	1
QID2572	3.4231173679517184	1
QID2573	3.4956855652196874	1
QID2574	7.317090021158191	1
QID2575	7.723209999300186	1
QID2576	8.33027903856251	1
QID2577	7.426548483246848	1
QID2578	0.0923412627933654	1
QID2579	1.5181264574399451	1
QID2580	4.989816798326287	1
QID2581	1.9453929149336515	1
QID2582	3.5977345693763727	1
QID2583	4.975033564232116	1
QID2584	1.5039452780451517	2
QID2585	2.7723415783142213	1
QID2586	9.064633775194686	3
QID2587	4.08611610266813	1
QID2588	1.8076607455207971	1
QID2589	0.011268942673772795	1
QID2590	6.117895661981456	1
QID2591	2.1271681954305515	2
QID2592	0.6638289640316484	1
QID2593	3.665396762615853	1
QID2594	5.606228056609497	1
QID2595	1.2352991873807897	1
QID2596	6.686366008641622	2
QID2597	1.1123033908536095	1
QID2598	2.684144206982868	2
QID2599	1.6121948176787173	1
QID2600	6.333063725017009	1
QID2601	5.486519206160317	1
QID2602	0.13094245573559668	1
QID2603	1.9613788591430648	1
QID2604	0.38835246488374986	1
QID2605	3.393458906141718	4
QID2606	1.1402306625379348	1
QID2607	0.9001317346571507	1
QID2608	7.9721716729428955	1
QID2609	3.7303986919668066	1
QID2610	5.066324043369447	1
QID2611	0.20911276796222386	1
QID2612	3.2235952386331985	1
QID2613	5.490520959698474	2
QID2614	1.8571254165404765	1
QID2615	1.8942293490053947	1
QID2616	3.236962184671585	1
QID2617	2.1099006233925337	1
QID2618	3.486419069705996	1
QID2619	3.645004327631625	1
QID2620	2.6326142726547936	1
QID2621	2.396449138858341	1
QID2622	1.3642739878500458	1
QID2623	2.6861316758392757	1
QID2624	0.9830016022722904	1
QID2625	1.8590039967097332	2
QID2686	9.126925768763758	1
QID2688	5.203757760789456	1
QID2689	14.255917077144725	1
QID2690	3.5109704637520087	1
QID2691	1.4015742469363306	1
QID2692	0.8244035784398661	1
QID2693	12.698701342800144	3
QID2694	3.483400655705541	1
QID2695	3.0469733203915386	1
QID2696	4.272454727643044	2
QID2697	4.038747788050676	1
QID2698	0.8732628111423419	1
QID2699	5.0859050365881835	1
QID2700	5.242470126055512	1
QID2701	5.8030176286257085	1
QID2702	1.350888706956067	1
QID2703	3.8273537776202136	1
QID2704	2.6558784483638758	1
QID2705	3.1997760750604174	1
QID2706	0.00253415920612129	1
QID2707	8.77136387334845	2
QID2708	1.4305878922040922	2
QID2709	7.257931068284138	1
QID2710	6.220819547872478	2
QID2711	1.013554092485433	1
QID2712	2.4855025931474715	1
QID2713	3.225241924125757	1
QID2714	0.7165173012711838	1
QID2715	1.3425984849826655	2
QID2716	5.98969711326118	1
QID2717	0.2840094139216094	1
QID2718	0.15437725587374312	1
QID2719	4.250844525877876	1
QID2720	1.0142669044203725	1
QID2721	7.480388767101992	4
QID2722	2.3634318591924317	1
QID2723	0.9860282596083194	1
QID2724	5.963808534719237	1
QID2725	2.0459239705013768	1
QID2726	5.406579164795722	2
QID2727	5.151198831194708	1
QID2728	0.019500750844356027	1
QID2729	5.59772226278878	1
QID2730	0.6262362229538991	1
QID2731	5.049659469488108	1
QID2732	0.01183002323799162	1
QID2733	1.1975647657302608	1
QID2734	0.1355285297295029	1
QID2735	9.902293652980768	1
QID2736	0.5516683094580399	1
QID2737	5.7657655438470234	1
QID2738	4.486969024735918	3
QID2739	0.11193551819934792	1
QID2740	7.38916559898578	1
QID2741	4.600868398961887	1
QID2742	3.5515236590784625	1
QID2743	3.1667374302500604	1
QID2744	10.260135691471223	3
QID2745	8.303964906081324	2
QID2746	5.452808280910231	2
