FullSentence	Sentence	TargetWords	Surprisal	NumTokens
Henry was surprised to find he wouldn't be promoted for his day to day performance, but needed a major raise	Henry was surprised to find he wouldn't be promoted for his day to day performance, but needed a major raise	 raise	6.8937364700334856	1
The cigar burned a hole in the couch	The cigar burned a hole in the couch	 couch	6.781288951370745	1
His first film was a failure, but he learned some techniques in that first try	His first film was a failure, but he learned some techniques in that first try	 try	7.5161369455075935	1
He was hired for the job because of his fresh new look	He was hired for the job because of his fresh new look	 look	3.810923478002496	1
The journal issue that has the new article about diseases of the eye is still in print	The journal issue that has the new article about diseases of the eye is still in print	 print	2.481246702949729	1
Every spring they held the annual ball	Every spring they held the annual ball	 ball	6.786531588691182	1
Penelope started to assemble her new bicycle, but was missing the wheels	Penelope started to assemble her new bicycle, but was missing the wheels	 wheels	4.941858194372906	1
The restaurant will reopen with new management	The restaurant will reopen with new management	 management	4.628416028368715	1
Jennifer disliked walking under the trees at the edge of the park because they were always full of bugs	Jennifer disliked walking under the trees at the edge of the park because they were always full of bugs	 bugs	3.781216056803152	1
The painting had a strong impact on everyone, but they couldn't agree on whether it was ugly or pretty	The painting had a strong impact on everyone, but they couldn't agree on whether it was ugly or pretty	 pretty	3.712945653373543	1
I don't know why people like to see their initials in print	I don't know why people like to see their initials in print	 print	4.987533399464027	1
The gem cutter examined the ruby very closely before cutting because he knew that one this large was very rare	The gem cutter examined the ruby very closely before cutting because he knew that one this large was very rare	 rare	4.796408353823616	1
They couldn't decide whether to visit the Roman fort or the ruins of Aphrodite's temple	They couldn't decide whether to visit the Roman fort or the ruins of Aphrodite's temple	 temple	2.5769760087695404	1
He took a job training dogs for the police	He took a job training dogs for the police	 police	3.624019048914891	1
The conductor gave detailed instructions to the orchestra	The conductor gave detailed instructions to the orchestra	 orchestra	4.5241909213291125	1
Down in the basement, Steve and Robert were playing cards	Down in the basement, Steve and Robert were playing cards	 cards	4.354834149893227	1
After the most recent price increase, the small business owner decided to order his office supplies from another company	After the most recent price increase, the small business owner decided to order his office supplies from another company	 company	2.0548027255151164	1
Sharon was sad that she had lost her dog	Sharon was sad that she had lost her dog	 dog	5.965082924119316	1
All of armed services will admit women, but females are barred from combat	All of armed services will admit women, but females are barred from combat	 combat	6.368506493584165	1
After the divorce, she had to move out of the expensive house to an apartment that was cheap	After the divorce, she had to move out of the expensive house to an apartment that was cheap	 cheap	5.648208856854454	1
His tactics usually turned out to be beneficial for the business, but they often came in conflict with his morals	His tactics usually turned out to be beneficial for the business, but they often came in conflict with his morals	 morals	9.830021430988412	2
Some of his jokes were crummy, but those one-liners were hilarious	Some of his jokes were crummy, but those one-liners were hilarious	 hilarious	2.5706129958696278	1
The inspector from the health department found a roach in a very expensive restaurant	The inspector from the health department found a roach in a very expensive restaurant	 restaurant	5.218008531917056	1
The conductor had no idea that the train had been boarded by a known felon	The conductor had no idea that the train had been boarded by a known felon	 felon	4.868838037029726	1
The nurse brought him a glass of juice and his medicine	The nurse brought him a glass of juice and his medicine	 medicine	7.394450308240393	1
The teacher was not looking forward to another year of school	The teacher was not looking forward to another year of school	 school	2.8358002553275594	1
Steve skipped his annual checkup for another year	Steve skipped his annual checkup for another year	 year	2.0163005623507404	1
The candidate wanted to please everyone without making any commitments, so his speech was deliberately vague	The candidate wanted to please everyone without making any commitments, so his speech was deliberately vague	 vague	3.8638734143996936	1
She poured water on the plants	She poured water on the plants	 plants	7.611525026647872	1
Mark liked the older houses, but Susan wanted to buy one that was new and modern	Mark liked the older houses, but Susan wanted to buy one that was new and modern	 modern	3.9602737883200447	1
In an old sitcom, he was the wise family doctor	In an old sitcom, he was the wise family doctor	 doctor	2.9788678635477455	1
The government controlled the news media, so most of the reports from the war zone were censored	The government controlled the news media, so most of the reports from the war zone were censored	 censored	7.477531366710996	2
Grinning wherever he went, it was easy to tell that Carl was proud of his new gold medal	Grinning wherever he went, it was easy to tell that Carl was proud of his new gold medal	 medal	3.28454594122722	1
During the summer, the children hung out at the pool	During the summer, the children hung out at the pool	 pool	3.8685799506501417	1
The handsome knight charged into the dark forest after the kidnapped princess, determined to prove that he could be heroic	The handsome knight charged into the dark forest after the kidnapped princess, determined to prove that he could be heroic	 heroic	10.219684588883906	1
The little girl kept a lock on her diary	The little girl kept a lock on her diary	 diary	8.273604371711556	1
Flying low above her, Bernice could hear the plane	Flying low above her, Bernice could hear the plane	 plane	6.8410640544940575	1
Perry heard a grinding noise coming from his car	Perry heard a grinding noise coming from his car	 car	2.1664396776507577	1
If Jim's manager is incompetent, he has a legitimate right to complain	If Jim's manager is incompetent, he has a legitimate right to complain	 complain	2.8165306383647706	1
In the best part of the movie, the hero has to impersonate the villain	In the best part of the movie, the hero has to impersonate the villain	 villain	3.0888025426322283	1
The princess wore a crown	The princess wore a crown	 crown	4.274586166223196	1
Jason was disappointed when the other scouts scared off the elk by loudly beating the drum	Jason was disappointed when the other scouts scared off the elk by loudly beating the drum	 drum	7.5628113058604605	1
After the flood, the house smelled of mildew and everything in it was ruined	After the flood, the house smelled of mildew and everything in it was ruined	 ruined	4.953664469621007	1
Everyone on the scene gathered around to look at the accident	Everyone on the scene gathered around to look at the accident	 accident	8.952494063890716	1
The final score of the game was tied	The final score of the game was tied	 tied	3.646534863981154	1
After swimming the English Channel, Bonita was cold and completely exhausted	After swimming the English Channel, Bonita was cold and completely exhausted	 exhausted	3.0500964906960664	1
She had the data to back up everything she said, so the hostile questions did not shake her confidence	She had the data to back up everything she said, so the hostile questions did not shake her confidence	 confidence	1.5697393728405529	1
The new dress was very pretty, but it was cut from an unusual fabric	The new dress was very pretty, but it was cut from an unusual fabric	 fabric	2.9557479978451244	1
When the little girl saw the big dog lumbering towards her, she began to run	When the little girl saw the big dog lumbering towards her, she began to run	 run	2.623243484611504	1
From her house a half mile away, Diana could still hear the loud cheers coming from the stadium	From her house a half mile away, Diana could still hear the loud cheers coming from the stadium	 stadium	5.393482872066567	1
Five ships did not survive the storm	Five ships did not survive the storm	 storm	2.911576621582223	1
The paramedics on the scene helped the passengers after the big car accident	The paramedics on the scene helped the passengers after the big car accident	 accident	3.5482901184107005	1
The pilot spoke to an air traffic controller just before the crash	The pilot spoke to an air traffic controller just before the crash	 crash	3.1629097521246723	1
The boy scouts started a long hike through the forest after having a big lunch	The boy scouts started a long hike through the forest after having a big lunch	 lunch	3.9021949161029554	1
When traveling, Roger prefers to stick to major roads	When traveling, Roger prefers to stick to major roads	 roads	2.9690891626451656	1
While hemming a pair of pants, Bridget accidentally dropped her needle	While hemming a pair of pants, Bridget accidentally dropped her needle	 needle	7.724648190882124	1
The rangers say that somewhere in the state park is a bear	The rangers say that somewhere in the state park is a bear	 bear	6.202651802827009	1
The doctor told him his headaches were due to stress	The doctor told him his headaches were due to stress	 stress	3.4417519706884123	1
The groups in the parade walked by slowly, each waving their hands	The groups in the parade walked by slowly, each waving their hands	 hands	2.244199053944393	1
The little girl was very sick, but unfortunately there was no cure	The little girl was very sick, but unfortunately there was no cure	 cure	3.3635256967808504	1
The meteor shower should have been spectacular, but the city lights blocked the view	The meteor shower should have been spectacular, but the city lights blocked the view	 view	2.9907484851114514	1
She was unsure how the book would end	She was unsure how the book would end	 end	2.141276197780885	1
He was desperate for a job, so finally took something doing door to door sales	He was desperate for a job, so finally took something doing door to door sales	 sales	5.259124971157994	1
The young doctor wanted to work in the barrio so she set to work learning the Spanish translations of common medical terms	The young doctor wanted to work in the barrio so she set to work learning the Spanish translations of common medical terms	 terms	0.8423222190672165	1
Even though she was blindfolded, Jessie could tell from their voices that one of the kidnapers was old and two were young	Even though she was blindfolded, Jessie could tell from their voices that one of the kidnapers was old and two were young	 young	2.7897635852376355	1
In the window, they posted the hours they were open for business	In the window, they posted the hours they were open for business	 business	1.6259119779675544	1
They sent the kids with measles home from school because they were contagious	They sent the kids with measles home from school because they were contagious	 contagious	5.724587837469366	2
Outside, Cora could hear the running water	Outside, Cora could hear the running water	 water	3.984322219865115	1
At night they often took a short walk	At night they often took a short walk	 walk	1.5756009681378986	1
The wealthy author always points out that she wrote four novels before one was published	The wealthy author always points out that she wrote four novels before one was published	 published	0.6662865501596295	1
The kitten waited patiently because behind the refrigerator was a mouse	The kitten waited patiently because behind the refrigerator was a mouse	 mouse	6.449460849643217	1
Norton hates getting up on winter mornings because it is always cold	Norton hates getting up on winter mornings because it is always cold	 cold	2.510585417904104	1
The fertilizer enriched the soil	The fertilizer enriched the soil	 soil	2.1930549264867967	1
The young girl passed her friend a note	The young girl passed her friend a note	 note	3.3696182699805277	1
He tinkered with the engine every weekend until it was absolutely perfect	He tinkered with the engine every weekend until it was absolutely perfect	 perfect	2.7330612746271514	1
When Diane heard the shark warning, she swam as fast as she could for shore	When Diane heard the shark warning, she swam as fast as she could for shore	 shore	5.669542591511588	1
Michael could hear the bells ringing in the tower of the church	Michael could hear the bells ringing in the tower of the church	 church	2.9426593348507533	1
When he got home from work on the construction site, his clothes were always dirty	When he got home from work on the construction site, his clothes were always dirty	 dirty	2.924920326103889	1
Kevin propped his head up with a pillow as he basked in the hot sun	Kevin propped his head up with a pillow as he basked in the hot sun	 sun	1.5020904671818807	1
He bought it without even asking the price	He bought it without even asking the price	 price	3.48912771992518	1
Barry has considered proposing to his girlfriend, but he wants to wait until he is ready	Barry has considered proposing to his girlfriend, but he wants to wait until he is ready	 ready	2.0900820444791792	1
John was disappointed to discover a scratch on his new car	John was disappointed to discover a scratch on his new car	 car	3.885048894488532	1
He was afraid that doing drugs would damage his brain	He was afraid that doing drugs would damage his brain	 brain	2.4112961564068223	1
They've been living together for a long time, but don't think they're actually married	They've been living together for a long time, but don't think they're actually married	 married	2.471367861765126	1
Dennis the Menance was known for making trouble	Dennis the Menance was known for making trouble	 trouble	8.477405491763944	1
When the shooting started they ran for cover	When the shooting started they ran for cover	 cover	1.5990105855174082	1
The federal agents examined the hundred dollar bill with a microscope to see if it was real	The federal agents examined the hundred dollar bill with a microscope to see if it was real	 real	3.599117149062837	1
Eva turned down the heat and left the sauce on the stove to simmer	Eva turned down the heat and left the sauce on the stove to simmer	 simmer	2.730049097533825	1
Alone in the canyon, he was so spooked he was scared by his own shadow	Alone in the canyon, he was so spooked he was scared by his own shadow	 shadow	3.2237019957300657	1
Betsy could never tell a lie	Betsy could never tell a lie	 lie	2.245465670044355	1
The bad boy was sent to his room	The bad boy was sent to his room	 room	2.8744000915083343	1
The Vietnam vet had received the Purple Heart, and when he took off his shirt you could see all of his scars	The Vietnam vet had received the Purple Heart, and when he took off his shirt you could see all of his scars	 scars	4.377499695421312	1
Trying to evade their captors, the escaped prisoners of war lived in constant fear	Trying to evade their captors, the escaped prisoners of war lived in constant fear	 fear	0.11307961318092816	1
The tip of the knife was sharp	The tip of the knife was sharp	 sharp	3.971416843047885	1
The little girl pulled on the rubber band to see how far it would stretch	The little girl pulled on the rubber band to see how far it would stretch	 stretch	2.8353833351235895	1
The soldiers had special night vision goggles so they could see the enemy	The soldiers had special night vision goggles so they could see the enemy	 enemy	2.0859703351230863	1
George was born into a wealthy family and has no idea what it's like to be poor	George was born into a wealthy family and has no idea what it's like to be poor	 poor	3.8472112184103113	1
Looking for bats, Karen descended into the depths of the cave	Looking for bats, Karen descended into the depths of the cave	 cave	4.311823667869737	1
We finally got a decent picture on the TV after an hour of adjusting the antenna	We finally got a decent picture on the TV after an hour of adjusting the antenna	 antenna	6.52444061738051	1
It took a week to get his car fixed because the parts were out of stock	It took a week to get his car fixed because the parts were out of stock	 stock	1.6248424090462252	1
The dispute was settled by a third party	The dispute was settled by a third party	 party	0.5737480738702596	1
Our guests should be arriving soon	Our guests should be arriving soon	 soon	3.26811954284057	1
The dough was put in the hot oven	The dough was put in the hot oven	 oven	0.9723564211203184	1
Andrew was glad that the meeting was very short	Andrew was glad that the meeting was very short	 short	2.5432532396609258	1
When they came to Florida, Arthur couldn't see the swamp from the back of the crowded tour bus	When they came to Florida, Arthur couldn't see the swamp from the back of the crowded tour bus	 bus	0.31288069099138965	1
Most shark attacks occur very close to shore	Most shark attacks occur very close to shore	 shore	0.7711023659310363	1
He didn't have to spend much money on the car because he found an incredible deal	He didn't have to spend much money on the car because he found an incredible deal	 deal	2.7407660180291686	1
The wealthy child went to a private school	The wealthy child went to a private school	 school	0.6324370529888131	1
When you go to bed, turn off the lights	When you go to bed, turn off the lights	 lights	1.405146372217547	1
George must keep his pet on a leash	George must keep his pet on a leash	 leash	0.7732301238346917	2
He didn't have time to file everything on his desk, so he organized it into two piles	He didn't have time to file everything on his desk, so he organized it into two piles	 piles	2.2141247180109422	1
The whole town came to hear their mayor speak	The whole town came to hear their mayor speak	 speak	3.2386709531099807	1
Josie found she could not bend the elbow of her broken arm	Josie found she could not bend the elbow of her broken arm	 arm	0.9030334521032743	1
It's hard to admit when one is wrong	It's hard to admit when one is wrong	 wrong	4.8547359041938485	1
Vic asked her to repeat what she had said	Vic asked her to repeat what she had said	 said	0.8828076220457017	1
When they were in London they visited Buckingham palace	When they were in London they visited Buckingham palace	 palace	5.58531162710981	1
The agent was sent to South America on a secret mission	The agent was sent to South America on a secret mission	 mission	0.3045826002132493	1
Sam knew that rain was coming because he could smell it in the air	Sam knew that rain was coming because he could smell it in the air	 air	0.6570294539716027	1
His boss refused to give him a raise	His boss refused to give him a raise	 raise	2.9355912679178795	1
She flew in late last night and really didn't get much sleep	She flew in late last night and really didn't get much sleep	 sleep	0.5298388203525379	1
After a week, they gave up on the missing hikers and called off the search	After a week, they gave up on the missing hikers and called off the search	 search	1.9062777736578664	1
Henry was surprised to find he wouldn't be promoted for his day to day performance, but needed a major bonus	Henry was surprised to find he wouldn't be promoted for his day to day performance, but needed a major bonus	 bonus	5.891841996003946	1
The cigar burned a hole in the sofa	The cigar burned a hole in the sofa	 sofa	7.485226243469743	1
His first film was a failure, but he learned some techniques in that first effort	His first film was a failure, but he learned some techniques in that first effort	 effort	6.796359599850246	1
He was hired for the job because of his fresh new image	He was hired for the job because of his fresh new image	 image	7.362874290342279	1
The journal issue that has the new article about diseases of the eye is still in press	The journal issue that has the new article about diseases of the eye is still in press	 press	2.300193064491477	1
Every spring they held the annual dance	Every spring they held the annual dance	 dance	6.2478925200876665	1
Penelope started to assemble her new bicycle, but was missing the tires	Penelope started to assemble her new bicycle, but was missing the tires	 tires	6.660612962744487	1
The restaurant will reopen with new ownership	The restaurant will reopen with new ownership	 ownership	5.727106299746279	1
Jennifer disliked walking under the trees at the edge of the park because they were always full of insects	Jennifer disliked walking under the trees at the edge of the park because they were always full of insects	 insects	4.291493328073903	1
The painting had a strong impact on everyone, but they couldn't agree on whether it was ugly or attractive	The painting had a strong impact on everyone, but they couldn't agree on whether it was ugly or attractive	 attractive	4.756138993675057	1
I don't know why people like to see their initials in ink	I don't know why people like to see their initials in ink	 ink	7.727238962055581	1
The gem cutter examined the ruby very closely before cutting because he knew that one this large was very unique	The gem cutter examined the ruby very closely before cutting because he knew that one this large was very unique	 unique	7.315159021395638	1
They couldn't decide whether to visit the Roman fort or the ruins of Aphrodite's shrine	They couldn't decide whether to visit the Roman fort or the ruins of Aphrodite's shrine	 shrine	4.183527655955819	1
He took a job training dogs for the military	He took a job training dogs for the military	 military	4.294888876185398	1
The conductor gave detailed instructions to the choir	The conductor gave detailed instructions to the choir	 choir	7.526100654147714	1
Down in the basement, Steve and Robert were playing poker	Down in the basement, Steve and Robert were playing poker	 poker	5.214961122091713	1
After the most recent price increase, the small business owner decided to order his office supplies from another business	After the most recent price increase, the small business owner decided to order his office supplies from another business	 business	3.903703282079448	1
Sharon was sad that she had lost her puppy	Sharon was sad that she had lost her puppy	 puppy	8.241092483750664	1
All of armed services will admit women, but females are barred from fighting	All of armed services will admit women, but females are barred from fighting	 fighting	6.7472103262105065	1
After the divorce, she had to move out of the expensive house to an apartment that was affordable	After the divorce, she had to move out of the expensive house to an apartment that was affordable	 affordable	5.5522618296480335	1
His tactics usually turned out to be beneficial for the business, but they often came in conflict with his values	His tactics usually turned out to be beneficial for the business, but they often came in conflict with his values	 values	4.952109964015158	1
Some of his jokes were crummy, but those one-liners were humorous	Some of his jokes were crummy, but those one-liners were humorous	 humorous	7.319573236947455	2
The inspector from the health department found a roach in a very expensive cafe	The inspector from the health department found a roach in a very expensive cafe	 cafe	9.65936089931818	1
The conductor had no idea that the train had been boarded by a known convict	The conductor had no idea that the train had been boarded by a known convict	 convict	8.057358945385436	1
The nurse brought him a glass of juice and his pills	The nurse brought him a glass of juice and his pills	 pills	7.832464338696938	1
The teacher was not looking forward to another year of classes	The teacher was not looking forward to another year of classes	 classes	5.1803494344047065	1
Steve skipped his annual checkup for another month	Steve skipped his annual checkup for another month	 month	3.006386164157381	1
The candidate wanted to please everyone without making any commitments, so his speech was deliberately ambiguous	The candidate wanted to please everyone without making any commitments, so his speech was deliberately ambiguous	 ambiguous	4.896682195069858	1
She poured water on the roses	She poured water on the roses	 roses	7.423136440603561	1
Mark liked the older houses, but Susan wanted to buy one that was new and contemporary	Mark liked the older houses, but Susan wanted to buy one that was new and contemporary	 contemporary	5.7679305533041765	1
In an old sitcom, he was the wise family physician	In an old sitcom, he was the wise family physician	 physician	5.6579280842661275	1
The government controlled the news media, so most of the reports from the war zone were screened	The government controlled the news media, so most of the reports from the war zone were screened	 screened	10.693516649506638	1
Grinning wherever he went, it was easy to tell that Carl was proud of his new gold trophy	Grinning wherever he went, it was easy to tell that Carl was proud of his new gold trophy	 trophy	5.794571919315599	1
During the summer, the children hung out at the lake	During the summer, the children hung out at the lake	 lake	4.2044008639649615	1
The handsome knight charged into the dark forest after the kidnapped princess, determined to prove that he could be courageous	The handsome knight charged into the dark forest after the kidnapped princess, determined to prove that he could be courageous	 courageous	10.560541212342489	2
The little girl kept a lock on her journal	The little girl kept a lock on her journal	 journal	9.881637075111216	1
Flying low above her, Bernice could hear the jet	Flying low above her, Bernice could hear the jet	 jet	7.205497819905434	1
Perry heard a grinding noise coming from his engine	Perry heard a grinding noise coming from his engine	 engine	5.5192824854205345	1
If Jim's manager is incompetent, he has a legitimate right to argue	If Jim's manager is incompetent, he has a legitimate right to argue	 argue	7.418472700742702	1
In the best part of the movie, the hero has to impersonate the criminal	In the best part of the movie, the hero has to impersonate the criminal	 criminal	7.012459483092432	1
The princess wore a hat	The princess wore a hat	 hat	6.266669715722707	1
Jason was disappointed when the other scouts scared off the elk by loudly beating the pans	Jason was disappointed when the other scouts scared off the elk by loudly beating the pans	 pans	11.168405464033068	1
After the flood, the house smelled of mildew and everything in it was destroyed	After the flood, the house smelled of mildew and everything in it was destroyed	 destroyed	5.6141721486066025	1
Everyone on the scene gathered around to look at the crash	Everyone on the scene gathered around to look at the crash	 crash	8.500869670427582	1
The final score of the game was even	The final score of the game was even	 even	7.616521779569531	1
After swimming the English Channel, Bonita was cold and completely beat	After swimming the English Channel, Bonita was cold and completely beat	 beat	8.781681039646264	1
She had the data to back up everything she said, so the hostile questions did not shake her composure	She had the data to back up everything she said, so the hostile questions did not shake her composure	 composure	8.696312697907137	2
The new dress was very pretty, but it was cut from an unusual material	The new dress was very pretty, but it was cut from an unusual material	 material	3.4490632177242757	1
When the little girl saw the big dog lumbering towards her, she began to flee	When the little girl saw the big dog lumbering towards her, she began to flee	 flee	6.0528074837875305	1
From her house a half mile away, Diana could still hear the loud cheers coming from the stands	From her house a half mile away, Diana could still hear the loud cheers coming from the stands	 stands	7.346103616771767	1
Five ships did not survive the tsunami	Five ships did not survive the tsunami	 tsunami	5.611356349799775	2
The paramedics on the scene helped the passengers after the big car wreck	The paramedics on the scene helped the passengers after the big car wreck	 wreck	4.940426215365045	1
The pilot spoke to an air traffic controller just before the collision	The pilot spoke to an air traffic controller just before the collision	 collision	5.835244899982338	1
The boy scouts started a long hike through the forest after having a big dinner	The boy scouts started a long hike through the forest after having a big dinner	 dinner	3.966541706416676	1
When traveling, Roger prefers to stick to major streets	When traveling, Roger prefers to stick to major streets	 streets	5.326235902604882	1
While hemming a pair of pants, Bridget accidentally dropped her pin	While hemming a pair of pants, Bridget accidentally dropped her pin	 pin	8.46324081554643	1
The rangers say that somewhere in the state park is a cub	The rangers say that somewhere in the state park is a cub	 cub	9.439342562485823	1
The doctor told him his headaches were due to tension	The doctor told him his headaches were due to tension	 tension	6.209351314941952	1
The groups in the parade walked by slowly, each waving their arms	The groups in the parade walked by slowly, each waving their arms	 arms	0.6221516296279861	1
The little girl was very sick, but unfortunately there was no remedy	The little girl was very sick, but unfortunately there was no remedy	 remedy	6.799652167346647	1
The meteor shower should have been spectacular, but the city lights blocked the sight	The meteor shower should have been spectacular, but the city lights blocked the sight	 sight	3.984388669513917	1
She was unsure how the book would conclude	She was unsure how the book would conclude	 conclude	7.134255247463503	1
He was desperate for a job, so finally took something doing door to door solicitation	He was desperate for a job, so finally took something doing door to door solicitation	 solicitation	12.20982944213116	2
The young doctor wanted to work in the barrio so she set to work learning the Spanish translations of common medical words	The young doctor wanted to work in the barrio so she set to work learning the Spanish translations of common medical words	 words	2.559107173138261	1
Even though she was blindfolded, Jessie could tell from their voices that one of the kidnapers was old and two were older	Even though she was blindfolded, Jessie could tell from their voices that one of the kidnapers was old and two were older	 older	3.5669628535787004	1
In the window, they posted the hours they were open for service	In the window, they posted the hours they were open for service	 service	6.321719434937768	1
They sent the kids with measles home from school because they were infectious	They sent the kids with measles home from school because they were infectious	 infectious	7.475328217525142	1
Outside, Cora could hear the running river	Outside, Cora could hear the running river	 river	7.740087657944948	1
At night they often took a short stroll	At night they often took a short stroll	 stroll	3.3197115523969316	1
The wealthy author always points out that she wrote four novels before one was printed	The wealthy author always points out that she wrote four novels before one was printed	 printed	6.531083665485557	1
The kitten waited patiently because behind the refrigerator was a rat	The kitten waited patiently because behind the refrigerator was a rat	 rat	6.995875701785552	1
Norton hates getting up on winter mornings because it is always chilly	Norton hates getting up on winter mornings because it is always chilly	 chilly	4.825531203992859	2
The fertilizer enriched the dirt	The fertilizer enriched the dirt	 dirt	6.847524178119488	1
The young girl passed her friend a letter	The young girl passed her friend a letter	 letter	3.8465460272437113	1
He tinkered with the engine every weekend until it was absolutely correct	He tinkered with the engine every weekend until it was absolutely correct	 correct	8.022505721190871	1
When Diane heard the shark warning, she swam as fast as she could for land	When Diane heard the shark warning, she swam as fast as she could for land	 land	8.431841175495963	1
Michael could hear the bells ringing in the tower of the cathedral	Michael could hear the bells ringing in the tower of the cathedral	 cathedral	3.693754152965988	1
When he got home from work on the construction site, his clothes were always filthy	When he got home from work on the construction site, his clothes were always filthy	 filthy	4.259132152428352	1
Kevin propped his head up with a pillow as he basked in the hot lamp	Kevin propped his head up with a pillow as he basked in the hot lamp	 lamp	8.368881238666258	1
He bought it without even asking the cost	He bought it without even asking the cost	 cost	6.686428869293464	1
Barry has considered proposing to his girlfriend, but he wants to wait until he is prepared	Barry has considered proposing to his girlfriend, but he wants to wait until he is prepared	 prepared	5.949966306564139	1
John was disappointed to discover a scratch on his new truck	John was disappointed to discover a scratch on his new truck	 truck	6.620654611193854	1
He was afraid that doing drugs would damage his mind	He was afraid that doing drugs would damage his mind	 mind	3.9342181954388047	1
They've been living together for a long time, but don't think they're actually engaged	They've been living together for a long time, but don't think they're actually engaged	 engaged	4.890696551340321	1
Dennis the Menance was known for making mischief	Dennis the Menance was known for making mischief	 mischief	8.451177333162228	2
When the shooting started they ran for shelter	When the shooting started they ran for shelter	 shelter	5.0575767743296645	1
The federal agents examined the hundred dollar bill with a microscope to see if it was genuine	The federal agents examined the hundred dollar bill with a microscope to see if it was genuine	 genuine	4.5282372128445765	1
Eva turned down the heat and left the sauce on the stove to cook	Eva turned down the heat and left the sauce on the stove to cook	 cook	2.9161135792690547	1
Alone in the canyon, he was so spooked he was scared by his own reflection	Alone in the canyon, he was so spooked he was scared by his own reflection	 reflection	4.518390220522546	1
Betsy could never tell a fib	Betsy could never tell a fib	 fib	9.164176140243939	1
The bad boy was sent to his bedroom	The bad boy was sent to his bedroom	 bedroom	4.872084093430941	1
The Vietnam vet had received the Purple Heart, and when he took off his shirt you could see all of his wounds	The Vietnam vet had received the Purple Heart, and when he took off his shirt you could see all of his wounds	 wounds	3.4667116361866928	1
Trying to evade their captors, the escaped prisoners of war lived in constant terror	Trying to evade their captors, the escaped prisoners of war lived in constant terror	 terror	3.0342751202304887	1
The tip of the knife was pointed	The tip of the knife was pointed	 pointed	5.0290697933347515	1
The little girl pulled on the rubber band to see how far it would extend	The little girl pulled on the rubber band to see how far it would extend	 extend	5.670765796671442	1
The soldiers had special night vision goggles so they could see the invaders	The soldiers had special night vision goggles so they could see the invaders	 invaders	10.992033932959798	2
George was born into a wealthy family and has no idea what it's like to be needy	George was born into a wealthy family and has no idea what it's like to be needy	 needy	12.269630409881856	2
Looking for bats, Karen descended into the depths of the cavern	Looking for bats, Karen descended into the depths of the cavern	 cavern	7.143384994850327	1
We finally got a decent picture on the TV after an hour of adjusting the wires	We finally got a decent picture on the TV after an hour of adjusting the wires	 wires	8.418691963968644	1
It took a week to get his car fixed because the parts were out of supply	It took a week to get his car fixed because the parts were out of supply	 supply	6.554888848217063	1
The dispute was settled by a third person	The dispute was settled by a third person	 person	4.796380482012348	1
Our guests should be arriving shortly	Our guests should be arriving shortly	 shortly	4.9159071137939385	1
The dough was put in the hot stove	The dough was put in the hot stove	 stove	7.144888979561482	1
Andrew was glad that the meeting was very brief	Andrew was glad that the meeting was very brief	 brief	3.1583064165408086	1
When they came to Florida, Arthur couldn't see the swamp from the back of the crowded tour van	When they came to Florida, Arthur couldn't see the swamp from the back of the crowded tour van	 van	5.939129050671566	1
Most shark attacks occur very close to land	Most shark attacks occur very close to land	 land	2.823426184137823	1
He didn't have to spend much money on the car because he found an incredible bargain	He didn't have to spend much money on the car because he found an incredible bargain	 bargain	3.5006818467340026	1
The wealthy child went to a private college	The wealthy child went to a private college	 college	4.536956849360274	1
When you go to bed, turn off the lamp	When you go to bed, turn off the lamp	 lamp	5.405547630686175	1
George must keep his pet on a chain	George must keep his pet on a chain	 chain	6.550737435984575	1
He didn't have time to file everything on his desk, so he organized it into two stacks	He didn't have time to file everything on his desk, so he organized it into two stacks	 stacks	5.333795109093706	1
The whole town came to hear their mayor talk	The whole town came to hear their mayor talk	 talk	3.898955472305537	1
Josie found she could not bend the elbow of her broken limb	Josie found she could not bend the elbow of her broken limb	 limb	5.777679877350468	1
It's hard to admit when one is incorrect	It's hard to admit when one is incorrect	 incorrect	10.071110301471679	1
Vic asked her to repeat what she had uttered	Vic asked her to repeat what she had uttered	 uttered	7.603386054128832	1
When they were in London they visited Buckingham castle	When they were in London they visited Buckingham castle	 castle	8.999495482166573	1
The agent was sent to South America on a secret assignment	The agent was sent to South America on a secret assignment	 assignment	4.165986065484246	1
Sam knew that rain was coming because he could smell it in the wind	Sam knew that rain was coming because he could smell it in the wind	 wind	4.455035988548018	1
His boss refused to give him a bonus	His boss refused to give him a bonus	 bonus	5.399320172642001	1
She flew in late last night and really didn't get much rest	She flew in late last night and really didn't get much rest	 rest	3.9672873219394518	1
After a week, they gave up on the missing hikers and called off the hunt	After a week, they gave up on the missing hikers and called off the hunt	 hunt	2.438084242621489	1
Henry was surprised to find he wouldn't be promoted for his day to day performance, but needed a major project	Henry was surprised to find he wouldn't be promoted for his day to day performance, but needed a major project	 project	6.353343117524942	1
The cigar burned a hole in the jacket	The cigar burned a hole in the jacket	 jacket	7.990042060349015	1
His first film was a failure, but he learned some techniques in that first role	His first film was a failure, but he learned some techniques in that first role	 role	7.006487907192775	1
He was hired for the job because of his fresh new ideas	He was hired for the job because of his fresh new ideas	 ideas	4.149274250860162	1
The journal issue that has the new article about diseases of the eye is still in stores	The journal issue that has the new article about diseases of the eye is still in stores	 stores	9.33846115378591	1
Every spring they held the annual meeting	Every spring they held the annual meeting	 meeting	5.199075839179463	1
Penelope started to assemble her new bicycle, but was missing the instructions	Penelope started to assemble her new bicycle, but was missing the instructions	 instructions	5.210794828436627	1
The restaurant will reopen with new menus	The restaurant will reopen with new menus	 menus	4.139295306551698	1
Jennifer disliked walking under the trees at the edge of the park because they were always full of sap	Jennifer disliked walking under the trees at the edge of the park because they were always full of sap	 sap	8.333273323038503	1
The painting had a strong impact on everyone, but they couldn't agree on whether it was ugly or abstract	The painting had a strong impact on everyone, but they couldn't agree on whether it was ugly or abstract	 abstract	11.087313844138922	1
I don't know why people like to see their initials in cement	I don't know why people like to see their initials in cement	 cement	11.754276105762855	1
The gem cutter examined the ruby very closely before cutting because he knew that one this large was very fragile	The gem cutter examined the ruby very closely before cutting because he knew that one this large was very fragile	 fragile	3.5811631069364087	1
They couldn't decide whether to visit the Roman fort or the ruins of Aphrodite's statue	They couldn't decide whether to visit the Roman fort or the ruins of Aphrodite's statue	 statue	5.8352124170031825	1
He took a job training dogs for the disabled	He took a job training dogs for the disabled	 disabled	7.758833072886446	1
The conductor gave detailed instructions to the engineer	The conductor gave detailed instructions to the engineer	 engineer	5.601019162677377	1
Down in the basement, Steve and Robert were playing music	Down in the basement, Steve and Robert were playing music	 music	5.5664067969879545	1
After the most recent price increase, the small business owner decided to order his office supplies from another country	After the most recent price increase, the small business owner decided to order his office supplies from another country	 country	6.5698331095788385	1
Sharon was sad that she had lost her keys	Sharon was sad that she had lost her keys	 keys	7.416426460496268	1
All of armed services will admit women, but females are barred from ships	All of armed services will admit women, but females are barred from ships	 ships	10.030469241158016	1
After the divorce, she had to move out of the expensive house to an apartment that was ugly	After the divorce, she had to move out of the expensive house to an apartment that was ugly	 ugly	8.465288639340416	1
His tactics usually turned out to be beneficial for the business, but they often came in conflict with his marriage	His tactics usually turned out to be beneficial for the business, but they often came in conflict with his marriage	 marriage	9.802944095255999	1
Some of his jokes were crummy, but those one-liners were terrible	Some of his jokes were crummy, but those one-liners were terrible	 terrible	7.794258682972901	1
The inspector from the health department found a roach in a very expensive meal	The inspector from the health department found a roach in a very expensive meal	 meal	6.701083196986637	1
The conductor had no idea that the train had been boarded by a known politician	The conductor had no idea that the train had been boarded by a known politician	 politician	10.165926660076599	1
The nurse brought him a glass of juice and his pillow	The nurse brought him a glass of juice and his pillow	 pillow	8.294422270215492	1
The teacher was not looking forward to another year of chaos	The teacher was not looking forward to another year of chaos	 chaos	8.32675083973918	1
Steve skipped his annual checkup for another event	Steve skipped his annual checkup for another event	 event	8.708432558505526	1
The candidate wanted to please everyone without making any commitments, so his speech was deliberately short	The candidate wanted to please everyone without making any commitments, so his speech was deliberately short	 short	3.473100118043492	1
She poured water on the dishes	She poured water on the dishes	 dishes	7.688036886541671	1
Mark liked the older houses, but Susan wanted to buy one that was new and expensive	Mark liked the older houses, but Susan wanted to buy one that was new and expensive	 expensive	4.810527370320777	1
In an old sitcom, he was the wise family neighbor	In an old sitcom, he was the wise family neighbor	 neighbor	7.219764565360488	1
The government controlled the news media, so most of the reports from the war zone were wrong	The government controlled the news media, so most of the reports from the war zone were wrong	 wrong	5.2218622343760215	1
Grinning wherever he went, it was easy to tell that Carl was proud of his new gold tooth	Grinning wherever he went, it was easy to tell that Carl was proud of his new gold tooth	 tooth	4.780935330265307	1
During the summer, the children hung out at the theatre	During the summer, the children hung out at the theatre	 theatre	7.5493949321107126	1
The handsome knight charged into the dark forest after the kidnapped princess, determined to prove that he could be king	The handsome knight charged into the dark forest after the kidnapped princess, determined to prove that he could be king	 king	4.462082374070674	1
The little girl kept a lock on her bicycle	The little girl kept a lock on her bicycle	 bicycle	7.0952720429151706	1
Flying low above her, Bernice could hear the bees	Flying low above her, Bernice could hear the bees	 bees	8.126107055668982	1
Perry heard a grinding noise coming from his jaw	Perry heard a grinding noise coming from his jaw	 jaw	8.584526206428832	1
If Jim's manager is incompetent, he has a legitimate right to leave	If Jim's manager is incompetent, he has a legitimate right to leave	 leave	6.158080988553978	1
In the best part of the movie, the hero has to impersonate the princess	In the best part of the movie, the hero has to impersonate the princess	 princess	6.74908849233926	1
The princess wore a gown	The princess wore a gown	 gown	4.671859945138602	1
Jason was disappointed when the other scouts scared off the elk by loudly beating the bushes	Jason was disappointed when the other scouts scared off the elk by loudly beating the bushes	 bushes	7.003172805646838	1
After the flood, the house smelled of mildew and everything in it was damp	After the flood, the house smelled of mildew and everything in it was damp	 damp	4.770097422501866	1
Everyone on the scene gathered around to look at the celebrity	Everyone on the scene gathered around to look at the celebrity	 celebrity	8.965604701555511	1
The final score of the game was posted	The final score of the game was posted	 posted	7.824916187795546	1
After swimming the English Channel, Bonita was cold and completely blue	After swimming the English Channel, Bonita was cold and completely blue	 blue	6.0734014299660855	1
She had the data to back up everything she said, so the hostile questions did not shake her opinion	She had the data to back up everything she said, so the hostile questions did not shake her opinion	 opinion	5.183944733253151	1
The new dress was very pretty, but it was cut from an unusual pattern	The new dress was very pretty, but it was cut from an unusual pattern	 pattern	4.124160444820832	1
When the little girl saw the big dog lumbering towards her, she began to smile	When the little girl saw the big dog lumbering towards her, she began to smile	 smile	6.4388124085617	1
From her house a half mile away, Diana could still hear the loud cheers coming from the parade	From her house a half mile away, Diana could still hear the loud cheers coming from the parade	 parade	7.250801511821816	1
Five ships did not survive the battle	Five ships did not survive the battle	 battle	4.617973439743233	1
The paramedics on the scene helped the passengers after the big car exploded	The paramedics on the scene helped the passengers after the big car exploded	 exploded	4.250458106234187	1
The pilot spoke to an air traffic controller just before the takeoff	The pilot spoke to an air traffic controller just before the takeoff	 takeoff	5.260097828434944	2
The boy scouts started a long hike through the forest after having a big meeting	The boy scouts started a long hike through the forest after having a big meeting	 meeting	4.747601686809132	1
When traveling, Roger prefers to stick to major airlines	When traveling, Roger prefers to stick to major airlines	 airlines	4.829630983171288	1
While hemming a pair of pants, Bridget accidentally dropped her glasses	While hemming a pair of pants, Bridget accidentally dropped her glasses	 glasses	6.272226525690472	1
The rangers say that somewhere in the state park is a mine	The rangers say that somewhere in the state park is a mine	 mine	6.434593979645856	1
The doctor told him his headaches were due to tumors	The doctor told him his headaches were due to tumors	 tumors	8.904097093979427	1
The groups in the parade walked by slowly, each waving their banners	The groups in the parade walked by slowly, each waving their banners	 banners	5.9036081037437	2
The little girl was very sick, but unfortunately there was no hospital	The little girl was very sick, but unfortunately there was no hospital	 hospital	4.937578507449795	1
The meteor shower should have been spectacular, but the city lights blocked the sky	The meteor shower should have been spectacular, but the city lights blocked the sky	 sky	3.669712623142457	1
She was unsure how the book would sell	She was unsure how the book would sell	 sell	4.777211504329958	1
He was desperate for a job, so finally took something doing door to door delivery	He was desperate for a job, so finally took something doing door to door delivery	 delivery	6.356605745083775	1
The young doctor wanted to work in the barrio so she set to work learning the Spanish translations of common medical procedures	The young doctor wanted to work in the barrio so she set to work learning the Spanish translations of common medical procedures	 procedures	5.016229499035478	1
Even though she was blindfolded, Jessie could tell from their voices that one of the kidnapers was old and two were female	Even though she was blindfolded, Jessie could tell from their voices that one of the kidnapers was old and two were female	 female	5.6791974460164445	1
In the window, they posted the hours they were open for today	In the window, they posted the hours they were open for today	 today	6.305021074494653	1
They sent the kids with measles home from school because they were scratching	They sent the kids with measles home from school because they were scratching	 scratching	10.092252503413814	1
Outside, Cora could hear the running horses	Outside, Cora could hear the running horses	 horses	7.340009361283571	1
At night they often took a short swim	At night they often took a short swim	 swim	5.737368450895468	1
The wealthy author always points out that she wrote four novels before one was banned	The wealthy author always points out that she wrote four novels before one was banned	 banned	6.493764958973106	1
The kitten waited patiently because behind the refrigerator was a ball	The kitten waited patiently because behind the refrigerator was a ball	 ball	8.043998107791412	1
Norton hates getting up on winter mornings because it is always dark	Norton hates getting up on winter mornings because it is always dark	 dark	3.050656428493703	1
The fertilizer enriched the plants	The fertilizer enriched the plants	 plants	5.4699475885351365	1
The young girl passed her friend a doll	The young girl passed her friend a doll	 doll	7.9830933542853355	1
He tinkered with the engine every weekend until it was absolutely ruined	He tinkered with the engine every weekend until it was absolutely ruined	 ruined	6.4326490965876015	1
When Diane heard the shark warning, she swam as fast as she could for safety	When Diane heard the shark warning, she swam as fast as she could for safety	 safety	3.620191376149039	1
Michael could hear the bells ringing in the tower of the castle	Michael could hear the bells ringing in the tower of the castle	 castle	4.415314392757859	1
When he got home from work on the construction site, his clothes were always torn	When he got home from work on the construction site, his clothes were always torn	 torn	4.710350757469857	1
Kevin propped his head up with a pillow as he basked in the hot tub	Kevin propped his head up with a pillow as he basked in the hot tub	 tub	5.7093329560429655	1
He bought it without even asking the boss	He bought it without even asking the boss	 boss	6.749924028442634	1
Barry has considered proposing to his girlfriend, but he wants to wait until he is older	Barry has considered proposing to his girlfriend, but he wants to wait until he is older	 older	2.5628966044157027	1
John was disappointed to discover a scratch on his new watch	John was disappointed to discover a scratch on his new watch	 watch	6.308701543414314	1
He was afraid that doing drugs would damage his reputation	He was afraid that doing drugs would damage his reputation	 reputation	3.612815884113731	1
They've been living together for a long time, but don't think they're actually happy	They've been living together for a long time, but don't think they're actually happy	 happy	5.129913832681874	1
Dennis the Menance was known for making jokes	Dennis the Menance was known for making jokes	 jokes	6.3828529748266885	1
When the shooting started they ran for help	When the shooting started they ran for help	 help	3.175162433356763	1
The federal agents examined the hundred dollar bill with a microscope to see if it was contaminated	The federal agents examined the hundred dollar bill with a microscope to see if it was contaminated	 contaminated	4.968293536849703	1
Eva turned down the heat and left the sauce on the stove to cool	Eva turned down the heat and left the sauce on the stove to cool	 cool	1.8362054467159543	1
Alone in the canyon, he was so spooked he was scared by his own horse	Alone in the canyon, he was so spooked he was scared by his own horse	 horse	7.298514884829188	1
Betsy could never tell a joke	Betsy could never tell a joke	 joke	5.081451092178755	1
The bad boy was sent to his principal	The bad boy was sent to his principal	 principal	9.896044683793493	1
The Vietnam vet had received the Purple Heart, and when he took off his shirt you could see all of his tattoos	The Vietnam vet had received the Purple Heart, and when he took off his shirt you could see all of his tattoos	 tattoos	5.593518244503522	2
Trying to evade their captors, the escaped prisoners of war lived in constant hiding	Trying to evade their captors, the escaped prisoners of war lived in constant hiding	 hiding	8.612783497305683	1
The tip of the knife was broken	The tip of the knife was broken	 broken	5.93991650353983	1
The little girl pulled on the rubber band to see how far it would fly	The little girl pulled on the rubber band to see how far it would fly	 fly	4.830330768595268	1
The soldiers had special night vision goggles so they could see the camp	The soldiers had special night vision goggles so they could see the camp	 camp	6.7953755189152005	1
George was born into a wealthy family and has no idea what it's like to be hungry	George was born into a wealthy family and has no idea what it's like to be hungry	 hungry	9.36531004958707	1
Looking for bats, Karen descended into the depths of the castle	Looking for bats, Karen descended into the depths of the castle	 castle	8.268284620628526	1
We finally got a decent picture on the TV after an hour of adjusting the contrast	We finally got a decent picture on the TV after an hour of adjusting the contrast	 contrast	6.370266051111589	1
It took a week to get his car fixed because the parts were out of state	It took a week to get his car fixed because the parts were out of state	 state	6.122568849475912	1
The dispute was settled by a third vote	The dispute was settled by a third vote	 vote	6.689101419741231	1
Our guests should be arriving separately	Our guests should be arriving separately	 separately	8.767292230371087	1
The dough was put in the hot grease	The dough was put in the hot grease	 grease	7.3769045893026925	1
Andrew was glad that the meeting was very productive	Andrew was glad that the meeting was very productive	 productive	1.7541583147341686	1
When they came to Florida, Arthur couldn't see the swamp from the back of the crowded tour group	When they came to Florida, Arthur couldn't see the swamp from the back of the crowded tour group	 group	6.014141257702816	1
Most shark attacks occur very close to dusk	Most shark attacks occur very close to dusk	 dusk	9.569018063028814	1
He didn't have to spend much money on the car because he found an incredible mechanic	He didn't have to spend much money on the car because he found an incredible mechanic	 mechanic	7.5390391045770215	1
The wealthy child went to a private hospital	The wealthy child went to a private hospital	 hospital	3.9702082302806834	1
When you go to bed, turn off the stereo	When you go to bed, turn off the stereo	 stereo	6.324606668848406	1
George must keep his pet on a diet	George must keep his pet on a diet	 diet	4.833517964053118	1
He didn't have time to file everything on his desk, so he organized it into two boxes	He didn't have time to file everything on his desk, so he organized it into two boxes	 boxes	3.808202305138628	1
The whole town came to hear their mayor resign	The whole town came to hear their mayor resign	 resign	6.791229852035763	1
Josie found she could not bend the elbow of her broken doll	Josie found she could not bend the elbow of her broken doll	 doll	10.834739880631108	1
It's hard to admit when one is lonely	It's hard to admit when one is lonely	 lonely	7.6869173578986825	1
Vic asked her to repeat what she had heard	Vic asked her to repeat what she had heard	 heard	3.2960273123685777	1
When they were in London they visited Buckingham twice	When they were in London they visited Buckingham twice	 twice	12.279723381717966	1
The agent was sent to South America on a secret jet	The agent was sent to South America on a secret jet	 jet	9.022009377099236	1
Sam knew that rain was coming because he could smell it in the morning	Sam knew that rain was coming because he could smell it in the morning	 morning	2.4292929808881065	1
His boss refused to give him a vacation	His boss refused to give him a vacation	 vacation	7.7005539411051345	1
She flew in late last night and really didn't get much dinner	She flew in late last night and really didn't get much dinner	 dinner	12.028363486185055	1
After a week, they gave up on the missing hikers and called off the helicopters	After a week, they gave up on the missing hikers and called off the helicopters	 helicopters	9.84666907576663	1
Henry was surprised to find he wouldn't be promoted for his day to day performance, but needed a major pillow	Henry was surprised to find he wouldn't be promoted for his day to day performance, but needed a major pillow	 pillow	14.684306252290568	1
The cigar burned a hole in the chaos	The cigar burned a hole in the chaos	 chaos	10.81584319445851	1
His first film was a failure, but he learned some techniques in that first umbrella	His first film was a failure, but he learned some techniques in that first umbrella	 umbrella	15.82587534310586	1
He was hired for the job because of his fresh new autumn	He was hired for the job because of his fresh new autumn	 autumn	14.798100849981255	1
The journal issue that has the new article about diseases of the eye is still in treason	The journal issue that has the new article about diseases of the eye is still in treason	 treason	19.737261526863307	1
Every spring they held the annual disorder	Every spring they held the annual disorder	 disorder	14.291978499549337	1
Penelope started to assemble her new bicycle, but was missing the king	Penelope started to assemble her new bicycle, but was missing the king	 king	8.318804882071271	1
The restaurant will reopen with new treason	The restaurant will reopen with new treason	 treason	24.26696988617206	1
Jennifer disliked walking under the trees at the edge of the park because they were always full of weekends	Jennifer disliked walking under the trees at the edge of the park because they were always full of weekends	 weekends	14.439285667398856	1
The painting had a strong impact on everyone, but they couldn't agree on whether it was ugly or allergic	The painting had a strong impact on everyone, but they couldn't agree on whether it was ugly or allergic	 allergic	15.3605086340254	1
I don't know why people like to see their initials in dusk	I don't know why people like to see their initials in dusk	 dusk	17.052848646046062	1
The gem cutter examined the ruby very closely before cutting because he knew that one this large was very disqualified	The gem cutter examined the ruby very closely before cutting because he knew that one this large was very disqualified	 disqualified	15.72279509054732	2
They couldn't decide whether to visit the Roman fort or the ruins of Aphrodite's bicycle	They couldn't decide whether to visit the Roman fort or the ruins of Aphrodite's bicycle	 bicycle	17.187942691203624	1
He took a job training dogs for the blankets	He took a job training dogs for the blankets	 blankets	14.419958971247654	1
The conductor gave detailed instructions to the dishes	The conductor gave detailed instructions to the dishes	 dishes	12.805177230380625	1
Down in the basement, Steve and Robert were playing banners	Down in the basement, Steve and Robert were playing banners	 banners	12.702195160609064	2
After the most recent price increase, the small business owner decided to order his office supplies from another gown	After the most recent price increase, the small business owner decided to order his office supplies from another gown	 gown	15.125405142507304	1
Sharon was sad that she had lost her takeoff	Sharon was sad that she had lost her takeoff	 takeoff	18.215032052240943	2
All of armed services will admit women, but females are barred from metal	All of armed services will admit women, but females are barred from metal	 metal	13.047646584526547	1
After the divorce, she had to move out of the expensive house to an apartment that was fired	After the divorce, she had to move out of the expensive house to an apartment that was fired	 fired	11.661503315243735	1
His tactics usually turned out to be beneficial for the business, but they often came in conflict with his ditch	His tactics usually turned out to be beneficial for the business, but they often came in conflict with his ditch	 ditch	17.024392516734277	1
Some of his jokes were crummy, but those one-liners were torn	Some of his jokes were crummy, but those one-liners were torn	 torn	11.753149597889893	1
The inspector from the health department found a roach in a very expensive speech	The inspector from the health department found a roach in a very expensive speech	 speech	14.404734625209295	1
The conductor had no idea that the train had been boarded by a known bottle	The conductor had no idea that the train had been boarded by a known bottle	 bottle	11.253698075787051	1
The nurse brought him a glass of juice and his taxis	The nurse brought him a glass of juice and his taxis	 taxis	13.712898511830433	2
The teacher was not looking forward to another year of cargo	The teacher was not looking forward to another year of cargo	 cargo	14.00986727574382	1
Steve skipped his annual checkup for another forest	Steve skipped his annual checkup for another forest	 forest	12.405600431888097	1
The candidate wanted to please everyone without making any commitments, so his speech was deliberately endangered	The candidate wanted to please everyone without making any commitments, so his speech was deliberately endangered	 endangered	14.697844914796422	1
She poured water on the takeoff	She poured water on the takeoff	 takeoff	14.841272779867058	2
Mark liked the older houses, but Susan wanted to buy one that was new and embarrassed	Mark liked the older houses, but Susan wanted to buy one that was new and embarrassed	 embarrassed	15.534788654195287	1
In an old sitcom, he was the wise family highway	In an old sitcom, he was the wise family highway	 highway	15.677442406547012	1
The government controlled the news media, so most of the reports from the war zone were hungry	The government controlled the news media, so most of the reports from the war zone were hungry	 hungry	14.005073942444868	1
Grinning wherever he went, it was easy to tell that Carl was proud of his new gold pedestrians	Grinning wherever he went, it was easy to tell that Carl was proud of his new gold pedestrians	 pedestrians	21.178221745365406	1
During the summer, the children hung out at the gown	During the summer, the children hung out at the gown	 gown	14.027832117398187	1
The handsome knight charged into the dark forest after the kidnapped princess, determined to prove that he could be chilly	The handsome knight charged into the dark forest after the kidnapped princess, determined to prove that he could be chilly	 chilly	16.424812102786593	2
The little girl kept a lock on her cement	The little girl kept a lock on her cement	 cement	11.36095283286268	1
Flying low above her, Bernice could hear the arena	Flying low above her, Bernice could hear the arena	 arena	14.766206819539224	1
Perry heard a grinding noise coming from his cure	Perry heard a grinding noise coming from his cure	 cure	13.855925704414673	1
If Jim's manager is incompetent, he has a legitimate right to water	If Jim's manager is incompetent, he has a legitimate right to water	 water	9.76059620919607	1
In the best part of the movie, the hero has to impersonate the business	In the best part of the movie, the hero has to impersonate the business	 business	9.58156796926797	1
The princess wore a sound	The princess wore a sound	 sound	11.324181045373587	1
Jason was disappointed when the other scouts scared off the elk by loudly beating the diamond	Jason was disappointed when the other scouts scared off the elk by loudly beating the diamond	 diamond	12.808455398420275	1
After the flood, the house smelled of mildew and everything in it was young	After the flood, the house smelled of mildew and everything in it was young	 young	8.977235484025304	1
Everyone on the scene gathered around to look at the temper	Everyone on the scene gathered around to look at the temper	 temper	13.209082046068454	1
The final score of the game was bugs	The final score of the game was bugs	 bugs	18.01994699624434	1
After swimming the English Channel, Bonita was cold and completely affordable	After swimming the English Channel, Bonita was cold and completely affordable	 affordable	15.019108274295919	1
She had the data to back up everything she said, so the hostile questions did not shake her music	She had the data to back up everything she said, so the hostile questions did not shake her music	 music	11.918912441840794	1
The new dress was very pretty, but it was cut from an unusual porch	The new dress was very pretty, but it was cut from an unusual porch	 porch	15.078422939861724	1
When the little girl saw the big dog lumbering towards her, she began to attend	When the little girl saw the big dog lumbering towards her, she began to attend	 attend	12.950256500358574	1
From her house a half mile away, Diana could still hear the loud cheers coming from the mistakes	From her house a half mile away, Diana could still hear the loud cheers coming from the mistakes	 mistakes	17.530210920391152	1
Five ships did not survive the eyes	Five ships did not survive the eyes	 eyes	11.953080527832224	1
The paramedics on the scene helped the passengers after the big car rest	The paramedics on the scene helped the passengers after the big car rest	 rest	11.203978404238338	1
The pilot spoke to an air traffic controller just before the fortune	The pilot spoke to an air traffic controller just before the fortune	 fortune	15.882068401569253	1
The boy scouts started a long hike through the forest after having a big end	The boy scouts started a long hike through the forest after having a big end	 end	10.228452621791432	1
When traveling, Roger prefers to stick to major plants	When traveling, Roger prefers to stick to major plants	 plants	11.959956777391259	1
While hemming a pair of pants, Bridget accidentally dropped her horse	While hemming a pair of pants, Bridget accidentally dropped her horse	 horse	9.282178355600752	1
The rangers say that somewhere in the state park is a contrast	The rangers say that somewhere in the state park is a contrast	 contrast	12.329586569596419	1
The doctor told him his headaches were due to safety	The doctor told him his headaches were due to safety	 safety	12.790274633804867	1
The groups in the parade walked by slowly, each waving their jokes	The groups in the parade walked by slowly, each waving their jokes	 jokes	15.189316050709527	1
The little girl was very sick, but unfortunately there was no joke	The little girl was very sick, but unfortunately there was no joke	 joke	11.014174767520595	1
The meteor shower should have been spectacular, but the city lights blocked the doll	The meteor shower should have been spectacular, but the city lights blocked the doll	 doll	15.176581939243533	1
She was unsure how the book would camp	She was unsure how the book would camp	 camp	16.526517229427615	1
He was desperate for a job, so finally took something doing door to door hiding	He was desperate for a job, so finally took something doing door to door hiding	 hiding	12.448024965054481	1
The young doctor wanted to work in the barrio so she set to work learning the Spanish translations of common medical pedestrians	The young doctor wanted to work in the barrio so she set to work learning the Spanish translations of common medical pedestrians	 pedestrians	21.555620063000326	1
Even though she was blindfolded, Jessie could tell from their voices that one of the kidnapers was old and two were bullets	Even though she was blindfolded, Jessie could tell from their voices that one of the kidnapers was old and two were bullets	 bullets	11.716017857698573	1
In the window, they posted the hours they were open for texture	In the window, they posted the hours they were open for texture	 texture	15.164736059388455	1
They sent the kids with measles home from school because they were hard	They sent the kids with measles home from school because they were hard	 hard	9.25282932378735	1
Outside, Cora could hear the running chapel	Outside, Cora could hear the running chapel	 chapel	12.466949134843142	1
At night they often took a short reputation	At night they often took a short reputation	 reputation	16.830477104917687	1
The wealthy author always points out that she wrote four novels before one was hungry	The wealthy author always points out that she wrote four novels before one was hungry	 hungry	15.970910630817587	1
The kitten waited patiently because behind the refrigerator was a savior	The kitten waited patiently because behind the refrigerator was a savior	 savior	12.932906358831277	2
Norton hates getting up on winter mornings because it is always broken	Norton hates getting up on winter mornings because it is always broken	 broken	9.853001704372607	1
The fertilizer enriched the legs	The fertilizer enriched the legs	 legs	11.235419046970195	1
The young girl passed her friend a mechanic	The young girl passed her friend a mechanic	 mechanic	13.16982302385626	1
He tinkered with the engine every weekend until it was absolutely forgiven	He tinkered with the engine every weekend until it was absolutely forgiven	 forgiven	11.534767111876905	1
When Diane heard the shark warning, she swam as fast as she could for relaxing	When Diane heard the shark warning, she swam as fast as she could for relaxing	 relaxing	14.255199234425405	1
Michael could hear the bells ringing in the tower of the deer	Michael could hear the bells ringing in the tower of the deer	 deer	11.620049433422531	1
When he got home from work on the construction site, his clothes were always sick	When he got home from work on the construction site, his clothes were always sick	 sick	11.445605522026739	1
Kevin propped his head up with a pillow as he basked in the hot size	Kevin propped his head up with a pillow as he basked in the hot size	 size	15.114213002887446	1
He bought it without even asking the helicopters	He bought it without even asking the helicopters	 helicopters	13.971422517822518	1
Barry has considered proposing to his girlfriend, but he wants to wait until he is flooded	Barry has considered proposing to his girlfriend, but he wants to wait until he is flooded	 flooded	13.55839573847942	1
John was disappointed to discover a scratch on his new taxes	John was disappointed to discover a scratch on his new taxes	 taxes	12.934264688098152	1
He was afraid that doing drugs would damage his fever	He was afraid that doing drugs would damage his fever	 fever	12.017151144504965	1
They've been living together for a long time, but don't think they're actually people	They've been living together for a long time, but don't think they're actually people	 people	7.798213984506825	1
Dennis the Menance was known for making apples	Dennis the Menance was known for making apples	 apples	11.993950787479275	1
When the shooting started they ran for convenience	When the shooting started they ran for convenience	 convenience	11.010834811896805	1
The federal agents examined the hundred dollar bill with a microscope to see if it was quiet	The federal agents examined the hundred dollar bill with a microscope to see if it was quiet	 quiet	13.416018832870211	1
Eva turned down the heat and left the sauce on the stove to state	Eva turned down the heat and left the sauce on the stove to state	 state	14.326105082030894	1
Alone in the canyon, he was so spooked he was scared by his own hospital	Alone in the canyon, he was so spooked he was scared by his own hospital	 hospital	12.156395954012535	1
Betsy could never tell a ditch	Betsy could never tell a ditch	 ditch	13.412660274918013	1
The bad boy was sent to his dusk	The bad boy was sent to his dusk	 dusk	15.811792326310579	1
The Vietnam vet had received the Purple Heart, and when he took off his shirt you could see all of his boxes	The Vietnam vet had received the Purple Heart, and when he took off his shirt you could see all of his boxes	 boxes	11.995572205186935	1
Trying to evade their captors, the escaped prisoners of war lived in constant size	Trying to evade their captors, the escaped prisoners of war lived in constant size	 size	17.69599682662087	1
The tip of the knife was chatting	The tip of the knife was chatting	 chatting	14.60246599923685	1
The little girl pulled on the rubber band to see how far it would yell	The little girl pulled on the rubber band to see how far it would yell	 yell	17.443262973795463	1
The soldiers had special night vision goggles so they could see the temper	The soldiers had special night vision goggles so they could see the temper	 temper	15.4696497250767	1
George was born into a wealthy family and has no idea what it's like to be pointed	George was born into a wealthy family and has no idea what it's like to be pointed	 pointed	15.391525126033606	1
Looking for bats, Karen descended into the depths of the doll	Looking for bats, Karen descended into the depths of the doll	 doll	11.859561027870347	1
We finally got a decent picture on the TV after an hour of adjusting the ceremonies	We finally got a decent picture on the TV after an hour of adjusting the ceremonies	 ceremonies	16.818433136759168	1
It took a week to get his car fixed because the parts were out of bread	It took a week to get his car fixed because the parts were out of bread	 bread	13.5830638445931	1
The dispute was settled by a third lifestyle	The dispute was settled by a third lifestyle	 lifestyle	16.02215238600405	1
Our guests should be arriving disabled	Our guests should be arriving disabled	 disabled	12.347393958810418	1
The dough was put in the hot project	The dough was put in the hot project	 project	15.854396921761188	1
Andrew was glad that the meeting was very pale	Andrew was glad that the meeting was very pale	 pale	11.417412575751015	1
When they came to Florida, Arthur couldn't see the swamp from the back of the crowded tour puppy	When they came to Florida, Arthur couldn't see the swamp from the back of the crowded tour puppy	 puppy	21.280708011090265	1
Most shark attacks occur very close to ideas	Most shark attacks occur very close to ideas	 ideas	20.22681468435145	1
He didn't have to spend much money on the car because he found an incredible stream	He didn't have to spend much money on the car because he found an incredible stream	 stream	9.712764471169427	1
The wealthy child went to a private material	The wealthy child went to a private material	 material	15.987359347605512	1
When you go to bed, turn off the stores	When you go to bed, turn off the stores	 stores	16.176267874140155	1
George must keep his pet on a meeting	George must keep his pet on a meeting	 meeting	13.919496948885882	1
He didn't have time to file everything on his desk, so he organized it into two cartoons	He didn't have time to file everything on his desk, so he organized it into two cartoons	 cartoons	14.896273827232106	2
The whole town came to hear their mayor scratch	The whole town came to hear their mayor scratch	 scratch	12.11549104054284	1
Josie found she could not bend the elbow of her broken absence	Josie found she could not bend the elbow of her broken absence	 absence	17.247539238999025	1
It's hard to admit when one is screened	It's hard to admit when one is screened	 screened	11.696086459613769	1
Vic asked her to repeat what she had vanished	Vic asked her to repeat what she had vanished	 vanished	17.83559549817485	1
When they were in London they visited Buckingham bait	When they were in London they visited Buckingham bait	 bait	21.352108692844677	1
The agent was sent to South America on a secret cow	The agent was sent to South America on a secret cow	 cow	13.123900894738394	1
Sam knew that rain was coming because he could smell it in the robbery	Sam knew that rain was coming because he could smell it in the robbery	 robbery	16.429253403403973	1
His boss refused to give him a cliff	His boss refused to give him a cliff	 cliff	14.074881600712068	1
She flew in late last night and really didn't get much music	She flew in late last night and really didn't get much music	 music	10.182912608041748	1
After a week, they gave up on the missing hikers and called off the boss	After a week, they gave up on the missing hikers and called off the boss	 boss	12.200027106085846	1
The salesman made the mistake of talking down to Jane because he thought she was stupid	The salesman made the mistake of talking down to Jane because he thought she was stupid	 stupid	4.726739823920523	1
Water was leaking out from the hole in the ceiling	Water was leaking out from the hole in the ceiling	 ceiling	2.7936330977590966	1
Rushing out, he forgot to take his coat	Rushing out, he forgot to take his coat	 coat	4.753280713124581	1
At that time, the boys lived down by the river in a shack	At that time, the boys lived down by the river in a shack	 shack	6.202176475533668	1
The salesman made the mistake of talking down to Jane because he thought she was dumb	The salesman made the mistake of talking down to Jane because he thought she was dumb	 dumb	5.497520387275015	1
Water was leaking out from the hole in the roof	Water was leaking out from the hole in the roof	 roof	2.203132742992251	1
Rushing out, he forgot to take his jacket	Rushing out, he forgot to take his jacket	 jacket	4.211000039143869	1
At that time, the boys lived down by the river in a hut	At that time, the boys lived down by the river in a hut	 hut	6.020974063882058	1
The salesman made the mistake of talking down to Jane because he thought she was poor	The salesman made the mistake of talking down to Jane because he thought she was poor	 poor	7.433734357459341	1
Water was leaking out from the hole in the balloon	Water was leaking out from the hole in the balloon	 balloon	9.287166232219548	1
Rushing out, he forgot to take his umbrella	Rushing out, he forgot to take his umbrella	 umbrella	6.698171689076728	1
At that time, the boys lived down by the river in a van	At that time, the boys lived down by the river in a van	 van	8.37242975235862	1
The salesman made the mistake of talking down to Jane because he thought she was abstract	The salesman made the mistake of talking down to Jane because he thought she was abstract	 abstract	13.225009381873406	1
Water was leaking out from the hole in the reward	Water was leaking out from the hole in the reward	 reward	14.34293519889435	1
Rushing out, he forgot to take his country	Rushing out, he forgot to take his country	 country	10.243744923634836	1
At that time, the boys lived down by the river in a letter	At that time, the boys lived down by the river in a letter	 letter	10.638881111153788	1
